“RANK= 4 LOCAL_RANK= 0 gpu= 3”
“RANK= 5 LOCAL_RANK= 1 gpu= 2”
“RANK= 6 LOCAL_RANK= 2 gpu= 1”
“RANK= 7 LOCAL_RANK= 3 gpu= 0”
“RANK= 8 LOCAL_RANK= 0 gpu= 3”
“RANK= 9 LOCAL_RANK= 1 gpu= 2”
“RANK= 11 LOCAL_RANK= 3 gpu= 0”
“RANK= 10 LOCAL_RANK= 2 gpu= 1”
+ '[' -z '' ']'
+ case "$-" in
+ __lmod_vx=x
+ '[' -z '' ']'
+ case "$-" in
+ __lmod_vx=x
+ '[' -n x ']'
+ set +x
+ '[' -z '' ']'
+ case "$-" in
+ __lmod_vx=x
+ '[' -n x ']'
+ set +x
+ '[' -z '' ']'
+ case "$-" in
+ __lmod_vx=x
+ '[' -n x ']'
+ set +x
Shell debugging temporarily silenced: export LMOD_SH_DBG_ON=1 for this output (/usr/share/lmod/lmod/init/bash)
+ '[' -n x ']'
+ set +x
Shell debugging restarted
+ unset __lmod_vx
Shell debugging temporarily silenced: export LMOD_SH_DBG_ON=1 for this output (/usr/share/lmod/lmod/init/bash)
Shell debugging temporarily silenced: export LMOD_SH_DBG_ON=1 for this output (/usr/share/lmod/lmod/init/bash)
Shell debugging temporarily silenced: export LMOD_SH_DBG_ON=1 for this output (/usr/share/lmod/lmod/init/bash)
Shell debugging restarted
+ unset __lmod_vx
Shell debugging restarted
+ unset __lmod_vx
Shell debugging restarted
+ unset __lmod_vx
+ speed3d_r2c cufft float 128 128 128 -reorder -a2a -r2c_dir 2 -ingrid 16 1 1 -outgrid 16 1 1 -n5
+ speed3d_r2c cufft float 128 128 128 -reorder -a2a -r2c_dir 2 -ingrid 16 1 1 -outgrid 16 1 1 -n5
+ speed3d_r2c cufft float 128 128 128 -reorder -a2a -r2c_dir 2 -ingrid 16 1 1 -outgrid 16 1 1 -n5
+ speed3d_r2c cufft float 128 128 128 -reorder -a2a -r2c_dir 2 -ingrid 16 1 1 -outgrid 16 1 1 -n5
+ '[' -z '' ']'
+ case "$-" in
Shell debugging temporarily silenced: export LMOD_SH_DBG_ON=1 for this output (/usr/share/lmod/lmod/init/bash)
“RANK= 0 LOCAL_RANK= 0 gpu= 3”
+ __lmod_vx=x
+ '[' -n x ']'
+ set +x
Shell debugging temporarily silenced: export LMOD_SH_DBG_ON=1 for this output (/usr/share/lmod/lmod/init/bash)
“RANK= 1 LOCAL_RANK= 1 gpu= 2”
+ '[' -z '' ']'
+ case "$-" in
+ __lmod_vx=x
+ '[' -n x ']'
+ set +x
+ '[' -z '' ']'
+ case "$-" in
+ __lmod_vx=x
+ '[' -n x ']'
+ set +x
+ '[' -z '' ']'
+ case "$-" in
+ __lmod_vx=x
+ '[' -n x ']'
+ set +x
“RANK= 3 LOCAL_RANK= 3 gpu= 0”
Shell debugging restarted
+ unset __lmod_vx
“RANK= 2 LOCAL_RANK= 2 gpu= 1”
Shell debugging restarted
+ unset __lmod_vx
Shell debugging temporarily silenced: export LMOD_SH_DBG_ON=1 for this output (/usr/share/lmod/lmod/init/bash)
Shell debugging temporarily silenced: export LMOD_SH_DBG_ON=1 for this output (/usr/share/lmod/lmod/init/bash)
+ speed3d_r2c cufft float 128 128 128 -reorder -a2a -r2c_dir 2 -ingrid 16 1 1 -outgrid 16 1 1 -n5
Shell debugging restarted
+ unset __lmod_vx
+ speed3d_r2c cufft float 128 128 128 -reorder -a2a -r2c_dir 2 -ingrid 16 1 1 -outgrid 16 1 1 -n5
Shell debugging restarted
+ unset __lmod_vx
+ speed3d_r2c cufft float 128 128 128 -reorder -a2a -r2c_dir 2 -ingrid 16 1 1 -outgrid 16 1 1 -n5
+ speed3d_r2c cufft float 128 128 128 -reorder -a2a -r2c_dir 2 -ingrid 16 1 1 -outgrid 16 1 1 -n5
“RANK= 14 LOCAL_RANK= 2 gpu= 1”
“RANK= 15 LOCAL_RANK= 3 gpu= 0”
+ '[' -z '' ']'
+ case "$-" in
“RANK= 12 LOCAL_RANK= 0 gpu= 3”
Shell debugging temporarily silenced: export LMOD_SH_DBG_ON=1 for this output (/usr/share/lmod/lmod/init/bash)
“RANK= 13 LOCAL_RANK= 1 gpu= 2”
+ __lmod_vx=x
+ '[' -n x ']'
+ set +x
+ '[' -z '' ']'
+ case "$-" in
+ __lmod_vx=x
+ '[' -n x ']'
+ set +x
Shell debugging temporarily silenced: export LMOD_SH_DBG_ON=1 for this output (/usr/share/lmod/lmod/init/bash)
+ '[' -z '' ']'
+ case "$-" in
+ __lmod_vx=x
+ '[' -n x ']'
+ set +x
Shell debugging temporarily silenced: export LMOD_SH_DBG_ON=1 for this output (/usr/share/lmod/lmod/init/bash)
Shell debugging temporarily silenced: export LMOD_SH_DBG_ON=1 for this output (/usr/share/lmod/lmod/init/bash)
+ '[' -z '' ']'
+ case "$-" in
+ __lmod_vx=x
+ '[' -n x ']'
+ set +x
Shell debugging restarted
+ unset __lmod_vx
Shell debugging restarted
+ unset __lmod_vx
Shell debugging restarted
+ unset __lmod_vx
Shell debugging restarted
+ unset __lmod_vx
+ speed3d_r2c cufft float 128 128 128 -reorder -a2a -r2c_dir 2 -ingrid 16 1 1 -outgrid 16 1 1 -n5
+ speed3d_r2c cufft float 128 128 128 -reorder -a2a -r2c_dir 2 -ingrid 16 1 1 -outgrid 16 1 1 -n5
+ speed3d_r2c cufft float 128 128 128 -reorder -a2a -r2c_dir 2 -ingrid 16 1 1 -outgrid 16 1 1 -n5
+ speed3d_r2c cufft float 128 128 128 -reorder -a2a -r2c_dir 2 -ingrid 16 1 1 -outgrid 16 1 1 -n5
+ '[' -z '' ']'
Shell debugging temporarily silenced: export LMOD_SH_DBG_ON=1 for this output (/usr/share/lmod/lmod/init/bash)
+ case "$-" in
+ __lmod_vx=x
+ '[' -n x ']'
+ set +x
+ '[' -z '' ']'
+ case "$-" in
+ __lmod_vx=x
+ '[' -n x ']'
+ set +x
Shell debugging temporarily silenced: export LMOD_SH_DBG_ON=1 for this output (/usr/share/lmod/lmod/init/bash)
+ '[' -z '' ']'
+ case "$-" in
+ __lmod_vx=x
+ '[' -n x ']'
+ set +x
+ '[' -z '' ']'
+ case "$-" in
+ __lmod_vx=x
+ '[' -n x ']'
+ set +x
Shell debugging temporarily silenced: export LMOD_SH_DBG_ON=1 for this output (/usr/share/lmod/lmod/init/bash)
Shell debugging restarted
+ unset __lmod_vx
Shell debugging temporarily silenced: export LMOD_SH_DBG_ON=1 for this output (/usr/share/lmod/lmod/init/bash)
Shell debugging restarted
+ unset __lmod_vx
Shell debugging restarted
+ unset __lmod_vx
Shell debugging restarted
+ unset __lmod_vx
+ speed3d_r2c cufft float 128 128 128 -reorder -a2a -r2c_dir 2 -ingrid 16 1 1 -outgrid 16 1 1 -n5
+ speed3d_r2c cufft float 128 128 128 -reorder -a2a -r2c_dir 2 -ingrid 16 1 1 -outgrid 16 1 1 -n5
+ speed3d_r2c cufft float 128 128 128 -reorder -a2a -r2c_dir 2 -ingrid 16 1 1 -outgrid 16 1 1 -n5
+ speed3d_r2c cufft float 128 128 128 -reorder -a2a -r2c_dir 2 -ingrid 16 1 1 -outgrid 16 1 1 -n5
MPICH ERROR [Rank 13] [job id c338f9d0-4a58-4359-8658-70b81c95b295] [Fri Nov  3 04:24:51 2023] [x3001c0s1b0n0] - Abort(137435535) (rank 13 in comm 0): Fatal error in PMPI_Alltoall: Other MPI error, error stack:
PMPI_Alltoall(433)...............: MPI_Alltoall(sbuf=0x1486b3a00000, scount=4352, dtype=0x4c000840, rbuf=0x1486b3a88000, rcount=4352, datatype=dtype=0x4c000840, comm=comm=0x84000007) failed
MPIR_CRAY_Alltoall_throttled(471): 
MPIR_Waitall(167)................: 
MPIR_Waitall_impl(51)............: 
MPID_Progress_wait(184)..........: 
MPIDI_Progress_test(80)..........: 
MPIDI_OFI_handle_cq_error(1059)..: OFI poll failed (ofi_events.c:1061:MPIDI_OFI_handle_cq_error:Input/output error - remote access error)

aborting job:
Fatal error in PMPI_Alltoall: Other MPI error, error stack:
PMPI_Alltoall(433)...............: MPI_Alltoall(sbuf=0x1486b3a00000, scount=4352, dtype=0x4c000840, rbuf=0x1486b3a88000, rcount=4352, datatype=dtype=0x4c000840, comm=comm=0x84000007) failed
MPIR_CRAY_Alltoall_throttled(471): 
MPIR_Waitall(167)................: 
MPIR_Waitall_impl(51)............: 
MPID_Progress_wait(184)..........: 
MPIDI_Progress_test(80)..........: 
MPIDI_OFI_handle_cq_error(1059)..: OFI poll failed (ofi_events.c:1061:MPIDI_OFI_handle_cq_error:Input/output error - remote access error)
MPICH ERROR [Rank 6] [job id c338f9d0-4a58-4359-8658-70b81c95b295] [Fri Nov  3 04:24:51 2023] [x3001c0s19b0n0] - Abort(271653263) (rank 6 in comm 0): Fatal error in PMPI_Alltoall: Other MPI error, error stack:
PMPI_Alltoall(433)...............: MPI_Alltoall(sbuf=0x15175fa00000, scount=4352, dtype=0x4c000840, rbuf=0x15175fa88000, rcount=4352, datatype=dtype=0x4c000840, comm=comm=0x84000007) failed
MPIR_CRAY_Alltoall_throttled(471): 
MPIR_Waitall(167)................: 
MPIR_Waitall_impl(51)............: 
MPID_Progress_wait(184)..........: 
MPIDI_Progress_test(80)..........: 
MPIDI_OFI_handle_cq_error(1059)..: OFI poll failed (ofi_events.c:1061:MPIDI_OFI_handle_cq_error:Input/output error - remote access error)

aborting job:
Fatal error in PMPI_Alltoall: Other MPI error, error stack:
PMPI_Alltoall(433)...............: MPI_Alltoall(sbuf=0x15175fa00000, scount=4352, dtype=0x4c000840, rbuf=0x15175fa88000, rcount=4352, datatype=dtype=0x4c000840, comm=comm=0x84000007) failed
MPIR_CRAY_Alltoall_throttled(471): 
MPIR_Waitall(167)................: 
MPIR_Waitall_impl(51)............: 
MPID_Progress_wait(184)..........: 
MPIDI_Progress_test(80)..........: 
MPIDI_OFI_handle_cq_error(1059)..: OFI poll failed (ofi_events.c:1061:MPIDI_OFI_handle_cq_error:Input/output error - remote access error)
MPICH ERROR [Rank 5] [job id c338f9d0-4a58-4359-8658-70b81c95b295] [Fri Nov  3 04:24:51 2023] [x3001c0s19b0n0] - Abort(942741903) (rank 5 in comm 0): Fatal error in PMPI_Alltoall: Other MPI error, error stack:
PMPI_Alltoall(433)...............: MPI_Alltoall(sbuf=0x14d38ba00000, scount=4352, dtype=0x4c000840, rbuf=0x14d38ba88000, rcount=4352, datatype=dtype=0x4c000840, comm=comm=0x84000007) failed
MPIR_CRAY_Alltoall_throttled(471): 
MPIR_Waitall(167)................: 
MPIR_Waitall_impl(51)............: 
MPID_Progress_wait(184)..........: 
MPIDI_Progress_test(80)..........: 
MPIDI_OFI_handle_cq_error(1059)..: OFI poll failed (ofi_events.c:1061:MPIDI_OFI_handle_cq_error:Input/output error - remote access error)

aborting job:
Fatal error in PMPI_Alltoall: Other MPI error, error stack:
PMPI_Alltoall(433)...............: MPI_Alltoall(sbuf=0x14d38ba00000, scount=4352, dtype=0x4c000840, rbuf=0x14d38ba88000, rcount=4352, datatype=dtype=0x4c000840, comm=comm=0x84000007) failed
MPIR_CRAY_Alltoall_throttled(471): 
MPIR_Waitall(167)................: 
MPIR_Waitall_impl(51)............: 
MPID_Progress_wait(184)..........: 
MPIDI_Progress_test(80)..........: 
MPIDI_OFI_handle_cq_error(1059)..: OFI poll failed (ofi_events.c:1061:MPIDI_OFI_handle_cq_error:Input/output error - remote access error)
MPICH ERROR [Rank 1] [job id c338f9d0-4a58-4359-8658-70b81c95b295] [Fri Nov  3 04:24:51 2023] [x3001c0s13b1n0] - Abort(942741903) (rank 1 in comm 0): Fatal error in PMPI_Alltoall: Other MPI error, error stack:
PMPI_Alltoall(433)...............: MPI_Alltoall(sbuf=0x14b591a00000, scount=4352, dtype=0x4c000840, rbuf=0x14b591a88000, rcount=4352, datatype=dtype=0x4c000840, comm=comm=0x84000007) failed
MPIR_CRAY_Alltoall_throttled(471): 
MPIR_Waitall(167)................: 
MPIR_Waitall_impl(51)............: 
MPID_Progress_wait(184)..........: 
MPIDI_Progress_test(80)..........: 
MPIDI_OFI_handle_cq_error(1059)..: OFI poll failed (ofi_events.c:1061:MPIDI_OFI_handle_cq_error:Input/output error - remote access error)

aborting job:
Fatal error in PMPI_Alltoall: Other MPI error, error stack:
PMPI_Alltoall(433)...............: MPI_Alltoall(sbuf=0x14b591a00000, scount=4352, dtype=0x4c000840, rbuf=0x14b591a88000, rcount=4352, datatype=dtype=0x4c000840, comm=comm=0x84000007) failed
MPIR_CRAY_Alltoall_throttled(471): 
MPIR_Waitall(167)................: 
MPIR_Waitall_impl(51)............: 
MPID_Progress_wait(184)..........: 
MPIDI_Progress_test(80)..........: 
MPIDI_OFI_handle_cq_error(1059)..: OFI poll failed (ofi_events.c:1061:MPIDI_OFI_handle_cq_error:Input/output error - remote access error)
MPICH ERROR [Rank 11] [job id c338f9d0-4a58-4359-8658-70b81c95b295] [Fri Nov  3 04:24:51 2023] [x3001c0s19b1n0] - Abort(942741903) (rank 11 in comm 0): Fatal error in PMPI_Alltoall: Other MPI error, error stack:
PMPI_Alltoall(433)...............: MPI_Alltoall(sbuf=0x145b0ba00000, scount=4352, dtype=0x4c000840, rbuf=0x145b0ba88000, rcount=4352, datatype=dtype=0x4c000840, comm=comm=0x84000007) failed
MPIR_CRAY_Alltoall_throttled(471): 
MPIR_Waitall(167)................: 
MPIR_Waitall_impl(51)............: 
MPID_Progress_wait(184)..........: 
MPIDI_Progress_test(80)..........: 
MPIDI_OFI_handle_cq_error(1059)..: OFI poll failed (ofi_events.c:1061:MPIDI_OFI_handle_cq_error:Input/output error - remote access error)

aborting job:
Fatal error in PMPI_Alltoall: Other MPI error, error stack:
PMPI_Alltoall(433)...............: MPI_Alltoall(sbuf=0x145b0ba00000, scount=4352, dtype=0x4c000840, rbuf=0x145b0ba88000, rcount=4352, datatype=dtype=0x4c000840, comm=comm=0x84000007) failed
MPIR_CRAY_Alltoall_throttled(471): 
MPIR_Waitall(167)................: 
MPIR_Waitall_impl(51)............: 
MPID_Progress_wait(184)..........: 
MPIDI_Progress_test(80)..........: 
MPIDI_OFI_handle_cq_error(1059)..: OFI poll failed (ofi_events.c:1061:MPIDI_OFI_handle_cq_error:Input/output error - remote access error)
MPICH ERROR [Rank 3] [job id c338f9d0-4a58-4359-8658-70b81c95b295] [Fri Nov  3 04:24:51 2023] [x3001c0s13b1n0] - Abort(808524175) (rank 3 in comm 0): Fatal error in PMPI_Alltoall: Other MPI error, error stack:
PMPI_Alltoall(433)...............: MPI_Alltoall(sbuf=0x152b03a00000, scount=4352, dtype=0x4c000840, rbuf=0x152b03a88000, rcount=4352, datatype=dtype=0x4c000840, comm=comm=0x84000007) failed
MPIR_CRAY_Alltoall_throttled(471): 
MPIR_Waitall(167)................: 
MPIR_Waitall_impl(51)............: 
MPID_Progress_wait(184)..........: 
MPIDI_Progress_test(80)..........: 
MPIDI_OFI_handle_cq_error(1059)..: OFI poll failed (ofi_events.c:1061:MPIDI_OFI_handle_cq_error:Input/output error - remote access error)

aborting job:
Fatal error in PMPI_Alltoall: Other MPI error, error stack:
PMPI_Alltoall(433)...............: MPI_Alltoall(sbuf=0x152b03a00000, scount=4352, dtype=0x4c000840, rbuf=0x152b03a88000, rcount=4352, datatype=dtype=0x4c000840, comm=comm=0x84000007) failed
MPIR_CRAY_Alltoall_throttled(471): 
MPIR_Waitall(167)................: 
MPIR_Waitall_impl(51)............: 
MPID_Progress_wait(184)..........: 
MPIDI_Progress_test(80)..........: 
MPIDI_OFI_handle_cq_error(1059)..: OFI poll failed (ofi_events.c:1061:MPIDI_OFI_handle_cq_error:Input/output error - remote access error)
MPICH ERROR [Rank 7] [job id c338f9d0-4a58-4359-8658-70b81c95b295] [Fri Nov  3 04:24:51 2023] [x3001c0s19b0n0] - Abort(540088719) (rank 7 in comm 0): Fatal error in PMPI_Alltoall: Other MPI error, error stack:
PMPI_Alltoall(433)...............: MPI_Alltoall(sbuf=0x14e863a00000, scount=4352, dtype=0x4c000840, rbuf=0x14e863a88000, rcount=4352, datatype=dtype=0x4c000840, comm=comm=0x84000007) failed
MPIR_CRAY_Alltoall_throttled(471): 
MPIR_Waitall(167)................: 
MPIR_Waitall_impl(51)............: 
MPID_Progress_wait(184)..........: 
MPIDI_Progress_test(80)..........: 
MPIDI_OFI_handle_cq_error(1059)..: OFI poll failed (ofi_events.c:1061:MPIDI_OFI_handle_cq_error:Input/output error - remote access error)

aborting job:
Fatal error in PMPI_Alltoall: Other MPI error, error stack:
PMPI_Alltoall(433)...............: MPI_Alltoall(sbuf=0x14e863a00000, scount=4352, dtype=0x4c000840, rbuf=0x14e863a88000, rcount=4352, datatype=dtype=0x4c000840, comm=comm=0x84000007) failed
MPIR_CRAY_Alltoall_throttled(471): 
MPIR_Waitall(167)................: 
MPIR_Waitall_impl(51)............: 
MPID_Progress_wait(184)..........: 
MPIDI_Progress_test(80)..........: 
MPIDI_OFI_handle_cq_error(1059)..: OFI poll failed (ofi_events.c:1061:MPIDI_OFI_handle_cq_error:Input/output error - remote access error)
MPICH ERROR [Rank 10] [job id c338f9d0-4a58-4359-8658-70b81c95b295] [Fri Nov  3 04:24:51 2023] [x3001c0s19b1n0] - Abort(3217807) (rank 10 in comm 0): Fatal error in PMPI_Alltoall: Other MPI error, error stack:
PMPI_Alltoall(433)...............: MPI_Alltoall(sbuf=0x14f5f1a00000, scount=4352, dtype=0x4c000840, rbuf=0x14f5f1a88000, rcount=4352, datatype=dtype=0x4c000840, comm=comm=0x84000007) failed
MPIR_CRAY_Alltoall_throttled(471): 
MPIR_Waitall(167)................: 
MPIR_Waitall_impl(51)............: 
MPID_Progress_wait(184)..........: 
MPIDI_Progress_test(80)..........: 
MPIDI_OFI_handle_cq_error(1059)..: OFI poll failed (ofi_events.c:1061:MPIDI_OFI_handle_cq_error:Input/output error - remote access error)

aborting job:
Fatal error in PMPI_Alltoall: Other MPI error, error stack:
PMPI_Alltoall(433)...............: MPI_Alltoall(sbuf=0x14f5f1a00000, scount=4352, dtype=0x4c000840, rbuf=0x14f5f1a88000, rcount=4352, datatype=dtype=0x4c000840, comm=comm=0x84000007) failed
MPIR_CRAY_Alltoall_throttled(471): 
MPIR_Waitall(167)................: 
MPIR_Waitall_impl(51)............: 
MPID_Progress_wait(184)..........: 
MPIDI_Progress_test(80)..........: 
MPIDI_OFI_handle_cq_error(1059)..: OFI poll failed (ofi_events.c:1061:MPIDI_OFI_handle_cq_error:Input/output error - remote access error)
MPICH ERROR [Rank 14] [job id c338f9d0-4a58-4359-8658-70b81c95b295] [Fri Nov  3 04:24:51 2023] [x3001c0s1b0n0] - Abort(674306447) (rank 14 in comm 0): Fatal error in PMPI_Alltoall: Other MPI error, error stack:
PMPI_Alltoall(433)...............: MPI_Alltoall(sbuf=0x15547fa00000, scount=4352, dtype=0x4c000840, rbuf=0x15547fa88000, rcount=4352, datatype=dtype=0x4c000840, comm=comm=0x84000007) failed
MPIR_CRAY_Alltoall_throttled(471): 
MPIR_Waitall(167)................: 
MPIR_Waitall_impl(51)............: 
MPID_Progress_wait(184)..........: 
MPIDI_Progress_test(80)..........: 
MPIDI_OFI_handle_cq_error(1059)..: OFI poll failed (ofi_events.c:1061:MPIDI_OFI_handle_cq_error:Input/output error - remote access error)

aborting job:
Fatal error in PMPI_Alltoall: Other MPI error, error stack:
PMPI_Alltoall(433)...............: MPI_Alltoall(sbuf=0x15547fa00000, scount=4352, dtype=0x4c000840, rbuf=0x15547fa88000, rcount=4352, datatype=dtype=0x4c000840, comm=comm=0x84000007) failed
MPIR_CRAY_Alltoall_throttled(471): 
MPIR_Waitall(167)................: 
MPIR_Waitall_impl(51)............: 
MPID_Progress_wait(184)..........: 
MPIDI_Progress_test(80)..........: 
MPIDI_OFI_handle_cq_error(1059)..: OFI poll failed (ofi_events.c:1061:MPIDI_OFI_handle_cq_error:Input/output error - remote access error)
MPICH ERROR [Rank 9] [job id c338f9d0-4a58-4359-8658-70b81c95b295] [Fri Nov  3 04:24:51 2023] [x3001c0s19b1n0] - Abort(540088719) (rank 9 in comm 0): Fatal error in PMPI_Alltoall: Other MPI error, error stack:
PMPI_Alltoall(433)...............: MPI_Alltoall(sbuf=0x147a33a00000, scount=4352, dtype=0x4c000840, rbuf=0x147a33a88000, rcount=4352, datatype=dtype=0x4c000840, comm=comm=0x84000007) failed
MPIR_CRAY_Alltoall_throttled(471): 
MPIR_Waitall(167)................: 
MPIR_Waitall_impl(51)............: 
MPID_Progress_wait(184)..........: 
MPIDI_Progress_test(80)..........: 
MPIDI_OFI_handle_cq_error(1059)..: OFI poll failed (ofi_events.c:1061:MPIDI_OFI_handle_cq_error:Input/output error - remote access error)

MPICH ERROR [Rank 12] [job id c338f9d0-4a58-4359-8658-70b81c95b295] [Fri Nov  3 04:24:51 2023] [x3001c0s1b0n0] - Abort(875633039) (rank 12 in comm 0): Fatal error in PMPI_Alltoall: Other MPI error, error stack:
PMPI_Alltoall(433)...............: MPI_Alltoall(sbuf=0x1489bba00000, scount=4352, dtype=0x4c000840, rbuf=0x1489bba88000, rcount=4352, datatype=dtype=0x4c000840, comm=comm=0xc4000003) failed
MPIR_CRAY_Alltoall_throttled(471): 
MPIR_Waitall(167)................: 
MPIR_Waitall_impl(51)............: 
MPID_Progress_wait(184)..........: 
MPIDI_Progress_test(80)..........: 
MPIDI_OFI_handle_cq_error(1059)..: OFI poll failed (ofi_events.c:1061:MPIDI_OFI_handle_cq_error:Input/output error - remote access error)

aborting job:
Fatal error in PMPI_Alltoall: Other MPI error, error stack:
PMPI_Alltoall(433)...............: MPI_Alltoall(sbuf=0x147a33a00000, scount=4352, dtype=0x4c000840, rbuf=0x147a33a88000, rcount=4352, datatype=dtype=0x4c000840, comm=comm=0x84000007) failed
MPIR_CRAY_Alltoall_throttled(471): 
MPIR_Waitall(167)................: 
MPIR_Waitall_impl(51)............: 
MPID_Progress_wait(184)..........: 
MPIDI_Progress_test(80)..........: 
MPIDI_OFI_handle_cq_error(1059)..: OFI poll failed (ofi_events.c:1061:MPIDI_OFI_handle_cq_error:Input/output error - remote access error)
aborting job:
Fatal error in PMPI_Alltoall: Other MPI error, error stack:
PMPI_Alltoall(433)...............: MPI_Alltoall(sbuf=0x1489bba00000, scount=4352, dtype=0x4c000840, rbuf=0x1489bba88000, rcount=4352, datatype=dtype=0x4c000840, comm=comm=0xc4000003) failed
MPIR_CRAY_Alltoall_throttled(471): 
MPIR_Waitall(167)................: 
MPIR_Waitall_impl(51)............: 
MPID_Progress_wait(184)..........: 
MPIDI_Progress_test(80)..........: 
MPIDI_OFI_handle_cq_error(1059)..: OFI poll failed (ofi_events.c:1061:MPIDI_OFI_handle_cq_error:Input/output error - remote access error)
MPICH ERROR [Rank 2] [job id c338f9d0-4a58-4359-8658-70b81c95b295] [Fri Nov  3 04:24:51 2023] [x3001c0s13b1n0] - Abort(942741903) (rank 2 in comm 0): Fatal error in PMPI_Alltoall: Other MPI error, error stack:
PMPI_Alltoall(433)...............: MPI_Alltoall(sbuf=0x151d03a00000, scount=4352, dtype=0x4c000840, rbuf=0x151d03a88000, rcount=4352, datatype=dtype=0x4c000840, comm=comm=0x84000007) failed
MPIR_CRAY_Alltoall_throttled(471): 
MPIR_Waitall(167)................: 
MPIR_Waitall_impl(51)............: 
MPID_Progress_wait(184)..........: 
MPIDI_Progress_test(80)..........: 
MPIDI_OFI_handle_cq_error(1059)..: OFI poll failed (ofi_events.c:1061:MPIDI_OFI_handle_cq_error:Input/output error - remote access error)

aborting job:
Fatal error in PMPI_Alltoall: Other MPI error, error stack:
PMPI_Alltoall(433)...............: MPI_Alltoall(sbuf=0x151d03a00000, scount=4352, dtype=0x4c000840, rbuf=0x151d03a88000, rcount=4352, datatype=dtype=0x4c000840, comm=comm=0x84000007) failed
MPIR_CRAY_Alltoall_throttled(471): 
MPIR_Waitall(167)................: 
MPIR_Waitall_impl(51)............: 
MPID_Progress_wait(184)..........: 
MPIDI_Progress_test(80)..........: 
MPIDI_OFI_handle_cq_error(1059)..: OFI poll failed (ofi_events.c:1061:MPIDI_OFI_handle_cq_error:Input/output error - remote access error)
MPICH ERROR [Rank 8] [job id c338f9d0-4a58-4359-8658-70b81c95b295] [Fri Nov  3 04:24:51 2023] [x3001c0s19b1n0] - Abort(70326671) (rank 8 in comm 0): Fatal error in PMPI_Alltoall: Other MPI error, error stack:
PMPI_Alltoall(433)...............: MPI_Alltoall(sbuf=0x14b913a00000, scount=4352, dtype=0x4c000840, rbuf=0x14b913a88000, rcount=4352, datatype=dtype=0x4c000840, comm=comm=0xc4000003) failed
MPIR_CRAY_Alltoall_throttled(471): 
MPIR_Waitall(167)................: 
MPIR_Waitall_impl(51)............: 
MPID_Progress_wait(184)..........: 
MPIDI_Progress_test(80)..........: 
MPIDI_OFI_handle_cq_error(1059)..: OFI poll failed (ofi_events.c:1061:MPIDI_OFI_handle_cq_error:Input/output error - remote access error)

aborting job:
Fatal error in PMPI_Alltoall: Other MPI error, error stack:
PMPI_Alltoall(433)...............: MPI_Alltoall(sbuf=0x14b913a00000, scount=4352, dtype=0x4c000840, rbuf=0x14b913a88000, rcount=4352, datatype=dtype=0x4c000840, comm=comm=0xc4000003) failed
MPIR_CRAY_Alltoall_throttled(471): 
MPIR_Waitall(167)................: 
MPIR_Waitall_impl(51)............: 
MPID_Progress_wait(184)..........: 
MPIDI_Progress_test(80)..........: 
MPIDI_OFI_handle_cq_error(1059)..: OFI poll failed (ofi_events.c:1061:MPIDI_OFI_handle_cq_error:Input/output error - remote access error)
MPICH ERROR [Rank 0] [job id c338f9d0-4a58-4359-8658-70b81c95b295] [Fri Nov  3 04:24:51 2023] [x3001c0s13b1n0] - Abort(607197583) (rank 0 in comm 0): Fatal error in PMPI_Alltoall: Other MPI error, error stack:
PMPI_Alltoall(433)...............: MPI_Alltoall(sbuf=0x154c21a00000, scount=4352, dtype=0x4c000840, rbuf=0x154c21a88000, rcount=4352, datatype=dtype=0x4c000840, comm=comm=0xc4000003) failed
MPIR_CRAY_Alltoall_throttled(471): 
MPIR_Waitall(167)................: 
MPIR_Waitall_impl(51)............: 
MPID_Progress_wait(184)..........: 
MPIDI_Progress_test(80)..........: 
MPIDI_OFI_handle_cq_error(1059)..: OFI poll failed (ofi_events.c:1061:MPIDI_OFI_handle_cq_error:Input/output error - remote access error)

aborting job:
Fatal error in PMPI_Alltoall: Other MPI error, error stack:
PMPI_Alltoall(433)...............: MPI_Alltoall(sbuf=0x154c21a00000, scount=4352, dtype=0x4c000840, rbuf=0x154c21a88000, rcount=4352, datatype=dtype=0x4c000840, comm=comm=0xc4000003) failed
MPIR_CRAY_Alltoall_throttled(471): 
MPIR_Waitall(167)................: 
MPIR_Waitall_impl(51)............: 
MPID_Progress_wait(184)..........: 
MPIDI_Progress_test(80)..........: 
MPIDI_OFI_handle_cq_error(1059)..: OFI poll failed (ofi_events.c:1061:MPIDI_OFI_handle_cq_error:Input/output error - remote access error)
MPICH ERROR [Rank 15] [job id c338f9d0-4a58-4359-8658-70b81c95b295] [Fri Nov  3 04:24:51 2023] [x3001c0s1b0n0] - Abort(674306447) (rank 15 in comm 0): Fatal error in PMPI_Alltoall: Other MPI error, error stack:
PMPI_Alltoall(433)...............: MPI_Alltoall(sbuf=0x146683a00000, scount=4352, dtype=0x4c000840, rbuf=0x146683a88000, rcount=4352, datatype=dtype=0x4c000840, comm=comm=0x84000007) failed
MPIR_CRAY_Alltoall_throttled(471): 
MPIR_Waitall(167)................: 
MPIR_Waitall_impl(51)............: 
MPID_Progress_wait(184)..........: 
MPIDI_Progress_test(80)..........: 
MPIDI_OFI_handle_cq_error(1059)..: OFI poll failed (ofi_events.c:1061:MPIDI_OFI_handle_cq_error:Input/output error - remote access error)

aborting job:
Fatal error in PMPI_Alltoall: Other MPI error, error stack:
PMPI_Alltoall(433)...............: MPI_Alltoall(sbuf=0x146683a00000, scount=4352, dtype=0x4c000840, rbuf=0x146683a88000, rcount=4352, datatype=dtype=0x4c000840, comm=comm=0x84000007) failed
MPIR_CRAY_Alltoall_throttled(471): 
MPIR_Waitall(167)................: 
MPIR_Waitall_impl(51)............: 
MPID_Progress_wait(184)..........: 
MPIDI_Progress_test(80)..........: 
MPIDI_OFI_handle_cq_error(1059)..: OFI poll failed (ofi_events.c:1061:MPIDI_OFI_handle_cq_error:Input/output error - remote access error)
MPICH ERROR [Rank 4] [job id c338f9d0-4a58-4359-8658-70b81c95b295] [Fri Nov  3 04:24:51 2023] [x3001c0s19b0n0] - Abort(338762127) (rank 4 in comm 0): Fatal error in PMPI_Alltoall: Other MPI error, error stack:
PMPI_Alltoall(433)...............: MPI_Alltoall(sbuf=0x14b133a00000, scount=4352, dtype=0x4c000840, rbuf=0x14b133a88000, rcount=4352, datatype=dtype=0x4c000840, comm=comm=0xc4000003) failed
MPIR_CRAY_Alltoall_throttled(471): 
MPIR_Waitall(167)................: 
MPIR_Waitall_impl(51)............: 
MPID_Progress_wait(184)..........: 
MPIDI_Progress_test(80)..........: 
MPIDI_OFI_handle_cq_error(1059)..: OFI poll failed (ofi_events.c:1061:MPIDI_OFI_handle_cq_error:Input/output error - remote access error)

aborting job:
Fatal error in PMPI_Alltoall: Other MPI error, error stack:
PMPI_Alltoall(433)...............: MPI_Alltoall(sbuf=0x14b133a00000, scount=4352, dtype=0x4c000840, rbuf=0x14b133a88000, rcount=4352, datatype=dtype=0x4c000840, comm=comm=0xc4000003) failed
MPIR_CRAY_Alltoall_throttled(471): 
MPIR_Waitall(167)................: 
MPIR_Waitall_impl(51)............: 
MPID_Progress_wait(184)..........: 
MPIDI_Progress_test(80)..........: 
MPIDI_OFI_handle_cq_error(1059)..: OFI poll failed (ofi_events.c:1061:MPIDI_OFI_handle_cq_error:Input/output error - remote access error)
x3001c0s1b0n0.hsn.cm.polaris.alcf.anl.gov: rank 13 exited with code 255
