time=0.887733 0/2 /pressio/roibin/background/pressio/qoz:metrics:copy_compressor_results <int32> = 1
/pressio/roibin/background/pressio/qoz:metrics:errors_fatal <int32> = 1
/pressio/roibin/background/pressio/qoz:pressio:abs <double> = 90
/pressio/roibin/background/pressio/qoz:pressio:metric <char*> = "noop"
/pressio/roibin/background/pressio/qoz:pressio:rel <double> = <empty>
/pressio/roibin/background/pressio/qoz:qoz:abs_error_bound <double> = 90
/pressio/roibin/background/pressio/qoz:qoz:algorithm <uint8> = 1
/pressio/roibin/background/pressio/qoz:qoz:algorithm_str <char*> = <empty>
/pressio/roibin/background/pressio/qoz:qoz:encoder <uint8> = 1
/pressio/roibin/background/pressio/qoz:qoz:error_bound_mode <uint8> = 0
/pressio/roibin/background/pressio/qoz:qoz:error_bound_mode_str <char*> = <empty>
/pressio/roibin/background/pressio/qoz:qoz:interp_algo <uint8> = 1
/pressio/roibin/background/pressio/qoz:qoz:interp_block_size <int32> = 32
/pressio/roibin/background/pressio/qoz:qoz:interp_direction <uint8> = 0
/pressio/roibin/background/pressio/qoz:qoz:intrep_algo_str <char*> = <empty>
/pressio/roibin/background/pressio/qoz:qoz:l2_norm_error_bound <double> = 0
/pressio/roibin/background/pressio/qoz:qoz:lorenzo <bool> = true
/pressio/roibin/background/pressio/qoz:qoz:lorenzo2 <bool> = false
/pressio/roibin/background/pressio/qoz:qoz:lossless <uint8> = 1
/pressio/roibin/background/pressio/qoz:qoz:maxstep <uint64> = 8
/pressio/roibin/background/pressio/qoz:qoz:metric <char*> = "noop"
/pressio/roibin/background/pressio/qoz:qoz:openmp <bool> = false
/pressio/roibin/background/pressio/qoz:qoz:pred_dim <int32> = 0
/pressio/roibin/background/pressio/qoz:qoz:psnr_error_bound <double> = 0
/pressio/roibin/background/pressio/qoz:qoz:quant_bin_size <int32> = 65536
/pressio/roibin/background/pressio/qoz:qoz:regression <bool> = true
/pressio/roibin/background/pressio/qoz:qoz:regression2 <bool> = false
/pressio/roibin/background/pressio/qoz:qoz:rel_error_bound <double> = -1
/pressio/roibin/background/pressio/qoz:qoz:stride <int32> = 6
/pressio/roibin/background/pressio/qoz:qoz:test_lorenzo <int32> = 0
/pressio/roibin/background/pressio/qoz:qoz:turning_target <uint8> = 0
/pressio/roibin/background/pressio/qoz:qoz:turning_target_str <char*> = <empty>
/pressio/roibin/background/pressio/qoz:qoz:use_qoz <bool> = true
/pressio/roibin/background/pressio:metrics:copy_compressor_results <int32> = 1
/pressio/roibin/background/pressio:metrics:errors_fatal <int32> = 1
/pressio/roibin/background/pressio:pressio:abs <double> = 90
/pressio/roibin/background/pressio:pressio:bound_name <char*> = <empty>
/pressio/roibin/background/pressio:pressio:compressor <char*> = "qoz"
/pressio/roibin/background/pressio:pressio:metric <char*> = "noop"
/pressio/roibin/background/pressio:pressio:rel <double> = <empty>
/pressio/roibin/background/pressio:pressio:reset_mode <bool> = <empty>
/pressio/roibin/background:binning:compressor <char*> = "pressio"
/pressio/roibin/background:binning:metric <char*> = "noop"
/pressio/roibin/background:binning:nthreads <uint32> = 2
/pressio/roibin/background:binning:shape <data> = data{ type=double dims={3, } has_data=[2, 2, 1, ]}
/pressio/roibin/background:metrics:copy_compressor_results <int32> = 1
/pressio/roibin/background:metrics:errors_fatal <int32> = 1
/pressio/roibin/background:pressio:metric <char*> = "noop"
/pressio/roibin/background:pressio:nthreads <uint32> = 2
/pressio/roibin/roi:fpzip:has_header <int32> = 0
/pressio/roibin/roi:fpzip:metric <char*> = "noop"
/pressio/roibin/roi:fpzip:prec <int32> = 0
/pressio/roibin/roi:metrics:copy_compressor_results <int32> = 1
/pressio/roibin/roi:metrics:errors_fatal <int32> = 1
/pressio/roibin/roi:pressio:metric <char*> = "noop"
/pressio/roibin:metrics:copy_compressor_results <int32> = 1
/pressio/roibin:metrics:errors_fatal <int32> = 1
/pressio/roibin:pressio:metric <char*> = "noop"
/pressio/roibin:pressio:nthreads <uint32> = 3
/pressio/roibin:roibin:background <char*> = "binning"
/pressio/roibin:roibin:centers <data> = data{ type=uint64_t dims={} has_data=false}
/pressio/roibin:roibin:metric <char*> = "noop"
/pressio/roibin:roibin:nthreads <uint32> = 3
/pressio/roibin:roibin:roi <char*> = "fpzip"
/pressio/roibin:roibin:roi_size <data> = data{ type=double dims={3, } has_data=[8, 8, 0, ]}
/pressio/roibin:roibin:roi_strategy <char*> = "coordinates"
/pressio:metrics:copy_compressor_results <int32> = 1
/pressio:metrics:errors_fatal <int32> = 1
/pressio:pressio:bound_name <char*> = <empty>
/pressio:pressio:compressor <char*> = "roibin"
/pressio:pressio:metric <char*> = "noop"
/pressio:pressio:reset_mode <bool> = <empty>

time=0.887802 0/2 global data_dims{130, 1480, 1552}
time=0.887806 0/2 global peakx_dims{130, 2048}
time=0.887809 0/2 global peaky_dims{130, 2048}
time=0.887811 0/2 global npeaks{130}
time=0.887816 0/2 processing 0 2
time=3.32874 0/2 processing 2 4
time=5.75774 0/2 processing 4 6
time=8.54336 0/2 processing 6 8
time=11.083 0/2 processing 8 10
time=13.6024 0/2 processing 10 12
time=16.8705 0/2 processing 12 14
time=19.892 0/2 processing 14 16
time=22.7125 0/2 processing 16 18
time=25.1064 0/2 processing 18 20
time=27.3348 0/2 processing 20 22
time=30.0458 0/2 processing 22 24
time=32.2542 0/2 processing 24 26
time=34.668 0/2 processing 26 28
time=37.1926 0/2 processing 28 30
time=39.455 0/2 processing 30 32
time=42.1065 0/2 processing 32 34
time=44.439 0/2 processing 34 36
time=47.0395 0/2 processing 36 38
time=49.0545 0/2 processing 38 40
time=51.8535 0/2 processing 40 42
time=54.4287 0/2 processing 42 44
time=56.9003 0/2 processing 44 46
time=59.5823 0/2 processing 46 48
time=62.0573 0/2 processing 48 50
time=64.6538 0/2 processing 50 52
time=67.3572 0/2 processing 52 54
time=69.8018 0/2 processing 54 56
time=72.4624 0/2 processing 56 58
time=75.3251 0/2 processing 58 60
time=77.5217 0/2 processing 60 62
time=80.0881 0/2 processing 62 64
time=82.258 0/2 processing 64 66
time=84.8622 0/2 processing 66 68
time=87.7095 0/2 processing 68 70
time=90.4995 0/2 processing 70 72
time=93.1276 0/2 processing 72 74
time=95.0626 0/2 processing 74 76
time=97.4973 0/2 processing 76 78
time=100.066 0/2 processing 78 80
time=102.796 0/2 processing 80 82
time=105.143 0/2 processing 82 84
time=108.077 0/2 processing 84 86
time=110.747 0/2 processing 86 88
time=112.81 0/2 processing 88 90
time=115.871 0/2 processing 90 92
time=118.235 0/2 processing 92 94
time=120.798 0/2 processing 94 96
time=123.465 0/2 processing 96 98
time=126.164 0/2 processing 98 100
time=128.52 0/2 processing 100 102
time=131.429 0/2 processing 102 104
time=134.136 0/2 processing 104 106
time=136.679 0/2 processing 106 108
time=139.199 0/2 processing 108 110
time=141.551 0/2 processing 110 112
time=144.578 0/2 processing 112 114
time=147.516 0/2 processing 114 116
time=149.723 0/2 processing 116 118
time=152.273 0/2 processing 118 120
time=154.439 0/2 processing 120 122
time=156.875 0/2 processing 122 124
time=159.909 0/2 processing 124 126
time=162.704 0/2 processing 126 128
time=165.311 0/2 processing 128 130
global_cr=46.8483
wallclock_ms=166649
compress_ms=18564
compress_bandwidth_GBps=0.0643406
wallclock_bandwidth_GBps=0.00716727
