time=0.399409 0/2 /pressio/roibin/background/pressio/qoz:metrics:copy_compressor_results <int32> = 1
/pressio/roibin/background/pressio/qoz:metrics:errors_fatal <int32> = 1
/pressio/roibin/background/pressio/qoz:pressio:abs <double> = 90
/pressio/roibin/background/pressio/qoz:pressio:metric <char*> = "noop"
/pressio/roibin/background/pressio/qoz:pressio:rel <double> = <empty>
/pressio/roibin/background/pressio/qoz:qoz:abs_error_bound <double> = 90
/pressio/roibin/background/pressio/qoz:qoz:algorithm <uint8> = 1
/pressio/roibin/background/pressio/qoz:qoz:algorithm_str <char*> = <empty>
/pressio/roibin/background/pressio/qoz:qoz:encoder <uint8> = 1
/pressio/roibin/background/pressio/qoz:qoz:error_bound_mode <uint8> = 0
/pressio/roibin/background/pressio/qoz:qoz:error_bound_mode_str <char*> = <empty>
/pressio/roibin/background/pressio/qoz:qoz:interp_algo <uint8> = 1
/pressio/roibin/background/pressio/qoz:qoz:interp_block_size <int32> = 32
/pressio/roibin/background/pressio/qoz:qoz:interp_direction <uint8> = 0
/pressio/roibin/background/pressio/qoz:qoz:intrep_algo_str <char*> = <empty>
/pressio/roibin/background/pressio/qoz:qoz:l2_norm_error_bound <double> = 0
/pressio/roibin/background/pressio/qoz:qoz:lorenzo <bool> = true
/pressio/roibin/background/pressio/qoz:qoz:lorenzo2 <bool> = false
/pressio/roibin/background/pressio/qoz:qoz:lossless <uint8> = 1
/pressio/roibin/background/pressio/qoz:qoz:maxstep <uint64> = 8
/pressio/roibin/background/pressio/qoz:qoz:metric <char*> = "noop"
/pressio/roibin/background/pressio/qoz:qoz:openmp <bool> = false
/pressio/roibin/background/pressio/qoz:qoz:pred_dim <int32> = 0
/pressio/roibin/background/pressio/qoz:qoz:psnr_error_bound <double> = 0
/pressio/roibin/background/pressio/qoz:qoz:quant_bin_size <int32> = 65536
/pressio/roibin/background/pressio/qoz:qoz:regression <bool> = true
/pressio/roibin/background/pressio/qoz:qoz:regression2 <bool> = false
/pressio/roibin/background/pressio/qoz:qoz:rel_error_bound <double> = -1
/pressio/roibin/background/pressio/qoz:qoz:stride <int32> = 6
/pressio/roibin/background/pressio/qoz:qoz:test_lorenzo <int32> = 0
/pressio/roibin/background/pressio/qoz:qoz:turning_target <uint8> = 0
/pressio/roibin/background/pressio/qoz:qoz:turning_target_str <char*> = <empty>
/pressio/roibin/background/pressio/qoz:qoz:use_qoz <bool> = true
/pressio/roibin/background/pressio:metrics:copy_compressor_results <int32> = 1
/pressio/roibin/background/pressio:metrics:errors_fatal <int32> = 1
/pressio/roibin/background/pressio:pressio:abs <double> = 90
/pressio/roibin/background/pressio:pressio:bound_name <char*> = <empty>
/pressio/roibin/background/pressio:pressio:compressor <char*> = "qoz"
/pressio/roibin/background/pressio:pressio:metric <char*> = "noop"
/pressio/roibin/background/pressio:pressio:rel <double> = <empty>
/pressio/roibin/background/pressio:pressio:reset_mode <bool> = <empty>
/pressio/roibin/background:binning:compressor <char*> = "pressio"
/pressio/roibin/background:binning:metric <char*> = "noop"
/pressio/roibin/background:binning:nthreads <uint32> = 3
/pressio/roibin/background:binning:shape <data> = data{ type=double dims={3, } has_data=[2, 2, 1, ]}
/pressio/roibin/background:metrics:copy_compressor_results <int32> = 1
/pressio/roibin/background:metrics:errors_fatal <int32> = 1
/pressio/roibin/background:pressio:metric <char*> = "noop"
/pressio/roibin/background:pressio:nthreads <uint32> = 3
/pressio/roibin/roi:fpzip:has_header <int32> = 0
/pressio/roibin/roi:fpzip:metric <char*> = "noop"
/pressio/roibin/roi:fpzip:prec <int32> = 0
/pressio/roibin/roi:metrics:copy_compressor_results <int32> = 1
/pressio/roibin/roi:metrics:errors_fatal <int32> = 1
/pressio/roibin/roi:pressio:metric <char*> = "noop"
/pressio/roibin:metrics:copy_compressor_results <int32> = 1
/pressio/roibin:metrics:errors_fatal <int32> = 1
/pressio/roibin:pressio:metric <char*> = "noop"
/pressio/roibin:pressio:nthreads <uint32> = 2
/pressio/roibin:roibin:background <char*> = "binning"
/pressio/roibin:roibin:centers <data> = data{ type=uint64_t dims={} has_data=false}
/pressio/roibin:roibin:metric <char*> = "noop"
/pressio/roibin:roibin:nthreads <uint32> = 2
/pressio/roibin:roibin:roi <char*> = "fpzip"
/pressio/roibin:roibin:roi_size <data> = data{ type=double dims={3, } has_data=[8, 8, 0, ]}
/pressio/roibin:roibin:roi_strategy <char*> = "coordinates"
/pressio:metrics:copy_compressor_results <int32> = 1
/pressio:metrics:errors_fatal <int32> = 1
/pressio:pressio:bound_name <char*> = <empty>
/pressio:pressio:compressor <char*> = "roibin"
/pressio:pressio:metric <char*> = "noop"
/pressio:pressio:reset_mode <bool> = <empty>

time=0.399479 0/2 global data_dims{130, 1480, 1552}
time=0.399484 0/2 global peakx_dims{130, 2048}
time=0.399487 0/2 global peaky_dims{130, 2048}
time=0.399489 0/2 global npeaks{130}
time=0.399493 0/2 processing 0 2
time=3.86114 0/2 processing 2 4
time=7.52918 0/2 processing 4 6
time=10.5433 0/2 processing 6 8
time=13.6096 0/2 processing 8 10
time=16.5423 0/2 processing 10 12
time=19.6382 0/2 processing 12 14
time=23.5631 0/2 processing 14 16
time=26.5978 0/2 processing 16 18
time=30.2818 0/2 processing 18 20
time=33.6656 0/2 processing 20 22
time=36.7139 0/2 processing 22 24
time=40.817 0/2 processing 24 26
time=44.4538 0/2 processing 26 28
time=47.5978 0/2 processing 28 30
time=50.7417 0/2 processing 30 32
time=54.258 0/2 processing 32 34
time=58.1103 0/2 processing 34 36
time=61.3869 0/2 processing 36 38
time=65.0334 0/2 processing 38 40
time=68.3128 0/2 processing 40 42
time=71.8728 0/2 processing 42 44
time=75.3179 0/2 processing 44 46
time=78.8892 0/2 processing 46 48
time=83.2381 0/2 processing 48 50
time=86.2739 0/2 processing 50 52
time=89.4055 0/2 processing 52 54
time=93.3411 0/2 processing 54 56
time=97.2658 0/2 processing 56 58
time=100.985 0/2 processing 58 60
time=104.409 0/2 processing 60 62
time=108.029 0/2 processing 62 64
time=111.005 0/2 processing 64 66
time=115.086 0/2 processing 66 68
time=118.301 0/2 processing 68 70
time=122.082 0/2 processing 70 72
time=125.058 0/2 processing 72 74
time=128.515 0/2 processing 74 76
time=132.565 0/2 processing 76 78
time=135.713 0/2 processing 78 80
time=139.362 0/2 processing 80 82
time=142.882 0/2 processing 82 84
time=146.934 0/2 processing 84 86
time=150.678 0/2 processing 86 88
time=153.497 0/2 processing 88 90
time=156.617 0/2 processing 90 92
time=160.086 0/2 processing 92 94
time=164.754 0/2 processing 94 96
time=168.265 0/2 processing 96 98
time=172.182 0/2 processing 98 100
time=176.046 0/2 processing 100 102
time=179.31 0/2 processing 102 104
time=182.249 0/2 processing 104 106
time=185.789 0/2 processing 106 108
time=189.101 0/2 processing 108 110
time=192.485 0/2 processing 110 112
time=196.377 0/2 processing 112 114
time=200.742 0/2 processing 114 116
time=205.338 0/2 processing 116 118
time=209.05 0/2 processing 118 120
time=212.082 0/2 processing 120 122
time=215.223 0/2 processing 122 124
time=218.141 0/2 processing 124 126
time=223.087 0/2 processing 126 128
time=226.422 0/2 processing 128 130
global_cr=46.8483
wallclock_ms=229751
compress_ms=23126
compress_bandwidth_GBps=0.0516483
wallclock_bandwidth_GBps=0.00519876
