time=0.171804 0/2 /pressio/roibin/background/pressio/qoz:metrics:copy_compressor_results <int32> = 1
/pressio/roibin/background/pressio/qoz:metrics:errors_fatal <int32> = 1
/pressio/roibin/background/pressio/qoz:pressio:abs <double> = 90
/pressio/roibin/background/pressio/qoz:pressio:metric <char*> = "noop"
/pressio/roibin/background/pressio/qoz:pressio:rel <double> = <empty>
/pressio/roibin/background/pressio/qoz:qoz:abs_error_bound <double> = 90
/pressio/roibin/background/pressio/qoz:qoz:algorithm <uint8> = 1
/pressio/roibin/background/pressio/qoz:qoz:algorithm_str <char*> = <empty>
/pressio/roibin/background/pressio/qoz:qoz:encoder <uint8> = 1
/pressio/roibin/background/pressio/qoz:qoz:error_bound_mode <uint8> = 0
/pressio/roibin/background/pressio/qoz:qoz:error_bound_mode_str <char*> = <empty>
/pressio/roibin/background/pressio/qoz:qoz:interp_algo <uint8> = 1
/pressio/roibin/background/pressio/qoz:qoz:interp_block_size <int32> = 32
/pressio/roibin/background/pressio/qoz:qoz:interp_direction <uint8> = 0
/pressio/roibin/background/pressio/qoz:qoz:intrep_algo_str <char*> = <empty>
/pressio/roibin/background/pressio/qoz:qoz:l2_norm_error_bound <double> = 0
/pressio/roibin/background/pressio/qoz:qoz:lorenzo <bool> = true
/pressio/roibin/background/pressio/qoz:qoz:lorenzo2 <bool> = false
/pressio/roibin/background/pressio/qoz:qoz:lossless <uint8> = 1
/pressio/roibin/background/pressio/qoz:qoz:maxstep <uint64> = 8
/pressio/roibin/background/pressio/qoz:qoz:metric <char*> = "noop"
/pressio/roibin/background/pressio/qoz:qoz:openmp <bool> = false
/pressio/roibin/background/pressio/qoz:qoz:pred_dim <int32> = 0
/pressio/roibin/background/pressio/qoz:qoz:psnr_error_bound <double> = 0
/pressio/roibin/background/pressio/qoz:qoz:quant_bin_size <int32> = 65536
/pressio/roibin/background/pressio/qoz:qoz:regression <bool> = true
/pressio/roibin/background/pressio/qoz:qoz:regression2 <bool> = false
/pressio/roibin/background/pressio/qoz:qoz:rel_error_bound <double> = -1
/pressio/roibin/background/pressio/qoz:qoz:stride <int32> = 6
/pressio/roibin/background/pressio/qoz:qoz:test_lorenzo <int32> = 0
/pressio/roibin/background/pressio/qoz:qoz:turning_target <uint8> = 0
/pressio/roibin/background/pressio/qoz:qoz:turning_target_str <char*> = <empty>
/pressio/roibin/background/pressio/qoz:qoz:use_qoz <bool> = true
/pressio/roibin/background/pressio:metrics:copy_compressor_results <int32> = 1
/pressio/roibin/background/pressio:metrics:errors_fatal <int32> = 1
/pressio/roibin/background/pressio:pressio:abs <double> = 90
/pressio/roibin/background/pressio:pressio:bound_name <char*> = <empty>
/pressio/roibin/background/pressio:pressio:compressor <char*> = "qoz"
/pressio/roibin/background/pressio:pressio:metric <char*> = "noop"
/pressio/roibin/background/pressio:pressio:rel <double> = <empty>
/pressio/roibin/background/pressio:pressio:reset_mode <bool> = <empty>
/pressio/roibin/background:binning:compressor <char*> = "pressio"
/pressio/roibin/background:binning:metric <char*> = "noop"
/pressio/roibin/background:binning:nthreads <uint32> = 4
/pressio/roibin/background:binning:shape <data> = data{ type=double dims={3, } has_data=[2, 2, 1, ]}
/pressio/roibin/background:metrics:copy_compressor_results <int32> = 1
/pressio/roibin/background:metrics:errors_fatal <int32> = 1
/pressio/roibin/background:pressio:metric <char*> = "noop"
/pressio/roibin/background:pressio:nthreads <uint32> = 4
/pressio/roibin/roi:fpzip:has_header <int32> = 0
/pressio/roibin/roi:fpzip:metric <char*> = "noop"
/pressio/roibin/roi:fpzip:prec <int32> = 0
/pressio/roibin/roi:metrics:copy_compressor_results <int32> = 1
/pressio/roibin/roi:metrics:errors_fatal <int32> = 1
/pressio/roibin/roi:pressio:metric <char*> = "noop"
/pressio/roibin:metrics:copy_compressor_results <int32> = 1
/pressio/roibin:metrics:errors_fatal <int32> = 1
/pressio/roibin:pressio:metric <char*> = "noop"
/pressio/roibin:pressio:nthreads <uint32> = 2
/pressio/roibin:roibin:background <char*> = "binning"
/pressio/roibin:roibin:centers <data> = data{ type=uint64_t dims={} has_data=false}
/pressio/roibin:roibin:metric <char*> = "noop"
/pressio/roibin:roibin:nthreads <uint32> = 2
/pressio/roibin:roibin:roi <char*> = "fpzip"
/pressio/roibin:roibin:roi_size <data> = data{ type=double dims={3, } has_data=[8, 8, 0, ]}
/pressio/roibin:roibin:roi_strategy <char*> = "coordinates"
/pressio:metrics:copy_compressor_results <int32> = 1
/pressio:metrics:errors_fatal <int32> = 1
/pressio:pressio:bound_name <char*> = <empty>
/pressio:pressio:compressor <char*> = "roibin"
/pressio:pressio:metric <char*> = "noop"
/pressio:pressio:reset_mode <bool> = <empty>

time=0.171878 0/2 global data_dims{130, 1480, 1552}
time=0.171882 0/2 global peakx_dims{130, 2048}
time=0.171884 0/2 global peaky_dims{130, 2048}
time=0.171887 0/2 global npeaks{130}
time=0.171891 0/2 processing 0 2
time=2.04929 0/2 processing 2 4
time=4.06949 0/2 processing 4 6
time=5.95353 0/2 processing 6 8
time=8.02162 0/2 processing 8 10
time=9.67852 0/2 processing 10 12
time=11.3387 0/2 processing 12 14
time=13.6903 0/2 processing 14 16
time=15.7787 0/2 processing 16 18
time=17.8558 0/2 processing 18 20
time=19.9291 0/2 processing 20 22
time=21.7894 0/2 processing 22 24
time=23.9856 0/2 processing 24 26
time=26.0499 0/2 processing 26 28
time=28.0262 0/2 processing 28 30
time=30.6588 0/2 processing 30 32
time=32.914 0/2 processing 32 34
time=34.902 0/2 processing 34 36
time=37.1262 0/2 processing 36 38
time=39.5383 0/2 processing 38 40
time=41.5652 0/2 processing 40 42
time=43.4331 0/2 processing 42 44
time=45.7172 0/2 processing 44 46
time=47.121 0/2 processing 46 48
time=49.1344 0/2 processing 48 50
time=50.9777 0/2 processing 50 52
time=53.3864 0/2 processing 52 54
time=56.2179 0/2 processing 54 56
time=58.2349 0/2 processing 56 58
time=60.0333 0/2 processing 58 60
time=62.0779 0/2 processing 60 62
time=64.318 0/2 processing 62 64
time=66.55 0/2 processing 64 66
time=68.1702 0/2 processing 66 68
time=70.4499 0/2 processing 68 70
time=72.6583 0/2 processing 70 72
time=75.0454 0/2 processing 72 74
time=77.5746 0/2 processing 74 76
time=80.3621 0/2 processing 76 78
time=82.4011 0/2 processing 78 80
time=84.4698 0/2 processing 80 82
time=86.7942 0/2 processing 82 84
time=89.0717 0/2 processing 84 86
time=91.3663 0/2 processing 86 88
time=92.854 0/2 processing 88 90
time=94.9299 0/2 processing 90 92
time=96.7745 0/2 processing 92 94
time=99.5229 0/2 processing 94 96
time=101.594 0/2 processing 96 98
time=103.306 0/2 processing 98 100
time=105.394 0/2 processing 100 102
time=107.17 0/2 processing 102 104
time=108.986 0/2 processing 104 106
time=110.997 0/2 processing 106 108
time=113.013 0/2 processing 108 110
time=115.078 0/2 processing 110 112
time=117.442 0/2 processing 112 114
time=119.507 0/2 processing 114 116
time=121.45 0/2 processing 116 118
time=123.702 0/2 processing 118 120
time=125.686 0/2 processing 120 122
time=128.002 0/2 processing 122 124
time=130.222 0/2 processing 124 126
time=132.55 0/2 processing 126 128
time=134.434 0/2 processing 128 130
global_cr=46.8483
wallclock_ms=136218
compress_ms=14988
compress_bandwidth_GBps=0.0796917
wallclock_bandwidth_GBps=0.00876844
