.//tmp_files/231.sh: line 3: 101654 Segmentation fault      speed3d_r2c fftw float-long 1400 1400 1400 -p2p_pl -ingrid 16 16 8 -outgrid 1024 2 1 -no-gpu-aware -n5
.//tmp_files/231.sh: line 3: 101635 Segmentation fault      speed3d_r2c fftw float-long 1400 1400 1400 -p2p_pl -ingrid 16 16 8 -outgrid 1024 2 1 -no-gpu-aware -n5
.//tmp_files/231.sh: line 3: 101637 Segmentation fault      speed3d_r2c fftw float-long 1400 1400 1400 -p2p_pl -ingrid 16 16 8 -outgrid 1024 2 1 -no-gpu-aware -n5
.//tmp_files/231.sh: line 3: 101653 Segmentation fault      speed3d_r2c fftw float-long 1400 1400 1400 -p2p_pl -ingrid 16 16 8 -outgrid 1024 2 1 -no-gpu-aware -n5
.//tmp_files/231.sh: line 3: 138925 Segmentation fault      speed3d_r2c fftw float-long 1400 1400 1400 -p2p_pl -ingrid 16 16 8 -outgrid 1024 2 1 -no-gpu-aware -n5
.//tmp_files/231.sh: line 3: 138928 Segmentation fault      speed3d_r2c fftw float-long 1400 1400 1400 -p2p_pl -ingrid 16 16 8 -outgrid 1024 2 1 -no-gpu-aware -n5
.//tmp_files/231.sh: line 3: 138900 Segmentation fault      speed3d_r2c fftw float-long 1400 1400 1400 -p2p_pl -ingrid 16 16 8 -outgrid 1024 2 1 -no-gpu-aware -n5
.//tmp_files/231.sh: line 3: 138897 Segmentation fault      speed3d_r2c fftw float-long 1400 1400 1400 -p2p_pl -ingrid 16 16 8 -outgrid 1024 2 1 -no-gpu-aware -n5
.//tmp_files/231.sh: line 3: 138916 Segmentation fault      speed3d_r2c fftw float-long 1400 1400 1400 -p2p_pl -ingrid 16 16 8 -outgrid 1024 2 1 -no-gpu-aware -n5
.//tmp_files/231.sh: line 3: 138895 Segmentation fault      speed3d_r2c fftw float-long 1400 1400 1400 -p2p_pl -ingrid 16 16 8 -outgrid 1024 2 1 -no-gpu-aware -n5
.//tmp_files/231.sh: line 3: 138903 Segmentation fault      speed3d_r2c fftw float-long 1400 1400 1400 -p2p_pl -ingrid 16 16 8 -outgrid 1024 2 1 -no-gpu-aware -n5
[NID 00512] 2023-09-16 13:16:21 Apid 28714370: initiated application termination
.//tmp_files/231.sh: line 3: 101665 Segmentation fault      speed3d_r2c fftw float-long 1400 1400 1400 -p2p_pl -ingrid 16 16 8 -outgrid 1024 2 1 -no-gpu-aware -n5
.//tmp_files/231.sh: line 3: 101681 Segmentation fault      speed3d_r2c fftw float-long 1400 1400 1400 -p2p_pl -ingrid 16 16 8 -outgrid 1024 2 1 -no-gpu-aware -n5
.//tmp_files/231.sh: line 3: 101676 Segmentation fault      speed3d_r2c fftw float-long 1400 1400 1400 -p2p_pl -ingrid 16 16 8 -outgrid 1024 2 1 -no-gpu-aware -n5
.//tmp_files/231.sh: line 3: 101651 Segmentation fault      speed3d_r2c fftw float-long 1400 1400 1400 -p2p_pl -ingrid 16 16 8 -outgrid 1024 2 1 -no-gpu-aware -n5
.//tmp_files/231.sh: line 3: 101664 Segmentation fault      speed3d_r2c fftw float-long 1400 1400 1400 -p2p_pl -ingrid 16 16 8 -outgrid 1024 2 1 -no-gpu-aware -n5
.//tmp_files/231.sh: line 3: 101659 Segmentation fault      speed3d_r2c fftw float-long 1400 1400 1400 -p2p_pl -ingrid 16 16 8 -outgrid 1024 2 1 -no-gpu-aware -n5
.//tmp_files/231.sh: line 3: 101660 Segmentation fault      speed3d_r2c fftw float-long 1400 1400 1400 -p2p_pl -ingrid 16 16 8 -outgrid 1024 2 1 -no-gpu-aware -n5
.//tmp_files/231.sh: line 3: 138931 Segmentation fault      speed3d_r2c fftw float-long 1400 1400 1400 -p2p_pl -ingrid 16 16 8 -outgrid 1024 2 1 -no-gpu-aware -n5
.//tmp_files/231.sh: line 3: 138904 Segmentation fault      speed3d_r2c fftw float-long 1400 1400 1400 -p2p_pl -ingrid 16 16 8 -outgrid 1024 2 1 -no-gpu-aware -n5
.//tmp_files/231.sh: line 3: 138932 Segmentation fault      speed3d_r2c fftw float-long 1400 1400 1400 -p2p_pl -ingrid 16 16 8 -outgrid 1024 2 1 -no-gpu-aware -n5
.//tmp_files/231.sh: line 3: 138956 Segmentation fault      speed3d_r2c fftw float-long 1400 1400 1400 -p2p_pl -ingrid 16 16 8 -outgrid 1024 2 1 -no-gpu-aware -n5
.//tmp_files/231.sh: line 3: 101636 Segmentation fault      speed3d_r2c fftw float-long 1400 1400 1400 -p2p_pl -ingrid 16 16 8 -outgrid 1024 2 1 -no-gpu-aware -n5
.//tmp_files/231.sh: line 3: 166121 Segmentation fault      speed3d_r2c fftw float-long 1400 1400 1400 -p2p_pl -ingrid 16 16 8 -outgrid 1024 2 1 -no-gpu-aware -n5
Application 28714370 exit codes: 139
Application 28714370 exit signals: Killed
Application 28714370 resources: utime ~151s, stime ~121s, Rss ~107232, inblocks ~6754, outblocks ~0
