tmp_files/7a8693ab-200b-4a26-a559-16eb3374c8f5.sh: line 3: 107219 Segmentation fault      speed3d_r2c fftw float 64 64 64 -reorder -a2a -slabs -ingrid 8 4 4 -outgrid 64 2 1 -n5
tmp_files/7a8693ab-200b-4a26-a559-16eb3374c8f5.sh: line 3: 107234 Segmentation fault      speed3d_r2c fftw float 64 64 64 -reorder -a2a -slabs -ingrid 8 4 4 -outgrid 64 2 1 -n5
[NID 00195] 2023-08-04 01:09:02 Apid 28492061: initiated application termination
tmp_files/7a8693ab-200b-4a26-a559-16eb3374c8f5.sh: line 3: 107215 Segmentation fault      speed3d_r2c fftw float 64 64 64 -reorder -a2a -slabs -ingrid 8 4 4 -outgrid 64 2 1 -n5
tmp_files/7a8693ab-200b-4a26-a559-16eb3374c8f5.sh: line 3: 107253 Segmentation fault      speed3d_r2c fftw float 64 64 64 -reorder -a2a -slabs -ingrid 8 4 4 -outgrid 64 2 1 -n5
tmp_files/7a8693ab-200b-4a26-a559-16eb3374c8f5.sh: line 3: 107272 Segmentation fault      speed3d_r2c fftw float 64 64 64 -reorder -a2a -slabs -ingrid 8 4 4 -outgrid 64 2 1 -n5
tmp_files/7a8693ab-200b-4a26-a559-16eb3374c8f5.sh: line 3: 107274 Segmentation fault      speed3d_r2c fftw float 64 64 64 -reorder -a2a -slabs -ingrid 8 4 4 -outgrid 64 2 1 -n5
tmp_files/7a8693ab-200b-4a26-a559-16eb3374c8f5.sh: line 3: 107273 Segmentation fault      speed3d_r2c fftw float 64 64 64 -reorder -a2a -slabs -ingrid 8 4 4 -outgrid 64 2 1 -n5
tmp_files/7a8693ab-200b-4a26-a559-16eb3374c8f5.sh: line 3: 107206 Segmentation fault      speed3d_r2c fftw float 64 64 64 -reorder -a2a -slabs -ingrid 8 4 4 -outgrid 64 2 1 -n5
tmp_files/7a8693ab-200b-4a26-a559-16eb3374c8f5.sh: line 3: 107255 Segmentation fault      speed3d_r2c fftw float 64 64 64 -reorder -a2a -slabs -ingrid 8 4 4 -outgrid 64 2 1 -n5
tmp_files/7a8693ab-200b-4a26-a559-16eb3374c8f5.sh: line 3: 107265 Segmentation fault      speed3d_r2c fftw float 64 64 64 -reorder -a2a -slabs -ingrid 8 4 4 -outgrid 64 2 1 -n5
tmp_files/7a8693ab-200b-4a26-a559-16eb3374c8f5.sh: line 3: 107258 Segmentation fault      speed3d_r2c fftw float 64 64 64 -reorder -a2a -slabs -ingrid 8 4 4 -outgrid 64 2 1 -n5
tmp_files/7a8693ab-200b-4a26-a559-16eb3374c8f5.sh: line 3: 107268 Segmentation fault      speed3d_r2c fftw float 64 64 64 -reorder -a2a -slabs -ingrid 8 4 4 -outgrid 64 2 1 -n5
tmp_files/7a8693ab-200b-4a26-a559-16eb3374c8f5.sh: line 3: 107264 Segmentation fault      speed3d_r2c fftw float 64 64 64 -reorder -a2a -slabs -ingrid 8 4 4 -outgrid 64 2 1 -n5
tmp_files/7a8693ab-200b-4a26-a559-16eb3374c8f5.sh: line 3: 107259 Segmentation fault      speed3d_r2c fftw float 64 64 64 -reorder -a2a -slabs -ingrid 8 4 4 -outgrid 64 2 1 -n5
tmp_files/7a8693ab-200b-4a26-a559-16eb3374c8f5.sh: line 3: 107242 Segmentation fault      speed3d_r2c fftw float 64 64 64 -reorder -a2a -slabs -ingrid 8 4 4 -outgrid 64 2 1 -n5
tmp_files/7a8693ab-200b-4a26-a559-16eb3374c8f5.sh: line 3: 107261 Segmentation fault      speed3d_r2c fftw float 64 64 64 -reorder -a2a -slabs -ingrid 8 4 4 -outgrid 64 2 1 -n5
tmp_files/7a8693ab-200b-4a26-a559-16eb3374c8f5.sh: line 3: 107262 Segmentation fault      speed3d_r2c fftw float 64 64 64 -reorder -a2a -slabs -ingrid 8 4 4 -outgrid 64 2 1 -n5
tmp_files/7a8693ab-200b-4a26-a559-16eb3374c8f5.sh: line 3: 107227 Segmentation fault      speed3d_r2c fftw float 64 64 64 -reorder -a2a -slabs -ingrid 8 4 4 -outgrid 64 2 1 -n5
tmp_files/7a8693ab-200b-4a26-a559-16eb3374c8f5.sh: line 3: 107266 Segmentation fault      speed3d_r2c fftw float 64 64 64 -reorder -a2a -slabs -ingrid 8 4 4 -outgrid 64 2 1 -n5
tmp_files/7a8693ab-200b-4a26-a559-16eb3374c8f5.sh: line 3: 107234 Segmentation fault      speed3d_r2c fftw float 64 64 64 -reorder -a2a -slabs -ingrid 8 4 4 -outgrid 64 2 1 -n5
tmp_files/7a8693ab-200b-4a26-a559-16eb3374c8f5.sh: line 3: 107260 Segmentation fault      speed3d_r2c fftw float 64 64 64 -reorder -a2a -slabs -ingrid 8 4 4 -outgrid 64 2 1 -n5
tmp_files/7a8693ab-200b-4a26-a559-16eb3374c8f5.sh: line 3: 107238 Segmentation fault      speed3d_r2c fftw float 64 64 64 -reorder -a2a -slabs -ingrid 8 4 4 -outgrid 64 2 1 -n5
tmp_files/7a8693ab-200b-4a26-a559-16eb3374c8f5.sh: line 3: 107241 Segmentation fault      speed3d_r2c fftw float 64 64 64 -reorder -a2a -slabs -ingrid 8 4 4 -outgrid 64 2 1 -n5
tmp_files/7a8693ab-200b-4a26-a559-16eb3374c8f5.sh: line 3: 107211 Segmentation fault      speed3d_r2c fftw float 64 64 64 -reorder -a2a -slabs -ingrid 8 4 4 -outgrid 64 2 1 -n5
tmp_files/7a8693ab-200b-4a26-a559-16eb3374c8f5.sh: line 3: 107254 Segmentation fault      speed3d_r2c fftw float 64 64 64 -reorder -a2a -slabs -ingrid 8 4 4 -outgrid 64 2 1 -n5
tmp_files/7a8693ab-200b-4a26-a559-16eb3374c8f5.sh: line 3: 107270 Segmentation fault      speed3d_r2c fftw float 64 64 64 -reorder -a2a -slabs -ingrid 8 4 4 -outgrid 64 2 1 -n5
tmp_files/7a8693ab-200b-4a26-a559-16eb3374c8f5.sh: line 3: 107231 Segmentation fault      speed3d_r2c fftw float 64 64 64 -reorder -a2a -slabs -ingrid 8 4 4 -outgrid 64 2 1 -n5
tmp_files/7a8693ab-200b-4a26-a559-16eb3374c8f5.sh: line 3: 107275 Segmentation fault      speed3d_r2c fftw float 64 64 64 -reorder -a2a -slabs -ingrid 8 4 4 -outgrid 64 2 1 -n5
tmp_files/7a8693ab-200b-4a26-a559-16eb3374c8f5.sh: line 3: 107267 Segmentation fault      speed3d_r2c fftw float 64 64 64 -reorder -a2a -slabs -ingrid 8 4 4 -outgrid 64 2 1 -n5
tmp_files/7a8693ab-200b-4a26-a559-16eb3374c8f5.sh: line 3: 107271 Segmentation fault      speed3d_r2c fftw float 64 64 64 -reorder -a2a -slabs -ingrid 8 4 4 -outgrid 64 2 1 -n5
tmp_files/7a8693ab-200b-4a26-a559-16eb3374c8f5.sh: line 3: 107269 Segmentation fault      speed3d_r2c fftw float 64 64 64 -reorder -a2a -slabs -ingrid 8 4 4 -outgrid 64 2 1 -n5
Application 28492061 exit codes: 139
Application 28492061 exit signals: Killed
Application 28492061 resources: utime ~4s, stime ~11s, Rss ~37128, inblocks ~888, outblocks ~0
