time=0.097321 0/2 /pressio/roibin/background/bzip2:bzip2:block_size_100k <int32> = 6
/pressio/roibin/background/bzip2:bzip2:metric <char*> = "noop"
/pressio/roibin/background/bzip2:bzip2:small <int32> = 0
/pressio/roibin/background/bzip2:bzip2:verbosity <int32> = 0
/pressio/roibin/background/bzip2:bzip2:work_factor <int32> = 30
/pressio/roibin/background/bzip2:metrics:copy_compressor_results <int32> = 1
/pressio/roibin/background/bzip2:metrics:errors_fatal <int32> = 1
/pressio/roibin/background/bzip2:pressio:lossless <int32> = 6
/pressio/roibin/background/bzip2:pressio:metric <char*> = "noop"
/pressio/roibin/background:binning:compressor <char*> = "bzip2"
/pressio/roibin/background:binning:metric <char*> = "noop"
/pressio/roibin/background:binning:nthreads <uint32> = 3
/pressio/roibin/background:binning:shape <data> = data{ type=double dims={3, } has_data=[2, 2, 1, ]}
/pressio/roibin/background:metrics:copy_compressor_results <int32> = 1
/pressio/roibin/background:metrics:errors_fatal <int32> = 1
/pressio/roibin/background:pressio:metric <char*> = "noop"
/pressio/roibin/background:pressio:nthreads <uint32> = 3
/pressio/roibin/roi:bzip2:block_size_100k <int32> = 6
/pressio/roibin/roi:bzip2:metric <char*> = "noop"
/pressio/roibin/roi:bzip2:small <int32> = 0
/pressio/roibin/roi:bzip2:verbosity <int32> = 0
/pressio/roibin/roi:bzip2:work_factor <int32> = 30
/pressio/roibin/roi:metrics:copy_compressor_results <int32> = 1
/pressio/roibin/roi:metrics:errors_fatal <int32> = 1
/pressio/roibin/roi:pressio:lossless <int32> = 6
/pressio/roibin/roi:pressio:metric <char*> = "noop"
/pressio/roibin:metrics:copy_compressor_results <int32> = 1
/pressio/roibin:metrics:errors_fatal <int32> = 1
/pressio/roibin:pressio:metric <char*> = "noop"
/pressio/roibin:pressio:nthreads <uint32> = 4
/pressio/roibin:roibin:background <char*> = "binning"
/pressio/roibin:roibin:centers <data> = data{ type=uint64_t dims={} has_data=false}
/pressio/roibin:roibin:metric <char*> = "noop"
/pressio/roibin:roibin:nthreads <uint32> = 4
/pressio/roibin:roibin:roi <char*> = "bzip2"
/pressio/roibin:roibin:roi_size <data> = data{ type=double dims={3, } has_data=[8, 8, 0, ]}
/pressio/roibin:roibin:roi_strategy <char*> = "coordinates"
/pressio:metrics:copy_compressor_results <int32> = 1
/pressio:metrics:errors_fatal <int32> = 1
/pressio:pressio:bound_name <char*> = <empty>
/pressio:pressio:compressor <char*> = "roibin"
/pressio:pressio:metric <char*> = "noop"
/pressio:pressio:reset_mode <bool> = <empty>

time=0.0973877 0/2 global data_dims{130, 1480, 1552}
time=0.0973936 0/2 global peakx_dims{130, 2048}
time=0.0973974 0/2 global peaky_dims{130, 2048}
time=0.0974011 0/2 global npeaks{130}
time=0.0974082 0/2 processing 0 2
time=1.47691 0/2 processing 2 4
time=3.08777 0/2 processing 4 6
time=4.75501 0/2 processing 6 8
time=6.33166 0/2 processing 8 10
time=8.16522 0/2 processing 10 12
time=9.69952 0/2 processing 12 14
time=11.0087 0/2 processing 14 16
time=12.9959 0/2 processing 16 18
time=14.4674 0/2 processing 18 20
time=15.9868 0/2 processing 20 22
time=17.498 0/2 processing 22 24
time=19.1238 0/2 processing 24 26
time=20.5234 0/2 processing 26 28
time=22.1337 0/2 processing 28 30
time=23.6754 0/2 processing 30 32
time=25.8184 0/2 processing 32 34
time=27.3132 0/2 processing 34 36
time=28.8564 0/2 processing 36 38
time=30.5478 0/2 processing 38 40
time=32.702 0/2 processing 40 42
time=33.9677 0/2 processing 42 44
time=35.9205 0/2 processing 44 46
time=37.5197 0/2 processing 46 48
time=39.9181 0/2 processing 48 50
time=41.4237 0/2 processing 50 52
time=43.1477 0/2 processing 52 54
time=44.5511 0/2 processing 54 56
time=46.0548 0/2 processing 56 58
time=47.856 0/2 processing 58 60
time=49.3158 0/2 processing 60 62
time=50.9717 0/2 processing 62 64
time=52.6816 0/2 processing 64 66
time=54.3132 0/2 processing 66 68
time=55.7916 0/2 processing 68 70
time=57.7397 0/2 processing 70 72
time=59.3077 0/2 processing 72 74
time=60.7637 0/2 processing 74 76
time=62.4068 0/2 processing 76 78
time=64.5009 0/2 processing 78 80
time=66.0797 0/2 processing 80 82
time=67.5176 0/2 processing 82 84
time=69.0292 0/2 processing 84 86
time=70.6461 0/2 processing 86 88
time=72.0327 0/2 processing 88 90
time=73.5528 0/2 processing 90 92
time=74.909 0/2 processing 92 94
time=76.4801 0/2 processing 94 96
time=77.9536 0/2 processing 96 98
time=80.2095 0/2 processing 98 100
time=82.0277 0/2 processing 100 102
time=83.4611 0/2 processing 102 104
time=85.2077 0/2 processing 104 106
time=86.9997 0/2 processing 106 108
time=88.6157 0/2 processing 108 110
time=90.359 0/2 processing 110 112
time=91.4059 0/2 processing 112 114
time=92.9326 0/2 processing 114 116
time=94.6266 0/2 processing 116 118
time=96.0764 0/2 processing 118 120
time=97.6757 0/2 processing 120 122
time=99.2151 0/2 processing 122 124
time=100.969 0/2 processing 124 126
time=102.192 0/2 processing 126 128
time=103.788 0/2 processing 128 130
global_cr=4.29705
wallclock_ms=105819
compress_ms=62127
compress_bandwidth_GBps=0.0192254
wallclock_bandwidth_GBps=0.0112874
