.//tmp_files/6813.sh: line 3: 91971 Segmentation fault      speed3d_r2c fftw double 64 64 64 -a2av -slabs -r2c_dir 2 -ingrid 1024 4 1 -outgrid 128 16 2 -n5
.//tmp_files/6813.sh: line 3: 181586 Segmentation fault      speed3d_r2c fftw double 64 64 64 -a2av -slabs -r2c_dir 2 -ingrid 1024 4 1 -outgrid 128 16 2 -n5
.//tmp_files/6813.sh: line 3: 91967 Segmentation fault      speed3d_r2c fftw double 64 64 64 -a2av -slabs -r2c_dir 2 -ingrid 1024 4 1 -outgrid 128 16 2 -n5
.//tmp_files/6813.sh: line 3: 91936 Segmentation fault      speed3d_r2c fftw double 64 64 64 -a2av -slabs -r2c_dir 2 -ingrid 1024 4 1 -outgrid 128 16 2 -n5
.//tmp_files/6813.sh: line 3: 91937 Segmentation fault      speed3d_r2c fftw double 64 64 64 -a2av -slabs -r2c_dir 2 -ingrid 1024 4 1 -outgrid 128 16 2 -n5
.//tmp_files/6813.sh: line 3: 91930 Segmentation fault      speed3d_r2c fftw double 64 64 64 -a2av -slabs -r2c_dir 2 -ingrid 1024 4 1 -outgrid 128 16 2 -n5
.//tmp_files/6813.sh: line 3: 91964 Segmentation fault      speed3d_r2c fftw double 64 64 64 -a2av -slabs -r2c_dir 2 -ingrid 1024 4 1 -outgrid 128 16 2 -n5
.//tmp_files/6813.sh: line 3: 91929 Segmentation fault      speed3d_r2c fftw double 64 64 64 -a2av -slabs -r2c_dir 2 -ingrid 1024 4 1 -outgrid 128 16 2 -n5
.//tmp_files/6813.sh: line 3: 205747 Segmentation fault      speed3d_r2c fftw double 64 64 64 -a2av -slabs -r2c_dir 2 -ingrid 1024 4 1 -outgrid 128 16 2 -n5
.//tmp_files/6813.sh: line 3: 205688 Segmentation fault      speed3d_r2c fftw double 64 64 64 -a2av -slabs -r2c_dir 2 -ingrid 1024 4 1 -outgrid 128 16 2 -n5
.//tmp_files/6813.sh: line 3: 205685 Segmentation fault      speed3d_r2c fftw double 64 64 64 -a2av -slabs -r2c_dir 2 -ingrid 1024 4 1 -outgrid 128 16 2 -n5
.//tmp_files/6813.sh: line 3: 205730 Segmentation fault      speed3d_r2c fftw double 64 64 64 -a2av -slabs -r2c_dir 2 -ingrid 1024 4 1 -outgrid 128 16 2 -n5
.//tmp_files/6813.sh: line 3: 205680 Segmentation fault      speed3d_r2c fftw double 64 64 64 -a2av -slabs -r2c_dir 2 -ingrid 1024 4 1 -outgrid 128 16 2 -n5
.//tmp_files/6813.sh: line 3: 90076 Segmentation fault      speed3d_r2c fftw double 64 64 64 -a2av -slabs -r2c_dir 2 -ingrid 1024 4 1 -outgrid 128 16 2 -n5
[NID 01836] 2023-10-09 18:00:44 Apid 28840851: initiated application termination
.//tmp_files/6813.sh: line 3: 102017 Segmentation fault      speed3d_r2c fftw double 64 64 64 -a2av -slabs -r2c_dir 2 -ingrid 1024 4 1 -outgrid 128 16 2 -n5
.//tmp_files/6813.sh: line 3: 102039 Segmentation fault      speed3d_r2c fftw double 64 64 64 -a2av -slabs -r2c_dir 2 -ingrid 1024 4 1 -outgrid 128 16 2 -n5
.//tmp_files/6813.sh: line 3: 102031 Segmentation fault      speed3d_r2c fftw double 64 64 64 -a2av -slabs -r2c_dir 2 -ingrid 1024 4 1 -outgrid 128 16 2 -n5
.//tmp_files/6813.sh: line 3: 98494 Segmentation fault      speed3d_r2c fftw double 64 64 64 -a2av -slabs -r2c_dir 2 -ingrid 1024 4 1 -outgrid 128 16 2 -n5
.//tmp_files/6813.sh: line 3: 91962 Segmentation fault      speed3d_r2c fftw double 64 64 64 -a2av -slabs -r2c_dir 2 -ingrid 1024 4 1 -outgrid 128 16 2 -n5
.//tmp_files/6813.sh: line 3: 205734 Segmentation fault      speed3d_r2c fftw double 64 64 64 -a2av -slabs -r2c_dir 2 -ingrid 1024 4 1 -outgrid 128 16 2 -n5
.//tmp_files/6813.sh: line 3: 91994 Segmentation fault      speed3d_r2c fftw double 64 64 64 -a2av -slabs -r2c_dir 2 -ingrid 1024 4 1 -outgrid 128 16 2 -n5
.//tmp_files/6813.sh: line 3: 91944 Segmentation fault      speed3d_r2c fftw double 64 64 64 -a2av -slabs -r2c_dir 2 -ingrid 1024 4 1 -outgrid 128 16 2 -n5
.//tmp_files/6813.sh: line 3: 104760 Segmentation fault      speed3d_r2c fftw double 64 64 64 -a2av -slabs -r2c_dir 2 -ingrid 1024 4 1 -outgrid 128 16 2 -n5
.//tmp_files/6813.sh: line 3: 209336 Segmentation fault      speed3d_r2c fftw double 64 64 64 -a2av -slabs -r2c_dir 2 -ingrid 1024 4 1 -outgrid 128 16 2 -n5
.//tmp_files/6813.sh: line 3: 181187 Segmentation fault      speed3d_r2c fftw double 64 64 64 -a2av -slabs -r2c_dir 2 -ingrid 1024 4 1 -outgrid 128 16 2 -n5
.//tmp_files/6813.sh: line 3: 181179 Segmentation fault      speed3d_r2c fftw double 64 64 64 -a2av -slabs -r2c_dir 2 -ingrid 1024 4 1 -outgrid 128 16 2 -n5
.//tmp_files/6813.sh: line 3: 181192 Segmentation fault      speed3d_r2c fftw double 64 64 64 -a2av -slabs -r2c_dir 2 -ingrid 1024 4 1 -outgrid 128 16 2 -n5
.//tmp_files/6813.sh: line 3: 181244 Segmentation fault      speed3d_r2c fftw double 64 64 64 -a2av -slabs -r2c_dir 2 -ingrid 1024 4 1 -outgrid 128 16 2 -n5
.//tmp_files/6813.sh: line 3: 181196 Segmentation fault      speed3d_r2c fftw double 64 64 64 -a2av -slabs -r2c_dir 2 -ingrid 1024 4 1 -outgrid 128 16 2 -n5
.//tmp_files/6813.sh: line 3: 181240 Segmentation fault      speed3d_r2c fftw double 64 64 64 -a2av -slabs -r2c_dir 2 -ingrid 1024 4 1 -outgrid 128 16 2 -n5
.//tmp_files/6813.sh: line 3: 181222 Segmentation fault      speed3d_r2c fftw double 64 64 64 -a2av -slabs -r2c_dir 2 -ingrid 1024 4 1 -outgrid 128 16 2 -n5
.//tmp_files/6813.sh: line 3: 209334 Segmentation fault      speed3d_r2c fftw double 64 64 64 -a2av -slabs -r2c_dir 2 -ingrid 1024 4 1 -outgrid 128 16 2 -n5
.//tmp_files/6813.sh: line 3: 209274 Segmentation fault      speed3d_r2c fftw double 64 64 64 -a2av -slabs -r2c_dir 2 -ingrid 1024 4 1 -outgrid 128 16 2 -n5
.//tmp_files/6813.sh: line 3: 209287 Segmentation fault      speed3d_r2c fftw double 64 64 64 -a2av -slabs -r2c_dir 2 -ingrid 1024 4 1 -outgrid 128 16 2 -n5
.//tmp_files/6813.sh: line 3: 209263 Segmentation fault      speed3d_r2c fftw double 64 64 64 -a2av -slabs -r2c_dir 2 -ingrid 1024 4 1 -outgrid 128 16 2 -n5
.//tmp_files/6813.sh: line 3: 209302 Segmentation fault      speed3d_r2c fftw double 64 64 64 -a2av -slabs -r2c_dir 2 -ingrid 1024 4 1 -outgrid 128 16 2 -n5
.//tmp_files/6813.sh: line 3: 209284 Segmentation fault      speed3d_r2c fftw double 64 64 64 -a2av -slabs -r2c_dir 2 -ingrid 1024 4 1 -outgrid 128 16 2 -n5
.//tmp_files/6813.sh: line 3: 186986 Segmentation fault      speed3d_r2c fftw double 64 64 64 -a2av -slabs -r2c_dir 2 -ingrid 1024 4 1 -outgrid 128 16 2 -n5
.//tmp_files/6813.sh: line 3: 104725 Segmentation fault      speed3d_r2c fftw double 64 64 64 -a2av -slabs -r2c_dir 2 -ingrid 1024 4 1 -outgrid 128 16 2 -n5
.//tmp_files/6813.sh: line 3: 104724 Segmentation fault      speed3d_r2c fftw double 64 64 64 -a2av -slabs -r2c_dir 2 -ingrid 1024 4 1 -outgrid 128 16 2 -n5
.//tmp_files/6813.sh: line 3: 104732 Segmentation fault      speed3d_r2c fftw double 64 64 64 -a2av -slabs -r2c_dir 2 -ingrid 1024 4 1 -outgrid 128 16 2 -n5
.//tmp_files/6813.sh: line 3: 104781 Segmentation fault      speed3d_r2c fftw double 64 64 64 -a2av -slabs -r2c_dir 2 -ingrid 1024 4 1 -outgrid 128 16 2 -n5
.//tmp_files/6813.sh: line 3: 104765 Segmentation fault      speed3d_r2c fftw double 64 64 64 -a2av -slabs -r2c_dir 2 -ingrid 1024 4 1 -outgrid 128 16 2 -n5
.//tmp_files/6813.sh: line 3: 104719 Segmentation fault      speed3d_r2c fftw double 64 64 64 -a2av -slabs -r2c_dir 2 -ingrid 1024 4 1 -outgrid 128 16 2 -n5
.//tmp_files/6813.sh: line 3: 104726 Segmentation fault      speed3d_r2c fftw double 64 64 64 -a2av -slabs -r2c_dir 2 -ingrid 1024 4 1 -outgrid 128 16 2 -n5
.//tmp_files/6813.sh: line 3: 104727 Segmentation fault      speed3d_r2c fftw double 64 64 64 -a2av -slabs -r2c_dir 2 -ingrid 1024 4 1 -outgrid 128 16 2 -n5
.//tmp_files/6813.sh: line 3: 104751 Segmentation fault      speed3d_r2c fftw double 64 64 64 -a2av -slabs -r2c_dir 2 -ingrid 1024 4 1 -outgrid 128 16 2 -n5
.//tmp_files/6813.sh: line 3: 104763 Segmentation fault      speed3d_r2c fftw double 64 64 64 -a2av -slabs -r2c_dir 2 -ingrid 1024 4 1 -outgrid 128 16 2 -n5
.//tmp_files/6813.sh: line 3: 187031 Segmentation fault      speed3d_r2c fftw double 64 64 64 -a2av -slabs -r2c_dir 2 -ingrid 1024 4 1 -outgrid 128 16 2 -n5
.//tmp_files/6813.sh: line 3: 181213 Segmentation fault      speed3d_r2c fftw double 64 64 64 -a2av -slabs -r2c_dir 2 -ingrid 1024 4 1 -outgrid 128 16 2 -n5
.//tmp_files/6813.sh: line 3: 181194 Segmentation fault      speed3d_r2c fftw double 64 64 64 -a2av -slabs -r2c_dir 2 -ingrid 1024 4 1 -outgrid 128 16 2 -n5
.//tmp_files/6813.sh: line 3: 206386 Segmentation fault      speed3d_r2c fftw double 64 64 64 -a2av -slabs -r2c_dir 2 -ingrid 1024 4 1 -outgrid 128 16 2 -n5
.//tmp_files/6813.sh: line 3: 209329 Segmentation fault      speed3d_r2c fftw double 64 64 64 -a2av -slabs -r2c_dir 2 -ingrid 1024 4 1 -outgrid 128 16 2 -n5
.//tmp_files/6813.sh: line 3: 209342 Segmentation fault      speed3d_r2c fftw double 64 64 64 -a2av -slabs -r2c_dir 2 -ingrid 1024 4 1 -outgrid 128 16 2 -n5
.//tmp_files/6813.sh: line 3: 209269 Segmentation fault      speed3d_r2c fftw double 64 64 64 -a2av -slabs -r2c_dir 2 -ingrid 1024 4 1 -outgrid 128 16 2 -n5
.//tmp_files/6813.sh: line 3: 186992 Segmentation fault      speed3d_r2c fftw double 64 64 64 -a2av -slabs -r2c_dir 2 -ingrid 1024 4 1 -outgrid 128 16 2 -n5
.//tmp_files/6813.sh: line 3: 91940 Segmentation fault      speed3d_r2c fftw double 64 64 64 -a2av -slabs -r2c_dir 2 -ingrid 1024 4 1 -outgrid 128 16 2 -n5
.//tmp_files/6813.sh: line 3: 104713 Segmentation fault      speed3d_r2c fftw double 64 64 64 -a2av -slabs -r2c_dir 2 -ingrid 1024 4 1 -outgrid 128 16 2 -n5
.//tmp_files/6813.sh: line 3: 104712 Segmentation fault      speed3d_r2c fftw double 64 64 64 -a2av -slabs -r2c_dir 2 -ingrid 1024 4 1 -outgrid 128 16 2 -n5
.//tmp_files/6813.sh: line 3: 110575 Segmentation fault      speed3d_r2c fftw double 64 64 64 -a2av -slabs -r2c_dir 2 -ingrid 1024 4 1 -outgrid 128 16 2 -n5
.//tmp_files/6813.sh: line 3: 110583 Segmentation fault      speed3d_r2c fftw double 64 64 64 -a2av -slabs -r2c_dir 2 -ingrid 1024 4 1 -outgrid 128 16 2 -n5
.//tmp_files/6813.sh: line 3: 110571 Segmentation fault      speed3d_r2c fftw double 64 64 64 -a2av -slabs -r2c_dir 2 -ingrid 1024 4 1 -outgrid 128 16 2 -n5
.//tmp_files/6813.sh: line 3: 209304 Segmentation fault      speed3d_r2c fftw double 64 64 64 -a2av -slabs -r2c_dir 2 -ingrid 1024 4 1 -outgrid 128 16 2 -n5
.//tmp_files/6813.sh: line 3: 209321 Segmentation fault      speed3d_r2c fftw double 64 64 64 -a2av -slabs -r2c_dir 2 -ingrid 1024 4 1 -outgrid 128 16 2 -n5
.//tmp_files/6813.sh: line 3: 202962 Segmentation fault      speed3d_r2c fftw double 64 64 64 -a2av -slabs -r2c_dir 2 -ingrid 1024 4 1 -outgrid 128 16 2 -n5
.//tmp_files/6813.sh: line 3: 181200 Segmentation fault      speed3d_r2c fftw double 64 64 64 -a2av -slabs -r2c_dir 2 -ingrid 1024 4 1 -outgrid 128 16 2 -n5
.//tmp_files/6813.sh: line 3: 202884 Segmentation fault      speed3d_r2c fftw double 64 64 64 -a2av -slabs -r2c_dir 2 -ingrid 1024 4 1 -outgrid 128 16 2 -n5
.//tmp_files/6813.sh: line 3: 202909 Segmentation fault      speed3d_r2c fftw double 64 64 64 -a2av -slabs -r2c_dir 2 -ingrid 1024 4 1 -outgrid 128 16 2 -n5
.//tmp_files/6813.sh: line 3: 202895 Segmentation fault      speed3d_r2c fftw double 64 64 64 -a2av -slabs -r2c_dir 2 -ingrid 1024 4 1 -outgrid 128 16 2 -n5
.//tmp_files/6813.sh: line 3: 202878 Segmentation fault      speed3d_r2c fftw double 64 64 64 -a2av -slabs -r2c_dir 2 -ingrid 1024 4 1 -outgrid 128 16 2 -n5
.//tmp_files/6813.sh: line 3: 202911 Segmentation fault      speed3d_r2c fftw double 64 64 64 -a2av -slabs -r2c_dir 2 -ingrid 1024 4 1 -outgrid 128 16 2 -n5
.//tmp_files/6813.sh: line 3: 99319 Segmentation fault      speed3d_r2c fftw double 64 64 64 -a2av -slabs -r2c_dir 2 -ingrid 1024 4 1 -outgrid 128 16 2 -n5
.//tmp_files/6813.sh: line 3: 98608 Segmentation fault      speed3d_r2c fftw double 64 64 64 -a2av -slabs -r2c_dir 2 -ingrid 1024 4 1 -outgrid 128 16 2 -n5
.//tmp_files/6813.sh: line 3: 102040 Segmentation fault      speed3d_r2c fftw double 64 64 64 -a2av -slabs -r2c_dir 2 -ingrid 1024 4 1 -outgrid 128 16 2 -n5
.//tmp_files/6813.sh: line 3: 107056 Segmentation fault      speed3d_r2c fftw double 64 64 64 -a2av -slabs -r2c_dir 2 -ingrid 1024 4 1 -outgrid 128 16 2 -n5
.//tmp_files/6813.sh: line 3: 93535 Segmentation fault      speed3d_r2c fftw double 64 64 64 -a2av -slabs -r2c_dir 2 -ingrid 1024 4 1 -outgrid 128 16 2 -n5
.//tmp_files/6813.sh: line 3: 93563 Segmentation fault      speed3d_r2c fftw double 64 64 64 -a2av -slabs -r2c_dir 2 -ingrid 1024 4 1 -outgrid 128 16 2 -n5
.//tmp_files/6813.sh: line 3: 93549 Segmentation fault      speed3d_r2c fftw double 64 64 64 -a2av -slabs -r2c_dir 2 -ingrid 1024 4 1 -outgrid 128 16 2 -n5
.//tmp_files/6813.sh: line 3: 93566 Segmentation fault      speed3d_r2c fftw double 64 64 64 -a2av -slabs -r2c_dir 2 -ingrid 1024 4 1 -outgrid 128 16 2 -n5
.//tmp_files/6813.sh: line 3: 93524 Segmentation fault      speed3d_r2c fftw double 64 64 64 -a2av -slabs -r2c_dir 2 -ingrid 1024 4 1 -outgrid 128 16 2 -n5
.//tmp_files/6813.sh: line 3: 93541 Segmentation fault      speed3d_r2c fftw double 64 64 64 -a2av -slabs -r2c_dir 2 -ingrid 1024 4 1 -outgrid 128 16 2 -n5
.//tmp_files/6813.sh: line 3: 93558 Segmentation fault      speed3d_r2c fftw double 64 64 64 -a2av -slabs -r2c_dir 2 -ingrid 1024 4 1 -outgrid 128 16 2 -n5
.//tmp_files/6813.sh: line 3: 93540 Segmentation fault      speed3d_r2c fftw double 64 64 64 -a2av -slabs -r2c_dir 2 -ingrid 1024 4 1 -outgrid 128 16 2 -n5
.//tmp_files/6813.sh: line 3: 110760 Segmentation fault      speed3d_r2c fftw double 64 64 64 -a2av -slabs -r2c_dir 2 -ingrid 1024 4 1 -outgrid 128 16 2 -n5
.//tmp_files/6813.sh: line 3: 110758 Segmentation fault      speed3d_r2c fftw double 64 64 64 -a2av -slabs -r2c_dir 2 -ingrid 1024 4 1 -outgrid 128 16 2 -n5
.//tmp_files/6813.sh: line 3: 90070 Segmentation fault      speed3d_r2c fftw double 64 64 64 -a2av -slabs -r2c_dir 2 -ingrid 1024 4 1 -outgrid 128 16 2 -n5
.//tmp_files/6813.sh: line 3: 90073 Segmentation fault      speed3d_r2c fftw double 64 64 64 -a2av -slabs -r2c_dir 2 -ingrid 1024 4 1 -outgrid 128 16 2 -n5
.//tmp_files/6813.sh: line 3: 90077 Segmentation fault      speed3d_r2c fftw double 64 64 64 -a2av -slabs -r2c_dir 2 -ingrid 1024 4 1 -outgrid 128 16 2 -n5
.//tmp_files/6813.sh: line 3: 90078 Segmentation fault      speed3d_r2c fftw double 64 64 64 -a2av -slabs -r2c_dir 2 -ingrid 1024 4 1 -outgrid 128 16 2 -n5
.//tmp_files/6813.sh: line 3: 90081 Segmentation fault      speed3d_r2c fftw double 64 64 64 -a2av -slabs -r2c_dir 2 -ingrid 1024 4 1 -outgrid 128 16 2 -n5
.//tmp_files/6813.sh: line 3: 90084 Segmentation fault      speed3d_r2c fftw double 64 64 64 -a2av -slabs -r2c_dir 2 -ingrid 1024 4 1 -outgrid 128 16 2 -n5
.//tmp_files/6813.sh: line 3: 90085 Segmentation fault      speed3d_r2c fftw double 64 64 64 -a2av -slabs -r2c_dir 2 -ingrid 1024 4 1 -outgrid 128 16 2 -n5
.//tmp_files/6813.sh: line 3: 90080 Segmentation fault      speed3d_r2c fftw double 64 64 64 -a2av -slabs -r2c_dir 2 -ingrid 1024 4 1 -outgrid 128 16 2 -n5
.//tmp_files/6813.sh: line 3: 90079 Segmentation fault      speed3d_r2c fftw double 64 64 64 -a2av -slabs -r2c_dir 2 -ingrid 1024 4 1 -outgrid 128 16 2 -n5
.//tmp_files/6813.sh: line 3: 90086 Segmentation fault      speed3d_r2c fftw double 64 64 64 -a2av -slabs -r2c_dir 2 -ingrid 1024 4 1 -outgrid 128 16 2 -n5
.//tmp_files/6813.sh: line 3: 194673 Segmentation fault      speed3d_r2c fftw double 64 64 64 -a2av -slabs -r2c_dir 2 -ingrid 1024 4 1 -outgrid 128 16 2 -n5
.//tmp_files/6813.sh: line 3: 194690 Segmentation fault      speed3d_r2c fftw double 64 64 64 -a2av -slabs -r2c_dir 2 -ingrid 1024 4 1 -outgrid 128 16 2 -n5
.//tmp_files/6813.sh: line 3: 189045 Segmentation fault      speed3d_r2c fftw double 64 64 64 -a2av -slabs -r2c_dir 2 -ingrid 1024 4 1 -outgrid 128 16 2 -n5
.//tmp_files/6813.sh: line 3: 209314 Segmentation fault      speed3d_r2c fftw double 64 64 64 -a2av -slabs -r2c_dir 2 -ingrid 1024 4 1 -outgrid 128 16 2 -n5
.//tmp_files/6813.sh: line 3: 205941 Segmentation fault      speed3d_r2c fftw double 64 64 64 -a2av -slabs -r2c_dir 2 -ingrid 1024 4 1 -outgrid 128 16 2 -n5
.//tmp_files/6813.sh: line 3: 202879 Segmentation fault      speed3d_r2c fftw double 64 64 64 -a2av -slabs -r2c_dir 2 -ingrid 1024 4 1 -outgrid 128 16 2 -n5
.//tmp_files/6813.sh: line 3: 203626 Segmentation fault      speed3d_r2c fftw double 64 64 64 -a2av -slabs -r2c_dir 2 -ingrid 1024 4 1 -outgrid 128 16 2 -n5
.//tmp_files/6813.sh: line 3: 205735 Segmentation fault      speed3d_r2c fftw double 64 64 64 -a2av -slabs -r2c_dir 2 -ingrid 1024 4 1 -outgrid 128 16 2 -n5
.//tmp_files/6813.sh: line 3: 205744 Segmentation fault      speed3d_r2c fftw double 64 64 64 -a2av -slabs -r2c_dir 2 -ingrid 1024 4 1 -outgrid 128 16 2 -n5
.//tmp_files/6813.sh: line 3: 205745 Segmentation fault      speed3d_r2c fftw double 64 64 64 -a2av -slabs -r2c_dir 2 -ingrid 1024 4 1 -outgrid 128 16 2 -n5
.//tmp_files/6813.sh: line 3: 205749 Segmentation fault      speed3d_r2c fftw double 64 64 64 -a2av -slabs -r2c_dir 2 -ingrid 1024 4 1 -outgrid 128 16 2 -n5
.//tmp_files/6813.sh: line 3: 190118 Segmentation fault      speed3d_r2c fftw double 64 64 64 -a2av -slabs -r2c_dir 2 -ingrid 1024 4 1 -outgrid 128 16 2 -n5
.//tmp_files/6813.sh: line 3: 190115 Segmentation fault      speed3d_r2c fftw double 64 64 64 -a2av -slabs -r2c_dir 2 -ingrid 1024 4 1 -outgrid 128 16 2 -n5
.//tmp_files/6813.sh: line 3: 202374 Segmentation fault      speed3d_r2c fftw double 64 64 64 -a2av -slabs -r2c_dir 2 -ingrid 1024 4 1 -outgrid 128 16 2 -n5
.//tmp_files/6813.sh: line 3: 202359 Segmentation fault      speed3d_r2c fftw double 64 64 64 -a2av -slabs -r2c_dir 2 -ingrid 1024 4 1 -outgrid 128 16 2 -n5
.//tmp_files/6813.sh: line 3: 202362 Segmentation fault      speed3d_r2c fftw double 64 64 64 -a2av -slabs -r2c_dir 2 -ingrid 1024 4 1 -outgrid 128 16 2 -n5
.//tmp_files/6813.sh: line 3: 202385 Segmentation fault      speed3d_r2c fftw double 64 64 64 -a2av -slabs -r2c_dir 2 -ingrid 1024 4 1 -outgrid 128 16 2 -n5
.//tmp_files/6813.sh: line 3: 202352 Segmentation fault      speed3d_r2c fftw double 64 64 64 -a2av -slabs -r2c_dir 2 -ingrid 1024 4 1 -outgrid 128 16 2 -n5
.//tmp_files/6813.sh: line 3: 202371 Segmentation fault      speed3d_r2c fftw double 64 64 64 -a2av -slabs -r2c_dir 2 -ingrid 1024 4 1 -outgrid 128 16 2 -n5
.//tmp_files/6813.sh: line 3: 202354 Segmentation fault      speed3d_r2c fftw double 64 64 64 -a2av -slabs -r2c_dir 2 -ingrid 1024 4 1 -outgrid 128 16 2 -n5
.//tmp_files/6813.sh: line 3: 202376 Segmentation fault      speed3d_r2c fftw double 64 64 64 -a2av -slabs -r2c_dir 2 -ingrid 1024 4 1 -outgrid 128 16 2 -n5
.//tmp_files/6813.sh: line 3: 202395 Segmentation fault      speed3d_r2c fftw double 64 64 64 -a2av -slabs -r2c_dir 2 -ingrid 1024 4 1 -outgrid 128 16 2 -n5
.//tmp_files/6813.sh: line 3: 181550 Segmentation fault      speed3d_r2c fftw double 64 64 64 -a2av -slabs -r2c_dir 2 -ingrid 1024 4 1 -outgrid 128 16 2 -n5
.//tmp_files/6813.sh: line 3: 102011 Segmentation fault      speed3d_r2c fftw double 64 64 64 -a2av -slabs -r2c_dir 2 -ingrid 1024 4 1 -outgrid 128 16 2 -n5
.//tmp_files/6813.sh: line 3: 102013 Segmentation fault      speed3d_r2c fftw double 64 64 64 -a2av -slabs -r2c_dir 2 -ingrid 1024 4 1 -outgrid 128 16 2 -n5
.//tmp_files/6813.sh: line 3: 102024 Segmentation fault      speed3d_r2c fftw double 64 64 64 -a2av -slabs -r2c_dir 2 -ingrid 1024 4 1 -outgrid 128 16 2 -n5
.//tmp_files/6813.sh: line 3: 181580 Segmentation fault      speed3d_r2c fftw double 64 64 64 -a2av -slabs -r2c_dir 2 -ingrid 1024 4 1 -outgrid 128 16 2 -n5
.//tmp_files/6813.sh: line 3: 181535 Segmentation fault      speed3d_r2c fftw double 64 64 64 -a2av -slabs -r2c_dir 2 -ingrid 1024 4 1 -outgrid 128 16 2 -n5
.//tmp_files/6813.sh: line 3: 202905 Segmentation fault      speed3d_r2c fftw double 64 64 64 -a2av -slabs -r2c_dir 2 -ingrid 1024 4 1 -outgrid 128 16 2 -n5
.//tmp_files/6813.sh: line 3: 202922 Segmentation fault      speed3d_r2c fftw double 64 64 64 -a2av -slabs -r2c_dir 2 -ingrid 1024 4 1 -outgrid 128 16 2 -n5
.//tmp_files/6813.sh: line 3: 181558 Segmentation fault      speed3d_r2c fftw double 64 64 64 -a2av -slabs -r2c_dir 2 -ingrid 1024 4 1 -outgrid 128 16 2 -n5
.//tmp_files/6813.sh: line 3: 181565 Segmentation fault      speed3d_r2c fftw double 64 64 64 -a2av -slabs -r2c_dir 2 -ingrid 1024 4 1 -outgrid 128 16 2 -n5
.//tmp_files/6813.sh: line 3: 181556 Segmentation fault      speed3d_r2c fftw double 64 64 64 -a2av -slabs -r2c_dir 2 -ingrid 1024 4 1 -outgrid 128 16 2 -n5
.//tmp_files/6813.sh: line 3: 181533 Segmentation fault      speed3d_r2c fftw double 64 64 64 -a2av -slabs -r2c_dir 2 -ingrid 1024 4 1 -outgrid 128 16 2 -n5
.//tmp_files/6813.sh: line 3: 181525 Segmentation fault      speed3d_r2c fftw double 64 64 64 -a2av -slabs -r2c_dir 2 -ingrid 1024 4 1 -outgrid 128 16 2 -n5
.//tmp_files/6813.sh: line 3: 181526 Segmentation fault      speed3d_r2c fftw double 64 64 64 -a2av -slabs -r2c_dir 2 -ingrid 1024 4 1 -outgrid 128 16 2 -n5
.//tmp_files/6813.sh: line 3: 101990 Segmentation fault      speed3d_r2c fftw double 64 64 64 -a2av -slabs -r2c_dir 2 -ingrid 1024 4 1 -outgrid 128 16 2 -n5
.//tmp_files/6813.sh: line 3: 101977 Segmentation fault      speed3d_r2c fftw double 64 64 64 -a2av -slabs -r2c_dir 2 -ingrid 1024 4 1 -outgrid 128 16 2 -n5
.//tmp_files/6813.sh: line 3: 102030 Segmentation fault      speed3d_r2c fftw double 64 64 64 -a2av -slabs -r2c_dir 2 -ingrid 1024 4 1 -outgrid 128 16 2 -n5
.//tmp_files/6813.sh: line 3: 102034 Segmentation fault      speed3d_r2c fftw double 64 64 64 -a2av -slabs -r2c_dir 2 -ingrid 1024 4 1 -outgrid 128 16 2 -n5
.//tmp_files/6813.sh: line 3: 181530 Segmentation fault      speed3d_r2c fftw double 64 64 64 -a2av -slabs -r2c_dir 2 -ingrid 1024 4 1 -outgrid 128 16 2 -n5
.//tmp_files/6813.sh: line 3: 181542 Segmentation fault      speed3d_r2c fftw double 64 64 64 -a2av -slabs -r2c_dir 2 -ingrid 1024 4 1 -outgrid 128 16 2 -n5
.//tmp_files/6813.sh: line 3: 181519 Segmentation fault      speed3d_r2c fftw double 64 64 64 -a2av -slabs -r2c_dir 2 -ingrid 1024 4 1 -outgrid 128 16 2 -n5
.//tmp_files/6813.sh: line 3: 181522 Segmentation fault      speed3d_r2c fftw double 64 64 64 -a2av -slabs -r2c_dir 2 -ingrid 1024 4 1 -outgrid 128 16 2 -n5
.//tmp_files/6813.sh: line 3: 181554 Segmentation fault      speed3d_r2c fftw double 64 64 64 -a2av -slabs -r2c_dir 2 -ingrid 1024 4 1 -outgrid 128 16 2 -n5
.//tmp_files/6813.sh: line 3: 101983 Segmentation fault      speed3d_r2c fftw double 64 64 64 -a2av -slabs -r2c_dir 2 -ingrid 1024 4 1 -outgrid 128 16 2 -n5
.//tmp_files/6813.sh: line 3: 102028 Segmentation fault      speed3d_r2c fftw double 64 64 64 -a2av -slabs -r2c_dir 2 -ingrid 1024 4 1 -outgrid 128 16 2 -n5
.//tmp_files/6813.sh: line 3: 102010 Segmentation fault      speed3d_r2c fftw double 64 64 64 -a2av -slabs -r2c_dir 2 -ingrid 1024 4 1 -outgrid 128 16 2 -n5
.//tmp_files/6813.sh: line 3: 101999 Segmentation fault      speed3d_r2c fftw double 64 64 64 -a2av -slabs -r2c_dir 2 -ingrid 1024 4 1 -outgrid 128 16 2 -n5
.//tmp_files/6813.sh: line 3: 102022 Segmentation fault      speed3d_r2c fftw double 64 64 64 -a2av -slabs -r2c_dir 2 -ingrid 1024 4 1 -outgrid 128 16 2 -n5
.//tmp_files/6813.sh: line 3: 101988 Segmentation fault      speed3d_r2c fftw double 64 64 64 -a2av -slabs -r2c_dir 2 -ingrid 1024 4 1 -outgrid 128 16 2 -n5
.//tmp_files/6813.sh: line 3: 101981 Segmentation fault      speed3d_r2c fftw double 64 64 64 -a2av -slabs -r2c_dir 2 -ingrid 1024 4 1 -outgrid 128 16 2 -n5
.//tmp_files/6813.sh: line 3: 101984 Segmentation fault      speed3d_r2c fftw double 64 64 64 -a2av -slabs -r2c_dir 2 -ingrid 1024 4 1 -outgrid 128 16 2 -n5
.//tmp_files/6813.sh: line 3: 101976 Segmentation fault      speed3d_r2c fftw double 64 64 64 -a2av -slabs -r2c_dir 2 -ingrid 1024 4 1 -outgrid 128 16 2 -n5
.//tmp_files/6813.sh: line 3: 102035 Segmentation fault      speed3d_r2c fftw double 64 64 64 -a2av -slabs -r2c_dir 2 -ingrid 1024 4 1 -outgrid 128 16 2 -n5
Application 28840851 exit codes: 139
Application 28840851 exit signals: Killed
Application 28840851 resources: utime ~736s, stime ~314s, Rss ~41428, inblocks ~302548, outblocks ~0
