time=5.60745 0/2 /pressio/roibin/background/pressio/noop:metrics:copy_compressor_results <int32> = 1
/pressio/roibin/background/pressio/noop:metrics:errors_fatal <int32> = 1
/pressio/roibin/background/pressio/noop:noop:metric <char*> = "noop"
/pressio/roibin/background/pressio/noop:pressio:metric <char*> = "noop"
/pressio/roibin/background/pressio:metrics:copy_compressor_results <int32> = 1
/pressio/roibin/background/pressio:metrics:errors_fatal <int32> = 1
/pressio/roibin/background/pressio:pressio:bound_name <char*> = <empty>
/pressio/roibin/background/pressio:pressio:compressor <char*> = "noop"
/pressio/roibin/background/pressio:pressio:metric <char*> = "noop"
/pressio/roibin/background/pressio:pressio:reset_mode <bool> = <empty>
/pressio/roibin/background:binning:compressor <char*> = "pressio"
/pressio/roibin/background:binning:metric <char*> = "noop"
/pressio/roibin/background:binning:nthreads <uint32> = 3
/pressio/roibin/background:binning:shape <data> = data{ type=double dims={3, } has_data=[2, 2, 1, ]}
/pressio/roibin/background:metrics:copy_compressor_results <int32> = 1
/pressio/roibin/background:metrics:errors_fatal <int32> = 1
/pressio/roibin/background:pressio:metric <char*> = "noop"
/pressio/roibin/background:pressio:nthreads <uint32> = 3
/pressio/roibin/roi:fpzip:has_header <int32> = 0
/pressio/roibin/roi:fpzip:metric <char*> = "noop"
/pressio/roibin/roi:fpzip:prec <int32> = 0
/pressio/roibin/roi:metrics:copy_compressor_results <int32> = 1
/pressio/roibin/roi:metrics:errors_fatal <int32> = 1
/pressio/roibin/roi:pressio:metric <char*> = "noop"
/pressio/roibin:metrics:copy_compressor_results <int32> = 1
/pressio/roibin:metrics:errors_fatal <int32> = 1
/pressio/roibin:pressio:metric <char*> = "noop"
/pressio/roibin:pressio:nthreads <uint32> = 2
/pressio/roibin:roibin:background <char*> = "binning"
/pressio/roibin:roibin:centers <data> = data{ type=uint64_t dims={} has_data=false}
/pressio/roibin:roibin:metric <char*> = "noop"
/pressio/roibin:roibin:nthreads <uint32> = 2
/pressio/roibin:roibin:roi <char*> = "fpzip"
/pressio/roibin:roibin:roi_size <data> = data{ type=double dims={3, } has_data=[8, 8, 0, ]}
/pressio/roibin:roibin:roi_strategy <char*> = "coordinates"
/pressio:metrics:copy_compressor_results <int32> = 1
/pressio:metrics:errors_fatal <int32> = 1
/pressio:pressio:bound_name <char*> = <empty>
/pressio:pressio:compressor <char*> = "roibin"
/pressio:pressio:metric <char*> = "noop"
/pressio:pressio:reset_mode <bool> = <empty>

time=5.60752 0/2 global data_dims{130, 1480, 1552}
time=5.60752 0/2 global peakx_dims{130, 2048}
time=5.60752 0/2 global peaky_dims{130, 2048}
time=5.60753 0/2 global npeaks{130}
time=5.60753 0/2 processing 0 2
time=14.9053 0/2 processing 2 4
time=23.3492 0/2 processing 4 6
time=35.313 0/2 processing 6 8
time=57.6572 0/2 processing 8 10
time=66.893 0/2 processing 10 12
time=87.6928 0/2 processing 12 14
time=96.9331 0/2 processing 14 16
time=110.289 0/2 processing 16 18
time=122.841 0/2 processing 18 20
time=133.649 0/2 processing 20 22
time=144.801 0/2 processing 22 24
time=161.325 0/2 processing 24 26
time=172.305 0/2 processing 26 28
time=184.197 0/2 processing 28 30
time=200.361 0/2 processing 30 32
time=216.681 0/2 processing 32 34
time=226.245 0/2 processing 34 36
time=239.877 0/2 processing 36 38
time=255.969 0/2 processing 38 40
time=265.137 0/2 processing 40 42
time=274.413 0/2 processing 42 44
x3109c0s13b1n0.hsn.cm.polaris.alcf.anl.gov: rank 1 died from signal 15
