“RANK= 5 LOCAL_RANK= 1 gpu= 2”
“RANK= 4 LOCAL_RANK= 0 gpu= 3”
“RANK= 16 LOCAL_RANK= 0 gpu= 3”
“RANK= 17 LOCAL_RANK= 1 gpu= 2”
“RANK= 18 LOCAL_RANK= 2 gpu= 1”
“RANK= 19 LOCAL_RANK= 3 gpu= 0”
“RANK= 6 LOCAL_RANK= 2 gpu= 1”
“RANK= 7 LOCAL_RANK= 3 gpu= 0”
“RANK= 29 LOCAL_RANK= 1 gpu= 2”
“RANK= 28 LOCAL_RANK= 0 gpu= 3”
“RANK= 30 LOCAL_RANK= 2 gpu= 1”
“RANK= 31 LOCAL_RANK= 3 gpu= 0”
“RANK= 0 LOCAL_RANK= 0 gpu= 3”
“RANK= 1 LOCAL_RANK= 1 gpu= 2”
“RANK= 3 LOCAL_RANK= 3 gpu= 0”
+ '[' -z '' ']'
+ case "$-" in
+ __lmod_vx=x
+ '[' -z '' ']'
+ case "$-" in
+ __lmod_vx=x
Shell debugging temporarily silenced: export LMOD_SH_DBG_ON=1 for this output (/usr/share/lmod/lmod/init/bash)
“RANK= 2 LOCAL_RANK= 2 gpu= 1”
Shell debugging temporarily silenced: export LMOD_SH_DBG_ON=1 for this output (/usr/share/lmod/lmod/init/bash)
+ '[' -n x ']'
+ set +x
“RANK= 27 LOCAL_RANK= 3 gpu= 0”
+ '[' -n x ']'
+ set +x
+ '[' -z '' ']'
+ case "$-" in
+ __lmod_vx=x
“RANK= 24 LOCAL_RANK= 0 gpu= 3”
+ '[' -z '' ']'
+ case "$-" in
+ __lmod_vx=x
+ '[' -n x ']'
+ set +x
Shell debugging restarted
+ unset __lmod_vx
+ '[' -z '' ']'
+ case "$-" in
+ __lmod_vx=x
+ '[' -n x ']'
+ set +x
Shell debugging temporarily silenced: export LMOD_SH_DBG_ON=1 for this output (/usr/share/lmod/lmod/init/bash)
Shell debugging temporarily silenced: export LMOD_SH_DBG_ON=1 for this output (/usr/share/lmod/lmod/init/bash)
+ '[' -n x ']'
+ set +x
Shell debugging restarted
+ unset __lmod_vx
+ '[' -z '' ']'
+ case "$-" in
+ __lmod_vx=x
+ '[' -n x ']'
+ set +x
Shell debugging temporarily silenced: export LMOD_SH_DBG_ON=1 for this output (/usr/share/lmod/lmod/init/bash)
Shell debugging temporarily silenced: export LMOD_SH_DBG_ON=1 for this output (/usr/share/lmod/lmod/init/bash)
Shell debugging temporarily silenced: export LMOD_SH_DBG_ON=1 for this output (/usr/share/lmod/lmod/init/bash)
+ '[' -z '' ']'
+ case "$-" in
+ __lmod_vx=x
+ '[' -n x ']'
+ set +x
“RANK= 26 LOCAL_RANK= 2 gpu= 1”
+ '[' -z '' ']'
+ case "$-" in
+ __lmod_vx=x
+ '[' -n x ']'
+ set +x
Shell debugging temporarily silenced: export LMOD_SH_DBG_ON=1 for this output (/usr/share/lmod/lmod/init/bash)
“RANK= 25 LOCAL_RANK= 1 gpu= 2”
Shell debugging restarted
+ unset __lmod_vx
Shell debugging restarted
+ unset __lmod_vx
Shell debugging restarted
+ unset __lmod_vx
Shell debugging restarted
+ unset __lmod_vx
+ speed3d_r2c cufft double 256 512 512 -reorder -a2a -p2p_pl -ingrid 2 2 8 -outgrid 1 2 16 -n5
+ speed3d_r2c cufft double 256 512 512 -reorder -a2a -p2p_pl -ingrid 2 2 8 -outgrid 1 2 16 -n5
+ speed3d_r2c cufft double 256 512 512 -reorder -a2a -p2p_pl -ingrid 2 2 8 -outgrid 1 2 16 -n5
+ speed3d_r2c cufft double 256 512 512 -reorder -a2a -p2p_pl -ingrid 2 2 8 -outgrid 1 2 16 -n5
+ speed3d_r2c cufft double 256 512 512 -reorder -a2a -p2p_pl -ingrid 2 2 8 -outgrid 1 2 16 -n5
+ speed3d_r2c cufft double 256 512 512 -reorder -a2a -p2p_pl -ingrid 2 2 8 -outgrid 1 2 16 -n5
Shell debugging restarted
+ unset __lmod_vx
Shell debugging restarted
+ unset __lmod_vx
+ speed3d_r2c cufft double 256 512 512 -reorder -a2a -p2p_pl -ingrid 2 2 8 -outgrid 1 2 16 -n5
+ speed3d_r2c cufft double 256 512 512 -reorder -a2a -p2p_pl -ingrid 2 2 8 -outgrid 1 2 16 -n5
“RANK= 21 LOCAL_RANK= 1 gpu= 2”
+ '[' -z '' ']'
+ case "$-" in
+ __lmod_vx=x
+ '[' -n x ']'
+ set +x
“RANK= 20 LOCAL_RANK= 0 gpu= 3”
Shell debugging temporarily silenced: export LMOD_SH_DBG_ON=1 for this output (/usr/share/lmod/lmod/init/bash)
+ '[' -z '' ']'
+ case "$-" in
+ __lmod_vx=x
+ '[' -n x ']'
+ set +x
+ '[' -z '' ']'
+ case "$-" in
+ __lmod_vx=x
+ '[' -n x ']'
+ set +x
“RANK= 22 LOCAL_RANK= 2 gpu= 1”
+ '[' -z '' ']'
+ case "$-" in
+ __lmod_vx=x
+ '[' -n x ']'
+ set +x
Shell debugging temporarily silenced: export LMOD_SH_DBG_ON=1 for this output (/usr/share/lmod/lmod/init/bash)
“RANK= 13 LOCAL_RANK= 1 gpu= 2”
“RANK= 23 LOCAL_RANK= 3 gpu= 0”
Shell debugging temporarily silenced: export LMOD_SH_DBG_ON=1 for this output (/usr/share/lmod/lmod/init/bash)
“RANK= 12 LOCAL_RANK= 0 gpu= 3”
Shell debugging temporarily silenced: export LMOD_SH_DBG_ON=1 for this output (/usr/share/lmod/lmod/init/bash)
Shell debugging restarted
+ unset __lmod_vx
“RANK= 14 LOCAL_RANK= 2 gpu= 1”
Shell debugging restarted
+ unset __lmod_vx
Shell debugging restarted
+ unset __lmod_vx
“RANK= 15 LOCAL_RANK= 3 gpu= 0”
Shell debugging restarted
+ unset __lmod_vx
+ speed3d_r2c cufft double 256 512 512 -reorder -a2a -p2p_pl -ingrid 2 2 8 -outgrid 1 2 16 -n5
+ speed3d_r2c cufft double 256 512 512 -reorder -a2a -p2p_pl -ingrid 2 2 8 -outgrid 1 2 16 -n5
+ speed3d_r2c cufft double 256 512 512 -reorder -a2a -p2p_pl -ingrid 2 2 8 -outgrid 1 2 16 -n5
+ speed3d_r2c cufft double 256 512 512 -reorder -a2a -p2p_pl -ingrid 2 2 8 -outgrid 1 2 16 -n5
+ '[' -z '' ']'
+ case "$-" in
+ __lmod_vx=x
+ '[' -n x ']'
+ set +x
+ '[' -z '' ']'
+ case "$-" in
+ __lmod_vx=x
Shell debugging temporarily silenced: export LMOD_SH_DBG_ON=1 for this output (/usr/share/lmod/lmod/init/bash)
Shell debugging temporarily silenced: export LMOD_SH_DBG_ON=1 for this output (/usr/share/lmod/lmod/init/bash)
+ '[' -n x ']'
+ set +x
+ '[' -z '' ']'
+ case "$-" in
+ '[' -z '' ']'
+ case "$-" in
+ __lmod_vx=x
+ '[' -n x ']'
+ set +x
+ __lmod_vx=x
+ '[' -n x ']'
+ set +x
Shell debugging restarted
+ unset __lmod_vx
Shell debugging temporarily silenced: export LMOD_SH_DBG_ON=1 for this output (/usr/share/lmod/lmod/init/bash)
Shell debugging restarted
+ unset __lmod_vx
Shell debugging temporarily silenced: export LMOD_SH_DBG_ON=1 for this output (/usr/share/lmod/lmod/init/bash)
+ speed3d_r2c cufft double 256 512 512 -reorder -a2a -p2p_pl -ingrid 2 2 8 -outgrid 1 2 16 -n5
+ '[' -z '' ']'
Shell debugging restarted
+ '[' -z '' ']'
+ case "$-" in
+ __lmod_vx=x
+ '[' -n x ']'
+ set +x
+ speed3d_r2c cufft double 256 512 512 -reorder -a2a -p2p_pl -ingrid 2 2 8 -outgrid 1 2 16 -n5
Shell debugging temporarily silenced: export LMOD_SH_DBG_ON=1 for this output (/usr/share/lmod/lmod/init/bash)
Shell debugging restarted
+ unset __lmod_vx
+ speed3d_r2c cufft double 256 512 512 -reorder -a2a -p2p_pl -ingrid 2 2 8 -outgrid 1 2 16 -n5
+ case "$-" in
+ __lmod_vx=x
+ '[' -n x ']'
+ set +x
+ unset __lmod_vx
+ speed3d_r2c cufft double 256 512 512 -reorder -a2a -p2p_pl -ingrid 2 2 8 -outgrid 1 2 16 -n5
+ '[' -z '' ']'
+ case "$-" in
+ __lmod_vx=x
+ '[' -n x ']'
+ set +x
Shell debugging temporarily silenced: export LMOD_SH_DBG_ON=1 for this output (/usr/share/lmod/lmod/init/bash)
Shell debugging temporarily silenced: export LMOD_SH_DBG_ON=1 for this output (/usr/share/lmod/lmod/init/bash)
Shell debugging temporarily silenced: export LMOD_SH_DBG_ON=1 for this output (/usr/share/lmod/lmod/init/bash)
+ '[' -z '' ']'
+ case "$-" in
+ __lmod_vx=x
+ '[' -n x ']'
+ set +x
Shell debugging restarted
+ unset __lmod_vx
Shell debugging restarted
+ unset __lmod_vx
Shell debugging restarted
+ unset __lmod_vx
Shell debugging restarted
+ unset __lmod_vx
+ speed3d_r2c cufft double 256 512 512 -reorder -a2a -p2p_pl -ingrid 2 2 8 -outgrid 1 2 16 -n5
“RANK= 8 LOCAL_RANK= 0 gpu= 3”
+ speed3d_r2c cufft double 256 512 512 -reorder -a2a -p2p_pl -ingrid 2 2 8 -outgrid 1 2 16 -n5
+ speed3d_r2c cufft double 256 512 512 -reorder -a2a -p2p_pl -ingrid 2 2 8 -outgrid 1 2 16 -n5
+ speed3d_r2c cufft double 256 512 512 -reorder -a2a -p2p_pl -ingrid 2 2 8 -outgrid 1 2 16 -n5
+ '[' -z '' ']'
+ case "$-" in
“RANK= 10 LOCAL_RANK= 2 gpu= 1”
Shell debugging temporarily silenced: export LMOD_SH_DBG_ON=1 for this output (/usr/share/lmod/lmod/init/bash)
“RANK= 11 LOCAL_RANK= 3 gpu= 0”
+ __lmod_vx=x
+ '[' -n x ']'
+ set +x
“RANK= 9 LOCAL_RANK= 1 gpu= 2”
+ '[' -z '' ']'
+ case "$-" in
+ '[' -z '' ']'
+ case "$-" in
+ __lmod_vx=x
Shell debugging temporarily silenced: export LMOD_SH_DBG_ON=1 for this output (/usr/share/lmod/lmod/init/bash)
+ __lmod_vx=x
+ '[' -n x ']'
+ set +x
Shell debugging restarted
+ unset __lmod_vx
Shell debugging temporarily silenced: export LMOD_SH_DBG_ON=1 for this output (/usr/share/lmod/lmod/init/bash)
+ '[' -z '' ']'
+ case "$-" in
+ __lmod_vx=x
+ '[' -n x ']'
+ set +x
Shell debugging temporarily silenced: export LMOD_SH_DBG_ON=1 for this output (/usr/share/lmod/lmod/init/bash)
+ '[' -n x ']'
+ set +x
Shell debugging restarted
+ unset __lmod_vx
+ speed3d_r2c cufft double 256 512 512 -reorder -a2a -p2p_pl -ingrid 2 2 8 -outgrid 1 2 16 -n5
+ speed3d_r2c cufft double 256 512 512 -reorder -a2a -p2p_pl -ingrid 2 2 8 -outgrid 1 2 16 -n5
Shell debugging restarted
+ unset __lmod_vx
Shell debugging restarted
+ '[' -z '' ']'
+ case "$-" in
+ __lmod_vx=x
+ '[' -n x ']'
+ set +x
+ speed3d_r2c cufft double 256 512 512 -reorder -a2a -p2p_pl -ingrid 2 2 8 -outgrid 1 2 16 -n5
Shell debugging temporarily silenced: export LMOD_SH_DBG_ON=1 for this output (/usr/share/lmod/lmod/init/bash)
+ unset __lmod_vx
+ speed3d_r2c cufft double 256 512 512 -reorder -a2a -p2p_pl -ingrid 2 2 8 -outgrid 1 2 16 -n5
Shell debugging restarted
+ unset __lmod_vx
+ '[' -z '' ']'
+ case "$-" in
+ __lmod_vx=x
+ '[' -n x ']'
+ set +x
Shell debugging temporarily silenced: export LMOD_SH_DBG_ON=1 for this output (/usr/share/lmod/lmod/init/bash)
+ '[' -z '' ']'
+ case "$-" in
+ __lmod_vx=x
+ '[' -n x ']'
+ set +x
Shell debugging temporarily silenced: export LMOD_SH_DBG_ON=1 for this output (/usr/share/lmod/lmod/init/bash)
+ '[' -z '' ']'
+ case "$-" in
+ __lmod_vx=x
+ '[' -n x ']'
+ set +x
Shell debugging temporarily silenced: export LMOD_SH_DBG_ON=1 for this output (/usr/share/lmod/lmod/init/bash)
+ speed3d_r2c cufft double 256 512 512 -reorder -a2a -p2p_pl -ingrid 2 2 8 -outgrid 1 2 16 -n5
Shell debugging restarted
+ unset __lmod_vx
+ speed3d_r2c cufft double 256 512 512 -reorder -a2a -p2p_pl -ingrid 2 2 8 -outgrid 1 2 16 -n5
Shell debugging restarted
+ unset __lmod_vx
Shell debugging restarted
+ unset __lmod_vx
+ speed3d_r2c cufft double 256 512 512 -reorder -a2a -p2p_pl -ingrid 2 2 8 -outgrid 1 2 16 -n5
+ speed3d_r2c cufft double 256 512 512 -reorder -a2a -p2p_pl -ingrid 2 2 8 -outgrid 1 2 16 -n5
+ '[' -z '' ']'
+ case "$-" in
+ __lmod_vx=x
+ '[' -n x ']'
Shell debugging temporarily silenced: export LMOD_SH_DBG_ON=1 for this output (/usr/share/lmod/lmod/init/bash)
+ set +x
Shell debugging temporarily silenced: export LMOD_SH_DBG_ON=1 for this output (/usr/share/lmod/lmod/init/bash)
+ '[' -z '' ']'
+ case "$-" in
+ __lmod_vx=x
+ '[' -n x ']'
+ set +x
+ '[' -z '' ']'
+ case "$-" in
Shell debugging restarted
+ unset __lmod_vx
+ __lmod_vx=x
+ '[' -n x ']'
+ set +x
Shell debugging temporarily silenced: export LMOD_SH_DBG_ON=1 for this output (/usr/share/lmod/lmod/init/bash)
Shell debugging temporarily silenced: export LMOD_SH_DBG_ON=1 for this output (/usr/share/lmod/lmod/init/bash)
+ '[' -z '' ']'
+ case "$-" in
+ __lmod_vx=x
+ '[' -n x ']'
+ set +x
Shell debugging restarted
+ unset __lmod_vx
+ speed3d_r2c cufft double 256 512 512 -reorder -a2a -p2p_pl -ingrid 2 2 8 -outgrid 1 2 16 -n5
+ speed3d_r2c cufft double 256 512 512 -reorder -a2a -p2p_pl -ingrid 2 2 8 -outgrid 1 2 16 -n5
Shell debugging restarted
+ unset __lmod_vx
+ speed3d_r2c cufft double 256 512 512 -reorder -a2a -p2p_pl -ingrid 2 2 8 -outgrid 1 2 16 -n5
Shell debugging restarted
+ unset __lmod_vx
+ speed3d_r2c cufft double 256 512 512 -reorder -a2a -p2p_pl -ingrid 2 2 8 -outgrid 1 2 16 -n5

----------------------------------------------------------------------------- 
heFFTe performance test
----------------------------------------------------------------------------- 
Backend:   cufft
Size:      256x512x512
MPI ranks:   32
Grids: (2, 2, 8)  (1, 4, 8)  (4, 1, 8)  (4, 8, 1)  (1, 2, 16)  
Time per run: 0.0112214 (s)
Performance:  777.459 GFlops/s
Memory usage: 128MB/rank
Tolerance:    1e-11
Max error:    3.93435e-15

