“RANK= 25 LOCAL_RANK= 1 gpu= 2”
“RANK= 26 LOCAL_RANK= 2 gpu= 1”
“RANK= 27 LOCAL_RANK= 3 gpu= 0”
“RANK= 24 LOCAL_RANK= 0 gpu= 3”
“RANK= 21 LOCAL_RANK= 1 gpu= 2”
“RANK= 22 LOCAL_RANK= 2 gpu= 1”
“RANK= 20 LOCAL_RANK= 0 gpu= 3”
“RANK= 23 LOCAL_RANK= 3 gpu= 0”
+ '[' -z '' ']'
+ '[' -z '' ']'
+ case "$-" in
+ __lmod_vx=x
+ '[' -n x ']'
+ set +x
+ '[' -z '' ']'
+ case "$-" in
+ __lmod_vx=x
+ '[' -n x ']'
+ set +x
Shell debugging temporarily silenced: export LMOD_SH_DBG_ON=1 for this output (/usr/share/lmod/lmod/init/bash)
+ case "$-" in
+ __lmod_vx=x
+ '[' -n x ']'
+ set +x
Shell debugging temporarily silenced: export LMOD_SH_DBG_ON=1 for this output (/usr/share/lmod/lmod/init/bash)
Shell debugging temporarily silenced: export LMOD_SH_DBG_ON=1 for this output (/usr/share/lmod/lmod/init/bash)
Shell debugging temporarily silenced: export LMOD_SH_DBG_ON=1 for this output (/usr/share/lmod/lmod/init/bash)
+ '[' -z '' ']'
+ case "$-" in
+ __lmod_vx=x
+ '[' -n x ']'
+ set +x
Shell debugging restarted
+ unset __lmod_vx
Shell debugging restarted
+ unset __lmod_vx
Shell debugging restarted
+ unset __lmod_vx
+ speed3d_r2c cufft float 256 256 256
Shell debugging restarted
+ speed3d_r2c cufft float 256 256 256
“RANK= 10 LOCAL_RANK= 2 gpu= 1”
+ unset __lmod_vx
“RANK= 9 LOCAL_RANK= 1 gpu= 2”
+ speed3d_r2c cufft float 256 256 256
“RANK= 11 LOCAL_RANK= 3 gpu= 0”
+ speed3d_r2c cufft float 256 256 256
“RANK= 8 LOCAL_RANK= 0 gpu= 3”
+ '[' -z '' ']'
+ case "$-" in
+ __lmod_vx=x
Shell debugging temporarily silenced: export LMOD_SH_DBG_ON=1 for this output (/usr/share/lmod/lmod/init/bash)
+ '[' -z '' ']'
+ case "$-" in
+ __lmod_vx=x
+ '[' -n x ']'
+ set +x
Shell debugging temporarily silenced: export LMOD_SH_DBG_ON=1 for this output (/usr/share/lmod/lmod/init/bash)
+ '[' -n x ']'
+ set +x
Shell debugging restarted
+ unset __lmod_vx
Shell debugging temporarily silenced: export LMOD_SH_DBG_ON=1 for this output (/usr/share/lmod/lmod/init/bash)
+ '[' -z '' ']'
+ case "$-" in
+ __lmod_vx=x
+ '[' -n x ']'
+ set +x
Shell debugging restarted
+ unset __lmod_vx
Shell debugging restarted
+ unset __lmod_vx
+ speed3d_r2c cufft float 256 256 256
Shell debugging temporarily silenced: export LMOD_SH_DBG_ON=1 for this output (/usr/share/lmod/lmod/init/bash)
+ '[' -z '' ']'
+ case "$-" in
+ __lmod_vx=x
+ '[' -n x ']'
+ set +x
Shell debugging restarted
+ unset __lmod_vx
“RANK= 1 LOCAL_RANK= 1 gpu= 2”
+ speed3d_r2c cufft float 256 256 256
+ speed3d_r2c cufft float 256 256 256
“RANK= 2 LOCAL_RANK= 2 gpu= 1”
+ speed3d_r2c cufft float 256 256 256
“RANK= 3 LOCAL_RANK= 3 gpu= 0”
“RANK= 0 LOCAL_RANK= 0 gpu= 3”
+ '[' -z '' ']'
+ case "$-" in
Shell debugging temporarily silenced: export LMOD_SH_DBG_ON=1 for this output (/usr/share/lmod/lmod/init/bash)
+ __lmod_vx=x
+ '[' -n x ']'
+ set +x
Shell debugging temporarily silenced: export LMOD_SH_DBG_ON=1 for this output (/usr/share/lmod/lmod/init/bash)
+ '[' -z '' ']'
+ case "$-" in
+ __lmod_vx=x
+ '[' -n x ']'
+ set +x
Shell debugging temporarily silenced: export LMOD_SH_DBG_ON=1 for this output (/usr/share/lmod/lmod/init/bash)
+ '[' -z '' ']'
+ case "$-" in
+ __lmod_vx=x
+ '[' -n x ']'
+ set +x
Shell debugging restarted
+ unset __lmod_vx
Shell debugging restarted
+ unset __lmod_vx
Shell debugging restarted
+ unset __lmod_vx
+ speed3d_r2c cufft float 256 256 256
+ speed3d_r2c cufft float 256 256 256
+ speed3d_r2c cufft float 256 256 256
+ '[' -z '' ']'
+ case "$-" in
Shell debugging temporarily silenced: export LMOD_SH_DBG_ON=1 for this output (/usr/share/lmod/lmod/init/bash)
+ __lmod_vx=x
+ '[' -n x ']'
+ set +x
Shell debugging restarted
+ unset __lmod_vx
+ speed3d_r2c cufft float 256 256 256
“RANK= 17 LOCAL_RANK= 1 gpu= 2”
“RANK= 16 LOCAL_RANK= 0 gpu= 3”
“RANK= 7 LOCAL_RANK= 3 gpu= 0”
“RANK= 18 LOCAL_RANK= 2 gpu= 1”
“RANK= 6 LOCAL_RANK= 2 gpu= 1”
“RANK= 19 LOCAL_RANK= 3 gpu= 0”
“RANK= 4 LOCAL_RANK= 0 gpu= 3”
+ '[' -z '' ']'
+ case "$-" in
+ __lmod_vx=x
“RANK= 5 LOCAL_RANK= 1 gpu= 2”
+ '[' -z '' ']'
+ case "$-" in
+ __lmod_vx=x
+ '[' -n x ']'
Shell debugging temporarily silenced: export LMOD_SH_DBG_ON=1 for this output (/usr/share/lmod/lmod/init/bash)
+ '[' -z '' ']'
+ case "$-" in
+ __lmod_vx=x
+ '[' -n x ']'
+ set +x
Shell debugging temporarily silenced: export LMOD_SH_DBG_ON=1 for this output (/usr/share/lmod/lmod/init/bash)
+ '[' -n x ']'
+ set +x
Shell debugging temporarily silenced: export LMOD_SH_DBG_ON=1 for this output (/usr/share/lmod/lmod/init/bash)
+ set +x
Shell debugging restarted
Shell debugging restarted
+ unset __lmod_vx
+ unset __lmod_vx
Shell debugging restarted
+ unset __lmod_vx
+ speed3d_r2c cufft float 256 256 256
+ '[' -z '' ']'
+ case "$-" in
+ __lmod_vx=x
+ '[' -n x ']'
Shell debugging temporarily silenced: export LMOD_SH_DBG_ON=1 for this output (/usr/share/lmod/lmod/init/bash)
+ set +x
+ speed3d_r2c cufft float 256 256 256
+ speed3d_r2c cufft float 256 256 256
Shell debugging restarted
+ unset __lmod_vx
+ speed3d_r2c cufft float 256 256 256
+ '[' -z '' ']'
+ case "$-" in
Shell debugging temporarily silenced: export LMOD_SH_DBG_ON=1 for this output (/usr/share/lmod/lmod/init/bash)
+ __lmod_vx=x
+ '[' -n x ']'
+ set +x
+ '[' -z '' ']'
+ case "$-" in
+ '[' -z '' ']'
+ case "$-" in
+ __lmod_vx=x
+ '[' -n x ']'
+ set +x
Shell debugging temporarily silenced: export LMOD_SH_DBG_ON=1 for this output (/usr/share/lmod/lmod/init/bash)
+ __lmod_vx=x
+ '[' -n x ']'
+ set +x
Shell debugging temporarily silenced: export LMOD_SH_DBG_ON=1 for this output (/usr/share/lmod/lmod/init/bash)
Shell debugging restarted
+ unset __lmod_vx
+ '[' -z '' ']'
+ case "$-" in
+ __lmod_vx=x
+ '[' -z '' ']'
+ case "$-" in
+ __lmod_vx=x
+ '[' -n x ']'
+ set +x
+ '[' -z '' ']'
+ case "$-" in
+ __lmod_vx=x
+ '[' -n x ']'
+ set +x
Shell debugging temporarily silenced: export LMOD_SH_DBG_ON=1 for this output (/usr/share/lmod/lmod/init/bash)
Shell debugging temporarily silenced: export LMOD_SH_DBG_ON=1 for this output (/usr/share/lmod/lmod/init/bash)
Shell debugging restarted
+ '[' -z '' ']'
+ case "$-" in
+ __lmod_vx=x
+ '[' -n x ']'
+ set +x
Shell debugging restarted
+ unset __lmod_vx
Shell debugging temporarily silenced: export LMOD_SH_DBG_ON=1 for this output (/usr/share/lmod/lmod/init/bash)
+ speed3d_r2c cufft float 256 256 256
+ '[' -n x ']'
+ set +x
+ unset __lmod_vx
+ speed3d_r2c cufft float 256 256 256
Shell debugging temporarily silenced: export LMOD_SH_DBG_ON=1 for this output (/usr/share/lmod/lmod/init/bash)
+ speed3d_r2c cufft float 256 256 256
+ '[' -z '' ']'
+ case "$-" in
+ __lmod_vx=x
+ '[' -n x ']'
+ set +x
Shell debugging restarted
+ unset __lmod_vx
Shell debugging restarted
+ unset __lmod_vx
+ speed3d_r2c cufft float 256 256 256
Shell debugging restarted
+ unset __lmod_vx
Shell debugging restarted
+ unset __lmod_vx
Shell debugging temporarily silenced: export LMOD_SH_DBG_ON=1 for this output (/usr/share/lmod/lmod/init/bash)
+ speed3d_r2c cufft float 256 256 256
+ speed3d_r2c cufft float 256 256 256
Shell debugging restarted
+ unset __lmod_vx
+ speed3d_r2c cufft float 256 256 256
+ speed3d_r2c cufft float 256 256 256
“RANK= 30 LOCAL_RANK= 2 gpu= 1”
“RANK= 29 LOCAL_RANK= 1 gpu= 2”
“RANK= 31 LOCAL_RANK= 3 gpu= 0”
“RANK= 28 LOCAL_RANK= 0 gpu= 3”
“RANK= 13 LOCAL_RANK= 1 gpu= 2”
“RANK= 15 LOCAL_RANK= 3 gpu= 0”
+ '[' -z '' ']'
+ case "$-" in
“RANK= 14 LOCAL_RANK= 2 gpu= 1”
+ '[' -z '' ']'
+ case "$-" in
+ __lmod_vx=x
+ '[' -n x ']'
+ set +x
“RANK= 12 LOCAL_RANK= 0 gpu= 3”
Shell debugging temporarily silenced: export LMOD_SH_DBG_ON=1 for this output (/usr/share/lmod/lmod/init/bash)
+ __lmod_vx=x
+ '[' -n x ']'
+ set +x
Shell debugging temporarily silenced: export LMOD_SH_DBG_ON=1 for this output (/usr/share/lmod/lmod/init/bash)
Shell debugging restarted
+ unset __lmod_vx
Shell debugging temporarily silenced: export LMOD_SH_DBG_ON=1 for this output (/usr/share/lmod/lmod/init/bash)
+ '[' -z '' ']'
+ case "$-" in
+ __lmod_vx=x
+ '[' -n x ']'
+ set +x
Shell debugging restarted
+ unset __lmod_vx
+ speed3d_r2c cufft float 256 256 256
Shell debugging restarted
+ unset __lmod_vx
+ speed3d_r2c cufft float 256 256 256
+ speed3d_r2c cufft float 256 256 256
+ '[' -z '' ']'
+ case "$-" in
Shell debugging temporarily silenced: export LMOD_SH_DBG_ON=1 for this output (/usr/share/lmod/lmod/init/bash)
+ __lmod_vx=x
+ '[' -n x ']'
+ set +x
Shell debugging restarted
+ unset __lmod_vx
+ speed3d_r2c cufft float 256 256 256
+ '[' -z '' ']'
+ case "$-" in
+ __lmod_vx=x
+ '[' -z '' ']'
+ case "$-" in
+ __lmod_vx=x
+ '[' -n x ']'
+ set +x
+ '[' -z '' ']'
+ case "$-" in
+ __lmod_vx=x
+ '[' -n x ']'
+ set +x
Shell debugging temporarily silenced: export LMOD_SH_DBG_ON=1 for this output (/usr/share/lmod/lmod/init/bash)
+ '[' -z '' ']'
+ case "$-" in
+ __lmod_vx=x
+ '[' -n x ']'
+ set +x
Shell debugging temporarily silenced: export LMOD_SH_DBG_ON=1 for this output (/usr/share/lmod/lmod/init/bash)
+ '[' -n x ']'
+ set +x
Shell debugging restarted
+ unset __lmod_vx
Shell debugging temporarily silenced: export LMOD_SH_DBG_ON=1 for this output (/usr/share/lmod/lmod/init/bash)
Shell debugging restarted
+ unset __lmod_vx
+ speed3d_r2c cufft float 256 256 256
Shell debugging temporarily silenced: export LMOD_SH_DBG_ON=1 for this output (/usr/share/lmod/lmod/init/bash)
Shell debugging restarted
+ unset __lmod_vx
+ speed3d_r2c cufft float 256 256 256
Shell debugging restarted
+ unset __lmod_vx
+ speed3d_r2c cufft float 256 256 256
+ speed3d_r2c cufft float 256 256 256
MPICH ERROR [Rank 2] [job id 24ae4ba2-a2c1-4e5d-91db-33d38ecd3152] [Wed Jul 26 18:47:10 2023] [x3002c0s19b0n0] - Abort(1009851023) (rank 2 in comm 0): Fatal error in PMPI_Alltoallv: Other MPI error, error stack:
PMPI_Alltoallv(389)............: MPI_Alltoallv(sbuf=0x149bf9400000, scnts=0x1d83c80, sdispls=0x1d84550, dtype=0x4c000840, rbuf=0x149bf9608000, rcnts=0x1d84670, rdispls=0x1d84700, datatype=dtype=0x4c000840, comm=comm=0xc400000b) failed
MPIR_CRAY_Alltoallv(1162)......: 
MPIR_Waitall(167)..............: 
MPIR_Waitall_impl(51)..........: 
MPID_Progress_wait(184)........: 
MPIDI_Progress_test(80)........: 
MPIDI_OFI_handle_cq_error(1059): OFI poll failed (ofi_events.c:1061:MPIDI_OFI_handle_cq_error:Input/output error - remote access error)

aborting job:
Fatal error in PMPI_Alltoallv: Other MPI error, error stack:
PMPI_Alltoallv(389)............: MPI_Alltoallv(sbuf=0x149bf9400000, scnts=0x1d83c80, sdispls=0x1d84550, dtype=0x4c000840, rbuf=0x149bf9608000, rcnts=0x1d84670, rdispls=0x1d84700, datatype=dtype=0x4c000840, comm=comm=0xc400000b) failed
MPIR_CRAY_Alltoallv(1162)......: 
MPIR_Waitall(167)..............: 
MPIR_Waitall_impl(51)..........: 
MPID_Progress_wait(184)........: 
MPIDI_Progress_test(80)........: 
MPIDI_OFI_handle_cq_error(1059): OFI poll failed (ofi_events.c:1061:MPIDI_OFI_handle_cq_error:Input/output error - remote access error)
x3002c0s19b0n0.hsn.cm.polaris.alcf.anl.gov: rank 2 exited with code 255
MPICH ERROR [Rank 8] [job id 24ae4ba2-a2c1-4e5d-91db-33d38ecd3152] [Wed Jul 26 18:47:10 2023] [x3002c0s1b0n0] - Abort(69802511) (rank 8 in comm 0): Fatal error in PMPI_Alltoallv: Other MPI error, error stack:
PMPI_Alltoallv(389).........: MPI_Alltoallv(sbuf=0x147fb4000000, scnts=0x15c6d90, sdispls=0x167be50, dtype=0x4c000840, rbuf=0x147fb4208000, rcnts=0x167bf70, rdispls=0x16785b0, datatype=dtype=0x4c000840, comm=comm=0xc400000f) failed
MPIR_CRAY_Alltoallv(1155)...: 
MPIC_Isend(511).............: 
MPID_Isend_coll(610)........: 
MPIDI_isend_coll_unsafe(176): 
MPIDI_OFI_send_normal(352)..: OFI tagged senddata failed (ofi_send.h:352:MPIDI_OFI_send_normal:No route to host)

aborting job:
Fatal error in PMPI_Alltoallv: Other MPI error, error stack:
PMPI_Alltoallv(389).........: MPI_Alltoallv(sbuf=0x147fb4000000, scnts=0x15c6d90, sdispls=0x167be50, dtype=0x4c000840, rbuf=0x147fb4208000, rcnts=0x167bf70, rdispls=0x16785b0, datatype=dtype=0x4c000840, comm=comm=0xc400000f) failed
MPIR_CRAY_Alltoallv(1155)...: 
MPIC_Isend(511).............: 
MPID_Isend_coll(610)........: 
MPIDI_isend_coll_unsafe(176): 
MPIDI_OFI_send_normal(352)..: OFI tagged senddata failed (ofi_send.h:352:MPIDI_OFI_send_normal:No route to host)
MPICH ERROR [Rank 4] [job id 24ae4ba2-a2c1-4e5d-91db-33d38ecd3152] [Wed Jul 26 18:47:10 2023] [x3002c0s19b1n0] - Abort(875633295) (rank 4 in comm 0): Fatal error in PMPI_Alltoallv: Other MPI error, error stack:
PMPI_Alltoallv(389)............: MPI_Alltoallv(sbuf=0x1460d9400000, scnts=0x125f290, sdispls=0x125fe40, dtype=0x4c000840, rbuf=0x1460d9608000, rcnts=0x125ff60, rdispls=0x125fff0, datatype=dtype=0x4c000840, comm=comm=0xc400000f) failed
MPIR_CRAY_Alltoallv(1162)......: 
MPIR_Waitall(167)..............: 
MPIR_Waitall_impl(51)..........: 
MPID_Progress_wait(184)........: 
MPIDI_Progress_test(80)........: 
MPIDI_OFI_handle_cq_error(1059): OFI poll failed (ofi_events.c:1061:MPIDI_OFI_handle_cq_error:Input/output error - remote access error)

aborting job:
Fatal error in PMPI_Alltoallv: Other MPI error, error stack:
PMPI_Alltoallv(389)............: MPI_Alltoallv(sbuf=0x1460d9400000, scnts=0x125f290, sdispls=0x125fe40, dtype=0x4c000840, rbuf=0x1460d9608000, rcnts=0x125ff60, rdispls=0x125fff0, datatype=dtype=0x4c000840, comm=comm=0xc400000f) failed
MPIR_CRAY_Alltoallv(1162)......: 
MPIR_Waitall(167)..............: 
MPIR_Waitall_impl(51)..........: 
MPID_Progress_wait(184)........: 
MPIDI_Progress_test(80)........: 
MPIDI_OFI_handle_cq_error(1059): OFI poll failed (ofi_events.c:1061:MPIDI_OFI_handle_cq_error:Input/output error - remote access error)
MPICH ERROR [Rank 0] [job id 24ae4ba2-a2c1-4e5d-91db-33d38ecd3152] [Wed Jul 26 18:47:10 2023] [x3002c0s19b0n0] - Abort(1009851023) (rank 0 in comm 0): Fatal error in PMPI_Alltoallv: Other MPI error, error stack:
PMPI_Alltoallv(389)............: MPI_Alltoallv(sbuf=0x14dfcac00000, scnts=0x1241e20, sdispls=0x1242980, dtype=0x4c000840, rbuf=0x14dfcae08000, rcnts=0x1242aa0, rdispls=0x1242b30, datatype=dtype=0x4c000840, comm=comm=0xc400000f) failed
MPIR_CRAY_Alltoallv(1162)......: 
MPIR_Waitall(167)..............: 
MPIR_Waitall_impl(51)..........: 
MPID_Progress_wait(184)........: 
MPIDI_Progress_test(80)........: 
MPIDI_OFI_handle_cq_error(1059): OFI poll failed (ofi_events.c:1061:MPIDI_OFI_handle_cq_error:Input/output error - remote access error)

aborting job:
Fatal error in PMPI_Alltoallv: Other MPI error, error stack:
PMPI_Alltoallv(389)............: MPI_Alltoallv(sbuf=0x14dfcac00000, scnts=0x1241e20, sdispls=0x1242980, dtype=0x4c000840, rbuf=0x14dfcae08000, rcnts=0x1242aa0, rdispls=0x1242b30, datatype=dtype=0x4c000840, comm=comm=0xc400000f) failed
MPIR_CRAY_Alltoallv(1162)......: 
MPIR_Waitall(167)..............: 
MPIR_Waitall_impl(51)..........: 
MPID_Progress_wait(184)........: 
MPIDI_Progress_test(80)........: 
MPIDI_OFI_handle_cq_error(1059): OFI poll failed (ofi_events.c:1061:MPIDI_OFI_handle_cq_error:Input/output error - remote access error)
MPICH ERROR [Rank 1] [job id 24ae4ba2-a2c1-4e5d-91db-33d38ecd3152] [Wed Jul 26 18:47:10 2023] [x3002c0s19b0n0] - Abort(875633295) (rank 1 in comm 0): Fatal error in PMPI_Alltoallv: Other MPI error, error stack:
PMPI_Alltoallv(389)............: MPI_Alltoallv(sbuf=0x14c514000000, scnts=0x211c4b0, sdispls=0x211cd80, dtype=0x4c000840, rbuf=0x14c514200000, rcnts=0x211cea0, rdispls=0x211cf30, datatype=dtype=0x4c000840, comm=comm=0xc4000009) failed
MPIR_CRAY_Alltoallv(1162)......: 
MPIR_Waitall(167)..............: 
MPIR_Waitall_impl(51)..........: 
MPID_Progress_wait(184)........: 
MPIDI_Progress_test(80)........: 
MPIDI_OFI_handle_cq_error(1059): OFI poll failed (ofi_events.c:1061:MPIDI_OFI_handle_cq_error:Input/output error - remote access error)

aborting job:
Fatal error in PMPI_Alltoallv: Other MPI error, error stack:
PMPI_Alltoallv(389)............: MPI_Alltoallv(sbuf=0x14c514000000, scnts=0x211c4b0, sdispls=0x211cd80, dtype=0x4c000840, rbuf=0x14c514200000, rcnts=0x211cea0, rdispls=0x211cf30, datatype=dtype=0x4c000840, comm=comm=0xc4000009) failed
MPIR_CRAY_Alltoallv(1162)......: 
MPIR_Waitall(167)..............: 
MPIR_Waitall_impl(51)..........: 
MPID_Progress_wait(184)........: 
MPIDI_Progress_test(80)........: 
MPIDI_OFI_handle_cq_error(1059): OFI poll failed (ofi_events.c:1061:MPIDI_OFI_handle_cq_error:Input/output error - remote access error)
