time=1.33156 0/4 /pressio/roibin/background/pressio/noop:metrics:copy_compressor_results <int32> = 1
/pressio/roibin/background/pressio/noop:metrics:errors_fatal <int32> = 1
/pressio/roibin/background/pressio/noop:noop:metric <char*> = "noop"
/pressio/roibin/background/pressio/noop:pressio:metric <char*> = "noop"
/pressio/roibin/background/pressio:metrics:copy_compressor_results <int32> = 1
/pressio/roibin/background/pressio:metrics:errors_fatal <int32> = 1
/pressio/roibin/background/pressio:pressio:bound_name <char*> = <empty>
/pressio/roibin/background/pressio:pressio:compressor <char*> = "noop"
/pressio/roibin/background/pressio:pressio:metric <char*> = "noop"
/pressio/roibin/background/pressio:pressio:reset_mode <bool> = <empty>
/pressio/roibin/background:binning:compressor <char*> = "pressio"
/pressio/roibin/background:binning:metric <char*> = "noop"
/pressio/roibin/background:binning:nthreads <uint32> = 1
/pressio/roibin/background:binning:shape <data> = data{ type=double dims={3, } has_data=[2, 2, 1, ]}
/pressio/roibin/background:metrics:copy_compressor_results <int32> = 1
/pressio/roibin/background:metrics:errors_fatal <int32> = 1
/pressio/roibin/background:pressio:metric <char*> = "noop"
/pressio/roibin/background:pressio:nthreads <uint32> = 1
/pressio/roibin/roi:fpzip:has_header <int32> = 0
/pressio/roibin/roi:fpzip:metric <char*> = "noop"
/pressio/roibin/roi:fpzip:prec <int32> = 0
/pressio/roibin/roi:metrics:copy_compressor_results <int32> = 1
/pressio/roibin/roi:metrics:errors_fatal <int32> = 1
/pressio/roibin/roi:pressio:metric <char*> = "noop"
/pressio/roibin:metrics:copy_compressor_results <int32> = 1
/pressio/roibin:metrics:errors_fatal <int32> = 1
/pressio/roibin:pressio:metric <char*> = "noop"
/pressio/roibin:pressio:nthreads <uint32> = 1
/pressio/roibin:roibin:background <char*> = "binning"
/pressio/roibin:roibin:centers <data> = data{ type=uint64_t dims={} has_data=false}
/pressio/roibin:roibin:metric <char*> = "noop"
/pressio/roibin:roibin:nthreads <uint32> = 1
/pressio/roibin:roibin:roi <char*> = "fpzip"
/pressio/roibin:roibin:roi_size <data> = data{ type=double dims={3, } has_data=[8, 8, 0, ]}
/pressio/roibin:roibin:roi_strategy <char*> = "coordinates"
/pressio:metrics:copy_compressor_results <int32> = 1
/pressio:metrics:errors_fatal <int32> = 1
/pressio:pressio:bound_name <char*> = <empty>
/pressio:pressio:compressor <char*> = "roibin"
/pressio:pressio:metric <char*> = "noop"
/pressio:pressio:reset_mode <bool> = <empty>

time=1.33163 0/4 global data_dims{130, 1480, 1552}
time=1.33163 0/4 global peakx_dims{130, 2048}
time=1.33164 0/4 global peaky_dims{130, 2048}
time=1.33164 0/4 global npeaks{130}
time=1.33165 0/4 processing 0 4
time=3.0955 0/4 processing 4 8
time=5.12351 0/4 processing 8 12
time=6.61012 0/4 processing 12 16
time=9.37551 0/4 processing 16 20
time=12.6195 0/4 processing 20 24
time=15.7435 0/4 processing 24 28
time=18.5435 0/4 processing 28 32
time=19.617 0/4 processing 32 36
time=21.0458 0/4 processing 36 40
time=23.5955 0/4 processing 40 44
time=26.2795 0/4 processing 44 48
time=27.7915 0/4 processing 48 52
time=29.8901 0/4 processing 52 56
time=33.0595 0/4 processing 56 60
time=36.1077 0/4 processing 60 64
time=39.0675 0/4 processing 64 68
time=39.8875 0/4 processing 68 72
time=43.2395 0/4 processing 72 76
time=44.9955 0/4 processing 76 80
time=46.2289 0/4 processing 80 84
time=47.6595 0/4 processing 84 88
time=50.8395 0/4 processing 88 92
time=54.1715 0/4 processing 92 96
time=55.5475 0/4 processing 96 100
time=58.8235 0/4 processing 100 104
time=60.1301 0/4 processing 104 108
time=62.1902 0/4 processing 108 112
time=63.6355 0/4 processing 112 116
time=66.7355 0/4 processing 116 120
time=68.1595 0/4 processing 120 124
time=69.3596 0/4 processing 124 128
time=72.2275 0/4 processing 128 132
global_cr=3.88512
wallclock_ms=72815
compress_ms=586
compress_bandwidth_GBps=2.06962
wallclock_bandwidth_GBps=0.0166558
