time=2.01607 0/4 /pressio/roibin/background/pressio/noop:metrics:copy_compressor_results <int32> = 1
/pressio/roibin/background/pressio/noop:metrics:errors_fatal <int32> = 1
/pressio/roibin/background/pressio/noop:noop:metric <char*> = "noop"
/pressio/roibin/background/pressio/noop:pressio:metric <char*> = "noop"
/pressio/roibin/background/pressio:metrics:copy_compressor_results <int32> = 1
/pressio/roibin/background/pressio:metrics:errors_fatal <int32> = 1
/pressio/roibin/background/pressio:pressio:bound_name <char*> = <empty>
/pressio/roibin/background/pressio:pressio:compressor <char*> = "noop"
/pressio/roibin/background/pressio:pressio:metric <char*> = "noop"
/pressio/roibin/background/pressio:pressio:reset_mode <bool> = <empty>
/pressio/roibin/background:binning:compressor <char*> = "pressio"
/pressio/roibin/background:binning:metric <char*> = "noop"
/pressio/roibin/background:binning:nthreads <uint32> = 3
/pressio/roibin/background:binning:shape <data> = data{ type=double dims={3, } has_data=[2, 2, 1, ]}
/pressio/roibin/background:metrics:copy_compressor_results <int32> = 1
/pressio/roibin/background:metrics:errors_fatal <int32> = 1
/pressio/roibin/background:pressio:metric <char*> = "noop"
/pressio/roibin/background:pressio:nthreads <uint32> = 3
/pressio/roibin/roi:fpzip:has_header <int32> = 0
/pressio/roibin/roi:fpzip:metric <char*> = "noop"
/pressio/roibin/roi:fpzip:prec <int32> = 0
/pressio/roibin/roi:metrics:copy_compressor_results <int32> = 1
/pressio/roibin/roi:metrics:errors_fatal <int32> = 1
/pressio/roibin/roi:pressio:metric <char*> = "noop"
/pressio/roibin:metrics:copy_compressor_results <int32> = 1
/pressio/roibin:metrics:errors_fatal <int32> = 1
/pressio/roibin:pressio:metric <char*> = "noop"
/pressio/roibin:pressio:nthreads <uint32> = 1
/pressio/roibin:roibin:background <char*> = "binning"
/pressio/roibin:roibin:centers <data> = data{ type=uint64_t dims={} has_data=false}
/pressio/roibin:roibin:metric <char*> = "noop"
/pressio/roibin:roibin:nthreads <uint32> = 1
/pressio/roibin:roibin:roi <char*> = "fpzip"
/pressio/roibin:roibin:roi_size <data> = data{ type=double dims={3, } has_data=[8, 8, 0, ]}
/pressio/roibin:roibin:roi_strategy <char*> = "coordinates"
/pressio:metrics:copy_compressor_results <int32> = 1
/pressio:metrics:errors_fatal <int32> = 1
/pressio:pressio:bound_name <char*> = <empty>
/pressio:pressio:compressor <char*> = "roibin"
/pressio:pressio:metric <char*> = "noop"
/pressio:pressio:reset_mode <bool> = <empty>

time=2.01613 0/4 global data_dims{130, 1480, 1552}
time=2.01613 0/4 global peakx_dims{130, 2048}
time=2.01614 0/4 global peaky_dims{130, 2048}
time=2.01614 0/4 global npeaks{130}
time=2.01615 0/4 processing 0 4
time=6.62364 0/4 processing 4 8
time=11.0636 0/4 processing 8 12
time=14.8396 0/4 processing 12 16
time=18.9695 0/4 processing 16 20
time=23.6876 0/4 processing 20 24
time=28.9796 0/4 processing 24 28
time=34.1598 0/4 processing 28 32
time=38.1574 0/4 processing 32 36
time=42.7636 0/4 processing 36 40
time=46.7396 0/4 processing 40 44
time=50.9596 0/4 processing 44 48
time=55.8217 0/4 processing 48 52
time=58.0476 0/4 processing 52 56
time=63.102 0/4 processing 56 60
time=66.8516 0/4 processing 60 64
time=70.0596 0/4 processing 64 68
time=74.5876 0/4 processing 68 72
time=77.9756 0/4 processing 72 76
time=82.0316 0/4 processing 76 80
time=85.5396 0/4 processing 80 84
time=90.1983 0/4 processing 84 88
time=94.0876 0/4 processing 88 92
time=99.3716 0/4 processing 92 96
time=101.932 0/4 processing 96 100
time=106.572 0/4 processing 100 104
time=111.326 0/4 processing 104 108
time=116.023 0/4 processing 108 112
time=117.671 0/4 processing 112 116
time=121.328 0/4 processing 116 120
time=124.262 0/4 processing 120 124
time=129.192 0/4 processing 124 128
time=133.872 0/4 processing 128 132
global_cr=3.88512
wallclock_ms=133351
compress_ms=410
compress_bandwidth_GBps=2.95804
wallclock_bandwidth_GBps=0.00909476
