“RANK= 53 LOCAL_RANK= 1 gpu= 2”
“RANK= 52 LOCAL_RANK= 0 gpu= 3”
“RANK= 54 LOCAL_RANK= 2 gpu= 1”
“RANK= 55 LOCAL_RANK= 3 gpu= 0”
“RANK= 8 LOCAL_RANK= 0 gpu= 3”
“RANK= 9 LOCAL_RANK= 1 gpu= 2”
“RANK= 10 LOCAL_RANK= 2 gpu= 1”
“RANK= 11 LOCAL_RANK= 3 gpu= 0”
+ '[' -z '' ']'
+ case "$-" in
+ '[' -z '' ']'
+ case "$-" in
+ __lmod_vx=x
+ '[' -n x ']'
+ set +x
Shell debugging temporarily silenced: export LMOD_SH_DBG_ON=1 for this output (/usr/share/lmod/lmod/init/bash)
+ '[' -z '' ']'
+ case "$-" in
+ __lmod_vx=x
+ '[' -n x ']'
+ set +x
Shell debugging temporarily silenced: export LMOD_SH_DBG_ON=1 for this output (/usr/share/lmod/lmod/init/bash)
+ '[' -z '' ']'
+ case "$-" in
+ __lmod_vx=x
+ '[' -n x ']'
+ set +x
Shell debugging temporarily silenced: export LMOD_SH_DBG_ON=1 for this output (/usr/share/lmod/lmod/init/bash)
+ __lmod_vx=x
+ '[' -n x ']'
+ set +x
Shell debugging restarted
+ unset __lmod_vx
Shell debugging temporarily silenced: export LMOD_SH_DBG_ON=1 for this output (/usr/share/lmod/lmod/init/bash)
Shell debugging restarted
+ unset __lmod_vx
Shell debugging restarted
+ unset __lmod_vx
Shell debugging restarted
+ unset __lmod_vx
+ speed3d_r2c cufft double 256 256 256 -a2av -p2p_pl -pencils -r2c_dir 2 -ingrid 32 2 1 -outgrid 4 4 4 -n5
+ speed3d_r2c cufft double 256 256 256 -a2av -p2p_pl -pencils -r2c_dir 2 -ingrid 32 2 1 -outgrid 4 4 4 -n5
+ speed3d_r2c cufft double 256 256 256 -a2av -p2p_pl -pencils -r2c_dir 2 -ingrid 32 2 1 -outgrid 4 4 4 -n5
+ speed3d_r2c cufft double 256 256 256 -a2av -p2p_pl -pencils -r2c_dir 2 -ingrid 32 2 1 -outgrid 4 4 4 -n5
+ '[' -z '' ']'
+ case "$-" in
+ __lmod_vx=x
+ '[' -z '' ']'
+ case "$-" in
+ '[' -z '' ']'
+ case "$-" in
+ __lmod_vx=x
+ '[' -n x ']'
+ set +x
Shell debugging temporarily silenced: export LMOD_SH_DBG_ON=1 for this output (/usr/share/lmod/lmod/init/bash)
+ '[' -z '' ']'
+ case "$-" in
+ __lmod_vx=x
+ '[' -n x ']'
+ set +x
Shell debugging temporarily silenced: export LMOD_SH_DBG_ON=1 for this output (/usr/share/lmod/lmod/init/bash)
+ '[' -n x ']'
+ set +x
Shell debugging temporarily silenced: export LMOD_SH_DBG_ON=1 for this output (/usr/share/lmod/lmod/init/bash)
+ __lmod_vx=x
+ '[' -n x ']'
+ set +x
Shell debugging temporarily silenced: export LMOD_SH_DBG_ON=1 for this output (/usr/share/lmod/lmod/init/bash)
Shell debugging restarted
+ unset __lmod_vx
Shell debugging restarted
+ unset __lmod_vx
Shell debugging restarted
+ unset __lmod_vx
Shell debugging restarted
+ unset __lmod_vx
+ speed3d_r2c cufft double 256 256 256 -a2av -p2p_pl -pencils -r2c_dir 2 -ingrid 32 2 1 -outgrid 4 4 4 -n5
+ speed3d_r2c cufft double 256 256 256 -a2av -p2p_pl -pencils -r2c_dir 2 -ingrid 32 2 1 -outgrid 4 4 4 -n5
+ speed3d_r2c cufft double 256 256 256 -a2av -p2p_pl -pencils -r2c_dir 2 -ingrid 32 2 1 -outgrid 4 4 4 -n5
+ speed3d_r2c cufft double 256 256 256 -a2av -p2p_pl -pencils -r2c_dir 2 -ingrid 32 2 1 -outgrid 4 4 4 -n5
“RANK= 17 LOCAL_RANK= 1 gpu= 2”
“RANK= 16 LOCAL_RANK= 0 gpu= 3”
“RANK= 18 LOCAL_RANK= 2 gpu= 1”
“RANK= 19 LOCAL_RANK= 3 gpu= 0”
“RANK= 57 LOCAL_RANK= 1 gpu= 2”
“RANK= 56 LOCAL_RANK= 0 gpu= 3”
“RANK= 20 LOCAL_RANK= 0 gpu= 3”
“RANK= 58 LOCAL_RANK= 2 gpu= 1”
“RANK= 59 LOCAL_RANK= 3 gpu= 0”
“RANK= 21 LOCAL_RANK= 1 gpu= 2”
“RANK= 22 LOCAL_RANK= 2 gpu= 1”
“RANK= 23 LOCAL_RANK= 3 gpu= 0”
“RANK= 60 LOCAL_RANK= 0 gpu= 3”
“RANK= 12 LOCAL_RANK= 0 gpu= 3”
“RANK= 13 LOCAL_RANK= 1 gpu= 2”
“RANK= 14 LOCAL_RANK= 2 gpu= 1”
“RANK= 15 LOCAL_RANK= 3 gpu= 0”
“RANK= 62 LOCAL_RANK= 2 gpu= 1”
“RANK= 63 LOCAL_RANK= 3 gpu= 0”
“RANK= 61 LOCAL_RANK= 1 gpu= 2”
“RANK= 36 LOCAL_RANK= 0 gpu= 3”
“RANK= 37 LOCAL_RANK= 1 gpu= 2”
“RANK= 38 LOCAL_RANK= 2 gpu= 1”
“RANK= 39 LOCAL_RANK= 3 gpu= 0”
+ '[' -z '' ']'
+ case "$-" in
+ __lmod_vx=x
Shell debugging temporarily silenced: export LMOD_SH_DBG_ON=1 for this output (/usr/share/lmod/lmod/init/bash)
+ '[' -n x ']'
+ set +x
+ '[' -z '' ']'
+ case "$-" in
+ __lmod_vx=x
Shell debugging temporarily silenced: export LMOD_SH_DBG_ON=1 for this output (/usr/share/lmod/lmod/init/bash)
+ '[' -z '' ']'
+ case "$-" in
+ __lmod_vx=x
+ '[' -n x ']'
+ set +x
+ '[' -z '' ']'
+ case "$-" in
+ __lmod_vx=x
+ '[' -n x ']'
+ set +x
Shell debugging temporarily silenced: export LMOD_SH_DBG_ON=1 for this output (/usr/share/lmod/lmod/init/bash)
+ '[' -n x ']'
+ set +x
Shell debugging temporarily silenced: export LMOD_SH_DBG_ON=1 for this output (/usr/share/lmod/lmod/init/bash)
Shell debugging restarted
+ unset __lmod_vx
+ '[' -z '' ']'
+ case "$-" in
+ __lmod_vx=x
Shell debugging restarted
+ unset __lmod_vx
+ '[' -z '' ']'
+ case "$-" in
+ __lmod_vx=x
+ '[' -n x ']'
+ set +x
Shell debugging temporarily silenced: export LMOD_SH_DBG_ON=1 for this output (/usr/share/lmod/lmod/init/bash)
+ '[' -z '' ']'
+ case "$-" in
Shell debugging restarted
+ unset __lmod_vx
+ speed3d_r2c cufft double 256 256 256 -a2av -p2p_pl -pencils -r2c_dir 2 -ingrid 32 2 1 -outgrid 4 4 4 -n5
+ '[' -n x ']'
+ set +x
+ '[' -z '' ']'
+ case "$-" in
+ __lmod_vx=x
+ '[' -n x ']'
+ set +x
Shell debugging restarted
+ unset __lmod_vx
+ speed3d_r2c cufft double 256 256 256 -a2av -p2p_pl -pencils -r2c_dir 2 -ingrid 32 2 1 -outgrid 4 4 4 -n5
Shell debugging temporarily silenced: export LMOD_SH_DBG_ON=1 for this output (/usr/share/lmod/lmod/init/bash)
Shell debugging temporarily silenced: export LMOD_SH_DBG_ON=1 for this output (/usr/share/lmod/lmod/init/bash)
+ speed3d_r2c cufft double 256 256 256 -a2av -p2p_pl -pencils -r2c_dir 2 -ingrid 32 2 1 -outgrid 4 4 4 -n5
Shell debugging restarted
+ unset __lmod_vx
+ '[' -z '' ']'
+ case "$-" in
+ __lmod_vx=x
+ '[' -n x ']'
+ set +x
+ speed3d_r2c cufft double 256 256 256 -a2av -p2p_pl -pencils -r2c_dir 2 -ingrid 32 2 1 -outgrid 4 4 4 -n5
Shell debugging restarted
+ unset __lmod_vx
Shell debugging temporarily silenced: export LMOD_SH_DBG_ON=1 for this output (/usr/share/lmod/lmod/init/bash)
+ '[' -z '' ']'
“RANK= 41 LOCAL_RANK= 1 gpu= 2”
+ '[' -z '' ']'
+ case "$-" in
+ __lmod_vx=x
+ '[' -n x ']'
+ set +x
+ case "$-" in
+ __lmod_vx=x
+ '[' -n x ']'
+ set +x
“RANK= 40 LOCAL_RANK= 0 gpu= 3”
Shell debugging temporarily silenced: export LMOD_SH_DBG_ON=1 for this output (/usr/share/lmod/lmod/init/bash)
Shell debugging temporarily silenced: export LMOD_SH_DBG_ON=1 for this output (/usr/share/lmod/lmod/init/bash)
+ __lmod_vx=x
+ '[' -n x ']'
+ set +x
Shell debugging restarted
+ unset __lmod_vx
+ '[' -z '' ']'
+ case "$-" in
+ __lmod_vx=x
+ '[' -n x ']'
+ set +x
Shell debugging temporarily silenced: export LMOD_SH_DBG_ON=1 for this output (/usr/share/lmod/lmod/init/bash)
+ speed3d_r2c cufft double 256 256 256 -a2av -p2p_pl -pencils -r2c_dir 2 -ingrid 32 2 1 -outgrid 4 4 4 -n5
“RANK= 42 LOCAL_RANK= 2 gpu= 1”
Shell debugging restarted
+ unset __lmod_vx
Shell debugging temporarily silenced: export LMOD_SH_DBG_ON=1 for this output (/usr/share/lmod/lmod/init/bash)
“RANK= 43 LOCAL_RANK= 3 gpu= 0”
Shell debugging restarted
+ unset __lmod_vx
+ speed3d_r2c cufft double 256 256 256 -a2av -p2p_pl -pencils -r2c_dir 2 -ingrid 32 2 1 -outgrid 4 4 4 -n5
Shell debugging restarted
+ unset __lmod_vx
Shell debugging restarted
+ unset __lmod_vx
“RANK= 32 LOCAL_RANK= 0 gpu= 3”
“RANK= 48 LOCAL_RANK= 0 gpu= 3”
+ speed3d_r2c cufft double 256 256 256 -a2av -p2p_pl -pencils -r2c_dir 2 -ingrid 32 2 1 -outgrid 4 4 4 -n5
“RANK= 5 LOCAL_RANK= 1 gpu= 2”
Shell debugging restarted
“RANK= 33 LOCAL_RANK= 1 gpu= 2”
“RANK= 50 LOCAL_RANK= 2 gpu= 1”
+ speed3d_r2c cufft double 256 256 256 -a2av -p2p_pl -pencils -r2c_dir 2 -ingrid 32 2 1 -outgrid 4 4 4 -n5
“RANK= 4 LOCAL_RANK= 0 gpu= 3”
+ '[' -z '' ']'
+ case "$-" in
+ __lmod_vx=x
+ speed3d_r2c cufft double 256 256 256 -a2av -p2p_pl -pencils -r2c_dir 2 -ingrid 32 2 1 -outgrid 4 4 4 -n5
“RANK= 51 LOCAL_RANK= 3 gpu= 0”
+ speed3d_r2c cufft double 256 256 256 -a2av -p2p_pl -pencils -r2c_dir 2 -ingrid 32 2 1 -outgrid 4 4 4 -n5
Shell debugging temporarily silenced: export LMOD_SH_DBG_ON=1 for this output (/usr/share/lmod/lmod/init/bash)
+ unset __lmod_vx
“RANK= 34 LOCAL_RANK= 2 gpu= 1”
“RANK= 49 LOCAL_RANK= 1 gpu= 2”
+ speed3d_r2c cufft double 256 256 256 -a2av -p2p_pl -pencils -r2c_dir 2 -ingrid 32 2 1 -outgrid 4 4 4 -n5
+ '[' -z '' ']'
+ case "$-" in
“RANK= 7 LOCAL_RANK= 3 gpu= 0”
+ '[' -n x ']'
+ set +x
+ speed3d_r2c cufft double 256 256 256 -a2av -p2p_pl -pencils -r2c_dir 2 -ingrid 32 2 1 -outgrid 4 4 4 -n5
“RANK= 35 LOCAL_RANK= 3 gpu= 0”
+ '[' -z '' ']'
+ case "$-" in
+ __lmod_vx=x
+ '[' -n x ']'
+ set +x
“RANK= 6 LOCAL_RANK= 2 gpu= 1”
Shell debugging temporarily silenced: export LMOD_SH_DBG_ON=1 for this output (/usr/share/lmod/lmod/init/bash)
+ '[' -z '' ']'
+ case "$-" in
+ __lmod_vx=x
+ '[' -n x ']'
Shell debugging temporarily silenced: export LMOD_SH_DBG_ON=1 for this output (/usr/share/lmod/lmod/init/bash)
+ '[' -z '' ']'
+ case "$-" in
+ __lmod_vx=x
+ '[' -n x ']'
+ set +x
Shell debugging temporarily silenced: export LMOD_SH_DBG_ON=1 for this output (/usr/share/lmod/lmod/init/bash)
+ '[' -z '' ']'
+ case "$-" in
+ __lmod_vx=x
+ '[' -n x ']'
+ set +x
Shell debugging temporarily silenced: export LMOD_SH_DBG_ON=1 for this output (/usr/share/lmod/lmod/init/bash)
+ set +x
Shell debugging temporarily silenced: export LMOD_SH_DBG_ON=1 for this output (/usr/share/lmod/lmod/init/bash)
+ '[' -z '' ']'
+ case "$-" in
+ __lmod_vx=x
+ '[' -n x ']'
+ set +x
Shell debugging temporarily silenced: export LMOD_SH_DBG_ON=1 for this output (/usr/share/lmod/lmod/init/bash)
+ '[' -z '' ']'
+ case "$-" in
+ __lmod_vx=x
+ '[' -n x ']'
+ set +x
+ '[' -z '' ']'
+ case "$-" in
+ __lmod_vx=x
+ '[' -n x ']'
+ set +x
+ '[' -z '' ']'
+ case "$-" in
+ __lmod_vx=x
+ '[' -n x ']'
+ set +x
Shell debugging temporarily silenced: export LMOD_SH_DBG_ON=1 for this output (/usr/share/lmod/lmod/init/bash)
Shell debugging temporarily silenced: export LMOD_SH_DBG_ON=1 for this output (/usr/share/lmod/lmod/init/bash)
Shell debugging temporarily silenced: export LMOD_SH_DBG_ON=1 for this output (/usr/share/lmod/lmod/init/bash)
+ __lmod_vx=x
+ '[' -n x ']'
+ set +x
Shell debugging restarted
+ unset __lmod_vx
Shell debugging restarted
+ unset __lmod_vx
+ '[' -z '' ']'
+ case "$-" in
+ __lmod_vx=x
+ '[' -n x ']'
+ set +x
Shell debugging temporarily silenced: export LMOD_SH_DBG_ON=1 for this output (/usr/share/lmod/lmod/init/bash)
Shell debugging restarted
+ unset __lmod_vx
Shell debugging restarted
+ unset __lmod_vx
Shell debugging restarted
+ unset __lmod_vx
Shell debugging restarted
+ unset __lmod_vx
+ '[' -z '' ']'
+ case "$-" in
+ __lmod_vx=x
+ '[' -n x ']'
+ set +x
Shell debugging restarted
+ unset __lmod_vx
Shell debugging restarted
Shell debugging temporarily silenced: export LMOD_SH_DBG_ON=1 for this output (/usr/share/lmod/lmod/init/bash)
Shell debugging restarted
+ unset __lmod_vx
+ unset __lmod_vx
Shell debugging restarted
+ unset __lmod_vx
+ speed3d_r2c cufft double 256 256 256 -a2av -p2p_pl -pencils -r2c_dir 2 -ingrid 32 2 1 -outgrid 4 4 4 -n5
+ speed3d_r2c cufft double 256 256 256 -a2av -p2p_pl -pencils -r2c_dir 2 -ingrid 32 2 1 -outgrid 4 4 4 -n5
Shell debugging restarted
+ unset __lmod_vx
+ speed3d_r2c cufft double 256 256 256 -a2av -p2p_pl -pencils -r2c_dir 2 -ingrid 32 2 1 -outgrid 4 4 4 -n5
+ speed3d_r2c cufft double 256 256 256 -a2av -p2p_pl -pencils -r2c_dir 2 -ingrid 32 2 1 -outgrid 4 4 4 -n5
Shell debugging restarted
+ unset __lmod_vx
+ speed3d_r2c cufft double 256 256 256 -a2av -p2p_pl -pencils -r2c_dir 2 -ingrid 32 2 1 -outgrid 4 4 4 -n5
+ speed3d_r2c cufft double 256 256 256 -a2av -p2p_pl -pencils -r2c_dir 2 -ingrid 32 2 1 -outgrid 4 4 4 -n5
+ speed3d_r2c cufft double 256 256 256 -a2av -p2p_pl -pencils -r2c_dir 2 -ingrid 32 2 1 -outgrid 4 4 4 -n5
+ speed3d_r2c cufft double 256 256 256 -a2av -p2p_pl -pencils -r2c_dir 2 -ingrid 32 2 1 -outgrid 4 4 4 -n5
+ speed3d_r2c cufft double 256 256 256 -a2av -p2p_pl -pencils -r2c_dir 2 -ingrid 32 2 1 -outgrid 4 4 4 -n5
+ speed3d_r2c cufft double 256 256 256 -a2av -p2p_pl -pencils -r2c_dir 2 -ingrid 32 2 1 -outgrid 4 4 4 -n5
+ speed3d_r2c cufft double 256 256 256 -a2av -p2p_pl -pencils -r2c_dir 2 -ingrid 32 2 1 -outgrid 4 4 4 -n5
+ speed3d_r2c cufft double 256 256 256 -a2av -p2p_pl -pencils -r2c_dir 2 -ingrid 32 2 1 -outgrid 4 4 4 -n5
“RANK= 24 LOCAL_RANK= 0 gpu= 3”
“RANK= 25 LOCAL_RANK= 1 gpu= 2”
+ '[' -z '' ']'
+ case "$-" in
Shell debugging temporarily silenced: export LMOD_SH_DBG_ON=1 for this output (/usr/share/lmod/lmod/init/bash)
+ __lmod_vx=x
+ '[' -n x ']'
+ set +x
“RANK= 44 LOCAL_RANK= 0 gpu= 3”
Shell debugging restarted
+ unset __lmod_vx
“RANK= 45 LOCAL_RANK= 1 gpu= 2”
+ '[' -z '' ']'
+ case "$-" in
+ __lmod_vx=x
+ '[' -n x ']'
+ set +x
+ '[' -z '' ']'
+ case "$-" in
+ __lmod_vx=x
+ '[' -n x ']'
+ '[' -z '' ']'
Shell debugging temporarily silenced: export LMOD_SH_DBG_ON=1 for this output (/usr/share/lmod/lmod/init/bash)
Shell debugging temporarily silenced: export LMOD_SH_DBG_ON=1 for this output (/usr/share/lmod/lmod/init/bash)
Shell debugging temporarily silenced: export LMOD_SH_DBG_ON=1 for this output (/usr/share/lmod/lmod/init/bash)
“RANK= 26 LOCAL_RANK= 2 gpu= 1”
+ case "$-" in
+ __lmod_vx=x
+ '[' -n x ']'
+ set +x
+ set +x
“RANK= 27 LOCAL_RANK= 3 gpu= 0”
Shell debugging temporarily silenced: export LMOD_SH_DBG_ON=1 for this output (/usr/share/lmod/lmod/init/bash)
+ '[' -z '' ']'
+ case "$-" in
+ __lmod_vx=x
+ '[' -n x ']'
+ set +x
+ '[' -z '' ']'
+ case "$-" in
+ __lmod_vx=x
+ '[' -n x ']'
+ set +x
Shell debugging temporarily silenced: export LMOD_SH_DBG_ON=1 for this output (/usr/share/lmod/lmod/init/bash)
+ '[' -z '' ']'
+ case "$-" in
+ __lmod_vx=x
+ speed3d_r2c cufft double 256 256 256 -a2av -p2p_pl -pencils -r2c_dir 2 -ingrid 32 2 1 -outgrid 4 4 4 -n5
“RANK= 46 LOCAL_RANK= 2 gpu= 1”
+ '[' -z '' ']'
+ case "$-" in
+ __lmod_vx=x
+ '[' -z '' ']'
+ case "$-" in
+ __lmod_vx=x
+ '[' -n x ']'
+ set +x
Shell debugging restarted
+ unset __lmod_vx
“RANK= 47 LOCAL_RANK= 3 gpu= 0”
+ '[' -z '' ']'
+ case "$-" in
Shell debugging temporarily silenced: export LMOD_SH_DBG_ON=1 for this output (/usr/share/lmod/lmod/init/bash)
Shell debugging temporarily silenced: export LMOD_SH_DBG_ON=1 for this output (/usr/share/lmod/lmod/init/bash)
Shell debugging restarted
+ unset __lmod_vx
Shell debugging temporarily silenced: export LMOD_SH_DBG_ON=1 for this output (/usr/share/lmod/lmod/init/bash)
+ '[' -z '' ']'
+ case "$-" in
+ __lmod_vx=x
+ '[' -n x ']'
+ set +x
+ '[' -n x ']'
+ set +x
+ speed3d_r2c cufft double 256 256 256 -a2av -p2p_pl -pencils -r2c_dir 2 -ingrid 32 2 1 -outgrid 4 4 4 -n5
+ __lmod_vx=x
+ '[' -n x ']'
+ set +x
Shell debugging temporarily silenced: export LMOD_SH_DBG_ON=1 for this output (/usr/share/lmod/lmod/init/bash)
Shell debugging temporarily silenced: export LMOD_SH_DBG_ON=1 for this output (/usr/share/lmod/lmod/init/bash)
+ speed3d_r2c cufft double 256 256 256 -a2av -p2p_pl -pencils -r2c_dir 2 -ingrid 32 2 1 -outgrid 4 4 4 -n5
+ '[' -z '' ']'
+ case "$-" in
+ __lmod_vx=x
+ '[' -n x ']'
+ set +x
+ '[' -n x ']'
+ set +x
Shell debugging restarted
+ unset __lmod_vx
Shell debugging restarted
+ unset __lmod_vx
Shell debugging temporarily silenced: export LMOD_SH_DBG_ON=1 for this output (/usr/share/lmod/lmod/init/bash)
Shell debugging temporarily silenced: export LMOD_SH_DBG_ON=1 for this output (/usr/share/lmod/lmod/init/bash)
Shell debugging restarted
+ speed3d_r2c cufft double 256 256 256 -a2av -p2p_pl -pencils -r2c_dir 2 -ingrid 32 2 1 -outgrid 4 4 4 -n5
Shell debugging temporarily silenced: export LMOD_SH_DBG_ON=1 for this output (/usr/share/lmod/lmod/init/bash)
+ '[' -z '' ']'
+ case "$-" in
+ __lmod_vx=x
+ '[' -n x ']'
+ set +x
+ unset __lmod_vx
+ '[' -z '' ']'
+ case "$-" in
+ __lmod_vx=x
+ '[' -n x ']'
+ set +x
Shell debugging temporarily silenced: export LMOD_SH_DBG_ON=1 for this output (/usr/share/lmod/lmod/init/bash)
Shell debugging restarted
Shell debugging temporarily silenced: export LMOD_SH_DBG_ON=1 for this output (/usr/share/lmod/lmod/init/bash)
+ '[' -z '' ']'
+ case "$-" in
+ __lmod_vx=x
+ '[' -n x ']'
+ set +x
Shell debugging restarted
+ unset __lmod_vx
+ '[' -z '' ']'
+ case "$-" in
+ __lmod_vx=x
+ '[' -n x ']'
+ set +x
Shell debugging restarted
+ unset __lmod_vx
+ unset __lmod_vx
Shell debugging restarted
+ unset __lmod_vx
Shell debugging restarted
+ unset __lmod_vx
+ speed3d_r2c cufft double 256 256 256 -a2av -p2p_pl -pencils -r2c_dir 2 -ingrid 32 2 1 -outgrid 4 4 4 -n5
Shell debugging restarted
Shell debugging restarted
+ speed3d_r2c cufft double 256 256 256 -a2av -p2p_pl -pencils -r2c_dir 2 -ingrid 32 2 1 -outgrid 4 4 4 -n5
+ unset __lmod_vx
Shell debugging restarted
+ unset __lmod_vx
+ speed3d_r2c cufft double 256 256 256 -a2av -p2p_pl -pencils -r2c_dir 2 -ingrid 32 2 1 -outgrid 4 4 4 -n5
Shell debugging restarted
+ unset __lmod_vx
+ unset __lmod_vx
+ speed3d_r2c cufft double 256 256 256 -a2av -p2p_pl -pencils -r2c_dir 2 -ingrid 32 2 1 -outgrid 4 4 4 -n5
Shell debugging restarted
+ unset __lmod_vx
+ speed3d_r2c cufft double 256 256 256 -a2av -p2p_pl -pencils -r2c_dir 2 -ingrid 32 2 1 -outgrid 4 4 4 -n5
+ '[' -z '' ']'
+ case "$-" in
“RANK= 29 LOCAL_RANK= 1 gpu= 2”
+ speed3d_r2c cufft double 256 256 256 -a2av -p2p_pl -pencils -r2c_dir 2 -ingrid 32 2 1 -outgrid 4 4 4 -n5
+ speed3d_r2c cufft double 256 256 256 -a2av -p2p_pl -pencils -r2c_dir 2 -ingrid 32 2 1 -outgrid 4 4 4 -n5
Shell debugging temporarily silenced: export LMOD_SH_DBG_ON=1 for this output (/usr/share/lmod/lmod/init/bash)
“RANK= 28 LOCAL_RANK= 0 gpu= 3”
+ speed3d_r2c cufft double 256 256 256 -a2av -p2p_pl -pencils -r2c_dir 2 -ingrid 32 2 1 -outgrid 4 4 4 -n5
+ speed3d_r2c cufft double 256 256 256 -a2av -p2p_pl -pencils -r2c_dir 2 -ingrid 32 2 1 -outgrid 4 4 4 -n5
“RANK= 30 LOCAL_RANK= 2 gpu= 1”
+ speed3d_r2c cufft double 256 256 256 -a2av -p2p_pl -pencils -r2c_dir 2 -ingrid 32 2 1 -outgrid 4 4 4 -n5
+ speed3d_r2c cufft double 256 256 256 -a2av -p2p_pl -pencils -r2c_dir 2 -ingrid 32 2 1 -outgrid 4 4 4 -n5
“RANK= 31 LOCAL_RANK= 3 gpu= 0”
+ speed3d_r2c cufft double 256 256 256 -a2av -p2p_pl -pencils -r2c_dir 2 -ingrid 32 2 1 -outgrid 4 4 4 -n5
+ '[' -z '' ']'
+ case "$-" in
+ __lmod_vx=x
+ '[' -n x ']'
+ set +x
+ '[' -z '' ']'
+ case "$-" in
Shell debugging temporarily silenced: export LMOD_SH_DBG_ON=1 for this output (/usr/share/lmod/lmod/init/bash)
Shell debugging temporarily silenced: export LMOD_SH_DBG_ON=1 for this output (/usr/share/lmod/lmod/init/bash)
+ __lmod_vx=x
+ '[' -n x ']'
+ set +x
+ __lmod_vx=x
+ '[' -n x ']'
+ set +x
+ '[' -z '' ']'
+ case "$-" in
+ __lmod_vx=x
+ '[' -n x ']'
+ set +x
Shell debugging temporarily silenced: export LMOD_SH_DBG_ON=1 for this output (/usr/share/lmod/lmod/init/bash)
Shell debugging temporarily silenced: export LMOD_SH_DBG_ON=1 for this output (/usr/share/lmod/lmod/init/bash)
+ '[' -z '' ']'
+ case "$-" in
+ __lmod_vx=x
+ '[' -n x ']'
+ set +x
+ '[' -z '' ']'
+ case "$-" in
+ __lmod_vx=x
+ '[' -n x ']'
+ set +x
Shell debugging temporarily silenced: export LMOD_SH_DBG_ON=1 for this output (/usr/share/lmod/lmod/init/bash)
Shell debugging temporarily silenced: export LMOD_SH_DBG_ON=1 for this output (/usr/share/lmod/lmod/init/bash)
+ '[' -z '' ']'
+ case "$-" in
+ __lmod_vx=x
+ '[' -n x ']'
+ set +x
Shell debugging restarted
+ unset __lmod_vx
Shell debugging temporarily silenced: export LMOD_SH_DBG_ON=1 for this output (/usr/share/lmod/lmod/init/bash)
Shell debugging restarted
+ unset __lmod_vx
+ '[' -z '' ']'
+ case "$-" in
+ __lmod_vx=x
+ '[' -n x ']'
+ set +x
Shell debugging restarted
+ unset __lmod_vx
Shell debugging restarted
+ unset __lmod_vx
Shell debugging restarted
+ unset __lmod_vx
Shell debugging restarted
+ unset __lmod_vx
+ speed3d_r2c cufft double 256 256 256 -a2av -p2p_pl -pencils -r2c_dir 2 -ingrid 32 2 1 -outgrid 4 4 4 -n5
Shell debugging restarted
+ unset __lmod_vx
+ speed3d_r2c cufft double 256 256 256 -a2av -p2p_pl -pencils -r2c_dir 2 -ingrid 32 2 1 -outgrid 4 4 4 -n5
Shell debugging restarted
+ speed3d_r2c cufft double 256 256 256 -a2av -p2p_pl -pencils -r2c_dir 2 -ingrid 32 2 1 -outgrid 4 4 4 -n5
+ unset __lmod_vx
“RANK= 0 LOCAL_RANK= 0 gpu= 3”
+ speed3d_r2c cufft double 256 256 256 -a2av -p2p_pl -pencils -r2c_dir 2 -ingrid 32 2 1 -outgrid 4 4 4 -n5
+ speed3d_r2c cufft double 256 256 256 -a2av -p2p_pl -pencils -r2c_dir 2 -ingrid 32 2 1 -outgrid 4 4 4 -n5
+ speed3d_r2c cufft double 256 256 256 -a2av -p2p_pl -pencils -r2c_dir 2 -ingrid 32 2 1 -outgrid 4 4 4 -n5
“RANK= 1 LOCAL_RANK= 1 gpu= 2”
+ speed3d_r2c cufft double 256 256 256 -a2av -p2p_pl -pencils -r2c_dir 2 -ingrid 32 2 1 -outgrid 4 4 4 -n5
+ speed3d_r2c cufft double 256 256 256 -a2av -p2p_pl -pencils -r2c_dir 2 -ingrid 32 2 1 -outgrid 4 4 4 -n5
“RANK= 2 LOCAL_RANK= 2 gpu= 1”
“RANK= 3 LOCAL_RANK= 3 gpu= 0”
+ '[' -z '' ']'
+ case "$-" in
Shell debugging temporarily silenced: export LMOD_SH_DBG_ON=1 for this output (/usr/share/lmod/lmod/init/bash)
+ __lmod_vx=x
+ '[' -n x ']'
+ set +x
Shell debugging temporarily silenced: export LMOD_SH_DBG_ON=1 for this output (/usr/share/lmod/lmod/init/bash)
+ '[' -z '' ']'
+ case "$-" in
+ __lmod_vx=x
+ '[' -n x ']'
+ set +x
Shell debugging temporarily silenced: export LMOD_SH_DBG_ON=1 for this output (/usr/share/lmod/lmod/init/bash)
+ '[' -z '' ']'
+ case "$-" in
+ __lmod_vx=x
+ '[' -n x ']'
+ set +x
Shell debugging temporarily silenced: export LMOD_SH_DBG_ON=1 for this output (/usr/share/lmod/lmod/init/bash)
+ '[' -z '' ']'
+ case "$-" in
+ __lmod_vx=x
+ '[' -n x ']'
+ set +x
Shell debugging restarted
+ unset __lmod_vx
Shell debugging restarted
+ unset __lmod_vx
Shell debugging restarted
+ unset __lmod_vx
Shell debugging restarted
+ unset __lmod_vx
+ speed3d_r2c cufft double 256 256 256 -a2av -p2p_pl -pencils -r2c_dir 2 -ingrid 32 2 1 -outgrid 4 4 4 -n5
+ speed3d_r2c cufft double 256 256 256 -a2av -p2p_pl -pencils -r2c_dir 2 -ingrid 32 2 1 -outgrid 4 4 4 -n5
+ speed3d_r2c cufft double 256 256 256 -a2av -p2p_pl -pencils -r2c_dir 2 -ingrid 32 2 1 -outgrid 4 4 4 -n5
+ speed3d_r2c cufft double 256 256 256 -a2av -p2p_pl -pencils -r2c_dir 2 -ingrid 32 2 1 -outgrid 4 4 4 -n5
+ '[' -z '' ']'
+ '[' -z '' ']'
+ case "$-" in
+ __lmod_vx=x
+ '[' -n x ']'
+ set +x
+ '[' -z '' ']'
+ case "$-" in
Shell debugging temporarily silenced: export LMOD_SH_DBG_ON=1 for this output (/usr/share/lmod/lmod/init/bash)
+ case "$-" in
+ __lmod_vx=x
+ '[' -n x ']'
+ set +x
Shell debugging temporarily silenced: export LMOD_SH_DBG_ON=1 for this output (/usr/share/lmod/lmod/init/bash)
Shell debugging temporarily silenced: export LMOD_SH_DBG_ON=1 for this output (/usr/share/lmod/lmod/init/bash)
+ '[' -z '' ']'
+ case "$-" in
+ __lmod_vx=x
+ '[' -n x ']'
+ set +x
Shell debugging temporarily silenced: export LMOD_SH_DBG_ON=1 for this output (/usr/share/lmod/lmod/init/bash)
+ __lmod_vx=x
+ '[' -n x ']'
+ set +x
Shell debugging restarted
+ unset __lmod_vx
Shell debugging restarted
Shell debugging restarted
+ unset __lmod_vx
+ unset __lmod_vx
Shell debugging restarted
+ unset __lmod_vx
+ speed3d_r2c cufft double 256 256 256 -a2av -p2p_pl -pencils -r2c_dir 2 -ingrid 32 2 1 -outgrid 4 4 4 -n5
+ speed3d_r2c cufft double 256 256 256 -a2av -p2p_pl -pencils -r2c_dir 2 -ingrid 32 2 1 -outgrid 4 4 4 -n5
+ speed3d_r2c cufft double 256 256 256 -a2av -p2p_pl -pencils -r2c_dir 2 -ingrid 32 2 1 -outgrid 4 4 4 -n5
+ speed3d_r2c cufft double 256 256 256 -a2av -p2p_pl -pencils -r2c_dir 2 -ingrid 32 2 1 -outgrid 4 4 4 -n5
MPICH ERROR [Rank 63] [job id f514237e-f51e-4e3a-927e-4f71afd1c77f] [Fri Aug  4 06:17:49 2023] [x3202c0s1b0n0] - Abort(1716623) (rank 63 in comm 0): Fatal error in PMPI_Waitany: Other MPI error, error stack:
PMPI_Waitany(277)..............: MPI_Waitany(count=3, req_array=0x1a7dfd0, index=0x7ffd905b24bc, status=0x1) failed
PMPI_Waitany(245)..............: 
MPIDI_Progress_test(80)........: 
MPIDI_OFI_handle_cq_error(1059): OFI poll failed (ofi_events.c:1061:MPIDI_OFI_handle_cq_error:Input/output error - remote access error)

aborting job:
Fatal error in PMPI_Waitany: Other MPI error, error stack:
PMPI_Waitany(277)..............: MPI_Waitany(count=3, req_array=0x1a7dfd0, index=0x7ffd905b24bc, status=0x1) failed
PMPI_Waitany(245)..............: 
MPIDI_Progress_test(80)........: 
MPIDI_OFI_handle_cq_error(1059): OFI poll failed (ofi_events.c:1061:MPIDI_OFI_handle_cq_error:Input/output error - remote access error)
MPICH ERROR [Rank 62] [job id f514237e-f51e-4e3a-927e-4f71afd1c77f] [Fri Aug  4 06:17:49 2023] [x3202c0s1b0n0] - Abort(1008349583) (rank 62 in comm 0): Fatal error in PMPI_Waitany: Other MPI error, error stack:
PMPI_Waitany(277)..............: MPI_Waitany(count=4, req_array=0xe95fd0, index=0x7fff834a5dec, status=0x1) failed
PMPI_Waitany(245)..............: 
MPIDI_Progress_test(80)........: 
MPIDI_OFI_handle_cq_error(1059): OFI poll failed (ofi_events.c:1061:MPIDI_OFI_handle_cq_error:Input/output error - remote access error)

aborting job:
Fatal error in PMPI_Waitany: Other MPI error, error stack:
PMPI_Waitany(277)..............: MPI_Waitany(count=4, req_array=0xe95fd0, index=0x7fff834a5dec, status=0x1) failed
PMPI_Waitany(245)..............: 
MPIDI_Progress_test(80)........: 
MPIDI_OFI_handle_cq_error(1059): OFI poll failed (ofi_events.c:1061:MPIDI_OFI_handle_cq_error:Input/output error - remote access error)
MPICH ERROR [Rank 58] [job id f514237e-f51e-4e3a-927e-4f71afd1c77f] [Fri Aug  4 06:17:49 2023] [x3202c0s19b1n0] - Abort(874131855) (rank 58 in comm 0): Fatal error in PMPI_Waitany: Other MPI error, error stack:
PMPI_Waitany(277)..............: MPI_Waitany(count=4, req_array=0x1451fd0, index=0x7ffcee056aac, status=0x1) failed
PMPI_Waitany(245)..............: 
MPIDI_Progress_test(80)........: 
MPIDI_OFI_handle_cq_error(1059): OFI poll failed (ofi_events.c:1061:MPIDI_OFI_handle_cq_error:Input/output error - remote access error)

aborting job:
Fatal error in PMPI_Waitany: Other MPI error, error stack:
PMPI_Waitany(277)..............: MPI_Waitany(count=4, req_array=0x1451fd0, index=0x7ffcee056aac, status=0x1) failed
PMPI_Waitany(245)..............: 
MPIDI_Progress_test(80)........: 
MPIDI_OFI_handle_cq_error(1059): OFI poll failed (ofi_events.c:1061:MPIDI_OFI_handle_cq_error:Input/output error - remote access error)
MPICH ERROR [Rank 59] [job id f514237e-f51e-4e3a-927e-4f71afd1c77f] [Fri Aug  4 06:17:49 2023] [x3202c0s19b1n0] - Abort(807022991) (rank 59 in comm 0): Fatal error in PMPI_Waitany: Other MPI error, error stack:
PMPI_Waitany(277)..............: MPI_Waitany(count=3, req_array=0x889fd0, index=0x7fff0ab680ec, status=0x1) failed
PMPI_Waitany(245)..............: 
MPIDI_Progress_test(80)........: 
MPIDI_OFI_handle_cq_error(1059): OFI poll failed (ofi_events.c:1061:MPIDI_OFI_handle_cq_error:Input/output error - remote access error)

aborting job:
Fatal error in PMPI_Waitany: Other MPI error, error stack:
PMPI_Waitany(277)..............: MPI_Waitany(count=3, req_array=0x889fd0, index=0x7fff0ab680ec, status=0x1) failed
PMPI_Waitany(245)..............: 
MPIDI_Progress_test(80)........: 
MPIDI_OFI_handle_cq_error(1059): OFI poll failed (ofi_events.c:1061:MPIDI_OFI_handle_cq_error:Input/output error - remote access error)
MPICH ERROR [Rank 4] [job id f514237e-f51e-4e3a-927e-4f71afd1c77f] [Fri Aug  4 06:17:49 2023] [x3201c0s19b0n0] - Abort(605696399) (rank 4 in comm 0): Fatal error in PMPI_Waitany: Other MPI error, error stack:
PMPI_Waitany(277)..............: MPI_Waitany(count=3, req_array=0x265ce30, index=0x7ffe01e321cc, status=0x1) failed
PMPI_Waitany(245)..............: 
MPIDI_Progress_test(80)........: 
MPIDI_OFI_handle_cq_error(1059): OFI poll failed (ofi_events.c:1061:MPIDI_OFI_handle_cq_error:Input/output error - remote access error)

aborting job:
Fatal error in PMPI_Waitany: Other MPI error, error stack:
PMPI_Waitany(277)..............: MPI_Waitany(count=3, req_array=0x265ce30, index=0x7ffe01e321cc, status=0x1) failed
PMPI_Waitany(245)..............: 
MPIDI_Progress_test(80)........: 
MPIDI_OFI_handle_cq_error(1059): OFI poll failed (ofi_events.c:1061:MPIDI_OFI_handle_cq_error:Input/output error - remote access error)
MPICH ERROR [Rank 7] [job id f514237e-f51e-4e3a-927e-4f71afd1c77f] [Fri Aug  4 06:17:49 2023] [x3201c0s19b0n0] - Abort(471478671) (rank 7 in comm 0): Fatal error in PMPI_Waitany: Other MPI error, error stack:
PMPI_Waitany(277)..............: MPI_Waitany(count=4, req_array=0x1edafd0, index=0x7ffd622836ec, status=0x1) failed
PMPI_Waitany(245)..............: 
MPIDI_Progress_test(80)........: 
MPIDI_OFI_handle_cq_error(1059): OFI poll failed (ofi_events.c:1061:MPIDI_OFI_handle_cq_error:Input/output error - local protection error)

aborting job:
Fatal error in PMPI_Waitany: Other MPI error, error stack:
PMPI_Waitany(277)..............: MPI_Waitany(count=4, req_array=0x1edafd0, index=0x7ffd622836ec, status=0x1) failed
PMPI_Waitany(245)..............: 
MPIDI_Progress_test(80)........: 
MPIDI_OFI_handle_cq_error(1059): OFI poll failed (ofi_events.c:1061:MPIDI_OFI_handle_cq_error:Input/output error - local protection error)
MPICH ERROR [Rank 54] [job id f514237e-f51e-4e3a-927e-4f71afd1c77f] [Fri Aug  4 06:17:49 2023] [x3202c0s19b0n0] - Abort(538587535) (rank 54 in comm 0): Fatal error in PMPI_Waitany: Other MPI error, error stack:
PMPI_Waitany(277)..............: MPI_Waitany(count=4, req_array=0x1885fd0, index=0x7ffd315b461c, status=0x1) failed
PMPI_Waitany(245)..............: 
MPIDI_Progress_test(80)........: 
MPIDI_OFI_handle_cq_error(1059): OFI poll failed (ofi_events.c:1061:MPIDI_OFI_handle_cq_error:Input/output error - remote access error)

aborting job:
Fatal error in PMPI_Waitany: Other MPI error, error stack:
PMPI_Waitany(277)..............: MPI_Waitany(count=4, req_array=0x1885fd0, index=0x7ffd315b461c, status=0x1) failed
PMPI_Waitany(245)..............: 
MPIDI_Progress_test(80)........: 
MPIDI_OFI_handle_cq_error(1059): OFI poll failed (ofi_events.c:1061:MPIDI_OFI_handle_cq_error:Input/output error - remote access error)
MPICH ERROR [Rank 50] [job id f514237e-f51e-4e3a-927e-4f71afd1c77f] [Fri Aug  4 06:17:49 2023] [x3202c0s13b0n0] - Abort(337785231) (rank 50 in comm 0): Fatal error in PMPI_Waitany: Other MPI error, error stack:
PMPI_Waitany(277)..............: MPI_Waitany(count=4, req_array=0xa55fd0, index=0x7ffec812618c, status=0x1) failed
PMPI_Waitany(245)..............: 
MPIR_Waitany_impl(97)..........: 
MPIDI_Progress_test(80)........: 
MPIDI_OFI_handle_cq_error(1059): OFI poll failed (ofi_events.c:1061:MPIDI_OFI_handle_cq_error:Input/output error - remote access error)

aborting job:
Fatal error in PMPI_Waitany: Other MPI error, error stack:
PMPI_Waitany(277)..............: MPI_Waitany(count=4, req_array=0xa55fd0, index=0x7ffec812618c, status=0x1) failed
PMPI_Waitany(245)..............: 
MPIR_Waitany_impl(97)..........: 
MPIDI_Progress_test(80)........: 
MPIDI_OFI_handle_cq_error(1059): OFI poll failed (ofi_events.c:1061:MPIDI_OFI_handle_cq_error:Input/output error - remote access error)
MPICH ERROR [Rank 51] [job id f514237e-f51e-4e3a-927e-4f71afd1c77f] [Fri Aug  4 06:17:49 2023] [x3202c0s13b0n0] - Abort(337785231) (rank 51 in comm 0): Fatal error in PMPI_Waitany: Other MPI error, error stack:
PMPI_Waitany(277)..............: MPI_Waitany(count=4, req_array=0x1e08fd0, index=0x7ffc55bbd19c, status=0x1) failed
PMPI_Waitany(245)..............: 
MPIR_Waitany_impl(97)..........: 
MPIDI_Progress_test(80)........: 
MPIDI_OFI_handle_cq_error(1059): OFI poll failed (ofi_events.c:1061:MPIDI_OFI_handle_cq_error:Input/output error - remote access error)

aborting job:
Fatal error in PMPI_Waitany: Other MPI error, error stack:
PMPI_Waitany(277)..............: MPI_Waitany(count=4, req_array=0x1e08fd0, index=0x7ffc55bbd19c, status=0x1) failed
PMPI_Waitany(245)..............: 
MPIR_Waitany_impl(97)..........: 
MPIDI_Progress_test(80)........: 
MPIDI_OFI_handle_cq_error(1059): OFI poll failed (ofi_events.c:1061:MPIDI_OFI_handle_cq_error:Input/output error - remote access error)
MPICH ERROR [Rank 55] [job id f514237e-f51e-4e3a-927e-4f71afd1c77f] [Fri Aug  4 06:17:49 2023] [x3202c0s19b0n0] - Abort(539111823) (rank 55 in comm 0): Fatal error in PMPI_Waitany: Other MPI error, error stack:
PMPI_Waitany(277)..............: MPI_Waitany(count=4, req_array=0xc4dfd0, index=0x7ffffdc54dec, status=0x1) failed
PMPI_Waitany(245)..............: 
MPIR_Waitany_impl(97)..........: 
MPIDI_Progress_test(80)........: 
MPIDI_OFI_handle_cq_error(1059): OFI poll failed (ofi_events.c:1061:MPIDI_OFI_handle_cq_error:Input/output error - remote access error)

aborting job:
Fatal error in PMPI_Waitany: Other MPI error, error stack:
PMPI_Waitany(277)..............: MPI_Waitany(count=4, req_array=0xc4dfd0, index=0x7ffffdc54dec, status=0x1) failed
PMPI_Waitany(245)..............: 
MPIR_Waitany_impl(97)..........: 
MPIDI_Progress_test(80)........: 
MPIDI_OFI_handle_cq_error(1059): OFI poll failed (ofi_events.c:1061:MPIDI_OFI_handle_cq_error:Input/output error - remote access error)
MPICH ERROR [Rank 42] [job id f514237e-f51e-4e3a-927e-4f71afd1c77f] [Fri Aug  4 06:17:49 2023] [x3201c0s7b0n0] - Abort(337785231) (rank 42 in comm 0): Fatal error in PMPI_Waitany: Other MPI error, error stack:
PMPI_Waitany(277)..............: MPI_Waitany(count=4, req_array=0x144cfd0, index=0x7ffef486c01c, status=0x1) failed
PMPI_Waitany(245)..............: 
MPIR_Waitany_impl(97)..........: 
MPIDI_Progress_test(80)........: 
MPIDI_OFI_handle_cq_error(1059): OFI poll failed (ofi_events.c:1061:MPIDI_OFI_handle_cq_error:Input/output error - remote access error)

aborting job:
Fatal error in PMPI_Waitany: Other MPI error, error stack:
PMPI_Waitany(277)..............: MPI_Waitany(count=4, req_array=0x144cfd0, index=0x7ffef486c01c, status=0x1) failed
PMPI_Waitany(245)..............: 
MPIR_Waitany_impl(97)..........: 
MPIDI_Progress_test(80)........: 
MPIDI_OFI_handle_cq_error(1059): OFI poll failed (ofi_events.c:1061:MPIDI_OFI_handle_cq_error:Input/output error - remote access error)
MPICH ERROR [Rank 43] [job id f514237e-f51e-4e3a-927e-4f71afd1c77f] [Fri Aug  4 06:17:49 2023] [x3201c0s7b0n0] - Abort(1008873871) (rank 43 in comm 0): Fatal error in PMPI_Waitany: Other MPI error, error stack:
PMPI_Waitany(277)..............: MPI_Waitany(count=4, req_array=0xb55fd0, index=0x7ffc7a49658c, status=0x1) failed
PMPI_Waitany(245)..............: 
MPIR_Waitany_impl(97)..........: 
MPIDI_Progress_test(80)........: 
MPIDI_OFI_handle_cq_error(1059): OFI poll failed (ofi_events.c:1061:MPIDI_OFI_handle_cq_error:Input/output error - remote access error)

aborting job:
Fatal error in PMPI_Waitany: Other MPI error, error stack:
PMPI_Waitany(277)..............: MPI_Waitany(count=4, req_array=0xb55fd0, index=0x7ffc7a49658c, status=0x1) failed
PMPI_Waitany(245)..............: 
MPIR_Waitany_impl(97)..........: 
MPIDI_Progress_test(80)........: 
MPIDI_OFI_handle_cq_error(1059): OFI poll failed (ofi_events.c:1061:MPIDI_OFI_handle_cq_error:Input/output error - remote access error)
MPICH ERROR [Rank 49] [job id f514237e-f51e-4e3a-927e-4f71afd1c77f] [Fri Aug  4 06:17:49 2023] [x3202c0s13b0n0] - Abort(270676367) (rank 49 in comm 0): Fatal error in PMPI_Waitany: Other MPI error, error stack:
PMPI_Waitany(277)..............: MPI_Waitany(count=4, req_array=0xc8efd0, index=0x7ffe601235fc, status=0x1) failed
PMPI_Waitany(245)..............: 
MPIR_Waitany_impl(97)..........: 
MPIDI_Progress_test(80)........: 
MPIDI_OFI_handle_cq_error(1059): OFI poll failed (ofi_events.c:1061:MPIDI_OFI_handle_cq_error:Input/output error - remote access error)

aborting job:
Fatal error in PMPI_Waitany: Other MPI error, error stack:
PMPI_Waitany(277)..............: MPI_Waitany(count=4, req_array=0xc8efd0, index=0x7ffe601235fc, status=0x1) failed
PMPI_Waitany(245)..............: 
MPIR_Waitany_impl(97)..........: 
MPIDI_Progress_test(80)........: 
MPIDI_OFI_handle_cq_error(1059): OFI poll failed (ofi_events.c:1061:MPIDI_OFI_handle_cq_error:Input/output error - remote access error)
MPICH ERROR [Rank 48] [job id f514237e-f51e-4e3a-927e-4f71afd1c77f] [Fri Aug  4 06:17:49 2023] [x3202c0s13b0n0] - Abort(404894095) (rank 48 in comm 0): Fatal error in PMPI_Waitany: Other MPI error, error stack:
PMPI_Waitany(277)..............: MPI_Waitany(count=4, req_array=0x1c72e40, index=0x7ffdd519380c, status=0x1) failed
PMPI_Waitany(245)..............: 
MPIR_Waitany_impl(97)..........: 
MPIDI_Progress_test(80)........: 
MPIDI_OFI_handle_cq_error(1059): OFI poll failed (ofi_events.c:1061:MPIDI_OFI_handle_cq_error:Input/output error - remote access error)

aborting job:
Fatal error in PMPI_Waitany: Other MPI error, error stack:
PMPI_Waitany(277)..............: MPI_Waitany(count=4, req_array=0x1c72e40, index=0x7ffdd519380c, status=0x1) failed
PMPI_Waitany(245)..............: 
MPIR_Waitany_impl(97)..........: 
MPIDI_Progress_test(80)........: 
MPIDI_OFI_handle_cq_error(1059): OFI poll failed (ofi_events.c:1061:MPIDI_OFI_handle_cq_error:Input/output error - remote access error)
MPICH ERROR [Rank 12] [job id f514237e-f51e-4e3a-927e-4f71afd1c77f] [Fri Aug  4 06:17:49 2023] [x3201c0s1b0n0] - Abort(69349775) (rank 12 in comm 0): Fatal error in PMPI_Waitany: Other MPI error, error stack:
PMPI_Waitany(277)..............: MPI_Waitany(count=4, req_array=0x18d82d0, index=0x7ffcbf1f213c, status=0x1) failed
PMPI_Waitany(245)..............: 
MPIR_Waitany_impl(97)..........: 
MPIDI_Progress_test(80)........: 
MPIDI_OFI_handle_cq_error(1059): OFI poll failed (ofi_events.c:1061:MPIDI_OFI_handle_cq_error:Input/output error - remote access error)

aborting job:
Fatal error in PMPI_Waitany: Other MPI error, error stack:
PMPI_Waitany(277)..............: MPI_Waitany(count=4, req_array=0x18d82d0, index=0x7ffcbf1f213c, status=0x1) failed
PMPI_Waitany(245)..............: 
MPIR_Waitany_impl(97)..........: 
MPIDI_Progress_test(80)........: 
MPIDI_OFI_handle_cq_error(1059): OFI poll failed (ofi_events.c:1061:MPIDI_OFI_handle_cq_error:Input/output error - remote access error)
MPICH ERROR [Rank 13] [job id f514237e-f51e-4e3a-927e-4f71afd1c77f] [Fri Aug  4 06:17:49 2023] [x3201c0s1b0n0] - Abort(69349775) (rank 13 in comm 0): Fatal error in PMPI_Waitany: Other MPI error, error stack:
PMPI_Waitany(277)..............: MPI_Waitany(count=4, req_array=0x2649fd0, index=0x7fff2288be3c, status=0x1) failed
PMPI_Waitany(245)..............: 
MPIR_Waitany_impl(97)..........: 
MPIDI_Progress_test(80)........: 
MPIDI_OFI_handle_cq_error(1059): OFI poll failed (ofi_events.c:1061:MPIDI_OFI_handle_cq_error:Input/output error - remote access error)

aborting job:
Fatal error in PMPI_Waitany: Other MPI error, error stack:
PMPI_Waitany(277)..............: MPI_Waitany(count=4, req_array=0x2649fd0, index=0x7fff2288be3c, status=0x1) failed
PMPI_Waitany(245)..............: 
MPIR_Waitany_impl(97)..........: 
MPIDI_Progress_test(80)........: 
MPIDI_OFI_handle_cq_error(1059): OFI poll failed (ofi_events.c:1061:MPIDI_OFI_handle_cq_error:Input/output error - remote access error)
MPICH ERROR [Rank 8] [job id f514237e-f51e-4e3a-927e-4f71afd1c77f] [Fri Aug  4 06:17:49 2023] [x3201c0s19b1n0] - Abort(874131855) (rank 8 in comm 0): Fatal error in PMPI_Waitany: Other MPI error, error stack:
PMPI_Waitany(277)..............: MPI_Waitany(count=4, req_array=0x1484f80, index=0x7ffc20ca106c, status=0x1) failed
PMPI_Waitany(245)..............: 
MPIDI_Progress_test(80)........: 
MPIDI_OFI_handle_cq_error(1059): OFI poll failed (ofi_events.c:1061:MPIDI_OFI_handle_cq_error:Input/output error - remote access error)

aborting job:
Fatal error in PMPI_Waitany: Other MPI error, error stack:
PMPI_Waitany(277)..............: MPI_Waitany(count=4, req_array=0x1484f80, index=0x7ffc20ca106c, status=0x1) failed
PMPI_Waitany(245)..............: 
MPIDI_Progress_test(80)........: 
MPIDI_OFI_handle_cq_error(1059): OFI poll failed (ofi_events.c:1061:MPIDI_OFI_handle_cq_error:Input/output error - remote access error)
MPICH ERROR [Rank 9] [job id f514237e-f51e-4e3a-927e-4f71afd1c77f] [Fri Aug  4 06:17:49 2023] [x3201c0s19b1n0] - Abort(404894095) (rank 9 in comm 0): Fatal error in PMPI_Waitany: Other MPI error, error stack:
PMPI_Waitany(277)..............: MPI_Waitany(count=4, req_array=0x125efd0, index=0x7ffd9b2fbcec, status=0x1) failed
PMPI_Waitany(245)..............: 
MPIR_Waitany_impl(97)..........: 
MPIDI_Progress_test(80)........: 
MPIDI_OFI_handle_cq_error(1059): OFI poll failed (ofi_events.c:1061:MPIDI_OFI_handle_cq_error:Input/output error - remote access error)

aborting job:
Fatal error in PMPI_Waitany: Other MPI error, error stack:
PMPI_Waitany(277)..............: MPI_Waitany(count=4, req_array=0x125efd0, index=0x7ffd9b2fbcec, status=0x1) failed
PMPI_Waitany(245)..............: 
MPIR_Waitany_impl(97)..........: 
MPIDI_Progress_test(80)........: 
MPIDI_OFI_handle_cq_error(1059): OFI poll failed (ofi_events.c:1061:MPIDI_OFI_handle_cq_error:Input/output error - remote access error)
MPICH ERROR [Rank 52] [job id f514237e-f51e-4e3a-927e-4f71afd1c77f] [Fri Aug  4 06:17:49 2023] [x3202c0s19b0n0] - Abort(337260943) (rank 52 in comm 0): Fatal error in PMPI_Waitany: Other MPI error, error stack:
PMPI_Waitany(277)..............: MPI_Waitany(count=4, req_array=0x14a1f90, index=0x7ffc5391ec4c, status=0x1) failed
PMPI_Waitany(245)..............: 
MPIDI_Progress_test(80)........: 
MPIDI_OFI_handle_cq_error(1059): OFI poll failed (ofi_events.c:1061:MPIDI_OFI_handle_cq_error:Input/output error - remote access error)

aborting job:
Fatal error in PMPI_Waitany: Other MPI error, error stack:
PMPI_Waitany(277)..............: MPI_Waitany(count=4, req_array=0x14a1f90, index=0x7ffc5391ec4c, status=0x1) failed
PMPI_Waitany(245)..............: 
MPIDI_Progress_test(80)........: 
MPIDI_OFI_handle_cq_error(1059): OFI poll failed (ofi_events.c:1061:MPIDI_OFI_handle_cq_error:Input/output error - remote access error)
MPICH ERROR [Rank 16] [job id f514237e-f51e-4e3a-927e-4f71afd1c77f] [Fri Aug  4 06:17:49 2023] [x3201c0s1b1n0] - Abort(874131855) (rank 16 in comm 0): Fatal error in PMPI_Waitany: Other MPI error, error stack:
PMPI_Waitany(277)..............: MPI_Waitany(count=4, req_array=0x23b3fa0, index=0x7ffec28803ac, status=0x1) failed
PMPI_Waitany(245)..............: 
MPIDI_Progress_test(80)........: 
MPIDI_OFI_handle_cq_error(1059): OFI poll failed (ofi_events.c:1061:MPIDI_OFI_handle_cq_error:Input/output error - local protection error)

aborting job:
Fatal error in PMPI_Waitany: Other MPI error, error stack:
PMPI_Waitany(277)..............: MPI_Waitany(count=4, req_array=0x23b3fa0, index=0x7ffec28803ac, status=0x1) failed
PMPI_Waitany(245)..............: 
MPIDI_Progress_test(80)........: 
MPIDI_OFI_handle_cq_error(1059): OFI poll failed (ofi_events.c:1061:MPIDI_OFI_handle_cq_error:Input/output error - local protection error)
MPICH ERROR [Rank 46] [job id f514237e-f51e-4e3a-927e-4f71afd1c77f] [Fri Aug  4 06:17:49 2023] [x3201c0s7b1n0] - Abort(605696399) (rank 46 in comm 0): Fatal error in PMPI_Waitany: Other MPI error, error stack:
PMPI_Waitany(277)..............: MPI_Waitany(count=4, req_array=0x13ebfd0, index=0x7fffe81ec82c, status=0x1) failed
PMPI_Waitany(245)..............: 
MPIDI_Progress_test(80)........: 
MPIDI_OFI_handle_cq_error(1059): OFI poll failed (ofi_events.c:1061:MPIDI_OFI_handle_cq_error:Input/output error - remote access error)

aborting job:
Fatal error in PMPI_Waitany: Other MPI error, error stack:
PMPI_Waitany(277)..............: MPI_Waitany(count=4, req_array=0x13ebfd0, index=0x7fffe81ec82c, status=0x1) failed
PMPI_Waitany(245)..............: 
MPIDI_Progress_test(80)........: 
MPIDI_OFI_handle_cq_error(1059): OFI poll failed (ofi_events.c:1061:MPIDI_OFI_handle_cq_error:Input/output error - remote access error)
MPICH ERROR [Rank 41] [job id f514237e-f51e-4e3a-927e-4f71afd1c77f] [Fri Aug  4 06:17:49 2023] [x3201c0s7b0n0] - Abort(136458639) (rank 41 in comm 0): Fatal error in PMPI_Waitany: Other MPI error, error stack:
PMPI_Waitany(277)..............: MPI_Waitany(count=4, req_array=0x1d75fd0, index=0x7ffe7f16286c, status=0x1) failed
PMPI_Waitany(245)..............: 
MPIR_Waitany_impl(97)..........: 
MPIDI_Progress_test(80)........: 
MPIDI_OFI_handle_cq_error(1059): OFI poll failed (ofi_events.c:1061:MPIDI_OFI_handle_cq_error:Input/output error - remote access error)

aborting job:
Fatal error in PMPI_Waitany: Other MPI error, error stack:
PMPI_Waitany(277)..............: MPI_Waitany(count=4, req_array=0x1d75fd0, index=0x7ffe7f16286c, status=0x1) failed
PMPI_Waitany(245)..............: 
MPIR_Waitany_impl(97)..........: 
MPIDI_Progress_test(80)........: 
MPIDI_OFI_handle_cq_error(1059): OFI poll failed (ofi_events.c:1061:MPIDI_OFI_handle_cq_error:Input/output error - remote access error)
MPICH ERROR [Rank 40] [job id f514237e-f51e-4e3a-927e-4f71afd1c77f] [Fri Aug  4 06:17:49 2023] [x3201c0s7b0n0] - Abort(874656143) (rank 40 in comm 0): Fatal error in PMPI_Waitany: Other MPI error, error stack:
PMPI_Waitany(277)..............: MPI_Waitany(count=4, req_array=0x229eef0, index=0x7fff59a6043c, status=0x1) failed
PMPI_Waitany(245)..............: 
MPIR_Waitany_impl(97)..........: 
MPIDI_Progress_test(80)........: 
MPIDI_OFI_handle_cq_error(1059): OFI poll failed (ofi_events.c:1061:MPIDI_OFI_handle_cq_error:Input/output error - remote access error)

aborting job:
Fatal error in PMPI_Waitany: Other MPI error, error stack:
PMPI_Waitany(277)..............: MPI_Waitany(count=4, req_array=0x229eef0, index=0x7fff59a6043c, status=0x1) failed
PMPI_Waitany(245)..............: 
MPIR_Waitany_impl(97)..........: 
MPIDI_Progress_test(80)........: 
MPIDI_OFI_handle_cq_error(1059): OFI poll failed (ofi_events.c:1061:MPIDI_OFI_handle_cq_error:Input/output error - remote access error)
MPICH ERROR [Rank 47] [job id f514237e-f51e-4e3a-927e-4f71afd1c77f] [Fri Aug  4 06:17:49 2023] [x3201c0s7b1n0] - Abort(1008873871) (rank 47 in comm 0): Fatal error in PMPI_Waitany: Other MPI error, error stack:
PMPI_Waitany(277)..............: MPI_Waitany(count=4, req_array=0x1daefd0, index=0x7fff3e61a15c, status=0x1) failed
PMPI_Waitany(245)..............: 
MPIR_Waitany_impl(97)..........: 
MPIDI_Progress_test(80)........: 
MPIDI_OFI_handle_cq_error(1059): OFI poll failed (ofi_events.c:1061:MPIDI_OFI_handle_cq_error:Input/output error - remote access error)

aborting job:
Fatal error in PMPI_Waitany: Other MPI error, error stack:
PMPI_Waitany(277)..............: MPI_Waitany(count=4, req_array=0x1daefd0, index=0x7fff3e61a15c, status=0x1) failed
PMPI_Waitany(245)..............: 
MPIR_Waitany_impl(97)..........: 
MPIDI_Progress_test(80)........: 
MPIDI_OFI_handle_cq_error(1059): OFI poll failed (ofi_events.c:1061:MPIDI_OFI_handle_cq_error:Input/output error - remote access error)
MPICH ERROR [Rank 6] [job id f514237e-f51e-4e3a-927e-4f71afd1c77f] [Fri Aug  4 06:17:49 2023] [x3201c0s19b0n0] - Abort(203043215) (rank 6 in comm 0): Fatal error in PMPI_Waitany: Other MPI error, error stack:
PMPI_Waitany(277)..............: MPI_Waitany(count=4, req_array=0x19a5fd0, index=0x7ffc317a7b3c, status=0x1) failed
PMPI_Waitany(245)..............: 
MPIDI_Progress_test(80)........: 
MPIDI_OFI_handle_cq_error(1059): OFI poll failed (ofi_events.c:1061:MPIDI_OFI_handle_cq_error:Input/output error - local protection error)

aborting job:
Fatal error in PMPI_Waitany: Other MPI error, error stack:
PMPI_Waitany(277)..............: MPI_Waitany(count=4, req_array=0x19a5fd0, index=0x7ffc317a7b3c, status=0x1) failed
PMPI_Waitany(245)..............: 
MPIDI_Progress_test(80)........: 
MPIDI_OFI_handle_cq_error(1059): OFI poll failed (ofi_events.c:1061:MPIDI_OFI_handle_cq_error:Input/output error - local protection error)
MPICH ERROR [Rank 21] [job id f514237e-f51e-4e3a-927e-4f71afd1c77f] [Fri Aug  4 06:17:49 2023] [x3201c0s25b0n0] - Abort(874131855) (rank 21 in comm 0): Fatal error in PMPI_Waitany: Other MPI error, error stack:
PMPI_Waitany(277)..............: MPI_Waitany(count=4, req_array=0x2306fd0, index=0x7fff79f5fb1c, status=0x1) failed
PMPI_Waitany(245)..............: 
MPIDI_Progress_test(80)........: 
MPIDI_OFI_handle_cq_error(1059): OFI poll failed (ofi_events.c:1061:MPIDI_OFI_handle_cq_error:Input/output error - remote access error)

aborting job:
Fatal error in PMPI_Waitany: Other MPI error, error stack:
PMPI_Waitany(277)..............: MPI_Waitany(count=4, req_array=0x2306fd0, index=0x7fff79f5fb1c, status=0x1) failed
PMPI_Waitany(245)..............: 
MPIDI_Progress_test(80)........: 
MPIDI_OFI_handle_cq_error(1059): OFI poll failed (ofi_events.c:1061:MPIDI_OFI_handle_cq_error:Input/output error - remote access error)
MPICH ERROR [Rank 17] [job id f514237e-f51e-4e3a-927e-4f71afd1c77f] [Fri Aug  4 06:17:49 2023] [x3201c0s1b1n0] - Abort(673329551) (rank 17 in comm 0): Fatal error in PMPI_Waitany: Other MPI error, error stack:
PMPI_Waitany(277)..............: MPI_Waitany(count=4, req_array=0x2329fd0, index=0x7ffd923eb90c, status=0x1) failed
PMPI_Waitany(245)..............: 
MPIR_Waitany_impl(97)..........: 
MPIDI_Progress_test(80)........: 
MPIDI_OFI_handle_cq_error(1059): OFI poll failed (ofi_events.c:1061:MPIDI_OFI_handle_cq_error:Input/output error - remote access error)

aborting job:
Fatal error in PMPI_Waitany: Other MPI error, error stack:
PMPI_Waitany(277)..............: MPI_Waitany(count=4, req_array=0x2329fd0, index=0x7ffd923eb90c, status=0x1) failed
PMPI_Waitany(245)..............: 
MPIR_Waitany_impl(97)..........: 
MPIDI_Progress_test(80)........: 
MPIDI_OFI_handle_cq_error(1059): OFI poll failed (ofi_events.c:1061:MPIDI_OFI_handle_cq_error:Input/output error - remote access error)
MPICH ERROR [Rank 20] [job id f514237e-f51e-4e3a-927e-4f71afd1c77f] [Fri Aug  4 06:17:49 2023] [x3201c0s25b0n0] - Abort(135934351) (rank 20 in comm 0): Fatal error in PMPI_Waitany: Other MPI error, error stack:
PMPI_Waitany(277)..............: MPI_Waitany(count=4, req_array=0xd1af70, index=0x7ffcb5e8613c, status=0x1) failed
PMPI_Waitany(245)..............: 
MPIDI_Progress_test(80)........: 
MPIDI_OFI_handle_cq_error(1059): OFI poll failed (ofi_events.c:1061:MPIDI_OFI_handle_cq_error:Input/output error - remote access error)

aborting job:
Fatal error in PMPI_Waitany: Other MPI error, error stack:
PMPI_Waitany(277)..............: MPI_Waitany(count=4, req_array=0xd1af70, index=0x7ffcb5e8613c, status=0x1) failed
PMPI_Waitany(245)..............: 
MPIDI_Progress_test(80)........: 
MPIDI_OFI_handle_cq_error(1059): OFI poll failed (ofi_events.c:1061:MPIDI_OFI_handle_cq_error:Input/output error - remote access error)
MPICH ERROR [Rank 11] [job id f514237e-f51e-4e3a-927e-4f71afd1c77f] [Fri Aug  4 06:17:49 2023] [x3201c0s19b1n0] - Abort(1716623) (rank 11 in comm 0): Fatal error in PMPI_Waitany: Other MPI error, error stack:
PMPI_Waitany(277)..............: MPI_Waitany(count=4, req_array=0x1adbfd0, index=0x7ffc5b2577ac, status=0x1) failed
PMPI_Waitany(245)..............: 
MPIDI_Progress_test(80)........: 
MPIDI_OFI_handle_cq_error(1059): OFI poll failed (ofi_events.c:1061:MPIDI_OFI_handle_cq_error:Input/output error - remote access error)

aborting job:
Fatal error in PMPI_Waitany: Other MPI error, error stack:
PMPI_Waitany(277)..............: MPI_Waitany(count=4, req_array=0x1adbfd0, index=0x7ffc5b2577ac, status=0x1) failed
PMPI_Waitany(245)..............: 
MPIDI_Progress_test(80)........: 
MPIDI_OFI_handle_cq_error(1059): OFI poll failed (ofi_events.c:1061:MPIDI_OFI_handle_cq_error:Input/output error - remote access error)
MPICH ERROR [Rank 45] [job id f514237e-f51e-4e3a-927e-4f71afd1c77f] [Fri Aug  4 06:17:49 2023] [x3201c0s7b1n0] - Abort(337785231) (rank 45 in comm 0): Fatal error in PMPI_Waitany: Other MPI error, error stack:
PMPI_Waitany(277)..............: MPI_Waitany(count=4, req_array=0xfe1fd0, index=0x7ffcc4e8109c, status=0x1) failed
PMPI_Waitany(245)..............: 
MPIR_Waitany_impl(97)..........: 
MPIDI_Progress_test(80)........: 
MPIDI_OFI_handle_cq_error(1059): OFI poll failed (ofi_events.c:1061:MPIDI_OFI_handle_cq_error:Input/output error - remote access error)

aborting job:
Fatal error in PMPI_Waitany: Other MPI error, error stack:
PMPI_Waitany(277)..............: MPI_Waitany(count=4, req_array=0xfe1fd0, index=0x7ffcc4e8109c, status=0x1) failed
PMPI_Waitany(245)..............: 
MPIR_Waitany_impl(97)..........: 
MPIDI_Progress_test(80)........: 
MPIDI_OFI_handle_cq_error(1059): OFI poll failed (ofi_events.c:1061:MPIDI_OFI_handle_cq_error:Input/output error - remote access error)
MPICH ERROR [Rank 44] [job id f514237e-f51e-4e3a-927e-4f71afd1c77f] [Fri Aug  4 06:17:49 2023] [x3201c0s7b1n0] - Abort(1008873871) (rank 44 in comm 0): Fatal error in PMPI_Waitany: Other MPI error, error stack:
PMPI_Waitany(277)..............: MPI_Waitany(count=4, req_array=0x1ff4e50, index=0x7fff7b10b04c, status=0x1) failed
PMPI_Waitany(245)..............: 
MPIR_Waitany_impl(97)..........: 
MPIDI_Progress_test(80)........: 
MPIDI_OFI_handle_cq_error(1059): OFI poll failed (ofi_events.c:1061:MPIDI_OFI_handle_cq_error:Input/output error - remote access error)

aborting job:
Fatal error in PMPI_Waitany: Other MPI error, error stack:
PMPI_Waitany(277)..............: MPI_Waitany(count=4, req_array=0x1ff4e50, index=0x7fff7b10b04c, status=0x1) failed
PMPI_Waitany(245)..............: 
MPIR_Waitany_impl(97)..........: 
MPIDI_Progress_test(80)........: 
MPIDI_OFI_handle_cq_error(1059): OFI poll failed (ofi_events.c:1061:MPIDI_OFI_handle_cq_error:Input/output error - remote access error)
MPICH ERROR [Rank 53] [job id f514237e-f51e-4e3a-927e-4f71afd1c77f] [Fri Aug  4 06:17:49 2023] [x3202c0s19b0n0] - Abort(1008349583) (rank 53 in comm 0): Fatal error in PMPI_Waitany: Other MPI error, error stack:
PMPI_Waitany(277)..............: MPI_Waitany(count=4, req_array=0x1e8bfd0, index=0x7ffdef7509cc, status=0x1) failed
PMPI_Waitany(245)..............: 
MPIDI_Progress_test(80)........: 
MPIDI_OFI_handle_cq_error(1059): OFI poll failed (ofi_events.c:1061:MPIDI_OFI_handle_cq_error:Input/output error - remote access error)

aborting job:
Fatal error in PMPI_Waitany: Other MPI error, error stack:
PMPI_Waitany(277)..............: MPI_Waitany(count=4, req_array=0x1e8bfd0, index=0x7ffdef7509cc, status=0x1) failed
PMPI_Waitany(245)..............: 
MPIDI_Progress_test(80)........: 
MPIDI_OFI_handle_cq_error(1059): OFI poll failed (ofi_events.c:1061:MPIDI_OFI_handle_cq_error:Input/output error - remote access error)
MPICH ERROR [Rank 34] [job id f514237e-f51e-4e3a-927e-4f71afd1c77f] [Fri Aug  4 06:17:49 2023] [x3201c0s37b0n0] - Abort(672805263) (rank 34 in comm 0): Fatal error in PMPI_Waitany: Other MPI error, error stack:
PMPI_Waitany(277)..............: MPI_Waitany(count=4, req_array=0x1badfd0, index=0x7ffd9829037c, status=0x1) failed
PMPI_Waitany(245)..............: 
MPIDI_Progress_test(80)........: 
MPIDI_OFI_handle_cq_error(1059): OFI poll failed (ofi_events.c:1061:MPIDI_OFI_handle_cq_error:Input/output error - remote access error)

aborting job:
Fatal error in PMPI_Waitany: Other MPI error, error stack:
PMPI_Waitany(277)..............: MPI_Waitany(count=4, req_array=0x1badfd0, index=0x7ffd9829037c, status=0x1) failed
PMPI_Waitany(245)..............: 
MPIDI_Progress_test(80)........: 
MPIDI_OFI_handle_cq_error(1059): OFI poll failed (ofi_events.c:1061:MPIDI_OFI_handle_cq_error:Input/output error - remote access error)
MPICH ERROR [Rank 35] [job id f514237e-f51e-4e3a-927e-4f71afd1c77f] [Fri Aug  4 06:17:49 2023] [x3201c0s37b0n0] - Abort(135934351) (rank 35 in comm 0): Fatal error in PMPI_Waitany: Other MPI error, error stack:
PMPI_Waitany(277)..............: MPI_Waitany(count=4, req_array=0x1be4fd0, index=0x7ffce3a615fc, status=0x1) failed
PMPI_Waitany(245)..............: 
MPIDI_Progress_test(80)........: 
MPIDI_OFI_handle_cq_error(1059): OFI poll failed (ofi_events.c:1061:MPIDI_OFI_handle_cq_error:Input/output error - remote access error)

aborting job:
Fatal error in PMPI_Waitany: Other MPI error, error stack:
PMPI_Waitany(277)..............: MPI_Waitany(count=4, req_array=0x1be4fd0, index=0x7ffce3a615fc, status=0x1) failed
PMPI_Waitany(245)..............: 
MPIDI_Progress_test(80)........: 
MPIDI_OFI_handle_cq_error(1059): OFI poll failed (ofi_events.c:1061:MPIDI_OFI_handle_cq_error:Input/output error - remote access error)
MPICH ERROR [Rank 10] [job id f514237e-f51e-4e3a-927e-4f71afd1c77f] [Fri Aug  4 06:17:49 2023] [x3201c0s19b1n0] - Abort(606711695) (rank 10 in comm 0): Fatal error in PMPI_Isend: Other MPI error, error stack:
PMPI_Isend(161)................: MPI_Isend(buf=0x14cc93990000, count=32768, dtype=0x4c001041, dest=37, tag=0, MPI_COMM_WORLD, request=0x1fd0ffc) failed
MPID_Isend(584)................: 
MPIDI_isend_unsafe(136)........: 
MPIDI_OFI_send_normal(352).....: 
MPIDI_Progress_test(80)........: 
MPIDI_OFI_handle_cq_error(1059): OFI poll failed (ofi_events.c:1061:MPIDI_OFI_handle_cq_error:Input/output error - remote access error)

aborting job:
Fatal error in PMPI_Isend: Other MPI error, error stack:
PMPI_Isend(161)................: MPI_Isend(buf=0x14cc93990000, count=32768, dtype=0x4c001041, dest=37, tag=0, MPI_COMM_WORLD, request=0x1fd0ffc) failed
MPID_Isend(584)................: 
MPIDI_isend_unsafe(136)........: 
MPIDI_OFI_send_normal(352).....: 
MPIDI_Progress_test(80)........: 
MPIDI_OFI_handle_cq_error(1059): OFI poll failed (ofi_events.c:1061:MPIDI_OFI_handle_cq_error:Input/output error - remote access error)
x3202c0s1b0n0.hsn.cm.polaris.alcf.anl.gov: rank 63 exited with code 255
MPICH ERROR [Rank 15] [job id f514237e-f51e-4e3a-927e-4f71afd1c77f] [Fri Aug  4 06:17:49 2023] [x3201c0s1b0n0] - Abort(2240911) (rank 15 in comm 0): Fatal error in PMPI_Waitany: Other MPI error, error stack:
PMPI_Waitany(277)..............: MPI_Waitany(count=4, req_array=0x273ffd0, index=0x7ffe2596c3ec, status=0x1) failed
PMPI_Waitany(245)..............: 
MPIR_Waitany_impl(97)..........: 
MPIDI_Progress_test(80)........: 
MPIDI_OFI_handle_cq_error(1059): OFI poll failed (ofi_events.c:1061:MPIDI_OFI_handle_cq_error:Input/output error - remote access error)

aborting job:
Fatal error in PMPI_Waitany: Other MPI error, error stack:
PMPI_Waitany(277)..............: MPI_Waitany(count=4, req_array=0x273ffd0, index=0x7ffe2596c3ec, status=0x1) failed
PMPI_Waitany(245)..............: 
MPIR_Waitany_impl(97)..........: 
MPIDI_Progress_test(80)........: 
MPIDI_OFI_handle_cq_error(1059): OFI poll failed (ofi_events.c:1061:MPIDI_OFI_handle_cq_error:Input/output error - remote access error)
MPICH ERROR [Rank 19] [job id f514237e-f51e-4e3a-927e-4f71afd1c77f] [Fri Aug  4 06:17:49 2023] [x3201c0s1b1n0] - Abort(1716623) (rank 19 in comm 0): Fatal error in PMPI_Waitany: Other MPI error, error stack:
PMPI_Waitany(277)..............: MPI_Waitany(count=4, req_array=0xf74fd0, index=0x7ffd656913ec, status=0x1) failed
PMPI_Waitany(245)..............: 
MPIDI_Progress_test(80)........: 
MPIDI_OFI_handle_cq_error(1059): OFI poll failed (ofi_events.c:1061:MPIDI_OFI_handle_cq_error:Input/output error - local protection error)

aborting job:
Fatal error in PMPI_Waitany: Other MPI error, error stack:
PMPI_Waitany(277)..............: MPI_Waitany(count=4, req_array=0xf74fd0, index=0x7ffd656913ec, status=0x1) failed
PMPI_Waitany(245)..............: 
MPIDI_Progress_test(80)........: 
MPIDI_OFI_handle_cq_error(1059): OFI poll failed (ofi_events.c:1061:MPIDI_OFI_handle_cq_error:Input/output error - local protection error)
MPICH ERROR [Rank 39] [job id f514237e-f51e-4e3a-927e-4f71afd1c77f] [Fri Aug  4 06:17:49 2023] [x3201c0s37b1n0] - Abort(1008349583) (rank 39 in comm 0): Fatal error in PMPI_Waitany: Other MPI error, error stack:
PMPI_Waitany(277)..............: MPI_Waitany(count=4, req_array=0x1b6afd0, index=0x7ffd9ce759cc, status=0x1) failed
PMPI_Waitany(245)..............: 
MPIDI_Progress_test(80)........: 
MPIDI_OFI_handle_cq_error(1059): OFI poll failed (ofi_events.c:1061:MPIDI_OFI_handle_cq_error:Input/output error - remote access error)

MPICH ERROR [Rank 18] [job id f514237e-f51e-4e3a-927e-4f71afd1c77f] [Fri Aug  4 06:17:49 2023] [x3201c0s1b1n0] - Abort(605696399) (rank 18 in comm 0): Fatal error in PMPI_Waitany: Other MPI error, error stack:
PMPI_Waitany(277)..............: MPI_Waitany(count=4, req_array=0x26ebfd0, index=0x7fff7108a74c, status=0x1) failed
PMPI_Waitany(245)..............: 
MPIDI_Progress_test(80)........: 
MPIDI_OFI_handle_cq_error(1059): OFI poll failed (ofi_events.c:1061:MPIDI_OFI_handle_cq_error:Input/output error - remote access error)

MPICH ERROR [Rank 22] [job id f514237e-f51e-4e3a-927e-4f71afd1c77f] [Fri Aug  4 06:17:49 2023] [x3201c0s25b0n0] - Abort(941240719) (rank 22 in comm 0): Fatal error in PMPI_Waitany: Other MPI error, error stack:
PMPI_Waitany(277)..............: MPI_Waitany(count=4, req_array=0x12cbfd0, index=0x7ffe038ddb4c, status=0x1) failed
PMPI_Waitany(245)..............: 
MPIDI_Progress_test(80)........: 
MPIDI_OFI_handle_cq_error(1059): OFI poll failed (ofi_events.c:1061:MPIDI_OFI_handle_cq_error:Input/output error - local protection error)

aborting job:
Fatal error in PMPI_Waitany: Other MPI error, error stack:
PMPI_Waitany(277)..............: MPI_Waitany(count=4, req_array=0x12cbfd0, index=0x7ffe038ddb4c, status=0x1) failed
PMPI_Waitany(245)..............: 
MPIDI_Progress_test(80)........: 
MPIDI_OFI_handle_cq_error(1059): OFI poll failed (ofi_events.c:1061:MPIDI_OFI_handle_cq_error:Input/output error - local protection error)
aborting job:
Fatal error in PMPI_Waitany: Other MPI error, error stack:
PMPI_Waitany(277)..............: MPI_Waitany(count=4, req_array=0x1b6afd0, index=0x7ffd9ce759cc, status=0x1) failed
PMPI_Waitany(245)..............: 
MPIDI_Progress_test(80)........: 
MPIDI_OFI_handle_cq_error(1059): OFI poll failed (ofi_events.c:1061:MPIDI_OFI_handle_cq_error:Input/output error - remote access error)
aborting job:
Fatal error in PMPI_Waitany: Other MPI error, error stack:
PMPI_Waitany(277)..............: MPI_Waitany(count=4, req_array=0x26ebfd0, index=0x7fff7108a74c, status=0x1) failed
PMPI_Waitany(245)..............: 
MPIDI_Progress_test(80)........: 
MPIDI_OFI_handle_cq_error(1059): OFI poll failed (ofi_events.c:1061:MPIDI_OFI_handle_cq_error:Input/output error - remote access error)
MPICH ERROR [Rank 38] [job id f514237e-f51e-4e3a-927e-4f71afd1c77f] [Fri Aug  4 06:17:49 2023] [x3201c0s37b1n0] - Abort(472002959) (rank 38 in comm 0): Fatal error in PMPI_Waitany: Other MPI error, error stack:
PMPI_Waitany(277)..............: MPI_Waitany(count=4, req_array=0x269dfd0, index=0x7ffcc7b7400c, status=0x1) failed
PMPI_Waitany(245)..............: 
MPIR_Waitany_impl(97)..........: 
MPIDI_Progress_test(80)........: 
MPIDI_OFI_handle_cq_error(1059): OFI poll failed (ofi_events.c:1061:MPIDI_OFI_handle_cq_error:Input/output error - local protection error)

aborting job:
Fatal error in PMPI_Waitany: Other MPI error, error stack:
PMPI_Waitany(277)..............: MPI_Waitany(count=4, req_array=0x269dfd0, index=0x7ffcc7b7400c, status=0x1) failed
PMPI_Waitany(245)..............: 
MPIR_Waitany_impl(97)..........: 
MPIDI_Progress_test(80)........: 
MPIDI_OFI_handle_cq_error(1059): OFI poll failed (ofi_events.c:1061:MPIDI_OFI_handle_cq_error:Input/output error - local protection error)
MPICH ERROR [Rank 33] [job id f514237e-f51e-4e3a-927e-4f71afd1c77f] [Fri Aug  4 06:17:49 2023] [x3201c0s37b0n0] - Abort(673329551) (rank 33 in comm 0): Fatal error in PMPI_Waitany: Other MPI error, error stack:
PMPI_Waitany(277)..............: MPI_Waitany(count=4, req_array=0x7b9fd0, index=0x7fffd86ab14c, status=0x1) failed
PMPI_Waitany(245)..............: 
MPIR_Waitany_impl(97)..........: 
MPIDI_Progress_test(80)........: 
MPIDI_OFI_handle_cq_error(1059): OFI poll failed (ofi_events.c:1061:MPIDI_OFI_handle_cq_error:Input/output error - remote access error)

aborting job:
Fatal error in PMPI_Waitany: Other MPI error, error stack:
PMPI_Waitany(277)..............: MPI_Waitany(count=4, req_array=0x7b9fd0, index=0x7fffd86ab14c, status=0x1) failed
PMPI_Waitany(245)..............: 
MPIR_Waitany_impl(97)..........: 
MPIDI_Progress_test(80)........: 
MPIDI_OFI_handle_cq_error(1059): OFI poll failed (ofi_events.c:1061:MPIDI_OFI_handle_cq_error:Input/output error - remote access error)
MPICH ERROR [Rank 23] [job id f514237e-f51e-4e3a-927e-4f71afd1c77f] [Fri Aug  4 06:17:49 2023] [x3201c0s25b0n0] - Abort(337785231) (rank 23 in comm 0): Fatal error in PMPI_Waitany: Other MPI error, error stack:
PMPI_Waitany(277)..............: MPI_Waitany(count=4, req_array=0x1b44fd0, index=0x7ffe25c9b6bc, status=0x1) failed
PMPI_Waitany(245)..............: 
MPIR_Waitany_impl(97)..........: 
MPIDI_Progress_test(80)........: 
MPIDI_OFI_handle_cq_error(1059): OFI poll failed (ofi_events.c:1061:MPIDI_OFI_handle_cq_error:Input/output error - local protection error)

aborting job:
Fatal error in PMPI_Waitany: Other MPI error, error stack:
PMPI_Waitany(277)..............: MPI_Waitany(count=4, req_array=0x1b44fd0, index=0x7ffe25c9b6bc, status=0x1) failed
PMPI_Waitany(245)..............: 
MPIR_Waitany_impl(97)..........: 
MPIDI_Progress_test(80)........: 
MPIDI_OFI_handle_cq_error(1059): OFI poll failed (ofi_events.c:1061:MPIDI_OFI_handle_cq_error:Input/output error - local protection error)
MPICH ERROR [Rank 32] [job id f514237e-f51e-4e3a-927e-4f71afd1c77f] [Fri Aug  4 06:17:49 2023] [x3201c0s37b0n0] - Abort(941240719) (rank 32 in comm 0): Fatal error in PMPI_Waitany: Other MPI error, error stack:
PMPI_Waitany(277)..............: MPI_Waitany(count=4, req_array=0x1482ff0, index=0x7ffd75d475ac, status=0x1) failed
PMPI_Waitany(245)..............: 
MPIDI_Progress_test(80)........: 
MPIDI_OFI_handle_cq_error(1059): OFI poll failed (ofi_events.c:1061:MPIDI_OFI_handle_cq_error:Input/output error - remote access error)

aborting job:
Fatal error in PMPI_Waitany: Other MPI error, error stack:
PMPI_Waitany(277)..............: MPI_Waitany(count=4, req_array=0x1482ff0, index=0x7ffd75d475ac, status=0x1) failed
PMPI_Waitany(245)..............: 
MPIDI_Progress_test(80)........: 
MPIDI_OFI_handle_cq_error(1059): OFI poll failed (ofi_events.c:1061:MPIDI_OFI_handle_cq_error:Input/output error - remote access error)
MPICH ERROR [Rank 29] [job id f514237e-f51e-4e3a-927e-4f71afd1c77f] [Fri Aug  4 06:17:49 2023] [x3201c0s31b1n0] - Abort(404369807) (rank 29 in comm 0): Fatal error in PMPI_Waitany: Other MPI error, error stack:
PMPI_Waitany(277)..............: MPI_Waitany(count=4, req_array=0x15b0fd0, index=0x7ffcb47d020c, status=0x1) failed
PMPI_Waitany(245)..............: 
MPIDI_Progress_test(80)........: 
MPIDI_OFI_handle_cq_error(1059): OFI poll failed (ofi_events.c:1061:MPIDI_OFI_handle_cq_error:Input/output error - remote access error)

aborting job:
Fatal error in PMPI_Waitany: Other MPI error, error stack:
PMPI_Waitany(277)..............: MPI_Waitany(count=4, req_array=0x15b0fd0, index=0x7ffcb47d020c, status=0x1) failed
PMPI_Waitany(245)..............: 
MPIDI_Progress_test(80)........: 
MPIDI_OFI_handle_cq_error(1059): OFI poll failed (ofi_events.c:1061:MPIDI_OFI_handle_cq_error:Input/output error - remote access error)
(GTL DEBUG: 56) cuIpcOpenMemHandle: invalid resource handle, CUDA_ERROR_INVALID_HANDLE, line no 272
MPICH ERROR [Rank 28] [job id f514237e-f51e-4e3a-927e-4f71afd1c77f] [Fri Aug  4 06:17:49 2023] [x3201c0s31b1n0] - Abort(538587535) (rank 28 in comm 0): Fatal error in PMPI_Waitany: Other MPI error, error stack:
PMPI_Waitany(277)..............: MPI_Waitany(count=4, req_array=0xce5f70, index=0x7ffce406059c, status=0x1) failed
PMPI_Waitany(245)..............: 
MPIDI_Progress_test(80)........: 
MPIDI_OFI_handle_cq_error(1059): OFI poll failed (ofi_events.c:1061:MPIDI_OFI_handle_cq_error:Input/output error - remote access error)

aborting job:
Fatal error in PMPI_Waitany: Other MPI error, error stack:
PMPI_Waitany(277)..............: MPI_Waitany(count=4, req_array=0xce5f70, index=0x7ffce406059c, status=0x1) failed
PMPI_Waitany(245)..............: 
MPIDI_Progress_test(80)........: 
MPIDI_OFI_handle_cq_error(1059): OFI poll failed (ofi_events.c:1061:MPIDI_OFI_handle_cq_error:Input/output error - remote access error)
MPICH ERROR [Rank 56] [job id f514237e-f51e-4e3a-927e-4f71afd1c77f] [Fri Aug  4 06:17:49 2023] [x3202c0s19b1n0] - Abort(272213506) (rank 56 in comm 0): Fatal error in PMPI_Irecv: Invalid count, error stack:
PMPI_Irecv(166)......................: MPI_Irecv(buf=0x14babf600000, count=32768, dtype=0x4c001041, src=58, tag=0, MPI_COMM_WORLD, request=0x24e1e60) failed
MPID_Irecv(497)......................: 
MPIDI_irecv_unsafe(160)..............: 
MPIDI_SHM_mpi_irecv(462).............: 
MPIDI_SHM_mpi_imrecv(514)............: 
MPIDI_SHM_mmods_try_matched_recv(167): 
MPIDI_CRAY_Common_lmt_handle_recv(44): 
MPIDI_CRAY_Common_lmt_import_mem(218): 
(unknown)(): Invalid count

aborting job:
Fatal error in PMPI_Irecv: Invalid count, error stack:
PMPI_Irecv(166)......................: MPI_Irecv(buf=0x14babf600000, count=32768, dtype=0x4c001041, src=58, tag=0, MPI_COMM_WORLD, request=0x24e1e60) failed
MPID_Irecv(497)......................: 
MPIDI_irecv_unsafe(160)..............: 
MPIDI_SHM_mpi_irecv(462).............: 
MPIDI_SHM_mpi_imrecv(514)............: 
MPIDI_SHM_mmods_try_matched_recv(167): 
MPIDI_CRAY_Common_lmt_handle_recv(44): 
MPIDI_CRAY_Common_lmt_import_mem(218): 
(unknown)(): Invalid count
MPICH ERROR [Rank 14] [job id f514237e-f51e-4e3a-927e-4f71afd1c77f] [Fri Aug  4 06:17:49 2023] [x3201c0s1b0n0] - Abort(2731919) (rank 14 in comm 0): Fatal error in PMPI_Isend: Other MPI error, error stack:
PMPI_Isend(161)................: MPI_Isend(buf=0x153367990000, count=32768, dtype=0x4c001041, dest=37, tag=0, MPI_COMM_WORLD, request=0x26fbffc) failed
MPID_Isend(584)................: 
MPIDI_isend_unsafe(136)........: 
MPIDI_OFI_send_normal(352).....: 
MPIDI_Progress_test(80)........: 
MPIDI_OFI_handle_cq_error(1059): OFI poll failed (ofi_events.c:1061:MPIDI_OFI_handle_cq_error:Input/output error - remote access error)

aborting job:
Fatal error in PMPI_Isend: Other MPI error, error stack:
PMPI_Isend(161)................: MPI_Isend(buf=0x153367990000, count=32768, dtype=0x4c001041, dest=37, tag=0, MPI_COMM_WORLD, request=0x26fbffc) failed
MPID_Isend(584)................: 
MPIDI_isend_unsafe(136)........: 
MPIDI_OFI_send_normal(352).....: 
MPIDI_Progress_test(80)........: 
MPIDI_OFI_handle_cq_error(1059): OFI poll failed (ofi_events.c:1061:MPIDI_OFI_handle_cq_error:Input/output error - remote access error)
(GTL DEBUG: 57) cuIpcOpenMemHandle: invalid resource handle, CUDA_ERROR_INVALID_HANDLE, line no 272
MPICH ERROR [Rank 57] [job id f514237e-f51e-4e3a-927e-4f71afd1c77f] [Fri Aug  4 06:17:49 2023] [x3202c0s19b1n0] - Abort(1010411010) (rank 57 in comm 0): Fatal error in PMPI_Irecv: Invalid count, error stack:
PMPI_Irecv(166)......................: MPI_Irecv(buf=0x147ec7600000, count=32768, dtype=0x4c001041, src=58, tag=0, MPI_COMM_WORLD, request=0x81dfd0) failed
MPID_Irecv(497)......................: 
MPIDI_irecv_unsafe(160)..............: 
MPIDI_SHM_mpi_irecv(462).............: 
MPIDI_SHM_mpi_imrecv(514)............: 
MPIDI_SHM_mmods_try_matched_recv(167): 
MPIDI_CRAY_Common_lmt_handle_recv(44): 
MPIDI_CRAY_Common_lmt_import_mem(218): 
(unknown)(): Invalid count

aborting job:
Fatal error in PMPI_Irecv: Invalid count, error stack:
PMPI_Irecv(166)......................: MPI_Irecv(buf=0x147ec7600000, count=32768, dtype=0x4c001041, src=58, tag=0, MPI_COMM_WORLD, request=0x81dfd0) failed
MPID_Irecv(497)......................: 
MPIDI_irecv_unsafe(160)..............: 
MPIDI_SHM_mpi_irecv(462).............: 
MPIDI_SHM_mpi_imrecv(514)............: 
MPIDI_SHM_mmods_try_matched_recv(167): 
MPIDI_CRAY_Common_lmt_handle_recv(44): 
MPIDI_CRAY_Common_lmt_import_mem(218): 
(unknown)(): Invalid count
MPICH ERROR [Rank 36] [job id f514237e-f51e-4e3a-927e-4f71afd1c77f] [Fri Aug  4 06:17:49 2023] [x3201c0s37b1n0] - Abort(69349775) (rank 36 in comm 0): Fatal error in PMPI_Waitany: Other MPI error, error stack:
PMPI_Waitany(277)..............: MPI_Waitany(count=4, req_array=0x1072ff0, index=0x7ffe53cbd5bc, status=0x1) failed
PMPI_Waitany(245)..............: 
MPIR_Waitany_impl(97)..........: 
MPIDI_Progress_test(80)........: 
MPIDI_OFI_handle_cq_error(1059): OFI poll failed (ofi_events.c:1061:MPIDI_OFI_handle_cq_error:Input/output error - remote access error)

aborting job:
Fatal error in PMPI_Waitany: Other MPI error, error stack:
PMPI_Waitany(277)..............: MPI_Waitany(count=4, req_array=0x1072ff0, index=0x7ffe53cbd5bc, status=0x1) failed
PMPI_Waitany(245)..............: 
MPIR_Waitany_impl(97)..........: 
MPIDI_Progress_test(80)........: 
MPIDI_OFI_handle_cq_error(1059): OFI poll failed (ofi_events.c:1061:MPIDI_OFI_handle_cq_error:Input/output error - remote access error)
MPICH ERROR [Rank 37] [job id f514237e-f51e-4e3a-927e-4f71afd1c77f] [Fri Aug  4 06:17:49 2023] [x3201c0s37b1n0] - Abort(673329551) (rank 37 in comm 0): Fatal error in PMPI_Waitany: Other MPI error, error stack:
PMPI_Waitany(277)..............: MPI_Waitany(count=4, req_array=0x1d6bfd0, index=0x7ffdfff4a9ac, status=0x1) failed
PMPI_Waitany(245)..............: 
MPIR_Waitany_impl(97)..........: 
MPIDI_Progress_test(80)........: 
MPIDI_OFI_handle_cq_error(1059): OFI poll failed (ofi_events.c:1061:MPIDI_OFI_handle_cq_error:Input/output error - remote access error)

aborting job:
Fatal error in PMPI_Waitany: Other MPI error, error stack:
PMPI_Waitany(277)..............: MPI_Waitany(count=4, req_array=0x1d6bfd0, index=0x7ffdfff4a9ac, status=0x1) failed
PMPI_Waitany(245)..............: 
MPIR_Waitany_impl(97)..........: 
MPIDI_Progress_test(80)........: 
MPIDI_OFI_handle_cq_error(1059): OFI poll failed (ofi_events.c:1061:MPIDI_OFI_handle_cq_error:Input/output error - remote access error)
MPICH ERROR [Rank 26] [job id f514237e-f51e-4e3a-927e-4f71afd1c77f] [Fri Aug  4 06:17:49 2023] [x3201c0s31b0n0] - Abort(404894095) (rank 26 in comm 0): Fatal error in PMPI_Waitany: Other MPI error, error stack:
PMPI_Waitany(277)..............: MPI_Waitany(count=4, req_array=0xa44fd0, index=0x7ffc6cbd79cc, status=0x1) failed
PMPI_Waitany(245)..............: 
MPIR_Waitany_impl(97)..........: 
MPIDI_Progress_test(80)........: 
MPIDI_OFI_handle_cq_error(1059): OFI poll failed (ofi_events.c:1061:MPIDI_OFI_handle_cq_error:Input/output error - remote access error)

aborting job:
Fatal error in PMPI_Waitany: Other MPI error, error stack:
PMPI_Waitany(277)..............: MPI_Waitany(count=4, req_array=0xa44fd0, index=0x7ffc6cbd79cc, status=0x1) failed
PMPI_Waitany(245)..............: 
MPIR_Waitany_impl(97)..........: 
MPIDI_Progress_test(80)........: 
MPIDI_OFI_handle_cq_error(1059): OFI poll failed (ofi_events.c:1061:MPIDI_OFI_handle_cq_error:Input/output error - remote access error)
MPICH ERROR [Rank 27] [job id f514237e-f51e-4e3a-927e-4f71afd1c77f] [Fri Aug  4 06:17:49 2023] [x3201c0s31b0n0] - Abort(606220687) (rank 27 in comm 0): Fatal error in PMPI_Waitany: Other MPI error, error stack:
PMPI_Waitany(277)..............: MPI_Waitany(count=4, req_array=0xafdfd0, index=0x7ffd5ba89cfc, status=0x1) failed
PMPI_Waitany(245)..............: 
MPIR_Waitany_impl(97)..........: 
MPIDI_Progress_test(80)........: 
MPIDI_OFI_handle_cq_error(1059): OFI poll failed (ofi_events.c:1061:MPIDI_OFI_handle_cq_error:Input/output error - remote access error)

aborting job:
Fatal error in PMPI_Waitany: Other MPI error, error stack:
PMPI_Waitany(277)..............: MPI_Waitany(count=4, req_array=0xafdfd0, index=0x7ffd5ba89cfc, status=0x1) failed
PMPI_Waitany(245)..............: 
MPIR_Waitany_impl(97)..........: 
MPIDI_Progress_test(80)........: 
MPIDI_OFI_handle_cq_error(1059): OFI poll failed (ofi_events.c:1061:MPIDI_OFI_handle_cq_error:Input/output error - remote access error)
MPICH ERROR [Rank 24] [job id f514237e-f51e-4e3a-927e-4f71afd1c77f] [Fri Aug  4 06:17:49 2023] [x3201c0s31b0n0] - Abort(471478671) (rank 24 in comm 0): Fatal error in PMPI_Waitany: Other MPI error, error stack:
PMPI_Waitany(277)..............: MPI_Waitany(count=4, req_array=0x150dfa0, index=0x7ffcf502323c, status=0x1) failed
PMPI_Waitany(245)..............: 
MPIDI_Progress_test(80)........: 
MPIDI_OFI_handle_cq_error(1059): OFI poll failed (ofi_events.c:1061:MPIDI_OFI_handle_cq_error:Input/output error - local protection error)

aborting job:
Fatal error in PMPI_Waitany: Other MPI error, error stack:
PMPI_Waitany(277)..............: MPI_Waitany(count=4, req_array=0x150dfa0, index=0x7ffcf502323c, status=0x1) failed
PMPI_Waitany(245)..............: 
MPIDI_Progress_test(80)........: 
MPIDI_OFI_handle_cq_error(1059): OFI poll failed (ofi_events.c:1061:MPIDI_OFI_handle_cq_error:Input/output error - local protection error)
MPICH ERROR [Rank 25] [job id f514237e-f51e-4e3a-927e-4f71afd1c77f] [Fri Aug  4 06:17:49 2023] [x3201c0s31b0n0] - Abort(337785231) (rank 25 in comm 0): Fatal error in PMPI_Waitany: Other MPI error, error stack:
PMPI_Waitany(277)..............: MPI_Waitany(count=4, req_array=0x1d86fd0, index=0x7ffd3f44768c, status=0x1) failed
PMPI_Waitany(245)..............: 
MPIR_Waitany_impl(97)..........: 
MPIDI_Progress_test(80)........: 
MPIDI_OFI_handle_cq_error(1059): OFI poll failed (ofi_events.c:1061:MPIDI_OFI_handle_cq_error:Input/output error - remote access error)

aborting job:
Fatal error in PMPI_Waitany: Other MPI error, error stack:
PMPI_Waitany(277)..............: MPI_Waitany(count=4, req_array=0x1d86fd0, index=0x7ffd3f44768c, status=0x1) failed
PMPI_Waitany(245)..............: 
MPIR_Waitany_impl(97)..........: 
MPIDI_Progress_test(80)........: 
MPIDI_OFI_handle_cq_error(1059): OFI poll failed (ofi_events.c:1061:MPIDI_OFI_handle_cq_error:Input/output error - remote access error)
MPICH ERROR [Rank 30] [job id f514237e-f51e-4e3a-927e-4f71afd1c77f] [Fri Aug  4 06:17:49 2023] [x3201c0s31b1n0] - Abort(874656143) (rank 30 in comm 0): Fatal error in PMPI_Waitany: Other MPI error, error stack:
PMPI_Waitany(277)..............: MPI_Waitany(count=4, req_array=0x1f8cfd0, index=0x7fff17c7a9ac, status=0x1) failed
PMPI_Waitany(245)..............: 
MPIR_Waitany_impl(97)..........: 
MPIDI_Progress_test(80)........: 
MPIDI_OFI_handle_cq_error(1059): OFI poll failed (ofi_events.c:1061:MPIDI_OFI_handle_cq_error:Input/output error - remote access error)

aborting job:
Fatal error in PMPI_Waitany: Other MPI error, error stack:
PMPI_Waitany(277)..............: MPI_Waitany(count=4, req_array=0x1f8cfd0, index=0x7fff17c7a9ac, status=0x1) failed
PMPI_Waitany(245)..............: 
MPIR_Waitany_impl(97)..........: 
MPIDI_Progress_test(80)........: 
MPIDI_OFI_handle_cq_error(1059): OFI poll failed (ofi_events.c:1061:MPIDI_OFI_handle_cq_error:Input/output error - remote access error)
MPICH ERROR [Rank 31] [job id f514237e-f51e-4e3a-927e-4f71afd1c77f] [Fri Aug  4 06:17:49 2023] [x3201c0s31b1n0] - Abort(673329551) (rank 31 in comm 0): Fatal error in PMPI_Waitany: Other MPI error, error stack:
PMPI_Waitany(277)..............: MPI_Waitany(count=4, req_array=0x1a77fd0, index=0x7ffef1fd1f5c, status=0x1) failed
PMPI_Waitany(245)..............: 
MPIR_Waitany_impl(97)..........: 
MPIDI_Progress_test(80)........: 
MPIDI_OFI_handle_cq_error(1059): OFI poll failed (ofi_events.c:1061:MPIDI_OFI_handle_cq_error:Input/output error - remote access error)

aborting job:
Fatal error in PMPI_Waitany: Other MPI error, error stack:
PMPI_Waitany(277)..............: MPI_Waitany(count=4, req_array=0x1a77fd0, index=0x7ffef1fd1f5c, status=0x1) failed
PMPI_Waitany(245)..............: 
MPIR_Waitany_impl(97)..........: 
MPIDI_Progress_test(80)........: 
MPIDI_OFI_handle_cq_error(1059): OFI poll failed (ofi_events.c:1061:MPIDI_OFI_handle_cq_error:Input/output error - remote access error)
(GTL DEBUG: 61) cuIpcOpenMemHandle: invalid resource handle, CUDA_ERROR_INVALID_HANDLE, line no 272
MPICH ERROR [Rank 61] [job id f514237e-f51e-4e3a-927e-4f71afd1c77f] [Fri Aug  4 06:17:49 2023] [x3202c0s1b0n0] - Abort(473540098) (rank 61 in comm 0): Fatal error in PMPI_Irecv: Invalid count, error stack:
PMPI_Irecv(166)......................: MPI_Irecv(buf=0x14d817600000, count=32768, dtype=0x4c001041, src=62, tag=0, MPI_COMM_WORLD, request=0xb73fd0) failed
MPID_Irecv(497)......................: 
MPIDI_irecv_unsafe(160)..............: 
MPIDI_SHM_mpi_irecv(462).............: 
MPIDI_SHM_mpi_imrecv(514)............: 
MPIDI_SHM_mmods_try_matched_recv(167): 
MPIDI_CRAY_Common_lmt_handle_recv(44): 
MPIDI_CRAY_Common_lmt_import_mem(218): 
(unknown)(): Invalid count

aborting job:
Fatal error in PMPI_Irecv: Invalid count, error stack:
PMPI_Irecv(166)......................: MPI_Irecv(buf=0x14d817600000, count=32768, dtype=0x4c001041, src=62, tag=0, MPI_COMM_WORLD, request=0xb73fd0) failed
MPID_Irecv(497)......................: 
MPIDI_irecv_unsafe(160)..............: 
MPIDI_SHM_mpi_irecv(462).............: 
MPIDI_SHM_mpi_imrecv(514)............: 
MPIDI_SHM_mmods_try_matched_recv(167): 
MPIDI_CRAY_Common_lmt_handle_recv(44): 
MPIDI_CRAY_Common_lmt_import_mem(218): 
(unknown)(): Invalid count
(GTL DEBUG: 60) cuIpcOpenMemHandle: invalid resource handle, CUDA_ERROR_INVALID_HANDLE, line no 272
MPICH ERROR [Rank 60] [job id f514237e-f51e-4e3a-927e-4f71afd1c77f] [Fri Aug  4 06:17:49 2023] [x3202c0s1b0n0] - Abort(339322370) (rank 60 in comm 0): Fatal error in PMPI_Irecv: Invalid count, error stack:
PMPI_Irecv(166)......................: MPI_Irecv(buf=0x148317600000, count=32768, dtype=0x4c001041, src=62, tag=0, MPI_COMM_WORLD, request=0xb2dd90) failed
MPID_Irecv(497)......................: 
MPIDI_irecv_unsafe(160)..............: 
MPIDI_SHM_mpi_irecv(462).............: 
MPIDI_SHM_mpi_imrecv(514)............: 
MPIDI_SHM_mmods_try_matched_recv(167): 
MPIDI_CRAY_Common_lmt_handle_recv(44): 
MPIDI_CRAY_Common_lmt_import_mem(218): 
(unknown)(): Invalid count

aborting job:
Fatal error in PMPI_Irecv: Invalid count, error stack:
PMPI_Irecv(166)......................: MPI_Irecv(buf=0x148317600000, count=32768, dtype=0x4c001041, src=62, tag=0, MPI_COMM_WORLD, request=0xb2dd90) failed
MPID_Irecv(497)......................: 
MPIDI_irecv_unsafe(160)..............: 
MPIDI_SHM_mpi_irecv(462).............: 
MPIDI_SHM_mpi_imrecv(514)............: 
MPIDI_SHM_mmods_try_matched_recv(167): 
MPIDI_CRAY_Common_lmt_handle_recv(44): 
MPIDI_CRAY_Common_lmt_import_mem(218): 
(unknown)(): Invalid count
