.//tmp_files/5142.sh: line 3: 192820 Segmentation fault      speed3d_r2c fftw float 64 64 64 -no-reorder -slabs -r2c_dir 2 -ingrid 2048 2 1 -outgrid 4096 1 1 -n5
[NID 00425] 2023-10-09 17:50:28 Apid 28840693: initiated application termination
.//tmp_files/5142.sh: line 3: 112868 Segmentation fault      speed3d_r2c fftw float 64 64 64 -no-reorder -slabs -r2c_dir 2 -ingrid 2048 2 1 -outgrid 4096 1 1 -n5
.//tmp_files/5142.sh: line 3: 112801 Segmentation fault      speed3d_r2c fftw float 64 64 64 -no-reorder -slabs -r2c_dir 2 -ingrid 2048 2 1 -outgrid 4096 1 1 -n5
.//tmp_files/5142.sh: line 3: 112809 Segmentation fault      speed3d_r2c fftw float 64 64 64 -no-reorder -slabs -r2c_dir 2 -ingrid 2048 2 1 -outgrid 4096 1 1 -n5
.//tmp_files/5142.sh: line 3: 197826 Segmentation fault      speed3d_r2c fftw float 64 64 64 -no-reorder -slabs -r2c_dir 2 -ingrid 2048 2 1 -outgrid 4096 1 1 -n5
.//tmp_files/5142.sh: line 3: 192835 Segmentation fault      speed3d_r2c fftw float 64 64 64 -no-reorder -slabs -r2c_dir 2 -ingrid 2048 2 1 -outgrid 4096 1 1 -n5
.//tmp_files/5142.sh: line 3: 112823 Segmentation fault      speed3d_r2c fftw float 64 64 64 -no-reorder -slabs -r2c_dir 2 -ingrid 2048 2 1 -outgrid 4096 1 1 -n5
.//tmp_files/5142.sh: line 3: 197822 Segmentation fault      speed3d_r2c fftw float 64 64 64 -no-reorder -slabs -r2c_dir 2 -ingrid 2048 2 1 -outgrid 4096 1 1 -n5
.//tmp_files/5142.sh: line 3: 185582 Segmentation fault      speed3d_r2c fftw float 64 64 64 -no-reorder -slabs -r2c_dir 2 -ingrid 2048 2 1 -outgrid 4096 1 1 -n5
.//tmp_files/5142.sh: line 3: 196662 Segmentation fault      speed3d_r2c fftw float 64 64 64 -no-reorder -slabs -r2c_dir 2 -ingrid 2048 2 1 -outgrid 4096 1 1 -n5
.//tmp_files/5142.sh: line 3: 189597 Segmentation fault      speed3d_r2c fftw float 64 64 64 -no-reorder -slabs -r2c_dir 2 -ingrid 2048 2 1 -outgrid 4096 1 1 -n5
.//tmp_files/5142.sh: line 3: 185638 Segmentation fault      speed3d_r2c fftw float 64 64 64 -no-reorder -slabs -r2c_dir 2 -ingrid 2048 2 1 -outgrid 4096 1 1 -n5
.//tmp_files/5142.sh: line 3: 103716 Segmentation fault      speed3d_r2c fftw float 64 64 64 -no-reorder -slabs -r2c_dir 2 -ingrid 2048 2 1 -outgrid 4096 1 1 -n5
.//tmp_files/5142.sh: line 3: 117839 Segmentation fault      speed3d_r2c fftw float 64 64 64 -no-reorder -slabs -r2c_dir 2 -ingrid 2048 2 1 -outgrid 4096 1 1 -n5
.//tmp_files/5142.sh: line 3: 117796 Segmentation fault      speed3d_r2c fftw float 64 64 64 -no-reorder -slabs -r2c_dir 2 -ingrid 2048 2 1 -outgrid 4096 1 1 -n5
.//tmp_files/5142.sh: line 3: 196703 Segmentation fault      speed3d_r2c fftw float 64 64 64 -no-reorder -slabs -r2c_dir 2 -ingrid 2048 2 1 -outgrid 4096 1 1 -n5
.//tmp_files/5142.sh: line 3: 196653 Segmentation fault      speed3d_r2c fftw float 64 64 64 -no-reorder -slabs -r2c_dir 2 -ingrid 2048 2 1 -outgrid 4096 1 1 -n5
.//tmp_files/5142.sh: line 3: 196640 Segmentation fault      speed3d_r2c fftw float 64 64 64 -no-reorder -slabs -r2c_dir 2 -ingrid 2048 2 1 -outgrid 4096 1 1 -n5
.//tmp_files/5142.sh: line 3: 188040 Segmentation fault      speed3d_r2c fftw float 64 64 64 -no-reorder -slabs -r2c_dir 2 -ingrid 2048 2 1 -outgrid 4096 1 1 -n5
.//tmp_files/5142.sh: line 3: 189593 Segmentation fault      speed3d_r2c fftw float 64 64 64 -no-reorder -slabs -r2c_dir 2 -ingrid 2048 2 1 -outgrid 4096 1 1 -n5
.//tmp_files/5142.sh: line 3: 189598 Segmentation fault      speed3d_r2c fftw float 64 64 64 -no-reorder -slabs -r2c_dir 2 -ingrid 2048 2 1 -outgrid 4096 1 1 -n5
.//tmp_files/5142.sh: line 3: 107904 Segmentation fault      speed3d_r2c fftw float 64 64 64 -no-reorder -slabs -r2c_dir 2 -ingrid 2048 2 1 -outgrid 4096 1 1 -n5
.//tmp_files/5142.sh: line 3: 189628 Segmentation fault      speed3d_r2c fftw float 64 64 64 -no-reorder -slabs -r2c_dir 2 -ingrid 2048 2 1 -outgrid 4096 1 1 -n5
.//tmp_files/5142.sh: line 3: 189624 Segmentation fault      speed3d_r2c fftw float 64 64 64 -no-reorder -slabs -r2c_dir 2 -ingrid 2048 2 1 -outgrid 4096 1 1 -n5
.//tmp_files/5142.sh: line 3: 188083 Segmentation fault      speed3d_r2c fftw float 64 64 64 -no-reorder -slabs -r2c_dir 2 -ingrid 2048 2 1 -outgrid 4096 1 1 -n5
.//tmp_files/5142.sh: line 3: 188069 Segmentation fault      speed3d_r2c fftw float 64 64 64 -no-reorder -slabs -r2c_dir 2 -ingrid 2048 2 1 -outgrid 4096 1 1 -n5
.//tmp_files/5142.sh: line 3: 97175 Segmentation fault      speed3d_r2c fftw float 64 64 64 -no-reorder -slabs -r2c_dir 2 -ingrid 2048 2 1 -outgrid 4096 1 1 -n5
.//tmp_files/5142.sh: line 3: 100855 Segmentation fault      speed3d_r2c fftw float 64 64 64 -no-reorder -slabs -r2c_dir 2 -ingrid 2048 2 1 -outgrid 4096 1 1 -n5
.//tmp_files/5142.sh: line 3: 107886 Segmentation fault      speed3d_r2c fftw float 64 64 64 -no-reorder -slabs -r2c_dir 2 -ingrid 2048 2 1 -outgrid 4096 1 1 -n5
.//tmp_files/5142.sh: line 3: 106381 Segmentation fault      speed3d_r2c fftw float 64 64 64 -no-reorder -slabs -r2c_dir 2 -ingrid 2048 2 1 -outgrid 4096 1 1 -n5
.//tmp_files/5142.sh: line 3: 188124 Segmentation fault      speed3d_r2c fftw float 64 64 64 -no-reorder -slabs -r2c_dir 2 -ingrid 2048 2 1 -outgrid 4096 1 1 -n5
.//tmp_files/5142.sh: line 3: 179776 Segmentation fault      speed3d_r2c fftw float 64 64 64 -no-reorder -slabs -r2c_dir 2 -ingrid 2048 2 1 -outgrid 4096 1 1 -n5
.//tmp_files/5142.sh: line 3: 189838 Segmentation fault      speed3d_r2c fftw float 64 64 64 -no-reorder -slabs -r2c_dir 2 -ingrid 2048 2 1 -outgrid 4096 1 1 -n5
.//tmp_files/5142.sh: line 3: 107892 Segmentation fault      speed3d_r2c fftw float 64 64 64 -no-reorder -slabs -r2c_dir 2 -ingrid 2048 2 1 -outgrid 4096 1 1 -n5
.//tmp_files/5142.sh: line 3: 115181 Segmentation fault      speed3d_r2c fftw float 64 64 64 -no-reorder -slabs -r2c_dir 2 -ingrid 2048 2 1 -outgrid 4096 1 1 -n5
.//tmp_files/5142.sh: line 3: 112806 Segmentation fault      speed3d_r2c fftw float 64 64 64 -no-reorder -slabs -r2c_dir 2 -ingrid 2048 2 1 -outgrid 4096 1 1 -n5
.//tmp_files/5142.sh: line 3: 112840 Segmentation fault      speed3d_r2c fftw float 64 64 64 -no-reorder -slabs -r2c_dir 2 -ingrid 2048 2 1 -outgrid 4096 1 1 -n5
.//tmp_files/5142.sh: line 3: 112765 Segmentation fault      speed3d_r2c fftw float 64 64 64 -no-reorder -slabs -r2c_dir 2 -ingrid 2048 2 1 -outgrid 4096 1 1 -n5
.//tmp_files/5142.sh: line 3: 112770 Segmentation fault      speed3d_r2c fftw float 64 64 64 -no-reorder -slabs -r2c_dir 2 -ingrid 2048 2 1 -outgrid 4096 1 1 -n5
.//tmp_files/5142.sh: line 3: 112821 Segmentation fault      speed3d_r2c fftw float 64 64 64 -no-reorder -slabs -r2c_dir 2 -ingrid 2048 2 1 -outgrid 4096 1 1 -n5
.//tmp_files/5142.sh: line 3: 189430 Segmentation fault      speed3d_r2c fftw float 64 64 64 -no-reorder -slabs -r2c_dir 2 -ingrid 2048 2 1 -outgrid 4096 1 1 -n5
.//tmp_files/5142.sh: line 3: 184656 Segmentation fault      speed3d_r2c fftw float 64 64 64 -no-reorder -slabs -r2c_dir 2 -ingrid 2048 2 1 -outgrid 4096 1 1 -n5
.//tmp_files/5142.sh: line 3: 197807 Segmentation fault      speed3d_r2c fftw float 64 64 64 -no-reorder -slabs -r2c_dir 2 -ingrid 2048 2 1 -outgrid 4096 1 1 -n5
.//tmp_files/5142.sh: line 3: 197865 Segmentation fault      speed3d_r2c fftw float 64 64 64 -no-reorder -slabs -r2c_dir 2 -ingrid 2048 2 1 -outgrid 4096 1 1 -n5
.//tmp_files/5142.sh: line 3: 197876 Segmentation fault      speed3d_r2c fftw float 64 64 64 -no-reorder -slabs -r2c_dir 2 -ingrid 2048 2 1 -outgrid 4096 1 1 -n5
.//tmp_files/5142.sh: line 3: 117600 Segmentation fault      speed3d_r2c fftw float 64 64 64 -no-reorder -slabs -r2c_dir 2 -ingrid 2048 2 1 -outgrid 4096 1 1 -n5
.//tmp_files/5142.sh: line 3: 117601 Segmentation fault      speed3d_r2c fftw float 64 64 64 -no-reorder -slabs -r2c_dir 2 -ingrid 2048 2 1 -outgrid 4096 1 1 -n5
.//tmp_files/5142.sh: line 3: 117614 Segmentation fault      speed3d_r2c fftw float 64 64 64 -no-reorder -slabs -r2c_dir 2 -ingrid 2048 2 1 -outgrid 4096 1 1 -n5
.//tmp_files/5142.sh: line 3: 117599 Segmentation fault      speed3d_r2c fftw float 64 64 64 -no-reorder -slabs -r2c_dir 2 -ingrid 2048 2 1 -outgrid 4096 1 1 -n5
.//tmp_files/5142.sh: line 3: 117613 Segmentation fault      speed3d_r2c fftw float 64 64 64 -no-reorder -slabs -r2c_dir 2 -ingrid 2048 2 1 -outgrid 4096 1 1 -n5
.//tmp_files/5142.sh: line 3: 197831 Segmentation fault      speed3d_r2c fftw float 64 64 64 -no-reorder -slabs -r2c_dir 2 -ingrid 2048 2 1 -outgrid 4096 1 1 -n5
.//tmp_files/5142.sh: line 3: 112866 Segmentation fault      speed3d_r2c fftw float 64 64 64 -no-reorder -slabs -r2c_dir 2 -ingrid 2048 2 1 -outgrid 4096 1 1 -n5
.//tmp_files/5142.sh: line 3: 112851 Segmentation fault      speed3d_r2c fftw float 64 64 64 -no-reorder -slabs -r2c_dir 2 -ingrid 2048 2 1 -outgrid 4096 1 1 -n5
.//tmp_files/5142.sh: line 3: 112824 Segmentation fault      speed3d_r2c fftw float 64 64 64 -no-reorder -slabs -r2c_dir 2 -ingrid 2048 2 1 -outgrid 4096 1 1 -n5
.//tmp_files/5142.sh: line 3: 112846 Segmentation fault      speed3d_r2c fftw float 64 64 64 -no-reorder -slabs -r2c_dir 2 -ingrid 2048 2 1 -outgrid 4096 1 1 -n5
.//tmp_files/5142.sh: line 3: 112835 Segmentation fault      speed3d_r2c fftw float 64 64 64 -no-reorder -slabs -r2c_dir 2 -ingrid 2048 2 1 -outgrid 4096 1 1 -n5
.//tmp_files/5142.sh: line 3: 112865 Segmentation fault      speed3d_r2c fftw float 64 64 64 -no-reorder -slabs -r2c_dir 2 -ingrid 2048 2 1 -outgrid 4096 1 1 -n5
.//tmp_files/5142.sh: line 3: 112800 Segmentation fault      speed3d_r2c fftw float 64 64 64 -no-reorder -slabs -r2c_dir 2 -ingrid 2048 2 1 -outgrid 4096 1 1 -n5
.//tmp_files/5142.sh: line 3: 112812 Segmentation fault      speed3d_r2c fftw float 64 64 64 -no-reorder -slabs -r2c_dir 2 -ingrid 2048 2 1 -outgrid 4096 1 1 -n5
.//tmp_files/5142.sh: line 3: 112820 Segmentation fault      speed3d_r2c fftw float 64 64 64 -no-reorder -slabs -r2c_dir 2 -ingrid 2048 2 1 -outgrid 4096 1 1 -n5
.//tmp_files/5142.sh: line 3: 197853 Segmentation fault      speed3d_r2c fftw float 64 64 64 -no-reorder -slabs -r2c_dir 2 -ingrid 2048 2 1 -outgrid 4096 1 1 -n5
.//tmp_files/5142.sh: line 3: 197851 Segmentation fault      speed3d_r2c fftw float 64 64 64 -no-reorder -slabs -r2c_dir 2 -ingrid 2048 2 1 -outgrid 4096 1 1 -n5
.//tmp_files/5142.sh: line 3: 197878 Segmentation fault      speed3d_r2c fftw float 64 64 64 -no-reorder -slabs -r2c_dir 2 -ingrid 2048 2 1 -outgrid 4096 1 1 -n5
.//tmp_files/5142.sh: line 3: 197879 Segmentation fault      speed3d_r2c fftw float 64 64 64 -no-reorder -slabs -r2c_dir 2 -ingrid 2048 2 1 -outgrid 4096 1 1 -n5
.//tmp_files/5142.sh: line 3: 197873 Segmentation fault      speed3d_r2c fftw float 64 64 64 -no-reorder -slabs -r2c_dir 2 -ingrid 2048 2 1 -outgrid 4096 1 1 -n5
.//tmp_files/5142.sh: line 3: 197880 Segmentation fault      speed3d_r2c fftw float 64 64 64 -no-reorder -slabs -r2c_dir 2 -ingrid 2048 2 1 -outgrid 4096 1 1 -n5
.//tmp_files/5142.sh: line 3: 197856 Segmentation fault      speed3d_r2c fftw float 64 64 64 -no-reorder -slabs -r2c_dir 2 -ingrid 2048 2 1 -outgrid 4096 1 1 -n5
.//tmp_files/5142.sh: line 3: 112790 Segmentation fault      speed3d_r2c fftw float 64 64 64 -no-reorder -slabs -r2c_dir 2 -ingrid 2048 2 1 -outgrid 4096 1 1 -n5
.//tmp_files/5142.sh: line 3: 112874 Segmentation fault      speed3d_r2c fftw float 64 64 64 -no-reorder -slabs -r2c_dir 2 -ingrid 2048 2 1 -outgrid 4096 1 1 -n5
.//tmp_files/5142.sh: line 3: 183995 Segmentation fault      speed3d_r2c fftw float 64 64 64 -no-reorder -slabs -r2c_dir 2 -ingrid 2048 2 1 -outgrid 4096 1 1 -n5
.//tmp_files/5142.sh: line 3: 197877 Segmentation fault      speed3d_r2c fftw float 64 64 64 -no-reorder -slabs -r2c_dir 2 -ingrid 2048 2 1 -outgrid 4096 1 1 -n5
.//tmp_files/5142.sh: line 3: 197852 Segmentation fault      speed3d_r2c fftw float 64 64 64 -no-reorder -slabs -r2c_dir 2 -ingrid 2048 2 1 -outgrid 4096 1 1 -n5
.//tmp_files/5142.sh: line 3: 197868 Segmentation fault      speed3d_r2c fftw float 64 64 64 -no-reorder -slabs -r2c_dir 2 -ingrid 2048 2 1 -outgrid 4096 1 1 -n5
.//tmp_files/5142.sh: line 3: 197819 Segmentation fault      speed3d_r2c fftw float 64 64 64 -no-reorder -slabs -r2c_dir 2 -ingrid 2048 2 1 -outgrid 4096 1 1 -n5
.//tmp_files/5142.sh: line 3: 196679 Segmentation fault      speed3d_r2c fftw float 64 64 64 -no-reorder -slabs -r2c_dir 2 -ingrid 2048 2 1 -outgrid 4096 1 1 -n5
.//tmp_files/5142.sh: line 3: 112781 Segmentation fault      speed3d_r2c fftw float 64 64 64 -no-reorder -slabs -r2c_dir 2 -ingrid 2048 2 1 -outgrid 4096 1 1 -n5
.//tmp_files/5142.sh: line 3: 112722 Segmentation fault      speed3d_r2c fftw float 64 64 64 -no-reorder -slabs -r2c_dir 2 -ingrid 2048 2 1 -outgrid 4096 1 1 -n5
.//tmp_files/5142.sh: line 3: 112761 Segmentation fault      speed3d_r2c fftw float 64 64 64 -no-reorder -slabs -r2c_dir 2 -ingrid 2048 2 1 -outgrid 4096 1 1 -n5
.//tmp_files/5142.sh: line 3: 110959 Segmentation fault      speed3d_r2c fftw float 64 64 64 -no-reorder -slabs -r2c_dir 2 -ingrid 2048 2 1 -outgrid 4096 1 1 -n5
.//tmp_files/5142.sh: line 3: 112854 Segmentation fault      speed3d_r2c fftw float 64 64 64 -no-reorder -slabs -r2c_dir 2 -ingrid 2048 2 1 -outgrid 4096 1 1 -n5
.//tmp_files/5142.sh: line 3: 112875 Segmentation fault      speed3d_r2c fftw float 64 64 64 -no-reorder -slabs -r2c_dir 2 -ingrid 2048 2 1 -outgrid 4096 1 1 -n5
.//tmp_files/5142.sh: line 3: 112832 Segmentation fault      speed3d_r2c fftw float 64 64 64 -no-reorder -slabs -r2c_dir 2 -ingrid 2048 2 1 -outgrid 4096 1 1 -n5
.//tmp_files/5142.sh: line 3: 112869 Segmentation fault      speed3d_r2c fftw float 64 64 64 -no-reorder -slabs -r2c_dir 2 -ingrid 2048 2 1 -outgrid 4096 1 1 -n5
.//tmp_files/5142.sh: line 3: 112867 Segmentation fault      speed3d_r2c fftw float 64 64 64 -no-reorder -slabs -r2c_dir 2 -ingrid 2048 2 1 -outgrid 4096 1 1 -n5
.//tmp_files/5142.sh: line 3: 96642 Segmentation fault      speed3d_r2c fftw float 64 64 64 -no-reorder -slabs -r2c_dir 2 -ingrid 2048 2 1 -outgrid 4096 1 1 -n5
.//tmp_files/5142.sh: line 3: 188095 Segmentation fault      speed3d_r2c fftw float 64 64 64 -no-reorder -slabs -r2c_dir 2 -ingrid 2048 2 1 -outgrid 4096 1 1 -n5
.//tmp_files/5142.sh: line 3: 188071 Segmentation fault      speed3d_r2c fftw float 64 64 64 -no-reorder -slabs -r2c_dir 2 -ingrid 2048 2 1 -outgrid 4096 1 1 -n5
.//tmp_files/5142.sh: line 3: 185876 Segmentation fault      speed3d_r2c fftw float 64 64 64 -no-reorder -slabs -r2c_dir 2 -ingrid 2048 2 1 -outgrid 4096 1 1 -n5
.//tmp_files/5142.sh: line 3: 176507 Segmentation fault      speed3d_r2c fftw float 64 64 64 -no-reorder -slabs -r2c_dir 2 -ingrid 2048 2 1 -outgrid 4096 1 1 -n5
.//tmp_files/5142.sh: line 3: 176547 Segmentation fault      speed3d_r2c fftw float 64 64 64 -no-reorder -slabs -r2c_dir 2 -ingrid 2048 2 1 -outgrid 4096 1 1 -n5
.//tmp_files/5142.sh: line 3: 189854 Segmentation fault      speed3d_r2c fftw float 64 64 64 -no-reorder -slabs -r2c_dir 2 -ingrid 2048 2 1 -outgrid 4096 1 1 -n5
.//tmp_files/5142.sh: line 3: 189848 Segmentation fault      speed3d_r2c fftw float 64 64 64 -no-reorder -slabs -r2c_dir 2 -ingrid 2048 2 1 -outgrid 4096 1 1 -n5
.//tmp_files/5142.sh: line 3: 188090 Segmentation fault      speed3d_r2c fftw float 64 64 64 -no-reorder -slabs -r2c_dir 2 -ingrid 2048 2 1 -outgrid 4096 1 1 -n5
.//tmp_files/5142.sh: line 3: 112804 Segmentation fault      speed3d_r2c fftw float 64 64 64 -no-reorder -slabs -r2c_dir 2 -ingrid 2048 2 1 -outgrid 4096 1 1 -n5
.//tmp_files/5142.sh: line 3: 112858 Segmentation fault      speed3d_r2c fftw float 64 64 64 -no-reorder -slabs -r2c_dir 2 -ingrid 2048 2 1 -outgrid 4096 1 1 -n5
.//tmp_files/5142.sh: line 3: 105109 Segmentation fault      speed3d_r2c fftw float 64 64 64 -no-reorder -slabs -r2c_dir 2 -ingrid 2048 2 1 -outgrid 4096 1 1 -n5
.//tmp_files/5142.sh: line 3: 185631 Segmentation fault      speed3d_r2c fftw float 64 64 64 -no-reorder -slabs -r2c_dir 2 -ingrid 2048 2 1 -outgrid 4096 1 1 -n5
.//tmp_files/5142.sh: line 3: 185617 Segmentation fault      speed3d_r2c fftw float 64 64 64 -no-reorder -slabs -r2c_dir 2 -ingrid 2048 2 1 -outgrid 4096 1 1 -n5
.//tmp_files/5142.sh: line 3: 185645 Segmentation fault      speed3d_r2c fftw float 64 64 64 -no-reorder -slabs -r2c_dir 2 -ingrid 2048 2 1 -outgrid 4096 1 1 -n5
.//tmp_files/5142.sh: line 3: 185610 Segmentation fault      speed3d_r2c fftw float 64 64 64 -no-reorder -slabs -r2c_dir 2 -ingrid 2048 2 1 -outgrid 4096 1 1 -n5
.//tmp_files/5142.sh: line 3: 185650 Segmentation fault      speed3d_r2c fftw float 64 64 64 -no-reorder -slabs -r2c_dir 2 -ingrid 2048 2 1 -outgrid 4096 1 1 -n5
.//tmp_files/5142.sh: line 3: 185644 Segmentation fault      speed3d_r2c fftw float 64 64 64 -no-reorder -slabs -r2c_dir 2 -ingrid 2048 2 1 -outgrid 4096 1 1 -n5
.//tmp_files/5142.sh: line 3: 195701 Segmentation fault      speed3d_r2c fftw float 64 64 64 -no-reorder -slabs -r2c_dir 2 -ingrid 2048 2 1 -outgrid 4096 1 1 -n5
.//tmp_files/5142.sh: line 3: 195636 Segmentation fault      speed3d_r2c fftw float 64 64 64 -no-reorder -slabs -r2c_dir 2 -ingrid 2048 2 1 -outgrid 4096 1 1 -n5
.//tmp_files/5142.sh: line 3: 197907 Segmentation fault      speed3d_r2c fftw float 64 64 64 -no-reorder -slabs -r2c_dir 2 -ingrid 2048 2 1 -outgrid 4096 1 1 -n5
.//tmp_files/5142.sh: line 3: 197848 Segmentation fault      speed3d_r2c fftw float 64 64 64 -no-reorder -slabs -r2c_dir 2 -ingrid 2048 2 1 -outgrid 4096 1 1 -n5
.//tmp_files/5142.sh: line 3: 197866 Segmentation fault      speed3d_r2c fftw float 64 64 64 -no-reorder -slabs -r2c_dir 2 -ingrid 2048 2 1 -outgrid 4096 1 1 -n5
.//tmp_files/5142.sh: line 3: 197869 Segmentation fault      speed3d_r2c fftw float 64 64 64 -no-reorder -slabs -r2c_dir 2 -ingrid 2048 2 1 -outgrid 4096 1 1 -n5
.//tmp_files/5142.sh: line 3: 116617 Segmentation fault      speed3d_r2c fftw float 64 64 64 -no-reorder -slabs -r2c_dir 2 -ingrid 2048 2 1 -outgrid 4096 1 1 -n5
.//tmp_files/5142.sh: line 3: 117619 Segmentation fault      speed3d_r2c fftw float 64 64 64 -no-reorder -slabs -r2c_dir 2 -ingrid 2048 2 1 -outgrid 4096 1 1 -n5
.//tmp_files/5142.sh: line 3: 192863 Segmentation fault      speed3d_r2c fftw float 64 64 64 -no-reorder -slabs -r2c_dir 2 -ingrid 2048 2 1 -outgrid 4096 1 1 -n5
.//tmp_files/5142.sh: line 3: 192798 Segmentation fault      speed3d_r2c fftw float 64 64 64 -no-reorder -slabs -r2c_dir 2 -ingrid 2048 2 1 -outgrid 4096 1 1 -n5
.//tmp_files/5142.sh: line 3: 192860 Segmentation fault      speed3d_r2c fftw float 64 64 64 -no-reorder -slabs -r2c_dir 2 -ingrid 2048 2 1 -outgrid 4096 1 1 -n5
.//tmp_files/5142.sh: line 3: 189458 Segmentation fault      speed3d_r2c fftw float 64 64 64 -no-reorder -slabs -r2c_dir 2 -ingrid 2048 2 1 -outgrid 4096 1 1 -n5
.//tmp_files/5142.sh: line 3: 187682 Segmentation fault      speed3d_r2c fftw float 64 64 64 -no-reorder -slabs -r2c_dir 2 -ingrid 2048 2 1 -outgrid 4096 1 1 -n5
.//tmp_files/5142.sh: line 3: 187679 Segmentation fault      speed3d_r2c fftw float 64 64 64 -no-reorder -slabs -r2c_dir 2 -ingrid 2048 2 1 -outgrid 4096 1 1 -n5
.//tmp_files/5142.sh: line 3: 187683 Segmentation fault      speed3d_r2c fftw float 64 64 64 -no-reorder -slabs -r2c_dir 2 -ingrid 2048 2 1 -outgrid 4096 1 1 -n5
.//tmp_files/5142.sh: line 3: 103699 Segmentation fault      speed3d_r2c fftw float 64 64 64 -no-reorder -slabs -r2c_dir 2 -ingrid 2048 2 1 -outgrid 4096 1 1 -n5
.//tmp_files/5142.sh: line 3: 97831 Segmentation fault      speed3d_r2c fftw float 64 64 64 -no-reorder -slabs -r2c_dir 2 -ingrid 2048 2 1 -outgrid 4096 1 1 -n5
.//tmp_files/5142.sh: line 3: 97765 Segmentation fault      speed3d_r2c fftw float 64 64 64 -no-reorder -slabs -r2c_dir 2 -ingrid 2048 2 1 -outgrid 4096 1 1 -n5
.//tmp_files/5142.sh: line 3: 97821 Segmentation fault      speed3d_r2c fftw float 64 64 64 -no-reorder -slabs -r2c_dir 2 -ingrid 2048 2 1 -outgrid 4096 1 1 -n5
.//tmp_files/5142.sh: line 3: 91418 Segmentation fault      speed3d_r2c fftw float 64 64 64 -no-reorder -slabs -r2c_dir 2 -ingrid 2048 2 1 -outgrid 4096 1 1 -n5
.//tmp_files/5142.sh: line 3: 91395 Segmentation fault      speed3d_r2c fftw float 64 64 64 -no-reorder -slabs -r2c_dir 2 -ingrid 2048 2 1 -outgrid 4096 1 1 -n5
.//tmp_files/5142.sh: line 3: 91452 Segmentation fault      speed3d_r2c fftw float 64 64 64 -no-reorder -slabs -r2c_dir 2 -ingrid 2048 2 1 -outgrid 4096 1 1 -n5
.//tmp_files/5142.sh: line 3: 91457 Segmentation fault      speed3d_r2c fftw float 64 64 64 -no-reorder -slabs -r2c_dir 2 -ingrid 2048 2 1 -outgrid 4096 1 1 -n5
.//tmp_files/5142.sh: line 3: 91456 Segmentation fault      speed3d_r2c fftw float 64 64 64 -no-reorder -slabs -r2c_dir 2 -ingrid 2048 2 1 -outgrid 4096 1 1 -n5
.//tmp_files/5142.sh: line 3: 91420 Segmentation fault      speed3d_r2c fftw float 64 64 64 -no-reorder -slabs -r2c_dir 2 -ingrid 2048 2 1 -outgrid 4096 1 1 -n5
.//tmp_files/5142.sh: line 3: 91450 Segmentation fault      speed3d_r2c fftw float 64 64 64 -no-reorder -slabs -r2c_dir 2 -ingrid 2048 2 1 -outgrid 4096 1 1 -n5
.//tmp_files/5142.sh: line 3: 91408 Segmentation fault      speed3d_r2c fftw float 64 64 64 -no-reorder -slabs -r2c_dir 2 -ingrid 2048 2 1 -outgrid 4096 1 1 -n5
.//tmp_files/5142.sh: line 3: 101913 Segmentation fault      speed3d_r2c fftw float 64 64 64 -no-reorder -slabs -r2c_dir 2 -ingrid 2048 2 1 -outgrid 4096 1 1 -n5
.//tmp_files/5142.sh: line 3: 197925 Segmentation fault      speed3d_r2c fftw float 64 64 64 -no-reorder -slabs -r2c_dir 2 -ingrid 2048 2 1 -outgrid 4096 1 1 -n5
.//tmp_files/5142.sh: line 3: 188069 Segmentation fault      speed3d_r2c fftw float 64 64 64 -no-reorder -slabs -r2c_dir 2 -ingrid 2048 2 1 -outgrid 4096 1 1 -n5
.//tmp_files/5142.sh: line 3: 188075 Segmentation fault      speed3d_r2c fftw float 64 64 64 -no-reorder -slabs -r2c_dir 2 -ingrid 2048 2 1 -outgrid 4096 1 1 -n5
.//tmp_files/5142.sh: line 3: 188061 Segmentation fault      speed3d_r2c fftw float 64 64 64 -no-reorder -slabs -r2c_dir 2 -ingrid 2048 2 1 -outgrid 4096 1 1 -n5
.//tmp_files/5142.sh: line 3: 188032 Segmentation fault      speed3d_r2c fftw float 64 64 64 -no-reorder -slabs -r2c_dir 2 -ingrid 2048 2 1 -outgrid 4096 1 1 -n5
.//tmp_files/5142.sh: line 3: 188064 Segmentation fault      speed3d_r2c fftw float 64 64 64 -no-reorder -slabs -r2c_dir 2 -ingrid 2048 2 1 -outgrid 4096 1 1 -n5
.//tmp_files/5142.sh: line 3: 188066 Segmentation fault      speed3d_r2c fftw float 64 64 64 -no-reorder -slabs -r2c_dir 2 -ingrid 2048 2 1 -outgrid 4096 1 1 -n5
.//tmp_files/5142.sh: line 3: 188072 Segmentation fault      speed3d_r2c fftw float 64 64 64 -no-reorder -slabs -r2c_dir 2 -ingrid 2048 2 1 -outgrid 4096 1 1 -n5
.//tmp_files/5142.sh: line 3: 188070 Segmentation fault      speed3d_r2c fftw float 64 64 64 -no-reorder -slabs -r2c_dir 2 -ingrid 2048 2 1 -outgrid 4096 1 1 -n5
.//tmp_files/5142.sh: line 3: 196686 Segmentation fault      speed3d_r2c fftw float 64 64 64 -no-reorder -slabs -r2c_dir 2 -ingrid 2048 2 1 -outgrid 4096 1 1 -n5
.//tmp_files/5142.sh: line 3: 196711 Segmentation fault      speed3d_r2c fftw float 64 64 64 -no-reorder -slabs -r2c_dir 2 -ingrid 2048 2 1 -outgrid 4096 1 1 -n5
.//tmp_files/5142.sh: line 3: 196709 Segmentation fault      speed3d_r2c fftw float 64 64 64 -no-reorder -slabs -r2c_dir 2 -ingrid 2048 2 1 -outgrid 4096 1 1 -n5
.//tmp_files/5142.sh: line 3: 196710 Segmentation fault      speed3d_r2c fftw float 64 64 64 -no-reorder -slabs -r2c_dir 2 -ingrid 2048 2 1 -outgrid 4096 1 1 -n5
.//tmp_files/5142.sh: line 3: 196706 Segmentation fault      speed3d_r2c fftw float 64 64 64 -no-reorder -slabs -r2c_dir 2 -ingrid 2048 2 1 -outgrid 4096 1 1 -n5
.//tmp_files/5142.sh: line 3: 196705 Segmentation fault      speed3d_r2c fftw float 64 64 64 -no-reorder -slabs -r2c_dir 2 -ingrid 2048 2 1 -outgrid 4096 1 1 -n5
.//tmp_files/5142.sh: line 3: 196715 Segmentation fault      speed3d_r2c fftw float 64 64 64 -no-reorder -slabs -r2c_dir 2 -ingrid 2048 2 1 -outgrid 4096 1 1 -n5
.//tmp_files/5142.sh: line 3: 196716 Segmentation fault      speed3d_r2c fftw float 64 64 64 -no-reorder -slabs -r2c_dir 2 -ingrid 2048 2 1 -outgrid 4096 1 1 -n5
.//tmp_files/5142.sh: line 3: 185963 Segmentation fault      speed3d_r2c fftw float 64 64 64 -no-reorder -slabs -r2c_dir 2 -ingrid 2048 2 1 -outgrid 4096 1 1 -n5
.//tmp_files/5142.sh: line 3: 185961 Segmentation fault      speed3d_r2c fftw float 64 64 64 -no-reorder -slabs -r2c_dir 2 -ingrid 2048 2 1 -outgrid 4096 1 1 -n5
.//tmp_files/5142.sh: line 3: 117874 Segmentation fault      speed3d_r2c fftw float 64 64 64 -no-reorder -slabs -r2c_dir 2 -ingrid 2048 2 1 -outgrid 4096 1 1 -n5
.//tmp_files/5142.sh: line 3: 117867 Segmentation fault      speed3d_r2c fftw float 64 64 64 -no-reorder -slabs -r2c_dir 2 -ingrid 2048 2 1 -outgrid 4096 1 1 -n5
.//tmp_files/5142.sh: line 3: 117857 Segmentation fault      speed3d_r2c fftw float 64 64 64 -no-reorder -slabs -r2c_dir 2 -ingrid 2048 2 1 -outgrid 4096 1 1 -n5
.//tmp_files/5142.sh: line 3: 117866 Segmentation fault      speed3d_r2c fftw float 64 64 64 -no-reorder -slabs -r2c_dir 2 -ingrid 2048 2 1 -outgrid 4096 1 1 -n5
.//tmp_files/5142.sh: line 3: 117860 Segmentation fault      speed3d_r2c fftw float 64 64 64 -no-reorder -slabs -r2c_dir 2 -ingrid 2048 2 1 -outgrid 4096 1 1 -n5
.//tmp_files/5142.sh: line 3: 117861 Segmentation fault      speed3d_r2c fftw float 64 64 64 -no-reorder -slabs -r2c_dir 2 -ingrid 2048 2 1 -outgrid 4096 1 1 -n5
.//tmp_files/5142.sh: line 3: 192857 Segmentation fault      speed3d_r2c fftw float 64 64 64 -no-reorder -slabs -r2c_dir 2 -ingrid 2048 2 1 -outgrid 4096 1 1 -n5
.//tmp_files/5142.sh: line 3: 192854 Segmentation fault      speed3d_r2c fftw float 64 64 64 -no-reorder -slabs -r2c_dir 2 -ingrid 2048 2 1 -outgrid 4096 1 1 -n5
.//tmp_files/5142.sh: line 3: 192812 Segmentation fault      speed3d_r2c fftw float 64 64 64 -no-reorder -slabs -r2c_dir 2 -ingrid 2048 2 1 -outgrid 4096 1 1 -n5
.//tmp_files/5142.sh: line 3: 192868 Segmentation fault      speed3d_r2c fftw float 64 64 64 -no-reorder -slabs -r2c_dir 2 -ingrid 2048 2 1 -outgrid 4096 1 1 -n5
.//tmp_files/5142.sh: line 3: 192866 Segmentation fault      speed3d_r2c fftw float 64 64 64 -no-reorder -slabs -r2c_dir 2 -ingrid 2048 2 1 -outgrid 4096 1 1 -n5
.//tmp_files/5142.sh: line 3: 192856 Segmentation fault      speed3d_r2c fftw float 64 64 64 -no-reorder -slabs -r2c_dir 2 -ingrid 2048 2 1 -outgrid 4096 1 1 -n5
.//tmp_files/5142.sh: line 3: 192867 Segmentation fault      speed3d_r2c fftw float 64 64 64 -no-reorder -slabs -r2c_dir 2 -ingrid 2048 2 1 -outgrid 4096 1 1 -n5
.//tmp_files/5142.sh: line 3: 192814 Segmentation fault      speed3d_r2c fftw float 64 64 64 -no-reorder -slabs -r2c_dir 2 -ingrid 2048 2 1 -outgrid 4096 1 1 -n5
.//tmp_files/5142.sh: line 3: 192829 Segmentation fault      speed3d_r2c fftw float 64 64 64 -no-reorder -slabs -r2c_dir 2 -ingrid 2048 2 1 -outgrid 4096 1 1 -n5
.//tmp_files/5142.sh: line 3: 192828 Segmentation fault      speed3d_r2c fftw float 64 64 64 -no-reorder -slabs -r2c_dir 2 -ingrid 2048 2 1 -outgrid 4096 1 1 -n5
.//tmp_files/5142.sh: line 3: 192833 Segmentation fault      speed3d_r2c fftw float 64 64 64 -no-reorder -slabs -r2c_dir 2 -ingrid 2048 2 1 -outgrid 4096 1 1 -n5
.//tmp_files/5142.sh: line 3: 192865 Segmentation fault      speed3d_r2c fftw float 64 64 64 -no-reorder -slabs -r2c_dir 2 -ingrid 2048 2 1 -outgrid 4096 1 1 -n5
.//tmp_files/5142.sh: line 3: 192869 Segmentation fault      speed3d_r2c fftw float 64 64 64 -no-reorder.//tmp_files/5142.sh: line 3: 103772 Segmentation fault      speed3d_r2c fftw float 64 64 64 -no-reorder -slabs -r2c_dir 2 -ingrid 2048 2 1 -outgrid 4096 1 1 -n5
.//tmp_files/5142.sh: line 3: 103762 Segmentation fault      speed3d_r2c fftw float 64 64 64 -no-reorder -slabs -r2c_dir 2 -ingrid 2048 2 1 -outgrid 4096 1 1 -n5
.//tmp_files/5142.sh: line 3: 103757 Segmentation fault      speed3d_r2c fftw float 64 64 64 -no-reorder -slabs -r2c_dir 2 -ingrid 2048 2 1 -outgrid 4096 1 1 -n5
.//tmp_files/5142.sh: line 3: 103774 Segmentation fault      speed3d_r2c fftw float 64 64 64 -no-reorder -slabs -r2c_dir 2 -ingrid 2048 2 1 -outgrid 4096 1 1 -n5
.//tmp_files/5142.sh: line 3: 103770 Segmentation fault      speed3d_r2c fftw float 64 64 64 -no-reorder -slabs -r2c_dir 2 -ingrid 2048 2 1 -outgrid 4096 1 1 -n5
 -slabs -r2c_dir 2 -ingrid 2048 2 1 -outgrid 4096 1 1 -n5
.//tmp_files/5142.sh: line 3: 104176 Segmentation fault      speed3d_r2c fftw float 64 64 64 -no-reorder -slabs -r2c_dir 2 -ingrid 2048 2 1 -outgrid 4096 1 1 -n5
.//tmp_files/5142.sh: line 3: 188254 Segmentation fault      speed3d_r2c fftw float 64 64 64 -no-reorder -slabs -r2c_dir 2 -ingrid 2048 2 1 -outgrid 4096 1 1 -n5
.//tmp_files/5142.sh: line 3: 195221 Segmentation fault      speed3d_r2c fftw float 64 64 64 -no-reorder -slabs -r2c_dir 2 -ingrid 2048 2 1 -outgrid 4096 1 1 -n5
.//tmp_files/5142.sh: line 3: 97763 Segmentation fault      speed3d_r2c fftw float 64 64 64 -no-reorder -slabs -r2c_dir 2 -ingrid 2048 2 1 -outgrid 4096 1 1 -n5
.//tmp_files/5142.sh: line 3: 97784 Segmentation fault      speed3d_r2c fftw float 64 64 64 -no-reorder -slabs -r2c_dir 2 -ingrid 2048 2 1 -outgrid 4096 1 1 -n5
.//tmp_files/5142.sh: line 3: 97771 Segmentation fault      speed3d_r2c fftw float 64 64 64 -no-reorder -slabs -r2c_dir 2 -ingrid 2048 2 1 -outgrid 4096 1 1 -n5
.//tmp_files/5142.sh: line 3: 97816 Segmentation fault      speed3d_r2c fftw float 64 64 64 -no-reorder -slabs -r2c_dir 2 -ingrid 2048 2 1 -outgrid 4096 1 1 -n5
.//tmp_files/5142.sh: line 3: 97787 Segmentation fault      speed3d_r2c fftw float 64 64 64 -no-reorder -slabs -r2c_dir 2 -ingrid 2048 2 1 -outgrid 4096 1 1 -n5
.//tmp_files/5142.sh: line 3: 97807 Segmentation fault      speed3d_r2c fftw float 64 64 64 -no-reorder -slabs -r2c_dir 2 -ingrid 2048 2 1 -outgrid 4096 1 1 -n5
.//tmp_files/5142.sh: line 3: 97828 Segmentation fault      speed3d_r2c fftw float 64 64 64 -no-reorder -slabs -r2c_dir 2 -ingrid 2048 2 1 -outgrid 4096 1 1 -n5
.//tmp_files/5142.sh: line 3: 97790 Segmentation fault      speed3d_r2c fftw float 64 64 64 -no-reorder -slabs -r2c_dir 2 -ingrid 2048 2 1 -outgrid 4096 1 1 -n5
.//tmp_files/5142.sh: line 3: 97832 Segmentation fault      speed3d_r2c fftw float 64 64 64 -no-reorder -slabs -r2c_dir 2 -ingrid 2048 2 1 -outgrid 4096 1 1 -n5
.//tmp_files/5142.sh: line 3: 97823 Segmentation fault      speed3d_r2c fftw float 64 64 64 -no-reorder -slabs -r2c_dir 2 -ingrid 2048 2 1 -outgrid 4096 1 1 -n5
Application 28840693 exit codes: 139
Application 28840693 exit signals: Killed
Application 28840693 resources: utime ~549s, stime ~328s, Rss ~41424, inblocks ~206744, outblocks ~0
