.//tmp_files/999.sh: line 3: 117404 Segmentation fault      speed3d_r2c fftw float 64 64 64 -reorder -a2av -p2p_pl -slabs -r2c_dir 1 -ingrid 2048 2 1 -outgrid 4096 1 1 -n5
.//tmp_files/999.sh: line 3: 111308 Segmentation fault      speed3d_r2c fftw float 64 64 64 -reorder -a2av -p2p_pl -slabs -r2c_dir 1 -ingrid 2048 2 1 -outgrid 4096 1 1 -n5
.//tmp_files/999.sh: line 3: 111276 Segmentation fault      speed3d_r2c fftw float 64 64 64 -reorder -a2av -p2p_pl -slabs -r2c_dir 1 -ingrid 2048 2 1 -outgrid 4096 1 1 -n5
.//tmp_files/999.sh: line 3: 192866 Segmentation fault      speed3d_r2c fftw float 64 64 64 -reorder -a2av -p2p_pl -slabs -r2c_dir 1 -ingrid 2048 2 1 -outgrid 4096 1 1 -n5
.//tmp_files/999.sh: line 3: 119714 Segmentation fault      speed3d_r2c fftw float 64 64 64 -reorder -a2av -p2p_pl -slabs -r2c_dir 1 -ingrid 2048 2 1 -outgrid 4096 1 1 -n5
[NID 00935] 2023-10-09 17:58:19 Apid 28840815: initiated application termination
.//tmp_files/999.sh: line 3: 192805 Segmentation fault      speed3d_r2c fftw float 64 64 64 -reorder -a2av -p2p_pl -slabs -r2c_dir 1 -ingrid 2048 2 1 -outgrid 4096 1 1 -n5
.//tmp_files/999.sh: line 3: 192812 Segmentation fault      speed3d_r2c fftw float 64 64 64 -reorder -a2av -p2p_pl -slabs -r2c_dir 1 -ingrid 2048 2 1 -outgrid 4096 1 1 -n5
.//tmp_files/999.sh: line 3: 192830 Segmentation fault      speed3d_r2c fftw float 64 64 64 -reorder -a2av -p2p_pl -slabs -r2c_dir 1 -ingrid 2048 2 1 -outgrid 4096 1 1 -n5
.//tmp_files/999.sh: line 3: 192810 Segmentation fault      speed3d_r2c fftw float 64 64 64 -reorder -a2av -p2p_pl -slabs -r2c_dir 1 -ingrid 2048 2 1 -outgrid 4096 1 1 -n5
.//tmp_files/999.sh: line 3: 192825 Segmentation fault      speed3d_r2c fftw float 64 64 64 -reorder -a2av -p2p_pl -slabs -r2c_dir 1 -ingrid 2048 2 1 -outgrid 4096 1 1 -n5
.//tmp_files/999.sh: line 3: 125826 Segmentation fault      speed3d_r2c fftw float 64 64 64 -reorder -a2av -p2p_pl -slabs -r2c_dir 1 -ingrid 2048 2 1 -outgrid 4096 1 1 -n5
.//tmp_files/999.sh: line 3: 104723 Segmentation fault      speed3d_r2c fftw float 64 64 64 -reorder -a2av -p2p_pl -slabs -r2c_dir 1 -ingrid 2048 2 1 -outgrid 4096 1 1 -n5
.//tmp_files/999.sh: line 3: 104712 Segmentation fault      speed3d_r2c fftw float 64 64 64 -reorder -a2av -p2p_pl -slabs -r2c_dir 1 -ingrid 2048 2 1 -outgrid 4096 1 1 -n5
.//tmp_files/999.sh: line 3: 104707 Segmentation fault      speed3d_r2c fftw float 64 64 64 -reorder -a2av -p2p_pl -slabs -r2c_dir 1 -ingrid 2048 2 1 -outgrid 4096 1 1 -n5
.//tmp_files/999.sh: line 3: 104768 Segmentation fault      speed3d_r2c fftw float 64 64 64 -reorder -a2av -p2p_pl -slabs -r2c_dir 1 -ingrid 2048 2 1 -outgrid 4096 1 1 -n5
.//tmp_files/999.sh: line 3: 104158 Segmentation fault      speed3d_r2c fftw float 64 64 64 -reorder -a2av -p2p_pl -slabs -r2c_dir 1 -ingrid 2048 2 1 -outgrid 4096 1 1 -n5
.//tmp_files/999.sh: line 3: 196574 Segmentation fault      speed3d_r2c fftw float 64 64 64 -reorder -a2av -p2p_pl -slabs -r2c_dir 1 -ingrid 2048 2 1 -outgrid 4096 1 1 -n5
.//tmp_files/999.sh: line 3: 107790 Segmentation fault      speed3d_r2c fftw float 64 64 64 -reorder -a2av -p2p_pl -slabs -r2c_dir 1 -ingrid 2048 2 1 -outgrid 4096 1 1 -n5
.//tmp_files/999.sh: line 3: 104708 Segmentation fault      speed3d_r2c fftw float 64 64 64 -reorder -a2av -p2p_pl -slabs -r2c_dir 1 -ingrid 2048 2 1 -outgrid 4096 1 1 -n5
.//tmp_files/999.sh: line 3: 104721 Segmentation fault      speed3d_r2c fftw float 64 64 64 -reorder -a2av -p2p_pl -slabs -r2c_dir 1 -ingrid 2048 2 1 -outgrid 4096 1 1 -n5
.//tmp_files/999.sh: line 3: 104745 Segmentation fault      speed3d_r2c fftw float 64 64 64 -reorder -a2av -p2p_pl -slabs -r2c_dir 1 -ingrid 2048 2 1 -outgrid 4096 1 1 -n5
.//tmp_files/999.sh: line 3: 114883 Segmentation fault      speed3d_r2c fftw float 64 64 64 -reorder -a2av -p2p_pl -slabs -r2c_dir 1 -ingrid 2048 2 1 -outgrid 4096 1 1 -n5
.//tmp_files/999.sh: line 3: 114851 Segmentation fault      speed3d_r2c fftw float 64 64 64 -reorder -a2av -p2p_pl -slabs -r2c_dir 1 -ingrid 2048 2 1 -outgrid 4096 1 1 -n5
.//tmp_files/999.sh: line 3: 202125 Segmentation fault      speed3d_r2c fftw float 64 64 64 -reorder -a2av -p2p_pl -slabs -r2c_dir 1 -ingrid 2048 2 1 -outgrid 4096 1 1 -n5
.//tmp_files/999.sh: line 3: 202140 Segmentation fault      speed3d_r2c fftw float 64 64 64 -reorder -a2av -p2p_pl -slabs -r2c_dir 1 -ingrid 2048 2 1 -outgrid 4096 1 1 -n5
.//tmp_files/999.sh: line 3: 202116 Segmentation fault      speed3d_r2c fftw float 64 64 64 -reorder -a2av -p2p_pl -slabs -r2c_dir 1 -ingrid 2048 2 1 -outgrid 4096 1 1 -n5
.//tmp_files/999.sh: line 3: 202148 Segmentation fault      speed3d_r2c fftw float 64 64 64 -reorder -a2av -p2p_pl -slabs -r2c_dir 1 -ingrid 2048 2 1 -outgrid 4096 1 1 -n5
.//tmp_files/999.sh: line 3: 202107 Segmentation fault      speed3d_r2c fftw float 64 64 64 -reorder -a2av -p2p_pl -slabs -r2c_dir 1 -ingrid 2048 2 1 -outgrid 4096 1 1 -n5
.//tmp_files/999.sh: line 3: 202134 Segmentation fault      speed3d_r2c fftw float 64 64 64 -reorder -a2av -p2p_pl -slabs -r2c_dir 1 -ingrid 2048 2 1 -outgrid 4096 1 1 -n5
.//tmp_files/999.sh: line 3: 203618 Segmentation fault      speed3d_r2c fftw float 64 64 64 -reorder -a2av -p2p_pl -slabs -r2c_dir 1 -ingrid 2048 2 1 -outgrid 4096 1 1 -n5
.//tmp_files/999.sh: line 3: 204799 Segmentation fault      speed3d_r2c fftw float 64 64 64 -reorder -a2av -p2p_pl -slabs -r2c_dir 1 -ingrid 2048 2 1 -outgrid 4096 1 1 -n5
.//tmp_files/999.sh: line 3: 204817 Segmentation fault      speed3d_r2c fftw float 64 64 64 -reorder -a2av -p2p_pl -slabs -r2c_dir 1 -ingrid 2048 2 1 -outgrid 4096 1 1 -n5
.//tmp_files/999.sh: line 3: 203701 Segmentation fault      speed3d_r2c fftw float 64 64 64 -reorder -a2av -p2p_pl -slabs -r2c_dir 1 -ingrid 2048 2 1 -outgrid 4096 1 1 -n5
.//tmp_files/999.sh: line 3: 124332 Segmentation fault      speed3d_r2c fftw float 64 64 64 -reorder -a2av -p2p_pl -slabs -r2c_dir 1 -ingrid 2048 2 1 -outgrid 4096 1 1 -n5
.//tmp_files/999.sh: line 3: 115491 Segmentation fault      speed3d_r2c fftw float 64 64 64 -reorder -a2av -p2p_pl -slabs -r2c_dir 1 -ingrid 2048 2 1 -outgrid 4096 1 1 -n5
.//tmp_files/999.sh: line 3: 115500 Segmentation fault      speed3d_r2c fftw float 64 64 64 -reorder -a2av -p2p_pl -slabs -r2c_dir 1 -ingrid 2048 2 1 -outgrid 4096 1 1 -n5
.//tmp_files/999.sh: line 3: 124339 Segmentation fault      speed3d_r2c fftw float 64 64 64 -reorder -a2av -p2p_pl -slabs -r2c_dir 1 -ingrid 2048 2 1 -outgrid 4096 1 1 -n5
.//tmp_files/999.sh: line 3: 123831 Segmentation fault      speed3d_r2c fftw float 64 64 64 -reorder -a2av -p2p_pl -slabs -r2c_dir 1 -ingrid 2048 2 1 -outgrid 4096 1 1 -n5
.//tmp_files/999.sh: line 3: 108808 Segmentation fault      speed3d_r2c fftw float 64 64 64 -reorder -a2av -p2p_pl -slabs -r2c_dir 1 -ingrid 2048 2 1 -outgrid 4096 1 1 -n5
.//tmp_files/999.sh: line 3: 108805 Segmentation fault      speed3d_r2c fftw float 64 64 64 -reorder -a2av -p2p_pl -slabs -r2c_dir 1 -ingrid 2048 2 1 -outgrid 4096 1 1 -n5
.//tmp_files/999.sh: line 3: 124004 Segmentation fault      speed3d_r2c fftw float 64 64 64 -reorder -a2av -p2p_pl -slabs -r2c_dir 1 -ingrid 2048 2 1 -outgrid 4096 1 1 -n5
.//tmp_files/999.sh: line 3: 190956 Segmentation fault      speed3d_r2c fftw float 64 64 64 -reorder -a2av -p2p_pl -slabs -r2c_dir 1 -ingrid 2048 2 1 -outgrid 4096 1 1 -n5
.//tmp_files/999.sh: line 3: 190898 Segmentation fault      speed3d_r2c fftw float 64 64 64 -reorder -a2av -p2p_pl -slabs -r2c_dir 1 -ingrid 2048 2 1 -outgrid 4096 1 1 -n5
.//tmp_files/999.sh: line 3: 137417 Segmentation fault      speed3d_r2c fftw float 64 64 64 -reorder -a2av -p2p_pl -slabs -r2c_dir 1 -ingrid 2048 2 1 -outgrid 4096 1 1 -n5
.//tmp_files/999.sh: line 3: 111071 Segmentation fault      speed3d_r2c fftw float 64 64 64 -reorder -a2av -p2p_pl -slabs -r2c_dir 1 -ingrid 2048 2 1 -outgrid 4096 1 1 -n5
.//tmp_files/999.sh: line 3: 111094 Segmentation fault      speed3d_r2c fftw float 64 64 64 -reorder -a2av -p2p_pl -slabs -r2c_dir 1 -ingrid 2048 2 1 -outgrid 4096 1 1 -n5
.//tmp_files/999.sh: line 3: 108787 Segmentation fault      speed3d_r2c fftw float 64 64 64 -reorder -a2av -p2p_pl -slabs -r2c_dir 1 -ingrid 2048 2 1 -outgrid 4096 1 1 -n5
.//tmp_files/999.sh: line 3: 103930 Segmentation fault      speed3d_r2c fftw float 64 64 64 -reorder -a2av -p2p_pl -slabs -r2c_dir 1 -ingrid 2048 2 1 -outgrid 4096 1 1 -n5
.//tmp_files/999.sh: line 3: 113264 Segmentation fault      speed3d_r2c fftw float 64 64 64 -reorder -a2av -p2p_pl -slabs -r2c_dir 1 -ingrid 2048 2 1 -outgrid 4096 1 1 -n5
.//tmp_files/999.sh: line 3: 217972 Segmentation fault      speed3d_r2c fftw float 64 64 64 -reorder -a2av -p2p_pl -slabs -r2c_dir 1 -ingrid 2048 2 1 -outgrid 4096 1 1 -n5
.//tmp_files/999.sh: line 3: 217923 Segmentation fault      speed3d_r2c fftw float 64 64 64 -reorder -a2av -p2p_pl -slabs -r2c_dir 1 -ingrid 2048 2 1 -outgrid 4096 1 1 -n5
.//tmp_files/999.sh: line 3: 192843 Segmentation fault      speed3d_r2c fftw float 64 64 64 -reorder -a2av -p2p_pl -slabs -r2c_dir 1 -ingrid 2048 2 1 -outgrid 4096 1 1 -n5
.//tmp_files/999.sh: line 3: 192844 Segmentation fault      speed3d_r2c fftw float 64 64 64 -reorder -a2av -p2p_pl -slabs -r2c_dir 1 -ingrid 2048 2 1 -outgrid 4096 1 1 -n5
.//tmp_files/999.sh: line 3: 192864 Segmentation fault      speed3d_r2c fftw float 64 64 64 -reorder -a2av -p2p_pl -slabs -r2c_dir 1 -ingrid 2048 2 1 -outgrid 4096 1 1 -n5
.//tmp_files/999.sh: line 3: 192877 Segmentation fault      speed3d_r2c fftw float 64 64 64 -reorder -a2av -p2p_pl -slabs -r2c_dir 1 -ingrid 2048 2 1 -outgrid 4096 1 1 -n5
.//tmp_files/999.sh: line 3: 192874 Segmentation fault      speed3d_r2c fftw float 64 64 64 -reorder -a2av -p2p_pl -slabs -r2c_dir 1 -ingrid 2048 2 1 -outgrid 4096 1 1 -n5
.//tmp_files/999.sh: line 3: 192861 Segmentation fault      speed3d_r2c fftw float 64 64 64 -reorder -a2av -p2p_pl -slabs -r2c_dir 1 -ingrid 2048 2 1 -outgrid 4096 1 1 -n5
.//tmp_files/999.sh: line 3: 192868 Segmentation fault      speed3d_r2c fftw float 64 64 64 -reorder -a2av -p2p_pl -slabs -r2c_dir 1 -ingrid 2048 2 1 -outgrid 4096 1 1 -n5
.//tmp_files/999.sh: line 3: 192875 Segmentation fault      speed3d_r2c fftw float 64 64 64 -reorder -a2av -p2p_pl -slabs -r2c_dir 1 -ingrid 2048 2 1 -outgrid 4096 1 1 -n5
.//tmp_files/999.sh: line 3: 192867 Segmentation fault      speed3d_r2c fftw float 64 64 64 -reorder -a2av -p2p_pl -slabs -r2c_dir 1 -ingrid 2048 2 1 -outgrid 4096 1 1 -n5
.//tmp_files/999.sh: line 3: 192878 Segmentation fault      speed3d_r2c fftw float 64 64 64 -reorder -a2av -p2p_pl -slabs -r2c_dir 1 -ingrid 2048 2 1 -outgrid 4096 1 1 -n5
.//tmp_files/999.sh: line 3: 192872 Segmentation fault      speed3d_r2c fftw float 64 64 64 -reorder -a2av -p2p_pl -slabs -r2c_dir 1 -ingrid 2048 2 1 -outgrid 4096 1 1 -n5
.//tmp_files/999.sh: line 3: 192870 Segmentation fault      speed3d_r2c fftw float 64 64 64 -reorder -a2av -p2p_pl -slabs -r2c_dir 1 -ingrid 2048 2 1 -outgr.//tmp_files/999.sh: line 3: 203646 Segmentation fault      speed3d_r2c fftw float 64 64 64 -reorder -a2av -p2p_pl -slabs -r2c_dir 1 -ingrid 2048 2 1 -outgrid 4096 1 1 -n5
.//tmp_files/999.sh: line 3: 191620 Segmentation fault      speed3d_r2c fftw float 64 64 64 -reorder -a2av -p2p_pl -slabs -r2c_dir 1 -ingrid 2048 2 1 -outgrid 4096 1 1 -n5
.//tmp_files/999.sh: line 3: 191669 Segmentation fault      speed3d_r2c fftw float 64 64 64 -reorder -a2av -p2p_pl -slabs -r2c_dir 1 -ingrid 2048 2 1 -outgrid 4096 1 1 -n5
.//tmp_files/999.sh: line 3: 196767 Segmentation fault      speed3d_r2c fftw float 64 64 64 -reorder -a2av -p2p_pl -slabs -r2c_dir 1 -ingrid 2048 2 1 -outgrid 4096 1 1 -n5
.//tmp_files/999.sh: line 3: 124005 Segmentation fault      speed3d_r2c fftw float 64 64 64 -reorder -a2av -p2p_pl -slabs -r2c_dir 1 -ingrid 2048 2 1 -outgrid 4096 1 1 -n5
.//tmp_files/999.sh: line 3: 123999 Segmentation fault      speed3d_r2c fftw float 64 64 64 -reorder -a2av -p2p_pl -slabs -r2c_dir 1 -ingrid 2048 2 1 -outgrid 4096 1 1 -n5
.//tmp_files/999.sh: line 3: 124006 Segmentation fault      speed3d_r2c fftw float 64 64 64 -reorder -a2av -p2p_pl -slabs -r2c_dir 1 -ingrid 2048 2 1 -outgrid 4096 1 1 -n5
.//tmp_files/999.sh: line 3: 123996 Segmentation fault      speed3d_r2c fftw float 64 64 64 -reorder -a2av -p2p_pl -slabs -r2c_dir 1 -ingrid 2048 2 1 -outgrid 4096 1 1 -n5
.//tmp_files/999.sh: line 3: 123961 Segmentation fault      speed3d_r2c fftw float 64 64 64 -reorder -a2av -p2p_pl -slabs -r2c_dir 1 -ingrid 2048 2 1 -outgrid 4096 1 1 -n5
.//tmp_files/999.sh: line 3: 124013 Segmentation fault      speed3d_r2c fftw float 64 64 64 -reorder -a2av -p2p_pl -slabs -r2c_dir 1 -ingrid 2048 2 1 -outgrid 4096 1 1 -n5
.//tmp_files/999.sh: line 3: 104684 Segmentation fault      speed3d_r2c fftw float 64 64 64 -reorder -a2av -p2p_pl -slabs -r2c_dir 1 -ingrid 2048 2 1 -outgrid 4096 1 1 -n5
.//tmp_files/999.sh: line 3: 104697 Segmentation fault      speed3d_r2c fftw float 64 64 64 -reorder -a2av -p2p_pl -slabs -r2c_dir 1 -ingrid 2048 2 1 -outgrid 4096 1 1 -n5
.//tmp_files/999.sh: line 3: 104695 Segmentation fault      speed3d_r2c fftw float 64 64 64 -reorder -a2av -p2p_pl -slabs -r2c_dir 1 -ingrid 2048 2 1 -outgrid 4096 1 1 -n5
.//tmp_files/999.sh: line 3: 104691 Segmentation fault      speed3d_r2c fftw float 64 64 64 -reorder -a2av -p2p_pl -slabs -r2c_dir 1 -ingrid 2048 2 1 -outgrid 4096 1 1 -n5
.//tmp_files/999.sh: line 3: 104689 Segmentation fault      speed3d_r2c fftw float 64 64 64 -reorder -a2av -p2p_pl -slabs -r2c_dir 1 -ingrid 2048 2 1 -outgrid 4096 1 1 -n5
.//tmp_files/999.sh: line 3: 119749 Segmentation fault      speed3d_r2c fftw float 64 64 64 -reorder -a2av -p2p_pl -slabs -r2c_dir 1 -ingrid 2048 2 1 -outgrid 4096 1 1 -n5
.//tmp_files/999.sh: line 3: 119750 Segmentation fault      speed3d_r2c fftw float 64 64 64 -reorder -a2av -p2p_pl -slabs -r2c_dir 1 -ingrid 2048 2 1 -outgrid 4096 1 1 -n5
.//tmp_files/999.sh: line 3: 119774 Segmentation fault      speed3d_r2c fftw float 64 64 64 -reorder -a2av -p2p_pl -slabs -r2c_dir 1 -ingrid 2048 2 1 -outgrid 4096 1 1 -n5
.//tmp_files/999.sh: line 3: 119775 Segmentation fault      speed3d_r2c fftw float 64 64 64 -reorder -a2av -p2p_pl -slabs -r2c_dir 1 -ingrid 2048 2 1 -outgrid 4096 1 1 -n5
.//tmp_files/999.sh: line 3: 119779 Segmentation fault      speed3d_r2c fftw float 64 64 64 -reorder -a2av -p2p_pl -slabs -r2c_dir 1 -ingrid 2048 2 1 -outgrid 4096 1 1 -n5
.//tmp_files/999.sh: line 3: 119778 Segmentation fault      speed3d_r2c fftw float 64 64 64 -reorder -a2av -p2p_pl -slabs -r2c_dir 1 -ingrid 2048 2 1 -outgrid 4096 1 1 -n5
.//tmp_files/999.sh: line 3: 119777 Segmentation fault      speed3d_r2c fftw float 64 64 64 -reorder -a2av -p2p_pl -slabs -r2c_dir 1 -ingrid 2048 2 1 -outgrid 4096 1 1 -n5
.//tmp_files/999.sh: line 3: 119776 Segmentation fault      speed3d_r2c fftw float 64 64 64 -reorder -a2av -p2p_pl -slabs -r2c_dir 1 -ingrid 2048 2 1 -outgrid 4096 1 1 -n5
.//tmp_files/999.sh: line 3: 117390 Segmentation fault      speed3d_r2c fftw float 64 64 64 -reorder -a2av -p2p_pl -slabs -r2c_dir 1 -ingrid 2048 2 1 -outgrid 4096 1 1 -n5
.//tmp_files/999.sh: line 3: 117406 Segmentation fault      speed3d_r2c fftw float 64 64 64 -reorder -a2av -p2p_pl -slabs -r2c_dir 1 -ingrid 2048 2 1 -outgrid 4096 1 1 -n5
.//tmp_files/999.sh: line 3: 104635 Segmentation fault      speed3d_r2c fftw float 64 64 64 -reorder -a2av -p2p_pl -slabs -r2c_dir 1 -ingrid 2048 2 1 -outgrid 4096 1 1 -n5
.//tmp_files/999.sh: line 3: 202665 Segmentation fault      speed3d_r2c fftw float 64 64 64 -reorder -a2av -p2p_pl -slabs -r2c_dir 1 -ingrid 2048 2 1 -outgrid 4096 1 1 -n5
.//tmp_files/999.sh: line 3: 202660 Segmentation fault      speed3d_r2c fftw float 64 64 64 -reorder -a2av -p2p_pl -slabs -r2c_dir 1 -ingrid 2048 2 1 -outgrid 4096 1 1 -n5
.//tmp_files/999.sh: line 3: 202664 Segmentation fault      speed3d_r2c fftw float 64 64 64 -reorder -a2av -p2p_pl -slabs -r2c_dir 1 -ingrid 2048 2 1 -outgrid 4096 1 1 -n5
.//tmp_files/999.sh: line 3: 202667 Segmentation fault      speed3d_r2c fftw float 64 64 64 -reorder -a2av -p2p_pl -slabs -r2c_dir 1 -ingrid 2048 2 1 -outgrid 4096 1 1 -n5
.//tmp_files/999.sh: line 3: 204821 Segmentation fault      speed3d_r2c fftw float 64 64 64 -reorder -a2av -p2p_pl -slabs -r2c_dir 1 -ingrid 2048 2 1 -outgrid 4096 1 1 -n5
.//tmp_files/999.sh: line 3: 204836 Segmentation fault      speed3d_r2c fftw float 64 64 64 -reorder -a2av -p2p_pl -slabs -r2c_dir 1 -ingrid 2048 2 1 -outgrid 4096 1 1 -n5
.//tmp_files/999.sh: line 3: 217938 Segmentation fault      speed3d_r2c fftw float 64 64 64 -reorder -a2av -p2p_pl -slabs -r2c_dir 1 -ingrid 2048 2 1 -outgrid 4096 1 1 -n5
.//tmp_files/999.sh: line 3: 137471 Segmentation fault      speed3d_r2c fftw float 64 64 64 -reorder -a2av -p2p_pl -slabs -r2c_dir 1 -ingrid 2048 2 1 -outgrid 4096 1 1 -n5
.//tmp_files/999.sh: line 3: 104124 Segmentation fault      speed3d_r2c fftw float 64 64 64 -reorder -a2av -p2p_pl -slabs -r2c_dir 1 -ingrid 2048 2 1 -outgrid 4096 1 1 -n5
.//tmp_files/999.sh: line 3: 222903 Segmentation fault      speed3d_r2c fftw float 64 64 64 -reorder -a2av -p2p_pl -slabs -r2c_dir 1 -ingrid 2048 2 1 -outgrid 4096 1 1 -n5
.//tmp_files/999.sh: line 3: 110658 Segmentation fault      speed3d_r2c fftw float 64 64 64 -reorder -a2av -p2p_pl -slabs -r2c_dir 1 -ingrid 2048 2 1 -outgrid 4096 1 1 -n5
.//tmp_files/999.sh: line 3: 110654 Segmentation fault      speed3d_r2c fftw float 64 64 64 -reorder -a2av -p2p_pl -slabs -r2c_dir 1 -ingrid 2048 2 1 -outgrid 4096 1 1 -n5
.//tmp_files/999.sh: line 3: 107773 Segmentation fault      speed3d_r2c fftw float 64 64 64 -reorder -a2av -p2p_pl -slabs -r2c_dir 1 -ingrid 2048 2 1 -outgrid 4096 1 1 -n5
.//tmp_files/999.sh: line 3: 107775 Segmentation fault      speed3d_r2c fftw float 64 64 64 -reorder -a2av -p2p_pl -slabs -r2c_dir 1 -ingrid 2048 2 1 -outgrid 4096 1 1 -n5
.//tmp_files/999.sh: line 3: 119680 Segmentation fault      speed3d_r2c fftw float 64 64 64 -reorder -a2av -p2p_pl -slabs -r2c_dir 1 -ingrid 2048 2 1 -outgrid 4096 1 1 -n5
.//tmp_files/999.sh: line 3: 203643 Segmentation fault      speed3d_r2c fftw float 64 64 64 -reorder -a2av -p2p_pl -slabs -r2c_dir 1 -ingrid 2048 2 1 -outgrid 4096 1 1 -n5
.//tmp_files/999.sh: line 3: 222900 Segmentation fault      speed3d_r2c fftw float 64 64 64 -reorder -a2av -p2p_pl -slabs -r2c_dir 1 -ingrid 2048 2 1 -outgrid 4096 1 1 -n5
.//tmp_files/999.sh: line 3: 111311 Segmentation fault      speed3d_r2c fftw float 64 64 64 -reorder -a2av -p2p_pl -slabs -r2c_dir 1 -ingrid 2048 2 1 -outgrid 4096 1 1 -n5
.//tmp_files/999.sh: line 3: 123948 Segmentation fault      speed3d_r2c fftw float 64 64 64 -reorder -a2av -p2p_pl -slabs -r2c_dir 1 -ingrid 2048 2 1 -outgrid 4096 1 1 -n5
.//tmp_files/999.sh: line 3: 123946 Segmentation fault      speed3d_r2c fftw float 64 64 64 -reorder -a2av -p2p_pl -slabs -r2c_dir 1 -ingrid 2048 2 1 -outgrid 4096 1 1 -n5
.//tmp_files/999.sh: line 3: 103579 Segmentation fault      speed3d_r2c fftw float 64 64 64 -reorder -a2av -p2p_pl -slabs -r2c_dir 1 -ingrid 2048 2 1 -outgrid 4096 1 1 -n5
.//tmp_files/999.sh: line 3: 196428 Segmentation fault      speed3d_r2c fftw float 64 64 64 -reorder -a2av -p2p_pl -slabs -r2c_dir 1 -ingrid 2048 2 1 -outgrid 4096 1 1 -n5
.//tmp_files/999.sh: line 3: 222917 Segmentation fault      speed3d_r2c fftw float 64 64 64 -reorder -a2av -p2p_pl -slabs -r2c_dir 1 -ingrid 2048 2 1 -outgrid 4096 1 1 -n5
.//tmp_files/999.sh: line 3: 195079 Segmentation fault      speed3d_r2c fftw float 64 64 64 -reorder -a2av -p2p_pl -slabs -r2c_dir 1 -ingrid 2048 2 1 -outgrid 4096 1 1 -n5
.//tmp_files/999.sh: line 3: 103607 Segmentation fault      speed3d_r2c fftw float 64 64 64 -reorder -a2av -p2p_pl -slabs -r2c_dir 1 -ingrid 2048 2 1 -outgrid 4096 1 1 -n5
.//tmp_files/999.sh: line 3: 103615 Segmentation fault      speed3d_r2c fftw float 64 64 64 -reorder -a2av -p2p_pl -slabs -r2c_dir 1 -ingrid 2048 2 1 -outgrid 4096 1 1 -n5
.//tmp_files/999.sh: line 3: 103613 Segmentation fault      speed3d_r2c fftw float 64 64 64 -reorder -a2av -p2p_pl -slabs -r2c_dir 1 -ingrid 2048 2 1 -outgrid 4096 1 1 -n5
.//tmp_files/999.sh: line 3: 195009 Segmentation fault      speed3d_r2c fftw float 64 64 64 -reorder -a2av -p2p_pl -slabs -r2c_dir 1 -ingrid 2048 2 1 -outgrid 4096 1 1 -n5
.//tmp_files/999.sh: line 3: 194979 Segmentation fault      speed3d_r2c fftw float 64 64 64 -reorder -a2av -p2p_pl -slabs -r2c_dir 1 -ingrid 2048 2 1 -outgrid 4096 1 1 -n5
.//tmp_files/999.sh: line 3: 104194 Segmentation fault      speed3d_r2c fftw float 64 64 64 -reorder -a2av -p2p_pl -slabs -r2c_dir 1 -ingrid 2048 2 1 -outgrid 4096 1 1 -n5
.//tmp_files/999.sh: line 3: 104193 Segmentation fault      speed3d_r2c fftw float 64 64 64 -reorder -a2av -p2p_pl -slabs -r2c_dir 1 -ingrid 2048 2 1 -outgrid 4096 1 1 -n5
.//tmp_files/999.sh: line 3: 104191 Segmentation fault      speed3d_r2c fftw float 64 64 64 -reorder -a2av -p2p_pl -slabs -r2c_dir 1 -ingrid 2048 2 1 -outgrid 4096 1 1 -n5
.//tmp_files/999.sh: line 3: 103870 Segmentation fault      speed3d_r2c fftw float 64 64 64 -reorder -a2av -p2p_pl -slabs -r2c_dir 1 -ingrid 2048 2 1 -outgrid 4096 1 1 -n5
.//tmp_files/999.sh: line 3: 119727 Segmentation fault      speed3d_r2c fftw float 64 64 64 -reorder -a2av -p2p_pl -slabs -r2c_dir 1 -ingrid 2048 2 1 -outgrid 4096 1 1 -n5
.//tmp_files/999.sh: line 3: 119735 Segmentation fault      speed3d_r2c fftw float 64 64 64 -reorder -a2av -p2p_pl -slabs -r2c_dir 1 -ingrid 2048 2 1 -outgrid 4096 1 1 -n5
.//tmp_files/999.sh: line 3: 119747 Segmentation fault      speed3d_r2c fftw float 64 64 64 -reorder -a2av -p2p_pl -slabs -r2c_dir 1 -ingrid 2048 2 1 -outgrid 4096 1 1 -n5
.//tmp_files/999.sh: line 3: 119745 Segmentation fault      speed3d_r2c fftw float 64 64 64 -reorder -a2av -p2p_pl -slabs -r2c_dir 1 -ingrid 2048 2 1 -outgrid 4096 1 1 -n5
.//tmp_files/999.sh: line 3: 119730 Segmentation fault      speed3d_r2c fftw float 64 64 64 -reorder -a2av -p2p_pl -slabs -r2c_dir 1 -ingrid 2048 2 1 -outgrid 4096 1 1 -n5
.//tmp_files/999.sh: line 3: 119731 Segmentation fault      speed3d_r2c fftw float 64 64 64 -reorder -a2av -p2p_pl -slabs -r2c_dir 1 -ingrid 2048 2 1 -outgrid 4096 1 1 -n5
.//tmp_files/999.sh: line 3: 119744 Segmentation fault      speed3d_r2c fftw float 64 64 64 -reorder -a2av -p2p_pl -slabs -r2c_dir 1 -ingrid 2048 2 1 -outgrid 4096 1 1 -n5
.//tmp_files/999.sh: line 3: 119739 Segmentation fault      speed3d_r2c fftw float 64 64 64 -reorder -a2av -p2p_pl -slabs -r2c_dir 1 -ingrid 2048 2 1 -outgrid 4096 1 1 -n5
.//tmp_files/999.sh: line 3: 119740 Segmentation fault      speed3d_r2c fftw float 64 64 64 -reorder -a2av -p2p_pl -slabs -r2c_dir 1 -ingrid 2048 2 1 -outgrid 4096 1 1 -n5
.//tmp_files/999.sh: line 3: 119743 Segmentation fault      speed3d_r2c fftw float 64 64 64 -reorder -a2av -p2p_pl -slabs -r2c_dir 1 -ingrid 2048 2 1 -outgrid 4096 1 1 -n5
.//tmp_files/999.sh: line 3: 119746 Segmentation fault      speed3d_r2c fftw float 64 64 64 -reorder -a2av -p2p_pl -slabs -r2c_dir 1 -ingrid 2048 2 1 -outgrid 4096 1 1 -n5
.//tmp_files/999.sh: line 3: 119734 Segmentation fault      speed3d_r2c fftw float 64 64 64 -reorder -a2av -p2p_pl -slabs -r2c_dir 1 -ingrid 2048 2 1 -outgr.//tmp_files/999.sh: line 3: 107837 Segmentation fault      speed3d_r2c fftw float 64 64 64 -reorder -a2av -p2p_pl -slabs -r2c_dir 1 -ingrid 2048 2 1 -outgrid 4096 1 1 -n5
.//tmp_files/999.sh: line 3: 107834 Segmentation fault      speed3d_r2c fftw float 64 64 64 -reorder -a2av -p2p_pl -slabs -r2c_dir 1 -ingrid 2048 2 1 -outgrid 4096 1 1 -n5
.//tmp_files/999.sh: line 3: 107840 Segmentation fault      speed3d_r2c fftw float 64 64 64 -reorder -a2av -p2p_pl -slabs -r2c_dir 1 -ingrid 2048 2 1 -outgrid 4096 1 1 -n5
.//tmp_files/999.sh: line 3: 107836 Segmentation fault      speed3d_r2c fftw float 64 64 64 -reorder -a2av -p2p_pl -slabs -r2c_dir 1 -ingrid 2048 2 1 -outgrid 4096 1 1 -n5
.//tmp_files/999.sh: line 3: 107830 Segmentation fault      speed3d_r2c fftw float 64 64 64 -reorder -a2av -p2p_pl -slabs -r2c_dir 1 -ingrid 2048 2 1 -outgrid 4096 1 1 -n5
.//tmp_files/999.sh: line 3: 98373 Segmentation fault      speed3d_r2c fftw float 64 64 64 -reorder -a2av -p2p_pl -slabs -r2c_dir 1 -ingrid 2048 2 1 -outgrid 4096 1 1 -n5
.//tmp_files/999.sh: line 3: 98371 Segmentation fault      speed3d_r2c fftw float 64 64 64 -reorder -a2av -p2p_pl -slabs -r2c_dir 1 -ingrid 2048 2 1 -outgrid 4096 1 1 -n5
.//tmp_files/999.sh: line 3: 98395 Segmentation fault      speed3d_r2c fftw float 64 64 64 -reorder -a2av -p2p_pl -slabs -r2c_dir 1 -ingrid 2048 2 1 -outgrid 4096 1 1 -n5
.//tmp_files/999.sh: line 3: 98346 Segmentation fault      speed3d_r2c fftw float 64 64 64 -reorder -a2av -p2p_pl -slabs -r2c_dir 1 -ingrid 2048 2 1 -outgrid 4096 1 1 -n5
.//tmp_files/999.sh: line 3: 98396 Segmentation fault      speed3d_r2c fftw float 64 64 64 -reorder -a2av -p2p_pl -slabs -r2c_dir 1 -ingrid 2048 2 1 -outgrid 4096 1 1 -n5
.//tmp_files/999.sh: line 3: 122140 Segmentation fault      speed3d_r2c fftw float 64 64 64 -reorder -a2av -p2p_pl -slabs -r2c_dir 1 -ingrid 2048 2 1 -outgrid 4096 1 1 -n5
.//tmp_files/999.sh: line 3: 125811 Segmentation fault      speed3d_r2c fftw float 64 64 64 -reorder -a2av -p2p_pl -slabs -r2c_dir 1 -ingrid 2048 2 1 -outgrid 4096 1 1 -n5
.//tmp_files/999.sh: line 3: 125828 Segmentation fault      speed3d_r2c fftw float 64 64 64 -reorder -a2av -p2p_pl -slabs -r2c_dir 1 -ingrid 2048 2 1 -outgrid 4096 1 1 -n5
.//tmp_files/999.sh: line 3: 125867 Segmentation fault      speed3d_r2c fftw float 64 64 64 -reorder -a2av -p2p_pl -slabs -r2c_dir 1 -ingrid 2048 2 1 -outgrid 4096 1 1 -n5
.//tmp_files/999.sh: line 3: 125844 Segmentation fault      speed3d_r2c fftw float 64 64 64 -reorder -a2av -p2p_pl -slabs -r2c_dir 1 -ingrid 2048 2 1 -outgrid 4096 1 1 -n5
.//tmp_files/999.sh: line 3: 125841 Segmentation fault      speed3d_r2c fftw float 64 64 64 -reorder -a2av -p2p_pl -slabs -r2c_dir 1 -ingrid 2048 2 1 -outgrid 4096 1 1 -n5
.//tmp_files/999.sh: line 3: 125868 Segmentation fault      speed3d_r2c fftw float 64 64 64 -reorder -a2av -p2p_pl -slabs -r2c_dir 1 -ingrid 2048 2 1 -outgrid 4096 1 1 -n5
.//tmp_files/999.sh: line 3: 125833 Segmentation fault      speed3d_r2c fftw float 64 64 64 -reorder -a2av -p2p_pl -slabs -r2c_dir 1 -ingrid 2048 2 1 -outgrid 4096 1 1 -n5
.//tmp_files/999.sh: line 3: 125861 Segmentation fault      speed3d_r2c fftw float 64 64 64 -reorder -a2av -p2p_pl -slabs -r2c_dir 1 -ingrid 2048 2 1 -outgrid 4096 1 1 -n5
.//tmp_files/999.sh: line 3: 125847 Segmentation fault      speed3d_r2c fftw float 64 64 64 -reorder -a2av -p2p_pl -slabs -r2c_dir 1 -ingrid 2048 2 1 -outgrid 4096 1 1 -n5
.//tmp_files/999.sh: line 3: 125858 Segmentation fault      speed3d_r2c fftw float 64 64 64 -reorder -a2av -p2p_pl -slabs -r2c_dir 1 -ingrid 2048 2 1 -outgrid 4096 1 1 -n5
.//tmp_files/999.sh: line 3: 125834 Segmentation fault      speed3d_r2c fftw float 64 64 64 -reorder -a2av -p2p_pl -slabs -r2c_dir 1 -ingrid 2048 2 1 -outgrid 4096 1 1 -n5
.//tmp_files/999.sh: line 3: 125801 Segmentation fault      speed3d_r2c fftw float 64 64 64 -reorder -a2av -p2p_pl -slabs -r2c_dir 1 -ingrid 2048 2 1 -outgr.//tmp_files/999.sh: line 3: 117931 Segmentation fault      speed3d_r2c fftw float 64 64 64 -reorder -a2av -p2p_pl -slabs -r2c_dir 1 -ingrid 2048 2 1 -outgrid 4096 1 1 -n5
.//tmp_files/999.sh: line 3: 111278 Segmentation fault      speed3d_r2c fftw float 64 64 64 -reorder -a2av -p2p_pl -slabs -r2c_dir 1 -ingrid 2048 2 1 -outgrid 4096 1 1 -n5
.//tmp_files/999.sh: line 3: 111346 Segmentation fault      speed3d_r2c fftw float 64 64 64 -reorder -a2av -p2p_pl -slabs -r2c_dir 1 -ingrid 2048 2 1 -outgrid 4096 1 1 -n5
.//tmp_files/999.sh: line 3: 111348 Segmentation fault      speed3d_r2c fftw float 64 64 64 -reorder -a2av -p2p_pl -slabs -r2c_dir 1 -ingrid 2048 2 1 -outgrid 4096 1 1 -n5
.//tmp_files/999.sh: line 3: 111349 Segmentation fault      speed3d_r2c fftw float 64 64 64 -reorder -a2av -p2p_pl -slabs -r2c_dir 1 -ingrid 2048 2 1 -outgrid 4096 1 1 -n5
.//tmp_files/999.sh: line 3: 111350 Segmentation fault      speed3d_r2c fftw float 64 64 64 -reorder -a2av -p2p_pl -slabs -r2c_dir 1 -ingrid 2048 2 1 -outgrid 4096 1 1 -n5
.//tmp_files/999.sh: line 3: 111343 Segmentation fault      speed3d_r2c fftw float 64 64 64 -reorder -a2av -p2p_pl -slabs -r2c_dir 1 -ingrid 2048 2 1 -outgrid 4096 1 1 -n5
.//tmp_files/999.sh: line 3: 111341 Segmentation fault      speed3d_r2c fftw float 64 64 64 -reorder -a2av -p2p_pl -slabs -r2c_dir 1 -ingrid 2048 2 1 -outgrid 4096 1 1 -n5
.//tmp_files/999.sh: line 3: 111337 Segmentation fault      speed3d_r2c fftw float 64 64 64 -reorder -a2av -p2p_pl -slabs -r2c_dir 1 -ingrid 2048 2 1 -outgrid 4096 1 1 -n5
.//tmp_files/999.sh: line 3: 111344 Segmentation fault      speed3d_r2c fftw float 64 64 64 -reorder -a2av -p2p_pl -slabs -r2c_dir 1 -ingrid 2048 2 1 -outgrid 4096 1 1 -n5
.//tmp_files/999.sh: line 3: 111340 Segmentation fault      speed3d_r2c fftw float 64 64 64 -reorder -a2av -p2p_pl -slabs -r2c_dir 1 -ingrid 2048 2 1 -outgrid 4096 1 1 -n5
id 4096 1 1 -n5
id 4096 1 1 -n5
.//tmp_files/999.sh: line 3: 117382 Segmentation fault      speed3d_r2c fftw float 64 64 64 -reorder -a2av -p2p_pl -slabs -r2c_dir 1 -ingrid 2048 2 1 -outgrid 4096 1 1 -n5
id 4096 1 1 -n5
.//tmp_files/999.sh: line 3: 192871 Segmentation fault      speed3d_r2c fftw float 64 64 64 -reorder -a2av -p2p_pl -slabs -r2c_dir 1 -ingrid 2048 2 1 -outgrid 4096 1 1 -n5
.//tmp_files/999.sh: line 3: 192876 Segmentation fault      speed3d_r2c fftw float 64 64 64 -reorder -a2av -p2p_pl -slabs -r2c_dir 1 -ingrid 2048 2 1 -outgrid 4096 1 1 -n5
.//tmp_files/999.sh: line 3: 192863 Segmentation fault      speed3d_r2c fftw float 64 64 64 -reorder -a2av -p2p_pl -slabs -r2c_dir 1 -ingrid 2048 2 1 -outgrid 4096 1 1 -n5
.//tmp_files/999.sh: line 3: 192869 Segmentation fault      speed3d_r2c fftw float 64 64 64 -reorder -a2av -p2p_pl -slabs -r2c_dir 1 -ingrid 2048 2 1 -outgrid 4096 1 1 -n5
.//tmp_files/999.sh: line 3: 192873 Segmentation fault      speed3d_r2c fftw float 64 64 64 -reorder -a2av -p2p_pl -slabs -r2c_dir 1 -ingrid 2048 2 1 -outgrid 4096 1 1 -n5
.//tmp_files/999.sh: line 3: 203631 Segmentation fault      speed3d_r2c fftw float 64 64 64 -reorder -a2av -p2p_pl -slabs -r2c_dir 1 -ingrid 2048 2 1 -outgrid 4096 1 1 -n5
.//tmp_files/999.sh: line 3: 203639 Segmentation fault      speed3d_r2c fftw float 64 64 64 -reorder -a2av -p2p_pl -slabs -r2c_dir 1 -ingrid 2048 2 1 -outgrid 4096 1 1 -n5
.//tmp_files/999.sh: line 3: 203602 Segmentation fault      speed3d_r2c fftw float 64 64 64 -reorder -a2av -p2p_pl -slabs -r2c_dir 1 -ingrid 2048 2 1 -outgrid 4096 1 1 -n5
.//tmp_files/999.sh: line 3: 203591 Segmentation fault      speed3d_r2c fftw float 64 64 64 -reorder -a2av -p2p_pl -slabs -r2c_dir 1 -ingrid 2048 2 1 -outgrid 4096 1 1 -n5
.//tmp_files/999.sh: line 3: 203608 Segmentation fault      speed3d_r2c fftw float 64 64 64 -reorder -a2av -p2p_pl -slabs -r2c_dir 1 -ingrid 2048 2 1 -outgrid 4096 1 1 -n5
.//tmp_files/999.sh: line 3: 183485 Segmentation fault      speed3d_r2c fftw float 64 64 64 -reorder -a2av -p2p_pl -slabs -r2c_dir 1 -ingrid 2048 2 1 -outgrid 4096 1 1 -n5
.//tmp_files/999.sh: line 3: 183497 Segmentation fault      speed3d_r2c fftw float 64 64 64 -reorder -a2av -p2p_pl -slabs -r2c_dir 1 -ingrid 2048 2 1 -outgrid 4096 1 1 -n5
.//tmp_files/999.sh: line 3: 117416 Segmentation fault      speed3d_r2c fftw float 64 64 64 -reorder -a2av -p2p_pl -slabs -r2c_dir 1 -ingrid 2048 2 1 -outgrid 4096 1 1 -n5
.//tmp_files/999.sh: line 3: 117409 Segmentation fault      speed3d_r2c fftw float 64 64 64 -reorder -a2av -p2p_pl -slabs -r2c_dir 1 -ingrid 2048 2 1 -outgrid 4096 1 1 -n5
.//tmp_files/999.sh: line 3: 117392 Segmentation fault      speed3d_r2c fftw float 64 64 64 -reorder -a2av -p2p_pl -slabs -r2c_dir 1 -ingrid 2048 2 1 -outgrid 4096 1 1 -n5
.//tmp_files/999.sh: line 3: 196528 Segmentation fault      speed3d_r2c fftw float 64 64 64 -reorder -a2av -p2p_pl -slabs -r2c_dir 1 -ingrid 2048 2 1 -outgrid 4096 1 1 -n5
.//tmp_files/999.sh: line 3: 203616 Segmentation fault      speed3d_r2c fftw float 64 64 64 -reorder -a2av -p2p_pl -slabs -r2c_dir 1 -ingrid 2048 2 1 -outgrid 4096 1 1 -n5
.//tmp_files/999.sh: line 3: 196595 Segmentation fault      speed3d_r2c fftw float 64 64 64 -reorder -a2av -p2p_pl -slabs -r2c_dir 1 -ingrid 2048 2 1 -outgrid 4096 1 1 -n5
.//tmp_files/999.sh: line 3: 196600 Segmentation fault      speed3d_r2c fftw float 64 64 64 -reorder -a2av -p2p_pl -slabs -r2c_dir 1 -ingrid 2048 2 1 -outgrid 4096 1 1 -n5
.//tmp_files/999.sh: line 3: 196601 Segmentation fault      speed3d_r2c fftw float 64 64 64 -reorder -a2av -p2p_pl -slabs -r2c_dir 1 -ingrid 2048 2 1 -outgrid 4096 1 1 -n5
.//tmp_files/999.sh: line 3: 196597 Segmentation fault      speed3d_r2c fftw float 64 64 64 -reorder -a2av -p2p_pl -slabs -r2c_dir 1 -ingrid 2048 2 1 -outgrid 4096 1 1 -n5
.//tmp_files/999.sh: line 3: 196596 Segmentation fault      speed3d_r2c fftw float 64 64 64 -reorder -a2av -p2p_pl -slabs -r2c_dir 1 -ingrid 2048 2 1 -outgrid 4096 1 1 -n5
.//tmp_files/999.sh: line 3: 117393 Segmentation fault      speed3d_r2c fftw float 64 64 64 -reorder -a2av -p2p_pl -slabs -r2c_dir 1 -ingrid 2048 2 1 -outgrid 4096 1 1 -n5
.//tmp_files/999.sh: line 3: 117436 Segmentation fault      speed3d_r2c fftw float 64 64 64 -reorder -a2av -p2p_pl -slabs -r2c_dir 1 -ingrid 2048 2 1 -outgrid 4096 1 1 -n5
.//tmp_files/999.sh: line 3: 117388 Segmentation fault      speed3d_r2c fftw float 64 64 64 -reorder -a2av -p2p_pl -slabs -r2c_dir 1 -ingrid 2048 2 1 -outgrid 4096 1 1 -n5
.//tmp_files/999.sh: line 3: 117445 Segmentation fault      speed3d_r2c fftw float 64 64 64 -reorder -a2av -p2p_pl -slabs -r2c_dir 1 -ingrid 2048 2 1 -outgrid 4096 1 1 -n5
.//tmp_files/999.sh: line 3: 117451 Segmentation fault      speed3d_r2c fftw float 64 64 64 -reorder -a2av -p2p_pl -slabs -r2c_dir 1 -ingrid 2048 2 1 -outgrid 4096 1 1 -n5
.//tmp_files/999.sh: line 3: 117442 Segmentation fault      speed3d_r2c fftw float 64 64 64 -reorder -a2av -p2p_pl -slabs -r2c_dir 1 -ingrid 2048 2 1 -outgrid 4096 1 1 -n5
.//tmp_files/999.sh: line 3: 117446 Segmentation fault      speed3d_r2c fftw float 64 64 64 -reorder -a2av -p2p_pl -slabs -r2c_dir 1 -ingrid 2048 2 1 -outgrid 4096 1 1 -n5
.//tmp_files/999.sh: line 3: 117425 Segmentation fault      speed3d_r2c fftw float 64 64 64 -reorder -a2av -p2p_pl -slabs -r2c_dir 1 -ingrid 2048 2 1 -outgrid 4096 1 1 -n5
.//tmp_files/999.sh: line 3: 117435 Segmentation fault      speed3d_r2c fftw float 64 64 64 -reorder -a2av -p2p_pl -slabs -r2c_dir 1 -ingrid 2048 2 1 -outgrid 4096 1 1 -n5
.//tmp_files/999.sh: line 3: 117427 Segmentation fault      speed3d_r2c fftw float 64 64 64 -reorder -a2av -p2p_pl -slabs -r2c_dir 1 -ingrid 2048 2 1 -outgrid 4096 1 1 -n5
.//tmp_files/999.sh: line 3: 117444 Segmentation fault      speed3d_r2c fftw float 64 64 64 -reorder -a2av -p2p_pl -slabs -r2c_dir 1 -ingrid 2048 2 1 -outgrid 4096 1 1 -n5
.//tmp_files/999.sh: line 3: 117452 Segmentation fault      speed3d_r2c fftw float 64 64 64 -reorder -a2av -p2p_pl -slabs -r2c_dir 1 -ingrid 2048 2 1 -outgrid 4096 1 1 -n5
.//tmp_files/999.sh: line 3: 117389 Segmentation fault      speed3d_r2c fftw float 64 64 64 -reorder -a2av -p2p_pl -slabs -r2c_dir 1 -ingrid 2048 2 1 -outgrid 4096 1 1 -n5
.//tmp_files/999.sh: line 3: 117443 Segmentation fault      speed3d_r2c fftw float 64 64 64 -reorder -a2av -p2p_pl -slabs -r2c_dir 1 -ingrid 2048 2 1 -outgrid 4096 1 1 -n5
.//tmp_files/999.sh: line 3: 117411 Segmentation fault      speed3d_r2c fftw float 64 64 64 -reorder -a2av -p2p_pl -slabs -r2c_dir 1 -ingrid 2048 2 1 -outgrid 4096 1 1 -n5
.//tmp_files/999.sh: line 3: 117405 Segmentation fault      speed3d_r2c fftw float 64 64 64 -reorder -a2av -p2p_pl -slabs -r2c_dir 1 -ingrid 2048 2 1 -outgrid 4096 1 1 -n5
.//tmp_files/999.sh: line 3: 117437 Segmentation fault      speed3d_r2c fftw float 64 64 64 -reorder -a2av -p2p_pl -slabs -r2c_dir 1 -ingrid 2048 2 1 -outgrid 4096 1 1 -n5
Application 28840815 exit codes: 139
Application 28840815 exit signals: Killed
Application 28840815 resources: utime ~548s, stime ~323s, Rss ~41428, inblocks ~326440, outblocks ~0
