2023-09-16 16:01:15|57864|INFO|ytopt:46] 

Loading ytopt
--------------
2023-09-16 16:01:15|57864|INFO|ytopt.search.hps.optimizer.optimizer:66] Using skopt.Optimizer with RF base_estimator
2023-09-16 16:02:29|58059|DEBUG|ytopt.search.hps.optimizer.optimizer:165] tell: {'c0': 'roibin_blosc.json', 'p0': 40, 'p1': 1, 'p2': 2, 'p3': 4} --> ('roibin_blosc.json', 40, 1, 2, 4): evaluated objective: -4.90018
2023-09-16 16:02:29|58059|DEBUG|ytopt.search.hps.optimizer.optimizer:124] _ask: ['roibin_blosc.json', 47, 3, 2, 4] lie: 0.0
2023-09-16 16:02:29|58059|DEBUG|ytopt.search.hps.optimizer.optimizer:165] tell: {'c0': 'roibin_blosc.json', 'p0': 30, 'p1': 2, 'p2': 2, 'p3': 2} --> ('roibin_blosc.json', 30, 2, 2, 2): evaluated objective: -6.12523
2023-09-16 16:02:30|58059|DEBUG|ytopt.search.hps.optimizer.optimizer:124] _ask: ['roibin_blosc.json', 58, 2, 3, 2] lie: 0.0
2023-09-16 16:02:30|58059|DEBUG|ytopt.search.hps.optimizer.optimizer:165] tell: {'c0': 'roibin_blosc.json', 'p0': 12, 'p1': 3, 'p2': 3, 'p3': 3} --> ('roibin_blosc.json', 12, 3, 3, 3): evaluated objective: -6.89088
2023-09-16 16:02:30|58059|DEBUG|ytopt.search.hps.optimizer.optimizer:165] tell: {'c0': 'roibin_blosc.json', 'p0': 13, 'p1': 4, 'p2': 1, 'p3': 3} --> ('roibin_blosc.json', 13, 4, 1, 3): evaluated objective: -6.60699
2023-09-16 16:02:31|58059|DEBUG|ytopt.search.hps.optimizer.optimizer:124] _ask: ['roibin_blosc.json', 25, 1, 2, 3] lie: 0.0
2023-09-16 16:02:32|58059|DEBUG|ytopt.search.hps.optimizer.optimizer:124] _ask: ['roibin_blosc.json', 7, 3, 1, 2] lie: 0.0
2023-09-16 16:03:05|58059|DEBUG|ytopt.search.hps.optimizer.optimizer:165] tell: {'c0': 'roibin_blosc.json', 'p0': 47, 'p1': 3, 'p2': 2, 'p3': 4} --> ('roibin_blosc.json', 47, 3, 2, 4): evaluated objective: -5.18843
2023-09-16 16:03:06|58059|DEBUG|ytopt.search.hps.optimizer.optimizer:124] _ask: ['roibin_blosc.json', 19, 3, 2, 3] lie: 0.0
2023-09-16 16:03:32|58059|DEBUG|ytopt.search.hps.optimizer.optimizer:165] tell: {'c0': 'roibin_blosc.json', 'p0': 58, 'p1': 2, 'p2': 3, 'p3': 2} --> ('roibin_blosc.json', 58, 2, 3, 2): evaluated objective: -5.49553
2023-09-16 16:03:33|58059|DEBUG|ytopt.search.hps.optimizer.optimizer:124] _ask: ['roibin_blosc.json', 3, 3, 1, 3] lie: 0.0
2023-09-16 16:03:33|58059|DEBUG|ytopt.search.hps.optimizer.optimizer:165] tell: {'c0': 'roibin_blosc.json', 'p0': 7, 'p1': 3, 'p2': 1, 'p3': 2} --> ('roibin_blosc.json', 7, 3, 1, 2): evaluated objective: -5.95968
2023-09-16 16:03:34|58059|DEBUG|ytopt.search.hps.optimizer.optimizer:124] _ask: ['roibin_blosc.json', 12, 3, 1, 2] lie: 0.0
2023-09-16 16:03:34|58059|DEBUG|ytopt.search.hps.optimizer.optimizer:165] tell: {'c0': 'roibin_blosc.json', 'p0': 25, 'p1': 1, 'p2': 2, 'p3': 3} --> ('roibin_blosc.json', 25, 1, 2, 3): evaluated objective: -6.65685
2023-09-16 16:03:35|58059|DEBUG|ytopt.search.hps.optimizer.optimizer:124] _ask: ['roibin_blosc.json', 14, 1, 4, 4] lie: 0.0
2023-09-16 16:04:00|58059|DEBUG|ytopt.search.hps.optimizer.optimizer:165] tell: {'c0': 'roibin_blosc.json', 'p0': 19, 'p1': 3, 'p2': 2, 'p3': 3} --> ('roibin_blosc.json', 19, 3, 2, 3): evaluated objective: -6.43819
2023-09-16 16:04:01|58059|DEBUG|ytopt.search.hps.optimizer.optimizer:124] _ask: ['roibin_blosc.json', 18, 4, 2, 3] lie: 0.0
2023-09-16 16:04:35|58059|DEBUG|ytopt.search.hps.optimizer.optimizer:165] tell: {'c0': 'roibin_blosc.json', 'p0': 3, 'p1': 3, 'p2': 1, 'p3': 3} --> ('roibin_blosc.json', 3, 3, 1, 3): evaluated objective: -5.93961
2023-09-16 16:04:36|58059|DEBUG|ytopt.search.hps.optimizer.optimizer:124] _ask: ['roibin_blosc.json', 22, 4, 4, 3] lie: 0.0
2023-09-16 16:04:37|58059|DEBUG|ytopt.search.hps.optimizer.optimizer:165] tell: {'c0': 'roibin_blosc.json', 'p0': 12, 'p1': 3, 'p2': 1, 'p3': 2} --> ('roibin_blosc.json', 12, 3, 1, 2): evaluated objective: -5.89988
2023-09-16 16:04:38|58059|DEBUG|ytopt.search.hps.optimizer.optimizer:124] _ask: ['roibin_blosc.json', 13, 3, 1, 3] lie: 0.0
2023-09-16 16:04:38|58059|DEBUG|ytopt.search.hps.optimizer.optimizer:165] tell: {'c0': 'roibin_blosc.json', 'p0': 14, 'p1': 1, 'p2': 4, 'p3': 4} --> ('roibin_blosc.json', 14, 1, 4, 4): evaluated objective: -6.34556
2023-09-16 16:04:39|58059|DEBUG|ytopt.search.hps.optimizer.optimizer:124] _ask: ['roibin_blosc.json', 7, 2, 3, 4] lie: 0.0
2023-09-16 16:05:03|58059|DEBUG|ytopt.search.hps.optimizer.optimizer:165] tell: {'c0': 'roibin_blosc.json', 'p0': 18, 'p1': 4, 'p2': 2, 'p3': 3} --> ('roibin_blosc.json', 18, 4, 2, 3): evaluated objective: -5.74614
2023-09-16 16:05:04|58059|DEBUG|ytopt.search.hps.optimizer.optimizer:124] _ask: ['roibin_blosc.json', 12, 3, 2, 3] lie: 0.0
2023-09-16 16:05:39|58059|DEBUG|ytopt.search.hps.optimizer.optimizer:165] tell: {'c0': 'roibin_blosc.json', 'p0': 22, 'p1': 4, 'p2': 4, 'p3': 3} --> ('roibin_blosc.json', 22, 4, 4, 3): evaluated objective: -6.00022
2023-09-16 16:05:40|58059|DEBUG|ytopt.search.hps.optimizer.optimizer:124] _ask: ['roibin_blosc.json', 15, 2, 3, 3] lie: 0.0
2023-09-16 16:05:40|58059|DEBUG|ytopt.search.hps.optimizer.optimizer:165] tell: {'c0': 'roibin_blosc.json', 'p0': 13, 'p1': 3, 'p2': 1, 'p3': 3} --> ('roibin_blosc.json', 13, 3, 1, 3): evaluated objective: -6.39154
2023-09-16 16:05:41|58059|DEBUG|ytopt.search.hps.optimizer.optimizer:124] _ask: ['roibin_blosc.json', 13, 1, 1, 3] lie: 0.0
2023-09-16 16:05:42|58059|DEBUG|ytopt.search.hps.optimizer.optimizer:165] tell: {'c0': 'roibin_blosc.json', 'p0': 7, 'p1': 2, 'p2': 3, 'p3': 4} --> ('roibin_blosc.json', 7, 2, 3, 4): evaluated objective: -4.80672
2023-09-16 16:05:43|58059|DEBUG|ytopt.search.hps.optimizer.optimizer:124] _ask: ['roibin_blosc.json', 14, 4, 1, 3] lie: 0.0
2023-09-16 16:06:06|58059|DEBUG|ytopt.search.hps.optimizer.optimizer:165] tell: {'c0': 'roibin_blosc.json', 'p0': 12, 'p1': 3, 'p2': 2, 'p3': 3} --> ('roibin_blosc.json', 12, 3, 2, 3): evaluated objective: -6.36847
2023-09-16 16:06:07|58059|DEBUG|ytopt.search.hps.optimizer.optimizer:124] _ask: ['roibin_blosc.json', 13, 3, 2, 3] lie: 0.0
2023-09-16 16:06:40|58059|DEBUG|ytopt.search.hps.optimizer.optimizer:165] tell: {'c0': 'roibin_blosc.json', 'p0': 15, 'p1': 2, 'p2': 3, 'p3': 3} --> ('roibin_blosc.json', 15, 2, 3, 3): evaluated objective: -4.70417
2023-09-16 16:06:41|58059|DEBUG|ytopt.search.hps.optimizer.optimizer:124] _ask: ['roibin_blosc.json', 11, 3, 2, 3] lie: 0.0
2023-09-16 16:06:43|58059|DEBUG|ytopt.search.hps.optimizer.optimizer:165] tell: {'c0': 'roibin_blosc.json', 'p0': 13, 'p1': 1, 'p2': 1, 'p3': 3} --> ('roibin_blosc.json', 13, 1, 1, 3): evaluated objective: -6.81106
2023-09-16 16:06:44|58059|DEBUG|ytopt.search.hps.optimizer.optimizer:124] _ask: ['roibin_blosc.json', 12, 1, 1, 3] lie: 0.0
2023-09-16 16:06:44|58059|DEBUG|ytopt.search.hps.optimizer.optimizer:165] tell: {'c0': 'roibin_blosc.json', 'p0': 14, 'p1': 4, 'p2': 1, 'p3': 3} --> ('roibin_blosc.json', 14, 4, 1, 3): evaluated objective: -6.70747
2023-09-16 16:06:45|58059|DEBUG|ytopt.search.hps.optimizer.optimizer:124] _ask: ['roibin_blosc.json', 13, 4, 1, 1] lie: 0.0
2023-09-16 16:07:09|58059|DEBUG|ytopt.search.hps.optimizer.optimizer:165] tell: {'c0': 'roibin_blosc.json', 'p0': 13, 'p1': 3, 'p2': 2, 'p3': 3} --> ('roibin_blosc.json', 13, 3, 2, 3): evaluated objective: -5.15809
2023-09-16 16:07:10|58059|DEBUG|ytopt.search.hps.optimizer.optimizer:124] _ask: ['roibin_blosc.json', 14, 4, 1, 4] lie: 0.0
2023-09-16 16:07:43|58059|DEBUG|ytopt.search.hps.optimizer.optimizer:165] tell: {'c0': 'roibin_blosc.json', 'p0': 11, 'p1': 3, 'p2': 2, 'p3': 3} --> ('roibin_blosc.json', 11, 3, 2, 3): evaluated objective: -5.11323
2023-09-16 16:07:44|58059|DEBUG|ytopt.search.hps.optimizer.optimizer:124] _ask: ['roibin_blosc.json', 14, 3, 1, 3] lie: 0.0
2023-09-16 16:07:46|58059|DEBUG|ytopt.search.hps.optimizer.optimizer:165] tell: {'c0': 'roibin_blosc.json', 'p0': 13, 'p1': 4, 'p2': 1, 'p3': 1} --> ('roibin_blosc.json', 13, 4, 1, 1): evaluated objective: -8.95465
2023-09-16 16:07:47|58059|DEBUG|ytopt.search.hps.optimizer.optimizer:124] _ask: ['roibin_blosc.json', 13, 4, 1, 2] lie: 0.0
2023-09-16 16:07:47|58059|DEBUG|ytopt.search.hps.optimizer.optimizer:165] tell: {'c0': 'roibin_blosc.json', 'p0': 12, 'p1': 1, 'p2': 1, 'p3': 3} --> ('roibin_blosc.json', 12, 1, 1, 3): evaluated objective: -6.78487
2023-09-16 16:07:47|58059|DEBUG|ytopt.search.hps.optimizer.optimizer:124] _ask: ['roibin_blosc.json', 12, 4, 1, 2] lie: 0.0
2023-09-16 16:08:12|58059|DEBUG|ytopt.search.hps.optimizer.optimizer:165] tell: {'c0': 'roibin_blosc.json', 'p0': 14, 'p1': 4, 'p2': 1, 'p3': 4} --> ('roibin_blosc.json', 14, 4, 1, 4): evaluated objective: -6.48553
2023-09-16 16:08:13|58059|DEBUG|ytopt.search.hps.optimizer.optimizer:124] _ask: ['roibin_blosc.json', 13, 1, 1, 1] lie: 0.0
2023-09-16 16:08:46|58059|DEBUG|ytopt.search.hps.optimizer.optimizer:165] tell: {'c0': 'roibin_blosc.json', 'p0': 14, 'p1': 3, 'p2': 1, 'p3': 3} --> ('roibin_blosc.json', 14, 3, 1, 3): evaluated objective: -6.00022
2023-09-16 16:08:46|58059|DEBUG|ytopt.search.hps.optimizer.optimizer:124] _ask: ['roibin_blosc.json', 14, 4, 1, 1] lie: 0.0
2023-09-16 16:08:49|58059|DEBUG|ytopt.search.hps.optimizer.optimizer:165] tell: {'c0': 'roibin_blosc.json', 'p0': 12, 'p1': 4, 'p2': 1, 'p3': 2} --> ('roibin_blosc.json', 12, 4, 1, 2): evaluated objective: -5.86068
2023-09-16 16:08:50|58059|DEBUG|ytopt.search.hps.optimizer.optimizer:124] _ask: ['roibin_blosc.json', 12, 4, 1, 1] lie: 0.0
2023-09-16 16:08:50|58059|DEBUG|ytopt.search.hps.optimizer.optimizer:165] tell: {'c0': 'roibin_blosc.json', 'p0': 13, 'p1': 4, 'p2': 1, 'p3': 2} --> ('roibin_blosc.json', 13, 4, 1, 2): evaluated objective: -6.36847
2023-09-16 16:08:51|58059|DEBUG|ytopt.search.hps.optimizer.optimizer:124] _ask: ['roibin_blosc.json', 13, 4, 2, 1] lie: 0.0
2023-09-16 16:09:14|58059|DEBUG|ytopt.search.hps.optimizer.optimizer:165] tell: {'c0': 'roibin_blosc.json', 'p0': 13, 'p1': 1, 'p2': 1, 'p3': 1} --> ('roibin_blosc.json', 13, 1, 1, 1): evaluated objective: -10.1383
2023-09-16 16:09:15|58059|DEBUG|ytopt.search.hps.optimizer.optimizer:124] _ask: ['roibin_blosc.json', 14, 1, 1, 1] lie: 0.0
2023-09-16 16:09:49|58059|DEBUG|ytopt.search.hps.optimizer.optimizer:165] tell: {'c0': 'roibin_blosc.json', 'p0': 14, 'p1': 4, 'p2': 1, 'p3': 1} --> ('roibin_blosc.json', 14, 4, 1, 1): evaluated objective: -10.0804
2023-09-16 16:09:50|58059|DEBUG|ytopt.search.hps.optimizer.optimizer:124] _ask: ['roibin_blosc.json', 16, 4, 1, 1] lie: 0.0
2023-09-16 16:09:51|58059|DEBUG|ytopt.search.hps.optimizer.optimizer:165] tell: {'c0': 'roibin_blosc.json', 'p0': 12, 'p1': 4, 'p2': 1, 'p3': 1} --> ('roibin_blosc.json', 12, 4, 1, 1): evaluated objective: -11.2361
2023-09-16 16:09:52|58059|DEBUG|ytopt.search.hps.optimizer.optimizer:124] _ask: ['roibin_blosc.json', 1, 4, 1, 1] lie: 0.0
2023-09-16 16:09:53|58059|DEBUG|ytopt.search.hps.optimizer.optimizer:165] tell: {'c0': 'roibin_blosc.json', 'p0': 13, 'p1': 4, 'p2': 2, 'p3': 1} --> ('roibin_blosc.json', 13, 4, 2, 1): evaluated objective: -12.8764
2023-09-16 16:09:54|58059|DEBUG|ytopt.search.hps.optimizer.optimizer:124] _ask: ['roibin_blosc.json', 13, 4, 3, 1] lie: 0.0
2023-09-16 16:10:18|58059|DEBUG|ytopt.search.hps.optimizer.optimizer:165] tell: {'c0': 'roibin_blosc.json', 'p0': 14, 'p1': 1, 'p2': 1, 'p3': 1} --> ('roibin_blosc.json', 14, 1, 1, 1): evaluated objective: -11.2361
2023-09-16 16:10:18|58059|DEBUG|ytopt.search.hps.optimizer.optimizer:124] _ask: ['roibin_blosc.json', 13, 2, 1, 1] lie: 0.0
2023-09-16 16:10:50|58059|DEBUG|ytopt.search.hps.optimizer.optimizer:165] tell: {'c0': 'roibin_blosc.json', 'p0': 16, 'p1': 4, 'p2': 1, 'p3': 1} --> ('roibin_blosc.json', 16, 4, 1, 1): evaluated objective: -9.53549
2023-09-16 16:10:51|58059|DEBUG|ytopt.search.hps.optimizer.optimizer:124] _ask: ['roibin_blosc.json', 12, 4, 2, 1] lie: 0.0
2023-09-16 16:10:53|58059|DEBUG|ytopt.search.hps.optimizer.optimizer:165] tell: {'c0': 'roibin_blosc.json', 'p0': 1, 'p1': 4, 'p2': 1, 'p3': 1} --> ('roibin_blosc.json', 1, 4, 1, 1): evaluated objective: -11.0254
2023-09-16 16:10:54|58059|DEBUG|ytopt.search.hps.optimizer.optimizer:124] _ask: ['roibin_blosc.json', 9, 4, 1, 1] lie: 0.0
2023-09-16 16:10:55|58059|DEBUG|ytopt.search.hps.optimizer.optimizer:165] tell: {'c0': 'roibin_blosc.json', 'p0': 13, 'p1': 4, 'p2': 3, 'p3': 1} --> ('roibin_blosc.json', 13, 4, 3, 1): evaluated objective: -13.2636
2023-09-16 16:10:56|58059|DEBUG|ytopt.search.hps.optimizer.optimizer:124] _ask: ['roibin_blosc.json', 13, 4, 4, 1] lie: 0.0
2023-09-16 16:11:18|58059|DEBUG|ytopt.search.hps.optimizer.optimizer:165] tell: {'c0': 'roibin_blosc.json', 'p0': 13, 'p1': 2, 'p2': 1, 'p3': 1} --> ('roibin_blosc.json', 13, 2, 1, 1): evaluated objective: -9.33368
2023-09-16 16:11:19|58059|DEBUG|ytopt.search.hps.optimizer.optimizer:124] _ask: ['roibin_blosc.json', 13, 1, 2, 1] lie: 0.0
2023-09-16 16:11:55|58059|DEBUG|ytopt.search.hps.optimizer.optimizer:165] tell: {'c0': 'roibin_blosc.json', 'p0': 12, 'p1': 4, 'p2': 2, 'p3': 1} --> ('roibin_blosc.json', 12, 4, 2, 1): evaluated objective: -10.6913
2023-09-16 16:11:55|58059|DEBUG|ytopt.search.hps.optimizer.optimizer:124] _ask: ['roibin_blosc.json', 37, 4, 2, 1] lie: 0.0
2023-09-16 16:11:58|58059|DEBUG|ytopt.search.hps.optimizer.optimizer:165] tell: {'c0': 'roibin_blosc.json', 'p0': 9, 'p1': 4, 'p2': 1, 'p3': 1} --> ('roibin_blosc.json', 9, 4, 1, 1): evaluated objective: -11.3811
2023-09-16 16:11:59|58059|DEBUG|ytopt.search.hps.optimizer.optimizer:124] _ask: ['roibin_blosc.json', 11, 4, 2, 1] lie: 0.0
2023-09-16 16:12:03|58059|DEBUG|ytopt.search.hps.optimizer.optimizer:165] tell: {'c0': 'roibin_blosc.json', 'p0': 13, 'p1': 4, 'p2': 4, 'p3': 1} --> ('roibin_blosc.json', 13, 4, 4, 1): evaluated objective: -18.1862
2023-09-16 16:12:04|58059|DEBUG|ytopt.search.hps.optimizer.optimizer:124] _ask: ['roibin_blosc.json', 12, 4, 4, 1] lie: 0.0
2023-09-16 16:12:18|58059|DEBUG|ytopt.search.hps.optimizer.optimizer:165] tell: {'c0': 'roibin_blosc.json', 'p0': 13, 'p1': 1, 'p2': 2, 'p3': 1} --> ('roibin_blosc.json', 13, 1, 2, 1): evaluated objective: -16.3339
2023-09-16 16:12:19|58059|DEBUG|ytopt.search.hps.optimizer.optimizer:124] _ask: ['roibin_blosc.json', 13, 1, 4, 1] lie: 0.0
2023-09-16 16:12:58|58059|DEBUG|ytopt.search.hps.optimizer.optimizer:165] tell: {'c0': 'roibin_blosc.json', 'p0': 37, 'p1': 4, 'p2': 2, 'p3': 1} --> ('roibin_blosc.json', 37, 4, 2, 1): evaluated objective: -11.5298
2023-09-16 16:12:59|58059|DEBUG|ytopt.search.hps.optimizer.optimizer:124] _ask: ['roibin_blosc.json', 51, 4, 4, 1] lie: 0.0
2023-09-16 16:12:59|58059|DEBUG|ytopt.search.hps.optimizer.optimizer:165] tell: {'c0': 'roibin_blosc.json', 'p0': 11, 'p1': 4, 'p2': 2, 'p3': 1} --> ('roibin_blosc.json', 11, 4, 2, 1): evaluated objective: -12.166
2023-09-16 16:13:00|58059|DEBUG|ytopt.search.hps.optimizer.optimizer:124] _ask: ['roibin_blosc.json', 13, 1, 3, 1] lie: 0.0
2023-09-16 16:13:06|58059|DEBUG|ytopt.search.hps.optimizer.optimizer:165] tell: {'c0': 'roibin_blosc.json', 'p0': 12, 'p1': 4, 'p2': 4, 'p3': 1} --> ('roibin_blosc.json', 12, 4, 4, 1): evaluated objective: -16.3339
2023-09-16 16:13:07|58059|DEBUG|ytopt.search.hps.optimizer.optimizer:124] _ask: ['roibin_blosc.json', 9, 4, 4, 1] lie: 0.0
2023-09-16 16:13:17|58059|DEBUG|ytopt.search.hps.optimizer.optimizer:165] tell: {'c0': 'roibin_blosc.json', 'p0': 13, 'p1': 1, 'p2': 4, 'p3': 1} --> ('roibin_blosc.json', 13, 1, 4, 1): evaluated objective: -19.1746
2023-09-16 16:13:18|58059|DEBUG|ytopt.search.hps.optimizer.optimizer:124] _ask: ['roibin_blosc.json', 13, 2, 4, 1] lie: 0.0
2023-09-16 16:14:00|58059|DEBUG|ytopt.search.hps.optimizer.optimizer:165] tell: {'c0': 'roibin_blosc.json', 'p0': 51, 'p1': 4, 'p2': 4, 'p3': 1} --> ('roibin_blosc.json', 51, 4, 4, 1): evaluated objective: -18.1862
2023-09-16 16:14:01|58059|DEBUG|ytopt.search.hps.optimizer.optimizer:124] _ask: ['roibin_blosc.json', 47, 4, 4, 1] lie: 0.0
2023-09-16 16:14:01|58059|DEBUG|ytopt.search.hps.optimizer.optimizer:165] tell: {'c0': 'roibin_blosc.json', 'p0': 13, 'p1': 1, 'p2': 3, 'p3': 1} --> ('roibin_blosc.json', 13, 1, 3, 1): evaluated objective: -17.466
2023-09-16 16:14:02|58059|DEBUG|ytopt.search.hps.optimizer.optimizer:124] _ask: ['roibin_blosc.json', 12, 1, 4, 1] lie: 0.0
2023-09-16 16:14:09|58059|DEBUG|ytopt.search.hps.optimizer.optimizer:165] tell: {'c0': 'roibin_blosc.json', 'p0': 9, 'p1': 4, 'p2': 4, 'p3': 1} --> ('roibin_blosc.json', 9, 4, 4, 1): evaluated objective: -16.6421
2023-09-16 16:14:10|58059|DEBUG|ytopt.search.hps.optimizer.optimizer:124] _ask: ['roibin_blosc.json', 14, 4, 4, 1] lie: 0.0
2023-09-16 16:14:20|58059|DEBUG|ytopt.search.hps.optimizer.optimizer:165] tell: {'c0': 'roibin_blosc.json', 'p0': 13, 'p1': 2, 'p2': 4, 'p3': 1} --> ('roibin_blosc.json', 13, 2, 4, 1): evaluated objective: -10.0231
2023-09-16 16:14:21|58059|DEBUG|ytopt.search.hps.optimizer.optimizer:124] _ask: ['roibin_blosc.json', 7, 4, 4, 1] lie: 0.0
2023-09-16 16:15:04|58059|DEBUG|ytopt.search.hps.optimizer.optimizer:165] tell: {'c0': 'roibin_blosc.json', 'p0': 47, 'p1': 4, 'p2': 4, 'p3': 1} --> ('roibin_blosc.json', 47, 4, 4, 1): evaluated objective: -18.1862
2023-09-16 16:15:05|58059|DEBUG|ytopt.search.hps.optimizer.optimizer:124] _ask: ['roibin_blosc.json', 58, 1, 4, 1] lie: 0.0
2023-09-16 16:15:05|58059|DEBUG|ytopt.search.hps.optimizer.optimizer:165] tell: {'c0': 'roibin_blosc.json', 'p0': 12, 'p1': 1, 'p2': 4, 'p3': 1} --> ('roibin_blosc.json', 12, 1, 4, 1): evaluated objective: -23.2114
2023-09-16 16:15:06|58059|DEBUG|ytopt.search.hps.optimizer.optimizer:124] _ask: ['roibin_blosc.json', 11, 1, 4, 1] lie: 0.0
2023-09-16 16:15:10|58059|DEBUG|ytopt.search.hps.optimizer.optimizer:165] tell: {'c0': 'roibin_blosc.json', 'p0': 14, 'p1': 4, 'p2': 4, 'p3': 1} --> ('roibin_blosc.json', 14, 4, 4, 1): evaluated objective: -19.6007
2023-09-16 16:15:11|58059|DEBUG|ytopt.search.hps.optimizer.optimizer:124] _ask: ['roibin_blosc.json', 14, 1, 4, 1] lie: 0.0
2023-09-16 16:15:18|58059|DEBUG|ytopt.search.hps.optimizer.optimizer:165] tell: {'c0': 'roibin_blosc.json', 'p0': 7, 'p1': 4, 'p2': 4, 'p3': 1} --> ('roibin_blosc.json', 7, 4, 4, 1): evaluated objective: -15.2075
2023-09-16 16:15:19|58059|DEBUG|ytopt.search.hps.optimizer.optimizer:124] _ask: ['roibin_blosc.json', 12, 2, 4, 1] lie: 0.0
2023-09-16 16:16:07|58059|DEBUG|ytopt.search.hps.optimizer.optimizer:165] tell: {'c0': 'roibin_blosc.json', 'p0': 58, 'p1': 1, 'p2': 4, 'p3': 1} --> ('roibin_blosc.json', 58, 1, 4, 1): evaluated objective: -21.513
2023-09-16 16:16:08|58059|DEBUG|ytopt.search.hps.optimizer.optimizer:124] _ask: ['roibin_blosc.json', 52, 1, 4, 1] lie: 0.0
2023-09-16 16:16:09|58059|DEBUG|ytopt.search.hps.optimizer.optimizer:165] tell: {'c0': 'roibin_blosc.json', 'p0': 11, 'p1': 1, 'p2': 4, 'p3': 1} --> ('roibin_blosc.json', 11, 1, 4, 1): evaluated objective: -15.7506
2023-09-16 16:16:10|58059|DEBUG|ytopt.search.hps.optimizer.optimizer:124] _ask: ['roibin_blosc.json', 8, 1, 4, 1] lie: 0.0
2023-09-16 16:16:15|58059|DEBUG|ytopt.search.hps.optimizer.optimizer:165] tell: {'c0': 'roibin_blosc.json', 'p0': 14, 'p1': 1, 'p2': 4, 'p3': 1} --> ('roibin_blosc.json', 14, 1, 4, 1): evaluated objective: -16.6421
2023-09-16 16:16:16|58059|DEBUG|ytopt.search.hps.optimizer.optimizer:124] _ask: ['roibin_blosc.json', 15, 1, 4, 1] lie: 0.0
2023-09-16 16:16:21|58059|DEBUG|ytopt.search.hps.optimizer.optimizer:165] tell: {'c0': 'roibin_blosc.json', 'p0': 12, 'p1': 2, 'p2': 4, 'p3': 1} --> ('roibin_blosc.json', 12, 2, 4, 1): evaluated objective: -9.28455
2023-09-16 16:16:22|58059|DEBUG|ytopt.search.hps.optimizer.optimizer:124] _ask: ['roibin_blosc.json', 58, 4, 4, 1] lie: 0.0
2023-09-16 16:17:09|58059|DEBUG|ytopt.search.hps.optimizer.optimizer:165] tell: {'c0': 'roibin_blosc.json', 'p0': 52, 'p1': 1, 'p2': 4, 'p3': 1} --> ('roibin_blosc.json', 52, 1, 4, 1): evaluated objective: -14.0005
2023-09-16 16:17:10|58059|DEBUG|ytopt.search.hps.optimizer.optimizer:124] _ask: ['roibin_blosc.json', 51, 1, 4, 1] lie: 0.0
2023-09-16 16:17:10|58059|DEBUG|ytopt.search.hps.optimizer.optimizer:165] tell: {'c0': 'roibin_blosc.json', 'p0': 8, 'p1': 1, 'p2': 4, 'p3': 1} --> ('roibin_blosc.json', 8, 1, 4, 1): evaluated objective: -15.7506
2023-09-16 16:17:11|58059|DEBUG|ytopt.search.hps.optimizer.optimizer:124] _ask: ['roibin_blosc.json', 47, 1, 4, 1] lie: 0.0
2023-09-16 16:17:18|58059|DEBUG|ytopt.search.hps.optimizer.optimizer:165] tell: {'c0': 'roibin_blosc.json', 'p0': 15, 'p1': 1, 'p2': 4, 'p3': 1} --> ('roibin_blosc.json', 15, 1, 4, 1): evaluated objective: -18.0007
2023-09-16 16:17:19|58059|DEBUG|ytopt.search.hps.optimizer.optimizer:124] _ask: ['roibin_blosc.json', 23, 1, 4, 1] lie: 0.0
2023-09-16 16:17:23|58059|DEBUG|ytopt.search.hps.optimizer.optimizer:165] tell: {'c0': 'roibin_blosc.json', 'p0': 58, 'p1': 4, 'p2': 4, 'p3': 1} --> ('roibin_blosc.json', 58, 4, 4, 1): evaluated objective: -14.9497
2023-09-16 16:17:24|58059|DEBUG|ytopt.search.hps.optimizer.optimizer:124] _ask: ['roibin_blosc.json', 16, 1, 4, 1] lie: 0.0
2023-09-16 16:18:10|58059|DEBUG|ytopt.search.hps.optimizer.optimizer:165] tell: {'c0': 'roibin_blosc.json', 'p0': 51, 'p1': 1, 'p2': 4, 'p3': 1} --> ('roibin_blosc.json', 51, 1, 4, 1): evaluated objective: -16.037
2023-09-16 16:18:11|58059|DEBUG|ytopt.search.hps.optimizer.optimizer:124] _ask: ['roibin_blosc.json', 55, 1, 4, 1] lie: 0.0
2023-09-16 16:18:17|58059|DEBUG|ytopt.search.hps.optimizer.optimizer:165] tell: {'c0': 'roibin_blosc.json', 'p0': 47, 'p1': 1, 'p2': 4, 'p3': 1} --> ('roibin_blosc.json', 47, 1, 4, 1): evaluated objective: -19.3853
2023-09-16 16:18:18|58059|DEBUG|ytopt.search.hps.optimizer.optimizer:124] _ask: ['roibin_blosc.json', 48, 1, 4, 1] lie: 0.0
2023-09-16 16:18:24|58059|DEBUG|ytopt.search.hps.optimizer.optimizer:165] tell: {'c0': 'roibin_blosc.json', 'p0': 23, 'p1': 1, 'p2': 4, 'p3': 1} --> ('roibin_blosc.json', 23, 1, 4, 1): evaluated objective: -14.8241
2023-09-16 16:18:25|58059|DEBUG|ytopt.search.hps.optimizer.optimizer:124] _ask: ['roibin_blosc.json', 59, 1, 4, 1] lie: 0.0
2023-09-16 16:18:26|58059|DEBUG|ytopt.search.hps.optimizer.optimizer:165] tell: {'c0': 'roibin_blosc.json', 'p0': 16, 'p1': 1, 'p2': 4, 'p3': 1} --> ('roibin_blosc.json', 16, 1, 4, 1): evaluated objective: -17.8188
2023-09-16 16:18:27|58059|DEBUG|ytopt.search.hps.optimizer.optimizer:124] _ask: ['roibin_blosc.json', 53, 4, 4, 1] lie: 0.0
2023-09-16 16:19:09|58059|DEBUG|ytopt.search.hps.optimizer.optimizer:165] tell: {'c0': 'roibin_blosc.json', 'p0': 55, 'p1': 1, 'p2': 4, 'p3': 1} --> ('roibin_blosc.json', 55, 1, 4, 1): evaluated objective: -15.4743
2023-09-16 16:19:10|58059|DEBUG|ytopt.search.hps.optimizer.optimizer:124] _ask: ['roibin_blosc.json', 60, 1, 4, 1] lie: 0.0
2023-09-16 16:19:19|58059|DEBUG|ytopt.search.hps.optimizer.optimizer:165] tell: {'c0': 'roibin_blosc.json', 'p0': 48, 'p1': 1, 'p2': 4, 'p3': 1} --> ('roibin_blosc.json', 48, 1, 4, 1): evaluated objective: -15.0775
2023-09-16 16:19:20|58059|DEBUG|ytopt.search.hps.optimizer.optimizer:124] _ask: ['roibin_blosc.json', 54, 1, 4, 1] lie: 0.0
2023-09-16 16:19:25|58059|DEBUG|ytopt.search.hps.optimizer.optimizer:165] tell: {'c0': 'roibin_blosc.json', 'p0': 59, 'p1': 1, 'p2': 4, 'p3': 1} --> ('roibin_blosc.json', 59, 1, 4, 1): evaluated objective: -19.3853
2023-09-16 16:19:26|58059|DEBUG|ytopt.search.hps.optimizer.optimizer:124] _ask: ['roibin_blosc.json', 57, 1, 4, 1] lie: 0.0
2023-09-16 16:19:32|58059|DEBUG|ytopt.search.hps.optimizer.optimizer:165] tell: {'c0': 'roibin_blosc.json', 'p0': 53, 'p1': 4, 'p2': 4, 'p3': 1} --> ('roibin_blosc.json', 53, 4, 4, 1): evaluated objective: -18.0007
2023-09-16 16:19:33|58059|DEBUG|ytopt.search.hps.optimizer.optimizer:124] _ask: ['roibin_blosc.json', 60, 4, 4, 1] lie: 0.0
2023-09-16 16:20:09|58059|DEBUG|ytopt.search.hps.optimizer.optimizer:165] tell: {'c0': 'roibin_blosc.json', 'p0': 60, 'p1': 1, 'p2': 4, 'p3': 1} --> ('roibin_blosc.json', 60, 1, 4, 1): evaluated objective: -18.0007
2023-09-16 16:20:10|58059|DEBUG|ytopt.search.hps.optimizer.optimizer:124] _ask: ['roibin_blosc.json', 59, 4, 4, 1] lie: 0.0
2023-09-16 16:20:21|58059|DEBUG|ytopt.search.hps.optimizer.optimizer:165] tell: {'c0': 'roibin_blosc.json', 'p0': 54, 'p1': 1, 'p2': 4, 'p3': 1} --> ('roibin_blosc.json', 54, 1, 4, 1): evaluated objective: -12.7831
2023-09-16 16:20:22|58059|DEBUG|ytopt.search.hps.optimizer.optimizer:124] _ask: ['roibin_blosc.json', 60, 1, 3, 1] lie: 0.0
2023-09-16 16:20:29|58059|DEBUG|ytopt.search.hps.optimizer.optimizer:165] tell: {'c0': 'roibin_blosc.json', 'p0': 57, 'p1': 1, 'p2': 4, 'p3': 1} --> ('roibin_blosc.json', 57, 1, 4, 1): evaluated objective: -14.8241
2023-09-16 16:20:30|58059|DEBUG|ytopt.search.hps.optimizer.optimizer:124] _ask: ['roibin_blosc.json', 58, 2, 4, 1] lie: 0.0
2023-09-16 16:20:35|58059|DEBUG|ytopt.search.hps.optimizer.optimizer:165] tell: {'c0': 'roibin_blosc.json', 'p0': 60, 'p1': 4, 'p2': 4, 'p3': 1} --> ('roibin_blosc.json', 60, 4, 4, 1): evaluated objective: -13.4661
2023-09-16 16:20:36|58059|DEBUG|ytopt.search.hps.optimizer.optimizer:124] _ask: ['roibin_blosc.json', 55, 4, 4, 1] lie: 0.0
2023-09-16 16:21:08|58059|DEBUG|ytopt.search.hps.optimizer.optimizer:165] tell: {'c0': 'roibin_blosc.json', 'p0': 59, 'p1': 4, 'p2': 4, 'p3': 1} --> ('roibin_blosc.json', 59, 4, 4, 1): evaluated objective: -18.5691
2023-09-16 16:21:09|58059|DEBUG|ytopt.search.hps.optimizer.optimizer:124] _ask: ['roibin_blosc.json', 54, 4, 4, 1] lie: 0.0
2023-09-16 16:21:21|58059|DEBUG|ytopt.search.hps.optimizer.optimizer:165] tell: {'c0': 'roibin_blosc.json', 'p0': 60, 'p1': 1, 'p2': 3, 'p3': 1} --> ('roibin_blosc.json', 60, 1, 3, 1): evaluated objective: -14.2263
2023-09-16 16:21:22|58059|DEBUG|ytopt.search.hps.optimizer.optimizer:124] _ask: ['roibin_blosc.json', 51, 3, 4, 1] lie: 0.0
2023-09-16 16:21:32|58059|DEBUG|ytopt.search.hps.optimizer.optimizer:165] tell: {'c0': 'roibin_blosc.json', 'p0': 58, 'p1': 2, 'p2': 4, 'p3': 1} --> ('roibin_blosc.json', 58, 2, 4, 1): evaluated objective: -8.68998
2023-09-16 16:21:33|58059|DEBUG|ytopt.search.hps.optimizer.optimizer:124] _ask: ['roibin_blosc.json', 50, 4, 4, 1] lie: 0.0
2023-09-16 16:21:39|58059|DEBUG|ytopt.search.hps.optimizer.optimizer:165] tell: {'c0': 'roibin_blosc.json', 'p0': 55, 'p1': 4, 'p2': 4, 'p3': 1} --> ('roibin_blosc.json', 55, 4, 4, 1): evaluated objective: -17.1268
2023-09-16 16:21:40|58059|DEBUG|ytopt.search.hps.optimizer.optimizer:124] _ask: ['roibin_blosc.json', 49, 4, 4, 1] lie: 0.0
2023-09-16 16:22:10|58059|DEBUG|ytopt.search.hps.optimizer.optimizer:165] tell: {'c0': 'roibin_blosc.json', 'p0': 54, 'p1': 4, 'p2': 4, 'p3': 1} --> ('roibin_blosc.json', 54, 4, 4, 1): evaluated objective: -18.0007
2023-09-16 16:22:11|58059|DEBUG|ytopt.search.hps.optimizer.optimizer:124] _ask: ['roibin_blosc.json', 52, 4, 4, 1] lie: 0.0
2023-09-16 16:22:23|58059|DEBUG|ytopt.search.hps.optimizer.optimizer:165] tell: {'c0': 'roibin_blosc.json', 'p0': 51, 'p1': 3, 'p2': 4, 'p3': 1} --> ('roibin_blosc.json', 51, 3, 4, 1): evaluated objective: -9.09312
2023-09-16 16:22:24|58059|DEBUG|ytopt.search.hps.optimizer.optimizer:124] _ask: ['roibin_blosc.json', 45, 4, 4, 1] lie: 0.0
2023-09-16 16:22:33|58059|DEBUG|ytopt.search.hps.optimizer.optimizer:165] tell: {'c0': 'roibin_blosc.json', 'p0': 50, 'p1': 4, 'p2': 4, 'p3': 1} --> ('roibin_blosc.json', 50, 4, 4, 1): evaluated objective: -13.5697
2023-09-16 16:22:34|58059|DEBUG|ytopt.search.hps.optimizer.optimizer:124] _ask: ['roibin_blosc.json', 53, 4, 3, 1] lie: 0.0
2023-09-16 16:22:41|58059|DEBUG|ytopt.search.hps.optimizer.optimizer:165] tell: {'c0': 'roibin_blosc.json', 'p0': 49, 'p1': 4, 'p2': 4, 'p3': 1} --> ('roibin_blosc.json', 49, 4, 4, 1): evaluated objective: -15.0775
2023-09-16 16:22:42|58059|DEBUG|ytopt.search.hps.optimizer.optimizer:124] _ask: ['roibin_blosc.json', 48, 4, 4, 1] lie: 0.0
2023-09-16 16:23:11|58059|DEBUG|ytopt.search.hps.optimizer.optimizer:165] tell: {'c0': 'roibin_blosc.json', 'p0': 52, 'p1': 4, 'p2': 4, 'p3': 1} --> ('roibin_blosc.json', 52, 4, 4, 1): evaluated objective: -25.9421
2023-09-16 16:23:12|58059|DEBUG|ytopt.search.hps.optimizer.optimizer:124] _ask: ['roibin_blosc.json', 52, 3, 4, 1] lie: 0.0
2023-09-16 16:23:25|58059|DEBUG|ytopt.search.hps.optimizer.optimizer:165] tell: {'c0': 'roibin_blosc.json', 'p0': 45, 'p1': 4, 'p2': 4, 'p3': 1} --> ('roibin_blosc.json', 45, 4, 4, 1): evaluated objective: -15.4743
2023-09-16 16:23:25|58059|DEBUG|ytopt.search.hps.optimizer.optimizer:124] _ask: ['roibin_blosc.json', 43, 4, 4, 1] lie: 0.0
2023-09-16 16:23:35|58059|DEBUG|ytopt.search.hps.optimizer.optimizer:165] tell: {'c0': 'roibin_blosc.json', 'p0': 53, 'p1': 4, 'p2': 3, 'p3': 1} --> ('roibin_blosc.json', 53, 4, 3, 1): evaluated objective: -10.6269
2023-09-16 16:23:36|58059|DEBUG|ytopt.search.hps.optimizer.optimizer:124] _ask: ['roibin_blosc.json', 52, 4, 3, 1] lie: 0.0
2023-09-16 16:23:45|58059|DEBUG|ytopt.search.hps.optimizer.optimizer:165] tell: {'c0': 'roibin_blosc.json', 'p0': 48, 'p1': 4, 'p2': 4, 'p3': 1} --> ('roibin_blosc.json', 48, 4, 4, 1): evaluated objective: -18.0007
2023-09-16 16:23:46|58059|DEBUG|ytopt.search.hps.optimizer.optimizer:124] _ask: ['roibin_blosc.json', 17, 4, 4, 1] lie: 0.0
2023-09-16 16:24:15|58059|DEBUG|ytopt.search.hps.optimizer.optimizer:165] tell: {'c0': 'roibin_blosc.json', 'p0': 52, 'p1': 3, 'p2': 4, 'p3': 1} --> ('roibin_blosc.json', 52, 3, 4, 1): evaluated objective: -10.1969
2023-09-16 16:24:16|58059|DEBUG|ytopt.search.hps.optimizer.optimizer:124] _ask: ['roibin_blosc.json', 15, 4, 4, 1] lie: 0.0
2023-09-16 16:24:30|58059|DEBUG|ytopt.search.hps.optimizer.optimizer:165] tell: {'c0': 'roibin_blosc.json', 'p0': 43, 'p1': 4, 'p2': 4, 'p3': 1} --> ('roibin_blosc.json', 43, 4, 4, 1): evaluated objective: -15.7506
2023-09-16 16:24:31|58059|DEBUG|ytopt.search.hps.optimizer.optimizer:124] _ask: ['roibin_blosc.json', 17, 1, 4, 1] lie: 0.0
2023-09-16 16:24:41|58059|DEBUG|ytopt.search.hps.optimizer.optimizer:165] tell: {'c0': 'roibin_blosc.json', 'p0': 52, 'p1': 4, 'p2': 3, 'p3': 1} --> ('roibin_blosc.json', 52, 4, 3, 1): evaluated objective: -12.166
2023-09-16 16:24:42|58059|DEBUG|ytopt.search.hps.optimizer.optimizer:124] _ask: ['roibin_blosc.json', 18, 1, 4, 1] lie: 0.0
2023-09-16 16:24:51|58059|DEBUG|ytopt.search.hps.optimizer.optimizer:165] tell: {'c0': 'roibin_blosc.json', 'p0': 17, 'p1': 4, 'p2': 4, 'p3': 1} --> ('roibin_blosc.json', 17, 4, 4, 1): evaluated objective: -18.7667
2023-09-16 16:24:52|58059|DEBUG|ytopt.search.hps.optimizer.optimizer:124] _ask: ['roibin_blosc.json', 18, 4, 4, 1] lie: 0.0
2023-09-16 16:25:15|58059|DEBUG|ytopt.search.hps.optimizer.optimizer:165] tell: {'c0': 'roibin_blosc.json', 'p0': 15, 'p1': 4, 'p2': 4, 'p3': 1} --> ('roibin_blosc.json', 15, 4, 4, 1): evaluated objective: -14.5791
2023-09-16 16:25:16|58059|DEBUG|ytopt.search.hps.optimizer.optimizer:124] _ask: ['roibin_blosc.json', 34, 4, 4, 1] lie: 0.0
2023-09-16 16:25:34|58059|DEBUG|ytopt.search.hps.optimizer.optimizer:165] tell: {'c0': 'roibin_blosc.json', 'p0': 17, 'p1': 1, 'p2': 4, 'p3': 1} --> ('roibin_blosc.json', 17, 1, 4, 1): evaluated objective: -21.513
2023-09-16 16:25:35|58059|DEBUG|ytopt.search.hps.optimizer.optimizer:124] _ask: ['roibin_blosc.json', 20, 1, 4, 1] lie: 0.0
2023-09-16 16:25:43|58059|DEBUG|ytopt.search.hps.optimizer.optimizer:165] tell: {'c0': 'roibin_blosc.json', 'p0': 18, 'p1': 1, 'p2': 4, 'p3': 1} --> ('roibin_blosc.json', 18, 1, 4, 1): evaluated objective: -17.466
2023-09-16 16:25:44|58059|DEBUG|ytopt.search.hps.optimizer.optimizer:124] _ask: ['roibin_blosc.json', 19, 1, 4, 1] lie: 0.0
2023-09-16 16:25:50|58059|DEBUG|ytopt.search.hps.optimizer.optimizer:165] tell: {'c0': 'roibin_blosc.json', 'p0': 18, 'p1': 4, 'p2': 4, 'p3': 1} --> ('roibin_blosc.json', 18, 4, 4, 1): evaluated objective: -13.5697
2023-09-16 16:25:51|58059|DEBUG|ytopt.search.hps.optimizer.optimizer:124] _ask: ['roibin_blosc.json', 40, 4, 4, 1] lie: 0.0
2023-09-16 16:26:15|58059|DEBUG|ytopt.search.hps.optimizer.optimizer:165] tell: {'c0': 'roibin_blosc.json', 'p0': 34, 'p1': 4, 'p2': 4, 'p3': 1} --> ('roibin_blosc.json', 34, 4, 4, 1): evaluated objective: -17.8188
2023-09-16 16:26:16|58059|DEBUG|ytopt.search.hps.optimizer.optimizer:124] _ask: ['roibin_blosc.json', 42, 4, 4, 1] lie: 0.0
2023-09-16 16:26:34|58059|DEBUG|ytopt.search.hps.optimizer.optimizer:165] tell: {'c0': 'roibin_blosc.json', 'p0': 20, 'p1': 1, 'p2': 4, 'p3': 1} --> ('roibin_blosc.json', 20, 1, 4, 1): evaluated objective: -21.513
2023-09-16 16:26:35|58059|DEBUG|ytopt.search.hps.optimizer.optimizer:124] _ask: ['roibin_blosc.json', 21, 1, 4, 1] lie: 0.0
2023-09-16 16:26:46|58059|DEBUG|ytopt.search.hps.optimizer.optimizer:165] tell: {'c0': 'roibin_blosc.json', 'p0': 19, 'p1': 1, 'p2': 4, 'p3': 1} --> ('roibin_blosc.json', 19, 1, 4, 1): evaluated objective: -14.9497
2023-09-16 16:26:47|58059|DEBUG|ytopt.search.hps.optimizer.optimizer:124] _ask: ['roibin_blosc.json', 25, 1, 4, 1] lie: 0.0
2023-09-16 16:26:51|58059|DEBUG|ytopt.search.hps.optimizer.optimizer:165] tell: {'c0': 'roibin_blosc.json', 'p0': 40, 'p1': 4, 'p2': 4, 'p3': 1} --> ('roibin_blosc.json', 40, 4, 4, 1): evaluated objective: -18.3757
2023-09-16 16:26:52|58059|DEBUG|ytopt.search.hps.optimizer.optimizer:124] _ask: ['roibin_blosc.json', 38, 4, 4, 1] lie: 0.0
2023-09-16 16:27:17|58059|DEBUG|ytopt.search.hps.optimizer.optimizer:165] tell: {'c0': 'roibin_blosc.json', 'p0': 42, 'p1': 4, 'p2': 4, 'p3': 1} --> ('roibin_blosc.json', 42, 4, 4, 1): evaluated objective: -15.0775
2023-09-16 16:27:18|58059|DEBUG|ytopt.search.hps.optimizer.optimizer:124] _ask: ['roibin_blosc.json', 35, 4, 4, 1] lie: 0.0
2023-09-16 16:27:34|58059|DEBUG|ytopt.search.hps.optimizer.optimizer:165] tell: {'c0': 'roibin_blosc.json', 'p0': 21, 'p1': 1, 'p2': 4, 'p3': 1} --> ('roibin_blosc.json', 21, 1, 4, 1): evaluated objective: -16.6421
2023-09-16 16:27:35|58059|DEBUG|ytopt.search.hps.optimizer.optimizer:124] _ask: ['roibin_blosc.json', 24, 1, 4, 1] lie: 0.0
2023-09-16 16:27:47|58059|DEBUG|ytopt.search.hps.optimizer.optimizer:165] tell: {'c0': 'roibin_blosc.json', 'p0': 25, 'p1': 1, 'p2': 4, 'p3': 1} --> ('roibin_blosc.json', 25, 1, 4, 1): evaluated objective: -18.3757
2023-09-16 16:27:48|58059|DEBUG|ytopt.search.hps.optimizer.optimizer:124] _ask: ['roibin_blosc.json', 29, 1, 4, 1] lie: 0.0
2023-09-16 16:27:53|58059|DEBUG|ytopt.search.hps.optimizer.optimizer:165] tell: {'c0': 'roibin_blosc.json', 'p0': 38, 'p1': 4, 'p2': 4, 'p3': 1} --> ('roibin_blosc.json', 38, 4, 4, 1): evaluated objective: -16.6421
2023-09-16 16:27:54|58059|DEBUG|ytopt.search.hps.optimizer.optimizer:124] _ask: ['roibin_blosc.json', 22, 1, 4, 1] lie: 0.0
2023-09-16 16:28:17|58059|DEBUG|ytopt.search.hps.optimizer.optimizer:165] tell: {'c0': 'roibin_blosc.json', 'p0': 35, 'p1': 4, 'p2': 4, 'p3': 1} --> ('roibin_blosc.json', 35, 4, 4, 1): evaluated objective: -20.2766
2023-09-16 16:28:18|58059|DEBUG|ytopt.search.hps.optimizer.optimizer:124] _ask: ['roibin_blosc.json', 30, 4, 4, 1] lie: 0.0
2023-09-16 16:28:35|58059|DEBUG|ytopt.search.hps.optimizer.optimizer:165] tell: {'c0': 'roibin_blosc.json', 'p0': 24, 'p1': 1, 'p2': 4, 'p3': 1} --> ('roibin_blosc.json', 24, 1, 4, 1): evaluated objective: -12.9711
2023-09-16 16:28:36|58059|DEBUG|ytopt.search.hps.optimizer.optimizer:124] _ask: ['roibin_blosc.json', 32, 4, 4, 1] lie: 0.0
2023-09-16 16:28:49|58059|DEBUG|ytopt.search.hps.optimizer.optimizer:165] tell: {'c0': 'roibin_blosc.json', 'p0': 29, 'p1': 1, 'p2': 4, 'p3': 1} --> ('roibin_blosc.json', 29, 1, 4, 1): evaluated objective: -18.0007
2023-09-16 16:28:50|58059|DEBUG|ytopt.search.hps.optimizer.optimizer:124] _ask: ['roibin_blosc.json', 28, 1, 4, 1] lie: 0.0
2023-09-16 16:28:55|58059|DEBUG|ytopt.search.hps.optimizer.optimizer:165] tell: {'c0': 'roibin_blosc.json', 'p0': 22, 'p1': 1, 'p2': 4, 'p3': 1} --> ('roibin_blosc.json', 22, 1, 4, 1): evaluated objective: -16.6421
2023-09-16 16:28:56|58059|DEBUG|ytopt.search.hps.optimizer.optimizer:124] _ask: ['roibin_blosc.json', 33, 1, 4, 1] lie: 0.0
2023-09-16 16:29:20|58059|DEBUG|ytopt.search.hps.optimizer.optimizer:165] tell: {'c0': 'roibin_blosc.json', 'p0': 30, 'p1': 4, 'p2': 4, 'p3': 1} --> ('roibin_blosc.json', 30, 4, 4, 1): evaluated objective: -14.4596
2023-09-16 16:29:20|58059|DEBUG|ytopt.search.hps.optimizer.optimizer:124] _ask: ['roibin_blosc.json', 34, 1, 4, 1] lie: 0.0
2023-09-16 16:29:37|58059|DEBUG|ytopt.search.hps.optimizer.optimizer:165] tell: {'c0': 'roibin_blosc.json', 'p0': 32, 'p1': 4, 'p2': 4, 'p3': 1} --> ('roibin_blosc.json', 32, 4, 4, 1): evaluated objective: -15.6112
2023-09-16 16:29:38|58059|DEBUG|ytopt.search.hps.optimizer.optimizer:124] _ask: ['roibin_blosc.json', 39, 1, 4, 1] lie: 0.0
2023-09-16 16:29:55|58059|DEBUG|ytopt.search.hps.optimizer.optimizer:165] tell: {'c0': 'roibin_blosc.json', 'p0': 33, 'p1': 1, 'p2': 4, 'p3': 1} --> ('roibin_blosc.json', 33, 1, 4, 1): evaluated objective: -16.8006
2023-09-16 16:29:56|58059|DEBUG|ytopt.search.hps.optimizer.optimizer:124] _ask: ['roibin_blosc.json', 41, 1, 4, 1] lie: 0.0
2023-09-16 16:29:56|58059|DEBUG|ytopt.search.hps.optimizer.optimizer:165] tell: {'c0': 'roibin_blosc.json', 'p0': 28, 'p1': 1, 'p2': 4, 'p3': 1} --> ('roibin_blosc.json', 28, 1, 4, 1): evaluated objective: -21.513
2023-09-16 16:29:57|58059|DEBUG|ytopt.search.hps.optimizer.optimizer:124] _ask: ['roibin_blosc.json', 32, 1, 4, 1] lie: 0.0
2023-09-16 16:30:20|58059|DEBUG|ytopt.search.hps.optimizer.optimizer:165] tell: {'c0': 'roibin_blosc.json', 'p0': 34, 'p1': 1, 'p2': 4, 'p3': 1} --> ('roibin_blosc.json', 34, 1, 4, 1): evaluated objective: -19.6007
2023-09-16 16:30:21|58059|DEBUG|ytopt.search.hps.optimizer.optimizer:124] _ask: ['roibin_blosc.json', 35, 1, 4, 1] lie: 0.0
2023-09-16 16:30:33|58059|DEBUG|ytopt.search.hps.optimizer.optimizer:165] tell: {'c0': 'roibin_blosc.json', 'p0': 39, 'p1': 1, 'p2': 4, 'p3': 1} --> ('roibin_blosc.json', 39, 1, 4, 1): evaluated objective: -19.3853
2023-09-16 16:30:34|58059|DEBUG|ytopt.search.hps.optimizer.optimizer:124] _ask: ['roibin_blosc.json', 40, 1, 4, 1] lie: 0.0
2023-09-16 16:30:56|58059|DEBUG|ytopt.search.hps.optimizer.optimizer:165] tell: {'c0': 'roibin_blosc.json', 'p0': 41, 'p1': 1, 'p2': 4, 'p3': 1} --> ('roibin_blosc.json', 41, 1, 4, 1): evaluated objective: -22.0508
2023-09-16 16:30:57|58059|DEBUG|ytopt.search.hps.optimizer.optimizer:124] _ask: ['roibin_blosc.json', 38, 1, 4, 1] lie: 0.0
2023-09-16 16:30:59|58059|DEBUG|ytopt.search.hps.optimizer.optimizer:165] tell: {'c0': 'roibin_blosc.json', 'p0': 32, 'p1': 1, 'p2': 4, 'p3': 1} --> ('roibin_blosc.json', 32, 1, 4, 1): evaluated objective: -13.6749
2023-09-16 16:31:00|58059|DEBUG|ytopt.search.hps.optimizer.optimizer:124] _ask: ['roibin_blosc.json', 42, 1, 4, 1] lie: 0.0
2023-09-16 16:31:21|58059|DEBUG|ytopt.search.hps.optimizer.optimizer:165] tell: {'c0': 'roibin_blosc.json', 'p0': 35, 'p1': 1, 'p2': 4, 'p3': 1} --> ('roibin_blosc.json', 35, 1, 4, 1): evaluated objective: -15.2075
2023-09-16 16:31:21|58059|DEBUG|ytopt.search.hps.optimizer.optimizer:124] _ask: ['roibin_blosc.json', 43, 1, 4, 1] lie: 0.0
2023-09-16 16:31:33|58059|DEBUG|ytopt.search.hps.optimizer.optimizer:165] tell: {'c0': 'roibin_blosc.json', 'p0': 40, 'p1': 1, 'p2': 4, 'p3': 1} --> ('roibin_blosc.json', 40, 1, 4, 1): evaluated objective: -17.6407
2023-09-16 16:31:34|58059|DEBUG|ytopt.search.hps.optimizer.optimizer:124] _ask: ['roibin_blosc.json', 41, 2, 4, 1] lie: 0.0
2023-09-16 16:31:59|58059|DEBUG|ytopt.search.hps.optimizer.optimizer:165] tell: {'c0': 'roibin_blosc.json', 'p0': 38, 'p1': 1, 'p2': 4, 'p3': 1} --> ('roibin_blosc.json', 38, 1, 4, 1): evaluated objective: -14.7005
2023-09-16 16:32:00|58059|DEBUG|ytopt.search.hps.optimizer.optimizer:124] _ask: ['roibin_blosc.json', 41, 4, 4, 1] lie: 0.0
2023-09-16 16:32:02|58059|DEBUG|ytopt.search.hps.optimizer.optimizer:165] tell: {'c0': 'roibin_blosc.json', 'p0': 42, 'p1': 1, 'p2': 4, 'p3': 1} --> ('roibin_blosc.json', 42, 1, 4, 1): evaluated objective: -14.8241
2023-09-16 16:32:03|58059|DEBUG|ytopt.search.hps.optimizer.optimizer:124] _ask: ['roibin_blosc.json', 44, 1, 4, 1] lie: 0.0
2023-09-16 16:32:20|58059|DEBUG|ytopt.search.hps.optimizer.optimizer:165] tell: {'c0': 'roibin_blosc.json', 'p0': 43, 'p1': 1, 'p2': 4, 'p3': 1} --> ('roibin_blosc.json', 43, 1, 4, 1): evaluated objective: -15.0775
2023-09-16 16:32:21|58059|DEBUG|ytopt.search.hps.optimizer.optimizer:124] _ask: ['roibin_blosc.json', 39, 4, 4, 1] lie: 0.0
2023-09-16 16:32:33|58059|DEBUG|ytopt.search.hps.optimizer.optimizer:165] tell: {'c0': 'roibin_blosc.json', 'p0': 41, 'p1': 2, 'p2': 4, 'p3': 1} --> ('roibin_blosc.json', 41, 2, 4, 1): evaluated objective: -9.80036
2023-09-16 16:32:34|58059|DEBUG|ytopt.search.hps.optimizer.optimizer:124] _ask: ['roibin_blosc.json', 37, 4, 4, 1] lie: 0.0
2023-09-16 16:33:02|58059|DEBUG|ytopt.search.hps.optimizer.optimizer:165] tell: {'c0': 'roibin_blosc.json', 'p0': 41, 'p1': 4, 'p2': 4, 'p3': 1} --> ('roibin_blosc.json', 41, 4, 4, 1): evaluated objective: -25.2009
2023-09-16 16:33:03|58059|DEBUG|ytopt.search.hps.optimizer.optimizer:124] _ask: ['roibin_blosc.json', 36, 4, 4, 1] lie: 0.0
2023-09-16 16:33:03|58059|DEBUG|ytopt.search.hps.optimizer.optimizer:165] tell: {'c0': 'roibin_blosc.json', 'p0': 44, 'p1': 1, 'p2': 4, 'p3': 1} --> ('roibin_blosc.json', 44, 1, 4, 1): evaluated objective: -17.2948
2023-09-16 16:33:04|58059|DEBUG|ytopt.search.hps.optimizer.optimizer:124] _ask: ['roibin_blosc.json', 40, 4, 3, 1] lie: 0.0
2023-09-16 16:33:19|58059|DEBUG|ytopt.search.hps.optimizer.optimizer:165] tell: {'c0': 'roibin_blosc.json', 'p0': 39, 'p1': 4, 'p2': 4, 'p3': 1} --> ('roibin_blosc.json', 39, 4, 4, 1): evaluated objective: -17.6407
2023-09-16 16:33:20|58059|DEBUG|ytopt.search.hps.optimizer.optimizer:124] _ask: ['roibin_blosc.json', 33, 4, 4, 1] lie: 0.0
2023-09-16 16:33:33|58059|DEBUG|ytopt.search.hps.optimizer.optimizer:165] tell: {'c0': 'roibin_blosc.json', 'p0': 37, 'p1': 4, 'p2': 4, 'p3': 1} --> ('roibin_blosc.json', 37, 4, 4, 1): evaluated objective: -20.2766
2023-09-16 16:33:34|58059|DEBUG|ytopt.search.hps.optimizer.optimizer:124] _ask: ['roibin_blosc.json', 29, 4, 4, 1] lie: 0.0
2023-09-16 16:34:04|58059|DEBUG|ytopt.search.hps.optimizer.optimizer:165] tell: {'c0': 'roibin_blosc.json', 'p0': 36, 'p1': 4, 'p2': 4, 'p3': 1} --> ('roibin_blosc.json', 36, 4, 4, 1): evaluated objective: -16.4866
2023-09-16 16:34:05|58059|DEBUG|ytopt.search.hps.optimizer.optimizer:124] _ask: ['roibin_blosc.json', 30, 1, 4, 1] lie: 0.0
2023-09-16 16:34:07|58059|DEBUG|ytopt.search.hps.optimizer.optimizer:165] tell: {'c0': 'roibin_blosc.json', 'p0': 40, 'p1': 4, 'p2': 3, 'p3': 1} --> ('roibin_blosc.json', 40, 4, 3, 1): evaluated objective: -12.7831
2023-09-16 16:34:08|58059|DEBUG|ytopt.search.hps.optimizer.optimizer:124] _ask: ['roibin_blosc.json', 31, 1, 4, 1] lie: 0.0
2023-09-16 16:34:21|58059|DEBUG|ytopt.search.hps.optimizer.optimizer:165] tell: {'c0': 'roibin_blosc.json', 'p0': 33, 'p1': 4, 'p2': 4, 'p3': 1} --> ('roibin_blosc.json', 33, 4, 4, 1): evaluated objective: -21.513
2023-09-16 16:34:22|58059|DEBUG|ytopt.search.hps.optimizer.optimizer:124] _ask: ['roibin_blosc.json', 27, 1, 4, 1] lie: 0.0
2023-09-16 16:34:34|58059|DEBUG|ytopt.search.hps.optimizer.optimizer:165] tell: {'c0': 'roibin_blosc.json', 'p0': 29, 'p1': 4, 'p2': 4, 'p3': 1} --> ('roibin_blosc.json', 29, 4, 4, 1): evaluated objective: -14.4596
2023-09-16 16:34:35|58059|DEBUG|ytopt.search.hps.optimizer.optimizer:124] _ask: ['roibin_blosc.json', 26, 1, 4, 1] lie: 0.0
2023-09-16 16:35:07|58059|DEBUG|ytopt.search.hps.optimizer.optimizer:165] tell: {'c0': 'roibin_blosc.json', 'p0': 30, 'p1': 1, 'p2': 4, 'p3': 1} --> ('roibin_blosc.json', 30, 1, 4, 1): evaluated objective: -18.9684
2023-09-16 16:35:08|58059|DEBUG|ytopt.search.hps.optimizer.optimizer:124] _ask: ['roibin_blosc.json', 27, 4, 4, 1] lie: 0.0
2023-09-16 16:35:08|58059|DEBUG|ytopt.search.hps.optimizer.optimizer:165] tell: {'c0': 'roibin_blosc.json', 'p0': 31, 'p1': 1, 'p2': 4, 'p3': 1} --> ('roibin_blosc.json', 31, 1, 4, 1): evaluated objective: -16.3339
2023-09-16 16:35:09|58059|DEBUG|ytopt.search.hps.optimizer.optimizer:124] _ask: ['roibin_blosc.json', 28, 4, 4, 1] lie: 0.0
2023-09-16 16:35:22|58059|DEBUG|ytopt.search.hps.optimizer.optimizer:165] tell: {'c0': 'roibin_blosc.json', 'p0': 27, 'p1': 1, 'p2': 4, 'p3': 1} --> ('roibin_blosc.json', 27, 1, 4, 1): evaluated objective: -14.2263
2023-09-16 16:35:23|58059|DEBUG|ytopt.search.hps.optimizer.optimizer:124] _ask: ['roibin_blosc.json', 31, 4, 4, 1] lie: 0.0
2023-09-16 16:35:36|58059|DEBUG|ytopt.search.hps.optimizer.optimizer:165] tell: {'c0': 'roibin_blosc.json', 'p0': 26, 'p1': 1, 'p2': 4, 'p3': 1} --> ('roibin_blosc.json', 26, 1, 4, 1): evaluated objective: -16.3339
2023-09-16 16:35:37|58059|DEBUG|ytopt.search.hps.optimizer.optimizer:124] _ask: ['roibin_blosc.json', 22, 4, 4, 1] lie: 0.0
2023-09-16 16:36:07|58059|DEBUG|ytopt.search.hps.optimizer.optimizer:165] tell: {'c0': 'roibin_blosc.json', 'p0': 27, 'p1': 4, 'p2': 4, 'p3': 1} --> ('roibin_blosc.json', 27, 4, 4, 1): evaluated objective: -21.7786
2023-09-16 16:36:08|58059|DEBUG|ytopt.search.hps.optimizer.optimizer:124] _ask: ['roibin_blosc.json', 26, 4, 4, 1] lie: 0.0
2023-09-16 16:36:10|58059|DEBUG|ytopt.search.hps.optimizer.optimizer:165] tell: {'c0': 'roibin_blosc.json', 'p0': 28, 'p1': 4, 'p2': 4, 'p3': 1} --> ('roibin_blosc.json', 28, 4, 4, 1): evaluated objective: -20.0462
2023-09-16 16:36:11|58059|DEBUG|ytopt.search.hps.optimizer.optimizer:124] _ask: ['roibin_blosc.json', 19, 4, 4, 1] lie: 0.0
2023-09-16 16:36:21|58059|DEBUG|ytopt.search.hps.optimizer.optimizer:165] tell: {'c0': 'roibin_blosc.json', 'p0': 31, 'p1': 4, 'p2': 4, 'p3': 1} --> ('roibin_blosc.json', 31, 4, 4, 1): evaluated objective: -14.1125
2023-09-16 16:36:22|58059|DEBUG|ytopt.search.hps.optimizer.optimizer:124] _ask: ['roibin_blosc.json', 27, 3, 4, 1] lie: 0.0
2023-09-16 16:36:39|58059|DEBUG|ytopt.search.hps.optimizer.optimizer:165] tell: {'c0': 'roibin_blosc.json', 'p0': 22, 'p1': 4, 'p2': 4, 'p3': 1} --> ('roibin_blosc.json', 22, 4, 4, 1): evaluated objective: -14.5791
2023-09-16 16:36:40|58059|DEBUG|ytopt.search.hps.optimizer.optimizer:124] _ask: ['roibin_blosc.json', 25, 4, 4, 1] lie: 0.0
2023-09-16 16:37:10|58059|DEBUG|ytopt.search.hps.optimizer.optimizer:165] tell: {'c0': 'roibin_blosc.json', 'p0': 26, 'p1': 4, 'p2': 4, 'p3': 1} --> ('roibin_blosc.json', 26, 4, 4, 1): evaluated objective: -15.8925
2023-09-16 16:37:11|58059|DEBUG|ytopt.search.hps.optimizer.optimizer:124] _ask: ['roibin_blosc.json', 20, 4, 4, 1] lie: 0.0
2023-09-16 16:37:12|58059|DEBUG|ytopt.search.hps.optimizer.optimizer:165] tell: {'c0': 'roibin_blosc.json', 'p0': 19, 'p1': 4, 'p2': 4, 'p3': 1} --> ('roibin_blosc.json', 19, 4, 4, 1): evaluated objective: -15.6112
2023-09-16 16:37:13|58059|DEBUG|ytopt.search.hps.optimizer.optimizer:124] _ask: ['roibin_blosc.json', 24, 4, 4, 1] lie: 0.0
2023-09-16 16:37:21|58059|DEBUG|ytopt.search.hps.optimizer.optimizer:165] tell: {'c0': 'roibin_blosc.json', 'p0': 27, 'p1': 3, 'p2': 4, 'p3': 1} --> ('roibin_blosc.json', 27, 3, 4, 1): evaluated objective: -10.1383
2023-09-16 16:37:22|58059|DEBUG|ytopt.search.hps.optimizer.optimizer:124] _ask: ['roibin_blosc.json', 21, 4, 4, 1] lie: 0.0
2023-09-16 16:37:40|58059|DEBUG|ytopt.search.hps.optimizer.optimizer:165] tell: {'c0': 'roibin_blosc.json', 'p0': 25, 'p1': 4, 'p2': 4, 'p3': 1} --> ('roibin_blosc.json', 25, 4, 4, 1): evaluated objective: -16.1841
2023-09-16 16:37:41|58059|DEBUG|ytopt.search.hps.optimizer.optimizer:124] _ask: ['roibin_blosc.json', 23, 4, 4, 1] lie: 0.0
2023-09-16 16:38:12|58059|DEBUG|ytopt.search.hps.optimizer.optimizer:165] tell: {'c0': 'roibin_blosc.json', 'p0': 20, 'p1': 4, 'p2': 4, 'p3': 1} --> ('roibin_blosc.json', 20, 4, 4, 1): evaluated objective: -19.821
2023-09-16 16:38:13|58059|DEBUG|ytopt.search.hps.optimizer.optimizer:124] _ask: ['roibin_blosc.json', 20, 2, 4, 1] lie: 0.0
2023-09-16 16:38:14|58059|DEBUG|ytopt.search.hps.optimizer.optimizer:165] tell: {'c0': 'roibin_blosc.json', 'p0': 24, 'p1': 4, 'p2': 4, 'p3': 1} --> ('roibin_blosc.json', 24, 4, 4, 1): evaluated objective: -17.466
2023-09-16 16:38:15|58059|DEBUG|ytopt.search.hps.optimizer.optimizer:124] _ask: ['roibin_blosc.json', 10, 1, 4, 1] lie: 0.0
2023-09-16 16:38:23|58059|DEBUG|ytopt.search.hps.optimizer.optimizer:165] tell: {'c0': 'roibin_blosc.json', 'p0': 21, 'p1': 4, 'p2': 4, 'p3': 1} --> ('roibin_blosc.json', 21, 4, 4, 1): evaluated objective: -18.0007
2023-09-16 16:38:24|58059|DEBUG|ytopt.search.hps.optimizer.optimizer:124] _ask: ['roibin_blosc.json', 9, 1, 4, 1] lie: 0.0
2023-09-16 16:38:42|58059|DEBUG|ytopt.search.hps.optimizer.optimizer:165] tell: {'c0': 'roibin_blosc.json', 'p0': 23, 'p1': 4, 'p2': 4, 'p3': 1} --> ('roibin_blosc.json', 23, 4, 4, 1): evaluated objective: -17.8188
2023-09-16 16:38:43|58059|DEBUG|ytopt.search.hps.optimizer.optimizer:124] _ask: ['roibin_blosc.json', 3, 1, 4, 1] lie: 0.0
2023-09-16 16:39:17|58059|DEBUG|ytopt.search.hps.optimizer.optimizer:165] tell: {'c0': 'roibin_blosc.json', 'p0': 20, 'p1': 2, 'p2': 4, 'p3': 1} --> ('roibin_blosc.json', 20, 2, 4, 1): evaluated objective: -9.85511
2023-09-16 16:39:18|58059|DEBUG|ytopt.search.hps.optimizer.optimizer:124] _ask: ['roibin_blosc.json', 10, 4, 4, 1] lie: 0.0
2023-09-16 16:39:18|58059|DEBUG|ytopt.search.hps.optimizer.optimizer:165] tell: {'c0': 'roibin_blosc.json', 'p0': 10, 'p1': 1, 'p2': 4, 'p3': 1} --> ('roibin_blosc.json', 10, 1, 4, 1): evaluated objective: -18.3757
2023-09-16 16:39:19|58059|DEBUG|ytopt.search.hps.optimizer.optimizer:124] _ask: ['roibin_blosc.json', 6, 1, 4, 1] lie: 0.0
2023-09-16 16:39:25|58059|DEBUG|ytopt.search.hps.optimizer.optimizer:165] tell: {'c0': 'roibin_blosc.json', 'p0': 9, 'p1': 1, 'p2': 4, 'p3': 1} --> ('roibin_blosc.json', 9, 1, 4, 1): evaluated objective: -17.466
2023-09-16 16:39:26|58059|DEBUG|ytopt.search.hps.optimizer.optimizer:124] _ask: ['roibin_blosc.json', 7, 1, 4, 1] lie: 0.0
2023-09-16 16:39:44|58059|DEBUG|ytopt.search.hps.optimizer.optimizer:165] tell: {'c0': 'roibin_blosc.json', 'p0': 3, 'p1': 1, 'p2': 4, 'p3': 1} --> ('roibin_blosc.json', 3, 1, 4, 1): evaluated objective: -18.7667
2023-09-16 16:39:45|58059|DEBUG|ytopt.search.hps.optimizer.optimizer:124] _ask: ['roibin_blosc.json', 1, 1, 4, 1] lie: 0.0
2023-09-16 16:40:20|58059|DEBUG|ytopt.search.hps.optimizer.optimizer:165] tell: {'c0': 'roibin_blosc.json', 'p0': 10, 'p1': 4, 'p2': 4, 'p3': 1} --> ('roibin_blosc.json', 10, 4, 4, 1): evaluated objective: -14.4596
2023-09-16 16:40:21|58059|DEBUG|ytopt.search.hps.optimizer.optimizer:124] _ask: ['roibin_blosc.json', 4, 1, 4, 1] lie: 0.0
2023-09-16 16:40:21|58059|DEBUG|ytopt.search.hps.optimizer.optimizer:165] tell: {'c0': 'roibin_blosc.json', 'p0': 6, 'p1': 1, 'p2': 4, 'p3': 1} --> ('roibin_blosc.json', 6, 1, 4, 1): evaluated objective: -15.6112
2023-09-16 16:40:22|58059|DEBUG|ytopt.search.hps.optimizer.optimizer:124] _ask: ['roibin_blosc.json', 6, 4, 4, 1] lie: 0.0
2023-09-16 16:40:25|58059|DEBUG|ytopt.search.hps.optimizer.optimizer:165] tell: {'c0': 'roibin_blosc.json', 'p0': 7, 'p1': 1, 'p2': 4, 'p3': 1} --> ('roibin_blosc.json', 7, 1, 4, 1): evaluated objective: -16.8006
2023-09-16 16:40:26|58059|DEBUG|ytopt.search.hps.optimizer.optimizer:124] _ask: ['roibin_blosc.json', 5, 1, 4, 1] lie: 0.0
2023-09-16 16:40:45|58059|DEBUG|ytopt.search.hps.optimizer.optimizer:165] tell: {'c0': 'roibin_blosc.json', 'p0': 1, 'p1': 1, 'p2': 4, 'p3': 1} --> ('roibin_blosc.json', 1, 1, 4, 1): evaluated objective: -18.9684
2023-09-16 16:40:46|58059|DEBUG|ytopt.search.hps.optimizer.optimizer:124] _ask: ['roibin_blosc.json', 2, 1, 4, 1] lie: 0.0
2023-09-16 16:41:23|58059|DEBUG|ytopt.search.hps.optimizer.optimizer:165] tell: {'c0': 'roibin_blosc.json', 'p0': 6, 'p1': 4, 'p2': 4, 'p3': 1} --> ('roibin_blosc.json', 6, 4, 4, 1): evaluated objective: -16.1841
2023-09-16 16:41:24|58059|DEBUG|ytopt.search.hps.optimizer.optimizer:124] _ask: ['roibin_blosc.json', 3, 4, 4, 1] lie: 0.0
2023-09-16 16:41:24|58059|DEBUG|ytopt.search.hps.optimizer.optimizer:165] tell: {'c0': 'roibin_blosc.json', 'p0': 4, 'p1': 1, 'p2': 4, 'p3': 1} --> ('roibin_blosc.json', 4, 1, 4, 1): evaluated objective: -13.3641
2023-09-16 16:41:25|58059|DEBUG|ytopt.search.hps.optimizer.optimizer:124] _ask: ['roibin_blosc.json', 5, 4, 4, 1] lie: 0.0
2023-09-16 16:41:27|58059|DEBUG|ytopt.search.hps.optimizer.optimizer:165] tell: {'c0': 'roibin_blosc.json', 'p0': 5, 'p1': 1, 'p2': 4, 'p3': 1} --> ('roibin_blosc.json', 5, 1, 4, 1): evaluated objective: -19.821
2023-09-16 16:41:28|58059|DEBUG|ytopt.search.hps.optimizer.optimizer:124] _ask: ['roibin_blosc.json', 4, 4, 4, 1] lie: 0.0
2023-09-16 16:41:47|58059|DEBUG|ytopt.search.hps.optimizer.optimizer:165] tell: {'c0': 'roibin_blosc.json', 'p0': 2, 'p1': 1, 'p2': 4, 'p3': 1} --> ('roibin_blosc.json', 2, 1, 4, 1): evaluated objective: -16.037
2023-09-16 16:41:48|58059|DEBUG|ytopt.search.hps.optimizer.optimizer:124] _ask: ['roibin_blosc.json', 2, 2, 4, 1] lie: 0.0
2023-09-16 16:42:25|58059|DEBUG|ytopt.search.hps.optimizer.optimizer:165] tell: {'c0': 'roibin_blosc.json', 'p0': 3, 'p1': 4, 'p2': 4, 'p3': 1} --> ('roibin_blosc.json', 3, 4, 4, 1): evaluated objective: -15.2075
2023-09-16 16:42:26|58059|DEBUG|ytopt.search.hps.optimizer.optimizer:124] _ask: ['roibin_blosc.json', 1, 4, 4, 1] lie: 0.0
2023-09-16 16:42:26|58059|DEBUG|ytopt.search.hps.optimizer.optimizer:165] tell: {'c0': 'roibin_blosc.json', 'p0': 5, 'p1': 4, 'p2': 4, 'p3': 1} --> ('roibin_blosc.json', 5, 4, 4, 1): evaluated objective: -18.3757
2023-09-16 16:42:27|58059|DEBUG|ytopt.search.hps.optimizer.optimizer:124] _ask: ['roibin_blosc.json', 2, 4, 4, 1] lie: 0.0
2023-09-16 16:42:31|58059|DEBUG|ytopt.search.hps.optimizer.optimizer:165] tell: {'c0': 'roibin_blosc.json', 'p0': 4, 'p1': 4, 'p2': 4, 'p3': 1} --> ('roibin_blosc.json', 4, 4, 4, 1): evaluated objective: -18.0007
2023-09-16 16:42:32|58059|DEBUG|ytopt.search.hps.optimizer.optimizer:124] _ask: ['roibin_blosc.json', 1, 3, 4, 1] lie: 0.0
2023-09-16 16:42:47|58059|DEBUG|ytopt.search.hps.optimizer.optimizer:165] tell: {'c0': 'roibin_blosc.json', 'p0': 2, 'p1': 2, 'p2': 4, 'p3': 1} --> ('roibin_blosc.json', 2, 2, 4, 1): evaluated objective: -10.8893
2023-09-16 16:42:48|58059|DEBUG|ytopt.search.hps.optimizer.optimizer:124] _ask: ['roibin_blosc.json', 56, 4, 4, 1] lie: 0.0
2023-09-16 16:43:28|58059|DEBUG|ytopt.search.hps.optimizer.optimizer:165] tell: {'c0': 'roibin_blosc.json', 'p0': 2, 'p1': 4, 'p2': 4, 'p3': 1} --> ('roibin_blosc.json', 2, 4, 4, 1): evaluated objective: -15.7506
2023-09-16 16:43:29|58059|DEBUG|ytopt.search.hps.optimizer.optimizer:124] _ask: ['roibin_blosc.json', 56, 1, 4, 1] lie: 0.0
2023-09-16 16:43:29|58059|DEBUG|ytopt.search.hps.optimizer.optimizer:165] tell: {'c0': 'roibin_blosc.json', 'p0': 1, 'p1': 4, 'p2': 4, 'p3': 1} --> ('roibin_blosc.json', 1, 4, 4, 1): evaluated objective: -18.0007
2023-09-16 16:43:30|58059|DEBUG|ytopt.search.hps.optimizer.optimizer:124] _ask: ['roibin_blosc.json', 59, 3, 4, 1] lie: 0.0
2023-09-16 16:43:32|58059|DEBUG|ytopt.search.hps.optimizer.optimizer:165] tell: {'c0': 'roibin_blosc.json', 'p0': 1, 'p1': 3, 'p2': 4, 'p3': 1} --> ('roibin_blosc.json', 1, 3, 4, 1): evaluated objective: -9.85511
2023-09-16 16:43:33|58059|DEBUG|ytopt.search.hps.optimizer.optimizer:124] _ask: ['roibin_blosc.json', 57, 4, 4, 1] lie: 0.0
2023-09-16 16:43:45|58059|DEBUG|ytopt.search.hps.optimizer.optimizer:165] tell: {'c0': 'roibin_blosc.json', 'p0': 56, 'p1': 4, 'p2': 4, 'p3': 1} --> ('roibin_blosc.json', 56, 4, 4, 1): evaluated objective: -15.0775
2023-09-16 16:43:46|58059|DEBUG|ytopt.search.hps.optimizer.optimizer:124] _ask: ['roibin_blosc.json', 59, 2, 4, 1] lie: 0.0
2023-09-16 16:44:31|58059|DEBUG|ytopt.search.hps.optimizer.optimizer:165] tell: {'c0': 'roibin_blosc.json', 'p0': 56, 'p1': 1, 'p2': 4, 'p3': 1} --> ('roibin_blosc.json', 56, 1, 4, 1): evaluated objective: -17.466
2023-09-16 16:44:32|58059|DEBUG|ytopt.search.hps.optimizer.optimizer:124] _ask: ['roibin_blosc.json', 59, 1, 3, 1] lie: 0.0
2023-09-16 16:44:32|58059|DEBUG|ytopt.search.hps.optimizer.optimizer:165] tell: {'c0': 'roibin_blosc.json', 'p0': 59, 'p1': 3, 'p2': 4, 'p3': 1} --> ('roibin_blosc.json', 59, 3, 4, 1): evaluated objective: -10.0804
2023-09-16 16:44:33|58059|DEBUG|ytopt.search.hps.optimizer.optimizer:124] _ask: ['roibin_blosc.json', 41, 4, 4, 4] lie: 0.0
2023-09-16 16:44:34|58059|DEBUG|ytopt.search.hps.optimizer.optimizer:165] tell: {'c0': 'roibin_blosc.json', 'p0': 57, 'p1': 4, 'p2': 4, 'p3': 1} --> ('roibin_blosc.json', 57, 4, 4, 1): evaluated objective: -15.8925
2023-09-16 16:44:35|58059|DEBUG|ytopt.search.hps.optimizer.optimizer:124] _ask: ['roibin_blosc.json', 44, 4, 4, 1] lie: 0.0
2023-09-16 16:44:44|58059|DEBUG|ytopt.search.hps.optimizer.optimizer:165] tell: {'c0': 'roibin_blosc.json', 'p0': 59, 'p1': 2, 'p2': 4, 'p3': 1} --> ('roibin_blosc.json', 59, 2, 4, 1): evaluated objective: -9.00033
2023-09-16 16:44:45|58059|DEBUG|ytopt.search.hps.optimizer.optimizer:124] _ask: ['roibin_blosc.json', 46, 4, 4, 1] lie: 0.0
2023-09-16 16:45:34|58059|DEBUG|ytopt.search.hps.optimizer.optimizer:165] tell: {'c0': 'roibin_blosc.json', 'p0': 59, 'p1': 1, 'p2': 3, 'p3': 1} --> ('roibin_blosc.json', 59, 1, 3, 1): evaluated objective: -15.0775
2023-09-16 16:45:35|58059|DEBUG|ytopt.search.hps.optimizer.optimizer:124] _ask: ['roibin_blosc.json', 45, 1, 4, 1] lie: 0.0
2023-09-16 16:45:35|58059|DEBUG|ytopt.search.hps.optimizer.optimizer:165] tell: {'c0': 'roibin_blosc.json', 'p0': 41, 'p1': 4, 'p2': 4, 'p3': 4} --> ('roibin_blosc.json', 41, 4, 4, 4): evaluated objective: -6.23345
2023-09-16 16:45:36|58059|DEBUG|ytopt.search.hps.optimizer.optimizer:124] _ask: ['roibin_blosc.json', 46, 1, 4, 1] lie: 0.0
2023-09-16 16:45:38|58059|DEBUG|ytopt.search.hps.optimizer.optimizer:165] tell: {'c0': 'roibin_blosc.json', 'p0': 44, 'p1': 4, 'p2': 4, 'p3': 1} --> ('roibin_blosc.json', 44, 4, 4, 1): evaluated objective: -15.0775
2023-09-16 16:45:39|58059|DEBUG|ytopt.search.hps.optimizer.optimizer:124] _ask: ['roibin_blosc.json', 46, 1, 3, 1] lie: 0.0
2023-09-16 16:45:45|58059|DEBUG|ytopt.search.hps.optimizer.optimizer:165] tell: {'c0': 'roibin_blosc.json', 'p0': 46, 'p1': 4, 'p2': 4, 'p3': 1} --> ('roibin_blosc.json', 46, 4, 4, 1): evaluated objective: -17.2948
2023-09-16 16:45:46|58059|DEBUG|ytopt.search.hps.optimizer.optimizer:124] _ask: ['roibin_blosc.json', 49, 1, 4, 1] lie: 0.0
2023-09-16 16:46:36|58059|DEBUG|ytopt.search.hps.optimizer.optimizer:165] tell: {'c0': 'roibin_blosc.json', 'p0': 45, 'p1': 1, 'p2': 4, 'p3': 1} --> ('roibin_blosc.json', 45, 1, 4, 1): evaluated objective: -18.1862
2023-09-16 16:46:37|58059|DEBUG|ytopt.search.hps.optimizer.optimizer:124] _ask: ['roibin_blosc.json', 50, 1, 4, 1] lie: 0.0
2023-09-16 16:46:40|58059|DEBUG|ytopt.search.hps.optimizer.optimizer:165] tell: {'c0': 'roibin_blosc.json', 'p0': 46, 'p1': 1, 'p2': 4, 'p3': 1} --> ('roibin_blosc.json', 46, 1, 4, 1): evaluated objective: -15.6112
2023-09-16 16:46:41|58059|DEBUG|ytopt.search.hps.optimizer.optimizer:124] _ask: ['roibin_blosc.json', 53, 1, 4, 1] lie: 0.0
2023-09-16 16:46:42|58059|DEBUG|ytopt.search.hps.optimizer.optimizer:165] tell: {'c0': 'roibin_blosc.json', 'p0': 46, 'p1': 1, 'p2': 3, 'p3': 1} --> ('roibin_blosc.json', 46, 1, 3, 1): evaluated objective: -16.8006
2023-09-16 16:46:43|58059|DEBUG|ytopt.search.hps.optimizer.optimizer:124] _ask: ['roibin_blosc.json', 51, 4, 3, 1] lie: 0.0
2023-09-16 16:46:47|58059|DEBUG|ytopt.search.hps.optimizer.optimizer:165] tell: {'c0': 'roibin_blosc.json', 'p0': 49, 'p1': 1, 'p2': 4, 'p3': 1} --> ('roibin_blosc.json', 49, 1, 4, 1): evaluated objective: -12.2505
2023-09-16 16:46:48|58059|DEBUG|ytopt.search.hps.optimizer.optimizer:124] _ask: ['roibin_blosc.json', 50, 1, 3, 1] lie: 0.0
2023-09-16 16:47:37|58059|DEBUG|ytopt.search.hps.optimizer.optimizer:165] tell: {'c0': 'roibin_blosc.json', 'p0': 50, 'p1': 1, 'p2': 4, 'p3': 1} --> ('roibin_blosc.json', 50, 1, 4, 1): evaluated objective: -15.6112
2023-09-16 16:47:38|58059|DEBUG|ytopt.search.hps.optimizer.optimizer:124] _ask: ['roibin_blosc.json', 41, 1, 3, 1] lie: 0.0
2023-09-16 16:47:57|58059|DEBUG|ytopt.search.hps.optimizer.optimizer:165] tell: {'c0': 'roibin_blosc.json', 'p0': 51, 'p1': 4, 'p2': 3, 'p3': 1} --> ('roibin_blosc.json', 51, 4, 3, 1): evaluated objective: -12.0004
2023-09-16 16:47:58|58059|DEBUG|ytopt.search.hps.optimizer.optimizer:124] _ask: ['roibin_blosc.json', 48, 1, 3, 1] lie: 0.0
2023-09-16 16:47:58|58059|DEBUG|ytopt.search.hps.optimizer.optimizer:165] tell: {'c0': 'roibin_blosc.json', 'p0': 53, 'p1': 1, 'p2': 4, 'p3': 1} --> ('roibin_blosc.json', 53, 1, 4, 1): evaluated objective: -11.5298
2023-09-16 16:47:59|58059|DEBUG|ytopt.search.hps.optimizer.optimizer:124] _ask: ['roibin_blosc.json', 52, 4, 4, 2] lie: 0.0
2023-09-16 16:48:01|58059|DEBUG|ytopt.search.hps.optimizer.optimizer:165] tell: {'c0': 'roibin_blosc.json', 'p0': 50, 'p1': 1, 'p2': 3, 'p3': 1} --> ('roibin_blosc.json', 50, 1, 3, 1): evaluated objective: -18.0007
2023-09-16 16:48:02|58059|DEBUG|ytopt.search.hps.optimizer.optimizer:124] _ask: ['roibin_blosc.json', 44, 1, 3, 1] lie: 0.0
2023-09-16 16:48:53|58059|DEBUG|ytopt.search.hps.optimizer.optimizer:165] tell: {'c0': 'roibin_blosc.json', 'p0': 41, 'p1': 1, 'p2': 3, 'p3': 1} --> ('roibin_blosc.json', 41, 1, 3, 1): evaluated objective: -19.6007
2023-09-16 16:48:53|58059|DEBUG|ytopt.search.hps.optimizer.optimizer:124] _ask: ['roibin_blosc.json', 47, 1, 3, 1] lie: 0.0
2023-09-16 16:49:02|58059|DEBUG|ytopt.search.hps.optimizer.optimizer:165] tell: {'c0': 'roibin_blosc.json', 'p0': 48, 'p1': 1, 'p2': 3, 'p3': 1} --> ('roibin_blosc.json', 48, 1, 3, 1): evaluated objective: -13.2636
2023-09-16 16:49:03|58059|DEBUG|ytopt.search.hps.optimizer.optimizer:124] _ask: ['roibin_blosc.json', 42, 1, 3, 1] lie: 0.0
2023-09-16 16:49:03|58059|DEBUG|ytopt.search.hps.optimizer.optimizer:165] tell: {'c0': 'roibin_blosc.json', 'p0': 52, 'p1': 4, 'p2': 4, 'p3': 2} --> ('roibin_blosc.json', 52, 4, 4, 2): evaluated objective: -6.10403
2023-09-16 16:49:04|58059|DEBUG|ytopt.search.hps.optimizer.optimizer:124] _ask: ['roibin_blosc.json', 40, 1, 3, 1] lie: 0.0
2023-09-16 16:49:08|58059|DEBUG|ytopt.search.hps.optimizer.optimizer:165] tell: {'c0': 'roibin_blosc.json', 'p0': 44, 'p1': 1, 'p2': 3, 'p3': 1} --> ('roibin_blosc.json', 44, 1, 3, 1): evaluated objective: -18.5691
2023-09-16 16:49:09|58059|DEBUG|ytopt.search.hps.optimizer.optimizer:124] _ask: ['roibin_blosc.json', 45, 1, 3, 1] lie: 0.0
2023-09-16 16:49:50|58059|DEBUG|ytopt.search.hps.optimizer.optimizer:165] tell: {'c0': 'roibin_blosc.json', 'p0': 47, 'p1': 1, 'p2': 3, 'p3': 1} --> ('roibin_blosc.json', 47, 1, 3, 1): evaluated objective: -22.6162
2023-09-16 16:49:51|58059|DEBUG|ytopt.search.hps.optimizer.optimizer:124] _ask: ['roibin_blosc.json', 46, 2, 3, 1] lie: 0.0
2023-09-16 16:50:06|58059|DEBUG|ytopt.search.hps.optimizer.optimizer:165] tell: {'c0': 'roibin_blosc.json', 'p0': 42, 'p1': 1, 'p2': 3, 'p3': 1} --> ('roibin_blosc.json', 42, 1, 3, 1): evaluated objective: -12.6911
2023-09-16 16:50:07|58059|DEBUG|ytopt.search.hps.optimizer.optimizer:124] _ask: ['roibin_blosc.json', 46, 1, 2, 1] lie: 0.0
2023-09-16 16:50:09|58059|DEBUG|ytopt.search.hps.optimizer.optimizer:165] tell: {'c0': 'roibin_blosc.json', 'p0': 40, 'p1': 1, 'p2': 3, 'p3': 1} --> ('roibin_blosc.json', 40, 1, 3, 1): evaluated objective: -16.3339
2023-09-16 16:50:10|58059|DEBUG|ytopt.search.hps.optimizer.optimizer:124] _ask: ['roibin_blosc.json', 47, 4, 3, 1] lie: 0.0
2023-09-16 16:50:11|58059|DEBUG|ytopt.search.hps.optimizer.optimizer:165] tell: {'c0': 'roibin_blosc.json', 'p0': 45, 'p1': 1, 'p2': 3, 'p3': 1} --> ('roibin_blosc.json', 45, 1, 3, 1): evaluated objective: -16.1841
2023-09-16 16:50:12|58059|DEBUG|ytopt.search.hps.optimizer.optimizer:124] _ask: ['roibin_blosc.json', 41, 4, 3, 1] lie: 0.0
2023-09-16 16:50:48|58059|DEBUG|ytopt.search.hps.optimizer.optimizer:165] tell: {'c0': 'roibin_blosc.json', 'p0': 46, 'p1': 2, 'p2': 3, 'p3': 1} --> ('roibin_blosc.json', 46, 2, 3, 1): evaluated objective: -10.0804
2023-09-16 16:50:49|58059|DEBUG|ytopt.search.hps.optimizer.optimizer:124] _ask: ['roibin_blosc.json', 47, 1, 2, 1] lie: 0.0
2023-09-16 16:51:07|58059|DEBUG|ytopt.search.hps.optimizer.optimizer:165] tell: {'c0': 'roibin_blosc.json', 'p0': 46, 'p1': 1, 'p2': 2, 'p3': 1} --> ('roibin_blosc.json', 46, 1, 2, 1): evaluated objective: -13.5697
2023-09-16 16:51:08|58059|DEBUG|ytopt.search.hps.optimizer.optimizer:124] _ask: ['roibin_blosc.json', 58, 1, 3, 1] lie: 0.0
2023-09-16 16:51:11|58059|DEBUG|ytopt.search.hps.optimizer.optimizer:165] tell: {'c0': 'roibin_blosc.json', 'p0': 47, 'p1': 4, 'p2': 3, 'p3': 1} --> ('roibin_blosc.json', 47, 4, 3, 1): evaluated objective: -11.3081
2023-09-16 16:51:12|58059|DEBUG|ytopt.search.hps.optimizer.optimizer:124] _ask: ['roibin_blosc.json', 49, 1, 3, 1] lie: 0.0
2023-09-16 16:51:16|58059|DEBUG|ytopt.search.hps.optimizer.optimizer:165] tell: {'c0': 'roibin_blosc.json', 'p0': 41, 'p1': 4, 'p2': 3, 'p3': 1} --> ('roibin_blosc.json', 41, 4, 3, 1): evaluated objective: -11.2361
2023-09-16 16:51:17|58059|DEBUG|ytopt.search.hps.optimizer.optimizer:124] _ask: ['roibin_blosc.json', 51, 1, 3, 1] lie: 0.0
2023-09-16 16:51:47|58059|DEBUG|ytopt.search.hps.optimizer.optimizer:165] tell: {'c0': 'roibin_blosc.json', 'p0': 47, 'p1': 1, 'p2': 2, 'p3': 1} --> ('roibin_blosc.json', 47, 1, 2, 1): evaluated objective: -13.8903
2023-09-16 16:51:48|58059|DEBUG|ytopt.search.hps.optimizer.optimizer:124] _ask: ['roibin_blosc.json', 49, 1, 2, 1] lie: 0.0
2023-09-16 16:52:11|58059|DEBUG|ytopt.search.hps.optimizer.optimizer:165] tell: {'c0': 'roibin_blosc.json', 'p0': 58, 'p1': 1, 'p2': 3, 'p3': 1} --> ('roibin_blosc.json', 58, 1, 3, 1): evaluated objective: -14.0005
2023-09-16 16:52:12|58059|DEBUG|ytopt.search.hps.optimizer.optimizer:124] _ask: ['roibin_blosc.json', 12, 1, 3, 1] lie: 0.0
2023-09-16 16:52:15|58059|DEBUG|ytopt.search.hps.optimizer.optimizer:165] tell: {'c0': 'roibin_blosc.json', 'p0': 49, 'p1': 1, 'p2': 3, 'p3': 1} --> ('roibin_blosc.json', 49, 1, 3, 1): evaluated objective: -21.7786
2023-09-16 16:52:16|58059|DEBUG|ytopt.search.hps.optimizer.optimizer:124] _ask: ['roibin_blosc.json', 14, 1, 3, 1] lie: 0.0
2023-09-16 16:52:20|58059|DEBUG|ytopt.search.hps.optimizer.optimizer:165] tell: {'c0': 'roibin_blosc.json', 'p0': 51, 'p1': 1, 'p2': 3, 'p3': 1} --> ('roibin_blosc.json', 51, 1, 3, 1): evaluated objective: -18.0007
2023-09-16 16:52:21|58059|DEBUG|ytopt.search.hps.optimizer.optimizer:124] _ask: ['roibin_blosc.json', 17, 1, 3, 1] lie: 0.0
2023-09-16 16:52:48|58059|DEBUG|ytopt.search.hps.optimizer.optimizer:165] tell: {'c0': 'roibin_blosc.json', 'p0': 49, 'p1': 1, 'p2': 2, 'p3': 1} --> ('roibin_blosc.json', 49, 1, 2, 1): evaluated objective: -21.513
2023-09-16 16:52:49|58059|DEBUG|ytopt.search.hps.optimizer.optimizer:124] _ask: ['roibin_blosc.json', 30, 1, 3, 1] lie: 0.0
