“RANK= 12 LOCAL_RANK= 0 gpu= 3”
“RANK= 13 LOCAL_RANK= 1 gpu= 2”
“RANK= 14 LOCAL_RANK= 2 gpu= 1”
“RANK= 15 LOCAL_RANK= 3 gpu= 0”
“RANK= 1 LOCAL_RANK= 1 gpu= 2”
“RANK= 0 LOCAL_RANK= 0 gpu= 3”
“RANK= 2 LOCAL_RANK= 2 gpu= 1”
“RANK= 3 LOCAL_RANK= 3 gpu= 0”
+ '[' -z '' ']'
Shell debugging temporarily silenced: export LMOD_SH_DBG_ON=1 for this output (/usr/share/lmod/lmod/init/bash)
+ case "$-" in
+ __lmod_vx=x
+ '[' -n x ']'
+ set +x
+ '[' -z '' ']'
+ case "$-" in
+ '[' -z '' ']'
+ case "$-" in
+ __lmod_vx=x
+ '[' -n x ']'
+ set +x
+ '[' -z '' ']'
+ case "$-" in
+ __lmod_vx=x
Shell debugging temporarily silenced: export LMOD_SH_DBG_ON=1 for this output (/usr/share/lmod/lmod/init/bash)
Shell debugging temporarily silenced: export LMOD_SH_DBG_ON=1 for this output (/usr/share/lmod/lmod/init/bash)
+ __lmod_vx=x
+ '[' -n x ']'
+ set +x
+ '[' -n x ']'
+ set +x
Shell debugging temporarily silenced: export LMOD_SH_DBG_ON=1 for this output (/usr/share/lmod/lmod/init/bash)
+ '[' -z '' ']'
+ case "$-" in
+ __lmod_vx=x
+ '[' -n x ']'
+ set +x
Shell debugging restarted
+ '[' -z '' ']'
Shell debugging temporarily silenced: export LMOD_SH_DBG_ON=1 for this output (/usr/share/lmod/lmod/init/bash)
+ '[' -z '' ']'
+ case "$-" in
+ __lmod_vx=x
+ '[' -n x ']'
+ set +x
+ '[' -z '' ']'
+ case "$-" in
+ __lmod_vx=x
+ '[' -n x ']'
+ set +x
Shell debugging temporarily silenced: export LMOD_SH_DBG_ON=1 for this output (/usr/share/lmod/lmod/init/bash)
+ unset __lmod_vx
Shell debugging temporarily silenced: export LMOD_SH_DBG_ON=1 for this output (/usr/share/lmod/lmod/init/bash)
Shell debugging restarted
+ unset __lmod_vx
+ case "$-" in
+ __lmod_vx=x
+ '[' -n x ']'
+ set +x
Shell debugging restarted
+ unset __lmod_vx
Shell debugging temporarily silenced: export LMOD_SH_DBG_ON=1 for this output (/usr/share/lmod/lmod/init/bash)
Shell debugging restarted
Shell debugging restarted
+ unset __lmod_vx
+ unset __lmod_vx
Shell debugging restarted
+ unset __lmod_vx
+ speed3d_r2c cufft double 64 64 64 -reorder -a2a -n5
Shell debugging restarted
+ unset __lmod_vx
+ speed3d_r2c cufft double 64 64 64 -reorder -a2a -n5
Shell debugging restarted
+ unset __lmod_vx
+ speed3d_r2c cufft double 64 64 64 -reorder -a2a -n5
+ speed3d_r2c cufft double 64 64 64 -reorder -a2a -n5
+ speed3d_r2c cufft double 64 64 64 -reorder -a2a -n5
+ speed3d_r2c cufft double 64 64 64 -reorder -a2a -n5
+ speed3d_r2c cufft double 64 64 64 -reorder -a2a -n5
“RANK= 4 LOCAL_RANK= 0 gpu= 3”
+ speed3d_r2c cufft double 64 64 64 -reorder -a2a -n5
“RANK= 5 LOCAL_RANK= 1 gpu= 2”
“RANK= 6 LOCAL_RANK= 2 gpu= 1”
“RANK= 7 LOCAL_RANK= 3 gpu= 0”
“RANK= 8 LOCAL_RANK= 0 gpu= 3”
“RANK= 9 LOCAL_RANK= 1 gpu= 2”
+ '[' -z '' ']'
+ case "$-" in
“RANK= 10 LOCAL_RANK= 2 gpu= 1”
“RANK= 11 LOCAL_RANK= 3 gpu= 0”
+ '[' -z '' ']'
+ case "$-" in
+ __lmod_vx=x
+ '[' -n x ']'
+ set +x
Shell debugging temporarily silenced: export LMOD_SH_DBG_ON=1 for this output (/usr/share/lmod/lmod/init/bash)
+ __lmod_vx=x
+ '[' -n x ']'
+ set +x
Shell debugging temporarily silenced: export LMOD_SH_DBG_ON=1 for this output (/usr/share/lmod/lmod/init/bash)
Shell debugging temporarily silenced: export LMOD_SH_DBG_ON=1 for this output (/usr/share/lmod/lmod/init/bash)
+ '[' -z '' ']'
+ case "$-" in
+ __lmod_vx=x
+ '[' -n x ']'
+ set +x
Shell debugging temporarily silenced: export LMOD_SH_DBG_ON=1 for this output (/usr/share/lmod/lmod/init/bash)
+ '[' -z '' ']'
+ case "$-" in
+ __lmod_vx=x
+ '[' -n x ']'
+ set +x
Shell debugging restarted
+ unset __lmod_vx
Shell debugging restarted
+ unset __lmod_vx
Shell debugging restarted
+ unset __lmod_vx
Shell debugging restarted
+ unset __lmod_vx
+ speed3d_r2c cufft double 64 64 64 -reorder -a2a -n5
+ speed3d_r2c cufft double 64 64 64 -reorder -a2a -n5
+ speed3d_r2c cufft double 64 64 64 -reorder -a2a -n5
+ speed3d_r2c cufft double 64 64 64 -reorder -a2a -n5
+ '[' -z '' ']'
+ case "$-" in
+ __lmod_vx=x
+ '[' -n x ']'
Shell debugging temporarily silenced: export LMOD_SH_DBG_ON=1 for this output (/usr/share/lmod/lmod/init/bash)
+ set +x
Shell debugging temporarily silenced: export LMOD_SH_DBG_ON=1 for this output (/usr/share/lmod/lmod/init/bash)
+ '[' -z '' ']'
+ case "$-" in
+ __lmod_vx=x
+ '[' -n x ']'
+ set +x
+ '[' -z '' ']'
+ case "$-" in
+ __lmod_vx=x
+ '[' -n x ']'
+ set +x
Shell debugging temporarily silenced: export LMOD_SH_DBG_ON=1 for this output (/usr/share/lmod/lmod/init/bash)
+ '[' -z '' ']'
+ case "$-" in
+ __lmod_vx=x
+ '[' -n x ']'
+ set +x
Shell debugging restarted
+ unset __lmod_vx
Shell debugging restarted
+ unset __lmod_vx
Shell debugging restarted
+ unset __lmod_vx
Shell debugging temporarily silenced: export LMOD_SH_DBG_ON=1 for this output (/usr/share/lmod/lmod/init/bash)
Shell debugging restarted
+ unset __lmod_vx
+ speed3d_r2c cufft double 64 64 64 -reorder -a2a -n5
+ speed3d_r2c cufft double 64 64 64 -reorder -a2a -n5
+ speed3d_r2c cufft double 64 64 64 -reorder -a2a -n5
+ speed3d_r2c cufft double 64 64 64 -reorder -a2a -n5
MPICH ERROR [Rank 14] [job id 979669d6-7472-4be7-9041-6145e0a645ad] [Thu Aug  3 06:25:45 2023] [x3208c0s1b1n0] - Abort(271653263) (rank 14 in comm 0): Fatal error in PMPI_Alltoall: Other MPI error, error stack:
PMPI_Alltoall(433)...............: MPI_Alltoall(sbuf=0x14877b600000, scount=2304, dtype=0x4c001041, rbuf=0x14877b690000, rcount=2304, datatype=dtype=0x4c001041, comm=comm=0xc4000007) failed
MPIR_CRAY_Alltoall_throttled(471): 
MPIR_Waitall(167)................: 
MPIR_Waitall_impl(51)............: 
MPID_Progress_wait(184)..........: 
MPIDI_Progress_test(80)..........: 
MPIDI_OFI_handle_cq_error(1059)..: OFI poll failed (ofi_events.c:1061:MPIDI_OFI_handle_cq_error:Input/output error - remote access error)

aborting job:
Fatal error in PMPI_Alltoall: Other MPI error, error stack:
PMPI_Alltoall(433)...............: MPI_Alltoall(sbuf=0x14877b600000, scount=2304, dtype=0x4c001041, rbuf=0x14877b690000, rcount=2304, datatype=dtype=0x4c001041, comm=comm=0xc4000007) failed
MPIR_CRAY_Alltoall_throttled(471): 
MPIR_Waitall(167)................: 
MPIR_Waitall_impl(51)............: 
MPID_Progress_wait(184)..........: 
MPIDI_Progress_test(80)..........: 
MPIDI_OFI_handle_cq_error(1059)..: OFI poll failed (ofi_events.c:1061:MPIDI_OFI_handle_cq_error:Input/output error - remote access error)
MPICH ERROR [Rank 15] [job id 979669d6-7472-4be7-9041-6145e0a645ad] [Thu Aug  3 06:25:45 2023] [x3208c0s1b1n0] - Abort(540088719) (rank 15 in comm 0): Fatal error in PMPI_Alltoall: Other MPI error, error stack:
PMPI_Alltoall(433)...............: MPI_Alltoall(sbuf=0x154473600000, scount=2304, dtype=0x4c001041, rbuf=0x154473690000, rcount=2304, datatype=dtype=0x4c001041, comm=comm=0xc4000005) failed
MPIR_CRAY_Alltoall_throttled(471): 
MPIR_Waitall(167)................: 
MPIR_Waitall_impl(51)............: 
MPID_Progress_wait(184)..........: 
MPIDI_Progress_test(80)..........: 
MPIDI_OFI_handle_cq_error(1059)..: OFI poll failed (ofi_events.c:1061:MPIDI_OFI_handle_cq_error:Input/output error - remote access error)

aborting job:
Fatal error in PMPI_Alltoall: Other MPI error, error stack:
PMPI_Alltoall(433)...............: MPI_Alltoall(sbuf=0x154473600000, scount=2304, dtype=0x4c001041, rbuf=0x154473690000, rcount=2304, datatype=dtype=0x4c001041, comm=comm=0xc4000005) failed
MPIR_CRAY_Alltoall_throttled(471): 
MPIR_Waitall(167)................: 
MPIR_Waitall_impl(51)............: 
MPID_Progress_wait(184)..........: 
MPIDI_Progress_test(80)..........: 
MPIDI_OFI_handle_cq_error(1059)..: OFI poll failed (ofi_events.c:1061:MPIDI_OFI_handle_cq_error:Input/output error - remote access error)
MPICH ERROR [Rank 3] [job id 979669d6-7472-4be7-9041-6145e0a645ad] [Thu Aug  3 06:25:45 2023] [x3208c0s13b1n0] - Abort(540088719) (rank 3 in comm 0): Fatal error in PMPI_Alltoall: Other MPI error, error stack:
PMPI_Alltoall(433)...............: MPI_Alltoall(sbuf=0x14dfcf600000, scount=2304, dtype=0x4c001041, rbuf=0x14dfcf690000, rcount=2304, datatype=dtype=0x4c001041, comm=comm=0xc4000005) failed
MPIR_CRAY_Alltoall_throttled(471): 
MPIR_Waitall(167)................: 
MPIR_Waitall_impl(51)............: 
MPID_Progress_wait(184)..........: 
MPIDI_Progress_test(80)..........: 
MPIDI_OFI_handle_cq_error(1059)..: OFI poll failed (ofi_events.c:1061:MPIDI_OFI_handle_cq_error:Input/output error - remote access error)

aborting job:
Fatal error in PMPI_Alltoall: Other MPI error, error stack:
PMPI_Alltoall(433)...............: MPI_Alltoall(sbuf=0x14dfcf600000, scount=2304, dtype=0x4c001041, rbuf=0x14dfcf690000, rcount=2304, datatype=dtype=0x4c001041, comm=comm=0xc4000005) failed
MPIR_CRAY_Alltoall_throttled(471): 
MPIR_Waitall(167)................: 
MPIR_Waitall_impl(51)............: 
MPID_Progress_wait(184)..........: 
MPIDI_Progress_test(80)..........: 
MPIDI_OFI_handle_cq_error(1059)..: OFI poll failed (ofi_events.c:1061:MPIDI_OFI_handle_cq_error:Input/output error - remote access error)
MPICH ERROR [Rank 6] [job id 979669d6-7472-4be7-9041-6145e0a645ad] [Thu Aug  3 06:25:45 2023] [x3208c0s19b0n0] - Abort(137435535) (rank 6 in comm 0): Fatal error in PMPI_Alltoall: Other MPI error, error stack:
PMPI_Alltoall(433)...............: MPI_Alltoall(sbuf=0x154f93600000, scount=2304, dtype=0x4c001041, rbuf=0x154f93690000, rcount=2304, datatype=dtype=0x4c001041, comm=comm=0xc4000007) failed
MPIR_CRAY_Alltoall_throttled(471): 
MPIR_Waitall(167)................: 
MPIR_Waitall_impl(51)............: 
MPID_Progress_wait(184)..........: 
MPIDI_Progress_test(80)..........: 
MPIDI_OFI_handle_cq_error(1059)..: OFI poll failed (ofi_events.c:1061:MPIDI_OFI_handle_cq_error:Input/output error - remote access error)

aborting job:
Fatal error in PMPI_Alltoall: Other MPI error, error stack:
PMPI_Alltoall(433)...............: MPI_Alltoall(sbuf=0x154f93600000, scount=2304, dtype=0x4c001041, rbuf=0x154f93690000, rcount=2304, datatype=dtype=0x4c001041, comm=comm=0xc4000007) failed
MPIR_CRAY_Alltoall_throttled(471): 
MPIR_Waitall(167)................: 
MPIR_Waitall_impl(51)............: 
MPID_Progress_wait(184)..........: 
MPIDI_Progress_test(80)..........: 
MPIDI_OFI_handle_cq_error(1059)..: OFI poll failed (ofi_events.c:1061:MPIDI_OFI_handle_cq_error:Input/output error - remote access error)
MPICH ERROR [Rank 13] [job id 979669d6-7472-4be7-9041-6145e0a645ad] [Thu Aug  3 06:25:45 2023] [x3208c0s1b1n0] - Abort(271653263) (rank 13 in comm 0): Fatal error in PMPI_Alltoall: Other MPI error, error stack:
PMPI_Alltoall(433)...............: MPI_Alltoall(sbuf=0x1501d3600000, scount=2304, dtype=0x4c001041, rbuf=0x1501d3690000, rcount=2304, datatype=dtype=0x4c001041, comm=comm=0xc4000005) failed
MPIR_CRAY_Alltoall_throttled(471): 
MPIR_Waitall(167)................: 
MPIR_Waitall_impl(51)............: 
MPID_Progress_wait(184)..........: 
MPIDI_Progress_test(80)..........: 
MPIDI_OFI_handle_cq_error(1059)..: OFI poll failed (ofi_events.c:1061:MPIDI_OFI_handle_cq_error:Input/output error - remote access error)
MPICH ERROR [Rank 10] [job id 979669d6-7472-4be7-9041-6145e0a645ad] [Thu Aug  3 06:25:45 2023] [x3208c0s1b0n0] - Abort(540088719) (rank 10 in comm 0): Fatal error in PMPI_Alltoall: Other MPI error, error stack:
PMPI_Alltoall(433)...............: MPI_Alltoall(sbuf=0x14bda3600000, scount=2304, dtype=0x4c001041, rbuf=0x14bda3690000, rcount=2304, datatype=dtype=0x4c001041, comm=comm=0xc4000007) failed
MPIR_CRAY_Alltoall_throttled(471): 
MPIR_Waitall(167)................: 
MPIR_Waitall_impl(51)............: 
MPID_Progress_wait(184)..........: 
MPIDI_Progress_test(80)..........: 
MPIDI_OFI_handle_cq_error(1059)..: OFI poll failed (ofi_events.c:1061:MPIDI_OFI_handle_cq_error:Input/output error - remote access error)

aborting job:
Fatal error in PMPI_Alltoall: Other MPI error, error stack:
PMPI_Alltoall(433)...............: MPI_Alltoall(sbuf=0x14bda3600000, scount=2304, dtype=0x4c001041, rbuf=0x14bda3690000, rcount=2304, datatype=dtype=0x4c001041, comm=comm=0xc4000007) failed
MPIR_CRAY_Alltoall_throttled(471): 
MPIR_Waitall(167)................: 
MPIR_Waitall_impl(51)............: 
MPID_Progress_wait(184)..........: 
MPIDI_Progress_test(80)..........: 
MPIDI_OFI_handle_cq_error(1059)..: OFI poll failed (ofi_events.c:1061:MPIDI_OFI_handle_cq_error:Input/output error - remote access error)

aborting job:
Fatal error in PMPI_Alltoall: Other MPI error, error stack:
PMPI_Alltoall(433)...............: MPI_Alltoall(sbuf=0x1501d3600000, scount=2304, dtype=0x4c001041, rbuf=0x1501d3690000, rcount=2304, datatype=dtype=0x4c001041, comm=comm=0xc4000005) failed
MPIR_CRAY_Alltoall_throttled(471): 
MPIR_Waitall(167)................: 
MPIR_Waitall_impl(51)............: 
MPID_Progress_wait(184)..........: 
MPIDI_Progress_test(80)..........: 
MPIDI_OFI_handle_cq_error(1059)..: OFI poll failed (ofi_events.c:1061:MPIDI_OFI_handle_cq_error:Input/output error - remote access error)
MPICH ERROR [Rank 7] [job id 979669d6-7472-4be7-9041-6145e0a645ad] [Thu Aug  3 06:25:45 2023] [x3208c0s19b0n0] - Abort(808524175) (rank 7 in comm 0): Fatal error in PMPI_Alltoall: Other MPI error, error stack:
PMPI_Alltoall(433)...............: MPI_Alltoall(sbuf=0x14f753600000, scount=2304, dtype=0x4c001041, rbuf=0x14f753690000, rcount=2304, datatype=dtype=0x4c001041, comm=comm=0xc4000005) failed
MPIR_CRAY_Alltoall_throttled(471): 
MPIR_Waitall(167)................: 
MPIR_Waitall_impl(51)............: 
MPID_Progress_wait(184)..........: 
MPIDI_Progress_test(80)..........: 
MPIDI_OFI_handle_cq_error(1059)..: OFI poll failed (ofi_events.c:1061:MPIDI_OFI_handle_cq_error:Input/output error - remote access error)

aborting job:
Fatal error in PMPI_Alltoall: Other MPI error, error stack:
PMPI_Alltoall(433)...............: MPI_Alltoall(sbuf=0x14f753600000, scount=2304, dtype=0x4c001041, rbuf=0x14f753690000, rcount=2304, datatype=dtype=0x4c001041, comm=comm=0xc4000005) failed
MPIR_CRAY_Alltoall_throttled(471): 
MPIR_Waitall(167)................: 
MPIR_Waitall_impl(51)............: 
MPID_Progress_wait(184)..........: 
MPIDI_Progress_test(80)..........: 
MPIDI_OFI_handle_cq_error(1059)..: OFI poll failed (ofi_events.c:1061:MPIDI_OFI_handle_cq_error:Input/output error - remote access error)
MPICH ERROR [Rank 2] [job id 979669d6-7472-4be7-9041-6145e0a645ad] [Thu Aug  3 06:25:45 2023] [x3208c0s13b1n0] - Abort(137435535) (rank 2 in comm 0): Fatal error in PMPI_Alltoall: Other MPI error, error stack:
PMPI_Alltoall(433)...............: MPI_Alltoall(sbuf=0x153353600000, scount=2304, dtype=0x4c001041, rbuf=0x153353690000, rcount=2304, datatype=dtype=0x4c001041, comm=comm=0xc4000007) failed
MPIR_CRAY_Alltoall_throttled(471): 
MPIR_Waitall(167)................: 
MPIR_Waitall_impl(51)............: 
MPID_Progress_wait(184)..........: 
MPIDI_Progress_test(80)..........: 
MPIDI_OFI_handle_cq_error(1059)..: OFI poll failed (ofi_events.c:1061:MPIDI_OFI_handle_cq_error:Input/output error - remote access error)

aborting job:
Fatal error in PMPI_Alltoall: Other MPI error, error stack:
PMPI_Alltoall(433)...............: MPI_Alltoall(sbuf=0x153353600000, scount=2304, dtype=0x4c001041, rbuf=0x153353690000, rcount=2304, datatype=dtype=0x4c001041, comm=comm=0xc4000007) failed
MPIR_CRAY_Alltoall_throttled(471): 
MPIR_Waitall(167)................: 
MPIR_Waitall_impl(51)............: 
MPID_Progress_wait(184)..........: 
MPIDI_Progress_test(80)..........: 
MPIDI_OFI_handle_cq_error(1059)..: OFI poll failed (ofi_events.c:1061:MPIDI_OFI_handle_cq_error:Input/output error - remote access error)
MPICH ERROR [Rank 11] [job id 979669d6-7472-4be7-9041-6145e0a645ad] [Thu Aug  3 06:25:45 2023] [x3208c0s1b0n0] - Abort(674306447) (rank 11 in comm 0): Fatal error in PMPI_Alltoall: Other MPI error, error stack:
PMPI_Alltoall(433)...............: MPI_Alltoall(sbuf=0x14f411600000, scount=2304, dtype=0x4c001041, rbuf=0x14f411690000, rcount=2304, datatype=dtype=0x4c001041, comm=comm=0xc4000005) failed
MPIR_CRAY_Alltoall_throttled(471): 
MPIR_Waitall(167)................: 
MPIR_Waitall_impl(51)............: 
MPID_Progress_wait(184)..........: 
MPIDI_Progress_test(80)..........: 
MPIDI_OFI_handle_cq_error(1059)..: OFI poll failed (ofi_events.c:1061:MPIDI_OFI_handle_cq_error:Input/output error - remote access error)

aborting job:
Fatal error in PMPI_Alltoall: Other MPI error, error stack:
PMPI_Alltoall(433)...............: MPI_Alltoall(sbuf=0x14f411600000, scount=2304, dtype=0x4c001041, rbuf=0x14f411690000, rcount=2304, datatype=dtype=0x4c001041, comm=comm=0xc4000005) failed
MPIR_CRAY_Alltoall_throttled(471): 
MPIR_Waitall(167)................: 
MPIR_Waitall_impl(51)............: 
MPID_Progress_wait(184)..........: 
MPIDI_Progress_test(80)..........: 
MPIDI_OFI_handle_cq_error(1059)..: OFI poll failed (ofi_events.c:1061:MPIDI_OFI_handle_cq_error:Input/output error - remote access error)
MPICH ERROR [Rank 12] [job id 979669d6-7472-4be7-9041-6145e0a645ad] [Thu Aug  3 06:25:45 2023] [x3208c0s1b1n0] - Abort(875633039) (rank 12 in comm 0): Fatal error in PMPI_Alltoall: Other MPI error, error stack:
PMPI_Alltoall(433)...............: MPI_Alltoall(sbuf=0x146ec1600000, scount=2304, dtype=0x4c001041, rbuf=0x146ec1690000, rcount=2304, datatype=dtype=0x4c001041, comm=comm=0xc400000b) failed
MPIR_CRAY_Alltoall_throttled(471): 
MPIR_Waitall(167)................: 
MPIR_Waitall_impl(51)............: 
MPID_Progress_wait(184)..........: 
MPIDI_Progress_test(80)..........: 
MPIDI_OFI_handle_cq_error(1059)..: OFI poll failed (ofi_events.c:1061:MPIDI_OFI_handle_cq_error:Input/output error - remote access error)

aborting job:
Fatal error in PMPI_Alltoall: Other MPI error, error stack:
PMPI_Alltoall(433)...............: MPI_Alltoall(sbuf=0x146ec1600000, scount=2304, dtype=0x4c001041, rbuf=0x146ec1690000, rcount=2304, datatype=dtype=0x4c001041, comm=comm=0xc400000b) failed
MPIR_CRAY_Alltoall_throttled(471): 
MPIR_Waitall(167)................: 
MPIR_Waitall_impl(51)............: 
MPID_Progress_wait(184)..........: 
MPIDI_Progress_test(80)..........: 
MPIDI_OFI_handle_cq_error(1059)..: OFI poll failed (ofi_events.c:1061:MPIDI_OFI_handle_cq_error:Input/output error - remote access error)
MPICH ERROR [Rank 9] [job id 979669d6-7472-4be7-9041-6145e0a645ad] [Thu Aug  3 06:25:45 2023] [x3208c0s1b0n0] - Abort(674306447) (rank 9 in comm 0): Fatal error in PMPI_Alltoall: Other MPI error, error stack:
PMPI_Alltoall(433)...............: MPI_Alltoall(sbuf=0x14d06b600000, scount=2304, dtype=0x4c001041, rbuf=0x14d06b690000, rcount=2304, datatype=dtype=0x4c001041, comm=comm=0xc4000005) failed
MPIR_CRAY_Alltoall_throttled(471): 
MPIR_Waitall(167)................: 
MPIR_Waitall_impl(51)............: 
MPID_Progress_wait(184)..........: 
MPIDI_Progress_test(80)..........: 
MPIDI_OFI_handle_cq_error(1059)..: OFI poll failed (ofi_events.c:1061:MPIDI_OFI_handle_cq_error:Input/output error - remote access error)

aborting job:
Fatal error in PMPI_Alltoall: Other MPI error, error stack:
PMPI_Alltoall(433)...............: MPI_Alltoall(sbuf=0x14d06b600000, scount=2304, dtype=0x4c001041, rbuf=0x14d06b690000, rcount=2304, datatype=dtype=0x4c001041, comm=comm=0xc4000005) failed
MPIR_CRAY_Alltoall_throttled(471): 
MPIR_Waitall(167)................: 
MPIR_Waitall_impl(51)............: 
MPID_Progress_wait(184)..........: 
MPIDI_Progress_test(80)..........: 
MPIDI_OFI_handle_cq_error(1059)..: OFI poll failed (ofi_events.c:1061:MPIDI_OFI_handle_cq_error:Input/output error - remote access error)
MPICH ERROR [Rank 1] [job id 979669d6-7472-4be7-9041-6145e0a645ad] [Thu Aug  3 06:25:45 2023] [x3208c0s13b1n0] - Abort(674306447) (rank 1 in comm 0): Fatal error in PMPI_Alltoall: Other MPI error, error stack:
PMPI_Alltoall(433)...............: MPI_Alltoall(sbuf=0x155123600000, scount=2304, dtype=0x4c001041, rbuf=0x155123690000, rcount=2304, datatype=dtype=0x4c001041, comm=comm=0xc4000005) failed
MPIR_CRAY_Alltoall_throttled(471): 
MPIR_Waitall(167)................: 
MPIR_Waitall_impl(51)............: 
MPID_Progress_wait(184)..........: 
MPIDI_Progress_test(80)..........: 
MPIDI_OFI_handle_cq_error(1059)..: OFI poll failed (ofi_events.c:1061:MPIDI_OFI_handle_cq_error:Input/output error - remote access error)

aborting job:
Fatal error in PMPI_Alltoall: Other MPI error, error stack:
PMPI_Alltoall(433)...............: MPI_Alltoall(sbuf=0x155123600000, scount=2304, dtype=0x4c001041, rbuf=0x155123690000, rcount=2304, datatype=dtype=0x4c001041, comm=comm=0xc4000005) failed
MPIR_CRAY_Alltoall_throttled(471): 
MPIR_Waitall(167)................: 
MPIR_Waitall_impl(51)............: 
MPID_Progress_wait(184)..........: 
MPIDI_Progress_test(80)..........: 
MPIDI_OFI_handle_cq_error(1059)..: OFI poll failed (ofi_events.c:1061:MPIDI_OFI_handle_cq_error:Input/output error - remote access error)
MPICH ERROR [Rank 5] [job id 979669d6-7472-4be7-9041-6145e0a645ad] [Thu Aug  3 06:25:45 2023] [x3208c0s19b0n0] - Abort(137435535) (rank 5 in comm 0): Fatal error in PMPI_Alltoall: Other MPI error, error stack:
PMPI_Alltoall(433)...............: MPI_Alltoall(sbuf=0x154713600000, scount=2304, dtype=0x4c001041, rbuf=0x154713690000, rcount=2304, datatype=dtype=0x4c001041, comm=comm=0xc4000005) failed
MPIR_CRAY_Alltoall_throttled(471): 
MPIR_Waitall(167)................: 
MPIR_Waitall_impl(51)............: 
MPID_Progress_wait(184)..........: 
MPIDI_Progress_test(80)..........: 
MPIDI_OFI_handle_cq_error(1059)..: OFI poll failed (ofi_events.c:1061:MPIDI_OFI_handle_cq_error:Input/output error - remote access error)

aborting job:
Fatal error in PMPI_Alltoall: Other MPI error, error stack:
PMPI_Alltoall(433)...............: MPI_Alltoall(sbuf=0x154713600000, scount=2304, dtype=0x4c001041, rbuf=0x154713690000, rcount=2304, datatype=dtype=0x4c001041, comm=comm=0xc4000005) failed
MPIR_CRAY_Alltoall_throttled(471): 
MPIR_Waitall(167)................: 
MPIR_Waitall_impl(51)............: 
MPID_Progress_wait(184)..........: 
MPIDI_Progress_test(80)..........: 
MPIDI_OFI_handle_cq_error(1059)..: OFI poll failed (ofi_events.c:1061:MPIDI_OFI_handle_cq_error:Input/output error - remote access error)
MPICH ERROR [Rank 8] [job id 979669d6-7472-4be7-9041-6145e0a645ad] [Thu Aug  3 06:25:45 2023] [x3208c0s1b0n0] - Abort(875633039) (rank 8 in comm 0): Fatal error in PMPI_Alltoall: Other MPI error, error stack:
PMPI_Alltoall(433)...............: MPI_Alltoall(sbuf=0x151ac1600000, scount=2304, dtype=0x4c001041, rbuf=0x151ac1690000, rcount=2304, datatype=dtype=0x4c001041, comm=comm=0xc400000b) failed
MPIR_CRAY_Alltoall_throttled(471): 
MPIR_Waitall(167)................: 
MPIR_Waitall_impl(51)............: 
MPID_Progress_wait(184)..........: 
MPIDI_Progress_test(80)..........: 
MPIDI_OFI_handle_cq_error(1059)..: OFI poll failed (ofi_events.c:1061:MPIDI_OFI_handle_cq_error:Input/output error - remote access error)

aborting job:
Fatal error in PMPI_Alltoall: Other MPI error, error stack:
PMPI_Alltoall(433)...............: MPI_Alltoall(sbuf=0x151ac1600000, scount=2304, dtype=0x4c001041, rbuf=0x151ac1690000, rcount=2304, datatype=dtype=0x4c001041, comm=comm=0xc400000b) failed
MPIR_CRAY_Alltoall_throttled(471): 
MPIR_Waitall(167)................: 
MPIR_Waitall_impl(51)............: 
MPID_Progress_wait(184)..........: 
MPIDI_Progress_test(80)..........: 
MPIDI_OFI_handle_cq_error(1059)..: OFI poll failed (ofi_events.c:1061:MPIDI_OFI_handle_cq_error:Input/output error - remote access error)
MPICH ERROR [Rank 0] [job id 979669d6-7472-4be7-9041-6145e0a645ad] [Thu Aug  3 06:25:45 2023] [x3208c0s13b1n0] - Abort(70326671) (rank 0 in comm 0): Fatal error in PMPI_Alltoall: Other MPI error, error stack:
PMPI_Alltoall(433)...............: MPI_Alltoall(sbuf=0x15321b600000, scount=2304, dtype=0x4c001041, rbuf=0x15321b690000, rcount=2304, datatype=dtype=0x4c001041, comm=comm=0xc400000b) failed
MPIR_CRAY_Alltoall_throttled(471): 
MPIR_Waitall(167)................: 
MPIR_Waitall_impl(51)............: 
MPID_Progress_wait(184)..........: 
MPIDI_Progress_test(80)..........: 
MPIDI_OFI_handle_cq_error(1059)..: OFI poll failed (ofi_events.c:1061:MPIDI_OFI_handle_cq_error:Input/output error - remote access error)

aborting job:
Fatal error in PMPI_Alltoall: Other MPI error, error stack:
PMPI_Alltoall(433)...............: MPI_Alltoall(sbuf=0x15321b600000, scount=2304, dtype=0x4c001041, rbuf=0x15321b690000, rcount=2304, datatype=dtype=0x4c001041, comm=comm=0xc400000b) failed
MPIR_CRAY_Alltoall_throttled(471): 
MPIR_Waitall(167)................: 
MPIR_Waitall_impl(51)............: 
MPID_Progress_wait(184)..........: 
MPIDI_Progress_test(80)..........: 
MPIDI_OFI_handle_cq_error(1059)..: OFI poll failed (ofi_events.c:1061:MPIDI_OFI_handle_cq_error:Input/output error - remote access error)
MPICH ERROR [Rank 4] [job id 979669d6-7472-4be7-9041-6145e0a645ad] [Thu Aug  3 06:25:45 2023] [x3208c0s19b0n0] - Abort(741415311) (rank 4 in comm 0): Fatal error in PMPI_Alltoall: Other MPI error, error stack:
PMPI_Alltoall(433)...............: MPI_Alltoall(sbuf=0x14a6af600000, scount=2304, dtype=0x4c001041, rbuf=0x14a6af690000, rcount=2304, datatype=dtype=0x4c001041, comm=comm=0xc400000b) failed
MPIR_CRAY_Alltoall_throttled(471): 
MPIR_Waitall(167)................: 
MPIR_Waitall_impl(51)............: 
MPID_Progress_wait(184)..........: 
MPIDI_Progress_test(80)..........: 
MPIDI_OFI_handle_cq_error(1059)..: OFI poll failed (ofi_events.c:1061:MPIDI_OFI_handle_cq_error:Input/output error - remote access error)

aborting job:
Fatal error in PMPI_Alltoall: Other MPI error, error stack:
PMPI_Alltoall(433)...............: MPI_Alltoall(sbuf=0x14a6af600000, scount=2304, dtype=0x4c001041, rbuf=0x14a6af690000, rcount=2304, datatype=dtype=0x4c001041, comm=comm=0xc400000b) failed
MPIR_CRAY_Alltoall_throttled(471): 
MPIR_Waitall(167)................: 
MPIR_Waitall_impl(51)............: 
MPID_Progress_wait(184)..........: 
MPIDI_Progress_test(80)..........: 
MPIDI_OFI_handle_cq_error(1059)..: OFI poll failed (ofi_events.c:1061:MPIDI_OFI_handle_cq_error:Input/output error - remote access error)
x3208c0s19b0n0.hsn.cm.polaris.alcf.anl.gov: rank 6 exited with code 255
