tmp_files/5801fb19-f710-467a-a681-75e5b03baebe.sh: line 3: 59999 Segmentation fault      speed3d_r2c fftw float 64 64 64 -reorder -a2a -r2c_dir 0 -outgrid 64 16 1 -n5
[NID 01531] 2023-08-05 18:50:36 Apid 28495674: initiated application termination
tmp_files/5801fb19-f710-467a-a681-75e5b03baebe.sh: line 3: 59972 Segmentation fault      speed3d_r2c fftw float 64 64 64 -reorder -a2a -r2c_dir 0 -outgrid 64 16 1 -n5
tmp_files/5801fb19-f710-467a-a681-75e5b03baebe.sh: line 3: 59964 Segmentation fault      speed3d_r2c fftw float 64 64 64 -reorder -a2a -r2c_dir 0 -outgrid 64 16 1 -n5
tmp_files/5801fb19-f710-467a-a681-75e5b03baebe.sh: line 3: 60012 Segmentation fault      speed3d_r2c fftw float 64 64 64 -reorder -a2a -r2c_dir 0 -outgrid 64 16 1 -n5
tmp_files/5801fb19-f710-467a-a681-75e5b03baebe.sh: line 3: 59904 Segmentation fault      speed3d_r2c fftw float 64 64 64 -reorder -a2a -r2c_dir 0 -outgrid 64 16 1 -n5
tmp_files/5801fb19-f710-467a-a681-75e5b03baebe.sh: line 3: 59925 Segmentation fault      speed3d_r2c fftw float 64 64 64 -reorder -a2a -r2c_dir 0 -outgrid 64 16 1 -n5
tmp_files/5801fb19-f710-467a-a681-75e5b03baebe.sh: line 3: 59929 Segmentation fault      speed3d_r2c fftw float 64 64 64 -reorder -a2a -r2c_dir 0 -outgrid 64 16 1 -n5
tmp_files/5801fb19-f710-467a-a681-75e5b03baebe.sh: line 3: 59923 Segmentation fault      speed3d_r2c fftw float 64 64 64 -reorder -a2a -r2c_dir 0 -outgrid 64 16 1 -n5
tmp_files/5801fb19-f710-467a-a681-75e5b03baebe.sh: line 3: 60009 Segmentation fault      speed3d_r2c fftw float 64 64 64 -reorder -a2a -r2c_dir 0 -outgrid 64 16 1 -n5
tmp_files/5801fb19-f710-467a-a681-75e5b03baebe.sh: line 3: 59941 Segmentation fault      speed3d_r2c fftw float 64 64 64 -reorder -a2a -r2c_dir 0 -outgrid 64 16 1 -n5
tmp_files/5801fb19-f710-467a-a681-75e5b03baebe.sh: line 3: 59942 Segmentation fault      speed3d_r2c fftw float 64 64 64 -reorder -a2a -r2c_dir 0 -outgrid 64 16 1 -n5
tmp_files/5801fb19-f710-467a-a681-75e5b03baebe.sh: line 3: 59969 Segmentation fault      speed3d_r2c fftw float 64 64 64 -reorder -a2a -r2c_dir 0 -outgrid 64 16 1 -n5
tmp_files/5801fb19-f710-467a-a681-75e5b03baebe.sh: line 3: 59940 Segmentation fault      speed3d_r2c fftw float 64 64 64 -reorder -a2a -r2c_dir 0 -outgrid 64 16 1 -n5
tmp_files/5801fb19-f710-467a-a681-75e5b03baebe.sh: line 3: 59951 Segmentation fault      speed3d_r2c fftw float 64 64 64 -reorder -a2a -r2c_dir 0 -outgrid 64 16 1 -n5
tmp_files/5801fb19-f710-467a-a681-75e5b03baebe.sh: line 3: 59987 Segmentation fault      speed3d_r2c fftw float 64 64 64 -reorder -a2a -r2c_dir 0 -outgrid 64 16 1 -n5
tmp_files/5801fb19-f710-467a-a681-75e5b03baebe.sh: line 3: 59983 Segmentation fault      speed3d_r2c fftw float 64 64 64 -reorder -a2a -r2c_dir 0 -outgrid 64 16 1 -n5
tmp_files/5801fb19-f710-467a-a681-75e5b03baebe.sh: line 3: 59960 Segmentation fault      speed3d_r2c fftw float 64 64 64 -reorder -a2a -r2c_dir 0 -outgrid 64 16 1 -n5
tmp_files/5801fb19-f710-467a-a681-75e5b03baebe.sh: line 3: 59985 Segmentation fault      speed3d_r2c fftw float 64 64 64 -reorder -a2a -r2c_dir 0 -outgrid 64 16 1 -n5
tmp_files/5801fb19-f710-467a-a681-75e5b03baebe.sh: line 3: 59988 Segmentation fault      speed3d_r2c fftw float 64 64 64 -reorder -a2a -r2c_dir 0 -outgrid 64 16 1 -n5
tmp_files/5801fb19-f710-467a-a681-75e5b03baebe.sh: line 3: 59990 Segmentation fault      speed3d_r2c fftw float 64 64 64 -reorder -a2a -r2c_dir 0 -outgrid 64 16 1 -n5
tmp_files/5801fb19-f710-467a-a681-75e5b03baebe.sh: line 3: 60087 Segmentation fault      speed3d_r2c fftw float 64 64 64 -reorder -a2a -r2c_dir 0 -outgrid 64 16 1 -n5
tmp_files/5801fb19-f710-467a-a681-75e5b03baebe.sh: line 3: 60088 Segmentation fault      speed3d_r2c fftw float 64 64 64 -reorder -a2a -r2c_dir 0 -outgrid 64 16 1 -n5
tmp_files/5801fb19-f710-467a-a681-75e5b03baebe.sh: line 3: 60059 Segmentation fault      speed3d_r2c fftw float 64 64 64 -reorder -a2a -r2c_dir 0 -outgrid 64 16 1 -n5
tmp_files/5801fb19-f710-467a-a681-75e5b03baebe.sh: line 3: 59905 Segmentation fault      speed3d_r2c fftw float 64 64 64 -reorder -a2a -r2c_dir 0 -outgrid 64 16 1 -n5
tmp_files/5801fb19-f710-467a-a681-75e5b03baebe.sh: line 3: 59920 Segmentation fault      speed3d_r2c fftw float 64 64 64 -reorder -a2a -r2c_dir 0 -outgrid 64 16 1 -n5
tmp_files/5801fb19-f710-467a-a681-75e5b03baebe.sh: line 3: 59871 Segmentation fault      speed3d_r2c fftw float 64 64 64 -reorder -a2a -r2c_dir 0 -outgrid 64 16 1 -n5
tmp_files/5801fb19-f710-467a-a681-75e5b03baebe.sh: line 3: 59906 Segmentation fault      speed3d_r2c fftw float 64 64 64 -reorder -a2a -r2c_dir 0 -outgrid 64 16 1 -n5
tmp_files/5801fb19-f710-467a-a681-75e5b03baebe.sh: line 3: 59958 Segmentation fault      speed3d_r2c fftw float 64 64 64 -reorder -a2a -r2c_dir 0 -outgrid 64 16 1 -n5
tmp_files/5801fb19-f710-467a-a681-75e5b03baebe.sh: line 3: 59910 Segmentation fault      speed3d_r2c fftw float 64 64 64 -reorder -a2a -r2c_dir 0 -outgrid 64 16 1 -n5
tmp_files/5801fb19-f710-467a-a681-75e5b03baebe.sh: line 3: 59907 Segmentation fault      speed3d_r2c fftw float 64 64 64 -reorder -a2a -r2c_dir 0 -outgrid 64 16 1 -n5
tmp_files/5801fb19-f710-467a-a681-75e5b03baebe.sh: line 3: 59909 Segmentation fault      speed3d_r2c fftw float 64 64 64 -reorder -a2a -r2c_dir 0 -outgrid 64 16 1 -n5
tmp_files/5801fb19-f710-467a-a681-75e5b03baebe.sh: line 3: 59905 Segmentation fault      speed3d_r2c fftw float 64 64 64 -reorder -a2a -r2c_dir 0 -outgrid 64 16 1 -n5
tmp_files/5801fb19-f710-467a-a681-75e5b03baebe.sh: line 3: 59938 Segmentation fault      speed3d_r2c fftw float 64 64 64 -reorder -a2a -r2c_dir 0 -outgrid 64 16 1 -n5
tmp_files/5801fb19-f710-467a-a681-75e5b03baebe.sh: line 3: 59948 Segmentation fault      speed3d_r2c fftw float 64 64 64 -reorder -a2a -r2c_dir 0 -outgrid 64 16 1 -n5
tmp_files/5801fb19-f710-467a-a681-75e5b03baebe.sh: line 3: 59981 Segmentation fault      speed3d_r2c fftw float 64 64 64 -reorder -a2a -r2c_dir 0 -outgrid 64 16 1 -n5
tmp_files/5801fb19-f710-467a-a681-75e5b03baebe.sh: line 3: 60006 Segmentation fault      speed3d_r2c fftw float 64 64 64 -reorder -a2a -r2c_dir 0 -outgrid 64 16 1 -n5
tmp_files/5801fb19-f710-467a-a681-75e5b03baebe.sh: line 3: 59915 Segmentation fault      speed3d_r2c fftw float 64 64 64 -reorder -a2a -r2c_dir 0 -outgrid 64 16 1 -n5
tmp_files/5801fb19-f710-467a-a681-75e5b03baebe.sh: line 3: 59997 Segmentation fault      speed3d_r2c fftw float 64 64 64 -reorder -a2a -r2c_dir 0 -outgrid 64 16 1 -n5
tmp_files/5801fb19-f710-467a-a681-75e5b03baebe.sh: line 3: 59924 Segmentation fault      speed3d_r2c fftw float 64 64 64 -reorder -a2a -r2c_dir 0 -outgrid 64 16 1 -n5
tmp_files/5801fb19-f710-467a-a681-75e5b03baebe.sh: line 3: 59932 Segmentation fault      speed3d_r2c fftw float 64 64 64 -reorder -a2a -r2c_dir 0 -outgrid 64 16 1 -n5
tmp_files/5801fb19-f710-467a-a681-75e5b03baebe.sh: line 3: 59890 Segmentation fault      speed3d_r2c fftw float 64 64 64 -reorder -a2a -r2c_dir 0 -outgrid 64 16 1 -n5
tmp_files/5801fb19-f710-467a-a681-75e5b03baebe.sh: line 3: 60000 Segmentation fault      speed3d_r2c fftw float 64 64 64 -reorder -a2a -r2c_dir 0 -outgrid 64 16 1 -n5
tmp_files/5801fb19-f710-467a-a681-75e5b03baebe.sh: line 3: 59994 Segmentation fault      speed3d_r2c fftw float 64 64 64 -reorder -a2a -r2c_dir 0 -outgrid 64 16 1 -n5
tmp_files/5801fb19-f710-467a-a681-75e5b03baebe.sh: line 3: 59957 Segmentation fault      speed3d_r2c fftw float 64 64 64 -reorder -a2a -r2c_dir 0 -outgrid 64 16 1 -n5
tmp_files/5801fb19-f710-467a-a681-75e5b03baebe.sh: line 3: 59970 Segmentation fault      speed3d_r2c fftw float 64 64 64 -reorder -a2a -r2c_dir 0 -outgrid 64 16 1 -n5
tmp_files/5801fb19-f710-467a-a681-75e5b03baebe.sh: line 3: 59991 Segmentation fault      speed3d_r2c fftw float 64 64 64 -reorder -a2a -r2c_dir 0 -outgrid 64 16 1 -n5
tmp_files/5801fb19-f710-467a-a681-75e5b03baebe.sh: line 3: 59983 Segmentation fault      speed3d_r2c fftw float 64 64 64 -reorder -a2a -r2c_dir 0 -outgrid 64 16 1 -n5
tmp_files/5801fb19-f710-467a-a681-75e5b03baebe.sh: line 3: 59984 Segmentation fault      speed3d_r2c fftw float 64 64 64 -reorder -a2a -r2c_dir 0 -outgrid 64 16 1 -n5
tmp_files/5801fb19-f710-467a-a681-75e5b03baebe.sh: line 3: 59989 Segmentation fault      speed3d_r2c fftw float 64 64 64 -reorder -a2a -r2c_dir 0 -outgrid 64 16 1 -n5
tmp_files/5801fb19-f710-467a-a681-75e5b03baebe.sh: line 3: 59985 Segmentation fault      speed3d_r2c fftw float 64 64 64 -reorder -a2a -r2c_dir 0 -outgrid 64 16 1 -n5
tmp_files/5801fb19-f710-467a-a681-75e5b03baebe.sh: line 3: 59988 Segmentation fault      speed3d_r2c fftw float 64 64 64 -reorder -a2a -r2c_dir 0 -outgrid 64 16 1 -n5
tmp_files/5801fb19-f710-467a-a681-75e5b03baebe.sh: line 3: 59955 Segmentation fault      speed3d_r2c fftw float 64 64 64 -reorder -a2a -r2c_dir 0 -outgrid 64 16 1 -n5
tmp_files/5801fb19-f710-467a-a681-75e5b03baebe.sh: line 3: 59953 Segmentation fault      speed3d_r2c fftw float 64 64 64 -reorder -a2a -r2c_dir 0 -outgrid 64 16 1 -n5
tmp_files/5801fb19-f710-467a-a681-75e5b03baebe.sh: line 3: 59913 Segmentation fault      speed3d_r2c fftw float 64 64 64 -reorder -a2a -r2c_dir 0 -outgrid 64 16 1 -n5
tmp_files/5801fb19-f710-467a-a681-75e5b03baebe.sh: line 3: 59919 Segmentation fault      speed3d_r2c fftw float 64 64 64 -reorder -a2a -r2c_dir 0 -outgrid 64 16 1 -n5
tmp_files/5801fb19-f710-467a-a681-75e5b03baebe.sh: line 3: 59891 Segmentation fault      speed3d_r2c fftw float 64 64 64 -reorder -a2a -r2c_dir 0 -outgrid 64 16 1 -n5
tmp_files/5801fb19-f710-467a-a681-75e5b03baebe.sh: line 3: 59888 Segmentation fault      speed3d_r2c fftw float 64 64 64 -reorder -a2a -r2c_dir 0 -outgrid 64 16 1 -n5
tmp_files/5801fb19-f710-467a-a681-75e5b03baebe.sh: line 3: 59875 Segmentation fault      speed3d_r2c fftw float 64 64 64 -reorder -a2a -r2c_dir 0 -outgrid 64 16 1 -n5
tmp_files/5801fb19-f710-467a-a681-75e5b03baebe.sh: line 3: 59873 Segmentation fault      speed3d_r2c fftw float 64 64 64 -reorder -a2a -r2c_dir 0 -outgrid 64 16 1 -n5
tmp_files/5801fb19-f710-467a-a681-75e5b03baebe.sh: line 3: 59902 Segmentation fault      speed3d_r2c fftw float 64 64 64 -reorder -a2a -r2c_dir 0 -outgrid 64 16 1 -n5
tmp_files/5801fb19-f710-467a-a681-75e5b03baebe.sh: line 3: 59908 Segmentation fault      speed3d_r2c fftw float 64 64 64 -reorder -a2a -r2c_dir 0 -outgrid 64 16 1 -n5
tmp_files/5801fb19-f710-467a-a681-75e5b03baebe.sh: line 3: 59921 Segmentation fault      speed3d_r2c fftw float 64 64 64 -reorder -a2a -r2c_dir 0 -outgrid 64 16 1 -n5
tmp_files/5801fb19-f710-467a-a681-75e5b03baebe.sh: line 3: 59920 Segmentation fault      speed3d_r2c fftw float 64 64 64 -reorder -a2a -r2c_dir 0 -outgrid 64 16 1 -n5
tmp_files/5801fb19-f710-467a-a681-75e5b03baebe.sh: line 3: 59911 Segmentation fault      speed3d_r2c fftw float 64 64 64 -reorder -a2a -r2c_dir 0 -outgrid 64 16 1 -n5
tmp_files/5801fb19-f710-467a-a681-75e5b03baebe.sh: line 3: 59922 Segmentation fault      speed3d_r2c fftw float 64 64 64 -reorder -a2a -r2c_dir 0 -outgrid 64 16 1 -n5
tmp_files/5801fb19-f710-467a-a681-75e5b03baebe.sh: line 3: 59879 Segmentation fault      speed3d_r2c fftw float 64 64 64 -reorder -a2a -r2c_dir 0 -outgrid 64 16 1 -n5
tmp_files/5801fb19-f710-467a-a681-75e5b03baebe.sh: line 3: 60001 Segmentation fault      speed3d_r2c fftw float 64 64 64 -reorder -a2a -r2c_dir 0 -outgrid 64 16 1 -n5
tmp_files/5801fb19-f710-467a-a681-75e5b03baebe.sh: line 3: 59995 Segmentation fault      speed3d_r2c fftw float 64 64 64 -reorder -a2a -r2c_dir 0 -outgrid 64 16 1 -n5
tmp_files/5801fb19-f710-467a-a681-75e5b03baebe.sh: line 3: 59986 Segmentation fault      speed3d_r2c fftw float 64 64 64 -reorder -a2a -r2c_dir 0 -outgrid 64 16 1 -n5
tmp_files/5801fb19-f710-467a-a681-75e5b03baebe.sh: line 3: 59982 Segmentation fault      speed3d_r2c fftw float 64 64 64 -reorder -a2a -r2c_dir 0 -outgrid 64 16 1 -n5
tmp_files/5801fb19-f710-467a-a681-75e5b03baebe.sh: line 3: 59996 Segmentation fault      speed3d_r2c fftw float 64 64 64 -reorder -a2a -r2c_dir 0 -outgrid 64 16 1 -n5
tmp_files/5801fb19-f710-467a-a681-75e5b03baebe.sh: line 3: 59993 Segmentation fault      speed3d_r2c fftw float 64 64 64 -reorder -a2a -r2c_dir 0 -outgrid 64 16 1 -n5
tmp_files/5801fb19-f710-467a-a681-75e5b03baebe.sh: line 3: 59980 Segmentation fault      speed3d_r2c fftw float 64 64 64 -reorder -a2a -r2c_dir 0 -outgrid 64 16 1 -n5
tmp_files/5801fb19-f710-467a-a681-75e5b03baebe.sh: line 3: 59981 Segmentation fault      speed3d_r2c fftw float 64 64 64 -reorder -a2a -r2c_dir 0 -outgrid 64 16 1 -n5
tmp_files/5801fb19-f710-467a-a681-75e5b03baebe.sh: line 3: 59998 Segmentation fault      speed3d_r2c fftw float 64 64 64 -reorder -a2a -r2c_dir 0 -outgrid 64 16 1 -n5
tmp_files/5801fb19-f710-467a-a681-75e5b03baebe.sh: line 3: 59969 Segmentation fault      speed3d_r2c fftw float 64 64 64 -reorder -a2a -r2c_dir 0 -outgrid 64 16 1 -n5
tmp_files/5801fb19-f710-467a-a681-75e5b03baebe.sh: line 3: 59923 Segmentation fault      speed3d_r2c fftw float 64 64 64 -reorder -a2a -r2c_dir 0 -outgrid 64 16 1 -n5
tmp_files/5801fb19-f710-467a-a681-75e5b03baebe.sh: line 3: 59918 Segmentation fault      speed3d_r2c fftw float 64 64 64 -reorder -a2a -r2c_dir 0 -outgrid 64 16 1 -n5
tmp_files/5801fb19-f710-467a-a681-75e5b03baebe.sh: line 3: 59913 Segmentation fault      speed3d_r2c fftw float 64 64 64 -reorder -a2a -r2c_dir 0 -outgrid 64 16 1 -n5
tmp_files/5801fb19-f710-467a-a681-75e5b03baebe.sh: line 3: 59904 Segmentation fault      speed3d_r2c fftw float 64 64 64 -reorder -a2a -r2c_dir 0 -outgrid 64 16 1 -n5
tmp_files/5801fb19-f710-467a-a681-75e5b03baebe.sh: line 3: 59916 Segmentation fault      speed3d_r2c fftw float 64 64 64 -reorder -a2a -r2c_dir 0 -outgrid 64 16 1 -n5
tmp_files/5801fb19-f710-467a-a681-75e5b03baebe.sh: line 3: 59911 Segmentation fault      speed3d_r2c fftw float 64 64 64 -reorder -a2a -r2c_dir 0 -outgrid 64 16 1 -n5
tmp_files/5801fb19-f710-467a-a681-75e5b03baebe.sh: line 3: 59903 Segmentation fault      speed3d_r2c fftw float 64 64 64 -reorder -a2a -r2c_dir 0 -outgrid 64 16 1 -n5
tmp_files/5801fb19-f710-467a-a681-75e5b03baebe.sh: line 3: 59912 Segmentation fault      speed3d_r2c fftw float 64 64 64 -reorder -a2a -r2c_dir 0 -outgrid 64 16 1 -n5
tmp_files/5801fb19-f710-467a-a681-75e5b03baebe.sh: line 3: 59910 Segmentation fault      speed3d_r2c fftw float 64 64 64 -reorder -a2a -r2c_dir 0 -outgrid 64 16 1 -n5
tmp_files/5801fb19-f710-467a-a681-75e5b03baebe.sh: line 3: 59873 Segmentation fault      speed3d_r2c fftw float 64 64 64 -reorder -a2a -r2c_dir 0 -outgrid 64 16 1 -n5
tmp_files/5801fb19-f710-467a-a681-75e5b03baebe.sh: line 3: 60003 Segmentation fault      speed3d_r2c fftw float 64 64 64 -reorder -a2a -r2c_dir 0 -outgrid 64 16 1 -n5
tmp_files/5801fb19-f710-467a-a681-75e5b03baebe.sh: line 3: 60002 Segmentation fault      speed3d_r2c fftw float 64 64 64 -reorder -a2a -r2c_dir 0 -outgrid 64 16 1 -n5
tmp_files/5801fb19-f710-467a-a681-75e5b03baebe.sh: line 3: 59987 Segmentation fault      speed3d_r2c fftw float 64 64 64 -reorder -a2a -r2c_dir 0 -outgrid 64 16 1 -n5
tmp_files/5801fb19-f710-467a-a681-75e5b03baebe.sh: line 3: 59968 Segmentation fault      speed3d_r2c fftw float 64 64 64 -reorder -a2a -r2c_dir 0 -outgrid 64 16 1 -n5
tmp_files/5801fb19-f710-467a-a681-75e5b03baebe.sh: line 3: 59916 Segmentation fault      speed3d_r2c fftw float 64 64 64 -reorder -a2a -r2c_dir 0 -outgrid 64 16 1 -n5
tmp_files/5801fb19-f710-467a-a681-75e5b03baebe.sh: line 3: 59974 Segmentation fault      speed3d_r2c fftw float 64 64 64 -reorder -a2a -r2c_dir 0 -outgrid 64 16 1 -n5
tmp_files/5801fb19-f710-467a-a681-75e5b03baebe.sh: line 3: 60002 Segmentation fault      speed3d_r2c fftw float 64 64 64 -reorder -a2a -r2c_dir 0 -outgrid 64 16 1 -n5
tmp_files/5801fb19-f710-467a-a681-75e5b03baebe.sh: line 3: 60011 Segmentation fault      speed3d_r2c fftw float 64 64 64 -reorder -a2a -r2c_dir 0 -outgrid 64 16 1 -n5
tmp_files/5801fb19-f710-467a-a681-75e5b03baebe.sh: line 3: 59983 Segmentation fault      speed3d_r2c fftw float 64 64 64 -reorder -a2a -r2c_dir 0 -outgrid 64 16 1 -n5
tmp_files/5801fb19-f710-467a-a681-75e5b03baebe.sh: line 3: 60012 Segmentation fault      speed3d_r2c fftw float 64 64 64 -reorder -a2a -r2c_dir 0 -outgrid 64 16 1 -n5
tmp_files/5801fb19-f710-467a-a681-75e5b03baebe.sh: line 3: 59993 Segmentation fault      speed3d_r2c fftw float 64 64 64 -reorder -a2a -r2c_dir 0 -outgrid 64 16 1 -n5
tmp_files/5801fb19-f710-467a-a681-75e5b03baebe.sh: line 3: 59997 Segmentation fault      speed3d_r2c fftw float 64 64 64 -reorder -a2a -r2c_dir 0 -outgrid 64 16 1 -n5
tmp_files/5801fb19-f710-467a-a681-75e5b03baebe.sh: line 3: 59994 Segmentation fault      speed3d_r2c fftw float 64 64 64 -reorder -a2a -r2c_dir 0 -outgrid 64 16 1 -n5
tmp_files/5801fb19-f710-467a-a681-75e5b03baebe.sh: line 3: 60003 Segmentation fault      speed3d_r2c fftw float 64 64 64 -reorder -a2a -r2c_dir 0 -outgrid 64 16 1 -n5
tmp_files/5801fb19-f710-467a-a681-75e5b03baebe.sh: line 3: 60007 Segmentation fault      speed3d_r2c fftw float 64 64 64 -reorder -a2a -r2c_dir 0 -outgrid 64 16 1 -n5
tmp_files/5801fb19-f710-467a-a681-75e5b03baebe.sh: line 3: 59995 Segmentation fault      speed3d_r2c fftw float 64 64 64 -reorder -a2a -r2c_dir 0 -outgrid 64 16 1 -n5
tmp_files/5801fb19-f710-467a-a681-75e5b03baebe.sh: line 3: 59991 Segmentation fault      speed3d_r2c fftw float 64 64 64 -reorder -a2a -r2c_dir 0 -outgrid 64 16 1 -n5
tmp_files/5801fb19-f710-467a-a681-75e5b03baebe.sh: line 3: 60004 Segmentation fault      speed3d_r2c fftw float 64 64 64 -reorder -a2a -r2c_dir 0 -outgrid 64 16 1 -n5
tmp_files/5801fb19-f710-467a-a681-75e5b03baetmp_files/5801fb19-f710-467a-a681-75e5b03baebe.sh: line 3: 59948 Segmentation fault      speed3d_r2c fftw float 64 64 64 -reorder -a2a -r2c_dir 0 -outgrid 64 16 1 -n5
tmp_files/5801fb19-f710-467a-a681-75e5b03baebe.sh: line 3: 59976 Segmentation fault      speed3d_r2c fftw float 64 64 64 -reorder -a2a -r2c_dir 0 -outgrid 64 16 1 -n5
tmp_files/5801fb19-f710-467a-a681-75e5b03baebe.sh: line 3: 59970 Segmentation fault      speed3d_r2c fftw float 64 64 64 -reorder -a2a -r2c_dir 0 -outgrid 64 16 1 -n5
tmp_files/5801fb19-f710-467a-a681-75e5b03baebe.sh: line 3: 59969 Segmentation fault      speed3d_r2c fftw float 64 64 64 -reorder -a2a -r2c_dir 0 -outgrid 64 16 1 -n5
tmp_files/5801fb19-f710-467a-a681-75e5b03baebe.sh: line 3: 59975 Segmentation fault      speed3d_r2c fftw float 64 64 64 -reorder -a2a -r2c_dir 0 -outgrid 64 16 1 -n5
tmp_files/5801fb19-f710-467a-a681-75e5b03baebe.sh: line 3: 59979 Segmentation fault      speed3d_r2c fftw float 64 64 64 -reorder -a2a -r2c_dir 0 -outgrid 64 16 1 -n5
tmp_files/5801fb19-f710-467a-a681-75e5b03baebe.sh: line 3: 59986 Segmentation fault      speed3d_r2c fftw float 64 64 64 -reorder -a2a -r2c_dir 0 -outgrid 64 16 1 -n5
tmp_files/5801fb19-f710-467a-a681-75e5b03baebe.sh: line 3: 59992 Segmentation fault      speed3d_r2c fftw float 64 64 64 -reorder -a2a -r2c_dir 0 -outgrid 64 16 1 -n5
tmp_files/5801fb19-f710-467a-a681-75e5b03baebe.sh: line 3: 59974 Segmentation fault      speed3d_r2c fftw float 64 64 64 -reorder -a2a -r2c_dir 0 -outgrid 64 16 1 -n5
tmp_files/5801fb19-f710-467a-a681-75e5b03baebe.sh: line 3: 59981 Segmentation fault      speed3d_r2c fftw float 64 64 64 -reorder -a2a -r2c_dir 0 -outgrid 64 16 1 -n5
tmp_files/5801fb19-f710-467a-a681-75e5b03baebe.sh: line 3: 59978 Segmentation fault      speed3d_r2c fftw float 64 64 64 -reorder -a2a -r2c_dir 0 -outgrid 64 16 1 -n5
tmp_files/5801fb19-f710-467a-a681-75e5b03baebe.sh: line 3: 59955 Segmentation fault      speed3d_r2c fftw float 64 64 64 -reorder -a2a -r2c_dir 0 -outgrid 64 16 1 -n5
tmp_files/5801fb19-f710-467a-a681-75e5b03baetmp_files/5801fb19-f710-467a-a681-75e5b03baebe.sh: line 3: 59909 Segmentation fault      speed3d_r2c fftw float 64 64 64 -reorder -a2a -r2c_dir 0 -outgrid 64 16 1 -n5
tmp_files/5801fb19-f710-467a-a681-75e5b03baebe.sh: line 3: 59901 Segmentation fault      speed3d_r2c fftw float 64 64 64 -reorder -a2a -r2c_dir 0 -outgrid 64 16 1 -n5
tmp_files/5801fb19-f710-467a-a681-75e5b03baebe.sh: line 3: 59900 Segmentation fault      speed3d_r2c fftw float 64 64 64 -reorder -a2a -r2c_dir 0 -outgrid 64 16 1 -n5
tmp_files/5801fb19-f710-467a-a681-75e5b03baebe.sh: line 3: 59899 Segmentation fault      speed3d_r2c fftw float 64 64 64 -reorder -a2a -r2c_dir 0 -outgrid 64 16 1 -n5
tmp_files/5801fb19-f710-467a-a681-75e5b03baebe.sh: line 3: 59874 Segmentation fault      speed3d_r2c fftw float 64 64 64 -reorder -a2a -r2c_dir 0 -outgrid 64 16 1 -n5
tmp_files/5801fb19-f710-467a-a681-75e5b03baebe.sh: line 3: 59888 Segmentation fault      speed3d_r2c fftw float 64 64 64 -reorder -a2a -r2c_dir 0 -outgrid 64 16 1 -n5
tmp_files/5801fb19-f710-467a-a681-75e5b03baebe.sh: line 3: 59889 Segmentation fault      speed3d_r2c fftw float 64 64 64 -reorder -a2a -r2c_dir 0 -outgrid 64 16 1 -n5
tmp_files/5801fb19-f710-467a-a681-75e5b03baebe.sh: line 3: 59920 Segmentation fault      speed3d_r2c fftw float 64 64 64 -reorder -a2a -r2c_dir 0 -outgrid 64 16 1 -n5
tmp_files/5801fb19-f710-467a-a681-75e5b03baebe.sh: line 3: 59924 Segmentation fault      speed3d_r2c fftw float 64 64 64 -reorder -a2a -r2c_dir 0 -outgrid 64 16 1 -n5
tmp_files/5801fb19-f710-467a-a681-75e5b03baebe.sh: line 3: 59916 Segmentation fault      speed3d_r2c fftw float 64 64 64 -reorder -a2a -r2c_dir 0 -outgrid 64 16 1 -n5
tmp_files/5801fb19-f710-467a-a681-75e5b03baebe.sh: line 3: 59922 Segmentation fault      speed3d_r2c fftw float 64 64 64 -reorder -a2a -r2c_dir 0 -outgrid 64 16 1 -n5
tmp_files/5801fb19-f710-467a-a681-75e5b03baebe.sh: line 3: 59876 Segmentation fault      speed3d_r2c fftw float 64 64 64 -reorder -a2a -r2c_dir 0 -outgrid 64 16 1 -n5
tmp_files/5801fb19-f710-467a-a681-75e5b03baebe.sh: line 3: 59878 Segmentation fault      speed3d_r2c fftw float 64 64 64 -reorder -a2a -r2c_dir 0 -outgrid 64 16 1 -n5
tmp_files/5801fb19-f710-467a-a681-75e5b03baebe.sh: line 3: 59900 Segmentation fault      speed3d_r2c fftw float 64 64 64 -reorder -a2a -r2c_dir 0 -outgrid 64 16 1 -n5
tmp_files/5801fb19-f710-467a-a681-75e5b03baebe.sh: line 3: 59906 Segmentation fault      speed3d_r2c fftw float 64 64 64 -reorder -a2a -r2c_dir 0 -outgrid 64 16 1 -n5
tmp_files/5801fb19-f710-467a-a681-75e5b03baetmp_files/5801fb19-f710-467a-a681-75e5b03baebe.sh: line 3: 59923 Segmentation fault      speed3d_r2c fftw float 64 64 64 -reorder -a2a -r2c_dir 0 -outgrid 64 16 1 -n5
tmp_files/5801fb19-f710-467a-a681-75e5b03baebe.sh: line 3: 59915 Segmentation fault      speed3d_r2c fftw float 64 64 64 -reorder -a2a -r2c_dir 0 -outgrid 64 16 1 -n5
tmp_files/5801fb19-f710-467a-a681-75e5b03baebe.sh: line 3: 59912 Segmentation fault      speed3d_r2c fftw float 64 64 64 -reorder -a2a -r2c_dir 0 -outgrid 64 16 1 -n5
tmp_files/5801fb19-f710-467a-a681-75e5b03baebe.sh: line 3: 59911 Segmentation fault      speed3d_r2c fftw float 64 64 64 -reorder -a2a -r2c_dir 0 -outgrid 64 16 1 -n5
tmp_files/5801fb19-f710-467a-a681-75e5b03baebe.sh: line 3: 59914 Segmentation fault      speed3d_r2c fftw float 64 64 64 -reorder -a2a -r2c_dir 0 -outgrid 64 16 1 -n5
tmp_files/5801fb19-f710-467a-a681-75e5b03baebe.sh: line 3: 59916 Segmentation fault      speed3d_r2c fftw float 64 64 64 -reorder -a2a -r2c_dir 0 -outgrid 64 16 1 -n5
tmp_files/5801fb19-f710-467a-a681-75e5b03baebe.sh: line 3: 59882 Segmentation fault      speed3d_r2c fftw float 64 64 64 -reorder -a2a -r2c_dir 0 -outgrid 64 16 1 -n5
tmp_files/5801fb19-f710-467a-a681-75e5b03baebe.sh: line 3: 59883 Segmentation fault      speed3d_r2c fftw float 64 64 64 -reorder -a2a -r2c_dir 0 -outgrid 64 16 1 -n5
tmp_files/5801fb19-f710-467a-a681-75e5b03baebe.sh: line 3: 59930 Segmentation fault      speed3d_r2c fftw float 64 64 64 -reorder -a2a -r2c_dir 0 -outgrid 64 16 1 -n5
tmp_files/5801fb19-f710-467a-a681-75e5b03baebe.sh: line 3: 59893 Segmentation fault      speed3d_r2c fftw float 64 64 64 -reorder -a2a -r2c_dir 0 -outgrid 64 16 1 -n5
tmp_files/5801fb19-f710-467a-a681-75e5b03baebe.sh: line 3: 59894 Segmentation fault      speed3d_r2c fftw float 64 64 64 -reorder -a2a -r2c_dir 0 -outgrid 64 16 1 -n5
tmp_files/5801fb19-f710-467a-a681-75e5b03baebe.sh: line 3: 59926 Segmentation fault      speed3d_r2c fftw float 64 64 64 -reorder -a2a -r2c_dir 0 -outgrid 64 16 1 -n5
tmp_files/5801fb19-f710-467a-a681-75e5b03baetmp_files/5801fb19-f710-467a-a681-75e5b03baebe.sh: line 3: 59947 Segmentation fault      speed3d_r2c fftw float 64 64 64 -reorder -a2a -r2c_dir 0 -outgrid 64 16 1 -n5
tmp_files/5801fb19-f710-467a-a681-75e5b03baebe.sh: line 3: 59938 Segmentation fault      speed3d_r2c fftw float 64 64 64 -reorder -a2a -r2c_dir 0 -outgrid 64 16 1 -n5
tmp_files/5801fb19-f710-467a-a681-75e5b03baebe.sh: line 3: 59944 Segmentation fault      speed3d_r2c fftw float 64 64 64 -reorder -a2a -r2c_dir 0 -outgrid 64 16 1 -n5
tmp_files/5801fb19-f710-467a-a681-75e5b03baebe.sh: line 3: 59945 Segmentation fault      speed3d_r2c fftw float 64 64 64 -reorder -a2a -r2c_dir 0 -outgrid 64 16 1 -n5
tmp_files/5801fb19-f710-467a-a681-75e5b03baebe.sh: line 3: 59943 Segmentation fault      speed3d_r2c fftw float 64 64 64 -reorder -a2a -r2c_dir 0 -outgrid 64 16 1 -n5
tmp_files/5801fb19-f710-467a-a681-75e5b03baebe.sh: line 3: 59939 Segmentation fault      speed3d_r2c fftw float 64 64 64 -reorder -a2a -r2c_dir 0 -outgrid 64 16 1 -n5
tmp_files/5801fb19-f710-467a-a681-75e5b03baebe.sh: line 3: 59946 Segmentation fault      speed3d_r2c fftw float 64 64 64 -reorder -a2a -r2c_dir 0 -outgrid 64 16 1 -n5
tmp_files/5801fb19-f710-467a-a681-75e5b03baebe.sh: line 3: 59948 Segmentation fault      speed3d_r2c fftw float 64 64 64 -reorder -a2a -r2c_dir 0 -outgrid 64 16 1 -n5
tmp_files/5801fb19-f710-467a-a681-75e5b03baebe.sh: line 3: 59952 Segmentation fault      speed3d_r2c fftw float 64 64 64 -reorder -a2a -r2c_dir 0 -outgrid 64 16 1 -n5
tmp_files/5801fb19-f710-467a-a681-75e5b03baebe.sh: line 3: 59950 Segmentation fault      speed3d_r2c fftw float 64 64 64 -reorder -a2a -r2c_dir 0 -outgrid 64 16 1 -n5
be.sh: line 3: 59928 Segmentation fault      speed3d_r2c fftw float 64 64 64 -reorder -a2a -r2c_dir 0 -outgrid 64 16 1 -n5
tmp_files/5801fb19-f710-467a-a681-75e5b03baebe.sh: line 3: 59908 Segmentation fault      speed3d_r2c fftw float 64 64 64 -reorder -a2a -r2c_dir 0 -outgrid 64 16 1 -n5
tmp_files/5801fb19-f710-467a-a681-75e5b03baebe.sh: line 3: 59910 Segmentation fault      speed3d_r2c fftw float 64 64 64 -reorder -a2a -r2c_dir 0 -outgrid 64 16 1 -n5
tmp_files/5801fb19-f710-467a-a681-75e5b03baebe.sh: line 3: 59919 Segmentation fault      speed3d_r2c fftw float 64 64 64 -reorder -a2a -r2c_dir 0 -outgrid 64 16 1 -n5
tmp_files/5801fb19-f710-467a-a681-75e5b03baebe.sh: line 3: 59921 Segmentation fault      speed3d_r2c fftw float 64 64 64 -reorder -a2a -r2c_dir 0 -outgrid 64 16 1 -n5
tmp_files/5801fb19-f710-467a-a681-75e5b03baebe.sh: line 3: 59927 Segmentation fault      speed3d_r2c fftw float 64 64 64 -reorder -a2a -r2c_dir 0 -outgrid 64 16 1 -n5
tmp_files/5801fb19-f710-467a-a681-75e5b03baebe.sh: line 3: 59929 Segmentation fault      speed3d_r2c fftw float 64 64 64 -reorder -a2a -r2c_dir 0 -outgrid 64 16 1 -n5
tmp_files/5801fb19-f710-467a-a681-75e5b03baebe.sh: line 3: 59909 Segmentation fault      speed3d_r2c fftw float 64 64 64 -reorder -a2a -r2c_dir 0 -outgrid 64 16 1 -n5
tmp_files/5801fb19-f710-467a-a681-75e5b03baebe.sh: line 3: 59907 Segmentation fault      speed3d_r2c fftw float 64 64 64 -reorder -a2a -r2c_dir 0 -outgrid 64 16 1 -n5
tmp_files/5801fb19-f710-467a-a681-75e5b03baebe.sh: line 3: 59930 Segmentation fault      speed3d_r2c fftw float 64 64 64 -reorder -a2a -r2c_dir 0 -outgrid 64 16 1 -n5
tmp_files/5801fb19-f710-467a-a681-75e5b03baebe.sh: line 3: 59928 Segmentation fault      speed3d_r2c fftw float 64 64 64 -reorder -a2a -r2c_dir 0 -outgrid 64 16 1 -n5
tmp_files/5801fb19-f710-467a-a681-75e5b03baebe.sh: line 3: 59931 Segmentation fault      speed3d_r2c fftw float 64 64 64 -reorder -a2a -r2c_dir 0 -outgrid 64 16 1 -n5
tmp_files/5801fb19-f710-467a-a681-75e5b03baebe.sh: line 3: 59935 Segmentation fault      speed3d_r2c fftw float 64 64 64 -reorder -a2a -r2c_dir 0 -outgrid 64 16 1 -n5
tmp_files/5801fb19-f710-467a-a681-75e5b03baebe.sh: line 3: 59926 Segmentation fault      speed3d_r2c fftw float 64 64 64 -reorder -a2a -r2c_dir 0 -outgrid 64 16 1 -n5
tmp_files/5801fb19-f710-467a-a681-75e5b03baebe.sh: line 3: 59927 Segmentation fault      speed3d_r2c fftw float 64 64 64 -reorder -a2a -r2c_dir 0 -outgrid 64 16 1 -n5
tmp_files/5801fb19-f710-467a-a681-75e5b03baebe.sh: line 3: 59932 Segmentation fault      speed3d_r2c fftw float 64 64 64 -reorder -a2a -r2c_dir 0 -outgrid 64 16 1 -n5
tmp_files/5801fb19-f710-467a-a681-75e5b03baebe.sh: line 3: 59938 Segmentation fault      speed3d_r2c fftw float 64 64 64 -reorder -a2a -r2c_dir 0 -outgrid 64 16 1 -n5
tmp_files/5801fb19-f710-467a-a681-75e5b03baebe.sh: line 3: 59944 Segmentation fault      speed3d_r2c fftw float 64 64 64 -reorder -a2a -r2c_dir 0 -outgrid 64 16 1 -n5
tmp_files/5801fb19-f710-467a-a681-75e5b03baebe.sh: line 3: 59933 Segmentation fault      speed3d_r2c fftw float 64 64 64 -reorder -a2a -r2c_dir 0 -outgrid 64 16 1 -n5
tmp_files/5801fb19-f710-467a-a681-75e5b03baebe.sh: line 3: 59934 Segmentation fault      speed3d_r2c fftw float 64 64 64 -reorder -a2a -r2c_dir 0 -outgrid 64 16 1 -n5
tmp_files/5801fb19-f710-467a-a681-75e5b03baebe.sh: line 3: 59937 Segmentation fault      speed3d_r2c fftw float 64 64 64 -reorder -a2a -r2c_dir 0 -outgrid 64 16 1 -n5
tmp_files/5801fb19-f710-467a-a681-75e5b03baetmp_files/5801fb19-f710-467a-a681-75e5b03baebe.sh: line 3: 59995 Segmentation fault      speed3d_r2c fftw float 64 64 64 -reorder -a2a -r2c_dir 0 -outgrid 64 16 1 -n5
tmp_files/5801fb19-f710-467a-a681-75e5b03baebe.sh: line 3: 59991 Segmentation fault      speed3d_r2c fftw float 64 64 64 -reorder -a2a -r2c_dir 0 -outgrid 64 16 1 -n5
tmp_files/5801fb19-f710-467a-a681-75e5b03baebe.sh: line 3: 60005 Segmentation fault      speed3d_r2c fftw float 64 64 64 -reorder -a2a -r2c_dir 0 -outgrid 64 16 1 -n5
tmp_files/5801fb19-f710-467a-a681-75e5b03baebe.sh: line 3: 60009 Segmentation fault      speed3d_r2c fftw float 64 64 64 -reorder -a2a -r2c_dir 0 -outgrid 64 16 1 -n5
tmp_files/5801fb19-f710-467a-a681-75e5b03baebe.sh: line 3: 60007 Segmentation fault      speed3d_r2c fftw float 64 64 64 -reorder -a2a -r2c_dir 0 -outgrid 64 16 1 -n5
tmp_files/5801fb19-f710-467a-a681-75e5b03baebe.sh: line 3: 60006 Segmentation fault      speed3d_r2c fftw float 64 64 64 -reorder -a2a -r2c_dir 0 -outgrid 64 16 1 -n5
tmp_files/5801fb19-f710-467a-a681-75e5b03baebe.sh: line 3: 60001 Segmentation fault      speed3d_r2c fftw float 64 64 64 -reorder -a2a -r2c_dir 0 -outgrid 64 16 1 -n5
tmp_files/5801fb19-f710-467a-a681-75e5b03baebe.sh: line 3: 59992 Segmentation fault      speed3d_r2c fftw float 64 64 64 -reorder -a2a -r2c_dir 0 -outgrid 64 16 1 -n5
tmp_files/5801fb19-f710-467a-a681-75e5b03baebe.sh: line 3: 60004 Segmentation fault      speed3d_r2c fftw float 64 64 64 -reorder -a2a -r2c_dir 0 -outgrid 64 16 1 -n5
tmp_files/5801fb19-f710-467a-a681-75e5b03baebe.sh: line 3: 60003 Segmentation fault      speed3d_r2c fftw float 64 64 64 -reorder -a2a -r2c_dir 0 -outgrid 64 16 1 -n5
tmp_files/5801fb19-f710-467a-a681-75e5b03baebe.sh: line 3: 60000 Segmentation fault      speed3d_r2c fftw float 64 64 64 -reorder -a2a -r2c_dir 0 -outgrid 64 16 1 -n5
tmp_files/5801fb19-f710-467a-a681-75e5b03baebe.sh: line 3: 60008 Segmentation fault      speed3d_r2c fftw float 64 64 64 -reorder -a2a -r2c_dir 0 -outgrid 64 16 1 -n5
tmp_files/5801fb19-f710-467a-a681-75e5b03baetmp_files/5801fb19-f710-467a-a681-75e5b03baebe.sh: line 3: 59965 Segmentation fault      speed3d_r2c fftw float 64 64 64 -reorder -a2a -r2c_dir 0 -outgrid 64 16 1 -n5
tmp_files/5801fb19-f710-467a-a681-75e5b03baebe.sh: line 3: 60014 Segmentation fault      speed3d_r2c fftw float 64 64 64 -reorder -a2a -r2c_dir 0 -outgrid 64 16 1 -n5
tmp_files/5801fb19-f710-467a-a681-75e5b03baebe.sh: line 3: 60018 Segmentation fault      speed3d_r2c fftw float 64 64 64 -reorder -a2a -r2c_dir 0 -outgrid 64 16 1 -n5
tmp_files/5801fb19-f710-467a-a681-75e5b03baebe.sh: line 3: 60105 Segmentation fault      speed3d_r2c fftw float 64 64 64 -reorder -a2a -r2c_dir 0 -outgrid 64 16 1 -n5
tmp_files/5801fb19-f710-467a-a681-75e5b03baebe.sh: line 3: 60091 Segmentation fault      speed3d_r2c fftw float 64 64 64 -reorder -a2a -r2c_dir 0 -outgrid 64 16 1 -n5
tmp_files/5801fb19-f710-467a-a681-75e5b03baebe.sh: line 3: 60003 Segmentation fault      speed3d_r2c fftw float 64 64 64 -reorder -a2a -r2c_dir 0 -outgrid 64 16 1 -n5
tmp_files/5801fb19-f710-467a-a681-75e5b03baebe.sh: line 3: 59997 Segmentation fault      speed3d_r2c fftw float 64 64 64 -reorder -a2a -r2c_dir 0 -outgrid 64 16 1 -n5
tmp_files/5801fb19-f710-467a-a681-75e5b03baebe.sh: line 3: 59996 Segmentation fault      speed3d_r2c fftw float 64 64 64 -reorder -a2a -r2c_dir 0 -outgrid 64 16 1 -n5
tmp_files/5801fb19-f710-467a-a681-75e5b03baebe.sh: line 3: 59986 Segmentation fault      speed3d_r2c fftw float 64 64 64 -reorder -a2a -r2c_dir 0 -outgrid 64 16 1 -n5
tmp_files/5801fb19-f710-467a-a681-75e5b03baebe.sh: line 3: 59992 Segmentation fault      speed3d_r2c fftw float 64 64 64 -reorder -a2a -r2c_dir 0 -outgrid 64 16 1 -n5
tmp_files/5801fb19-f710-467a-a681-75e5b03baebe.sh: line 3: 59991 Segmentation fault      speed3d_r2c fftw float 64 64 64 -reorder -a2a -r2c_dir 0 -outgrid 64 16 1 -n5
tmp_files/5801fb19-f710-467a-a681-75e5b03baebe.sh: line 3: 59962 Segmentation fault      speed3d_r2c fftw float 64 64 64 -reorder -a2a -r2c_dir 0 -outgrid 64 16 1 -n5
tmp_files/5801fb19-f710-467a-a681-75e5b03baebe.sh: line 3: 60007 Segmentation fault      speed3d_r2c fftw float 64 64 64 -reorder -a2a -r2c_dir 0 -outgrid 64 16 1 -n5
tmp_files/5801fb19-f710-467a-a681-75e5b03baebe.sh: line 3: 60016 Segmentation fault      speed3d_r2c fftw float 64 64 64 -reorder -a2a -r2c_dir 0 -outgrid 64 16 1 -n5
tmp_files/5801fb19-f710-467a-a681-75e5b03baebe.sh: line 3: 59984 Segmentation fault      speed3d_r2c fftw float 64 64 64 -reorder -a2a -r2c_dir 0 -outgrid 64 16 1 -n5
tmp_files/5801fb19-f710-467a-a681-75e5b03baebe.sh: line 3: 59960 Segmentation fault      speed3d_r2c fftw float 64 64 64 -reorder -a2a -r2c_dir 0 -outgrid 64 16 1 -n5
tmp_files/5801fb19-f710-467a-a681-75e5b03baebe.sh: line 3: 59952 Segmentation fault      speed3d_r2c fftw float 64 64 64 -reorder -a2a -r2c_dir 0 -outgrid 64 16 1 -n5
tmp_files/5801fb19-f710-467a-a681-75e5b03baebe.sh: line 3: 59990 Segmentation fault      speed3d_r2c fftw float 64 64 64 -reorder -a2a -r2c_dir 0 -outgrid 64 16 1 -n5
tmp_files/5801fb19-f710-467a-a681-75e5b03baebe.sh: line 3: 59983 Segmentation fault      speed3d_r2c fftw float 64 64 64 -reorder -a2a -r2c_dir 0 -outgrid 64 16 1 -n5
tmp_files/5801fb19-f710-467a-a681-75e5b03baebe.sh: line 3: 59994 Segmentation fault      speed3d_r2c fftw float 64 64 64 -reorder -a2a -r2c_dir 0 -outgrid 64 16 1 -n5
tmp_files/5801fb19-f710-467a-a681-75e5b03baebe.sh: line 3: 59995 Segmentation fault      speed3d_r2c fftw float 64 64 64 -reorder -a2a -r2c_dir 0 -outgrid 64 16 1 -n5
tmp_files/5801fb19-f710-467a-a681-75e5b03baebe.sh: line 3: 59989 Segmentation fault      speed3d_r2c fftw float 64 64 64 -reorder -a2a -r2c_dir 0 -outgrid 64 16 1 -n5
tmp_files/5801fb19-f710-467a-a681-75e5b03baebe.sh: line 3: 59988 Segmentation fault      speed3d_r2c fftw float 64 64 64 -reorder -a2a -r2c_dir 0 -outgrid 64 16 1 -n5
tmp_files/5801fb19-f710-467a-a681-75e5b03baebe.sh: line 3: 59967 Segmentation fault      speed3d_r2c fftw float 64 64 64 -reorder -a2a -r2c_dir 0 -outgrid 64 16 1 -n5
tmp_files/5801fb19-f710-467a-a681-75e5b03baebe.sh: line 3: 59978 Segmentation fault      speed3d_r2c fftw float 64 64 64 -reorder -a2a -r2c_dir 0 -outgrid 64 16 1 -n5
tmp_files/5801fb19-f710-467a-a681-75e5b03baebe.sh: line 3: 59993 Segmentation fault      speed3d_r2c fftw float 64 64 64 -reorder -a2a -r2c_dir 0 -outgrid 64 16 1 -n5
tmp_files/5801fb19-f710-467a-a681-75e5b03baebe.sh: line 3: 59962 Segmentation fault      speed3d_r2c fftw float 64 64 64 -reorder -a2a -r2c_dir 0 -outgrid 64 16 1 -n5
tmp_files/5801fb19-f710-467a-a681-75e5b03baebe.sh: line 3: 59964 Segmentation fault      speed3d_r2c fftw float 64 64 64 -reorder -a2a -r2c_dir 0 -outgrid 64 16 1 -n5
tmp_files/5801fb19-f710-467a-a681-75e5b03baebe.sh: line 3: 59940 Segmentation fault      speed3d_r2c fftw float 64 64 64 -reorder -a2a -r2c_dir 0 -outgrid 64 16 1 -n5
tmp_files/5801fb19-f710-467a-a681-75e5b03baebe.sh: line 3: 59926 Segmentation fault      speed3d_r2c fftw float 64 64 64 -reorder -a2a -r2c_dir 0 -outgrid 64 16 1 -n5
tmp_files/5801fb19-f710-467a-a681-75e5b03baebe.sh: line 3: 59987 Segmentation fault      speed3d_r2c fftw float 64 64 64 -reorder -a2a -r2c_dir 0 -outgrid 64 16 1 -n5
tmp_files/5801fb19-f710-467a-a681-75e5b03baebe.sh: line 3: 59977 Segmentation fault      speed3d_r2c fftw float 64 64 64 -reorder -a2a -r2c_dir 0 -outgrid 64 16 1 -n5
tmp_files/5801fb19-f710-467a-a681-75e5b03baebe.sh: line 3: 59950 Segmentation fault      speed3d_r2c fftw float 64 64 64 -reorder -a2a -r2c_dir 0 -outgrid 64 16 1 -n5
tmp_files/5801fb19-f710-467a-a681-75e5b03baebe.sh: line 3: 59990 Segmentation fault      speed3d_r2c fftw float 64 64 64 -reorder -a2a -r2c_dir 0 -outgrid 64 16 1 -n5
tmp_files/5801fb19-f710-467a-a681-75e5b03baebe.sh: line 3: 59987 Segmentation fault      speed3d_r2c fftw float 64 64 64 -reorder -a2a -r2c_dir 0 -outgrid 64 16 1 -n5
tmp_files/5801fb19-f710-467a-a681-75e5b03baebe.sh: line 3: 59992 Segmentation fault      speed3d_r2c fftw float 64 64 64 -reorder -a2a -r2c_dir 0 -outgrid 64 16 1 -n5
tmp_files/5801fb19-f710-467a-a681-75e5b03baebe.sh: line 3: 59993 Segmentation fault      speed3d_r2c fftw float 64 64 64 -reorder -a2a -r2c_dir 0 -outgrid 64 16 1 -n5
tmp_files/5801fb19-f710-467a-a681-75e5b03baebe.sh: line 3: 59998 Segmentation fault      speed3d_r2c fftw float 64 64 64 -reorder -a2a -r2c_dir 0 -outgrid 64 16 1 -n5
tmp_files/5801fb19-f710-467a-a681-75e5b03baebe.sh: line 3: 59994 Segmentation fault      speed3d_r2c fftw float 64 64 64 -reorder -a2a -r2c_dir 0 -outgrid 64 16 1 -n5
tmp_files/5801fb19-f710-467a-a681-75e5b03baebe.sh: line 3: 59997 Segmentation fault      speed3d_r2c fftw float 64 64 64 -reorder -a2a -r2c_dir 0 -outgrid 64 16 1 -n5
tmp_files/5801fb19-f710-467a-a681-75e5b03baebe.sh: line 3: 60000 Segmentation fault      speed3d_r2c fftw float 64 64 64 -reorder -a2a -r2c_dir 0 -outgrid 64 16 1 -n5
tmp_files/5801fb19-f710-467a-a681-75e5b03baebe.sh: line 3: 59999 Segmentation fault      speed3d_r2c fftw float 64 64 64 -reorder -a2a -r2c_dir 0 -outgrid 64 16 1 -n5
tmp_files/5801fb19-f710-467a-a681-75e5b03baebe.sh: line 3: 60011 Segmentation fault      speed3d_r2c fftw float 64 64 64 -reorder -a2a -r2c_dir 0 -outgrid 64 16 1 -n5
tmp_files/5801fb19-f710-467a-a681-75e5b03baebe.sh: line 3: 60006 Segmentation fault      speed3d_r2c fftw float 64 64 64 -reorder -a2a -r2c_dir 0 -outgrid 64 16 1 -n5
tmp_files/5801fb19-f710-467a-a681-75e5b03baebe.sh: line 3: 60007 Segmentation fault      speed3d_r2c fftw float 64 64 64 -reorder -a2a -r2c_dir 0 -outgrid 64 16 1 -n5
tmp_files/5801fb19-f710-467a-a681-75e5b03baebe.sh: line 3: 60008 Segmentation fault      speed3d_r2c fftw float 64 64 64 -reorder -a2a -r2c_dir 0 -outgrid 64 16 1 -n5
tmp_files/5801fb19-f710-467a-a681-75e5b03baebe.sh: line 3: 59996 Segmentation fault      speed3d_r2c fftw float 64 64 64 -reorder -a2a -r2c_dir 0 -outgrid 64 16 1 -n5
tmp_files/5801fb19-f710-467a-a681-75e5b03baebe.sh: line 3: 59995 Segmentation fault      speed3d_r2c fftw float 64 64 64 -reorder -a2a -r2c_dir 0 -outgrid 64 16 1 -n5
tmp_files/5801fb19-f710-467a-a681-75e5b03baebe.sh: line 3: 59991 Segmentation fault      speed3d_r2c fftw float 64 64 64 -reorder -a2a -r2c_dir 0 -outgrid 64 16 1 -n5
tmp_files/5801fb19-f710-467a-a681-75e5b03baebe.sh: line 3: 60001 Segmentation fault      speed3d_r2c fftw float 64 64 64 -reorder -a2a -r2c_dir 0 -outgrid 64 16 1 -n5
tmp_files/5801fb19-f710-467a-a681-75e5b03baebe.sh: line 3: 60002 Segmentation fault      speed3d_r2c fftw float 64 64 64 -reorder -a2a -r2c_dir 0 -outgrid 64 16 1 -n5
tmp_files/5801fb19-f710-467a-a681-75e5b03baebe.sh: line 3: 60009 Segmentation fault      speed3d_r2c fftw float 64 64 64 -reorder -a2a -r2c_dir 0 -outgrid 64 16 1 -n5
tmp_files/5801fb19-f710-467a-a681-75e5b03baebe.sh: line 3: 60010 Segmentation fault      speed3d_r2c fftw float 64 64 64 -reorder -a2a -r2c_dir 0 -outgrid 64 16 1 -n5
tmp_files/5801fb19-f710-467a-a681-75e5b03baebe.sh: line 3: 60004 Segmentation fault      speed3d_r2c fftw float 64 64 64 -reorder -a2a -r2c_dir 0 -outgrid 64 16 1 -n5
tmp_files/5801fb19-f710-467a-a681-75e5b03baebe.sh: line 3: 60003 Segmentation fault      speed3d_r2c fftw float 64 64 64 -reorder -a2a -r2c_dir 0 -outgrid 64 16 1 -n5
tmp_files/5801fb19-f710-467a-a681-75e5b03baebe.sh: line 3: 59974 Segmentation fault      speed3d_r2c fftw float 64 64 64 -reorder -a2a -r2c_dir 0 -outgrid 64 16 1 -n5
tmp_files/5801fb19-f710-467a-a681-75e5b03baebe.sh: line 3: 60008 Segmentation fault      speed3d_r2c fftw float 64 64 64 -reorder -a2a -r2c_dir 0 -outgrid 64 16 1 -n5
tmp_files/5801fb19-f710-467a-a681-75e5b03baebe.sh: line 3: 59976 Segmentation fault      speed3d_r2c fftw float 64 64 64 -reorder -a2a -r2c_dir 0 -outgrid 64 16 1 -n5
tmp_files/5801fb19-f710-467a-a681-75e5b03baebe.sh: line 3: 59997 Segmentation fault      speed3d_r2c fftw float 64 64 64 -reorder -a2a -r2c_dir 0 -outgrid 64 16 1 -n5
tmp_files/5801fb19-f710-467a-a681-75e5b03baebe.sh: line 3: 60015 Segmentation fault      speed3d_r2c fftw float 64 64 64 -reorder -a2a -r2c_dir 0 -outgrid 64 16 1 -n5
tmp_files/5801fb19-f710-467a-a681-75e5b03baebe.sh: line 3: 59986 Segmentation fault      speed3d_r2c fftw float 64 64 64 -reorder -a2a -r2c_dir 0 -outgrid 64 16 1 -n5
tmp_files/5801fb19-f710-467a-a681-75e5b03baebe.sh: line 3: 59988 Segmentation fault      speed3d_r2c fftw float 64 64 64 -reorder -a2a -r2c_dir 0 -outgrid 64 16 1 -n5
tmp_files/5801fb19-f710-467a-a681-75e5b03baebe.sh: line 3: 60011 Segmentation fault      speed3d_r2c fftw float 64 64 64 -reorder -a2a -r2c_dir 0 -outgrid 64 16 1 -n5
tmp_files/5801fb19-f710-467a-a681-75e5b03baebe.sh: line 3: 60019 Segmentation fault      speed3d_r2c fftw float 64 64 64 -reorder -a2a -r2c_dir 0 -outgrid 64 16 1 -n5
tmp_files/5801fb19-f710-467a-a681-75e5b03baebe.sh: line 3: 60006 Segmentation fault      speed3d_r2c fftw float 64 64 64 -reorder -a2a -r2c_dir 0 -outgrid 64 16 1 -n5
tmp_files/5801fb19-f710-467a-a681-75e5b03baebe.sh: line 3: 60010 Segmentation fault      speed3d_r2c fftw float 64 64 64 -reorder -a2a -r2c_dir 0 -outgrid 64 16 1 -n5
tmp_files/5801fb19-f710-467a-a681-75e5b03baebe.sh: line 3: 60013 Segmentation fault      speed3d_r2c fftw float 64 64 64 -reorder -a2a -r2c_dir 0 -outgrid 64 16 1 -n5
be.sh: line 3: 59921 Segmentation fault      speed3d_r2c fftw float 64 64 64 -reorder -a2a -r2c_dir 0 -outgrid 64 16 1 -n5
tmp_files/5801fb19-f710-467a-a681-75e5b03baebe.sh: line 3: 59918 Segmentation fault      speed3d_r2c fftw float 64 64 64 -reorder -a2a -r2c_dir 0 -outgrid 64 16 1 -n5
tmp_files/5801fb19-f710-467a-a681-75e5b03baebe.sh: line 3: 59907 Segmentation fault      speed3d_r2c fftw float 64 64 64 -reorder -a2a -r2c_dir 0 -outgrid 64 16 1 -n5
tmp_files/5801fb19-f710-467a-a681-75e5b03baebe.sh: line 3: 59905 Segmentation fault      speed3d_r2c fftw float 64 64 64 -reorder -a2a -r2c_dir 0 -outgrid 64 16 1 -n5
tmp_files/5801fb19-f710-467a-a681-75e5b03baebe.sh: line 3: 59912 Segmentation fault      speed3d_r2c fftw float 64 64 64 -reorder -a2a -r2c_dir 0 -outgrid 64 16 1 -n5
tmp_files/5801fb19-f710-467a-a681-75e5b03baebe.sh: line 3: 59910 Segmentation fault      speed3d_r2c fftw float 64 64 64 -reorder -a2a -r2c_dir 0 -outgrid 64 16 1 -n5
tmp_files/5801fb19-f710-467a-a681-75e5b03baebe.sh: line 3: 59903 Segmentation fault      speed3d_r2c fftw float 64 64 64 -reorder -a2a -r2c_dir 0 -outgrid 64 16 1 -n5
tmp_files/5801fb19-f710-467a-a681-75e5b03baebe.sh: line 3: 59908 Segmentation fault      speed3d_r2c fftw float 64 64 64 -reorder -a2a -r2c_dir 0 -outgrid 64 16 1 -n5
tmp_files/5801fb19-f710-467a-a681-75e5b03baebe.sh: line 3: 59901 Segmentation fault      speed3d_r2c fftw float 64 64 64 -reorder -a2a -r2c_dir 0 -outgrid 64 16 1 -n5
tmp_files/5801fb19-f710-467a-a681-75e5b03baebe.sh: line 3: 59902 Segmentation fault      speed3d_r2c fftw float 64 64 64 -reorder -a2a -r2c_dir 0 -outgrid 64 16 1 -n5
tmp_files/5801fb19-f710-467a-a681-75e5b03baebe.sh: line 3: 59913 Segmentation fault      speed3d_r2c fftw float 64 64 64 -reorder -a2a -r2c_dir 0 -outgrid 64 16 1 -n5
tmp_files/5801fb19-f710-467a-a681-75e5b03baebe.sh: line 3: 59917 Segmentation fault      speed3d_r2c fftw float 64 64 64 -reorder -a2a -r2c_dir 0 -outgrid 64 16 1 -n5
tmp_files/5801fb19-f710-467a-a681-75e5b03baebe.sh: line 3: 59911 Segmentation fault     be.sh: line 3: 59988 Segmentation fault      speed3d_r2c fftw float 64 64 64 -reorder -a2a -r2c_dir 0 -outgrid 64 16 1 -n5
tmp_files/5801fb19-f710-467a-a681-75e5b03baebe.sh: line 3: 59989 Segmentation fault      speed3d_r2c fftw float 64 64 64 -reorder -a2a -r2c_dir 0 -outgrid 64 16 1 -n5
tmp_files/5801fb19-f710-467a-a681-75e5b03baebe.sh: line 3: 59985 Segmentation fault      speed3d_r2c fftw float 64 64 64 -reorder -a2a -r2c_dir 0 -outgrid 64 16 1 -n5
tmp_files/5801fb19-f710-467a-a681-75e5b03baebe.sh: line 3: 59994 Segmentation fault      speed3d_r2c fftw float 64 64 64 -reorder -a2a -r2c_dir 0 -outgrid 64 16 1 -n5
tmp_files/5801fb19-f710-467a-a681-75e5b03baebe.sh: line 3: 59980 Segmentation fault      speed3d_r2c fftw float 64 64 64 -reorder -a2a -r2c_dir 0 -outgrid 64 16 1 -n5
tmp_files/5801fb19-f710-467a-a681-75e5b03baebe.sh: line 3: 59982 Segmentation fault      speed3d_r2c fftw float 64 64 64 -reorder -a2a -r2c_dir 0 -outgrid 64 16 1 -n5
tmp_files/5801fb19-f710-467a-a681-75e5b03baebe.sh: line 3: 59977 Segmentation fault      speed3d_r2c fftw float 64 64 64 -reorder -a2a -r2c_dir 0 -outgrid 64 16 1 -n5
tmp_files/5801fb19-f710-467a-a681-75e5b03baebe.sh: line 3: 59983 Segmentation fault      speed3d_r2c fftw float 64 64 64 -reorder -a2a -r2c_dir 0 -outgrid 64 16 1 -n5
tmp_files/5801fb19-f710-467a-a681-75e5b03baebe.sh: line 3: 59984 Segmentation fault      speed3d_r2c fftw float 64 64 64 -reorder -a2a -r2c_dir 0 -outgrid 64 16 1 -n5
tmp_files/5801fb19-f710-467a-a681-75e5b03baebe.sh: line 3: 59993 Segmentation fault      speed3d_r2c fftw float 64 64 64 -reorder -a2a -r2c_dir 0 -outgrid 64 16 1 -n5
tmp_files/5801fb19-f710-467a-a681-75e5b03baebe.sh: line 3: 59990 Segmentation fault      speed3d_r2c fftw float 64 64 64 -reorder -a2a -r2c_dir 0 -outgrid 64 16 1 -n5
tmp_files/5801fb19-f710-467a-a681-75e5b03baebe.sh: line 3: 59987 Segmentation fault      speed3d_r2c fftw float 64 64 64 -reorder -a2a -r2c_dir 0 -outgrid 64 16 1 -n5
tmp_files/5801fb19-f710-467a-a681-75e5b03baebe.sh: line 3: 59991 Segmentation fault      speed3d_r2c fftw float 64 64 64 -reorder -a2a -r2c_dir 0 -outgrid 64 16 1 -n5
tmp_files/5801fb19-f710-467a-a681-75e5b03baebe.sh: line 3: 59971 Segmentation fault      speed3d_r2c fftw float 64 64 64 -reorder -a2a -r2c_dir 0 -outgrid 64 16 1 -n5
tmp_files/5801fb19-f710-467a-a681-75e5b03baebe.sh: line 3: 59973 Segmentation fault      speed3d_r2c fftw float 64 64 64 -reorder -a2a -r2c_dir 0 -outgrid 64 16 1 -n5
 speed3d_r2c fftw float 64 64 64 -reorder -a2a -r2c_dir 0 -outgrid 64 16 1 -n5
tmp_files/5801fb19-f710-467a-a681-75e5b03baebe.sh: line 3: 59909 Segmentation fault      speed3d_r2c fftw float 64 64 64 -reorder -a2a -r2c_dir 0 -outgrid 64 16 1 -n5
tmp_files/5801fb19-f710-467a-a681-75e5b03baebe.sh: line 3: 59919 Segmentation fault      speed3d_r2c fftw float 64 64 64 -reorder -a2a -r2c_dir 0 -outgrid 64 16 1 -n5
be.sh: line 3: 59998 Segmentation fault      speed3d_r2c fftw float 64 64 64 -reorder -a2a -r2c_dir 0 -outgrid 64 16 1 -n5
tmp_files/5801fb19-f710-467a-a681-75e5b03baebe.sh: line 3: 59999 Segmentation fault      speed3d_r2c fftw float 64 64 64 -reorder -a2a -r2c_dir 0 -outgrid 64 16 1 -n5
tmp_files/5801fb19-f710-467a-a681-75e5b03baebe.sh: line 3: 59993 Segmentation fault      speed3d_r2c fftw float 64 64 64 -reorder -a2a -r2c_dir 0 -outgrid 64 16 1 -n5
tmp_files/5801fb19-f710-467a-a681-75e5b03baebe.sh: line 3: 60002 Segmentation fault      speed3d_r2c fftw float 64 64 64 -reorder -a2a -r2c_dir 0 -outgrid 64 16 1 -n5
tmp_files/5801fb19-f710-467a-a681-75e5b03baebe.sh: line 3: 59994 Segmentation fault      speed3d_r2c fftw float 64 64 64 -reorder -a2a -r2c_dir 0 -outgrid 64 16 1 -n5
tmp_files/5801fb19-f710-467a-a681-75e5b03baebe.sh: line 3: 59996 Segmentation fault      speed3d_r2c fftw float 64 64 64 -reorder -a2a -r2c_dir 0 -outgrid 64 16 1 -n5
tmp_files/5801fb19-f710-467a-a681-75e5b03baebe.sh: line 3: 59988 Segmentation fault      speed3d_r2c fftw float 64 64 64 -reorder -a2a -r2c_dir 0 -outgrid 64 16 1 -n5
be.sh: line 3: 59968 Segmentation fault      speed3d_r2c fftw float 64 64 64 -reorder -a2a -r2c_dir 0 -outgrid 64 16 1 -n5
tmp_files/5801fb19-f710-467a-a681-75e5b03baebe.sh: line 3: 60000 Segmentation fault      speed3d_r2c fftw float 64 64 64 -reorder -a2a -r2c_dir 0 -outgrid 64 16 1 -n5
tmp_files/5801fb19-f710-467a-a681-75e5b03baebe.sh: line 3: 59999 Segmentation fault      speed3d_r2c fftw float 64 64 64 -reorder -a2a -r2c_dir 0 -outgrid 64 16 1 -n5
tmp_files/5801fb19-f710-467a-a681-75e5b03baebe.sh: line 3: 59990 Segmentation fault      speed3d_r2c fftw float 64 64 64 -reorder -a2a -r2c_dir 0 -outgrid 64 16 1 -n5
tmp_files/5801fb19-f710-467a-a681-75e5b03baebe.sh: line 3: 59989 Segmentation fault      speed3d_r2c fftw float 64 64 64 -reorder -a2a -r2c_dir 0 -outgrid 64 16 1 -n5
tmp_files/5801fb19-f710-467a-a681-75e5b03baebe.sh: line 3: 59967 Segmentation fault      speed3d_r2c fftw float 64 64 64 -reorder -a2a -r2c_dir 0 -outgrid 64 16 1 -n5
tmp_files/5801fb19-f710-467a-a681-75e5b03baebe.sh: line 3: 60001 Segmentation fault      speed3d_r2c fftw float 64 64 64 -reorder -a2a -r2c_dir 0 -outgrid 64 16 1 -n5
tmp_files/5801fb19-f710-467a-a681-75e5b03baebe.sh: line 3: 59961 Segmentation fault      speed3d_r2c fftw float 64 64 64 -reorder -a2a -r2c_dir 0 -outgrid 64 16 1 -n5
be.sh: line 3: 59942 Segmentation fault      speed3d_r2c fftw float 64 64 64 -reorder -a2a -r2c_dir 0 -outgrid 64 16 1 -n5
tmp_files/5801fb19-f710-467a-a681-75e5b03baebe.sh: line 3: 59940 Segmentation fault      speed3d_r2c fftw float 64 64 64 -reorder -a2a -r2c_dir 0 -outgrid 64 16 1 -n5
tmp_files/5801fb19-f710-467a-a681-75e5b03baebe.sh: line 3: 59943 Segmentation fault      speed3d_r2c fftw float 64 64 64 -reorder -a2a -r2c_dir 0 -outgrid 64 16 1 -n5
tmp_files/5801fb19-f710-467a-a681-75e5b03baebe.sh: line 3: 59939 Segmentation fault      speed3d_r2c fftw float 64 64 64 -reorder -a2a -r2c_dir 0 -outgrid 64 16 1 -n5
tmp_files/5801fb19-f710-467a-a681-75e5b03baebe.sh: line 3: 59936 Segmentation fault      speed3d_r2c fftw float 64 64 64 -reorder -a2a -r2c_dir 0 -outgrid 64 16 1 -n5
tmp_files/5801fb19-f710-467a-a681-75e5b03baebe.sh: line 3: 59922 Segmentation fault      speed3d_r2c fftw float 64 64 64 -reorder -a2a -r2c_dir 0 -outgrid 64 16 1 -n5
Application 28495674 exit codes: 139
Application 28495674 exit signals: Killed
Application 28495674 resources: utime ~603s, stime ~107s, Rss ~39612, inblocks ~65496, outblocks ~0
