“RANK= 0 LOCAL_RANK= 0 gpu= 3”
“RANK= 1 LOCAL_RANK= 1 gpu= 2”
“RANK= 2 LOCAL_RANK= 2 gpu= 1”
“RANK= 3 LOCAL_RANK= 3 gpu= 0”
+ '[' -z '' ']'
+ case "$-" in
+ __lmod_vx=x
+ '[' -n x ']'
+ set +x
Shell debugging temporarily silenced: export LMOD_SH_DBG_ON=1 for this output (/usr/share/lmod/lmod/init/bash)
+ '[' -z '' ']'
+ case "$-" in
+ __lmod_vx=x
+ '[' -n x ']'
+ set +x
Shell debugging temporarily silenced: export LMOD_SH_DBG_ON=1 for this output (/usr/share/lmod/lmod/init/bash)
+ '[' -z '' ']'
+ case "$-" in
+ __lmod_vx=x
+ '[' -n x ']'
+ set +x
Shell debugging temporarily silenced: export LMOD_SH_DBG_ON=1 for this output (/usr/share/lmod/lmod/init/bash)
+ '[' -z '' ']'
+ case "$-" in
+ __lmod_vx=x
+ '[' -n x ']'
+ set +x
Shell debugging temporarily silenced: export LMOD_SH_DBG_ON=1 for this output (/usr/share/lmod/lmod/init/bash)
Shell debugging restarted
+ unset __lmod_vx
Shell debugging restarted
+ unset __lmod_vx
Shell debugging restarted
+ unset __lmod_vx
Shell debugging restarted
+ unset __lmod_vx
+ speed3d_r2c cufft float 512 512 512 -p2p_pl -pencils -r2c_dir 2 -ingrid 4 1 1 -n5
+ speed3d_r2c cufft float 512 512 512 -p2p_pl -pencils -r2c_dir 2 -ingrid 4 1 1 -n5
+ speed3d_r2c cufft float 512 512 512 -p2p_pl -pencils -r2c_dir 2 -ingrid 4 1 1 -n5
+ speed3d_r2c cufft float 512 512 512 -p2p_pl -pencils -r2c_dir 2 -ingrid 4 1 1 -n5

----------------------------------------------------------------------------- 
heFFTe performance test
----------------------------------------------------------------------------- 
Backend:   cufft
Size:      512x512x512
MPI ranks:    4
Grids: (4, 1, 1)  -  -  (1, 2, 2)  -  
Time per run: 0.00699339 (s)
Performance:  2590.93 GFlops/s
Memory usage: 771MB/rank
Tolerance:    0.0005
Max error:    5.48363e-06

