time=0.923993 0/4 /pressio/roibin/background/pressio/noop:metrics:copy_compressor_results <int32> = 1
/pressio/roibin/background/pressio/noop:metrics:errors_fatal <int32> = 1
/pressio/roibin/background/pressio/noop:noop:metric <char*> = "noop"
/pressio/roibin/background/pressio/noop:pressio:metric <char*> = "noop"
/pressio/roibin/background/pressio:metrics:copy_compressor_results <int32> = 1
/pressio/roibin/background/pressio:metrics:errors_fatal <int32> = 1
/pressio/roibin/background/pressio:pressio:bound_name <char*> = <empty>
/pressio/roibin/background/pressio:pressio:compressor <char*> = "noop"
/pressio/roibin/background/pressio:pressio:metric <char*> = "noop"
/pressio/roibin/background/pressio:pressio:reset_mode <bool> = <empty>
/pressio/roibin/background:binning:compressor <char*> = "pressio"
/pressio/roibin/background:binning:metric <char*> = "noop"
/pressio/roibin/background:binning:nthreads <uint32> = 4
/pressio/roibin/background:binning:shape <data> = data{ type=double dims={3, } has_data=[2, 2, 1, ]}
/pressio/roibin/background:metrics:copy_compressor_results <int32> = 1
/pressio/roibin/background:metrics:errors_fatal <int32> = 1
/pressio/roibin/background:pressio:metric <char*> = "noop"
/pressio/roibin/background:pressio:nthreads <uint32> = 4
/pressio/roibin/roi:fpzip:has_header <int32> = 0
/pressio/roibin/roi:fpzip:metric <char*> = "noop"
/pressio/roibin/roi:fpzip:prec <int32> = 0
/pressio/roibin/roi:metrics:copy_compressor_results <int32> = 1
/pressio/roibin/roi:metrics:errors_fatal <int32> = 1
/pressio/roibin/roi:pressio:metric <char*> = "noop"
/pressio/roibin:metrics:copy_compressor_results <int32> = 1
/pressio/roibin:metrics:errors_fatal <int32> = 1
/pressio/roibin:pressio:metric <char*> = "noop"
/pressio/roibin:pressio:nthreads <uint32> = 1
/pressio/roibin:roibin:background <char*> = "binning"
/pressio/roibin:roibin:centers <data> = data{ type=uint64_t dims={} has_data=false}
/pressio/roibin:roibin:metric <char*> = "noop"
/pressio/roibin:roibin:nthreads <uint32> = 1
/pressio/roibin:roibin:roi <char*> = "fpzip"
/pressio/roibin:roibin:roi_size <data> = data{ type=double dims={3, } has_data=[8, 8, 0, ]}
/pressio/roibin:roibin:roi_strategy <char*> = "coordinates"
/pressio:metrics:copy_compressor_results <int32> = 1
/pressio:metrics:errors_fatal <int32> = 1
/pressio:pressio:bound_name <char*> = <empty>
/pressio:pressio:compressor <char*> = "roibin"
/pressio:pressio:metric <char*> = "noop"
/pressio:pressio:reset_mode <bool> = <empty>

time=0.924053 0/4 global data_dims{130, 1480, 1552}
time=0.924058 0/4 global peakx_dims{130, 2048}
time=0.924062 0/4 global peaky_dims{130, 2048}
time=0.924066 0/4 global npeaks{130}
time=0.924073 0/4 processing 0 4
time=2.76956 0/4 processing 4 8
time=5.64765 0/4 processing 8 12
time=8.48591 0/4 processing 12 16
time=9.11724 0/4 processing 16 20
time=9.38364 0/4 processing 20 24
time=9.97211 0/4 processing 24 28
time=10.7597 0/4 processing 28 32
time=12.6847 0/4 processing 32 36
time=13.7422 0/4 processing 36 40
time=16.2125 0/4 processing 40 44
time=17.1431 0/4 processing 44 48
time=19.8896 0/4 processing 48 52
time=22.5636 0/4 processing 52 56
time=24.0996 0/4 processing 56 60
time=25.3316 0/4 processing 60 64
time=26.6761 0/4 processing 64 68
time=28.4607 0/4 processing 68 72
time=31.3316 0/4 processing 72 76
time=33.9956 0/4 processing 76 80
time=35.9436 0/4 processing 80 84
time=38.2985 0/4 processing 84 88
time=41.0026 0/4 processing 88 92
time=43.1397 0/4 processing 92 96
time=45.9716 0/4 processing 96 100
time=48.0996 0/4 processing 100 104
time=50.3836 0/4 processing 104 108
time=53.1632 0/4 processing 108 112
time=54.6382 0/4 processing 112 116
time=56.4836 0/4 processing 116 120
time=58.3277 0/4 processing 120 124
time=60.3436 0/4 processing 124 128
time=62.8676 0/4 processing 128 132
global_cr=3.88512
wallclock_ms=63192
compress_ms=363
compress_bandwidth_GBps=3.34103
wallclock_bandwidth_GBps=0.0191922
