time=1.75605 0/4 /pressio/roibin/background/pressio/noop:metrics:copy_compressor_results <int32> = 1
/pressio/roibin/background/pressio/noop:metrics:errors_fatal <int32> = 1
/pressio/roibin/background/pressio/noop:noop:metric <char*> = "noop"
/pressio/roibin/background/pressio/noop:pressio:metric <char*> = "noop"
/pressio/roibin/background/pressio:metrics:copy_compressor_results <int32> = 1
/pressio/roibin/background/pressio:metrics:errors_fatal <int32> = 1
/pressio/roibin/background/pressio:pressio:bound_name <char*> = <empty>
/pressio/roibin/background/pressio:pressio:compressor <char*> = "noop"
/pressio/roibin/background/pressio:pressio:metric <char*> = "noop"
/pressio/roibin/background/pressio:pressio:reset_mode <bool> = <empty>
/pressio/roibin/background:binning:compressor <char*> = "pressio"
/pressio/roibin/background:binning:metric <char*> = "noop"
/pressio/roibin/background:binning:nthreads <uint32> = 2
/pressio/roibin/background:binning:shape <data> = data{ type=double dims={3, } has_data=[2, 2, 1, ]}
/pressio/roibin/background:metrics:copy_compressor_results <int32> = 1
/pressio/roibin/background:metrics:errors_fatal <int32> = 1
/pressio/roibin/background:pressio:metric <char*> = "noop"
/pressio/roibin/background:pressio:nthreads <uint32> = 2
/pressio/roibin/roi:fpzip:has_header <int32> = 0
/pressio/roibin/roi:fpzip:metric <char*> = "noop"
/pressio/roibin/roi:fpzip:prec <int32> = 0
/pressio/roibin/roi:metrics:copy_compressor_results <int32> = 1
/pressio/roibin/roi:metrics:errors_fatal <int32> = 1
/pressio/roibin/roi:pressio:metric <char*> = "noop"
/pressio/roibin:metrics:copy_compressor_results <int32> = 1
/pressio/roibin:metrics:errors_fatal <int32> = 1
/pressio/roibin:pressio:metric <char*> = "noop"
/pressio/roibin:pressio:nthreads <uint32> = 1
/pressio/roibin:roibin:background <char*> = "binning"
/pressio/roibin:roibin:centers <data> = data{ type=uint64_t dims={} has_data=false}
/pressio/roibin:roibin:metric <char*> = "noop"
/pressio/roibin:roibin:nthreads <uint32> = 1
/pressio/roibin:roibin:roi <char*> = "fpzip"
/pressio/roibin:roibin:roi_size <data> = data{ type=double dims={3, } has_data=[8, 8, 0, ]}
/pressio/roibin:roibin:roi_strategy <char*> = "coordinates"
/pressio:metrics:copy_compressor_results <int32> = 1
/pressio:metrics:errors_fatal <int32> = 1
/pressio:pressio:bound_name <char*> = <empty>
/pressio:pressio:compressor <char*> = "roibin"
/pressio:pressio:metric <char*> = "noop"
/pressio:pressio:reset_mode <bool> = <empty>

time=1.75611 0/4 global data_dims{130, 1480, 1552}
time=1.75611 0/4 global peakx_dims{130, 2048}
time=1.75612 0/4 global peaky_dims{130, 2048}
time=1.75612 0/4 global npeaks{130}
time=1.75613 0/4 processing 0 4
time=4.44366 0/4 processing 4 8
time=9.08767 0/4 processing 8 12
time=13.4063 0/4 processing 12 16
time=17.3157 0/4 processing 16 20
time=20.9437 0/4 processing 20 24
time=23.3557 0/4 processing 24 28
time=26.5677 0/4 processing 28 32
time=30.11 0/4 processing 32 36
time=34.174 0/4 processing 36 40
time=36.2341 0/4 processing 40 44
time=40.7597 0/4 processing 44 48
time=45.2277 0/4 processing 48 52
time=49.4621 0/4 processing 52 56
time=53.1702 0/4 processing 56 60
time=56.5237 0/4 processing 60 64
time=60.1002 0/4 processing 64 68
time=62.1099 0/4 processing 68 72
time=66.6397 0/4 processing 72 76
time=69.4719 0/4 processing 76 80
time=71.6197 0/4 processing 80 84
time=75.4357 0/4 processing 84 88
time=79.5103 0/4 processing 88 92
time=83.9003 0/4 processing 92 96
time=88.1565 0/4 processing 96 100
time=92.1033 0/4 processing 100 104
time=94.9443 0/4 processing 104 108
time=99.1397 0/4 processing 108 112
time=101.768 0/4 processing 112 116
time=105.92 0/4 processing 116 120
time=110.308 0/4 processing 120 124
time=113.6 0/4 processing 124 128
time=117.434 0/4 processing 128 132
global_cr=3.88512
wallclock_ms=118261
compress_ms=394
compress_bandwidth_GBps=3.07816
wallclock_bandwidth_GBps=0.0102552
