time=1.4559 0/4 /pressio/roibin/background/pressio/noop:metrics:copy_compressor_results <int32> = 1
/pressio/roibin/background/pressio/noop:metrics:errors_fatal <int32> = 1
/pressio/roibin/background/pressio/noop:noop:metric <char*> = "noop"
/pressio/roibin/background/pressio/noop:pressio:metric <char*> = "noop"
/pressio/roibin/background/pressio:metrics:copy_compressor_results <int32> = 1
/pressio/roibin/background/pressio:metrics:errors_fatal <int32> = 1
/pressio/roibin/background/pressio:pressio:bound_name <char*> = <empty>
/pressio/roibin/background/pressio:pressio:compressor <char*> = "noop"
/pressio/roibin/background/pressio:pressio:metric <char*> = "noop"
/pressio/roibin/background/pressio:pressio:reset_mode <bool> = <empty>
/pressio/roibin/background:binning:compressor <char*> = "pressio"
/pressio/roibin/background:binning:metric <char*> = "noop"
/pressio/roibin/background:binning:nthreads <uint32> = 4
/pressio/roibin/background:binning:shape <data> = data{ type=double dims={3, } has_data=[2, 2, 1, ]}
/pressio/roibin/background:metrics:copy_compressor_results <int32> = 1
/pressio/roibin/background:metrics:errors_fatal <int32> = 1
/pressio/roibin/background:pressio:metric <char*> = "noop"
/pressio/roibin/background:pressio:nthreads <uint32> = 4
/pressio/roibin/roi:fpzip:has_header <int32> = 0
/pressio/roibin/roi:fpzip:metric <char*> = "noop"
/pressio/roibin/roi:fpzip:prec <int32> = 0
/pressio/roibin/roi:metrics:copy_compressor_results <int32> = 1
/pressio/roibin/roi:metrics:errors_fatal <int32> = 1
/pressio/roibin/roi:pressio:metric <char*> = "noop"
/pressio/roibin:metrics:copy_compressor_results <int32> = 1
/pressio/roibin:metrics:errors_fatal <int32> = 1
/pressio/roibin:pressio:metric <char*> = "noop"
/pressio/roibin:pressio:nthreads <uint32> = 1
/pressio/roibin:roibin:background <char*> = "binning"
/pressio/roibin:roibin:centers <data> = data{ type=uint64_t dims={} has_data=false}
/pressio/roibin:roibin:metric <char*> = "noop"
/pressio/roibin:roibin:nthreads <uint32> = 1
/pressio/roibin:roibin:roi <char*> = "fpzip"
/pressio/roibin:roibin:roi_size <data> = data{ type=double dims={3, } has_data=[8, 8, 0, ]}
/pressio/roibin:roibin:roi_strategy <char*> = "coordinates"
/pressio:metrics:copy_compressor_results <int32> = 1
/pressio:metrics:errors_fatal <int32> = 1
/pressio:pressio:bound_name <char*> = <empty>
/pressio:pressio:compressor <char*> = "roibin"
/pressio:pressio:metric <char*> = "noop"
/pressio:pressio:reset_mode <bool> = <empty>

time=1.45596 0/4 global data_dims{130, 1480, 1552}
time=1.45596 0/4 global peakx_dims{130, 2048}
time=1.45597 0/4 global peaky_dims{130, 2048}
time=1.45597 0/4 global npeaks{130}
time=1.45598 0/4 processing 0 4
time=5.2795 0/4 processing 4 8
time=8.0635 0/4 processing 8 12
time=11.2777 0/4 processing 12 16
time=14.8955 0/4 processing 16 20
time=16.5875 0/4 processing 20 24
time=21.3283 0/4 processing 24 28
time=26.2115 0/4 processing 28 32
time=28.0915 0/4 processing 32 36
time=32.3675 0/4 processing 36 40
time=37.3355 0/4 processing 40 44
time=41.1475 0/4 processing 44 48
time=44.8716 0/4 processing 48 52
time=49.0515 0/4 processing 52 56
time=53.6795 0/4 processing 56 60
time=56.7395 0/4 processing 60 64
time=61.3115 0/4 processing 64 68
time=65.4715 0/4 processing 68 72
time=69.5675 0/4 processing 72 76
time=74.5115 0/4 processing 76 80
time=79.1315 0/4 processing 80 84
time=82.4076 0/4 processing 84 88
time=86.6023 0/4 processing 88 92
time=91.3675 0/4 processing 92 96
time=95.0195 0/4 processing 96 100
time=97.6753 0/4 processing 100 104
time=102.51 0/4 processing 104 108
time=105.304 0/4 processing 108 112
time=109.738 0/4 processing 112 116
time=114.558 0/4 processing 116 120
time=119.547 0/4 processing 120 124
time=123.971 0/4 processing 124 128
time=128.916 0/4 processing 128 132
global_cr=3.88512
wallclock_ms=128699
compress_ms=485
compress_bandwidth_GBps=2.50061
wallclock_bandwidth_GBps=0.0094235
