.//tmp_files/1844.sh: line 3: 91111 Segmentation fault      speed3d_r2c fftw float 128 128 128 -reorder -a2a -p2p_pl -outgrid 128 1 1 -n5
[NID 01708] 2023-10-09 15:45:18 Apid 28835493: initiated application termination
.//tmp_files/1844.sh: line 3: 91178 Segmentation fault      speed3d_r2c fftw float 128 128 128 -reorder -a2a -p2p_pl -outgrid 128 1 1 -n5
.//tmp_files/1844.sh: line 3: 91121 Segmentation fault      speed3d_r2c fftw float 128 128 128 -reorder -a2a -p2p_pl -outgrid 128 1 1 -n5
.//tmp_files/1844.sh: line 3: 91120 Segmentation fault      speed3d_r2c fftw float 128 128 128 -reorder -a2a -p2p_pl -outgrid 128 1 1 -n5
.//tmp_files/1844.sh: line 3: 91133 Segmentation fault      speed3d_r2c fftw float 128 128 128 -reorder -a2a -p2p_pl -outgrid 128 1 1 -n5
.//tmp_files/1844.sh: line 3: 91181 Segmentation fault      speed3d_r2c fftw float 128 128 128 -reorder -a2a -p2p_pl -outgrid 128 1 1 -n5
.//tmp_files/1844.sh: line 3: 91174 Segmentation fault      speed3d_r2c fftw float 128 128 128 -reorder -a2a -p2p_pl -outgrid 128 1 1 -n5
.//tmp_files/1844.sh: line 3: 91175 Segmentation fault      speed3d_r2c fftw float 128 128 128 -reorder -a2a -p2p_pl -outgrid 128 1 1 -n5
.//tmp_files/1844.sh: line 3: 91183 Segmentation fault      speed3d_r2c fftw float 128 128 128 -reorder -a2a -p2p_pl -outgrid 128 1 1 -n5
.//tmp_files/1844.sh: line 3: 91150 Segmentation fault      speed3d_r2c fftw float 128 128 128 -reorder -a2a -p2p_pl -outgrid 128 1 1 -n5
.//tmp_files/1844.sh: line 3: 91167 Segmentation fault      speed3d_r2c fftw float 128 128 128 -reorder -a2a -p2p_pl -outgrid 128 1 1 -n5
.//tmp_files/1844.sh: line 3: 91163 Segmentation fault      speed3d_r2c fftw float 128 128 128 -reorder -a2a -p2p_pl -outgrid 128 1 1 -n5
.//tmp_files/1844.sh: line 3: 91119 Segmentation fault      speed3d_r2c fftw float 128 128 128 -reorder -a2a -p2p_pl -outgrid 128 1 1 -n5
.//tmp_files/1844.sh: line 3: 91166 Segmentation fault      speed3d_r2c fftw float 128 128 128 -reorder -a2a -p2p_pl -outgrid 128 1 1 -n5
.//tmp_files/1844.sh: line 3: 91188 Segmentation fault      speed3d_r2c fftw float 128 128 128 -reorder -a2a -p2p_pl -outgrid 128 1 1 -n5
.//tmp_files/1844.sh: line 3: 91189 Segmentation fault      speed3d_r2c fftw float 128 128 128 -reorder -a2a -p2p_pl -outgrid 128 1 1 -n5
.//tmp_files/1844.sh: line 3: 91165 Segmentation fault      speed3d_r2c fftw float 128 128 128 -reorder -a2a -p2p_pl -outgrid 128 1 1 -n5
.//tmp_files/1844.sh: line 3: 91125 Segmentation fault      speed3d_r2c fftw float 128 128 128 -reorder -a2a -p2p_pl -outgrid 128 1 1 -n5
.//tmp_files/1844.sh: line 3: 91117 Segmentation fault      speed3d_r2c fftw float 128 128 128 -reorder -a2a -p2p_pl -outgrid 128 1 1 -n5
.//tmp_files/1844.sh: line 3: 91118 Segmentation fault      speed3d_r2c fftw float 128 128 128 -reorder -a2a -p2p_pl -outgrid 128 1 1 -n5
.//tmp_files/1844.sh: line 3: 91177 Segmentation fault      speed3d_r2c fftw float 128 128 128 -reorder -a2a -p2p_pl -outgrid 128 1 1 -n5
.//tmp_files/1844.sh: line 3: 91182 Segmentation fault      speed3d_r2c fftw float 128 128 128 -reorder -a2a -p2p_pl -outgrid 128 1 1 -n5
.//tmp_files/1844.sh: line 3: 91180 Segmentation fault      speed3d_r2c fftw float 128 128 128 -reorder -a2a -p2p_pl -outgrid 128 1 1 -n5
.//tmp_files/1844.sh: line 3: 91115 Segmentation fault      speed3d_r2c fftw float 128 128 128 -reorder -a2a -p2p_pl -outgrid 128 1 1 -n5
.//tmp_files/1844.sh: line 3: 91128 Segmentation fault      speed3d_r2c fftw float 128 128 128 -reorder -a2a -p2p_pl -outgrid 128 1 1 -n5
.//tmp_files/1844.sh: line 3: 91143 Segmentation fault      speed3d_r2c fftw float 128 128 128 -reorder -a2a -p2p_pl -outgrid 128 1 1 -n5
.//tmp_files/1844.sh: line 3: 91145 Segmentation fault      speed3d_r2c fftw float 128 128 128 -reorder -a2a -p2p_pl -outgrid 128 1 1 -n5
.//tmp_files/1844.sh: line 3: 91162 Segmentation fault      speed3d_r2c fftw float 128 128 128 -reorder -a2a -p2p_pl -outgrid 128 1 1 -n5
.//tmp_files/1844.sh: line 3: 91169 Segmentation fault      speed3d_r2c fftw float 128 128 128 -reorder -a2a -p2p_pl -outgrid 128 1 1 -n5
.//tmp_files/1844.sh: line 3: 91176 Segmentation fault      speed3d_r2c fftw float 128 128 128 -reorder -a2a -p2p_pl -outgrid 128 1 1 -n5
.//tmp_files/1844.sh: line 3: 91113 Segmentation fault      speed3d_r2c fftw float 128 128 128 -reorder -a2a -p2p_pl -outgrid 128 1 1 -n5
.//tmp_files/1844.sh: line 3: 91140 Segmentation fault      speed3d_r2c fftw float 128 128 128 -reorder -a2a -p2p_pl -outgrid 128 1 1 -n5
.//tmp_files/1844.sh: line 3: 91138 Segmentation fault      speed3d_r2c fftw float 128 128 128 -reorder -a2a -p2p_pl -outgrid 128 1 1 -n5
.//tmp_files/1844.sh: line 3: 91172 Segmentation fault      speed3d_r2c fftw float 128 128 128 -reorder -a2a -p2p_pl -outgrid 128 1 1 -n5
.//tmp_files/1844.sh: line 3: 91173 Segmentation fault      speed3d_r2c fftw float 128 128 128 -reorder -a2a -p2p_pl -outgrid 128 1 1 -n5
.//tmp_files/1844.sh: line 3: 91136 Segmentation fault      speed3d_r2c fftw float 128 128 128 -reorder -a2a -p2p_pl -outgrid 128 1 1 -n5
.//tmp_files/1844.sh: line 3: 91135 Segmentation fault      speed3d_r2c fftw float 128 128 128 -reorder -a2a -p2p_pl -outgrid 128 1 1 -n5
.//tmp_files/1844.sh: line 3: 91160 Segmentation fault      speed3d_r2c fftw float 128 128 128 -reorder -a2a -p2p_pl -outgrid 128 1 1 -n5
.//tmp_files/1844.sh: line 3: 91148 Segmentation fault      speed3d_r2c fftw float 128 128 128 -reorder -a2a -p2p_pl -outgrid 128 1 1 -n5
.//tmp_files/1844.sh: line 3: 91146 Segmentation fault      speed3d_r2c fftw float 128 128 128 -reorder -a2a -p2p_pl -outgrid 128 1 1 -n5
.//tmp_files/1844.sh: line 3: 91126 Segmentation fault      speed3d_r2c fftw float 128 128 128 -reorder -a2a -p2p_pl -outgrid 128 1 1 -n5
.//tmp_files/1844.sh: line 3: 91171 Segmentation fault      speed3d_r2c fftw float 128 128 128 -reorder -a2a -p2p_pl -outgrid 128 1 1 -n5
.//tmp_files/1844.sh: line 3: 91170 Segmentation fault      speed3d_r2c fftw float 128 128 128 -reorder -a2a -p2p_pl -outgrid 128 1 1 -n5
.//tmp_files/1844.sh: line 3: 91161 Segmentation fault      speed3d_r2c fftw float 128 128 128 -reorder -a2a -p2p_pl -outgrid 128 1 1 -n5
.//tmp_files/1844.sh: line 3: 91132 Segmentation fault      speed3d_r2c fftw float 128 128 128 -reorder -a2a -p2p_pl -outgrid 128 1 1 -n5
.//tmp_files/1844.sh: line 3: 91112 Segmentation fault      speed3d_r2c fftw float 128 128 128 -reorder -a2a -p2p_pl -outgrid 128 1 1 -n5
.//tmp_files/1844.sh: line 3: 91185 Segmentation fault      speed3d_r2c fftw float 128 128 128 -reorder -a2a -p2p_pl -outgrid 128 1 1 -n5
.//tmp_files/1844.sh: line 3: 91114 Segmentation fault      speed3d_r2c fftw float 128 128 128 -reorder -a2a -p2p_pl -outgrid 128 1 1 -n5
.//tmp_files/1844.sh: line 3: 91110 Segmentation fault      speed3d_r2c fftw float 128 128 128 -reorder -a2a -p2p_pl -outgrid 128 1 1 -n5
.//tmp_files/1844.sh: line 3: 91129 Segmentation fault      speed3d_r2c fftw float 128 128 128 -reorder -a2a -p2p_pl -outgrid 128 1 1 -n5
.//tmp_files/1844.sh: line 3: 91122 Segmentation fault      speed3d_r2c fftw float 128 128 128 -reorder -a2a -p2p_pl -outgrid 128 1 1 -n5
.//tmp_files/1844.sh: line 3: 91124 Segmentation fault      speed3d_r2c fftw float 128 128 128 -reorder -a2a -p2p_pl -outgrid 128 1 1 -n5
.//tmp_files/1844.sh: line 3: 91134 Segmentation fault      speed3d_r2c fftw float 128 128 128 -reorder -a2a -p2p_pl -outgrid 128 1 1 -n5
.//tmp_files/1844.sh: line 3: 91154 Segmentation fault      speed3d_r2c fftw float 128 128 128 -reorder -a2a -p2p_pl -outgrid 128 1 1 -n5
.//tmp_files/1844.sh: line 3: 91156 Segmentation fault      speed3d_r2c fftw float 128 128 128 -reorder -a2a -p2p_pl -outgrid 128 1 1 -n5
.//tmp_files/1844.sh: line 3: 91187 Segmentation fault      speed3d_r2c fftw float 128 128 128 -reorder -a2a -p2p_pl -outgrid 128 1 1 -n5
.//tmp_files/1844.sh: line 3: 91184 Segmentation fault      speed3d_r2c fftw float 128 128 128 -reorder -a2a -p2p_pl -outgrid 128 1 1 -n5
.//tmp_files/1844.sh: line 3: 91127 Segmentation fault      speed3d_r2c fftw float 128 128 128 -reorder -a2a -p2p_pl -outgrid 128 1 1 -n5
.//tmp_files/1844.sh: line 3: 91116 Segmentation fault      speed3d_r2c fftw float 128 128 128 -reorder -a2a -p2p_pl -outgrid 128 1 1 -n5
Application 28835493 exit codes: 139
Application 28835493 exit signals: Killed
Application 28835493 resources: utime ~7s, stime ~29s, Rss ~37816, inblocks ~105662, outblocks ~0
