time=0.250939 0/2 /pressio/roibin/background/blosc:blosc:blocksize <uint32> = 0
/pressio/roibin/background/blosc:blosc:clevel <int32> = 6
/pressio/roibin/background/blosc:blosc:compressor <char*> = "zstd"
/pressio/roibin/background/blosc:blosc:doshuffle <int32> = 1
/pressio/roibin/background/blosc:blosc:metric <char*> = "noop"
/pressio/roibin/background/blosc:blosc:numinternalthreads <int32> = 1
/pressio/roibin/background/blosc:metrics:copy_compressor_results <int32> = 1
/pressio/roibin/background/blosc:metrics:errors_fatal <int32> = 1
/pressio/roibin/background/blosc:pressio:lossless <int32> = 6
/pressio/roibin/background/blosc:pressio:metric <char*> = "noop"
/pressio/roibin/background/blosc:pressio:nthreads <uint32> = 1
/pressio/roibin/background:binning:compressor <char*> = "blosc"
/pressio/roibin/background:binning:metric <char*> = "noop"
/pressio/roibin/background:binning:nthreads <uint32> = 3
/pressio/roibin/background:binning:shape <data> = data{ type=double dims={3, } has_data=[2, 2, 1, ]}
/pressio/roibin/background:metrics:copy_compressor_results <int32> = 1
/pressio/roibin/background:metrics:errors_fatal <int32> = 1
/pressio/roibin/background:pressio:metric <char*> = "noop"
/pressio/roibin/background:pressio:nthreads <uint32> = 3
/pressio/roibin/roi:blosc:blocksize <uint32> = 0
/pressio/roibin/roi:blosc:clevel <int32> = 6
/pressio/roibin/roi:blosc:compressor <char*> = "zstd"
/pressio/roibin/roi:blosc:doshuffle <int32> = 1
/pressio/roibin/roi:blosc:metric <char*> = "noop"
/pressio/roibin/roi:blosc:numinternalthreads <int32> = 1
/pressio/roibin/roi:metrics:copy_compressor_results <int32> = 1
/pressio/roibin/roi:metrics:errors_fatal <int32> = 1
/pressio/roibin/roi:pressio:lossless <int32> = 6
/pressio/roibin/roi:pressio:metric <char*> = "noop"
/pressio/roibin/roi:pressio:nthreads <uint32> = 1
/pressio/roibin:metrics:copy_compressor_results <int32> = 1
/pressio/roibin:metrics:errors_fatal <int32> = 1
/pressio/roibin:pressio:metric <char*> = "noop"
/pressio/roibin:pressio:nthreads <uint32> = 2
/pressio/roibin:roibin:background <char*> = "binning"
/pressio/roibin:roibin:centers <data> = data{ type=uint64_t dims={} has_data=false}
/pressio/roibin:roibin:metric <char*> = "noop"
/pressio/roibin:roibin:nthreads <uint32> = 2
/pressio/roibin:roibin:roi <char*> = "blosc"
/pressio/roibin:roibin:roi_size <data> = data{ type=double dims={3, } has_data=[8, 8, 0, ]}
/pressio/roibin:roibin:roi_strategy <char*> = "coordinates"
/pressio:metrics:copy_compressor_results <int32> = 1
/pressio:metrics:errors_fatal <int32> = 1
/pressio:pressio:bound_name <char*> = <empty>
/pressio:pressio:compressor <char*> = "roibin"
/pressio:pressio:metric <char*> = "noop"
/pressio:pressio:reset_mode <bool> = <empty>

time=0.251 0/2 global data_dims{130, 1480, 1552}
time=0.251006 0/2 global peakx_dims{130, 2048}
time=0.25101 0/2 global peaky_dims{130, 2048}
time=0.251014 0/2 global npeaks{130}
time=0.251022 0/2 processing 0 2
time=1.0682 0/2 processing 2 4
time=1.67453 0/2 processing 4 6
time=2.29664 0/2 processing 6 8
time=2.65108 0/2 processing 8 10
time=3.4389 0/2 processing 10 12
time=4.27027 0/2 processing 12 14
time=4.87881 0/2 processing 14 16
time=5.50444 0/2 processing 16 18
time=6.25455 0/2 processing 18 20
time=6.69626 0/2 processing 20 22
time=7.36762 0/2 processing 22 24
time=8.12417 0/2 processing 24 26
time=8.54398 0/2 processing 26 28
time=9.31328 0/2 processing 28 30
time=9.96601 0/2 processing 30 32
time=10.2992 0/2 processing 32 34
time=11.0629 0/2 processing 34 36
time=11.7194 0/2 processing 36 38
time=12.4157 0/2 processing 38 40
time=13.2642 0/2 processing 40 42
time=13.9935 0/2 processing 42 44
time=14.8101 0/2 processing 44 46
time=15.5643 0/2 processing 46 48
time=16.44 0/2 processing 48 50
time=16.8494 0/2 processing 50 52
time=17.7122 0/2 processing 52 54
time=18.5341 0/2 processing 54 56
time=19.3602 0/2 processing 56 58
time=20.1185 0/2 processing 58 60
time=20.8566 0/2 processing 60 62
time=21.7623 0/2 processing 62 64
time=22.3346 0/2 processing 64 66
time=23.2042 0/2 processing 66 68
time=23.9947 0/2 processing 68 70
time=24.7504 0/2 processing 70 72
time=25.5307 0/2 processing 72 74
time=26.1226 0/2 processing 74 76
time=26.6433 0/2 processing 76 78
time=27.249 0/2 processing 78 80
time=28.1229 0/2 processing 80 82
time=28.8682 0/2 processing 82 84
time=29.5738 0/2 processing 84 86
time=30.3962 0/2 processing 86 88
time=31.1984 0/2 processing 88 90
time=31.8216 0/2 processing 90 92
time=32.4999 0/2 processing 92 94
time=33.1081 0/2 processing 94 96
time=33.9522 0/2 processing 96 98
time=34.7878 0/2 processing 98 100
time=35.6302 0/2 processing 100 102
time=36.3715 0/2 processing 102 104
time=36.7877 0/2 processing 104 106
time=37.5442 0/2 processing 106 108
time=38.3227 0/2 processing 108 110
time=38.8671 0/2 processing 110 112
time=39.3388 0/2 processing 112 114
time=40.1719 0/2 processing 114 116
time=40.9395 0/2 processing 116 118
time=41.6102 0/2 processing 118 120
time=42.6125 0/2 processing 120 122
time=43.42 0/2 processing 122 124
time=43.7482 0/2 processing 124 126
time=44.2883 0/2 processing 126 128
time=44.8203 0/2 processing 128 130
global_cr=4.87413
wallclock_ms=45116
compress_ms=7529
compress_bandwidth_GBps=0.158642
wallclock_bandwidth_GBps=0.0264744
