“RANK= 3 LOCAL_RANK= 3 gpu= 0”
“RANK= 0 LOCAL_RANK= 0 gpu= 3”
“RANK= 2 LOCAL_RANK= 2 gpu= 1”
“RANK= 1 LOCAL_RANK= 1 gpu= 2”
“RANK= 8 LOCAL_RANK= 0 gpu= 3”
“RANK= 11 LOCAL_RANK= 3 gpu= 0”
“RANK= 9 LOCAL_RANK= 1 gpu= 2”
“RANK= 10 LOCAL_RANK= 2 gpu= 1”
“RANK= 5 LOCAL_RANK= 1 gpu= 2”
“RANK= 4 LOCAL_RANK= 0 gpu= 3”
“RANK= 7 LOCAL_RANK= 3 gpu= 0”
+ '[' -z '' ']'
+ case "$-" in
+ __lmod_vx=x
+ '[' -n x ']'
“RANK= 6 LOCAL_RANK= 2 gpu= 1”
Shell debugging temporarily silenced: export LMOD_SH_DBG_ON=1 for this output (/usr/share/lmod/lmod/init/bash)
+ set +x
Shell debugging temporarily silenced: export LMOD_SH_DBG_ON=1 for this output (/usr/share/lmod/lmod/init/bash)
+ '[' -z '' ']'
+ case "$-" in
+ __lmod_vx=x
+ '[' -n x ']'
+ set +x
Shell debugging temporarily silenced: export LMOD_SH_DBG_ON=1 for this output (/usr/share/lmod/lmod/init/bash)
+ '[' -z '' ']'
+ case "$-" in
+ __lmod_vx=x
+ '[' -n x ']'
+ set +x
Shell debugging temporarily silenced: export LMOD_SH_DBG_ON=1 for this output (/usr/share/lmod/lmod/init/bash)
+ '[' -z '' ']'
+ case "$-" in
+ __lmod_vx=x
+ '[' -n x ']'
+ set +x
Shell debugging restarted
+ unset __lmod_vx
Shell debugging restarted
+ unset __lmod_vx
Shell debugging restarted
+ unset __lmod_vx
Shell debugging restarted
+ unset __lmod_vx
+ '[' -z '' ']'
+ case "$-" in
+ __lmod_vx=x
Shell debugging temporarily silenced: export LMOD_SH_DBG_ON=1 for this output (/usr/share/lmod/lmod/init/bash)
+ '[' -n x ']'
+ set +x
+ speed3d_r2c cufft float 256 256 512 -reorder -a2av -p2p_pl -pencils -r2c_dir 1 -ingrid 8 2 1 -outgrid 1 8 2 -n5
Shell debugging temporarily silenced: export LMOD_SH_DBG_ON=1 for this output (/usr/share/lmod/lmod/init/bash)
+ speed3d_r2c cufft float 256 256 512 -reorder -a2av -p2p_pl -pencils -r2c_dir 1 -ingrid 8 2 1 -outgrid 1 8 2 -n5
+ speed3d_r2c cufft float 256 256 512 -reorder -a2av -p2p_pl -pencils -r2c_dir 1 -ingrid 8 2 1 -outgrid 1 8 2 -n5
+ '[' -z '' ']'
+ case "$-" in
+ __lmod_vx=x
+ '[' -n x ']'
+ set +x
Shell debugging temporarily silenced: export LMOD_SH_DBG_ON=1 for this output (/usr/share/lmod/lmod/init/bash)
+ '[' -z '' ']'
+ case "$-" in
+ __lmod_vx=x
+ '[' -n x ']'
+ set +x
Shell debugging restarted
+ unset __lmod_vx
+ speed3d_r2c cufft float 256 256 512 -reorder -a2av -p2p_pl -pencils -r2c_dir 1 -ingrid 8 2 1 -outgrid 1 8 2 -n5
Shell debugging temporarily silenced: export LMOD_SH_DBG_ON=1 for this output (/usr/share/lmod/lmod/init/bash)
+ '[' -z '' ']'
+ case "$-" in
+ __lmod_vx=x
+ '[' -n x ']'
+ set +x
Shell debugging restarted
+ unset __lmod_vx
Shell debugging restarted
+ unset __lmod_vx
+ speed3d_r2c cufft float 256 256 512 -reorder -a2av -p2p_pl -pencils -r2c_dir 1 -ingrid 8 2 1 -outgrid 1 8 2 -n5
Shell debugging restarted
+ unset __lmod_vx
+ speed3d_r2c cufft float 256 256 512 -reorder -a2av -p2p_pl -pencils -r2c_dir 1 -ingrid 8 2 1 -outgrid 1 8 2 -n5
+ speed3d_r2c cufft float 256 256 512 -reorder -a2av -p2p_pl -pencils -r2c_dir 1 -ingrid 8 2 1 -outgrid 1 8 2 -n5
+ speed3d_r2c cufft float 256 256 512 -reorder -a2av -p2p_pl -pencils -r2c_dir 1 -ingrid 8 2 1 -outgrid 1 8 2 -n5
+ '[' -z '' ']'
+ case "$-" in
+ __lmod_vx=x
+ '[' -z '' ']'
+ case "$-" in
+ __lmod_vx=x
+ '[' -n x ']'
+ set +x
Shell debugging temporarily silenced: export LMOD_SH_DBG_ON=1 for this output (/usr/share/lmod/lmod/init/bash)
+ '[' -z '' ']'
+ case "$-" in
+ __lmod_vx=x
+ '[' -n x ']'
+ set +x
Shell debugging temporarily silenced: export LMOD_SH_DBG_ON=1 for this output (/usr/share/lmod/lmod/init/bash)
+ '[' -n x ']'
+ set +x
Shell debugging restarted
+ unset __lmod_vx
Shell debugging temporarily silenced: export LMOD_SH_DBG_ON=1 for this output (/usr/share/lmod/lmod/init/bash)
Shell debugging restarted
+ unset __lmod_vx
Shell debugging temporarily silenced: export LMOD_SH_DBG_ON=1 for this output (/usr/share/lmod/lmod/init/bash)
+ '[' -z '' ']'
+ case "$-" in
+ __lmod_vx=x
+ '[' -n x ']'
+ set +x
Shell debugging restarted
+ unset __lmod_vx
Shell debugging restarted
+ unset __lmod_vx
+ speed3d_r2c cufft float 256 256 512 -reorder -a2av -p2p_pl -pencils -r2c_dir 1 -ingrid 8 2 1 -outgrid 1 8 2 -n5
+ speed3d_r2c cufft float 256 256 512 -reorder -a2av -p2p_pl -pencils -r2c_dir 1 -ingrid 8 2 1 -outgrid 1 8 2 -n5
+ speed3d_r2c cufft float 256 256 512 -reorder -a2av -p2p_pl -pencils -r2c_dir 1 -ingrid 8 2 1 -outgrid 1 8 2 -n5
“RANK= 13 LOCAL_RANK= 1 gpu= 2”
+ speed3d_r2c cufft float 256 256 512 -reorder -a2av -p2p_pl -pencils -r2c_dir 1 -ingrid 8 2 1 -outgrid 1 8 2 -n5
“RANK= 15 LOCAL_RANK= 3 gpu= 0”
“RANK= 12 LOCAL_RANK= 0 gpu= 3”
“RANK= 14 LOCAL_RANK= 2 gpu= 1”
+ '[' -z '' ']'
+ case "$-" in
Shell debugging temporarily silenced: export LMOD_SH_DBG_ON=1 for this output (/usr/share/lmod/lmod/init/bash)
+ __lmod_vx=x
+ '[' -n x ']'
+ set +x
+ '[' -z '' ']'
+ case "$-" in
Shell debugging restarted
+ unset __lmod_vx
Shell debugging temporarily silenced: export LMOD_SH_DBG_ON=1 for this output (/usr/share/lmod/lmod/init/bash)
+ __lmod_vx=x
+ '[' -n x ']'
+ set +x
+ '[' -z '' ']'
+ case "$-" in
+ __lmod_vx=x
+ '[' -n x ']'
+ set +x
+ '[' -z '' ']'
Shell debugging temporarily silenced: export LMOD_SH_DBG_ON=1 for this output (/usr/share/lmod/lmod/init/bash)
Shell debugging temporarily silenced: export LMOD_SH_DBG_ON=1 for this output (/usr/share/lmod/lmod/init/bash)
+ case "$-" in
+ __lmod_vx=x
+ '[' -n x ']'
+ set +x
Shell debugging restarted
+ unset __lmod_vx
Shell debugging restarted
+ unset __lmod_vx
+ speed3d_r2c cufft float 256 256 512 -reorder -a2av -p2p_pl -pencils -r2c_dir 1 -ingrid 8 2 1 -outgrid 1 8 2 -n5
+ speed3d_r2c cufft float 256 256 512 -reorder -a2av -p2p_pl -pencils -r2c_dir 1 -ingrid 8 2 1 -outgrid 1 8 2 -n5
+ speed3d_r2c cufft float 256 256 512 -reorder -a2av -p2p_pl -pencils -r2c_dir 1 -ingrid 8 2 1 -outgrid 1 8 2 -n5
Shell debugging restarted
+ unset __lmod_vx
+ speed3d_r2c cufft float 256 256 512 -reorder -a2av -p2p_pl -pencils -r2c_dir 1 -ingrid 8 2 1 -outgrid 1 8 2 -n5
MPICH ERROR [Rank 8] [job id ea03beea-e580-4500-8306-bbf04d13b926] [Sun Nov 12 08:40:52 2023] [x3003c0s19b1n0] - Abort(1008349583) (rank 8 in comm 0): Fatal error in PMPI_Waitany: Other MPI error, error stack:
PMPI_Waitany(277)..............: MPI_Waitany(count=4, req_array=0x1e8b8b0, index=0x7ffc9e70b754, status=0x1) failed
PMPI_Waitany(245)..............: 
MPIDI_Progress_test(80)........: 
MPIDI_OFI_handle_cq_error(1059): OFI poll failed (ofi_events.c:1061:MPIDI_OFI_handle_cq_error:Input/output error - remote access error)

aborting job:
Fatal error in PMPI_Waitany: Other MPI error, error stack:
PMPI_Waitany(277)..............: MPI_Waitany(count=4, req_array=0x1e8b8b0, index=0x7ffc9e70b754, status=0x1) failed
PMPI_Waitany(245)..............: 
MPIDI_Progress_test(80)........: 
MPIDI_OFI_handle_cq_error(1059): OFI poll failed (ofi_events.c:1061:MPIDI_OFI_handle_cq_error:Input/output error - remote access error)
MPICH ERROR [Rank 11] [job id ea03beea-e580-4500-8306-bbf04d13b926] [Sun Nov 12 08:40:52 2023] [x3003c0s19b1n0] - Abort(472002959) (rank 11 in comm 0): Fatal error in PMPI_Waitany: Other MPI error, error stack:
PMPI_Waitany(277)..............: MPI_Waitany(count=4, req_array=0xbb74a0, index=0x7fff81a89524, status=0x1) failed
PMPI_Waitany(245)..............: 
MPIR_Waitany_impl(97)..........: 
MPIDI_Progress_test(80)........: 
MPIDI_OFI_handle_cq_error(1059): OFI poll failed (ofi_events.c:1061:MPIDI_OFI_handle_cq_error:Input/output error - remote access error)

aborting job:
Fatal error in PMPI_Waitany: Other MPI error, error stack:
PMPI_Waitany(277)..............: MPI_Waitany(count=4, req_array=0xbb74a0, index=0x7fff81a89524, status=0x1) failed
PMPI_Waitany(245)..............: 
MPIR_Waitany_impl(97)..........: 
MPIDI_Progress_test(80)........: 
MPIDI_OFI_handle_cq_error(1059): OFI poll failed (ofi_events.c:1061:MPIDI_OFI_handle_cq_error:Input/output error - remote access error)
MPICH ERROR [Rank 13] [job id ea03beea-e580-4500-8306-bbf04d13b926] [Sun Nov 12 08:40:52 2023] [x3003c0s1b0n0] - Abort(203043215) (rank 13 in comm 0): Fatal error in PMPI_Waitany: Other MPI error, error stack:
PMPI_Waitany(277)..............: MPI_Waitany(count=4, req_array=0x8298d0, index=0x7fffedf46c34, status=0x1) failed
PMPI_Waitany(245)..............: 
MPIDI_Progress_test(80)........: 
MPIDI_OFI_handle_cq_error(1059): OFI poll failed (ofi_events.c:1061:MPIDI_OFI_handle_cq_error:Input/output error - remote access error)

aborting job:
Fatal error in PMPI_Waitany: Other MPI error, error stack:
PMPI_Waitany(277)..............: MPI_Waitany(count=4, req_array=0x8298d0, index=0x7fffedf46c34, status=0x1) failed
PMPI_Waitany(245)..............: 
MPIDI_Progress_test(80)........: 
MPIDI_OFI_handle_cq_error(1059): OFI poll failed (ofi_events.c:1061:MPIDI_OFI_handle_cq_error:Input/output error - remote access error)
MPICH ERROR [Rank 10] [job id ea03beea-e580-4500-8306-bbf04d13b926] [Sun Nov 12 08:40:52 2023] [x3003c0s19b1n0] - Abort(605696399) (rank 10 in comm 0): Fatal error in PMPI_Waitany: Other MPI error, error stack:
PMPI_Waitany(277)..............: MPI_Waitany(count=4, req_array=0xe19af0, index=0x7ffe0109b1b4, status=0x1) failed
PMPI_Waitany(245)..............: 
MPIDI_Progress_test(80)........: 
MPIDI_OFI_handle_cq_error(1059): OFI poll failed (ofi_events.c:1061:MPIDI_OFI_handle_cq_error:Input/output error - remote access error)

aborting job:
Fatal error in PMPI_Waitany: Other MPI error, error stack:
PMPI_Waitany(277)..............: MPI_Waitany(count=4, req_array=0xe19af0, index=0x7ffe0109b1b4, status=0x1) failed
PMPI_Waitany(245)..............: 
MPIDI_Progress_test(80)........: 
MPIDI_OFI_handle_cq_error(1059): OFI poll failed (ofi_events.c:1061:MPIDI_OFI_handle_cq_error:Input/output error - remote access error)
MPICH ERROR [Rank 7] [job id ea03beea-e580-4500-8306-bbf04d13b926] [Sun Nov 12 08:40:52 2023] [x3003c0s19b0n0] - Abort(472002959) (rank 7 in comm 0): Fatal error in PMPI_Waitany: Other MPI error, error stack:
PMPI_Waitany(277)..............: MPI_Waitany(count=4, req_array=0x7c9b10, index=0x7fff244b5744, status=0x1) failed
PMPI_Waitany(245)..............: 
MPIR_Waitany_impl(97)..........: 
MPIDI_Progress_test(80)........: 
MPIDI_OFI_handle_cq_error(1059): OFI poll failed (ofi_events.c:1061:MPIDI_OFI_handle_cq_error:Input/output error - remote access error)

aborting job:
Fatal error in PMPI_Waitany: Other MPI error, error stack:
PMPI_Waitany(277)..............: MPI_Waitany(count=4, req_array=0x7c9b10, index=0x7fff244b5744, status=0x1) failed
PMPI_Waitany(245)..............: 
MPIR_Waitany_impl(97)..........: 
MPIDI_Progress_test(80)........: 
MPIDI_OFI_handle_cq_error(1059): OFI poll failed (ofi_events.c:1061:MPIDI_OFI_handle_cq_error:Input/output error - remote access error)
MPICH ERROR [Rank 9] [job id ea03beea-e580-4500-8306-bbf04d13b926] [Sun Nov 12 08:40:52 2023] [x3003c0s19b1n0] - Abort(807547279) (rank 9 in comm 0): Fatal error in PMPI_Waitany: Other MPI error, error stack:
PMPI_Waitany(277)..............: MPI_Waitany(count=4, req_array=0xbdcaf0, index=0x7ffd3ab4f184, status=0x1) failed
PMPI_Waitany(245)..............: 
MPIR_Waitany_impl(97)..........: 
MPIDI_Progress_test(80)........: 
MPIDI_OFI_handle_cq_error(1059): OFI poll failed (ofi_events.c:1061:MPIDI_OFI_handle_cq_error:Input/output error - remote access error)

aborting job:
Fatal error in PMPI_Waitany: Other MPI error, error stack:
PMPI_Waitany(277)..............: MPI_Waitany(count=4, req_array=0xbdcaf0, index=0x7ffd3ab4f184, status=0x1) failed
PMPI_Waitany(245)..............: 
MPIR_Waitany_impl(97)..........: 
MPIDI_Progress_test(80)........: 
MPIDI_OFI_handle_cq_error(1059): OFI poll failed (ofi_events.c:1061:MPIDI_OFI_handle_cq_error:Input/output error - remote access error)
MPICH ERROR [Rank 15] [job id ea03beea-e580-4500-8306-bbf04d13b926] [Sun Nov 12 08:40:52 2023] [x3003c0s1b0n0] - Abort(874131855) (rank 15 in comm 0): Fatal error in PMPI_Waitany: Other MPI error, error stack:
PMPI_Waitany(277)..............: MPI_Waitany(count=3, req_array=0x8e9760, index=0x7ffdec8030e4, status=0x1) failed
PMPI_Waitany(245)..............: 
MPIDI_Progress_test(80)........: 
MPIDI_OFI_handle_cq_error(1059): OFI poll failed (ofi_events.c:1061:MPIDI_OFI_handle_cq_error:Input/output error - remote access error)

aborting job:
Fatal error in PMPI_Waitany: Other MPI error, error stack:
PMPI_Waitany(277)..............: MPI_Waitany(count=3, req_array=0x8e9760, index=0x7ffdec8030e4, status=0x1) failed
PMPI_Waitany(245)..............: 
MPIDI_Progress_test(80)........: 
MPIDI_OFI_handle_cq_error(1059): OFI poll failed (ofi_events.c:1061:MPIDI_OFI_handle_cq_error:Input/output error - remote access error)
MPICH ERROR [Rank 1] [job id ea03beea-e580-4500-8306-bbf04d13b926] [Sun Nov 12 08:40:52 2023] [x3003c0s13b1n0] - Abort(1008873871) (rank 1 in comm 0): Fatal error in PMPI_Waitany: Other MPI error, error stack:
PMPI_Waitany(277)..............: MPI_Waitany(count=4, req_array=0x1aa94e0, index=0x7ffca6534cb4, status=0x1) failed
PMPI_Waitany(245)..............: 
MPIR_Waitany_impl(97)..........: 
MPIDI_Progress_test(80)........: 
MPIDI_OFI_handle_cq_error(1059): OFI poll failed (ofi_events.c:1061:MPIDI_OFI_handle_cq_error:Input/output error - remote access error)

aborting job:
Fatal error in PMPI_Waitany: Other MPI error, error stack:
PMPI_Waitany(277)..............: MPI_Waitany(count=4, req_array=0x1aa94e0, index=0x7ffca6534cb4, status=0x1) failed
PMPI_Waitany(245)..............: 
MPIR_Waitany_impl(97)..........: 
MPIDI_Progress_test(80)........: 
MPIDI_OFI_handle_cq_error(1059): OFI poll failed (ofi_events.c:1061:MPIDI_OFI_handle_cq_error:Input/output error - remote access error)
MPICH ERROR [Rank 0] [job id ea03beea-e580-4500-8306-bbf04d13b926] [Sun Nov 12 08:40:52 2023] [x3003c0s13b1n0] - Abort(539111823) (rank 0 in comm 0): Fatal error in PMPI_Waitany: Other MPI error, error stack:
PMPI_Waitany(277)..............: MPI_Waitany(count=3, req_array=0x12f16e0, index=0x7fffc1c38944, status=0x1) failed
PMPI_Waitany(245)..............: 
MPIR_Waitany_impl(97)..........: 
MPIDI_Progress_test(80)........: 
MPIDI_OFI_handle_cq_error(1059): OFI poll failed (ofi_events.c:1061:MPIDI_OFI_handle_cq_error:Input/output error - remote access error)

aborting job:
Fatal error in PMPI_Waitany: Other MPI error, error stack:
PMPI_Waitany(277)..............: MPI_Waitany(count=3, req_array=0x12f16e0, index=0x7fffc1c38944, status=0x1) failed
PMPI_Waitany(245)..............: 
MPIR_Waitany_impl(97)..........: 
MPIDI_Progress_test(80)........: 
MPIDI_OFI_handle_cq_error(1059): OFI poll failed (ofi_events.c:1061:MPIDI_OFI_handle_cq_error:Input/output error - remote access error)
x3003c0s19b1n0.hsn.cm.polaris.alcf.anl.gov: rank 8 exited with code 255
MPICH ERROR [Rank 5] [job id ea03beea-e580-4500-8306-bbf04d13b926] [Sun Nov 12 08:40:52 2023] [x3003c0s19b0n0] - Abort(941207311) (rank 5 in comm 0): Fatal error in PMPI_Isend: Other MPI error, error stack:
PMPI_Isend(161)...........: MPI_Isend(buf=0x155196000000, count=262144, dtype=0x4c000840, dest=8, tag=0, MPI_COMM_WORLD, request=0x22b0b80) failed
MPID_Isend(584)...........: 
MPIDI_isend_unsafe(136)...: 
MPIDI_OFI_send_normal(352): OFI tagged senddata failed (ofi_send.h:352:MPIDI_OFI_send_normal:No route to host)

aborting job:
Fatal error in PMPI_Isend: Other MPI error, error stack:
PMPI_Isend(161)...........: MPI_Isend(buf=0x155196000000, count=262144, dtype=0x4c000840, dest=8, tag=0, MPI_COMM_WORLD, request=0x22b0b80) failed
MPID_Isend(584)...........: 
MPIDI_isend_unsafe(136)...: 
MPIDI_OFI_send_normal(352): OFI tagged senddata failed (ofi_send.h:352:MPIDI_OFI_send_normal:No route to host)
MPICH ERROR [Rank 3] [job id ea03beea-e580-4500-8306-bbf04d13b926] [Sun Nov 12 08:40:52 2023] [x3003c0s13b1n0] - Abort(271200655) (rank 3 in comm 0): Fatal error in PMPI_Waitany: Other MPI error, error stack:
PMPI_Waitany(277)..............: MPI_Waitany(count=3, req_array=0x9adf70, index=0x7ffc12a4e834, status=0x1) failed
PMPI_Waitany(245)..............: 
MPIDI_Progress_test(80)........: 
MPIDI_OFI_handle_cq_error(1059): OFI poll failed (ofi_events.c:1061:MPIDI_OFI_handle_cq_error:Input/output error - remote access error)

aborting job:
Fatal error in PMPI_Waitany: Other MPI error, error stack:
PMPI_Waitany(277)..............: MPI_Waitany(count=3, req_array=0x9adf70, index=0x7ffc12a4e834, status=0x1) failed
PMPI_Waitany(245)..............: 
MPIDI_Progress_test(80)........: 
MPIDI_OFI_handle_cq_error(1059): OFI poll failed (ofi_events.c:1061:MPIDI_OFI_handle_cq_error:Input/output error - remote access error)
