time=0.858861 0/4 /pressio/roibin/background/pressio/zfp:metrics:copy_compressor_results <int32> = 1
/pressio/roibin/background/pressio/zfp:metrics:errors_fatal <int32> = 1
/pressio/roibin/background/pressio/zfp:pressio:abs <double> = <empty>
/pressio/roibin/background/pressio/zfp:pressio:lossless <int32> = <empty>
/pressio/roibin/background/pressio/zfp:pressio:metric <char*> = "noop"
/pressio/roibin/background/pressio/zfp:pressio:nthreads <uint32> = 0
/pressio/roibin/background/pressio/zfp:zfp:accuracy <double> = <empty>
/pressio/roibin/background/pressio/zfp:zfp:dims <uint32> = <empty>
/pressio/roibin/background/pressio/zfp:zfp:execution <int32> = 0
/pressio/roibin/background/pressio/zfp:zfp:execution_name <char*> = <empty>
/pressio/roibin/background/pressio/zfp:zfp:maxbits <uint32> = 16658
/pressio/roibin/background/pressio/zfp:zfp:maxprec <uint32> = 64
/pressio/roibin/background/pressio/zfp:zfp:metric <char*> = "noop"
/pressio/roibin/background/pressio/zfp:zfp:minbits <uint32> = 1
/pressio/roibin/background/pressio/zfp:zfp:minexp <int32> = -10
/pressio/roibin/background/pressio/zfp:zfp:mode <uint32> = <empty>
/pressio/roibin/background/pressio/zfp:zfp:omp_chunk_size <uint32> = 0
/pressio/roibin/background/pressio/zfp:zfp:omp_threads <uint32> = 0
/pressio/roibin/background/pressio/zfp:zfp:precision <uint32> = <empty>
/pressio/roibin/background/pressio/zfp:zfp:rate <double> = 30
/pressio/roibin/background/pressio/zfp:zfp:reversible <uint32> = <empty>
/pressio/roibin/background/pressio/zfp:zfp:type <uint32> = <empty>
/pressio/roibin/background/pressio/zfp:zfp:wra <int32> = <empty>
/pressio/roibin/background/pressio:metrics:copy_compressor_results <int32> = 1
/pressio/roibin/background/pressio:metrics:errors_fatal <int32> = 1
/pressio/roibin/background/pressio:pressio:abs <double> = <empty>
/pressio/roibin/background/pressio:pressio:bound_name <char*> = <empty>
/pressio/roibin/background/pressio:pressio:compressor <char*> = "zfp"
/pressio/roibin/background/pressio:pressio:metric <char*> = "noop"
/pressio/roibin/background/pressio:pressio:rel <double> = <empty>
/pressio/roibin/background/pressio:pressio:reset_mode <bool> = <empty>
/pressio/roibin/background:binning:compressor <char*> = "pressio"
/pressio/roibin/background:binning:metric <char*> = "noop"
/pressio/roibin/background:binning:nthreads <uint32> = 1
/pressio/roibin/background:binning:shape <data> = data{ type=double dims={3, } has_data=[2, 2, 1, ]}
/pressio/roibin/background:metrics:copy_compressor_results <int32> = 1
/pressio/roibin/background:metrics:errors_fatal <int32> = 1
/pressio/roibin/background:pressio:metric <char*> = "noop"
/pressio/roibin/background:pressio:nthreads <uint32> = 1
/pressio/roibin/roi:fpzip:has_header <int32> = 0
/pressio/roibin/roi:fpzip:metric <char*> = "noop"
/pressio/roibin/roi:fpzip:prec <int32> = 0
/pressio/roibin/roi:metrics:copy_compressor_results <int32> = 1
/pressio/roibin/roi:metrics:errors_fatal <int32> = 1
/pressio/roibin/roi:pressio:metric <char*> = "noop"
/pressio/roibin:metrics:copy_compressor_results <int32> = 1
/pressio/roibin:metrics:errors_fatal <int32> = 1
/pressio/roibin:pressio:metric <char*> = "noop"
/pressio/roibin:pressio:nthreads <uint32> = 3
/pressio/roibin:roibin:background <char*> = "binning"
/pressio/roibin:roibin:centers <data> = data{ type=uint64_t dims={} has_data=false}
/pressio/roibin:roibin:metric <char*> = "noop"
/pressio/roibin:roibin:nthreads <uint32> = 3
/pressio/roibin:roibin:roi <char*> = "fpzip"
/pressio/roibin:roibin:roi_size <data> = data{ type=double dims={3, } has_data=[8, 8, 0, ]}
/pressio/roibin:roibin:roi_strategy <char*> = "coordinates"
/pressio:metrics:copy_compressor_results <int32> = 1
/pressio:metrics:errors_fatal <int32> = 1
/pressio:pressio:bound_name <char*> = <empty>
/pressio:pressio:compressor <char*> = "roibin"
/pressio:pressio:metric <char*> = "noop"
/pressio:pressio:reset_mode <bool> = <empty>

time=0.858936 0/4 global data_dims{130, 1480, 1552}
time=0.858942 0/4 global peakx_dims{130, 2048}
time=0.858945 0/4 global peaky_dims{130, 2048}
time=0.858948 0/4 global npeaks{130}
time=0.858955 0/4 processing 0 4
time=2.93275 0/4 processing 4 8
time=5.53675 0/4 processing 8 12
time=8.15506 0/4 processing 12 16
time=9.62797 0/4 processing 16 20
time=12.5447 0/4 processing 20 24
time=15.1048 0/4 processing 24 28
time=17.601 0/4 processing 28 32
time=20.5008 0/4 processing 32 36
time=22.0168 0/4 processing 36 40
time=24.5448 0/4 processing 40 44
time=26.9488 0/4 processing 44 48
time=29.3448 0/4 processing 48 52
time=30.3408 0/4 processing 52 56
time=32.3688 0/4 processing 56 60
time=35.0608 0/4 processing 60 64
time=37.5808 0/4 processing 64 68
time=39.6382 0/4 processing 68 72
time=42.7608 0/4 processing 72 76
time=44.4472 0/4 processing 76 80
time=46.7167 0/4 processing 80 84
time=48.7208 0/4 processing 84 88
time=51.1768 0/4 processing 88 92
time=53.5688 0/4 processing 92 96
time=55.6765 0/4 processing 96 100
time=58.4448 0/4 processing 100 104
time=60.3652 0/4 processing 104 108
time=62.239 0/4 processing 108 112
time=65.0584 0/4 processing 112 116
time=67.6087 0/4 processing 116 120
time=69.1887 0/4 processing 120 124
time=72.2608 0/4 processing 124 128
time=73.8032 0/4 processing 128 132
global_cr=4.13216
wallclock_ms=74157
compress_ms=2089
compress_bandwidth_GBps=0.580562
wallclock_bandwidth_GBps=0.0163544
