“RANK= 20 LOCAL_RANK= 0 gpu= 3”
“RANK= 21 LOCAL_RANK= 1 gpu= 2”
“RANK= 22 LOCAL_RANK= 2 gpu= 1”
“RANK= 23 LOCAL_RANK= 3 gpu= 0”
“RANK= 28 LOCAL_RANK= 0 gpu= 3”
“RANK= 29 LOCAL_RANK= 1 gpu= 2”
“RANK= 13 LOCAL_RANK= 1 gpu= 2”
“RANK= 12 LOCAL_RANK= 0 gpu= 3”
“RANK= 14 LOCAL_RANK= 2 gpu= 1”
“RANK= 15 LOCAL_RANK= 3 gpu= 0”
“RANK= 30 LOCAL_RANK= 2 gpu= 1”
“RANK= 31 LOCAL_RANK= 3 gpu= 0”
+ '[' -z '' ']'
+ case "$-" in
Shell debugging temporarily silenced: export LMOD_SH_DBG_ON=1 for this output (/usr/share/lmod/lmod/init/bash)
+ __lmod_vx=x
+ '[' -n x ']'
+ set +x
+ '[' -z '' ']'
+ case "$-" in
+ '[' -z '' ']'
+ case "$-" in
+ '[' -z '' ']'
+ case "$-" in
Shell debugging temporarily silenced: export LMOD_SH_DBG_ON=1 for this output (/usr/share/lmod/lmod/init/bash)
Shell debugging temporarily silenced: export LMOD_SH_DBG_ON=1 for this output (/usr/share/lmod/lmod/init/bash)
+ __lmod_vx=x
+ '[' -n x ']'
+ set +x
+ __lmod_vx=x
+ '[' -n x ']'
+ set +x
+ __lmod_vx=x
+ '[' -n x ']'
+ set +x
Shell debugging temporarily silenced: export LMOD_SH_DBG_ON=1 for this output (/usr/share/lmod/lmod/init/bash)
Shell debugging restarted
+ '[' -z '' ']'
Shell debugging restarted
+ unset __lmod_vx
+ unset __lmod_vx
+ case "$-" in
+ __lmod_vx=x
+ '[' -n x ']'
+ set +x
+ '[' -z '' ']'
+ case "$-" in
+ __lmod_vx=x
+ '[' -n x ']'
+ set +x
Shell debugging temporarily silenced: export LMOD_SH_DBG_ON=1 for this output (/usr/share/lmod/lmod/init/bash)
Shell debugging restarted
+ unset __lmod_vx
+ '[' -z '' ']'
+ case "$-" in
+ __lmod_vx=x
+ '[' -n x ']'
+ set +x
+ '[' -z '' ']'
+ case "$-" in
+ __lmod_vx=x
+ '[' -n x ']'
+ set +x
+ '[' -z '' ']'
+ case "$-" in
+ __lmod_vx=x
+ '[' -n x ']'
+ set +x
Shell debugging temporarily silenced: export LMOD_SH_DBG_ON=1 for this output (/usr/share/lmod/lmod/init/bash)
+ '[' -z '' ']'
+ case "$-" in
+ __lmod_vx=x
+ '[' -n x ']'
+ set +x
Shell debugging temporarily silenced: export LMOD_SH_DBG_ON=1 for this output (/usr/share/lmod/lmod/init/bash)
Shell debugging temporarily silenced: export LMOD_SH_DBG_ON=1 for this output (/usr/share/lmod/lmod/init/bash)
+ '[' -z '' ']'
+ case "$-" in
+ __lmod_vx=x
+ '[' -n x ']'
+ set +x
+ '[' -z '' ']'
+ case "$-" in
+ __lmod_vx=x
+ '[' -n x ']'
+ set +x
Shell debugging restarted
+ unset __lmod_vx
+ speed3d_r2c cufft double 256 256 256 -no-reorder -a2a -p2p -r2c_dir 2 -ingrid 8 2 2 -outgrid 4 4 2 -n5
Shell debugging temporarily silenced: export LMOD_SH_DBG_ON=1 for this output (/usr/share/lmod/lmod/init/bash)
+ speed3d_r2c cufft double 256 256 256 -no-reorder -a2a -p2p -r2c_dir 2 -ingrid 8 2 2 -outgrid 4 4 2 -n5
Shell debugging restarted
+ unset __lmod_vx
+ speed3d_r2c cufft double 256 256 256 -no-reorder -a2a -p2p -r2c_dir 2 -ingrid 8 2 2 -outgrid 4 4 2 -n5
Shell debugging temporarily silenced: export LMOD_SH_DBG_ON=1 for this output (/usr/share/lmod/lmod/init/bash)
+ speed3d_r2c cufft double 256 256 256 -no-reorder -a2a -p2p -r2c_dir 2 -ingrid 8 2 2 -outgrid 4 4 2 -n5
Shell debugging temporarily silenced: export LMOD_SH_DBG_ON=1 for this output (/usr/share/lmod/lmod/init/bash)
Shell debugging restarted
+ unset __lmod_vx
Shell debugging restarted
+ unset __lmod_vx
Shell debugging restarted
+ unset __lmod_vx
+ speed3d_r2c cufft double 256 256 256 -no-reorder -a2a -p2p -r2c_dir 2 -ingrid 8 2 2 -outgrid 4 4 2 -n5
Shell debugging restarted
Shell debugging restarted
+ unset __lmod_vx
+ speed3d_r2c cufft double 256 256 256 -no-reorder -a2a -p2p -r2c_dir 2 -ingrid 8 2 2 -outgrid 4 4 2 -n5
Shell debugging temporarily silenced: export LMOD_SH_DBG_ON=1 for this output (/usr/share/lmod/lmod/init/bash)
Shell debugging restarted
+ unset __lmod_vx
+ speed3d_r2c cufft double 256 256 256 -no-reorder -a2a -p2p -r2c_dir 2 -ingrid 8 2 2 -outgrid 4 4 2 -n5
Shell debugging restarted
+ unset __lmod_vx
+ speed3d_r2c cufft double 256 256 256 -no-reorder -a2a -p2p -r2c_dir 2 -ingrid 8 2 2 -outgrid 4 4 2 -n5
+ unset __lmod_vx
+ speed3d_r2c cufft double 256 256 256 -no-reorder -a2a -p2p -r2c_dir 2 -ingrid 8 2 2 -outgrid 4 4 2 -n5
+ speed3d_r2c cufft double 256 256 256 -no-reorder -a2a -p2p -r2c_dir 2 -ingrid 8 2 2 -outgrid 4 4 2 -n5
+ speed3d_r2c cufft double 256 256 256 -no-reorder -a2a -p2p -r2c_dir 2 -ingrid 8 2 2 -outgrid 4 4 2 -n5
+ speed3d_r2c cufft double 256 256 256 -no-reorder -a2a -p2p -r2c_dir 2 -ingrid 8 2 2 -outgrid 4 4 2 -n5
“RANK= 4 LOCAL_RANK= 0 gpu= 3”
“RANK= 5 LOCAL_RANK= 1 gpu= 2”
“RANK= 6 LOCAL_RANK= 2 gpu= 1”
“RANK= 7 LOCAL_RANK= 3 gpu= 0”
+ '[' -z '' ']'
+ case "$-" in
+ __lmod_vx=x
Shell debugging temporarily silenced: export LMOD_SH_DBG_ON=1 for this output (/usr/share/lmod/lmod/init/bash)
+ '[' -z '' ']'
+ case "$-" in
+ __lmod_vx=x
+ '[' -n x ']'
+ set +x
+ '[' -z '' ']'
+ case "$-" in
+ __lmod_vx=x
+ '[' -n x ']'
+ set +x
Shell debugging temporarily silenced: export LMOD_SH_DBG_ON=1 for this output (/usr/share/lmod/lmod/init/bash)
+ '[' -n x ']'
+ set +x
Shell debugging restarted
+ unset __lmod_vx
“RANK= 25 LOCAL_RANK= 1 gpu= 2”
Shell debugging temporarily silenced: export LMOD_SH_DBG_ON=1 for this output (/usr/share/lmod/lmod/init/bash)
“RANK= 24 LOCAL_RANK= 0 gpu= 3”
+ '[' -z '' ']'
+ case "$-" in
+ __lmod_vx=x
+ '[' -n x ']'
+ set +x
Shell debugging restarted
+ unset __lmod_vx
Shell debugging restarted
+ unset __lmod_vx
Shell debugging temporarily silenced: export LMOD_SH_DBG_ON=1 for this output (/usr/share/lmod/lmod/init/bash)
“RANK= 26 LOCAL_RANK= 2 gpu= 1”
Shell debugging restarted
+ unset __lmod_vx
“RANK= 27 LOCAL_RANK= 3 gpu= 0”
+ speed3d_r2c cufft double 256 256 256 -no-reorder -a2a -p2p -r2c_dir 2 -ingrid 8 2 2 -outgrid 4 4 2 -n5
+ speed3d_r2c cufft double 256 256 256 -no-reorder -a2a -p2p -r2c_dir 2 -ingrid 8 2 2 -outgrid 4 4 2 -n5
+ speed3d_r2c cufft double 256 256 256 -no-reorder -a2a -p2p -r2c_dir 2 -ingrid 8 2 2 -outgrid 4 4 2 -n5
+ speed3d_r2c cufft double 256 256 256 -no-reorder -a2a -p2p -r2c_dir 2 -ingrid 8 2 2 -outgrid 4 4 2 -n5
+ '[' -z '' ']'
+ case "$-" in
Shell debugging temporarily silenced: export LMOD_SH_DBG_ON=1 for this output (/usr/share/lmod/lmod/init/bash)
+ __lmod_vx=x
+ '[' -n x ']'
+ set +x
Shell debugging restarted
+ unset __lmod_vx
Shell debugging temporarily silenced: export LMOD_SH_DBG_ON=1 for this output (/usr/share/lmod/lmod/init/bash)
“RANK= 9 LOCAL_RANK= 1 gpu= 2”
+ '[' -z '' ']'
+ case "$-" in
+ __lmod_vx=x
+ '[' -n x ']'
+ set +x
“RANK= 8 LOCAL_RANK= 0 gpu= 3”
Shell debugging temporarily silenced: export LMOD_SH_DBG_ON=1 for this output (/usr/share/lmod/lmod/init/bash)
“RANK= 17 LOCAL_RANK= 1 gpu= 2”
+ '[' -z '' ']'
+ case "$-" in
+ __lmod_vx=x
+ '[' -n x ']'
+ set +x
“RANK= 10 LOCAL_RANK= 2 gpu= 1”
“RANK= 18 LOCAL_RANK= 2 gpu= 1”
+ '[' -z '' ']'
+ case "$-" in
+ __lmod_vx=x
+ '[' -n x ']'
+ set +x
“RANK= 11 LOCAL_RANK= 3 gpu= 0”
“RANK= 16 LOCAL_RANK= 0 gpu= 3”
Shell debugging temporarily silenced: export LMOD_SH_DBG_ON=1 for this output (/usr/share/lmod/lmod/init/bash)
“RANK= 19 LOCAL_RANK= 3 gpu= 0”
+ speed3d_r2c cufft double 256 256 256 -no-reorder -a2a -p2p -r2c_dir 2 -ingrid 8 2 2 -outgrid 4 4 2 -n5
Shell debugging restarted
+ unset __lmod_vx
Shell debugging restarted
+ unset __lmod_vx
+ speed3d_r2c cufft double 256 256 256 -no-reorder -a2a -p2p -r2c_dir 2 -ingrid 8 2 2 -outgrid 4 4 2 -n5
+ speed3d_r2c cufft double 256 256 256 -no-reorder -a2a -p2p -r2c_dir 2 -ingrid 8 2 2 -outgrid 4 4 2 -n5
Shell debugging restarted
+ unset __lmod_vx
+ speed3d_r2c cufft double 256 256 256 -no-reorder -a2a -p2p -r2c_dir 2 -ingrid 8 2 2 -outgrid 4 4 2 -n5
+ '[' -z '' ']'
Shell debugging temporarily silenced: export LMOD_SH_DBG_ON=1 for this output (/usr/share/lmod/lmod/init/bash)
+ case "$-" in
+ __lmod_vx=x
+ '[' -n x ']'
+ set +x
+ '[' -z '' ']'
+ case "$-" in
+ __lmod_vx=x
+ '[' -n x ']'
+ set +x
Shell debugging temporarily silenced: export LMOD_SH_DBG_ON=1 for this output (/usr/share/lmod/lmod/init/bash)
+ '[' -z '' ']'
+ case "$-" in
+ __lmod_vx=x
+ '[' -n x ']'
+ set +x
Shell debugging temporarily silenced: export LMOD_SH_DBG_ON=1 for this output (/usr/share/lmod/lmod/init/bash)
+ '[' -z '' ']'
+ case "$-" in
+ __lmod_vx=x
+ '[' -n x ']'
+ set +x
Shell debugging temporarily silenced: export LMOD_SH_DBG_ON=1 for this output (/usr/share/lmod/lmod/init/bash)
Shell debugging restarted
+ unset __lmod_vx
Shell debugging restarted
+ unset __lmod_vx
Shell debugging restarted
+ unset __lmod_vx
Shell debugging restarted
+ unset __lmod_vx
+ speed3d_r2c cufft double 256 256 256 -no-reorder -a2a -p2p -r2c_dir 2 -ingrid 8 2 2 -outgrid 4 4 2 -n5
+ speed3d_r2c cufft double 256 256 256 -no-reorder -a2a -p2p -r2c_dir 2 -ingrid 8 2 2 -outgrid 4 4 2 -n5
+ speed3d_r2c cufft double 256 256 256 -no-reorder -a2a -p2p -r2c_dir 2 -ingrid 8 2 2 -outgrid 4 4 2 -n5
+ speed3d_r2c cufft double 256 256 256 -no-reorder -a2a -p2p -r2c_dir 2 -ingrid 8 2 2 -outgrid 4 4 2 -n5
+ '[' -z '' ']'
+ case "$-" in
+ '[' -z '' ']'
+ case "$-" in
+ __lmod_vx=x
+ '[' -n x ']'
+ set +x
Shell debugging temporarily silenced: export LMOD_SH_DBG_ON=1 for this output (/usr/share/lmod/lmod/init/bash)
+ __lmod_vx=x
+ '[' -n x ']'
+ set +x
Shell debugging temporarily silenced: export LMOD_SH_DBG_ON=1 for this output (/usr/share/lmod/lmod/init/bash)
Shell debugging temporarily silenced: export LMOD_SH_DBG_ON=1 for this output (/usr/share/lmod/lmod/init/bash)
+ '[' -z '' ']'
+ case "$-" in
+ __lmod_vx=x
+ '[' -n x ']'
+ set +x
Shell debugging restarted
+ unset __lmod_vx
Shell debugging temporarily silenced: export LMOD_SH_DBG_ON=1 for this output (/usr/share/lmod/lmod/init/bash)
+ '[' -z '' ']'
+ case "$-" in
+ __lmod_vx=x
+ '[' -n x ']'
+ set +x
Shell debugging restarted
+ unset __lmod_vx
Shell debugging restarted
+ unset __lmod_vx
Shell debugging restarted
+ unset __lmod_vx
+ speed3d_r2c cufft double 256 256 256 -no-reorder -a2a -p2p -r2c_dir 2 -ingrid 8 2 2 -outgrid 4 4 2 -n5
+ speed3d_r2c cufft double 256 256 256 -no-reorder -a2a -p2p -r2c_dir 2 -ingrid 8 2 2 -outgrid 4 4 2 -n5
+ speed3d_r2c cufft double 256 256 256 -no-reorder -a2a -p2p -r2c_dir 2 -ingrid 8 2 2 -outgrid 4 4 2 -n5
+ speed3d_r2c cufft double 256 256 256 -no-reorder -a2a -p2p -r2c_dir 2 -ingrid 8 2 2 -outgrid 4 4 2 -n5
“RANK= 0 LOCAL_RANK= 0 gpu= 3”
“RANK= 1 LOCAL_RANK= 1 gpu= 2”
“RANK= 2 LOCAL_RANK= 2 gpu= 1”
“RANK= 3 LOCAL_RANK= 3 gpu= 0”
+ '[' -z '' ']'
+ case "$-" in
+ '[' -z '' ']'
+ case "$-" in
+ __lmod_vx=x
+ '[' -n x ']'
+ set +x
Shell debugging temporarily silenced: export LMOD_SH_DBG_ON=1 for this output (/usr/share/lmod/lmod/init/bash)
+ __lmod_vx=x
+ '[' -n x ']'
+ set +x
Shell debugging temporarily silenced: export LMOD_SH_DBG_ON=1 for this output (/usr/share/lmod/lmod/init/bash)
Shell debugging temporarily silenced: export LMOD_SH_DBG_ON=1 for this output (/usr/share/lmod/lmod/init/bash)
+ '[' -z '' ']'
+ case "$-" in
+ __lmod_vx=x
+ '[' -n x ']'
+ set +x
Shell debugging temporarily silenced: export LMOD_SH_DBG_ON=1 for this output (/usr/share/lmod/lmod/init/bash)
+ '[' -z '' ']'
+ case "$-" in
+ __lmod_vx=x
+ '[' -n x ']'
+ set +x
Shell debugging restarted
+ unset __lmod_vx
Shell debugging restarted
+ unset __lmod_vx
Shell debugging restarted
+ unset __lmod_vx
Shell debugging restarted
+ unset __lmod_vx
+ speed3d_r2c cufft double 256 256 256 -no-reorder -a2a -p2p -r2c_dir 2 -ingrid 8 2 2 -outgrid 4 4 2 -n5
+ speed3d_r2c cufft double 256 256 256 -no-reorder -a2a -p2p -r2c_dir 2 -ingrid 8 2 2 -outgrid 4 4 2 -n5
+ speed3d_r2c cufft double 256 256 256 -no-reorder -a2a -p2p -r2c_dir 2 -ingrid 8 2 2 -outgrid 4 4 2 -n5
+ speed3d_r2c cufft double 256 256 256 -no-reorder -a2a -p2p -r2c_dir 2 -ingrid 8 2 2 -outgrid 4 4 2 -n5
MPICH ERROR [Rank 4] [job id 81088475-e4c6-4138-9096-7b0b2891c542] [Tue Jul 25 02:59:51 2023] [x3111c0s7b0n0] - Abort(136960399) (rank 4 in comm 0): Fatal error in PMPI_Send: Other MPI error, error stack:
PMPI_Send(163).................: MPI_Send(buf=0x145b38110000, count=65536, dtype=0x4c001041, dest=1, tag=0, MPI_COMM_WORLD) failed
PMPI_Send(143).................: 
MPIR_Wait_impl(41).............: 
MPID_Progress_wait(184)........: 
MPIDI_Progress_test(80)........: 
MPIDI_OFI_handle_cq_error(1059): OFI poll failed (ofi_events.c:1061:MPIDI_OFI_handle_cq_error:Input/output error - remote access error)

aborting job:
Fatal error in PMPI_Send: Other MPI error, error stack:
PMPI_Send(163).................: MPI_Send(buf=0x145b38110000, count=65536, dtype=0x4c001041, dest=1, tag=0, MPI_COMM_WORLD) failed
PMPI_Send(143).................: 
MPIR_Wait_impl(41).............: 
MPID_Progress_wait(184)........: 
MPIDI_Progress_test(80)........: 
MPIDI_OFI_handle_cq_error(1059): OFI poll failed (ofi_events.c:1061:MPIDI_OFI_handle_cq_error:Input/output error - remote access error)
MPICH ERROR [Rank 0] [job id 81088475-e4c6-4138-9096-7b0b2891c542] [Tue Jul 25 02:59:51 2023] [x3111c0s37b1n0] - Abort(808049039) (rank 0 in comm 0): Fatal error in PMPI_Send: Other MPI error, error stack:
PMPI_Send(163).................: MPI_Send(buf=0x152ad2200000, count=65536, dtype=0x4c001041, dest=3, tag=0, MPI_COMM_WORLD) failed
PMPI_Send(143).................: 
MPIR_Wait_impl(41).............: 
MPID_Progress_wait(184)........: 
MPIDI_Progress_test(80)........: 
MPIDI_OFI_handle_cq_error(1059): OFI poll failed (ofi_events.c:1061:MPIDI_OFI_handle_cq_error:Input/output error - remote access error)

aborting job:
Fatal error in PMPI_Send: Other MPI error, error stack:
PMPI_Send(163).................: MPI_Send(buf=0x152ad2200000, count=65536, dtype=0x4c001041, dest=3, tag=0, MPI_COMM_WORLD) failed
PMPI_Send(143).................: 
MPIR_Wait_impl(41).............: 
MPID_Progress_wait(184)........: 
MPIDI_Progress_test(80)........: 
MPIDI_OFI_handle_cq_error(1059): OFI poll failed (ofi_events.c:1061:MPIDI_OFI_handle_cq_error:Input/output error - remote access error)
MPICH ERROR [Rank 1] [job id 81088475-e4c6-4138-9096-7b0b2891c542] [Tue Jul 25 02:59:51 2023] [x3111c0s37b1n0] - Abort(338286991) (rank 1 in comm 0): Fatal error in PMPI_Send: Other MPI error, error stack:
PMPI_Send(163).................: MPI_Send(buf=0x14d4d8210000, count=65536, dtype=0x4c001041, dest=10, tag=0, MPI_COMM_WORLD) failed
PMPI_Send(143).................: 
MPIR_Wait_impl(41).............: 
MPID_Progress_wait(184)........: 
MPIDI_Progress_test(80)........: 
MPIDI_OFI_handle_cq_error(1059): OFI poll failed (ofi_events.c:1061:MPIDI_OFI_handle_cq_error:Input/output error - local protection error)

aborting job:
Fatal error in PMPI_Send: Other MPI error, error stack:
PMPI_Send(163).................: MPI_Send(buf=0x14d4d8210000, count=65536, dtype=0x4c001041, dest=10, tag=0, MPI_COMM_WORLD) failed
PMPI_Send(143).................: 
MPIR_Wait_impl(41).............: 
MPID_Progress_wait(184)........: 
MPIDI_Progress_test(80)........: 
MPIDI_OFI_handle_cq_error(1059): OFI poll failed (ofi_events.c:1061:MPIDI_OFI_handle_cq_error:Input/output error - local protection error)
MPICH ERROR [Rank 12] [job id 81088475-e4c6-4138-9096-7b0b2891c542] [Tue Jul 25 02:59:51 2023] [x3112c0s13b0n0] - Abort(808049039) (rank 12 in comm 0): Fatal error in PMPI_Send: Other MPI error, error stack:
PMPI_Send(163).................: MPI_Send(buf=0x1456ba000000, count=69632, dtype=0x4c001041, dest=0, tag=0, MPI_COMM_WORLD) failed
PMPI_Send(143).................: 
MPIR_Wait_impl(41).............: 
MPID_Progress_wait(184)........: 
MPIDI_Progress_test(80)........: 
MPIDI_OFI_handle_cq_error(1059): OFI poll failed (ofi_events.c:1061:MPIDI_OFI_handle_cq_error:Input/output error - remote access error)

aborting job:
Fatal error in PMPI_Send: Other MPI error, error stack:
PMPI_Send(163).................: MPI_Send(buf=0x1456ba000000, count=69632, dtype=0x4c001041, dest=0, tag=0, MPI_COMM_WORLD) failed
PMPI_Send(143).................: 
MPIR_Wait_impl(41).............: 
MPID_Progress_wait(184)........: 
MPIDI_Progress_test(80)........: 
MPIDI_OFI_handle_cq_error(1059): OFI poll failed (ofi_events.c:1061:MPIDI_OFI_handle_cq_error:Input/output error - remote access error)
MPICH ERROR [Rank 17] [job id 81088475-e4c6-4138-9096-7b0b2891c542] [Tue Jul 25 02:59:51 2023] [x3112c0s13b1n0] - Abort(405395855) (rank 17 in comm 0): Fatal error in PMPI_Send: Other MPI error, error stack:
PMPI_Send(163).................: MPI_Send(buf=0x149418000000, count=65536, dtype=0x4c001041, dest=12, tag=0, MPI_COMM_WORLD) failed
PMPI_Send(143).................: 
MPIR_Wait_impl(41).............: 
MPID_Progress_wait(184)........: 
MPIDI_Progress_test(80)........: 
MPIDI_OFI_handle_cq_error(1059): OFI poll failed (ofi_events.c:1061:MPIDI_OFI_handle_cq_error:Input/output error - local protection error)

aborting job:
Fatal error in PMPI_Send: Other MPI error, error stack:
PMPI_Send(163).................: MPI_Send(buf=0x149418000000, count=65536, dtype=0x4c001041, dest=12, tag=0, MPI_COMM_WORLD) failed
PMPI_Send(143).................: 
MPIR_Wait_impl(41).............: 
MPID_Progress_wait(184)........: 
MPIDI_Progress_test(80)........: 
MPIDI_OFI_handle_cq_error(1059): OFI poll failed (ofi_events.c:1061:MPIDI_OFI_handle_cq_error:Input/output error - local protection error)
MPICH ERROR [Rank 20] [job id 81088475-e4c6-4138-9096-7b0b2891c542] [Tue Jul 25 02:59:51 2023] [x3112c0s19b0n0] - Abort(2742671) (rank 20 in comm 0): Fatal error in PMPI_Send: Other MPI error, error stack:
PMPI_Send(163).................: MPI_Send(buf=0x154d42000000, count=65536, dtype=0x4c001041, dest=4, tag=0, MPI_COMM_WORLD) failed
PMPI_Send(143).................: 
MPIR_Wait_impl(41).............: 
MPID_Progress_wait(184)........: 
MPIDI_Progress_test(80)........: 
MPIDI_OFI_handle_cq_error(1059): OFI poll failed (ofi_events.c:1061:MPIDI_OFI_handle_cq_error:Input/output error - remote access error)

aborting job:
Fatal error in PMPI_Send: Other MPI error, error stack:
PMPI_Send(163).................: MPI_Send(buf=0x154d42000000, count=65536, dtype=0x4c001041, dest=4, tag=0, MPI_COMM_WORLD) failed
PMPI_Send(143).................: 
MPIR_Wait_impl(41).............: 
MPID_Progress_wait(184)........: 
MPIDI_Progress_test(80)........: 
MPIDI_OFI_handle_cq_error(1059): OFI poll failed (ofi_events.c:1061:MPIDI_OFI_handle_cq_error:Input/output error - remote access error)
MPICH ERROR [Rank 28] [job id 81088475-e4c6-4138-9096-7b0b2891c542] [Tue Jul 25 02:59:51 2023] [x3112c0s1b0n0] - Abort(606722447) (rank 28 in comm 0): Fatal error in PMPI_Send: Other MPI error, error stack:
PMPI_Send(163).................: MPI_Send(buf=0x15479c000000, count=65536, dtype=0x4c001041, dest=4, tag=0, MPI_COMM_WORLD) failed
PMPI_Send(143).................: 
MPIR_Wait_impl(41).............: 
MPID_Progress_wait(184)........: 
MPIDI_Progress_test(80)........: 
MPIDI_OFI_handle_cq_error(1059): OFI poll failed (ofi_events.c:1061:MPIDI_OFI_handle_cq_error:Input/output error - remote access error)

aborting job:
Fatal error in PMPI_Send: Other MPI error, error stack:
PMPI_Send(163).................: MPI_Send(buf=0x15479c000000, count=65536, dtype=0x4c001041, dest=4, tag=0, MPI_COMM_WORLD) failed
PMPI_Send(143).................: 
MPIR_Wait_impl(41).............: 
MPID_Progress_wait(184)........: 
MPIDI_Progress_test(80)........: 
MPIDI_OFI_handle_cq_error(1059): OFI poll failed (ofi_events.c:1061:MPIDI_OFI_handle_cq_error:Input/output error - remote access error)
MPICH ERROR [Rank 24] [job id 81088475-e4c6-4138-9096-7b0b2891c542] [Tue Jul 25 02:59:51 2023] [x3112c0s19b1n0] - Abort(135911695) (rank 24 in comm 0): Fatal error in PMPI_Send: Other MPI error, error stack:
PMPI_Send(163)............: MPI_Send(buf=0x14c67a000000, count=65536, dtype=0x4c001041, dest=4, tag=0, MPI_COMM_WORLD) failed
MPID_Send(499)............: 
MPIDI_send_unsafe(58).....: 
MPIDI_OFI_send_normal(352): OFI tagged senddata failed (ofi_send.h:352:MPIDI_OFI_send_normal:No route to host)

aborting job:
Fatal error in PMPI_Send: Other MPI error, error stack:
PMPI_Send(163)............: MPI_Send(buf=0x14c67a000000, count=65536, dtype=0x4c001041, dest=4, tag=0, MPI_COMM_WORLD) failed
MPID_Send(499)............: 
MPIDI_send_unsafe(58).....: 
MPIDI_OFI_send_normal(352): OFI tagged senddata failed (ofi_send.h:352:MPIDI_OFI_send_normal:No route to host)
MPICH ERROR [Rank 10] [job id 81088475-e4c6-4138-9096-7b0b2891c542] [Tue Jul 25 02:59:51 2023] [x3111c0s7b1n0] - Abort(271178127) (rank 10 in comm 0): Fatal error in PMPI_Send: Other MPI error, error stack:
PMPI_Send(163).................: MPI_Send(buf=0x154c2c110000, count=65536, dtype=0x4c001041, dest=17, tag=0, MPI_COMM_WORLD) failed
PMPI_Send(143).................: 
MPIR_Wait_impl(41).............: 
MPID_Progress_wait(184)........: 
MPIDI_Progress_test(80)........: 
MPIDI_OFI_handle_cq_error(1059): OFI poll failed (ofi_events.c:1061:MPIDI_OFI_handle_cq_error:Input/output error - local protection error)

aborting job:
Fatal error in PMPI_Send: Other MPI error, error stack:
PMPI_Send(163).................: MPI_Send(buf=0x154c2c110000, count=65536, dtype=0x4c001041, dest=17, tag=0, MPI_COMM_WORLD) failed
PMPI_Send(143).................: 
MPIR_Wait_impl(41).............: 
MPID_Progress_wait(184)........: 
MPIDI_Progress_test(80)........: 
MPIDI_OFI_handle_cq_error(1059): OFI poll failed (ofi_events.c:1061:MPIDI_OFI_handle_cq_error:Input/output error - local protection error)
MPICH ERROR [Rank 9] [job id 81088475-e4c6-4138-9096-7b0b2891c542] [Tue Jul 25 02:59:51 2023] [x3111c0s7b1n0] - Abort(538564879) (rank 9 in comm 0): Fatal error in PMPI_Send: Other MPI error, error stack:
PMPI_Send(163)............: MPI_Send(buf=0x146bc8000000, count=65536, dtype=0x4c001041, dest=17, tag=0, MPI_COMM_WORLD) failed
MPID_Send(499)............: 
MPIDI_send_unsafe(58).....: 
MPIDI_OFI_send_normal(352): OFI tagged senddata failed (ofi_send.h:352:MPIDI_OFI_send_normal:No route to host)

aborting job:
Fatal error in PMPI_Send: Other MPI error, error stack:
PMPI_Send(163)............: MPI_Send(buf=0x146bc8000000, count=65536, dtype=0x4c001041, dest=17, tag=0, MPI_COMM_WORLD) failed
MPID_Send(499)............: 
MPIDI_send_unsafe(58).....: 
MPIDI_OFI_send_normal(352): OFI tagged senddata failed (ofi_send.h:352:MPIDI_OFI_send_normal:No route to host)
MPICH ERROR [Rank 14] [job id 81088475-e4c6-4138-9096-7b0b2891c542] [Tue Jul 25 02:59:51 2023] [x3112c0s13b0n0] - Abort(404347151) (rank 14 in comm 0): Fatal error in PMPI_Send: Other MPI error, error stack:
PMPI_Send(163)............: MPI_Send(buf=0x152d5c110000, count=65536, dtype=0x4c001041, dest=17, tag=0, MPI_COMM_WORLD) failed
MPID_Send(499)............: 
MPIDI_send_unsafe(58).....: 
MPIDI_OFI_send_normal(352): OFI tagged senddata failed (ofi_send.h:352:MPIDI_OFI_send_normal:No route to host)

aborting job:
Fatal error in PMPI_Send: Other MPI error, error stack:
PMPI_Send(163)............: MPI_Send(buf=0x152d5c110000, count=65536, dtype=0x4c001041, dest=17, tag=0, MPI_COMM_WORLD) failed
MPID_Send(499)............: 
MPIDI_send_unsafe(58).....: 
MPIDI_OFI_send_normal(352): OFI tagged senddata failed (ofi_send.h:352:MPIDI_OFI_send_normal:No route to host)
x3111c0s7b0n0.hsn.cm.polaris.alcf.anl.gov: rank 4 exited with code 255
