“RANK= 4 LOCAL_RANK= 0 gpu= 3”
“RANK= 6 LOCAL_RANK= 2 gpu= 1”
“RANK= 24 LOCAL_RANK= 0 gpu= 3”
“RANK= 5 LOCAL_RANK= 1 gpu= 2”
“RANK= 7 LOCAL_RANK= 3 gpu= 0”
“RANK= 26 LOCAL_RANK= 2 gpu= 1”
“RANK= 25 LOCAL_RANK= 1 gpu= 2”
“RANK= 27 LOCAL_RANK= 3 gpu= 0”
“RANK= 20 LOCAL_RANK= 0 gpu= 3”
“RANK= 22 LOCAL_RANK= 2 gpu= 1”
“RANK= 21 LOCAL_RANK= 1 gpu= 2”
“RANK= 23 LOCAL_RANK= 3 gpu= 0”
+ '[' -z '' ']'
+ case "$-" in
Shell debugging temporarily silenced: export LMOD_SH_DBG_ON=1 for this output (/usr/share/lmod/lmod/init/bash)
+ __lmod_vx=x
+ '[' -n x ']'
+ set +x
Shell debugging restarted
+ '[' -z '' ']'
+ case "$-" in
+ '[' -z '' ']'
+ case "$-" in
+ __lmod_vx=x
Shell debugging temporarily silenced: export LMOD_SH_DBG_ON=1 for this output (/usr/share/lmod/lmod/init/bash)
+ unset __lmod_vx
+ __lmod_vx=x
+ '[' -n x ']'
+ set +x
Shell debugging temporarily silenced: export LMOD_SH_DBG_ON=1 for this output (/usr/share/lmod/lmod/init/bash)
+ '[' -z '' ']'
+ case "$-" in
+ '[' -z '' ']'
+ case "$-" in
+ __lmod_vx=x
+ '[' -z '' ']'
+ case "$-" in
+ __lmod_vx=x
+ '[' -n x ']'
+ set +x
Shell debugging temporarily silenced: export LMOD_SH_DBG_ON=1 for this output (/usr/share/lmod/lmod/init/bash)
Shell debugging temporarily silenced: export LMOD_SH_DBG_ON=1 for this output (/usr/share/lmod/lmod/init/bash)
Shell debugging temporarily silenced: export LMOD_SH_DBG_ON=1 for this output (/usr/share/lmod/lmod/init/bash)
+ __lmod_vx=x
+ '[' -n x ']'
+ set +x
+ '[' -n x ']'
+ set +x
+ '[' -n x ']'
+ set +x
Shell debugging temporarily silenced: export LMOD_SH_DBG_ON=1 for this output (/usr/share/lmod/lmod/init/bash)
+ '[' -z '' ']'
+ case "$-" in
+ __lmod_vx=x
+ '[' -n x ']'
+ set +x
Shell debugging temporarily silenced: export LMOD_SH_DBG_ON=1 for this output (/usr/share/lmod/lmod/init/bash)
+ '[' -z '' ']'
+ case "$-" in
+ __lmod_vx=x
+ '[' -n x ']'
+ set +x
+ '[' -z '' ']'
+ case "$-" in
+ __lmod_vx=x
+ '[' -n x ']'
+ set +x
+ '[' -z '' ']'
+ case "$-" in
+ __lmod_vx=x
+ '[' -n x ']'
+ set +x
Shell debugging temporarily silenced: export LMOD_SH_DBG_ON=1 for this output (/usr/share/lmod/lmod/init/bash)
Shell debugging temporarily silenced: export LMOD_SH_DBG_ON=1 for this output (/usr/share/lmod/lmod/init/bash)
Shell debugging restarted
+ unset __lmod_vx
+ speed3d_r2c cufft float 256 256 256 -no-reorder -a2a -p2p_pl -r2c_dir 0 -ingrid 16 2 1 -outgrid 4 4 2 -n5
+ '[' -z '' ']'
+ case "$-" in
+ __lmod_vx=x
+ '[' -n x ']'
+ set +x
Shell debugging temporarily silenced: export LMOD_SH_DBG_ON=1 for this output (/usr/share/lmod/lmod/init/bash)
Shell debugging restarted
+ unset __lmod_vx
+ speed3d_r2c cufft float 256 256 256 -no-reorder -a2a -p2p_pl -r2c_dir 0 -ingrid 16 2 1 -outgrid 4 4 2 -n5
Shell debugging restarted
+ unset __lmod_vx
Shell debugging restarted
+ unset __lmod_vx
Shell debugging restarted
+ unset __lmod_vx
+ speed3d_r2c cufft float 256 256 256 -no-reorder -a2a -p2p_pl -r2c_dir 0 -ingrid 16 2 1 -outgrid 4 4 2 -n5
Shell debugging restarted
+ unset __lmod_vx
+ '[' -z '' ']'
+ case "$-" in
+ __lmod_vx=x
+ '[' -n x ']'
+ set +x
+ speed3d_r2c cufft float 256 256 256 -no-reorder -a2a -p2p_pl -r2c_dir 0 -ingrid 16 2 1 -outgrid 4 4 2 -n5
Shell debugging restarted
+ unset __lmod_vx
+ speed3d_r2c cufft float 256 256 256 -no-reorder -a2a -p2p_pl -r2c_dir 0 -ingrid 16 2 1 -outgrid 4 4 2 -n5
Shell debugging temporarily silenced: export LMOD_SH_DBG_ON=1 for this output (/usr/share/lmod/lmod/init/bash)
Shell debugging restarted
+ unset __lmod_vx
+ speed3d_r2c cufft float 256 256 256 -no-reorder -a2a -p2p_pl -r2c_dir 0 -ingrid 16 2 1 -outgrid 4 4 2 -n5
Shell debugging restarted
+ speed3d_r2c cufft float 256 256 256 -no-reorder -a2a -p2p_pl -r2c_dir 0 -ingrid 16 2 1 -outgrid 4 4 2 -n5
+ unset __lmod_vx
+ speed3d_r2c cufft float 256 256 256 -no-reorder -a2a -p2p_pl -r2c_dir 0 -ingrid 16 2 1 -outgrid 4 4 2 -n5
Shell debugging restarted
+ unset __lmod_vx
+ speed3d_r2c cufft float 256 256 256 -no-reorder -a2a -p2p_pl -r2c_dir 0 -ingrid 16 2 1 -outgrid 4 4 2 -n5
Shell debugging restarted
+ unset __lmod_vx
+ speed3d_r2c cufft float 256 256 256 -no-reorder -a2a -p2p_pl -r2c_dir 0 -ingrid 16 2 1 -outgrid 4 4 2 -n5
+ speed3d_r2c cufft float 256 256 256 -no-reorder -a2a -p2p_pl -r2c_dir 0 -ingrid 16 2 1 -outgrid 4 4 2 -n5
+ speed3d_r2c cufft float 256 256 256 -no-reorder -a2a -p2p_pl -r2c_dir 0 -ingrid 16 2 1 -outgrid 4 4 2 -n5
“RANK= 16 LOCAL_RANK= 0 gpu= 3”
“RANK= 18 LOCAL_RANK= 2 gpu= 1”
“RANK= 19 LOCAL_RANK= 3 gpu= 0”
“RANK= 17 LOCAL_RANK= 1 gpu= 2”
“RANK= 11 LOCAL_RANK= 3 gpu= 0”
“RANK= 9 LOCAL_RANK= 1 gpu= 2”
“RANK= 10 LOCAL_RANK= 2 gpu= 1”
“RANK= 8 LOCAL_RANK= 0 gpu= 3”
+ '[' -z '' ']'
+ case "$-" in
+ __lmod_vx=x
Shell debugging temporarily silenced: export LMOD_SH_DBG_ON=1 for this output (/usr/share/lmod/lmod/init/bash)
“RANK= 12 LOCAL_RANK= 0 gpu= 3”
+ '[' -n x ']'
+ set +x
“RANK= 15 LOCAL_RANK= 3 gpu= 0”
Shell debugging restarted
+ unset __lmod_vx
+ '[' -z '' ']'
+ case "$-" in
+ __lmod_vx=x
+ '[' -n x ']'
+ set +x
+ '[' -z '' ']'
+ case "$-" in
+ __lmod_vx=x
+ '[' -n x ']'
+ set +x
Shell debugging temporarily silenced: export LMOD_SH_DBG_ON=1 for this output (/usr/share/lmod/lmod/init/bash)
“RANK= 29 LOCAL_RANK= 1 gpu= 2”
+ '[' -z '' ']'
+ case "$-" in
+ __lmod_vx=x
+ '[' -n x ']'
+ set +x
“RANK= 14 LOCAL_RANK= 2 gpu= 1”
Shell debugging temporarily silenced: export LMOD_SH_DBG_ON=1 for this output (/usr/share/lmod/lmod/init/bash)
“RANK= 13 LOCAL_RANK= 1 gpu= 2”
Shell debugging temporarily silenced: export LMOD_SH_DBG_ON=1 for this output (/usr/share/lmod/lmod/init/bash)
+ speed3d_r2c cufft float 256 256 256 -no-reorder -a2a -p2p_pl -r2c_dir 0 -ingrid 16 2 1 -outgrid 4 4 2 -n5
“RANK= 30 LOCAL_RANK= 2 gpu= 1”
Shell debugging restarted
Shell debugging restarted
+ unset __lmod_vx
+ unset __lmod_vx
“RANK= 31 LOCAL_RANK= 3 gpu= 0”
+ speed3d_r2c cufft float 256 256 256 -no-reorder -a2a -p2p_pl -r2c_dir 0 -ingrid 16 2 1 -outgrid 4 4 2 -n5
Shell debugging restarted
+ unset __lmod_vx
“RANK= 28 LOCAL_RANK= 0 gpu= 3”
+ speed3d_r2c cufft float 256 256 256 -no-reorder -a2a -p2p_pl -r2c_dir 0 -ingrid 16 2 1 -outgrid 4 4 2 -n5
+ speed3d_r2c cufft float 256 256 256 -no-reorder -a2a -p2p_pl -r2c_dir 0 -ingrid 16 2 1 -outgrid 4 4 2 -n5
+ '[' -z '' ']'
+ case "$-" in
+ __lmod_vx=x
+ '[' -z '' ']'
+ case "$-" in
Shell debugging temporarily silenced: export LMOD_SH_DBG_ON=1 for this output (/usr/share/lmod/lmod/init/bash)
+ '[' -n x ']'
+ set +x
Shell debugging temporarily silenced: export LMOD_SH_DBG_ON=1 for this output (/usr/share/lmod/lmod/init/bash)
+ '[' -z '' ']'
+ case "$-" in
+ __lmod_vx=x
+ '[' -n x ']'
+ set +x
Shell debugging temporarily silenced: export LMOD_SH_DBG_ON=1 for this output (/usr/share/lmod/lmod/init/bash)
+ __lmod_vx=x
+ '[' -n x ']'
+ set +x
Shell debugging restarted
+ unset __lmod_vx
Shell debugging temporarily silenced: export LMOD_SH_DBG_ON=1 for this output (/usr/share/lmod/lmod/init/bash)
+ '[' -z '' ']'
+ case "$-" in
+ __lmod_vx=x
+ '[' -n x ']'
+ set +x
Shell debugging restarted
+ unset __lmod_vx
+ '[' -z '' ']'
+ case "$-" in
+ __lmod_vx=x
Shell debugging restarted
+ unset __lmod_vx
Shell debugging temporarily silenced: export LMOD_SH_DBG_ON=1 for this output (/usr/share/lmod/lmod/init/bash)
Shell debugging restarted
+ unset __lmod_vx
+ '[' -n x ']'
+ set +x
+ '[' -z '' ']'
+ case "$-" in
+ speed3d_r2c cufft float 256 256 256 -no-reorder -a2a -p2p_pl -r2c_dir 0 -ingrid 16 2 1 -outgrid 4 4 2 -n5
Shell debugging restarted
+ unset __lmod_vx
Shell debugging temporarily silenced: export LMOD_SH_DBG_ON=1 for this output (/usr/share/lmod/lmod/init/bash)
+ speed3d_r2c cufft float 256 256 256 -no-reorder -a2a -p2p_pl -r2c_dir 0 -ingrid 16 2 1 -outgrid 4 4 2 -n5
+ __lmod_vx=x
+ '[' -n x ']'
+ set +x
+ speed3d_r2c cufft float 256 256 256 -no-reorder -a2a -p2p_pl -r2c_dir 0 -ingrid 16 2 1 -outgrid 4 4 2 -n5
+ '[' -z '' ']'
Shell debugging restarted
+ unset __lmod_vx
+ speed3d_r2c cufft float 256 256 256 -no-reorder -a2a -p2p_pl -r2c_dir 0 -ingrid 16 2 1 -outgrid 4 4 2 -n5
+ '[' -z '' ']'
+ case "$-" in
+ __lmod_vx=x
+ '[' -n x ']'
+ set +x
+ '[' -z '' ']'
+ case "$-" in
+ __lmod_vx=x
+ '[' -n x ']'
+ set +x
+ '[' -z '' ']'
+ case "$-" in
+ __lmod_vx=x
+ '[' -n x ']'
+ set +x
+ '[' -z '' ']'
+ case "$-" in
+ __lmod_vx=x
+ '[' -n x ']'
+ case "$-" in
+ __lmod_vx=x
+ '[' -n x ']'
+ set +x
+ '[' -z '' ']'
+ case "$-" in
+ __lmod_vx=x
+ '[' -n x ']'
+ set +x
Shell debugging temporarily silenced: export LMOD_SH_DBG_ON=1 for this output (/usr/share/lmod/lmod/init/bash)
Shell debugging temporarily silenced: export LMOD_SH_DBG_ON=1 for this output (/usr/share/lmod/lmod/init/bash)
+ speed3d_r2c cufft float 256 256 256 -no-reorder -a2a -p2p_pl -r2c_dir 0 -ingrid 16 2 1 -outgrid 4 4 2 -n5
Shell debugging temporarily silenced: export LMOD_SH_DBG_ON=1 for this output (/usr/share/lmod/lmod/init/bash)
Shell debugging temporarily silenced: export LMOD_SH_DBG_ON=1 for this output (/usr/share/lmod/lmod/init/bash)
+ set +x
Shell debugging temporarily silenced: export LMOD_SH_DBG_ON=1 for this output (/usr/share/lmod/lmod/init/bash)
Shell debugging temporarily silenced: export LMOD_SH_DBG_ON=1 for this output (/usr/share/lmod/lmod/init/bash)
Shell debugging restarted
Shell debugging restarted
+ unset __lmod_vx
Shell debugging restarted
+ unset __lmod_vx
+ speed3d_r2c cufft float 256 256 256 -no-reorder -a2a -p2p_pl -r2c_dir 0 -ingrid 16 2 1 -outgrid 4 4 2 -n5
Shell debugging restarted
+ unset __lmod_vx
Shell debugging restarted
+ unset __lmod_vx
+ speed3d_r2c cufft float 256 256 256 -no-reorder -a2a -p2p_pl -r2c_dir 0 -ingrid 16 2 1 -outgrid 4 4 2 -n5
+ unset __lmod_vx
+ speed3d_r2c cufft float 256 256 256 -no-reorder -a2a -p2p_pl -r2c_dir 0 -ingrid 16 2 1 -outgrid 4 4 2 -n5
Shell debugging restarted
+ unset __lmod_vx
+ speed3d_r2c cufft float 256 256 256 -no-reorder -a2a -p2p_pl -r2c_dir 0 -ingrid 16 2 1 -outgrid 4 4 2 -n5
+ speed3d_r2c cufft float 256 256 256 -no-reorder -a2a -p2p_pl -r2c_dir 0 -ingrid 16 2 1 -outgrid 4 4 2 -n5
+ speed3d_r2c cufft float 256 256 256 -no-reorder -a2a -p2p_pl -r2c_dir 0 -ingrid 16 2 1 -outgrid 4 4 2 -n5
+ speed3d_r2c cufft float 256 256 256 -no-reorder -a2a -p2p_pl -r2c_dir 0 -ingrid 16 2 1 -outgrid 4 4 2 -n5
“RANK= 0 LOCAL_RANK= 0 gpu= 3”
“RANK= 1 LOCAL_RANK= 1 gpu= 2”
“RANK= 2 LOCAL_RANK= 2 gpu= 1”
“RANK= 3 LOCAL_RANK= 3 gpu= 0”
+ '[' -z '' ']'
+ case "$-" in
Shell debugging temporarily silenced: export LMOD_SH_DBG_ON=1 for this output (/usr/share/lmod/lmod/init/bash)
+ __lmod_vx=x
+ '[' -n x ']'
+ set +x
+ '[' -z '' ']'
+ case "$-" in
+ __lmod_vx=x
+ '[' -n x ']'
+ set +x
Shell debugging temporarily silenced: export LMOD_SH_DBG_ON=1 for this output (/usr/share/lmod/lmod/init/bash)
+ '[' -z '' ']'
+ case "$-" in
Shell debugging restarted
+ unset __lmod_vx
+ '[' -z '' ']'
+ case "$-" in
+ __lmod_vx=x
+ '[' -n x ']'
+ set +x
Shell debugging temporarily silenced: export LMOD_SH_DBG_ON=1 for this output (/usr/share/lmod/lmod/init/bash)
+ __lmod_vx=x
+ '[' -n x ']'
+ set +x
Shell debugging restarted
+ unset __lmod_vx
Shell debugging temporarily silenced: export LMOD_SH_DBG_ON=1 for this output (/usr/share/lmod/lmod/init/bash)
Shell debugging restarted
+ unset __lmod_vx
Shell debugging restarted
+ unset __lmod_vx
+ speed3d_r2c cufft float 256 256 256 -no-reorder -a2a -p2p_pl -r2c_dir 0 -ingrid 16 2 1 -outgrid 4 4 2 -n5
+ speed3d_r2c cufft float 256 256 256 -no-reorder -a2a -p2p_pl -r2c_dir 0 -ingrid 16 2 1 -outgrid 4 4 2 -n5
+ speed3d_r2c cufft float 256 256 256 -no-reorder -a2a -p2p_pl -r2c_dir 0 -ingrid 16 2 1 -outgrid 4 4 2 -n5
+ speed3d_r2c cufft float 256 256 256 -no-reorder -a2a -p2p_pl -r2c_dir 0 -ingrid 16 2 1 -outgrid 4 4 2 -n5
MPICH ERROR [Rank 29] [job id d6fca6e1-dc9b-4637-a079-addaac4d07aa] [Tue Jul 25 02:58:59 2023] [x3112c0s1b0n0] - Abort(203043215) (rank 29 in comm 0): Fatal error in PMPI_Waitany: Other MPI error, error stack:
PMPI_Waitany(277)..............: MPI_Waitany(count=2, req_array=0x1f7ac10, index=0x7ffce18277cc, status=0x1) failed
PMPI_Waitany(245)..............: 
MPIDI_Progress_test(80)........: 
MPIDI_OFI_handle_cq_error(1059): OFI poll failed (ofi_events.c:1061:MPIDI_OFI_handle_cq_error:Input/output error - remote access error)

aborting job:
Fatal error in PMPI_Waitany: Other MPI error, error stack:
PMPI_Waitany(277)..............: MPI_Waitany(count=2, req_array=0x1f7ac10, index=0x7ffce18277cc, status=0x1) failed
PMPI_Waitany(245)..............: 
MPIDI_Progress_test(80)........: 
MPIDI_OFI_handle_cq_error(1059): OFI poll failed (ofi_events.c:1061:MPIDI_OFI_handle_cq_error:Input/output error - remote access error)
MPICH ERROR [Rank 28] [job id d6fca6e1-dc9b-4637-a079-addaac4d07aa] [Tue Jul 25 02:58:59 2023] [x3112c0s1b0n0] - Abort(2240911) (rank 28 in comm 0): Fatal error in PMPI_Waitany: Other MPI error, error stack:
PMPI_Waitany(277)..............: MPI_Waitany(count=2, req_array=0x14bdff0, index=0x7ffc41a97acc, status=0x1) failed
PMPI_Waitany(245)..............: 
MPIR_Waitany_impl(97)..........: 
MPIDI_Progress_test(80)........: 
MPIDI_OFI_handle_cq_error(1059): OFI poll failed (ofi_events.c:1061:MPIDI_OFI_handle_cq_error:Input/output error - remote access error)

aborting job:
Fatal error in PMPI_Waitany: Other MPI error, error stack:
PMPI_Waitany(277)..............: MPI_Waitany(count=2, req_array=0x14bdff0, index=0x7ffc41a97acc, status=0x1) failed
PMPI_Waitany(245)..............: 
MPIR_Waitany_impl(97)..........: 
MPIDI_Progress_test(80)........: 
MPIDI_OFI_handle_cq_error(1059): OFI poll failed (ofi_events.c:1061:MPIDI_OFI_handle_cq_error:Input/output error - remote access error)
MPICH ERROR [Rank 31] [job id d6fca6e1-dc9b-4637-a079-addaac4d07aa] [Tue Jul 25 02:58:59 2023] [x3112c0s1b0n0] - Abort(539111823) (rank 31 in comm 0): Fatal error in PMPI_Waitany: Other MPI error, error stack:
PMPI_Waitany(277)..............: MPI_Waitany(count=7, req_array=0x25b75c0, index=0x7ffcdc616fbc, status=0x1) failed
PMPI_Waitany(245)..............: 
MPIR_Waitany_impl(97)..........: 
MPIDI_Progress_test(80)........: 
MPIDI_OFI_handle_cq_error(1059): OFI poll failed (ofi_events.c:1061:MPIDI_OFI_handle_cq_error:Input/output error - remote access error)

aborting job:
Fatal error in PMPI_Waitany: Other MPI error, error stack:
PMPI_Waitany(277)..............: MPI_Waitany(count=7, req_array=0x25b75c0, index=0x7ffcdc616fbc, status=0x1) failed
PMPI_Waitany(245)..............: 
MPIR_Waitany_impl(97)..........: 
MPIDI_Progress_test(80)........: 
MPIDI_OFI_handle_cq_error(1059): OFI poll failed (ofi_events.c:1061:MPIDI_OFI_handle_cq_error:Input/output error - remote access error)
MPICH ERROR [Rank 21] [job id d6fca6e1-dc9b-4637-a079-addaac4d07aa] [Tue Jul 25 02:58:59 2023] [x3112c0s19b0n0] - Abort(404894095) (rank 21 in comm 0): Fatal error in PMPI_Waitany: Other MPI error, error stack:
PMPI_Waitany(277)..............: MPI_Waitany(count=2, req_array=0x2550910, index=0x7ffdc584eafc, status=0x1) failed
PMPI_Waitany(245)..............: 
MPIR_Waitany_impl(97)..........: 
MPIDI_Progress_test(80)........: 
MPIDI_OFI_handle_cq_error(1059): OFI poll failed (ofi_events.c:1061:MPIDI_OFI_handle_cq_error:Input/output error - remote access error)

aborting job:
Fatal error in PMPI_Waitany: Other MPI error, error stack:
PMPI_Waitany(277)..............: MPI_Waitany(count=2, req_array=0x2550910, index=0x7ffdc584eafc, status=0x1) failed
PMPI_Waitany(245)..............: 
MPIR_Waitany_impl(97)..........: 
MPIDI_Progress_test(80)........: 
MPIDI_OFI_handle_cq_error(1059): OFI poll failed (ofi_events.c:1061:MPIDI_OFI_handle_cq_error:Input/output error - remote access error)
MPICH ERROR [Rank 20] [job id d6fca6e1-dc9b-4637-a079-addaac4d07aa] [Tue Jul 25 02:58:59 2023] [x3112c0s19b0n0] - Abort(2240911) (rank 20 in comm 0): Fatal error in PMPI_Waitany: Other MPI error, error stack:
PMPI_Waitany(277)..............: MPI_Waitany(count=2, req_array=0x96a910, index=0x7ffd5320c7bc, status=0x1) failed
PMPI_Waitany(245)..............: 
MPIR_Waitany_impl(97)..........: 
MPIDI_Progress_test(80)........: 
MPIDI_OFI_handle_cq_error(1059): OFI poll failed (ofi_events.c:1061:MPIDI_OFI_handle_cq_error:Input/output error - remote access error)

aborting job:
Fatal error in PMPI_Waitany: Other MPI error, error stack:
PMPI_Waitany(277)..............: MPI_Waitany(count=2, req_array=0x96a910, index=0x7ffd5320c7bc, status=0x1) failed
PMPI_Waitany(245)..............: 
MPIR_Waitany_impl(97)..........: 
MPIDI_Progress_test(80)........: 
MPIDI_OFI_handle_cq_error(1059): OFI poll failed (ofi_events.c:1061:MPIDI_OFI_handle_cq_error:Input/output error - remote access error)
MPICH ERROR [Rank 5] [job id d6fca6e1-dc9b-4637-a079-addaac4d07aa] [Tue Jul 25 02:58:59 2023] [x3111c0s7b0n0] - Abort(471478671) (rank 5 in comm 0): Fatal error in PMPI_Waitany: Other MPI error, error stack:
PMPI_Waitany(277)..............: MPI_Waitany(count=7, req_array=0xe829f0, index=0x7ffc4339f75c, status=0x1) failed
PMPI_Waitany(245)..............: 
MPIDI_Progress_test(80)........: 
MPIDI_OFI_handle_cq_error(1059): OFI poll failed (ofi_events.c:1061:MPIDI_OFI_handle_cq_error:Input/output error - remote access error)

aborting job:
Fatal error in PMPI_Waitany: Other MPI error, error stack:
PMPI_Waitany(277)..............: MPI_Waitany(count=7, req_array=0xe829f0, index=0x7ffc4339f75c, status=0x1) failed
PMPI_Waitany(245)..............: 
MPIDI_Progress_test(80)........: 
MPIDI_OFI_handle_cq_error(1059): OFI poll failed (ofi_events.c:1061:MPIDI_OFI_handle_cq_error:Input/output error - remote access error)
MPICH ERROR [Rank 25] [job id d6fca6e1-dc9b-4637-a079-addaac4d07aa] [Tue Jul 25 02:58:59 2023] [x3112c0s19b1n0] - Abort(1716623) (rank 25 in comm 0): Fatal error in PMPI_Waitany: Other MPI error, error stack:
PMPI_Waitany(277)..............: MPI_Waitany(count=2, req_array=0x18c1910, index=0x7ffcb4d36e2c, status=0x1) failed
PMPI_Waitany(245)..............: 
MPIDI_Progress_test(80)........: 
MPIDI_OFI_handle_cq_error(1059): OFI poll failed (ofi_events.c:1061:MPIDI_OFI_handle_cq_error:Input/output error - remote access error)

aborting job:
Fatal error in PMPI_Waitany: Other MPI error, error stack:
PMPI_Waitany(277)..............: MPI_Waitany(count=2, req_array=0x18c1910, index=0x7ffcb4d36e2c, status=0x1) failed
PMPI_Waitany(245)..............: 
MPIDI_Progress_test(80)........: 
MPIDI_OFI_handle_cq_error(1059): OFI poll failed (ofi_events.c:1061:MPIDI_OFI_handle_cq_error:Input/output error - remote access error)
MPICH ERROR [Rank 4] [job id d6fca6e1-dc9b-4637-a079-addaac4d07aa] [Tue Jul 25 02:58:59 2023] [x3111c0s7b0n0] - Abort(807022991) (rank 4 in comm 0): Fatal error in PMPI_Waitany: Other MPI error, error stack:
PMPI_Waitany(277)..............: MPI_Waitany(count=7, req_array=0x2265f60, index=0x7ffe6dd14ecc, status=0x1) failed
PMPI_Waitany(245)..............: 
MPIDI_Progress_test(80)........: 
MPIDI_OFI_handle_cq_error(1059): OFI poll failed (ofi_events.c:1061:MPIDI_OFI_handle_cq_error:Input/output error - remote access error)

aborting job:
Fatal error in PMPI_Waitany: Other MPI error, error stack:
PMPI_Waitany(277)..............: MPI_Waitany(count=7, req_array=0x2265f60, index=0x7ffe6dd14ecc, status=0x1) failed
PMPI_Waitany(245)..............: 
MPIDI_Progress_test(80)........: 
MPIDI_OFI_handle_cq_error(1059): OFI poll failed (ofi_events.c:1061:MPIDI_OFI_handle_cq_error:Input/output error - remote access error)
MPICH ERROR [Rank 24] [job id d6fca6e1-dc9b-4637-a079-addaac4d07aa] [Tue Jul 25 02:58:59 2023] [x3112c0s19b1n0] - Abort(874656143) (rank 24 in comm 0): Fatal error in PMPI_Waitany: Other MPI error, error stack:
PMPI_Waitany(277)..............: MPI_Waitany(count=2, req_array=0x1ea6910, index=0x7ffe6b043e1c, status=0x1) failed
PMPI_Waitany(245)..............: 
MPIR_Waitany_impl(97)..........: 
MPIDI_Progress_test(80)........: 
MPIDI_OFI_handle_cq_error(1059): OFI poll failed (ofi_events.c:1061:MPIDI_OFI_handle_cq_error:Input/output error - remote access error)

aborting job:
Fatal error in PMPI_Waitany: Other MPI error, error stack:
PMPI_Waitany(277)..............: MPI_Waitany(count=2, req_array=0x1ea6910, index=0x7ffe6b043e1c, status=0x1) failed
PMPI_Waitany(245)..............: 
MPIR_Waitany_impl(97)..........: 
MPIDI_Progress_test(80)........: 
MPIDI_OFI_handle_cq_error(1059): OFI poll failed (ofi_events.c:1061:MPIDI_OFI_handle_cq_error:Input/output error - remote access error)
MPICH ERROR [Rank 22] [job id d6fca6e1-dc9b-4637-a079-addaac4d07aa] [Tue Jul 25 02:58:59 2023] [x3112c0s19b0n0] - Abort(606220687) (rank 22 in comm 0): Fatal error in PMPI_Waitany: Other MPI error, error stack:
PMPI_Waitany(277)..............: MPI_Waitany(count=7, req_array=0x188a8c0, index=0x7ffc79b2c01c, status=0x1) failed
PMPI_Waitany(245)..............: 
MPIR_Waitany_impl(97)..........: 
MPIDI_Progress_test(80)........: 
MPIDI_OFI_handle_cq_error(1059): OFI poll failed (ofi_events.c:1061:MPIDI_OFI_handle_cq_error:Input/output error - remote access error)

aborting job:
Fatal error in PMPI_Waitany: Other MPI error, error stack:
PMPI_Waitany(277)..............: MPI_Waitany(count=7, req_array=0x188a8c0, index=0x7ffc79b2c01c, status=0x1) failed
PMPI_Waitany(245)..............: 
MPIR_Waitany_impl(97)..........: 
MPIDI_Progress_test(80)........: 
MPIDI_OFI_handle_cq_error(1059): OFI poll failed (ofi_events.c:1061:MPIDI_OFI_handle_cq_error:Input/output error - remote access error)
MPICH ERROR [Rank 16] [job id d6fca6e1-dc9b-4637-a079-addaac4d07aa] [Tue Jul 25 02:58:59 2023] [x3112c0s13b1n0] - Abort(1008349583) (rank 16 in comm 0): Fatal error in PMPI_Waitany: Other MPI error, error stack:
PMPI_Waitany(277)..............: MPI_Waitany(count=2, req_array=0xa13f20, index=0x7ffd7c244f8c, status=0x1) failed
PMPI_Waitany(245)..............: 
MPIDI_Progress_test(80)........: 
MPIDI_OFI_handle_cq_error(1059): OFI poll failed (ofi_events.c:1061:MPIDI_OFI_handle_cq_error:Input/output error - remote access error)

aborting job:
Fatal error in PMPI_Waitany: Other MPI error, error stack:
PMPI_Waitany(277)..............: MPI_Waitany(count=2, req_array=0xa13f20, index=0x7ffd7c244f8c, status=0x1) failed
PMPI_Waitany(245)..............: 
MPIDI_Progress_test(80)........: 
MPIDI_OFI_handle_cq_error(1059): OFI poll failed (ofi_events.c:1061:MPIDI_OFI_handle_cq_error:Input/output error - remote access error)
MPICH ERROR [Rank 17] [job id d6fca6e1-dc9b-4637-a079-addaac4d07aa] [Tue Jul 25 02:58:59 2023] [x3112c0s13b1n0] - Abort(1008349583) (rank 17 in comm 0): Fatal error in PMPI_Waitany: Other MPI error, error stack:
PMPI_Waitany(277)..............: MPI_Waitany(count=2, req_array=0x1efffa0, index=0x7fff9f3a863c, status=0x1) failed
PMPI_Waitany(245)..............: 
MPIDI_Progress_test(80)........: 
MPIDI_OFI_handle_cq_error(1059): OFI poll failed (ofi_events.c:1061:MPIDI_OFI_handle_cq_error:Input/output error - remote access error)

aborting job:
Fatal error in PMPI_Waitany: Other MPI error, error stack:
PMPI_Waitany(277)..............: MPI_Waitany(count=2, req_array=0x1efffa0, index=0x7fff9f3a863c, status=0x1) failed
PMPI_Waitany(245)..............: 
MPIDI_Progress_test(80)........: 
MPIDI_OFI_handle_cq_error(1059): OFI poll failed (ofi_events.c:1061:MPIDI_OFI_handle_cq_error:Input/output error - remote access error)
MPICH ERROR [Rank 27] [job id d6fca6e1-dc9b-4637-a079-addaac4d07aa] [Tue Jul 25 02:58:59 2023] [x3112c0s19b1n0] - Abort(1716623) (rank 27 in comm 0): Fatal error in PMPI_Waitany: Other MPI error, error stack:
PMPI_Waitany(277)..............: MPI_Waitany(count=7, req_array=0xf86390, index=0x7ffc7d7cf0ac, status=0x1) failed
PMPI_Waitany(245)..............: 
MPIDI_Progress_test(80)........: 
MPIDI_OFI_handle_cq_error(1059): OFI poll failed (ofi_events.c:1061:MPIDI_OFI_handle_cq_error:Input/output error - remote access error)

aborting job:
Fatal error in PMPI_Waitany: Other MPI error, error stack:
PMPI_Waitany(277)..............: MPI_Waitany(count=7, req_array=0xf86390, index=0x7ffc7d7cf0ac, status=0x1) failed
PMPI_Waitany(245)..............: 
MPIDI_Progress_test(80)........: 
MPIDI_OFI_handle_cq_error(1059): OFI poll failed (ofi_events.c:1061:MPIDI_OFI_handle_cq_error:Input/output error - remote access error)
MPICH ERROR [Rank 19] [job id d6fca6e1-dc9b-4637-a079-addaac4d07aa] [Tue Jul 25 02:58:59 2023] [x3112c0s13b1n0] - Abort(135934351) (rank 19 in comm 0): Fatal error in PMPI_Waitany: Other MPI error, error stack:
PMPI_Waitany(277)..............: MPI_Waitany(count=7, req_array=0x22b09f0, index=0x7fff851f747c, status=0x1) failed
PMPI_Waitany(245)..............: 
MPIDI_Progress_test(80)........: 
MPIDI_OFI_handle_cq_error(1059): OFI poll failed (ofi_events.c:1061:MPIDI_OFI_handle_cq_error:Input/output error - remote access error)

aborting job:
Fatal error in PMPI_Waitany: Other MPI error, error stack:
PMPI_Waitany(277)..............: MPI_Waitany(count=7, req_array=0x22b09f0, index=0x7fff851f747c, status=0x1) failed
PMPI_Waitany(245)..............: 
MPIDI_Progress_test(80)........: 
MPIDI_OFI_handle_cq_error(1059): OFI poll failed (ofi_events.c:1061:MPIDI_OFI_handle_cq_error:Input/output error - remote access error)
MPICH ERROR [Rank 9] [job id d6fca6e1-dc9b-4637-a079-addaac4d07aa] [Tue Jul 25 02:58:59 2023] [x3111c0s7b1n0] - Abort(203567503) (rank 9 in comm 0): Fatal error in PMPI_Waitany: Other MPI error, error stack:
PMPI_Waitany(277)..............: MPI_Waitany(count=7, req_array=0xfc9a90, index=0x7ffc65e7723c, status=0x1) failed
PMPI_Waitany(245)..............: 
MPIR_Waitany_impl(97)..........: 
MPIDI_Progress_test(80)........: 
MPIDI_OFI_handle_cq_error(1059): OFI poll failed (ofi_events.c:1061:MPIDI_OFI_handle_cq_error:Input/output error - remote access error)

aborting job:
Fatal error in PMPI_Waitany: Other MPI error, error stack:
PMPI_Waitany(277)..............: MPI_Waitany(count=7, req_array=0xfc9a90, index=0x7ffc65e7723c, status=0x1) failed
PMPI_Waitany(245)..............: 
MPIR_Waitany_impl(97)..........: 
MPIDI_Progress_test(80)........: 
MPIDI_OFI_handle_cq_error(1059): OFI poll failed (ofi_events.c:1061:MPIDI_OFI_handle_cq_error:Input/output error - remote access error)
MPICH ERROR [Rank 8] [job id d6fca6e1-dc9b-4637-a079-addaac4d07aa] [Tue Jul 25 02:58:59 2023] [x3111c0s7b1n0] - Abort(471478671) (rank 8 in comm 0): Fatal error in PMPI_Waitany: Other MPI error, error stack:
PMPI_Waitany(277)..............: MPI_Waitany(count=7, req_array=0x98fd80, index=0x7fff436fa3fc, status=0x1) failed
PMPI_Waitany(245)..............: 
MPIDI_Progress_test(80)........: 
MPIDI_OFI_handle_cq_error(1059): OFI poll failed (ofi_events.c:1061:MPIDI_OFI_handle_cq_error:Input/output error - remote access error)

aborting job:
Fatal error in PMPI_Waitany: Other MPI error, error stack:
PMPI_Waitany(277)..............: MPI_Waitany(count=7, req_array=0x98fd80, index=0x7fff436fa3fc, status=0x1) failed
PMPI_Waitany(245)..............: 
MPIDI_Progress_test(80)........: 
MPIDI_OFI_handle_cq_error(1059): OFI poll failed (ofi_events.c:1061:MPIDI_OFI_handle_cq_error:Input/output error - remote access error)
MPICH ERROR [Rank 26] [job id d6fca6e1-dc9b-4637-a079-addaac4d07aa] [Tue Jul 25 02:58:59 2023] [x3112c0s19b1n0] - Abort(136458639) (rank 26 in comm 0): Fatal error in PMPI_Waitany: Other MPI error, error stack:
PMPI_Waitany(277)..............: MPI_Waitany(count=7, req_array=0x1b93ec0, index=0x7ffc1227a4fc, status=0x1) failed
PMPI_Waitany(245)..............: 
MPIR_Waitany_impl(97)..........: 
MPIDI_Progress_test(80)........: 
MPIDI_OFI_handle_cq_error(1059): OFI poll failed (ofi_events.c:1061:MPIDI_OFI_handle_cq_error:Input/output error - remote access error)

aborting job:
Fatal error in PMPI_Waitany: Other MPI error, error stack:
PMPI_Waitany(277)..............: MPI_Waitany(count=7, req_array=0x1b93ec0, index=0x7ffc1227a4fc, status=0x1) failed
PMPI_Waitany(245)..............: 
MPIR_Waitany_impl(97)..........: 
MPIDI_Progress_test(80)........: 
MPIDI_OFI_handle_cq_error(1059): OFI poll failed (ofi_events.c:1061:MPIDI_OFI_handle_cq_error:Input/output error - remote access error)
MPICH ERROR [Rank 1] [job id d6fca6e1-dc9b-4637-a079-addaac4d07aa] [Tue Jul 25 02:58:59 2023] [x3111c0s37b1n0] - Abort(740438415) (rank 1 in comm 0): Fatal error in PMPI_Waitany: Other MPI error, error stack:
PMPI_Waitany(277)..............: MPI_Waitany(count=7, req_array=0x26be070, index=0x7ffecaa2b0fc, status=0x1) failed
PMPI_Waitany(245)..............: 
MPIR_Waitany_impl(97)..........: 
MPIDI_Progress_test(80)........: 
MPIDI_OFI_handle_cq_error(1059): OFI poll failed (ofi_events.c:1061:MPIDI_OFI_handle_cq_error:Input/output error - remote access error)

aborting job:
Fatal error in PMPI_Waitany: Other MPI error, error stack:
PMPI_Waitany(277)..............: MPI_Waitany(count=7, req_array=0x26be070, index=0x7ffecaa2b0fc, status=0x1) failed
PMPI_Waitany(245)..............: 
MPIR_Waitany_impl(97)..........: 
MPIDI_Progress_test(80)........: 
MPIDI_OFI_handle_cq_error(1059): OFI poll failed (ofi_events.c:1061:MPIDI_OFI_handle_cq_error:Input/output error - remote access error)
MPICH ERROR [Rank 0] [job id d6fca6e1-dc9b-4637-a079-addaac4d07aa] [Tue Jul 25 02:58:59 2023] [x3111c0s37b1n0] - Abort(203567503) (rank 0 in comm 0): Fatal error in PMPI_Waitany: Other MPI error, error stack:
PMPI_Waitany(277)..............: MPI_Waitany(count=7, req_array=0x1dc8c50, index=0x7ffe76003c2c, status=0x1) failed
PMPI_Waitany(245)..............: 
MPIR_Waitany_impl(97)..........: 
MPIDI_Progress_test(80)........: 
MPIDI_OFI_handle_cq_error(1059): OFI poll failed (ofi_events.c:1061:MPIDI_OFI_handle_cq_error:Input/output error - remote access error)

aborting job:
Fatal error in PMPI_Waitany: Other MPI error, error stack:
PMPI_Waitany(277)..............: MPI_Waitany(count=7, req_array=0x1dc8c50, index=0x7ffe76003c2c, status=0x1) failed
PMPI_Waitany(245)..............: 
MPIR_Waitany_impl(97)..........: 
MPIDI_Progress_test(80)........: 
MPIDI_OFI_handle_cq_error(1059): OFI poll failed (ofi_events.c:1061:MPIDI_OFI_handle_cq_error:Input/output error - remote access error)
MPICH ERROR [Rank 18] [job id d6fca6e1-dc9b-4637-a079-addaac4d07aa] [Tue Jul 25 02:58:59 2023] [x3112c0s13b1n0] - Abort(673329551) (rank 18 in comm 0): Fatal error in PMPI_Waitany: Other MPI error, error stack:
PMPI_Waitany(277)..............: MPI_Waitany(count=7, req_array=0x25635c0, index=0x7ffcc17296bc, status=0x1) failed
PMPI_Waitany(245)..............: 
MPIR_Waitany_impl(97)..........: 
MPIDI_Progress_test(80)........: 
MPIDI_OFI_handle_cq_error(1059): OFI poll failed (ofi_events.c:1061:MPIDI_OFI_handle_cq_error:Input/output error - remote access error)

aborting job:
Fatal error in PMPI_Waitany: Other MPI error, error stack:
PMPI_Waitany(277)..............: MPI_Waitany(count=7, req_array=0x25635c0, index=0x7ffcc17296bc, status=0x1) failed
PMPI_Waitany(245)..............: 
MPIR_Waitany_impl(97)..........: 
MPIDI_Progress_test(80)........: 
MPIDI_OFI_handle_cq_error(1059): OFI poll failed (ofi_events.c:1061:MPIDI_OFI_handle_cq_error:Input/output error - remote access error)
x3111c0s7b0n0.hsn.cm.polaris.alcf.anl.gov: rank 5 exited with code 255
