“RANK= 12 LOCAL_RANK= 0 gpu= 3”
“RANK= 13 LOCAL_RANK= 1 gpu= 2”
“RANK= 14 LOCAL_RANK= 2 gpu= 1”
“RANK= 15 LOCAL_RANK= 3 gpu= 0”
“RANK= 22 LOCAL_RANK= 2 gpu= 1”
“RANK= 20 LOCAL_RANK= 0 gpu= 3”
“RANK= 23 LOCAL_RANK= 3 gpu= 0”
“RANK= 21 LOCAL_RANK= 1 gpu= 2”
“RANK= 8 LOCAL_RANK= 0 gpu= 3”
“RANK= 9 LOCAL_RANK= 1 gpu= 2”
“RANK= 10 LOCAL_RANK= 2 gpu= 1”
“RANK= 11 LOCAL_RANK= 3 gpu= 0”
+ '[' -z '' ']'
+ case "$-" in
Shell debugging temporarily silenced: export LMOD_SH_DBG_ON=1 for this output (/usr/share/lmod/lmod/init/bash)
+ '[' -z '' ']'
+ case "$-" in
+ __lmod_vx=x
+ __lmod_vx=x
+ '[' -n x ']'
+ set +x
Shell debugging temporarily silenced: export LMOD_SH_DBG_ON=1 for this output (/usr/share/lmod/lmod/init/bash)
+ '[' -z '' ']'
+ case "$-" in
+ '[' -n x ']'
+ set +x
+ '[' -z '' ']'
+ case "$-" in
+ __lmod_vx=x
+ '[' -n x ']'
+ set +x
Shell debugging restarted
+ unset __lmod_vx
Shell debugging temporarily silenced: export LMOD_SH_DBG_ON=1 for this output (/usr/share/lmod/lmod/init/bash)
“RANK= 0 LOCAL_RANK= 0 gpu= 3”
+ __lmod_vx=x
+ '[' -n x ']'
+ set +x
+ '[' -z '' ']'
+ case "$-" in
+ __lmod_vx=x
“RANK= 1 LOCAL_RANK= 1 gpu= 2”
Shell debugging temporarily silenced: export LMOD_SH_DBG_ON=1 for this output (/usr/share/lmod/lmod/init/bash)
+ speed3d_r2c cufft double 256 256 256 -no-reorder -a2av -p2p_pl -pencils -outgrid 16 2 1 -n5
“RANK= 2 LOCAL_RANK= 2 gpu= 1”
+ '[' -z '' ']'
+ case "$-" in
+ __lmod_vx=x
+ '[' -n x ']'
+ set +x
+ '[' -z '' ']'
+ case "$-" in
+ __lmod_vx=x
+ '[' -n x ']'
+ set +x
“RANK= 3 LOCAL_RANK= 3 gpu= 0”
Shell debugging temporarily silenced: export LMOD_SH_DBG_ON=1 for this output (/usr/share/lmod/lmod/init/bash)
Shell debugging temporarily silenced: export LMOD_SH_DBG_ON=1 for this output (/usr/share/lmod/lmod/init/bash)
Shell debugging restarted
+ unset __lmod_vx
+ '[' -n x ']'
+ set +x
Shell debugging restarted
+ unset __lmod_vx
Shell debugging temporarily silenced: export LMOD_SH_DBG_ON=1 for this output (/usr/share/lmod/lmod/init/bash)
Shell debugging restarted
+ unset __lmod_vx
+ '[' -z '' ']'
+ case "$-" in
+ __lmod_vx=x
+ '[' -n x ']'
+ set +x
Shell debugging restarted
+ unset __lmod_vx
Shell debugging temporarily silenced: export LMOD_SH_DBG_ON=1 for this output (/usr/share/lmod/lmod/init/bash)
+ speed3d_r2c cufft double 256 256 256 -no-reorder -a2av -p2p_pl -pencils -outgrid 16 2 1 -n5
Shell debugging restarted
+ unset __lmod_vx
+ speed3d_r2c cufft double 256 256 256 -no-reorder -a2av -p2p_pl -pencils -outgrid 16 2 1 -n5
Shell debugging restarted
+ unset __lmod_vx
+ speed3d_r2c cufft double 256 256 256 -no-reorder -a2av -p2p_pl -pencils -outgrid 16 2 1 -n5
+ speed3d_r2c cufft double 256 256 256 -no-reorder -a2av -p2p_pl -pencils -outgrid 16 2 1 -n5
+ speed3d_r2c cufft double 256 256 256 -no-reorder -a2av -p2p_pl -pencils -outgrid 16 2 1 -n5
Shell debugging restarted
+ unset __lmod_vx
+ speed3d_r2c cufft double 256 256 256 -no-reorder -a2av -p2p_pl -pencils -outgrid 16 2 1 -n5
+ speed3d_r2c cufft double 256 256 256 -no-reorder -a2av -p2p_pl -pencils -outgrid 16 2 1 -n5
+ '[' -z '' ']'
+ case "$-" in
+ __lmod_vx=x
+ '[' -n x ']'
Shell debugging temporarily silenced: export LMOD_SH_DBG_ON=1 for this output (/usr/share/lmod/lmod/init/bash)
+ set +x
Shell debugging temporarily silenced: export LMOD_SH_DBG_ON=1 for this output (/usr/share/lmod/lmod/init/bash)
+ '[' -z '' ']'
+ case "$-" in
+ __lmod_vx=x
+ '[' -n x ']'
+ set +x
Shell debugging temporarily silenced: export LMOD_SH_DBG_ON=1 for this output (/usr/share/lmod/lmod/init/bash)
+ '[' -z '' ']'
+ case "$-" in
+ __lmod_vx=x
+ '[' -n x ']'
+ set +x
Shell debugging temporarily silenced: export LMOD_SH_DBG_ON=1 for this output (/usr/share/lmod/lmod/init/bash)
+ '[' -z '' ']'
+ case "$-" in
+ __lmod_vx=x
+ '[' -n x ']'
+ set +x
Shell debugging restarted
Shell debugging restarted
+ unset __lmod_vx
Shell debugging restarted
+ unset __lmod_vx
+ unset __lmod_vx
Shell debugging restarted
+ unset __lmod_vx
+ speed3d_r2c cufft double 256 256 256 -no-reorder -a2av -p2p_pl -pencils -outgrid 16 2 1 -n5
+ speed3d_r2c cufft double 256 256 256 -no-reorder -a2av -p2p_pl -pencils -outgrid 16 2 1 -n5
+ speed3d_r2c cufft double 256 256 256 -no-reorder -a2av -p2p_pl -pencils -outgrid 16 2 1 -n5
+ '[' -z '' ']'
+ case "$-" in
+ __lmod_vx=x
+ '[' -n x ']'
+ set +x
+ speed3d_r2c cufft double 256 256 256 -no-reorder -a2av -p2p_pl -pencils -outgrid 16 2 1 -n5
Shell debugging temporarily silenced: export LMOD_SH_DBG_ON=1 for this output (/usr/share/lmod/lmod/init/bash)
“RANK= 28 LOCAL_RANK= 0 gpu= 3”
Shell debugging restarted
+ unset __lmod_vx
+ '[' -z '' ']'
+ case "$-" in
+ __lmod_vx=x
+ '[' -n x ']'
+ set +x
Shell debugging temporarily silenced: export LMOD_SH_DBG_ON=1 for this output (/usr/share/lmod/lmod/init/bash)
+ '[' -z '' ']'
+ case "$-" in
+ __lmod_vx=x
+ '[' -n x ']'
+ set +x
Shell debugging temporarily silenced: export LMOD_SH_DBG_ON=1 for this output (/usr/share/lmod/lmod/init/bash)
“RANK= 29 LOCAL_RANK= 1 gpu= 2”
+ speed3d_r2c cufft double 256 256 256 -no-reorder -a2av -p2p_pl -pencils -outgrid 16 2 1 -n5
“RANK= 31 LOCAL_RANK= 3 gpu= 0”
Shell debugging restarted
“RANK= 30 LOCAL_RANK= 2 gpu= 1”
Shell debugging restarted
+ unset __lmod_vx
+ speed3d_r2c cufft double 256 256 256 -no-reorder -a2av -p2p_pl -pencils -outgrid 16 2 1 -n5
Shell debugging temporarily silenced: export LMOD_SH_DBG_ON=1 for this output (/usr/share/lmod/lmod/init/bash)
+ '[' -z '' ']'
+ case "$-" in
+ __lmod_vx=x
+ '[' -n x ']'
+ set +x
+ unset __lmod_vx
+ speed3d_r2c cufft double 256 256 256 -no-reorder -a2av -p2p_pl -pencils -outgrid 16 2 1 -n5
Shell debugging restarted
+ unset __lmod_vx
+ speed3d_r2c cufft double 256 256 256 -no-reorder -a2av -p2p_pl -pencils -outgrid 16 2 1 -n5
“RANK= 4 LOCAL_RANK= 0 gpu= 3”
“RANK= 5 LOCAL_RANK= 1 gpu= 2”
“RANK= 6 LOCAL_RANK= 2 gpu= 1”
“RANK= 25 LOCAL_RANK= 1 gpu= 2”
“RANK= 7 LOCAL_RANK= 3 gpu= 0”
“RANK= 18 LOCAL_RANK= 2 gpu= 1”
“RANK= 16 LOCAL_RANK= 0 gpu= 3”
“RANK= 26 LOCAL_RANK= 2 gpu= 1”
“RANK= 17 LOCAL_RANK= 1 gpu= 2”
“RANK= 27 LOCAL_RANK= 3 gpu= 0”
“RANK= 19 LOCAL_RANK= 3 gpu= 0”
“RANK= 24 LOCAL_RANK= 0 gpu= 3”
+ '[' -z '' ']'
+ case "$-" in
Shell debugging temporarily silenced: export LMOD_SH_DBG_ON=1 for this output (/usr/share/lmod/lmod/init/bash)
+ __lmod_vx=x
+ '[' -n x ']'
+ set +x
+ '[' -z '' ']'
+ case "$-" in
+ __lmod_vx=x
+ '[' -n x ']'
+ set +x
Shell debugging temporarily silenced: export LMOD_SH_DBG_ON=1 for this output (/usr/share/lmod/lmod/init/bash)
+ '[' -z '' ']'
+ case "$-" in
+ __lmod_vx=x
+ '[' -n x ']'
+ set +x
Shell debugging temporarily silenced: export LMOD_SH_DBG_ON=1 for this output (/usr/share/lmod/lmod/init/bash)
Shell debugging restarted
+ unset __lmod_vx
+ '[' -z '' ']'
Shell debugging restarted
+ unset __lmod_vx
Shell debugging temporarily silenced: export LMOD_SH_DBG_ON=1 for this output (/usr/share/lmod/lmod/init/bash)
+ case "$-" in
+ __lmod_vx=x
+ '[' -n x ']'
+ set +x
Shell debugging restarted
+ unset __lmod_vx
+ speed3d_r2c cufft double 256 256 256 -no-reorder -a2av -p2p_pl -pencils -outgrid 16 2 1 -n5
+ speed3d_r2c cufft double 256 256 256 -no-reorder -a2av -p2p_pl -pencils -outgrid 16 2 1 -n5
+ speed3d_r2c cufft double 256 256 256 -no-reorder -a2av -p2p_pl -pencils -outgrid 16 2 1 -n5
Shell debugging restarted
+ unset __lmod_vx
+ speed3d_r2c cufft double 256 256 256 -no-reorder -a2av -p2p_pl -pencils -outgrid 16 2 1 -n5
+ '[' -z '' ']'
+ case "$-" in
+ __lmod_vx=x
+ '[' -n x ']'
Shell debugging temporarily silenced: export LMOD_SH_DBG_ON=1 for this output (/usr/share/lmod/lmod/init/bash)
+ '[' -z '' ']'
+ case "$-" in
+ __lmod_vx=x
+ set +x
Shell debugging temporarily silenced: export LMOD_SH_DBG_ON=1 for this output (/usr/share/lmod/lmod/init/bash)
+ '[' -z '' ']'
+ case "$-" in
+ __lmod_vx=x
+ '[' -n x ']'
+ set +x
+ '[' -n x ']'
+ set +x
+ '[' -z '' ']'
+ case "$-" in
+ __lmod_vx=x
+ '[' -n x ']'
+ set +x
+ '[' -z '' ']'
+ case "$-" in
+ __lmod_vx=x
+ '[' -n x ']'
+ set +x
Shell debugging temporarily silenced: export LMOD_SH_DBG_ON=1 for this output (/usr/share/lmod/lmod/init/bash)
Shell debugging temporarily silenced: export LMOD_SH_DBG_ON=1 for this output (/usr/share/lmod/lmod/init/bash)
+ '[' -z '' ']'
+ case "$-" in
+ __lmod_vx=x
+ '[' -n x ']'
+ set +x
Shell debugging restarted
+ unset __lmod_vx
Shell debugging temporarily silenced: export LMOD_SH_DBG_ON=1 for this output (/usr/share/lmod/lmod/init/bash)
+ '[' -z '' ']'
+ case "$-" in
+ __lmod_vx=x
+ '[' -n x ']'
+ set +x
+ '[' -z '' ']'
+ case "$-" in
Shell debugging restarted
+ unset __lmod_vx
+ '[' -z '' ']'
+ case "$-" in
+ __lmod_vx=x
+ '[' -n x ']'
+ set +x
+ '[' -z '' ']'
+ case "$-" in
+ __lmod_vx=x
+ '[' -n x ']'
+ set +x
Shell debugging restarted
Shell debugging restarted
+ unset __lmod_vx
Shell debugging temporarily silenced: export LMOD_SH_DBG_ON=1 for this output (/usr/share/lmod/lmod/init/bash)
Shell debugging temporarily silenced: export LMOD_SH_DBG_ON=1 for this output (/usr/share/lmod/lmod/init/bash)
Shell debugging temporarily silenced: export LMOD_SH_DBG_ON=1 for this output (/usr/share/lmod/lmod/init/bash)
+ __lmod_vx=x
+ '[' -n x ']'
+ set +x
+ unset __lmod_vx
Shell debugging temporarily silenced: export LMOD_SH_DBG_ON=1 for this output (/usr/share/lmod/lmod/init/bash)
Shell debugging temporarily silenced: export LMOD_SH_DBG_ON=1 for this output (/usr/share/lmod/lmod/init/bash)
Shell debugging restarted
+ unset __lmod_vx
Shell debugging restarted
+ unset __lmod_vx
+ '[' -z '' ']'
+ case "$-" in
+ __lmod_vx=x
+ '[' -n x ']'
+ set +x
Shell debugging restarted
+ unset __lmod_vx
+ speed3d_r2c cufft double 256 256 256 -no-reorder -a2av -p2p_pl -pencils -outgrid 16 2 1 -n5
Shell debugging temporarily silenced: export LMOD_SH_DBG_ON=1 for this output (/usr/share/lmod/lmod/init/bash)
+ speed3d_r2c cufft double 256 256 256 -no-reorder -a2av -p2p_pl -pencils -outgrid 16 2 1 -n5
Shell debugging restarted
+ unset __lmod_vx
+ '[' -z '' ']'
+ case "$-" in
+ __lmod_vx=x
+ '[' -n x ']'
+ set +x
+ speed3d_r2c cufft double 256 256 256 -no-reorder -a2av -p2p_pl -pencils -outgrid 16 2 1 -n5
+ speed3d_r2c cufft double 256 256 256 -no-reorder -a2av -p2p_pl -pencils -outgrid 16 2 1 -n5
Shell debugging restarted
+ unset __lmod_vx
+ speed3d_r2c cufft double 256 256 256 -no-reorder -a2av -p2p_pl -pencils -outgrid 16 2 1 -n5
+ speed3d_r2c cufft double 256 256 256 -no-reorder -a2av -p2p_pl -pencils -outgrid 16 2 1 -n5
Shell debugging restarted
+ unset __lmod_vx
+ speed3d_r2c cufft double 256 256 256 -no-reorder -a2av -p2p_pl -pencils -outgrid 16 2 1 -n5
+ speed3d_r2c cufft double 256 256 256 -no-reorder -a2av -p2p_pl -pencils -outgrid 16 2 1 -n5
Shell debugging temporarily silenced: export LMOD_SH_DBG_ON=1 for this output (/usr/share/lmod/lmod/init/bash)
Shell debugging restarted
+ unset __lmod_vx
Shell debugging restarted
+ unset __lmod_vx
+ speed3d_r2c cufft double 256 256 256 -no-reorder -a2av -p2p_pl -pencils -outgrid 16 2 1 -n5
+ speed3d_r2c cufft double 256 256 256 -no-reorder -a2av -p2p_pl -pencils -outgrid 16 2 1 -n5
+ speed3d_r2c cufft double 256 256 256 -no-reorder -a2av -p2p_pl -pencils -outgrid 16 2 1 -n5
+ speed3d_r2c cufft double 256 256 256 -no-reorder -a2av -p2p_pl -pencils -outgrid 16 2 1 -n5
MPICH ERROR [Rank 8] [job id 1093f0ff-2464-4e3b-9bdc-1eefe2c564e2] [Fri Aug  4 06:15:24 2023] [x3108c0s37b1n0] - Abort(605696399) (rank 8 in comm 0): Fatal error in PMPI_Waitany: Other MPI error, error stack:
PMPI_Waitany(277)..............: MPI_Waitany(count=8, req_array=0x272bf60, index=0x7ffcfa2ecf4c, status=0x1) failed
PMPI_Waitany(245)..............: 
MPIDI_Progress_test(80)........: 
MPIDI_OFI_handle_cq_error(1059): OFI poll failed (ofi_events.c:1061:MPIDI_OFI_handle_cq_error:Input/output error - local protection error)

aborting job:
Fatal error in PMPI_Waitany: Other MPI error, error stack:
PMPI_Waitany(277)..............: MPI_Waitany(count=8, req_array=0x272bf60, index=0x7ffcfa2ecf4c, status=0x1) failed
PMPI_Waitany(245)..............: 
MPIDI_Progress_test(80)........: 
MPIDI_OFI_handle_cq_error(1059): OFI poll failed (ofi_events.c:1061:MPIDI_OFI_handle_cq_error:Input/output error - local protection error)
MPICH ERROR [Rank 12] [job id 1093f0ff-2464-4e3b-9bdc-1eefe2c564e2] [Fri Aug  4 06:15:24 2023] [x3108c0s7b0n0] - Abort(1716623) (rank 12 in comm 0): Fatal error in PMPI_Waitany: Other MPI error, error stack:
PMPI_Waitany(277)..............: MPI_Waitany(count=8, req_array=0x17ae5c0, index=0x7fffa94a5e9c, status=0x1) failed
PMPI_Waitany(245)..............: 
MPIDI_Progress_test(80)........: 
MPIDI_OFI_handle_cq_error(1059): OFI poll failed (ofi_events.c:1061:MPIDI_OFI_handle_cq_error:Input/output error - remote access error)

aborting job:
Fatal error in PMPI_Waitany: Other MPI error, error stack:
PMPI_Waitany(277)..............: MPI_Waitany(count=8, req_array=0x17ae5c0, index=0x7fffa94a5e9c, status=0x1) failed
PMPI_Waitany(245)..............: 
MPIDI_Progress_test(80)........: 
MPIDI_OFI_handle_cq_error(1059): OFI poll failed (ofi_events.c:1061:MPIDI_OFI_handle_cq_error:Input/output error - remote access error)
MPICH ERROR [Rank 16] [job id 1093f0ff-2464-4e3b-9bdc-1eefe2c564e2] [Fri Aug  4 06:15:24 2023] [x3108c0s7b1n0] - Abort(1716623) (rank 16 in comm 0): Fatal error in PMPI_Waitany: Other MPI error, error stack:
PMPI_Waitany(277)..............: MPI_Waitany(count=7, req_array=0x23c2a30, index=0x7ffdd563c3ec, status=0x1) failed
PMPI_Waitany(245)..............: 
MPIDI_Progress_test(80)........: 
MPIDI_OFI_handle_cq_error(1059): OFI poll failed (ofi_events.c:1061:MPIDI_OFI_handle_cq_error:Input/output error - remote access error)

aborting job:
Fatal error in PMPI_Waitany: Other MPI error, error stack:
PMPI_Waitany(277)..............: MPI_Waitany(count=7, req_array=0x23c2a30, index=0x7ffdd563c3ec, status=0x1) failed
PMPI_Waitany(245)..............: 
MPIDI_Progress_test(80)........: 
MPIDI_OFI_handle_cq_error(1059): OFI poll failed (ofi_events.c:1061:MPIDI_OFI_handle_cq_error:Input/output error - remote access error)
MPICH ERROR [Rank 17] [job id 1093f0ff-2464-4e3b-9bdc-1eefe2c564e2] [Fri Aug  4 06:15:24 2023] [x3108c0s7b1n0] - Abort(806989711) (rank 17 in comm 0): Fatal error in PMPI_Isend: Other MPI error, error stack:
PMPI_Isend(161)................: MPI_Isend(buf=0x14e886080000, count=32768, dtype=0x4c001041, dest=25, tag=0, MPI_COMM_WORLD, request=0xbc2bd4) failed
MPID_Isend(578)................: 
MPIDI_Progress_test(80)........: 
MPIDI_OFI_handle_cq_error(1059): OFI poll failed (ofi_events.c:1061:MPIDI_OFI_handle_cq_error:Input/output error - remote access error)

aborting job:
Fatal error in PMPI_Isend: Other MPI error, error stack:
PMPI_Isend(161)................: MPI_Isend(buf=0x14e886080000, count=32768, dtype=0x4c001041, dest=25, tag=0, MPI_COMM_WORLD, request=0xbc2bd4) failed
MPID_Isend(578)................: 
MPIDI_Progress_test(80)........: 
MPIDI_OFI_handle_cq_error(1059): OFI poll failed (ofi_events.c:1061:MPIDI_OFI_handle_cq_error:Input/output error - remote access error)
MPICH ERROR [Rank 18] [job id 1093f0ff-2464-4e3b-9bdc-1eefe2c564e2] [Fri Aug  4 06:15:24 2023] [x3108c0s7b1n0] - Abort(404336399) (rank 18 in comm 0): Fatal error in PMPI_Isend: Other MPI error, error stack:
PMPI_Isend(161)...........: MPI_Isend(buf=0x150b2c200000, count=32768, dtype=0x4c001041, dest=8, tag=0, MPI_COMM_WORLD, request=0x1263fa0) failed
MPID_Isend(584)...........: 
MPIDI_isend_unsafe(136)...: 
MPIDI_OFI_send_normal(352): OFI tagged senddata failed (ofi_send.h:352:MPIDI_OFI_send_normal:No route to host)

aborting job:
Fatal error in PMPI_Isend: Other MPI error, error stack:
PMPI_Isend(161)...........: MPI_Isend(buf=0x150b2c200000, count=32768, dtype=0x4c001041, dest=8, tag=0, MPI_COMM_WORLD, request=0x1263fa0) failed
MPID_Isend(584)...........: 
MPIDI_isend_unsafe(136)...: 
MPIDI_OFI_send_normal(352): OFI tagged senddata failed (ofi_send.h:352:MPIDI_OFI_send_normal:No route to host)
MPICH ERROR [Rank 0] [job id 1093f0ff-2464-4e3b-9bdc-1eefe2c564e2] [Fri Aug  4 06:15:24 2023] [x3108c0s31b1n0] - Abort(807022991) (rank 0 in comm 0): Fatal error in PMPI_Waitany: Other MPI error, error stack:
PMPI_Waitany(277)..............: MPI_Waitany(count=7, req_array=0xaf6fe0, index=0x7fff1a9e5c5c, status=0x1) failed
PMPI_Waitany(245)..............: 
MPIDI_Progress_test(80)........: 
MPIDI_OFI_handle_cq_error(1059): OFI poll failed (ofi_events.c:1061:MPIDI_OFI_handle_cq_error:Input/output error - remote access error)

aborting job:
Fatal error in PMPI_Waitany: Other MPI error, error stack:
PMPI_Waitany(277)..............: MPI_Waitany(count=7, req_array=0xaf6fe0, index=0x7fff1a9e5c5c, status=0x1) failed
PMPI_Waitany(245)..............: 
MPIDI_Progress_test(80)........: 
MPIDI_OFI_handle_cq_error(1059): OFI poll failed (ofi_events.c:1061:MPIDI_OFI_handle_cq_error:Input/output error - remote access error)
MPICH ERROR [Rank 9] [job id 1093f0ff-2464-4e3b-9bdc-1eefe2c564e2] [Fri Aug  4 06:15:24 2023] [x3108c0s37b1n0] - Abort(1716623) (rank 9 in comm 0): Fatal error in PMPI_Waitany: Other MPI error, error stack:
PMPI_Waitany(277)..............: MPI_Waitany(count=8, req_array=0x230ffc0, index=0x7fffe042a80c, status=0x1) failed
PMPI_Waitany(245)..............: 
MPIDI_Progress_test(80)........: 
MPIDI_OFI_handle_cq_error(1059): OFI poll failed (ofi_events.c:1061:MPIDI_OFI_handle_cq_error:Input/output error - local protection error)

aborting job:
Fatal error in PMPI_Waitany: Other MPI error, error stack:
PMPI_Waitany(277)..............: MPI_Waitany(count=8, req_array=0x230ffc0, index=0x7fffe042a80c, status=0x1) failed
PMPI_Waitany(245)..............: 
MPIDI_Progress_test(80)........: 
MPIDI_OFI_handle_cq_error(1059): OFI poll failed (ofi_events.c:1061:MPIDI_OFI_handle_cq_error:Input/output error - local protection error)
MPICH ERROR [Rank 1] [job id 1093f0ff-2464-4e3b-9bdc-1eefe2c564e2] [Fri Aug  4 06:15:24 2023] [x3108c0s31b1n0] - Abort(270152079) (rank 1 in comm 0): Fatal error in PMPI_Waitany: Other MPI error, error stack:
PMPI_Waitany(277)..............: MPI_Waitany(count=7, req_array=0xe6f070, index=0x7fff5f5577bc, status=0x1) failed
PMPI_Waitany(245)..............: 
MPIDI_Progress_test(80)........: 
MPIDI_OFI_handle_cq_error(1059): OFI poll failed (ofi_events.c:1061:MPIDI_OFI_handle_cq_error:Input/output error - remote access error)

aborting job:
Fatal error in PMPI_Waitany: Other MPI error, error stack:
PMPI_Waitany(277)..............: MPI_Waitany(count=7, req_array=0xe6f070, index=0x7fff5f5577bc, status=0x1) failed
PMPI_Waitany(245)..............: 
MPIDI_Progress_test(80)........: 
MPIDI_OFI_handle_cq_error(1059): OFI poll failed (ofi_events.c:1061:MPIDI_OFI_handle_cq_error:Input/output error - remote access error)
MPICH ERROR [Rank 24] [job id 1093f0ff-2464-4e3b-9bdc-1eefe2c564e2] [Fri Aug  4 06:15:24 2023] [x3111c0s1b1n0] - Abort(203009807) (rank 24 in comm 0): Fatal error in PMPI_Isend: Other MPI error, error stack:
PMPI_Isend(161)...........: MPI_Isend(buf=0x146908200000, count=32768, dtype=0x4c001041, dest=12, tag=0, MPI_COMM_WORLD, request=0x935c20) failed
MPID_Isend(584)...........: 
MPIDI_isend_unsafe(136)...: 
MPIDI_OFI_send_normal(352): OFI tagged senddata failed (ofi_send.h:352:MPIDI_OFI_send_normal:No route to host)

aborting job:
Fatal error in PMPI_Isend: Other MPI error, error stack:
PMPI_Isend(161)...........: MPI_Isend(buf=0x146908200000, count=32768, dtype=0x4c001041, dest=12, tag=0, MPI_COMM_WORLD, request=0x935c20) failed
MPID_Isend(584)...........: 
MPIDI_isend_unsafe(136)...: 
MPIDI_OFI_send_normal(352): OFI tagged senddata failed (ofi_send.h:352:MPIDI_OFI_send_normal:No route to host)
MPICH ERROR [Rank 19] [job id 1093f0ff-2464-4e3b-9bdc-1eefe2c564e2] [Fri Aug  4 06:15:24 2023] [x3108c0s7b1n0] - Abort(538554127) (rank 19 in comm 0): Fatal error in PMPI_Isend: Other MPI error, error stack:
PMPI_Isend(161)...........: MPI_Isend(buf=0x145fdc200000, count=32768, dtype=0x4c001041, dest=8, tag=0, MPI_COMM_WORLD, request=0xd4f940) failed
MPID_Isend(584)...........: 
MPIDI_isend_unsafe(136)...: 
MPIDI_OFI_send_normal(352): OFI tagged senddata failed (ofi_send.h:352:MPIDI_OFI_send_normal:No route to host)

aborting job:
Fatal error in PMPI_Isend: Other MPI error, error stack:
PMPI_Isend(161)...........: MPI_Isend(buf=0x145fdc200000, count=32768, dtype=0x4c001041, dest=8, tag=0, MPI_COMM_WORLD, request=0xd4f940) failed
MPID_Isend(584)...........: 
MPIDI_isend_unsafe(136)...: 
MPIDI_OFI_send_normal(352): OFI tagged senddata failed (ofi_send.h:352:MPIDI_OFI_send_normal:No route to host)
MPICH ERROR [Rank 26] [job id 1093f0ff-2464-4e3b-9bdc-1eefe2c564e2] [Fri Aug  4 06:15:24 2023] [x3111c0s1b1n0] - Abort(605662991) (rank 26 in comm 0): Fatal error in PMPI_Isend: Other MPI error, error stack:
PMPI_Isend(161)...........: MPI_Isend(buf=0x154faa200000, count=32768, dtype=0x4c001041, dest=12, tag=0, MPI_COMM_WORLD, request=0x22f5fa0) failed
MPID_Isend(584)...........: 
MPIDI_isend_unsafe(136)...: 
MPIDI_OFI_send_normal(352): OFI tagged senddata failed (ofi_send.h:352:MPIDI_OFI_send_normal:No route to host)

aborting job:
Fatal error in PMPI_Isend: Other MPI error, error stack:
PMPI_Isend(161)...........: MPI_Isend(buf=0x154faa200000, count=32768, dtype=0x4c001041, dest=12, tag=0, MPI_COMM_WORLD, request=0x22f5fa0) failed
MPID_Isend(584)...........: 
MPIDI_isend_unsafe(136)...: 
MPIDI_OFI_send_normal(352): OFI tagged senddata failed (ofi_send.h:352:MPIDI_OFI_send_normal:No route to host)
MPICH ERROR [Rank 27] [job id 1093f0ff-2464-4e3b-9bdc-1eefe2c564e2] [Fri Aug  4 06:15:24 2023] [x3111c0s1b1n0] - Abort(404336399) (rank 27 in comm 0): Fatal error in PMPI_Isend: Other MPI error, error stack:
PMPI_Isend(161)...........: MPI_Isend(buf=0x153f58200000, count=32768, dtype=0x4c001041, dest=12, tag=0, MPI_COMM_WORLD, request=0x9cfdc0) failed
MPID_Isend(584)...........: 
MPIDI_isend_unsafe(136)...: 
MPIDI_OFI_send_normal(352): OFI tagged senddata failed (ofi_send.h:352:MPIDI_OFI_send_normal:No route to host)

aborting job:
Fatal error in PMPI_Isend: Other MPI error, error stack:
PMPI_Isend(161)...........: MPI_Isend(buf=0x153f58200000, count=32768, dtype=0x4c001041, dest=12, tag=0, MPI_COMM_WORLD, request=0x9cfdc0) failed
MPID_Isend(584)...........: 
MPIDI_isend_unsafe(136)...: 
MPIDI_OFI_send_normal(352): OFI tagged senddata failed (ofi_send.h:352:MPIDI_OFI_send_normal:No route to host)
x3108c0s37b1n0.hsn.cm.polaris.alcf.anl.gov: rank 8 exited with code 255
(GTL DEBUG: 15) cuIpcOpenMemHandle: invalid resource handle, CUDA_ERROR_INVALID_HANDLE, line no 272
MPICH ERROR [Rank 15] [job id 1093f0ff-2464-4e3b-9bdc-1eefe2c564e2] [Fri Aug  4 06:15:24 2023] [x3108c0s7b0n0] - Abort(406431234) (rank 15 in comm 0): Fatal error in PMPI_Irecv: Invalid count, error stack:
PMPI_Irecv(166)......................: MPI_Irecv(buf=0x15302a600000, count=32768, dtype=0x4c001041, src=12, tag=0, MPI_COMM_WORLD, request=0x21ebd90) failed
MPID_Irecv(497)......................: 
MPIDI_irecv_unsafe(160)..............: 
MPIDI_SHM_mpi_irecv(462).............: 
MPIDI_SHM_mpi_imrecv(514)............: 
MPIDI_SHM_mmods_try_matched_recv(167): 
MPIDI_CRAY_Common_lmt_handle_recv(44): 
MPIDI_CRAY_Common_lmt_import_mem(218): 
(unknown)(): Invalid count

aborting job:
Fatal error in PMPI_Irecv: Invalid count, error stack:
PMPI_Irecv(166)......................: MPI_Irecv(buf=0x15302a600000, count=32768, dtype=0x4c001041, src=12, tag=0, MPI_COMM_WORLD, request=0x21ebd90) failed
MPID_Irecv(497)......................: 
MPIDI_irecv_unsafe(160)..............: 
MPIDI_SHM_mpi_irecv(462).............: 
MPIDI_SHM_mpi_imrecv(514)............: 
MPIDI_SHM_mmods_try_matched_recv(167): 
MPIDI_CRAY_Common_lmt_handle_recv(44): 
MPIDI_CRAY_Common_lmt_import_mem(218): 
(unknown)(): Invalid count
MPICH ERROR [Rank 2] [job id 1093f0ff-2464-4e3b-9bdc-1eefe2c564e2] [Fri Aug  4 06:15:24 2023] [x3108c0s31b1n0] - Abort(605662991) (rank 2 in comm 0): Fatal error in PMPI_Isend: Other MPI error, error stack:
PMPI_Isend(161)...........: MPI_Isend(buf=0x151bda000000, count=32768, dtype=0x4c001041, dest=8, tag=0, MPI_COMM_WORLD, request=0xb130a0) failed
MPID_Isend(584)...........: 
MPIDI_isend_unsafe(136)...: 
MPIDI_OFI_send_normal(352): OFI tagged senddata failed (ofi_send.h:352:MPIDI_OFI_send_normal:No route to host)

aborting job:
Fatal error in PMPI_Isend: Other MPI error, error stack:
PMPI_Isend(161)...........: MPI_Isend(buf=0x151bda000000, count=32768, dtype=0x4c001041, dest=8, tag=0, MPI_COMM_WORLD, request=0xb130a0) failed
MPID_Isend(584)...........: 
MPIDI_isend_unsafe(136)...: 
MPIDI_OFI_send_normal(352): OFI tagged senddata failed (ofi_send.h:352:MPIDI_OFI_send_normal:No route to host)
MPICH ERROR [Rank 3] [job id 1093f0ff-2464-4e3b-9bdc-1eefe2c564e2] [Fri Aug  4 06:15:24 2023] [x3108c0s31b1n0] - Abort(739880719) (rank 3 in comm 0): Fatal error in PMPI_Isend: Other MPI error, error stack:
PMPI_Isend(161)...........: MPI_Isend(buf=0x151be8000000, count=32768, dtype=0x4c001041, dest=8, tag=0, MPI_COMM_WORLD, request=0x9d30a0) failed
MPID_Isend(584)...........: 
MPIDI_isend_unsafe(136)...: 
MPIDI_OFI_send_normal(352): OFI tagged senddata failed (ofi_send.h:352:MPIDI_OFI_send_normal:No route to host)

aborting job:
Fatal error in PMPI_Isend: Other MPI error, error stack:
PMPI_Isend(161)...........: MPI_Isend(buf=0x151be8000000, count=32768, dtype=0x4c001041, dest=8, tag=0, MPI_COMM_WORLD, request=0x9d30a0) failed
MPID_Isend(584)...........: 
MPIDI_isend_unsafe(136)...: 
MPIDI_OFI_send_normal(352): OFI tagged senddata failed (ofi_send.h:352:MPIDI_OFI_send_normal:No route to host)
