“RANK= 12 LOCAL_RANK= 0 gpu= 3”
“RANK= 14 LOCAL_RANK= 2 gpu= 1”
“RANK= 13 LOCAL_RANK= 1 gpu= 2”
“RANK= 15 LOCAL_RANK= 3 gpu= 0”
“RANK= 0 LOCAL_RANK= 0 gpu= 3”
“RANK= 20 LOCAL_RANK= 0 gpu= 3”
“RANK= 22 LOCAL_RANK= 2 gpu= 1”
“RANK= 1 LOCAL_RANK= 1 gpu= 2”
“RANK= 21 LOCAL_RANK= 1 gpu= 2”
“RANK= 23 LOCAL_RANK= 3 gpu= 0”
“RANK= 3 LOCAL_RANK= 3 gpu= 0”
“RANK= 2 LOCAL_RANK= 2 gpu= 1”
“RANK= 28 LOCAL_RANK= 0 gpu= 3”
“RANK= 29 LOCAL_RANK= 1 gpu= 2”
“RANK= 31 LOCAL_RANK= 3 gpu= 0”
“RANK= 4 LOCAL_RANK= 0 gpu= 3”
“RANK= 6 LOCAL_RANK= 2 gpu= 1”
“RANK= 30 LOCAL_RANK= 2 gpu= 1”
“RANK= 7 LOCAL_RANK= 3 gpu= 0”
“RANK= 5 LOCAL_RANK= 1 gpu= 2”
+ '[' -z '' ']'
+ case "$-" in
+ __lmod_vx=x
Shell debugging temporarily silenced: export LMOD_SH_DBG_ON=1 for this output (/usr/share/lmod/lmod/init/bash)
+ '[' -n x ']'
+ set +x
Shell debugging restarted
+ unset __lmod_vx
+ '[' -z '' ']'
+ case "$-" in
+ __lmod_vx=x
+ '[' -z '' ']'
+ case "$-" in
+ __lmod_vx=x
+ '[' -n x ']'
+ set +x
Shell debugging temporarily silenced: export LMOD_SH_DBG_ON=1 for this output (/usr/share/lmod/lmod/init/bash)
+ '[' -n x ']'
+ set +x
+ '[' -z '' ']'
+ case "$-" in
+ __lmod_vx=x
+ '[' -n x ']'
+ set +x
+ speed3d_r2c cufft double 256 256 256 -a2a -p2p_pl -pencils -r2c_dir 2 -ingrid 8 2 2 -outgrid 32 1 1 -n5
Shell debugging temporarily silenced: export LMOD_SH_DBG_ON=1 for this output (/usr/share/lmod/lmod/init/bash)
Shell debugging temporarily silenced: export LMOD_SH_DBG_ON=1 for this output (/usr/share/lmod/lmod/init/bash)
Shell debugging restarted
+ unset __lmod_vx
Shell debugging restarted
+ unset __lmod_vx
+ speed3d_r2c cufft double 256 256 256 -a2a -p2p_pl -pencils -r2c_dir 2 -ingrid 8 2 2 -outgrid 32 1 1 -n5
Shell debugging restarted
+ unset __lmod_vx
+ speed3d_r2c cufft double 256 256 256 -a2a -p2p_pl -pencils -r2c_dir 2 -ingrid 8 2 2 -outgrid 32 1 1 -n5
+ speed3d_r2c cufft double 256 256 256 -a2a -p2p_pl -pencils -r2c_dir 2 -ingrid 8 2 2 -outgrid 32 1 1 -n5
+ '[' -z '' ']'
+ case "$-" in
+ __lmod_vx=x
Shell debugging temporarily silenced: export LMOD_SH_DBG_ON=1 for this output (/usr/share/lmod/lmod/init/bash)
+ '[' -z '' ']'
+ case "$-" in
+ '[' -n x ']'
+ set +x
Shell debugging temporarily silenced: export LMOD_SH_DBG_ON=1 for this output (/usr/share/lmod/lmod/init/bash)
+ '[' -z '' ']'
+ case "$-" in
+ __lmod_vx=x
+ '[' -n x ']'
+ set +x
+ __lmod_vx=x
+ '[' -n x ']'
+ set +x
+ '[' -z '' ']'
+ case "$-" in
+ __lmod_vx=x
+ '[' -n x ']'
+ set +x
+ '[' -z '' ']'
+ case "$-" in
Shell debugging temporarily silenced: export LMOD_SH_DBG_ON=1 for this output (/usr/share/lmod/lmod/init/bash)
+ '[' -z '' ']'
+ case "$-" in
+ __lmod_vx=x
+ '[' -n x ']'
+ set +x
Shell debugging temporarily silenced: export LMOD_SH_DBG_ON=1 for this output (/usr/share/lmod/lmod/init/bash)
+ '[' -z '' ']'
+ case "$-" in
+ __lmod_vx=x
+ '[' -n x ']'
+ set +x
Shell debugging temporarily silenced: export LMOD_SH_DBG_ON=1 for this output (/usr/share/lmod/lmod/init/bash)
+ __lmod_vx=x
+ '[' -n x ']'
+ set +x
+ '[' -z '' ']'
+ case "$-" in
+ __lmod_vx=x
+ '[' -n x ']'
+ set +x
Shell debugging temporarily silenced: export LMOD_SH_DBG_ON=1 for this output (/usr/share/lmod/lmod/init/bash)
Shell debugging restarted
+ unset __lmod_vx
Shell debugging temporarily silenced: export LMOD_SH_DBG_ON=1 for this output (/usr/share/lmod/lmod/init/bash)
Shell debugging temporarily silenced: export LMOD_SH_DBG_ON=1 for this output (/usr/share/lmod/lmod/init/bash)
+ '[' -z '' ']'
Shell debugging restarted
+ unset __lmod_vx
Shell debugging restarted
+ unset __lmod_vx
+ case "$-" in
+ __lmod_vx=x
+ '[' -n x ']'
+ set +x
+ '[' -z '' ']'
+ case "$-" in
Shell debugging restarted
+ '[' -z '' ']'
+ case "$-" in
+ __lmod_vx=x
+ '[' -n x ']'
+ set +x
Shell debugging restarted
+ unset __lmod_vx
+ '[' -z '' ']'
+ case "$-" in
+ __lmod_vx=x
+ '[' -n x ']'
+ unset __lmod_vx
+ '[' -z '' ']'
+ case "$-" in
+ __lmod_vx=x
+ '[' -n x ']'
+ set +x
+ __lmod_vx=x
+ '[' -n x ']'
+ set +x
Shell debugging temporarily silenced: export LMOD_SH_DBG_ON=1 for this output (/usr/share/lmod/lmod/init/bash)
Shell debugging restarted
+ unset __lmod_vx
Shell debugging temporarily silenced: export LMOD_SH_DBG_ON=1 for this output (/usr/share/lmod/lmod/init/bash)
Shell debugging temporarily silenced: export LMOD_SH_DBG_ON=1 for this output (/usr/share/lmod/lmod/init/bash)
+ '[' -z '' ']'
+ case "$-" in
+ __lmod_vx=x
+ '[' -n x ']'
+ set +x
Shell debugging restarted
+ unset __lmod_vx
Shell debugging temporarily silenced: export LMOD_SH_DBG_ON=1 for this output (/usr/share/lmod/lmod/init/bash)
Shell debugging restarted
+ unset __lmod_vx
Shell debugging temporarily silenced: export LMOD_SH_DBG_ON=1 for this output (/usr/share/lmod/lmod/init/bash)
+ speed3d_r2c cufft double 256 256 256 -a2a -p2p_pl -pencils -r2c_dir 2 -ingrid 8 2 2 -outgrid 32 1 1 -n5
Shell debugging temporarily silenced: export LMOD_SH_DBG_ON=1 for this output (/usr/share/lmod/lmod/init/bash)
+ speed3d_r2c cufft double 256 256 256 -a2a -p2p_pl -pencils -r2c_dir 2 -ingrid 8 2 2 -outgrid 32 1 1 -n5
+ set +x
+ speed3d_r2c cufft double 256 256 256 -a2a -p2p_pl -pencils -r2c_dir 2 -ingrid 8 2 2 -outgrid 32 1 1 -n5
+ speed3d_r2c cufft double 256 256 256 -a2a -p2p_pl -pencils -r2c_dir 2 -ingrid 8 2 2 -outgrid 32 1 1 -n5
Shell debugging restarted
+ unset __lmod_vx
Shell debugging temporarily silenced: export LMOD_SH_DBG_ON=1 for this output (/usr/share/lmod/lmod/init/bash)
+ speed3d_r2c cufft double 256 256 256 -a2a -p2p_pl -pencils -r2c_dir 2 -ingrid 8 2 2 -outgrid 32 1 1 -n5
Shell debugging restarted
+ speed3d_r2c cufft double 256 256 256 -a2a -p2p_pl -pencils -r2c_dir 2 -ingrid 8 2 2 -outgrid 32 1 1 -n5
+ '[' -z '' ']'
+ case "$-" in
+ __lmod_vx=x
+ '[' -n x ']'
+ set +x
+ speed3d_r2c cufft double 256 256 256 -a2a -p2p_pl -pencils -r2c_dir 2 -ingrid 8 2 2 -outgrid 32 1 1 -n5
+ unset __lmod_vx
+ speed3d_r2c cufft double 256 256 256 -a2a -p2p_pl -pencils -r2c_dir 2 -ingrid 8 2 2 -outgrid 32 1 1 -n5
Shell debugging temporarily silenced: export LMOD_SH_DBG_ON=1 for this output (/usr/share/lmod/lmod/init/bash)
+ speed3d_r2c cufft double 256 256 256 -a2a -p2p_pl -pencils -r2c_dir 2 -ingrid 8 2 2 -outgrid 32 1 1 -n5
+ speed3d_r2c cufft double 256 256 256 -a2a -p2p_pl -pencils -r2c_dir 2 -ingrid 8 2 2 -outgrid 32 1 1 -n5
+ '[' -z '' ']'
+ case "$-" in
+ __lmod_vx=x
+ '[' -n x ']'
+ set +x
Shell debugging restarted
+ unset __lmod_vx
Shell debugging restarted
+ unset __lmod_vx
Shell debugging restarted
+ unset __lmod_vx
Shell debugging restarted
+ unset __lmod_vx
+ speed3d_r2c cufft double 256 256 256 -a2a -p2p_pl -pencils -r2c_dir 2 -ingrid 8 2 2 -outgrid 32 1 1 -n5
Shell debugging restarted
+ unset __lmod_vx
+ speed3d_r2c cufft double 256 256 256 -a2a -p2p_pl -pencils -r2c_dir 2 -ingrid 8 2 2 -outgrid 32 1 1 -n5
Shell debugging restarted
+ unset __lmod_vx
+ speed3d_r2c cufft double 256 256 256 -a2a -p2p_pl -pencils -r2c_dir 2 -ingrid 8 2 2 -outgrid 32 1 1 -n5
+ speed3d_r2c cufft double 256 256 256 -a2a -p2p_pl -pencils -r2c_dir 2 -ingrid 8 2 2 -outgrid 32 1 1 -n5
+ speed3d_r2c cufft double 256 256 256 -a2a -p2p_pl -pencils -r2c_dir 2 -ingrid 8 2 2 -outgrid 32 1 1 -n5
+ speed3d_r2c cufft double 256 256 256 -a2a -p2p_pl -pencils -r2c_dir 2 -ingrid 8 2 2 -outgrid 32 1 1 -n5
“RANK= 17 LOCAL_RANK= 1 gpu= 2”
“RANK= 19 LOCAL_RANK= 3 gpu= 0”
“RANK= 18 LOCAL_RANK= 2 gpu= 1”
“RANK= 16 LOCAL_RANK= 0 gpu= 3”
+ '[' -z '' ']'
+ case "$-" in
+ '[' -z '' ']'
+ case "$-" in
+ __lmod_vx=x
+ '[' -n x ']'
+ set +x
Shell debugging temporarily silenced: export LMOD_SH_DBG_ON=1 for this output (/usr/share/lmod/lmod/init/bash)
+ __lmod_vx=x
+ '[' -n x ']'
+ set +x
+ '[' -z '' ']'
+ case "$-" in
+ __lmod_vx=x
Shell debugging temporarily silenced: export LMOD_SH_DBG_ON=1 for this output (/usr/share/lmod/lmod/init/bash)
Shell debugging temporarily silenced: export LMOD_SH_DBG_ON=1 for this output (/usr/share/lmod/lmod/init/bash)
+ '[' -n x ']'
+ set +x
+ '[' -z '' ']'
+ case "$-" in
+ __lmod_vx=x
+ '[' -n x ']'
+ set +x
Shell debugging restarted
+ unset __lmod_vx
Shell debugging restarted
+ unset __lmod_vx
Shell debugging temporarily silenced: export LMOD_SH_DBG_ON=1 for this output (/usr/share/lmod/lmod/init/bash)
Shell debugging restarted
+ unset __lmod_vx
+ speed3d_r2c cufft double 256 256 256 -a2a -p2p_pl -pencils -r2c_dir 2 -ingrid 8 2 2 -outgrid 32 1 1 -n5
Shell debugging restarted
+ unset __lmod_vx
+ speed3d_r2c cufft double 256 256 256 -a2a -p2p_pl -pencils -r2c_dir 2 -ingrid 8 2 2 -outgrid 32 1 1 -n5
+ speed3d_r2c cufft double 256 256 256 -a2a -p2p_pl -pencils -r2c_dir 2 -ingrid 8 2 2 -outgrid 32 1 1 -n5
+ speed3d_r2c cufft double 256 256 256 -a2a -p2p_pl -pencils -r2c_dir 2 -ingrid 8 2 2 -outgrid 32 1 1 -n5
“RANK= 8 LOCAL_RANK= 0 gpu= 3”
“RANK= 9 LOCAL_RANK= 1 gpu= 2”
“RANK= 11 LOCAL_RANK= 3 gpu= 0”
“RANK= 10 LOCAL_RANK= 2 gpu= 1”
+ '[' -z '' ']'
+ case "$-" in
+ __lmod_vx=x
“RANK= 26 LOCAL_RANK= 2 gpu= 1”
Shell debugging temporarily silenced: export LMOD_SH_DBG_ON=1 for this output (/usr/share/lmod/lmod/init/bash)
“RANK= 24 LOCAL_RANK= 0 gpu= 3”
+ '[' -n x ']'
+ set +x
“RANK= 27 LOCAL_RANK= 3 gpu= 0”
Shell debugging restarted
+ unset __lmod_vx
“RANK= 25 LOCAL_RANK= 1 gpu= 2”
+ '[' -z '' ']'
+ case "$-" in
+ __lmod_vx=x
Shell debugging temporarily silenced: export LMOD_SH_DBG_ON=1 for this output (/usr/share/lmod/lmod/init/bash)
+ '[' -z '' ']'
+ case "$-" in
+ __lmod_vx=x
+ '[' -n x ']'
+ set +x
Shell debugging temporarily silenced: export LMOD_SH_DBG_ON=1 for this output (/usr/share/lmod/lmod/init/bash)
+ '[' -n x ']'
+ set +x
Shell debugging temporarily silenced: export LMOD_SH_DBG_ON=1 for this output (/usr/share/lmod/lmod/init/bash)
+ '[' -z '' ']'
+ case "$-" in
+ __lmod_vx=x
+ '[' -n x ']'
+ set +x
+ speed3d_r2c cufft double 256 256 256 -a2a -p2p_pl -pencils -r2c_dir 2 -ingrid 8 2 2 -outgrid 32 1 1 -n5
Shell debugging restarted
+ unset __lmod_vx
Shell debugging restarted
+ unset __lmod_vx
+ speed3d_r2c cufft double 256 256 256 -a2a -p2p_pl -pencils -r2c_dir 2 -ingrid 8 2 2 -outgrid 32 1 1 -n5
+ speed3d_r2c cufft double 256 256 256 -a2a -p2p_pl -pencils -r2c_dir 2 -ingrid 8 2 2 -outgrid 32 1 1 -n5
Shell debugging restarted
+ unset __lmod_vx
+ speed3d_r2c cufft double 256 256 256 -a2a -p2p_pl -pencils -r2c_dir 2 -ingrid 8 2 2 -outgrid 32 1 1 -n5
+ '[' -z '' ']'
+ case "$-" in
+ __lmod_vx=x
Shell debugging temporarily silenced: export LMOD_SH_DBG_ON=1 for this output (/usr/share/lmod/lmod/init/bash)
+ '[' -n x ']'
+ set +x
+ '[' -z '' ']'
+ case "$-" in
+ __lmod_vx=x
+ '[' -n x ']'
Shell debugging restarted
+ unset __lmod_vx
Shell debugging temporarily silenced: export LMOD_SH_DBG_ON=1 for this output (/usr/share/lmod/lmod/init/bash)
+ set +x
Shell debugging temporarily silenced: export LMOD_SH_DBG_ON=1 for this output (/usr/share/lmod/lmod/init/bash)
+ '[' -z '' ']'
+ case "$-" in
+ __lmod_vx=x
+ '[' -n x ']'
+ set +x
Shell debugging restarted
+ unset __lmod_vx
Shell debugging temporarily silenced: export LMOD_SH_DBG_ON=1 for this output (/usr/share/lmod/lmod/init/bash)
+ '[' -z '' ']'
+ case "$-" in
+ __lmod_vx=x
+ '[' -n x ']'
+ set +x
Shell debugging restarted
+ unset __lmod_vx
+ speed3d_r2c cufft double 256 256 256 -a2a -p2p_pl -pencils -r2c_dir 2 -ingrid 8 2 2 -outgrid 32 1 1 -n5
+ speed3d_r2c cufft double 256 256 256 -a2a -p2p_pl -pencils -r2c_dir 2 -ingrid 8 2 2 -outgrid 32 1 1 -n5
+ speed3d_r2c cufft double 256 256 256 -a2a -p2p_pl -pencils -r2c_dir 2 -ingrid 8 2 2 -outgrid 32 1 1 -n5
Shell debugging restarted
+ unset __lmod_vx
+ speed3d_r2c cufft double 256 256 256 -a2a -p2p_pl -pencils -r2c_dir 2 -ingrid 8 2 2 -outgrid 32 1 1 -n5
MPICH ERROR [Rank 20] [job id 9fbc7732-b524-4908-85da-784d7ea2f65f] [Fri Aug  4 06:14:16 2023] [x3111c0s1b0n0] - Abort(471445391) (rank 20 in comm 0): Fatal error in PMPI_Isend: Other MPI error, error stack:
PMPI_Isend(161)................: MPI_Isend(buf=0x147b620a2000, count=8192, dtype=0x4c001041, dest=26, tag=0, MPI_COMM_WORLD, request=0x919274) failed
MPID_Isend(578)................: 
MPIDI_Progress_test(80)........: 
MPIDI_OFI_handle_cq_error(1059): OFI poll failed (ofi_events.c:1061:MPIDI_OFI_handle_cq_error:Input/output error - remote access error)

aborting job:
Fatal error in PMPI_Isend: Other MPI error, error stack:
PMPI_Isend(161)................: MPI_Isend(buf=0x147b620a2000, count=8192, dtype=0x4c001041, dest=26, tag=0, MPI_COMM_WORLD, request=0x919274) failed
MPID_Isend(578)................: 
MPIDI_Progress_test(80)........: 
MPIDI_OFI_handle_cq_error(1059): OFI poll failed (ofi_events.c:1061:MPIDI_OFI_handle_cq_error:Input/output error - remote access error)
MPICH ERROR [Rank 21] [job id 9fbc7732-b524-4908-85da-784d7ea2f65f] [Fri Aug  4 06:14:16 2023] [x3111c0s1b0n0] - Abort(471445391) (rank 21 in comm 0): Fatal error in PMPI_Isend: Other MPI error, error stack:
PMPI_Isend(161)................: MPI_Isend(buf=0x14dcd8082000, count=8192, dtype=0x4c001041, dest=26, tag=0, MPI_COMM_WORLD, request=0x1832c60) failed
MPID_Isend(578)................: 
MPIDI_Progress_test(80)........: 
MPIDI_OFI_handle_cq_error(1059): OFI poll failed (ofi_events.c:1061:MPIDI_OFI_handle_cq_error:Input/output error - local protection error)

aborting job:
Fatal error in PMPI_Isend: Other MPI error, error stack:
PMPI_Isend(161)................: MPI_Isend(buf=0x14dcd8082000, count=8192, dtype=0x4c001041, dest=26, tag=0, MPI_COMM_WORLD, request=0x1832c60) failed
MPID_Isend(578)................: 
MPIDI_Progress_test(80)........: 
MPIDI_OFI_handle_cq_error(1059): OFI poll failed (ofi_events.c:1061:MPIDI_OFI_handle_cq_error:Input/output error - local protection error)
MPICH ERROR [Rank 4] [job id 9fbc7732-b524-4908-85da-784d7ea2f65f] [Fri Aug  4 06:14:16 2023] [x3108c0s37b0n0] - Abort(404336527) (rank 4 in comm 0): Fatal error in PMPI_Isend: Other MPI error, error stack:
PMPI_Isend(161)................: MPI_Isend(buf=0x15220c0e2000, count=8192, dtype=0x4c001041, dest=12, tag=0, MPI_COMM_WORLD, request=0x273899c) failed
MPID_Isend(578)................: 
MPIDI_Progress_test(80)........: 
MPIDI_OFI_handle_cq_error(1059): OFI poll failed (ofi_events.c:1061:MPIDI_OFI_handle_cq_error:Input/output error - remote access error)

aborting job:
Fatal error in PMPI_Isend: Other MPI error, error stack:
PMPI_Isend(161)................: MPI_Isend(buf=0x15220c0e2000, count=8192, dtype=0x4c001041, dest=12, tag=0, MPI_COMM_WORLD, request=0x273899c) failed
MPID_Isend(578)................: 
MPIDI_Progress_test(80)........: 
MPIDI_OFI_handle_cq_error(1059): OFI poll failed (ofi_events.c:1061:MPIDI_OFI_handle_cq_error:Input/output error - remote access error)
MPICH ERROR [Rank 16] [job id 9fbc7732-b524-4908-85da-784d7ea2f65f] [Fri Aug  4 06:14:16 2023] [x3108c0s7b1n0] - Abort(135901071) (rank 16 in comm 0): Fatal error in PMPI_Isend: Other MPI error, error stack:
PMPI_Isend(161)................: MPI_Isend(buf=0x1553221c2000, count=8192, dtype=0x4c001041, dest=31, tag=0, MPI_COMM_WORLD, request=0xd93dd8) failed
MPID_Isend(578)................: 
MPIDI_Progress_test(80)........: 
MPIDI_OFI_handle_cq_error(1059): OFI poll failed (ofi_events.c:1061:MPIDI_OFI_handle_cq_error:Input/output error - local protection error)

aborting job:
Fatal error in PMPI_Isend: Other MPI error, error stack:
PMPI_Isend(161)................: MPI_Isend(buf=0x1553221c2000, count=8192, dtype=0x4c001041, dest=31, tag=0, MPI_COMM_WORLD, request=0xd93dd8) failed
MPID_Isend(578)................: 
MPIDI_Progress_test(80)........: 
MPIDI_OFI_handle_cq_error(1059): OFI poll failed (ofi_events.c:1061:MPIDI_OFI_handle_cq_error:Input/output error - local protection error)
MPICH ERROR [Rank 24] [job id 9fbc7732-b524-4908-85da-784d7ea2f65f] [Fri Aug  4 06:14:16 2023] [x3111c0s1b1n0] - Abort(270118799) (rank 24 in comm 0): Fatal error in PMPI_Isend: Other MPI error, error stack:
PMPI_Isend(161)................: MPI_Isend(buf=0x1458520c0000, count=8192, dtype=0x4c001041, dest=31, tag=0, MPI_COMM_WORLD, request=0x158bdb8) failed
MPID_Isend(578)................: 
MPIDI_Progress_test(80)........: 
MPIDI_OFI_handle_cq_error(1059): OFI poll failed (ofi_events.c:1061:MPIDI_OFI_handle_cq_error:Input/output error - local protection error)

aborting job:
Fatal error in PMPI_Isend: Other MPI error, error stack:
PMPI_Isend(161)................: MPI_Isend(buf=0x1458520c0000, count=8192, dtype=0x4c001041, dest=31, tag=0, MPI_COMM_WORLD, request=0x158bdb8) failed
MPID_Isend(578)................: 
MPIDI_Progress_test(80)........: 
MPIDI_OFI_handle_cq_error(1059): OFI poll failed (ofi_events.c:1061:MPIDI_OFI_handle_cq_error:Input/output error - local protection error)
MPICH ERROR [Rank 0] [job id 9fbc7732-b524-4908-85da-784d7ea2f65f] [Fri Aug  4 06:14:16 2023] [x3108c0s31b1n0] - Abort(739880847) (rank 0 in comm 0): Fatal error in PMPI_Isend: Other MPI error, error stack:
PMPI_Isend(161)................: MPI_Isend(buf=0x14cc42162000, count=8192, dtype=0x4c001041, dest=12, tag=0, MPI_COMM_WORLD, request=0x12b29ec) failed
MPID_Isend(578)................: 
MPIDI_Progress_test(80)........: 
MPIDI_OFI_handle_cq_error(1059): OFI poll failed (ofi_events.c:1061:MPIDI_OFI_handle_cq_error:Input/output error - remote access error)

aborting job:
Fatal error in PMPI_Isend: Other MPI error, error stack:
PMPI_Isend(161)................: MPI_Isend(buf=0x14cc42162000, count=8192, dtype=0x4c001041, dest=12, tag=0, MPI_COMM_WORLD, request=0x12b29ec) failed
MPID_Isend(578)................: 
MPIDI_Progress_test(80)........: 
MPIDI_OFI_handle_cq_error(1059): OFI poll failed (ofi_events.c:1061:MPIDI_OFI_handle_cq_error:Input/output error - remote access error)
MPICH ERROR [Rank 8] [job id 9fbc7732-b524-4908-85da-784d7ea2f65f] [Fri Aug  4 06:14:16 2023] [x3108c0s37b1n0] - Abort(672771983) (rank 8 in comm 0): Fatal error in PMPI_Isend: Other MPI error, error stack:
PMPI_Isend(161)................: MPI_Isend(buf=0x15279c0c0000, count=8192, dtype=0x4c001041, dest=15, tag=0, MPI_COMM_WORLD, request=0x828bd8) failed
MPID_Isend(578)................: 
MPIDI_Progress_test(80)........: 
MPIDI_OFI_handle_cq_error(1059): OFI poll failed (ofi_events.c:1061:MPIDI_OFI_handle_cq_error:Input/output error - remote access error)

aborting job:
Fatal error in PMPI_Isend: Other MPI error, error stack:
PMPI_Isend(161)................: MPI_Isend(buf=0x15279c0c0000, count=8192, dtype=0x4c001041, dest=15, tag=0, MPI_COMM_WORLD, request=0x828bd8) failed
MPID_Isend(578)................: 
MPIDI_Progress_test(80)........: 
MPIDI_OFI_handle_cq_error(1059): OFI poll failed (ofi_events.c:1061:MPIDI_OFI_handle_cq_error:Input/output error - remote access error)
MPICH ERROR [Rank 28] [job id 9fbc7732-b524-4908-85da-784d7ea2f65f] [Fri Aug  4 06:14:16 2023] [x3111c0s25b0n0] - Abort(270118799) (rank 28 in comm 0): Fatal error in PMPI_Isend: Other MPI error, error stack:
PMPI_Isend(161)................: MPI_Isend(buf=0x14784c0e2000, count=8192, dtype=0x4c001041, dest=4, tag=0, MPI_COMM_WORLD, request=0x1257d2c) failed
MPID_Isend(578)................: 
MPIDI_Progress_test(80)........: 
MPIDI_OFI_handle_cq_error(1059): OFI poll failed (ofi_events.c:1061:MPIDI_OFI_handle_cq_error:Input/output error - remote access error)

aborting job:
Fatal error in PMPI_Isend: Other MPI error, error stack:
PMPI_Isend(161)................: MPI_Isend(buf=0x14784c0e2000, count=8192, dtype=0x4c001041, dest=4, tag=0, MPI_COMM_WORLD, request=0x1257d2c) failed
MPID_Isend(578)................: 
MPIDI_Progress_test(80)........: 
MPIDI_OFI_handle_cq_error(1059): OFI poll failed (ofi_events.c:1061:MPIDI_OFI_handle_cq_error:Input/output error - remote access error)
MPICH ERROR [Rank 12] [job id 9fbc7732-b524-4908-85da-784d7ea2f65f] [Fri Aug  4 06:14:16 2023] [x3108c0s7b0n0] - Abort(941207439) (rank 12 in comm 0): Fatal error in PMPI_Isend: Other MPI error, error stack:
PMPI_Isend(161)................: MPI_Isend(buf=0x1486181a4000, count=8192, dtype=0x4c001041, dest=26, tag=0, MPI_COMM_WORLD, request=0x16e94a4) failed
MPID_Isend(578)................: 
MPIDI_Progress_test(80)........: 
MPIDI_OFI_handle_cq_error(1059): OFI poll failed (ofi_events.c:1061:MPIDI_OFI_handle_cq_error:Input/output error - remote access error)

aborting job:
Fatal error in PMPI_Isend: Other MPI error, error stack:
PMPI_Isend(161)................: MPI_Isend(buf=0x1486181a4000, count=8192, dtype=0x4c001041, dest=26, tag=0, MPI_COMM_WORLD, request=0x16e94a4) failed
MPID_Isend(578)................: 
MPIDI_Progress_test(80)........: 
MPIDI_OFI_handle_cq_error(1059): OFI poll failed (ofi_events.c:1061:MPIDI_OFI_handle_cq_error:Input/output error - remote access error)
MPICH ERROR [Rank 5] [job id 9fbc7732-b524-4908-85da-784d7ea2f65f] [Fri Aug  4 06:14:16 2023] [x3108c0s37b0n0] - Abort(538554255) (rank 5 in comm 0): Fatal error in PMPI_Isend: Other MPI error, error stack:
PMPI_Isend(161)................: MPI_Isend(buf=0x14f30c040000, count=8704, dtype=0x4c001041, dest=8, tag=0, MPI_COMM_WORLD, request=0x189dec8) failed
MPID_Isend(578)................: 
MPIDI_Progress_test(80)........: 
MPIDI_OFI_handle_cq_error(1059): OFI poll failed (ofi_events.c:1061:MPIDI_OFI_handle_cq_error:Input/output error - local protection error)

aborting job:
Fatal error in PMPI_Isend: Other MPI error, error stack:
PMPI_Isend(161)................: MPI_Isend(buf=0x14f30c040000, count=8704, dtype=0x4c001041, dest=8, tag=0, MPI_COMM_WORLD, request=0x189dec8) failed
MPID_Isend(578)................: 
MPIDI_Progress_test(80)........: 
MPIDI_OFI_handle_cq_error(1059): OFI poll failed (ofi_events.c:1061:MPIDI_OFI_handle_cq_error:Input/output error - local protection error)
MPICH ERROR [Rank 13] [job id 9fbc7732-b524-4908-85da-784d7ea2f65f] [Fri Aug  4 06:14:16 2023] [x3108c0s7b0n0] - Abort(1683343) (rank 13 in comm 0): Fatal error in PMPI_Isend: Other MPI error, error stack:
PMPI_Isend(161)................: MPI_Isend(buf=0x1464d2082000, count=8192, dtype=0x4c001041, dest=18, tag=0, MPI_COMM_WORLD, request=0x8dc300) failed
MPID_Isend(578)................: 
MPIDI_Progress_test(80)........: 
MPIDI_OFI_handle_cq_error(1059): OFI poll failed (ofi_events.c:1061:MPIDI_OFI_handle_cq_error:Input/output error - local protection error)

aborting job:
Fatal error in PMPI_Isend: Other MPI error, error stack:
PMPI_Isend(161)................: MPI_Isend(buf=0x1464d2082000, count=8192, dtype=0x4c001041, dest=18, tag=0, MPI_COMM_WORLD, request=0x8dc300) failed
MPID_Isend(578)................: 
MPIDI_Progress_test(80)........: 
MPIDI_OFI_handle_cq_error(1059): OFI poll failed (ofi_events.c:1061:MPIDI_OFI_handle_cq_error:Input/output error - local protection error)
MPICH ERROR [Rank 22] [job id 9fbc7732-b524-4908-85da-784d7ea2f65f] [Fri Aug  4 06:14:16 2023] [x3111c0s1b0n0] - Abort(739880847) (rank 22 in comm 0): Fatal error in PMPI_Isend: Other MPI error, error stack:
PMPI_Isend(161)................: MPI_Isend(buf=0x1455ca020000, count=8704, dtype=0x4c001041, dest=24, tag=0, MPI_COMM_WORLD, request=0x1a37c84) failed
MPID_Isend(578)................: 
MPIDI_Progress_test(80)........: 
MPIDI_OFI_handle_cq_error(1059): OFI poll failed (ofi_events.c:1061:MPIDI_OFI_handle_cq_error:Input/output error - local protection error)

aborting job:
Fatal error in PMPI_Isend: Other MPI error, error stack:
PMPI_Isend(161)................: MPI_Isend(buf=0x1455ca020000, count=8704, dtype=0x4c001041, dest=24, tag=0, MPI_COMM_WORLD, request=0x1a37c84) failed
MPID_Isend(578)................: 
MPIDI_Progress_test(80)........: 
MPIDI_OFI_handle_cq_error(1059): OFI poll failed (ofi_events.c:1061:MPIDI_OFI_handle_cq_error:Input/output error - local protection error)
MPICH ERROR [Rank 29] [job id 9fbc7732-b524-4908-85da-784d7ea2f65f] [Fri Aug  4 06:14:16 2023] [x3111c0s25b0n0] - Abort(739880847) (rank 29 in comm 0): Fatal error in PMPI_Isend: Other MPI error, error stack:
PMPI_Isend(161)................: MPI_Isend(buf=0x14cb180a2000, count=8192, dtype=0x4c001041, dest=3, tag=0, MPI_COMM_WORLD, request=0xf8dea4) failed
MPID_Isend(578)................: 
MPIDI_Progress_test(80)........: 
MPIDI_OFI_handle_cq_error(1059): OFI poll failed (ofi_events.c:1061:MPIDI_OFI_handle_cq_error:Input/output error - remote access error)

aborting job:
Fatal error in PMPI_Isend: Other MPI error, error stack:
PMPI_Isend(161)................: MPI_Isend(buf=0x14cb180a2000, count=8192, dtype=0x4c001041, dest=3, tag=0, MPI_COMM_WORLD, request=0xf8dea4) failed
MPID_Isend(578)................: 
MPIDI_Progress_test(80)........: 
MPIDI_OFI_handle_cq_error(1059): OFI poll failed (ofi_events.c:1061:MPIDI_OFI_handle_cq_error:Input/output error - remote access error)
MPICH ERROR [Rank 17] [job id 9fbc7732-b524-4908-85da-784d7ea2f65f] [Fri Aug  4 06:14:16 2023] [x3108c0s7b1n0] - Abort(1008316303) (rank 17 in comm 0): Fatal error in PMPI_Isend: Other MPI error, error stack:
PMPI_Isend(161)................: MPI_Isend(buf=0x152c2c2e6000, count=8192, dtype=0x4c001041, dest=9, tag=0, MPI_COMM_WORLD, request=0x104aeec) failed
MPID_Isend(578)................: 
MPIDI_Progress_test(80)........: 
MPIDI_OFI_handle_cq_error(1059): OFI poll failed (ofi_events.c:1061:MPIDI_OFI_handle_cq_error:Input/output error - local protection error)

aborting job:
Fatal error in PMPI_Isend: Other MPI error, error stack:
PMPI_Isend(161)................: MPI_Isend(buf=0x152c2c2e6000, count=8192, dtype=0x4c001041, dest=9, tag=0, MPI_COMM_WORLD, request=0x104aeec) failed
MPID_Isend(578)................: 
MPIDI_Progress_test(80)........: 
MPIDI_OFI_handle_cq_error(1059): OFI poll failed (ofi_events.c:1061:MPIDI_OFI_handle_cq_error:Input/output error - local protection error)
MPICH ERROR [Rank 18] [job id 9fbc7732-b524-4908-85da-784d7ea2f65f] [Fri Aug  4 06:14:16 2023] [x3108c0s7b1n0] - Abort(739880847) (rank 18 in comm 0): Fatal error in PMPI_Isend: Other MPI error, error stack:
PMPI_Isend(161)................: MPI_Isend(buf=0x14e2a81e4000, count=8192, dtype=0x4c001041, dest=2, tag=0, MPI_COMM_WORLD, request=0xbbe5cc) failed
MPID_Isend(578)................: 
MPIDI_Progress_test(80)........: 
MPIDI_OFI_handle_cq_error(1059): OFI poll failed (ofi_events.c:1061:MPIDI_OFI_handle_cq_error:Input/output error - remote access error)

aborting job:
Fatal error in PMPI_Isend: Other MPI error, error stack:
PMPI_Isend(161)................: MPI_Isend(buf=0x14e2a81e4000, count=8192, dtype=0x4c001041, dest=2, tag=0, MPI_COMM_WORLD, request=0xbbe5cc) failed
MPID_Isend(578)................: 
MPIDI_Progress_test(80)........: 
MPIDI_OFI_handle_cq_error(1059): OFI poll failed (ofi_events.c:1061:MPIDI_OFI_handle_cq_error:Input/output error - remote access error)
MPICH ERROR [Rank 9] [job id 9fbc7732-b524-4908-85da-784d7ea2f65f] [Fri Aug  4 06:14:16 2023] [x3108c0s37b1n0] - Abort(806989711) (rank 9 in comm 0): Fatal error in PMPI_Isend: Other MPI error, error stack:
PMPI_Isend(161)................: MPI_Isend(buf=0x14c2620c0000, count=8704, dtype=0x4c001041, dest=16, tag=0, MPI_COMM_WORLD, request=0x1e2ed28) failed
MPID_Isend(578)................: 
MPIDI_Progress_test(80)........: 
MPIDI_OFI_handle_cq_error(1059): OFI poll failed (ofi_events.c:1061:MPIDI_OFI_handle_cq_error:Input/output error - local protection error)

aborting job:
Fatal error in PMPI_Isend: Other MPI error, error stack:
PMPI_Isend(161)................: MPI_Isend(buf=0x14c2620c0000, count=8704, dtype=0x4c001041, dest=16, tag=0, MPI_COMM_WORLD, request=0x1e2ed28) failed
MPID_Isend(578)................: 
MPIDI_Progress_test(80)........: 
MPIDI_OFI_handle_cq_error(1059): OFI poll failed (ofi_events.c:1061:MPIDI_OFI_handle_cq_error:Input/output error - local protection error)
MPICH ERROR [Rank 25] [job id 9fbc7732-b524-4908-85da-784d7ea2f65f] [Fri Aug  4 06:14:16 2023] [x3111c0s1b1n0] - Abort(68792207) (rank 25 in comm 0): Fatal error in PMPI_Isend: Other MPI error, error stack:
PMPI_Isend(161)................: MPI_Isend(buf=0x14bfec142000, count=8192, dtype=0x4c001041, dest=4, tag=0, MPI_COMM_WORLD, request=0x209aeb8) failed
MPID_Isend(578)................: 
MPIDI_Progress_test(80)........: 
MPIDI_OFI_handle_cq_error(1059): OFI poll failed (ofi_events.c:1061:MPIDI_OFI_handle_cq_error:Input/output error - remote access error)

aborting job:
Fatal error in PMPI_Isend: Other MPI error, error stack:
PMPI_Isend(161)................: MPI_Isend(buf=0x14bfec142000, count=8192, dtype=0x4c001041, dest=4, tag=0, MPI_COMM_WORLD, request=0x209aeb8) failed
MPID_Isend(578)................: 
MPIDI_Progress_test(80)........: 
MPIDI_OFI_handle_cq_error(1059): OFI poll failed (ofi_events.c:1061:MPIDI_OFI_handle_cq_error:Input/output error - remote access error)
MPICH ERROR [Rank 1] [job id 9fbc7732-b524-4908-85da-784d7ea2f65f] [Fri Aug  4 06:14:16 2023] [x3108c0s31b1n0] - Abort(874131855) (rank 1 in comm 0): Fatal error in PMPI_Waitany: Other MPI error, error stack:
PMPI_Waitany(277)..............: MPI_Waitany(count=31, req_array=0x1531da0, index=0x7ffc1c077b9c, status=0x1) failed
PMPI_Waitany(245)..............: 
MPIDI_Progress_test(80)........: 
MPIDI_OFI_handle_cq_error(1059): OFI poll failed (ofi_events.c:1061:MPIDI_OFI_handle_cq_error:Input/output error - remote access error)

aborting job:
Fatal error in PMPI_Waitany: Other MPI error, error stack:
PMPI_Waitany(277)..............: MPI_Waitany(count=31, req_array=0x1531da0, index=0x7ffc1c077b9c, status=0x1) failed
PMPI_Waitany(245)..............: 
MPIDI_Progress_test(80)........: 
MPIDI_OFI_handle_cq_error(1059): OFI poll failed (ofi_events.c:1061:MPIDI_OFI_handle_cq_error:Input/output error - remote access error)
MPICH ERROR [Rank 30] [job id 9fbc7732-b524-4908-85da-784d7ea2f65f] [Fri Aug  4 06:14:16 2023] [x3111c0s25b0n0] - Abort(135901071) (rank 30 in comm 0): Fatal error in PMPI_Isend: Other MPI error, error stack:
PMPI_Isend(161)................: MPI_Isend(buf=0x14930a062000, count=8192, dtype=0x4c001041, dest=2, tag=0, MPI_COMM_WORLD, request=0x2697d1c) failed
MPID_Isend(578)................: 
MPIDI_Progress_test(80)........: 
MPIDI_OFI_handle_cq_error(1059): OFI poll failed (ofi_events.c:1061:MPIDI_OFI_handle_cq_error:Input/output error - remote access error)

aborting job:
Fatal error in PMPI_Isend: Other MPI error, error stack:
PMPI_Isend(161)................: MPI_Isend(buf=0x14930a062000, count=8192, dtype=0x4c001041, dest=2, tag=0, MPI_COMM_WORLD, request=0x2697d1c) failed
MPID_Isend(578)................: 
MPIDI_Progress_test(80)........: 
MPIDI_OFI_handle_cq_error(1059): OFI poll failed (ofi_events.c:1061:MPIDI_OFI_handle_cq_error:Input/output error - remote access error)
MPICH ERROR [Rank 6] [job id 9fbc7732-b524-4908-85da-784d7ea2f65f] [Fri Aug  4 06:14:16 2023] [x3108c0s37b0n0] - Abort(337227663) (rank 6 in comm 0): Fatal error in PMPI_Isend: Other MPI error, error stack:
PMPI_Isend(161)................: MPI_Isend(buf=0x146d62042000, count=8192, dtype=0x4c001041, dest=9, tag=0, MPI_COMM_WORLD, request=0x2698ec8) failed
MPID_Isend(578)................: 
MPIDI_Progress_test(80)........: 
MPIDI_OFI_handle_cq_error(1059): OFI poll failed (ofi_events.c:1061:MPIDI_OFI_handle_cq_error:Input/output error - local protection error)

aborting job:
Fatal error in PMPI_Isend: Other MPI error, error stack:
PMPI_Isend(161)................: MPI_Isend(buf=0x146d62042000, count=8192, dtype=0x4c001041, dest=9, tag=0, MPI_COMM_WORLD, request=0x2698ec8) failed
MPID_Isend(578)................: 
MPIDI_Progress_test(80)........: 
MPIDI_OFI_handle_cq_error(1059): OFI poll failed (ofi_events.c:1061:MPIDI_OFI_handle_cq_error:Input/output error - local protection error)
MPICH ERROR [Rank 14] [job id 9fbc7732-b524-4908-85da-784d7ea2f65f] [Fri Aug  4 06:14:16 2023] [x3108c0s7b0n0] - Abort(135901071) (rank 14 in comm 0): Fatal error in PMPI_Isend: Other MPI error, error stack:
PMPI_Isend(161)................: MPI_Isend(buf=0x154522102000, count=8192, dtype=0x4c001041, dest=23, tag=0, MPI_COMM_WORLD, request=0x84a310) failed
MPID_Isend(578)................: 
MPIDI_Progress_test(80)........: 
MPIDI_OFI_handle_cq_error(1059): OFI poll failed (ofi_events.c:1061:MPIDI_OFI_handle_cq_error:Input/output error - local protection error)

aborting job:
Fatal error in PMPI_Isend: Other MPI error, error stack:
PMPI_Isend(161)................: MPI_Isend(buf=0x154522102000, count=8192, dtype=0x4c001041, dest=23, tag=0, MPI_COMM_WORLD, request=0x84a310) failed
MPID_Isend(578)................: 
MPIDI_Progress_test(80)........: 
MPIDI_OFI_handle_cq_error(1059): OFI poll failed (ofi_events.c:1061:MPIDI_OFI_handle_cq_error:Input/output error - local protection error)
MPICH ERROR [Rank 2] [job id 9fbc7732-b524-4908-85da-784d7ea2f65f] [Fri Aug  4 06:14:16 2023] [x3108c0s31b1n0] - Abort(337227663) (rank 2 in comm 0): Fatal error in PMPI_Isend: Other MPI error, error stack:
PMPI_Isend(161)................: MPI_Isend(buf=0x15204c142000, count=8192, dtype=0x4c001041, dest=13, tag=0, MPI_COMM_WORLD, request=0x248ee58) failed
MPID_Isend(578)................: 
MPIDI_Progress_test(80)........: 
MPIDI_OFI_handle_cq_error(1059): OFI poll failed (ofi_events.c:1061:MPIDI_OFI_handle_cq_error:Input/output error - remote access error)

aborting job:
Fatal error in PMPI_Isend: Other MPI error, error stack:
PMPI_Isend(161)................: MPI_Isend(buf=0x15204c142000, count=8192, dtype=0x4c001041, dest=13, tag=0, MPI_COMM_WORLD, request=0x248ee58) failed
MPID_Isend(578)................: 
MPIDI_Progress_test(80)........: 
MPIDI_OFI_handle_cq_error(1059): OFI poll failed (ofi_events.c:1061:MPIDI_OFI_handle_cq_error:Input/output error - remote access error)
MPICH ERROR [Rank 23] [job id 9fbc7732-b524-4908-85da-784d7ea2f65f] [Fri Aug  4 06:14:16 2023] [x3111c0s1b0n0] - Abort(539111823) (rank 23 in comm 0): Fatal error in PMPI_Waitany: Other MPI error, error stack:
PMPI_Waitany(277)..............: MPI_Waitany(count=31, req_array=0x2385c80, index=0x7fffbab28ecc, status=0x1) failed
PMPI_Waitany(245)..............: 
MPIR_Waitany_impl(97)..........: 
MPIDI_Progress_test(80)........: 
MPIDI_OFI_handle_cq_error(1059): OFI poll failed (ofi_events.c:1061:MPIDI_OFI_handle_cq_error:Input/output error - remote access error)

aborting job:
Fatal error in PMPI_Waitany: Other MPI error, error stack:
PMPI_Waitany(277)..............: MPI_Waitany(count=31, req_array=0x2385c80, index=0x7fffbab28ecc, status=0x1) failed
PMPI_Waitany(245)..............: 
MPIR_Waitany_impl(97)..........: 
MPIDI_Progress_test(80)........: 
MPIDI_OFI_handle_cq_error(1059): OFI poll failed (ofi_events.c:1061:MPIDI_OFI_handle_cq_error:Input/output error - remote access error)
MPICH ERROR [Rank 19] [job id 9fbc7732-b524-4908-85da-784d7ea2f65f] [Fri Aug  4 06:14:16 2023] [x3108c0s7b1n0] - Abort(270152079) (rank 19 in comm 0): Fatal error in PMPI_Waitany: Other MPI error, error stack:
PMPI_Waitany(277)..............: MPI_Waitany(count=31, req_array=0xe740d0, index=0x7ffdc63ad9dc, status=0x1) failed
PMPI_Waitany(245)..............: 
MPIDI_Progress_test(80)........: 
MPIDI_OFI_handle_cq_error(1059): OFI poll failed (ofi_events.c:1061:MPIDI_OFI_handle_cq_error:Input/output error - remote access error)

aborting job:
Fatal error in PMPI_Waitany: Other MPI error, error stack:
PMPI_Waitany(277)..............: MPI_Waitany(count=31, req_array=0xe740d0, index=0x7ffdc63ad9dc, status=0x1) failed
PMPI_Waitany(245)..............: 
MPIDI_Progress_test(80)........: 
MPIDI_OFI_handle_cq_error(1059): OFI poll failed (ofi_events.c:1061:MPIDI_OFI_handle_cq_error:Input/output error - remote access error)
MPICH ERROR [Rank 10] [job id 9fbc7732-b524-4908-85da-784d7ea2f65f] [Fri Aug  4 06:14:16 2023] [x3108c0s37b1n0] - Abort(807022991) (rank 10 in comm 0): Fatal error in PMPI_Waitany: Other MPI error, error stack:
PMPI_Waitany(277)..............: MPI_Waitany(count=31, req_array=0x1ee7c80, index=0x7ffebd8fcb3c, status=0x1) failed
PMPI_Waitany(245)..............: 
MPIDI_Progress_test(80)........: 
MPIDI_OFI_handle_cq_error(1059): OFI poll failed (ofi_events.c:1061:MPIDI_OFI_handle_cq_error:Input/output error - remote access error)

aborting job:
Fatal error in PMPI_Waitany: Other MPI error, error stack:
PMPI_Waitany(277)..............: MPI_Waitany(count=31, req_array=0x1ee7c80, index=0x7ffebd8fcb3c, status=0x1) failed
PMPI_Waitany(245)..............: 
MPIDI_Progress_test(80)........: 
MPIDI_OFI_handle_cq_error(1059): OFI poll failed (ofi_events.c:1061:MPIDI_OFI_handle_cq_error:Input/output error - remote access error)
MPICH ERROR [Rank 31] [job id 9fbc7732-b524-4908-85da-784d7ea2f65f] [Fri Aug  4 06:14:16 2023] [x3111c0s25b0n0] - Abort(270152079) (rank 31 in comm 0): Fatal error in PMPI_Waitany: Other MPI error, error stack:
PMPI_Waitany(277)..............: MPI_Waitany(count=31, req_array=0x24cec80, index=0x7ffc4cedad5c, status=0x1) failed
PMPI_Waitany(245)..............: 
MPIDI_Progress_test(80)........: 
MPIDI_OFI_handle_cq_error(1059): OFI poll failed (ofi_events.c:1061:MPIDI_OFI_handle_cq_error:Input/output error - remote access error)

aborting job:
Fatal error in PMPI_Waitany: Other MPI error, error stack:
PMPI_Waitany(277)..............: MPI_Waitany(count=31, req_array=0x24cec80, index=0x7ffc4cedad5c, status=0x1) failed
PMPI_Waitany(245)..............: 
MPIDI_Progress_test(80)........: 
MPIDI_OFI_handle_cq_error(1059): OFI poll failed (ofi_events.c:1061:MPIDI_OFI_handle_cq_error:Input/output error - remote access error)
MPICH ERROR [Rank 15] [job id 9fbc7732-b524-4908-85da-784d7ea2f65f] [Fri Aug  4 06:14:16 2023] [x3108c0s7b0n0] - Abort(538587535) (rank 15 in comm 0): Fatal error in PMPI_Waitany: Other MPI error, error stack:
PMPI_Waitany(277)..............: MPI_Waitany(count=31, req_array=0x14a93e0, index=0x7ffd87e0cecc, status=0x1) failed
PMPI_Waitany(245)..............: 
MPIDI_Progress_test(80)........: 
MPIDI_OFI_handle_cq_error(1059): OFI poll failed (ofi_events.c:1061:MPIDI_OFI_handle_cq_error:Input/output error - remote access error)

aborting job:
Fatal error in PMPI_Waitany: Other MPI error, error stack:
PMPI_Waitany(277)..............: MPI_Waitany(count=31, req_array=0x14a93e0, index=0x7ffd87e0cecc, status=0x1) failed
PMPI_Waitany(245)..............: 
MPIDI_Progress_test(80)........: 
MPIDI_OFI_handle_cq_error(1059): OFI poll failed (ofi_events.c:1061:MPIDI_OFI_handle_cq_error:Input/output error - remote access error)
MPICH ERROR [Rank 26] [job id 9fbc7732-b524-4908-85da-784d7ea2f65f] [Fri Aug  4 06:14:16 2023] [x3111c0s1b1n0] - Abort(404369807) (rank 26 in comm 0): Fatal error in PMPI_Waitany: Other MPI error, error stack:
PMPI_Waitany(277)..............: MPI_Waitany(count=31, req_array=0x14410f0, index=0x7ffd3a2e1b6c, status=0x1) failed
PMPI_Waitany(245)..............: 
MPIDI_Progress_test(80)........: 
MPIDI_OFI_handle_cq_error(1059): OFI poll failed (ofi_events.c:1061:MPIDI_OFI_handle_cq_error:Input/output error - remote access error)

aborting job:
Fatal error in PMPI_Waitany: Other MPI error, error stack:
PMPI_Waitany(277)..............: MPI_Waitany(count=31, req_array=0x14410f0, index=0x7ffd3a2e1b6c, status=0x1) failed
PMPI_Waitany(245)..............: 
MPIDI_Progress_test(80)........: 
MPIDI_OFI_handle_cq_error(1059): OFI poll failed (ofi_events.c:1061:MPIDI_OFI_handle_cq_error:Input/output error - remote access error)
MPICH ERROR [Rank 27] [job id 9fbc7732-b524-4908-85da-784d7ea2f65f] [Fri Aug  4 06:14:16 2023] [x3111c0s1b1n0] - Abort(605696399) (rank 27 in comm 0): Fatal error in PMPI_Waitany: Other MPI error, error stack:
PMPI_Waitany(277)..............: MPI_Waitany(count=31, req_array=0xb16c80, index=0x7ffcfe46519c, status=0x1) failed
PMPI_Waitany(245)..............: 
MPIDI_Progress_test(80)........: 
MPIDI_OFI_handle_cq_error(1059): OFI poll failed (ofi_events.c:1061:MPIDI_OFI_handle_cq_error:Input/output error - remote access error)

aborting job:
Fatal error in PMPI_Waitany: Other MPI error, error stack:
PMPI_Waitany(277)..............: MPI_Waitany(count=31, req_array=0xb16c80, index=0x7ffcfe46519c, status=0x1) failed
PMPI_Waitany(245)..............: 
MPIDI_Progress_test(80)........: 
MPIDI_OFI_handle_cq_error(1059): OFI poll failed (ofi_events.c:1061:MPIDI_OFI_handle_cq_error:Input/output error - remote access error)
MPICH ERROR [Rank 7] [job id 9fbc7732-b524-4908-85da-784d7ea2f65f] [Fri Aug  4 06:14:16 2023] [x3108c0s37b0n0] - Abort(203043215) (rank 7 in comm 0): Fatal error in PMPI_Waitany: Other MPI error, error stack:
PMPI_Waitany(277)..............: MPI_Waitany(count=31, req_array=0xe7ae30, index=0x7ffc802366dc, status=0x1) failed
PMPI_Waitany(245)..............: 
MPIDI_Progress_test(80)........: 
MPIDI_OFI_handle_cq_error(1059): OFI poll failed (ofi_events.c:1061:MPIDI_OFI_handle_cq_error:Input/output error - local protection error)

aborting job:
Fatal error in PMPI_Waitany: Other MPI error, error stack:
PMPI_Waitany(277)..............: MPI_Waitany(count=31, req_array=0xe7ae30, index=0x7ffc802366dc, status=0x1) failed
PMPI_Waitany(245)..............: 
MPIDI_Progress_test(80)........: 
MPIDI_OFI_handle_cq_error(1059): OFI poll failed (ofi_events.c:1061:MPIDI_OFI_handle_cq_error:Input/output error - local protection error)
MPICH ERROR [Rank 3] [job id 9fbc7732-b524-4908-85da-784d7ea2f65f] [Fri Aug  4 06:14:16 2023] [x3108c0s31b1n0] - Abort(539111823) (rank 3 in comm 0): Fatal error in PMPI_Waitany: Other MPI error, error stack:
PMPI_Waitany(277)..............: MPI_Waitany(count=31, req_array=0x1af0100, index=0x7ffebad29f4c, status=0x1) failed
PMPI_Waitany(245)..............: 
MPIR_Waitany_impl(97)..........: 
MPIDI_Progress_test(80)........: 
MPIDI_OFI_handle_cq_error(1059): OFI poll failed (ofi_events.c:1061:MPIDI_OFI_handle_cq_error:Input/output error - remote access error)

aborting job:
Fatal error in PMPI_Waitany: Other MPI error, error stack:
PMPI_Waitany(277)..............: MPI_Waitany(count=31, req_array=0x1af0100, index=0x7ffebad29f4c, status=0x1) failed
PMPI_Waitany(245)..............: 
MPIR_Waitany_impl(97)..........: 
MPIDI_Progress_test(80)........: 
MPIDI_OFI_handle_cq_error(1059): OFI poll failed (ofi_events.c:1061:MPIDI_OFI_handle_cq_error:Input/output error - remote access error)
MPICH ERROR [Rank 11] [job id 9fbc7732-b524-4908-85da-784d7ea2f65f] [Fri Aug  4 06:14:16 2023] [x3108c0s37b1n0] - Abort(136458639) (rank 11 in comm 0): Fatal error in PMPI_Waitany: Other MPI error, error stack:
PMPI_Waitany(277)..............: MPI_Waitany(count=31, req_array=0x2605e30, index=0x7ffc1e8713cc, status=0x1) failed
PMPI_Waitany(245)..............: 
MPIR_Waitany_impl(97)..........: 
MPIDI_Progress_test(80)........: 
MPIDI_OFI_handle_cq_error(1059): OFI poll failed (ofi_events.c:1061:MPIDI_OFI_handle_cq_error:Input/output error - remote access error)

aborting job:
Fatal error in PMPI_Waitany: Other MPI error, error stack:
PMPI_Waitany(277)..............: MPI_Waitany(count=31, req_array=0x2605e30, index=0x7ffc1e8713cc, status=0x1) failed
PMPI_Waitany(245)..............: 
MPIR_Waitany_impl(97)..........: 
MPIDI_Progress_test(80)........: 
MPIDI_OFI_handle_cq_error(1059): OFI poll failed (ofi_events.c:1061:MPIDI_OFI_handle_cq_error:Input/output error - remote access error)
x3111c0s1b0n0.hsn.cm.polaris.alcf.anl.gov: rank 20 exited with code 255
