“RANK= 28 LOCAL_RANK= 0 gpu= 3”
“RANK= 29 LOCAL_RANK= 1 gpu= 2”
“RANK= 30 LOCAL_RANK= 2 gpu= 1”
“RANK= 31 LOCAL_RANK= 3 gpu= 0”
+ '[' -z '' ']'
+ case "$-" in
+ __lmod_vx=x
Shell debugging temporarily silenced: export LMOD_SH_DBG_ON=1 for this output (/usr/share/lmod/lmod/init/bash)
+ '[' -n x ']'
+ set +x
+ '[' -z '' ']'
+ case "$-" in
+ __lmod_vx=x
“RANK= 13 LOCAL_RANK= 1 gpu= 2”
“RANK= 16 LOCAL_RANK= 0 gpu= 3”
+ '[' -z '' ']'
+ case "$-" in
+ __lmod_vx=x
+ '[' -n x ']'
+ set +x
“RANK= 12 LOCAL_RANK= 0 gpu= 3”
“RANK= 18 LOCAL_RANK= 2 gpu= 1”
Shell debugging temporarily silenced: export LMOD_SH_DBG_ON=1 for this output (/usr/share/lmod/lmod/init/bash)
“RANK= 14 LOCAL_RANK= 2 gpu= 1”
“RANK= 19 LOCAL_RANK= 3 gpu= 0”
+ '[' -z '' ']'
+ case "$-" in
+ __lmod_vx=x
+ '[' -n x ']'
+ set +x
“RANK= 15 LOCAL_RANK= 3 gpu= 0”
“RANK= 17 LOCAL_RANK= 1 gpu= 2”
Shell debugging temporarily silenced: export LMOD_SH_DBG_ON=1 for this output (/usr/share/lmod/lmod/init/bash)
+ '[' -n x ']'
+ set +x
Shell debugging temporarily silenced: export LMOD_SH_DBG_ON=1 for this output (/usr/share/lmod/lmod/init/bash)
Shell debugging restarted
+ unset __lmod_vx
Shell debugging restarted
+ unset __lmod_vx
Shell debugging restarted
+ unset __lmod_vx
Shell debugging restarted
+ unset __lmod_vx
“RANK= 9 LOCAL_RANK= 1 gpu= 2”
+ speed3d_r2c cufft double 256 256 256 -reorder -a2av -p2p_pl -r2c_dir 0 -ingrid 8 2 2 -outgrid 8 4 1 -n5
“RANK= 8 LOCAL_RANK= 0 gpu= 3”
+ speed3d_r2c cufft double 256 256 256 -reorder -a2av -p2p_pl -r2c_dir 0 -ingrid 8 2 2 -outgrid 8 4 1 -n5
+ speed3d_r2c cufft double 256 256 256 -reorder -a2av -p2p_pl -r2c_dir 0 -ingrid 8 2 2 -outgrid 8 4 1 -n5
+ speed3d_r2c cufft double 256 256 256 -reorder -a2av -p2p_pl -r2c_dir 0 -ingrid 8 2 2 -outgrid 8 4 1 -n5
“RANK= 10 LOCAL_RANK= 2 gpu= 1”
“RANK= 11 LOCAL_RANK= 3 gpu= 0”
+ '[' -z '' ']'
+ case "$-" in
Shell debugging temporarily silenced: export LMOD_SH_DBG_ON=1 for this output (/usr/share/lmod/lmod/init/bash)
+ __lmod_vx=x
+ '[' -n x ']'
+ set +x
+ '[' -z '' ']'
+ case "$-" in
+ '[' -z '' ']'
+ case "$-" in
Shell debugging temporarily silenced: export LMOD_SH_DBG_ON=1 for this output (/usr/share/lmod/lmod/init/bash)
Shell debugging temporarily silenced: export LMOD_SH_DBG_ON=1 for this output (/usr/share/lmod/lmod/init/bash)
+ __lmod_vx=x
+ '[' -n x ']'
+ set +x
+ '[' -z '' ']'
+ case "$-" in
+ __lmod_vx=x
+ '[' -n x ']'
+ set +x
+ '[' -z '' ']'
+ case "$-" in
+ __lmod_vx=x
+ '[' -n x ']'
+ set +x
+ __lmod_vx=x
+ '[' -n x ']'
+ set +x
+ '[' -z '' ']'
+ case "$-" in
+ __lmod_vx=x
+ '[' -n x ']'
+ set +x
Shell debugging restarted
+ unset __lmod_vx
Shell debugging temporarily silenced: export LMOD_SH_DBG_ON=1 for this output (/usr/share/lmod/lmod/init/bash)
Shell debugging temporarily silenced: export LMOD_SH_DBG_ON=1 for this output (/usr/share/lmod/lmod/init/bash)
Shell debugging restarted
+ unset __lmod_vx
+ '[' -z '' ']'
+ case "$-" in
+ __lmod_vx=x
+ '[' -n x ']'
+ set +x
Shell debugging temporarily silenced: export LMOD_SH_DBG_ON=1 for this output (/usr/share/lmod/lmod/init/bash)
Shell debugging temporarily silenced: export LMOD_SH_DBG_ON=1 for this output (/usr/share/lmod/lmod/init/bash)
Shell debugging temporarily silenced: export LMOD_SH_DBG_ON=1 for this output (/usr/share/lmod/lmod/init/bash)
+ '[' -z '' ']'
+ case "$-" in
+ __lmod_vx=x
+ '[' -n x ']'
+ set +x
Shell debugging restarted
Shell debugging restarted
+ unset __lmod_vx
Shell debugging restarted
+ unset __lmod_vx
+ speed3d_r2c cufft double 256 256 256 -reorder -a2av -p2p_pl -r2c_dir 0 -ingrid 8 2 2 -outgrid 8 4 1 -n5
Shell debugging restarted
+ speed3d_r2c cufft double 256 256 256 -reorder -a2av -p2p_pl -r2c_dir 0 -ingrid 8 2 2 -outgrid 8 4 1 -n5
+ speed3d_r2c cufft double 256 256 256 -reorder -a2av -p2p_pl -r2c_dir 0 -ingrid 8 2 2 -outgrid 8 4 1 -n5
Shell debugging restarted
+ unset __lmod_vx
+ unset __lmod_vx
+ speed3d_r2c cufft double 256 256 256 -reorder -a2av -p2p_pl -r2c_dir 0 -ingrid 8 2 2 -outgrid 8 4 1 -n5
Shell debugging restarted
+ unset __lmod_vx
+ speed3d_r2c cufft double 256 256 256 -reorder -a2av -p2p_pl -r2c_dir 0 -ingrid 8 2 2 -outgrid 8 4 1 -n5
+ speed3d_r2c cufft double 256 256 256 -reorder -a2av -p2p_pl -r2c_dir 0 -ingrid 8 2 2 -outgrid 8 4 1 -n5
+ '[' -z '' ']'
+ case "$-" in
+ speed3d_r2c cufft double 256 256 256 -reorder -a2av -p2p_pl -r2c_dir 0 -ingrid 8 2 2 -outgrid 8 4 1 -n5
+ unset __lmod_vx
+ speed3d_r2c cufft double 256 256 256 -reorder -a2av -p2p_pl -r2c_dir 0 -ingrid 8 2 2 -outgrid 8 4 1 -n5
+ '[' -z '' ']'
+ case "$-" in
+ __lmod_vx=x
“RANK= 0 LOCAL_RANK= 0 gpu= 3”
Shell debugging temporarily silenced: export LMOD_SH_DBG_ON=1 for this output (/usr/share/lmod/lmod/init/bash)
+ __lmod_vx=x
+ '[' -n x ']'
+ set +x
+ '[' -z '' ']'
+ case "$-" in
+ __lmod_vx=x
+ '[' -n x ']'
+ set +x
“RANK= 1 LOCAL_RANK= 1 gpu= 2”
Shell debugging temporarily silenced: export LMOD_SH_DBG_ON=1 for this output (/usr/share/lmod/lmod/init/bash)
“RANK= 2 LOCAL_RANK= 2 gpu= 1”
+ '[' -n x ']'
+ set +x
“RANK= 3 LOCAL_RANK= 3 gpu= 0”
Shell debugging temporarily silenced: export LMOD_SH_DBG_ON=1 for this output (/usr/share/lmod/lmod/init/bash)
+ '[' -z '' ']'
+ case "$-" in
+ __lmod_vx=x
+ '[' -n x ']'
+ set +x
Shell debugging temporarily silenced: export LMOD_SH_DBG_ON=1 for this output (/usr/share/lmod/lmod/init/bash)
Shell debugging restarted
+ unset __lmod_vx
Shell debugging restarted
+ unset __lmod_vx
Shell debugging restarted
+ unset __lmod_vx
Shell debugging restarted
+ unset __lmod_vx
+ speed3d_r2c cufft double 256 256 256 -reorder -a2av -p2p_pl -r2c_dir 0 -ingrid 8 2 2 -outgrid 8 4 1 -n5
+ speed3d_r2c cufft double 256 256 256 -reorder -a2av -p2p_pl -r2c_dir 0 -ingrid 8 2 2 -outgrid 8 4 1 -n5
+ speed3d_r2c cufft double 256 256 256 -reorder -a2av -p2p_pl -r2c_dir 0 -ingrid 8 2 2 -outgrid 8 4 1 -n5
+ speed3d_r2c cufft double 256 256 256 -reorder -a2av -p2p_pl -r2c_dir 0 -ingrid 8 2 2 -outgrid 8 4 1 -n5
+ '[' -z '' ']'
+ case "$-" in
“RANK= 5 LOCAL_RANK= 1 gpu= 2”
Shell debugging temporarily silenced: export LMOD_SH_DBG_ON=1 for this output (/usr/share/lmod/lmod/init/bash)
“RANK= 4 LOCAL_RANK= 0 gpu= 3”
“RANK= 25 LOCAL_RANK= 1 gpu= 2”
+ '[' -z '' ']'
+ case "$-" in
+ __lmod_vx=x
+ '[' -n x ']'
+ set +x
“RANK= 24 LOCAL_RANK= 0 gpu= 3”
Shell debugging temporarily silenced: export LMOD_SH_DBG_ON=1 for this output (/usr/share/lmod/lmod/init/bash)
+ __lmod_vx=x
+ '[' -n x ']'
+ set +x
“RANK= 26 LOCAL_RANK= 2 gpu= 1”
Shell debugging restarted
+ unset __lmod_vx
“RANK= 27 LOCAL_RANK= 3 gpu= 0”
Shell debugging temporarily silenced: export LMOD_SH_DBG_ON=1 for this output (/usr/share/lmod/lmod/init/bash)
“RANK= 6 LOCAL_RANK= 2 gpu= 1”
+ '[' -z '' ']'
+ case "$-" in
+ __lmod_vx=x
+ '[' -n x ']'
+ set +x
“RANK= 7 LOCAL_RANK= 3 gpu= 0”
Shell debugging temporarily silenced: export LMOD_SH_DBG_ON=1 for this output (/usr/share/lmod/lmod/init/bash)
+ '[' -z '' ']'
+ case "$-" in
+ __lmod_vx=x
+ '[' -n x ']'
+ set +x
Shell debugging restarted
+ unset __lmod_vx
Shell debugging restarted
+ unset __lmod_vx
Shell debugging restarted
+ unset __lmod_vx
+ speed3d_r2c cufft double 256 256 256 -reorder -a2av -p2p_pl -r2c_dir 0 -ingrid 8 2 2 -outgrid 8 4 1 -n5
+ speed3d_r2c cufft double 256 256 256 -reorder -a2av -p2p_pl -r2c_dir 0 -ingrid 8 2 2 -outgrid 8 4 1 -n5
+ speed3d_r2c cufft double 256 256 256 -reorder -a2av -p2p_pl -r2c_dir 0 -ingrid 8 2 2 -outgrid 8 4 1 -n5
+ speed3d_r2c cufft double 256 256 256 -reorder -a2av -p2p_pl -r2c_dir 0 -ingrid 8 2 2 -outgrid 8 4 1 -n5
+ '[' -z '' ']'
+ case "$-" in
+ __lmod_vx=x
+ '[' -z '' ']'
+ case "$-" in
+ __lmod_vx=x
+ '[' -n x ']'
+ set +x
+ '[' -z '' ']'
+ case "$-" in
+ '[' -z '' ']'
+ case "$-" in
+ __lmod_vx=x
+ '[' -n x ']'
+ set +x
Shell debugging temporarily silenced: export LMOD_SH_DBG_ON=1 for this output (/usr/share/lmod/lmod/init/bash)
+ '[' -z '' ']'
+ case "$-" in
+ __lmod_vx=x
+ '[' -n x ']'
+ set +x
+ __lmod_vx=x
+ '[' -n x ']'
+ set +x
Shell debugging temporarily silenced: export LMOD_SH_DBG_ON=1 for this output (/usr/share/lmod/lmod/init/bash)
Shell debugging temporarily silenced: export LMOD_SH_DBG_ON=1 for this output (/usr/share/lmod/lmod/init/bash)
+ '[' -n x ']'
+ set +x
+ '[' -z '' ']'
+ case "$-" in
+ __lmod_vx=x
+ '[' -n x ']'
+ set +x
Shell debugging temporarily silenced: export LMOD_SH_DBG_ON=1 for this output (/usr/share/lmod/lmod/init/bash)
Shell debugging restarted
+ unset __lmod_vx
Shell debugging temporarily silenced: export LMOD_SH_DBG_ON=1 for this output (/usr/share/lmod/lmod/init/bash)
Shell debugging temporarily silenced: export LMOD_SH_DBG_ON=1 for this output (/usr/share/lmod/lmod/init/bash)
Shell debugging temporarily silenced: export LMOD_SH_DBG_ON=1 for this output (/usr/share/lmod/lmod/init/bash)
+ '[' -z '' ']'
+ case "$-" in
+ __lmod_vx=x
+ '[' -n x ']'
+ set +x
Shell debugging restarted
+ unset __lmod_vx
Shell debugging temporarily silenced: export LMOD_SH_DBG_ON=1 for this output (/usr/share/lmod/lmod/init/bash)
Shell debugging restarted
+ unset __lmod_vx
+ '[' -z '' ']'
+ case "$-" in
+ __lmod_vx=x
+ '[' -n x ']'
+ set +x
Shell debugging restarted
+ unset __lmod_vx
Shell debugging restarted
Shell debugging restarted
+ unset __lmod_vx
+ unset __lmod_vx
+ speed3d_r2c cufft double 256 256 256 -reorder -a2av -p2p_pl -r2c_dir 0 -ingrid 8 2 2 -outgrid 8 4 1 -n5
Shell debugging restarted
+ unset __lmod_vx
+ speed3d_r2c cufft double 256 256 256 -reorder -a2av -p2p_pl -r2c_dir 0 -ingrid 8 2 2 -outgrid 8 4 1 -n5
Shell debugging restarted
+ unset __lmod_vx
+ speed3d_r2c cufft double 256 256 256 -reorder -a2av -p2p_pl -r2c_dir 0 -ingrid 8 2 2 -outgrid 8 4 1 -n5
+ speed3d_r2c cufft double 256 256 256 -reorder -a2av -p2p_pl -r2c_dir 0 -ingrid 8 2 2 -outgrid 8 4 1 -n5
+ speed3d_r2c cufft double 256 256 256 -reorder -a2av -p2p_pl -r2c_dir 0 -ingrid 8 2 2 -outgrid 8 4 1 -n5
+ speed3d_r2c cufft double 256 256 256 -reorder -a2av -p2p_pl -r2c_dir 0 -ingrid 8 2 2 -outgrid 8 4 1 -n5
+ speed3d_r2c cufft double 256 256 256 -reorder -a2av -p2p_pl -r2c_dir 0 -ingrid 8 2 2 -outgrid 8 4 1 -n5
+ speed3d_r2c cufft double 256 256 256 -reorder -a2av -p2p_pl -r2c_dir 0 -ingrid 8 2 2 -outgrid 8 4 1 -n5
“RANK= 20 LOCAL_RANK= 0 gpu= 3”
“RANK= 21 LOCAL_RANK= 1 gpu= 2”
“RANK= 22 LOCAL_RANK= 2 gpu= 1”
“RANK= 23 LOCAL_RANK= 3 gpu= 0”
+ '[' -z '' ']'
+ case "$-" in
+ __lmod_vx=x
+ '[' -z '' ']'
+ case "$-" in
+ __lmod_vx=x
+ '[' -n x ']'
+ set +x
+ '[' -z '' ']'
+ case "$-" in
+ __lmod_vx=x
+ '[' -n x ']'
+ set +x
Shell debugging temporarily silenced: export LMOD_SH_DBG_ON=1 for this output (/usr/share/lmod/lmod/init/bash)
+ '[' -n x ']'
+ set +x
Shell debugging temporarily silenced: export LMOD_SH_DBG_ON=1 for this output (/usr/share/lmod/lmod/init/bash)
+ '[' -z '' ']'
+ case "$-" in
+ __lmod_vx=x
+ '[' -n x ']'
+ set +x
Shell debugging restarted
+ unset __lmod_vx
Shell debugging temporarily silenced: export LMOD_SH_DBG_ON=1 for this output (/usr/share/lmod/lmod/init/bash)
Shell debugging restarted
+ unset __lmod_vx
Shell debugging temporarily silenced: export LMOD_SH_DBG_ON=1 for this output (/usr/share/lmod/lmod/init/bash)
Shell debugging restarted
+ unset __lmod_vx
Shell debugging restarted
+ unset __lmod_vx
+ speed3d_r2c cufft double 256 256 256 -reorder -a2av -p2p_pl -r2c_dir 0 -ingrid 8 2 2 -outgrid 8 4 1 -n5
+ speed3d_r2c cufft double 256 256 256 -reorder -a2av -p2p_pl -r2c_dir 0 -ingrid 8 2 2 -outgrid 8 4 1 -n5
+ speed3d_r2c cufft double 256 256 256 -reorder -a2av -p2p_pl -r2c_dir 0 -ingrid 8 2 2 -outgrid 8 4 1 -n5
+ speed3d_r2c cufft double 256 256 256 -reorder -a2av -p2p_pl -r2c_dir 0 -ingrid 8 2 2 -outgrid 8 4 1 -n5
MPICH ERROR [Rank 16] [job id 4c8348e5-3845-41f0-928b-d6ae477272e0] [Tue Jul 25 03:01:17 2023] [x3112c0s13b1n0] - Abort(539111823) (rank 16 in comm 0): Fatal error in PMPI_Waitany: Other MPI error, error stack:
PMPI_Waitany(277)..............: MPI_Waitany(count=7, req_array=0xb55dc0, index=0x7ffc20bbfac4, status=0x1) failed
PMPI_Waitany(245)..............: 
MPIR_Waitany_impl(97)..........: 
MPIDI_Progress_test(80)........: 
MPIDI_OFI_handle_cq_error(1059): OFI poll failed (ofi_events.c:1061:MPIDI_OFI_handle_cq_error:Input/output error - local protection error)

aborting job:
Fatal error in PMPI_Waitany: Other MPI error, error stack:
PMPI_Waitany(277)..............: MPI_Waitany(count=7, req_array=0xb55dc0, index=0x7ffc20bbfac4, status=0x1) failed
PMPI_Waitany(245)..............: 
MPIR_Waitany_impl(97)..........: 
MPIDI_Progress_test(80)........: 
MPIDI_OFI_handle_cq_error(1059): OFI poll failed (ofi_events.c:1061:MPIDI_OFI_handle_cq_error:Input/output error - local protection error)
MPICH ERROR [Rank 22] [job id 4c8348e5-3845-41f0-928b-d6ae477272e0] [Tue Jul 25 03:01:17 2023] [x3112c0s19b0n0] - Abort(874656143) (rank 22 in comm 0): Fatal error in PMPI_Waitany: Other MPI error, error stack:
PMPI_Waitany(277)..............: MPI_Waitany(count=8, req_array=0x8119b0, index=0x7ffd9264bc74, status=0x1) failed
PMPI_Waitany(245)..............: 
MPIR_Waitany_impl(97)..........: 
MPIDI_Progress_test(80)........: 
MPIDI_OFI_handle_cq_error(1059): OFI poll failed (ofi_events.c:1061:MPIDI_OFI_handle_cq_error:Input/output error - remote access error)

aborting job:
Fatal error in PMPI_Waitany: Other MPI error, error stack:
PMPI_Waitany(277)..............: MPI_Waitany(count=8, req_array=0x8119b0, index=0x7ffd9264bc74, status=0x1) failed
PMPI_Waitany(245)..............: 
MPIR_Waitany_impl(97)..........: 
MPIDI_Progress_test(80)........: 
MPIDI_OFI_handle_cq_error(1059): OFI poll failed (ofi_events.c:1061:MPIDI_OFI_handle_cq_error:Input/output error - remote access error)
MPICH ERROR [Rank 25] [job id 4c8348e5-3845-41f0-928b-d6ae477272e0] [Tue Jul 25 03:01:17 2023] [x3112c0s19b1n0] - Abort(68792079) (rank 25 in comm 0): Fatal error in PMPI_Isend: Other MPI error, error stack:
PMPI_Isend(161)...........: MPI_Isend(buf=0x14bf54200000, count=32768, dtype=0x4c001041, dest=16, tag=0, MPI_COMM_WORLD, request=0x1d536c0) failed
MPID_Isend(584)...........: 
MPIDI_isend_unsafe(136)...: 
MPIDI_OFI_send_normal(352): OFI tagged senddata failed (ofi_send.h:352:MPIDI_OFI_send_normal:No route to host)

aborting job:
Fatal error in PMPI_Isend: Other MPI error, error stack:
PMPI_Isend(161)...........: MPI_Isend(buf=0x14bf54200000, count=32768, dtype=0x4c001041, dest=16, tag=0, MPI_COMM_WORLD, request=0x1d536c0) failed
MPID_Isend(584)...........: 
MPIDI_isend_unsafe(136)...: 
MPIDI_OFI_send_normal(352): OFI tagged senddata failed (ofi_send.h:352:MPIDI_OFI_send_normal:No route to host)
x3112c0s13b1n0.hsn.cm.polaris.alcf.anl.gov: rank 16 exited with code 255
