time=1.2715 0/2 /pressio/roibin/background/pressio/zfp:metrics:copy_compressor_results <int32> = 1
/pressio/roibin/background/pressio/zfp:metrics:errors_fatal <int32> = 1
/pressio/roibin/background/pressio/zfp:pressio:abs <double> = <empty>
/pressio/roibin/background/pressio/zfp:pressio:lossless <int32> = <empty>
/pressio/roibin/background/pressio/zfp:pressio:metric <char*> = "noop"
/pressio/roibin/background/pressio/zfp:pressio:nthreads <uint32> = 0
/pressio/roibin/background/pressio/zfp:zfp:accuracy <double> = <empty>
/pressio/roibin/background/pressio/zfp:zfp:dims <uint32> = <empty>
/pressio/roibin/background/pressio/zfp:zfp:execution <int32> = 0
/pressio/roibin/background/pressio/zfp:zfp:execution_name <char*> = <empty>
/pressio/roibin/background/pressio/zfp:zfp:maxbits <uint32> = 16658
/pressio/roibin/background/pressio/zfp:zfp:maxprec <uint32> = 64
/pressio/roibin/background/pressio/zfp:zfp:metric <char*> = "noop"
/pressio/roibin/background/pressio/zfp:zfp:minbits <uint32> = 1
/pressio/roibin/background/pressio/zfp:zfp:minexp <int32> = 6
/pressio/roibin/background/pressio/zfp:zfp:mode <uint32> = <empty>
/pressio/roibin/background/pressio/zfp:zfp:omp_chunk_size <uint32> = 0
/pressio/roibin/background/pressio/zfp:zfp:omp_threads <uint32> = 0
/pressio/roibin/background/pressio/zfp:zfp:precision <uint32> = <empty>
/pressio/roibin/background/pressio/zfp:zfp:rate <double> = <empty>
/pressio/roibin/background/pressio/zfp:zfp:reversible <uint32> = <empty>
/pressio/roibin/background/pressio/zfp:zfp:type <uint32> = <empty>
/pressio/roibin/background/pressio/zfp:zfp:wra <int32> = <empty>
/pressio/roibin/background/pressio:metrics:copy_compressor_results <int32> = 1
/pressio/roibin/background/pressio:metrics:errors_fatal <int32> = 1
/pressio/roibin/background/pressio:pressio:abs <double> = 90
/pressio/roibin/background/pressio:pressio:bound_name <char*> = <empty>
/pressio/roibin/background/pressio:pressio:compressor <char*> = "zfp"
/pressio/roibin/background/pressio:pressio:metric <char*> = "noop"
/pressio/roibin/background/pressio:pressio:rel <double> = <empty>
/pressio/roibin/background/pressio:pressio:reset_mode <bool> = <empty>
/pressio/roibin/background:binning:compressor <char*> = "pressio"
/pressio/roibin/background:binning:metric <char*> = "noop"
/pressio/roibin/background:binning:nthreads <uint32> = 3
/pressio/roibin/background:binning:shape <data> = data{ type=double dims={3, } has_data=[2, 2, 1, ]}
/pressio/roibin/background:metrics:copy_compressor_results <int32> = 1
/pressio/roibin/background:metrics:errors_fatal <int32> = 1
/pressio/roibin/background:pressio:metric <char*> = "noop"
/pressio/roibin/background:pressio:nthreads <uint32> = 3
/pressio/roibin/roi:fpzip:has_header <int32> = 0
/pressio/roibin/roi:fpzip:metric <char*> = "noop"
/pressio/roibin/roi:fpzip:prec <int32> = 0
/pressio/roibin/roi:metrics:copy_compressor_results <int32> = 1
/pressio/roibin/roi:metrics:errors_fatal <int32> = 1
/pressio/roibin/roi:pressio:metric <char*> = "noop"
/pressio/roibin:metrics:copy_compressor_results <int32> = 1
/pressio/roibin:metrics:errors_fatal <int32> = 1
/pressio/roibin:pressio:metric <char*> = "noop"
/pressio/roibin:pressio:nthreads <uint32> = 3
/pressio/roibin:roibin:background <char*> = "binning"
/pressio/roibin:roibin:centers <data> = data{ type=uint64_t dims={} has_data=false}
/pressio/roibin:roibin:metric <char*> = "noop"
/pressio/roibin:roibin:nthreads <uint32> = 3
/pressio/roibin:roibin:roi <char*> = "fpzip"
/pressio/roibin:roibin:roi_size <data> = data{ type=double dims={3, } has_data=[8, 8, 0, ]}
/pressio/roibin:roibin:roi_strategy <char*> = "coordinates"
/pressio:metrics:copy_compressor_results <int32> = 1
/pressio:metrics:errors_fatal <int32> = 1
/pressio:pressio:bound_name <char*> = <empty>
/pressio:pressio:compressor <char*> = "roibin"
/pressio:pressio:metric <char*> = "noop"
/pressio:pressio:reset_mode <bool> = <empty>

time=1.27158 0/2 global data_dims{130, 1480, 1552}
time=1.27158 0/2 global peakx_dims{130, 2048}
time=1.27158 0/2 global peaky_dims{130, 2048}
time=1.27159 0/2 global npeaks{130}
time=1.27159 0/2 processing 0 2
time=3.75511 0/2 processing 2 4
time=5.66237 0/2 processing 4 6
time=7.73908 0/2 processing 6 8
time=9.71789 0/2 processing 8 10
time=11.9863 0/2 processing 10 12
time=14.0263 0/2 processing 12 14
time=16.2863 0/2 processing 14 16
time=18.252 0/2 processing 16 18
time=20.942 0/2 processing 18 20
time=23.7672 0/2 processing 20 22
time=26.5701 0/2 processing 22 24
time=28.8498 0/2 processing 24 26
time=30.8398 0/2 processing 26 28
time=32.7524 0/2 processing 28 30
time=35.37 0/2 processing 30 32
time=37.5503 0/2 processing 32 34
time=39.9698 0/2 processing 34 36
time=42.2626 0/2 processing 36 38
time=44.3947 0/2 processing 38 40
time=46.5103 0/2 processing 40 42
time=49.4022 0/2 processing 42 44
time=51.5182 0/2 processing 44 46
time=53.8909 0/2 processing 46 48
time=56.3164 0/2 processing 48 50
time=58.7264 0/2 processing 50 52
time=61.0575 0/2 processing 52 54
time=63.1779 0/2 processing 54 56
time=66.85 0/2 processing 56 58
time=69.2818 0/2 processing 58 60
time=72.1424 0/2 processing 60 62
time=74.6637 0/2 processing 62 64
time=77.254 0/2 processing 64 66
time=79.4383 0/2 processing 66 68
time=81.8066 0/2 processing 68 70
time=84.5552 0/2 processing 70 72
time=87.0361 0/2 processing 72 74
time=89.2223 0/2 processing 74 76
time=91.7742 0/2 processing 76 78
time=94.3459 0/2 processing 78 80
time=96.9073 0/2 processing 80 82
time=99.0827 0/2 processing 82 84
time=101.44 0/2 processing 84 86
time=103.595 0/2 processing 86 88
time=106.978 0/2 processing 88 90
time=109.8 0/2 processing 90 92
time=112.498 0/2 processing 92 94
time=114.737 0/2 processing 94 96
time=117.169 0/2 processing 96 98
time=119.511 0/2 processing 98 100
time=122.772 0/2 processing 100 102
time=125.425 0/2 processing 102 104
time=128.003 0/2 processing 104 106
time=130.611 0/2 processing 106 108
time=132.898 0/2 processing 108 110
time=135.671 0/2 processing 110 112
time=138.986 0/2 processing 112 114
time=143.743 0/2 processing 114 116
time=146.471 0/2 processing 116 118
time=149.262 0/2 processing 118 120
time=151.571 0/2 processing 120 122
time=154.342 0/2 processing 122 124
time=157.236 0/2 processing 124 126
time=159.746 0/2 processing 126 128
time=161.81 0/2 processing 128 130
global_cr=18.9537
wallclock_ms=163089
compress_ms=1151
compress_bandwidth_GBps=1.03772
wallclock_bandwidth_GBps=0.00732373
