.//tmp_files/241.sh: line 3: 228697 Segmentation fault      speed3d_r2c fftw double 64 64 64 -no-reorder -a2av -pencils -r2c_dir 1 -ingrid 8 8 8 -outgrid 512 1 1
.//tmp_files/241.sh: line 3: 237252 Segmentation fault      speed3d_r2c fftw double 64 64 64 -no-reorder -a2av -pencils -r2c_dir 1 -ingrid 8 8 8 -outgrid 512 1 1
.//tmp_files/241.sh: line 3: 237354 Segmentation fault      speed3d_r2c fftw double 64 64 64 -no-reorder -a2av -pencils -r2c_dir 1 -ingrid 8 8 8 -outgrid 512 1 1
.//tmp_files/241.sh: line 3: 237367 Segmentation fault      speed3d_r2c fftw double 64 64 64 -no-reorder -a2av -pencils -r2c_dir 1 -ingrid 8 8 8 -outgrid 512 1 1
[NID 00096] 2023-07-01 09:14:46 Apid 28412266: initiated application termination
.//tmp_files/241.sh: line 3: 237372 Segmentation fault      speed3d_r2c fftw double 64 64 64 -no-reorder -a2av -pencils -r2c_dir 1 -ingrid 8 8 8 -outgrid 512 1 1
.//tmp_files/241.sh: line 3: 237377 Segmentation fault      speed3d_r2c fftw double 64 64 64 -no-reorder -a2av -pencils -r2c_dir 1 -ingrid 8 8 8 -outgrid 512 1 1
.//tmp_files/241.sh: line 3: 240722 Segmentation fault      speed3d_r2c fftw double 64 64 64 -no-reorder -a2av -pencils -r2c_dir 1 -ingrid 8 8 8 -outgrid 512 1 1
.//tmp_files/241.sh: line 3: 237353 Segmentation fault      speed3d_r2c fftw double 64 64 64 -no-reorder -a2av -pencils -r2c_dir 1 -ingrid 8 8 8 -outgrid 512 1 1
.//tmp_files/241.sh: line 3: 248373 Segmentation fault      speed3d_r2c fftw double 64 64 64 -no-reorder -a2av -pencils -r2c_dir 1 -ingrid 8 8 8 -outgrid 512 1 1
.//tmp_files/241.sh: line 3: 248370 Segmentation fault      speed3d_r2c fftw double 64 64 64 -no-reorder -a2av -pencils -r2c_dir 1 -ingrid 8 8 8 -outgrid 512 1 1
.//tmp_files/241.sh: line 3: 237402 Segmentation fault      speed3d_r2c fftw double 64 64 64 -no-reorder -a2av -pencils -r2c_dir 1 -ingrid 8 8 8 -outgrid 512 1 1
.//tmp_files/241.sh: line 3: 237360 Segmentation fault      speed3d_r2c fftw double 64 64 64 -no-reorder -a2av -pencils -r2c_dir 1 -ingrid 8 8 8 -outgrid 512 1 1
.//tmp_files/241.sh: line 3: 237342 Segmentation fault      speed3d_r2c fftw double 64 64 64 -no-reorder -a2av -pencils -r2c_dir 1 -ingrid 8 8 8 -outgrid 512 1 1
.//tmp_files/241.sh: line 3: 237362 Segmentation fault      speed3d_r2c fftw double 64 64 64 -no-reorder -a2av -pencils -r2c_dir 1 -ingrid 8 8 8 -outgrid 512 1 1
.//tmp_files/241.sh: line 3: 237384 Segmentation fault      speed3d_r2c fftw double 64 64 64 -no-reorder -a2av -pencils -r2c_dir 1 -ingrid 8 8 8 -outgrid 512 1 1
.//tmp_files/241.sh: line 3: 237347 Segmentation fault      speed3d_r2c fftw double 64 64 64 -no-reorder -a2av -pencils -r2c_dir 1 -ingrid 8 8 8 -outgrid 512 1 1
.//tmp_files/241.sh: line 3: 228711 Segmentation fault      speed3d_r2c fftw double 64 64 64 -no-reorder -a2av -pencils -r2c_dir 1 -ingrid 8 8 8 -outgrid 512 1 1
.//tmp_files/241.sh: line 3: 228755 Segmentation fault      speed3d_r2c fftw double 64 64 64 -no-reorder -a2av -pencils -r2c_dir 1 -ingrid 8 8 8 -outgrid 512 1 1
.//tmp_files/241.sh: line 3: 237365 Segmentation fault      speed3d_r2c fftw double 64 64 64 -no-reorder -a2av -pencils -r2c_dir 1 -ingrid 8 8 8 -outgrid 512 1 1
.//tmp_files/241.sh: line 3: 237361 Segmentation fault      speed3d_r2c fftw double 64 64 64 -no-reorder -a2av -pencils -r2c_dir 1 -ingrid 8 8 8 -outgrid 512 1 1
.//tmp_files/241.sh: line 3: 237366 Segmentation fault      speed3d_r2c fftw double 64 64 64 -no-reorder -a2av -pencils -r2c_dir 1 -ingrid 8 8 8 -outgrid 512 1 1
.//tmp_files/241.sh: line 3: 237379 Segmentation fault      speed3d_r2c fftw double 64 64 64 -no-reorder -a2av -pencils -r2c_dir 1 -ingrid 8 8 8 -outgrid 512 1 1
.//tmp_files/241.sh: line 3: 237398 Segmentation fault      speed3d_r2c fftw double 64 64 64 -no-reorder -a2av -pencils -r2c_dir 1 -ingrid 8 8 8 -outgrid 512 1 1
.//tmp_files/241.sh: line 3: 237401 Segmentation fault      speed3d_r2c fftw double 64 64 64 -no-reorder -a2av -pencils -r2c_dir 1 -ingrid 8 8 8 -outgrid 512 1 1
.//tmp_files/241.sh: line 3: 237383 Segmentation fault      speed3d_r2c fftw double 64 64 64 -no-reorder -a2av -pencils -r2c_dir 1 -ingrid 8 8 8 -outgrid 512 1 1
.//tmp_files/241.sh: line 3: 237411 Segmentation fault      speed3d_r2c fftw double 64 64 64 -no-reorder -a2av -pencils -r2c_dir 1 -ingrid 8 8 8 -outgrid 512 1 1
.//tmp_files/241.sh: line 3: 237419 Segmentation fault      speed3d_r2c fftw double 64 64 64 -no-reorder -a2av -pencils -r2c_dir 1 -ingrid 8 8 8 -outgrid 512 1 1
.//tmp_files/241.sh: line 3: 237368 Segmentation fault      speed3d_r2c fftw double 64 64 64 -no-reorder -a2av -pencils -r2c_dir 1 -ingrid 8 8 8 -outgrid 512 1 1
.//tmp_files/241.sh: line 3: 237370 Segmentation fault      speed3d_r2c fftw double 64 64 64 -no-reorder -a2av -pencils -r2c_dir 1 -ingrid 8 8 8 -outgrid 512 1 1
.//tmp_files/241.sh: line 3: 237374 Segmentation fault      speed3d_r2c fftw double 64 64 64 -no-reorder -a2av -pencils -r2c_dir 1 -ingrid 8 8 8 -outgrid 512 1 1
.//tmp_files/241.sh: line 3: 237346 Segmentation fault      speed3d_r2c fftw double 64 64 64 -no-reorder -a2av -pencils -r2c_dir 1 -ingrid 8 8 8 -outgrid 512 1 1
.//tmp_files/241.sh: line 3: 237404 Segmentation fault      speed3d_r2c fftw double 64 64 64 -no-reorder -a2av -pencils -r2c_dir 1 -ingrid 8 8 8 -outgrid 512 1 1
.//tmp_files/241.sh: line 3: 237405 Segmentation fault      speed3d_r2c fftw double 64 64 64 -no-reorder -a2av -pencils -r2c_dir 1 -ingrid 8 8 8 -outgrid 512 1 1
.//tmp_files/241.sh: line 3: 237345 Segmentation fault      speed3d_r2c fftw double 64 64 64 -no-reorder -a2av -pencils -r2c_dir 1 -ingrid 8 8 8 -outgrid 512 1 1
.//tmp_files/241.sh: line 3: 237341 Segmentation fault      speed3d_r2c fftw double 64 64 64 -no-reorder -a2av -pencils -r2c_dir 1 -ingrid 8 8 8 -outgrid 512 1 1
.//tmp_files/241.sh: line 3: 237408 Segmentation fault      speed3d_r2c fftw double 64 64 64 -no-reorder -a2av -pencils -r2c_dir 1 -ingrid 8 8 8 -outgrid 512 1 1
.//tmp_files/241.sh: line 3: 237415 Segmentation fault      speed3d_r2c fftw double 64 64 64 -no-reorder -a2av -pencils -r2c_dir 1 -ingrid 8 8 8 -outgrid 512 1 1
.//tmp_files/241.sh: line 3: 237410 Segmentation fault      speed3d_r2c fftw double 64 64 64 -no-reorder -a2av -pencils -r2c_dir 1 -ingrid 8 8 8 -outgrid 512 1 1
.//tmp_files/241.sh: line 3: 237412 Segmentation fault      speed3d_r2c fftw double 64 64 64 -no-reorder -a2av -pencils -r2c_dir 1 -ingrid 8 8 8 -outgrid 512 1 1
.//tmp_files/241.sh: line 3: 237343 Segmentation fault      speed3d_r2c fftw double 64 64 64 -no-reorder -a2av -pencils -r2c_dir 1 -ingrid 8 8 8 -outgrid 512 1 1
.//tmp_files/241.sh: line 3: 237406 Segmentation fault      speed3d_r2c fftw double 64 64 64 -no-reorder -a2av -pencils -r2c_dir 1 -ingrid 8 8 8 -outgrid 512 1 1
.//tmp_files/241.sh: line 3: 237409 Segmentation fault      speed3d_r2c fftw double 64 64 64 -no-reorder -a2av -pencils -r2c_dir 1 -ingrid 8 8 8 -outgrid 512 1 1
.//tmp_files/241.sh: line 3: 237381 Segmentation fault      speed3d_r2c fftw double 64 64 64 -no-reorder -a2av -pencils -r2c_dir 1 -ingrid 8 8 8 -outgrid 512 1 1
.//tmp_files/241.sh: line 3: 237388 Segmentati.//tmp_files/241.sh: line 3: 228713 Segmentation fault      speed3d_r2c fftw double 64 64 64 -no-reorder -a2av -pencils -r2c_dir 1 -ingrid 8 8 8 -outgrid 512 1 1
.//tmp_files/241.sh: line 3: 228679 Segmentation fault      speed3d_r2c fftw double 64 64 64 -no-reorder -a2av -pencils -r2c_dir 1 -ingrid 8 8 8 -outgrid 512 1 1
on fault      speed3d_r2c fftw double 64 64 64 -no-reorder -a2av -pencils -r2c_dir 1 -ingrid 8 8 8 -outgrid 512 1 1
.//tmp_files/241.sh: line 3: 237386 Segmentation fault      speed3d_r2c fftw double 64 64 64 -no-reorder -a2av -pencils -r2c_dir 1 -ingrid 8 8 8 -outgrid 512 1 1
.//tmp_files/241.sh: line 3: 237417 Segmentation fault      speed3d_r2c fftw double 64 64 64 -no-reorder -a2av -pencils -r2c_dir 1 -ingrid 8 8 8 -outgrid 512 1 1
.//tmp_files/241.sh: line 3: 237357 Segmentation fault      speed3d_r2c fftw double 64 64 64 -no-reorder -a2av -pencils -r2c_dir 1 -ingrid 8 8 8 -outgrid 512 1 1
.//tmp_files/241.sh: line 3: 237349 Segmentation fault      speed3d_r2c fftw double 64 64 64 -no-reorder -a2av -pencils -r2c_dir 1 -ingrid 8 8 8 -outgrid 512 1 1
.//tmp_files/241.sh: line 3: 237359 Segmentation fault      speed3d_r2c fftw double 64 64 64 -no-reorder -a2av -pencils -r2c_dir 1 -ingrid 8 8 8 -outgrid 512 1 1
.//tmp_files/241.sh: line 3: 237364 Segmentation fault      speed3d_r2c fftw double 64 64 64 -no-reorder -a2av -pencils -r2c_dir 1 -ingrid 8 8 8 -outgrid 512 1 1
.//tmp_files/241.sh: line 3: 237371 Segmentation fault      speed3d_r2c fftw double 64 64 64 -no-reorder -a2av -pencils -r2c_dir 1 -ingrid 8 8 8 -outgrid 512 1 1
.//tmp_files/241.sh: line 3: 237375 Segmentation fault      speed3d_r2c fftw double 64 64 64 -no-reorder -a2av -pencils -r2c_dir 1 -ingrid 8 8 8 -outgrid 512 1 1
.//tmp_files/241.sh: line 3: 237399 Segmentation fault      speed3d_r2c fftw double 64 64 64 -no-reorder -a2av -pencils -r2c_dir 1 -ingrid 8 8 8 -outgrid 512 1 1
.//tmp_files/241.sh: line 3: 237414 Segmentation fault      speed3d_r2c fftw double 64 64 64 -no-reorder -a2av -pencils -r2c_dir 1 -ingrid 8 8 8 -outgrid 512 1 1
.//tmp_files/241.sh: line 3: 237416 Segmentation fault      speed3d_r2c fftw double 64 64 64 -no-reorder -a2av -pencils -r2c_dir 1 -ingrid 8 8 8 -outgrid 512 1 1
.//tmp_files/241.sh: line 3: 237340 Segmentation fault      speed3d_r2c fftw double 64 64 64 -no-reorder -a2av -pencils -r2c_dir 1 -ingrid 8 8 8 -outg.//tmp_files/241.sh: line 3: 239295 Segmentation fault      speed3d_r2c fftw double 64 64 64 -no-reorder -a2av -pencils -r2c_dir 1 -ingrid 8 8 8 -outgrid 512 1 1
.//tmp_files/241.sh: line 3: 248361 Segmentation fault      speed3d_r2c fftw double 64 64 64 -no-reorder -a2av -pencils -r2c_dir 1 -ingrid 8 8 8 -outgrid 512 1 1
.//tmp_files/241.sh: line 3: 248360 Segmentation fault      speed3d_r2c fftw double 64 64 64 -no-reorder -a2av -pencils -r2c_dir 1 -ingrid 8 8 8 -outgrid 512 1 1
rid 512 1 1
.//tmp_files/241.sh: line 3: 237356 Segmentation fault      speed3d_r2c fftw double 64 64 64 -no-reorder -a2av -pencils -r2c_dir 1 -ingrid 8 8 8 -outgrid 512 1 1
.//tmp_files/241.sh: line 3: 237392 Segmentation fault      speed3d_r2c fftw double 64 64 64 -no-reorder -a2av -pencils -r2c_dir 1 -ingrid 8 8 8 -outgrid 512 1 1
.//tmp_files/241.sh: line 3: 228677 Segmentation fault      speed3d_r2c fftw double 64 64 64 -no-reorder -a2av -pencils -r2c_dir 1 -ingrid 8 8 8 -outgrid 512 1 1
.//tmp_files/241.sh: line 3: 228689 Segmentation fault      speed3d_r2c fftw double 64 64 64 -no-reorder -a2av -pencils -r2c_dir 1 -ingrid 8 8 8 -outgrid 512 1 1
.//tmp_files/241.sh: line 3: 228678 Segmentation fault      speed3d_r2c fftw double 64 64 64 -no-reorder -a2av -pencils -r2c_dir 1 -ingrid 8 8 8 -outgrid 512 1 1
.//tmp_files/241.sh: line 3: 228687 Segmentation fault      speed3d_r2c fftw double 64 64 64 -no-reorder -a2av -pencils -r2c_dir 1 -ingrid 8 8 8 -outgrid 512 1 1
.//tmp_files/241.sh: line 3: 228691 Segmentation fault      speed3d_r2c fftw double 64 64 64 -no-reorder -a2av -pencils -r2c_dir 1 -ingrid 8 8 8 -outgrid 512 1 1
.//tmp_files/241.sh: line 3: 237390 Segmentation fault      speed3d_r2c fftw double 64 64 64 -no-reorder -a2av -pencils -r2c_dir 1 -ingrid 8 8 8 -outgrid 512 1 1
.//tmp_files/241.sh: line 3: 237380 Segmentation fault      speed3d_r2c fftw double 64 64 64 -no-reorder -a2av -pencils -r2c_dir 1 -ingrid 8 8 8 -outgrid 512 1 1
.//tmp_files/241.sh: line 3: 248354 Segmentation fault      speed3d_r2c fftw double 64 64 64 -no-reorder -a2av -pencils -r2c_dir 1 -ingrid 8 8 8 -outgrid 512 1 1
.//tmp_files/241.sh: line 3: 248365 Segmentation fault      speed3d_r2c fftw double 64 64 64 -no-reorder -a2av -pencils -r2c_dir 1 -ingrid 8 8 8 -outgrid 512 1 1
.//tmp_files/241.sh: line 3: 248384 Segmentation fault      speed3d_r2c fftw double 64 64 64 -no-reorder -a2av -pencils -r2c_dir 1 -ingrid 8 8 8 -outgrid 512 1 1
.//tmp_files/241.sh: line 3: 248356 Segmentation fault      speed3d_r2c fftw double 64 64 64 -no-reorder -a2av -pencils -r2c_dir 1 -ingrid 8 8 8 -outgrid 512 1 1
.//tmp_files/241.sh: line 3: 248387 Segmentation fault      speed3d_r2c fftw double 64 64 64 -no-reorder -a2av -pencils -r2c_dir 1 -ingrid 8 8 8 -outgrid 512 1 1
.//tmp_files/241.sh: line 3: 240776 Segmentation fault      speed3d_r2c fftw double 64 64 64 -no-reorder -a2av -pencils -r2c_dir 1 -ingrid 8 8 8 -outgrid 512 1 1
.//tmp_files/241.sh: line 3: 240755 Segmentation fault      speed3d_r2c fftw double 64 64 64 -no-reorder -a2av -pencils -r2c_dir 1 -ingrid 8 8 8 -outgrid 512 1 1
.//tmp_files/241.sh: line 3: 240765 Segmentation fault      speed3d_r2c fftw double 64 64 64 -no-reorder -a2av -pencils -r2c_dir 1 -ingrid 8 8 8 -outgrid 512 1 1
.//tmp_files/241.sh: line 3: 240771 Segmentation fault      speed3d_r2c fftw double 64 64 64 -no-reorder -a2av -pencils -r2c_dir 1 -ingrid 8 8 8 -outgrid 512 1 1
.//tmp_files/241.sh: line 3: 228744 Segmentation fault      speed3d_r2c fftw double 64 64 64 -no-reorder -a2av -pencils -r2c_dir 1 -ingrid 8 8 8 -outgrid 512 1 1
.//tmp_files/241.sh: line 3: 228717 Segmentation fault      speed3d_r2c fftw double 64 64 64 -no-reorder -a2av -pencils -r2c_dir 1 -ingrid 8 8 8 -outgrid 512 1 1
.//tmp_files/241.sh: line 3: 228675 Segmentation fault      speed3d_r2c fftw double 64 64 64 -no-reorder -a2av -pencils -r2c_dir 1 -ingrid 8 8 8 -outgrid 512 1 1
.//tmp_files/241.sh: line 3: 228699 Segmentation fault      speed3d_r2c fftw double 64 64 64 -no-reorder -a2av -pencils -r2c_dir 1 -ingrid 8 8 8 -outgrid 512 1 1
.//tmp_files/241.sh: line 3: 248427 Segmentation fault      speed3d_r2c fftw double 64 64 64 -no-reorder -a2av -pencils -r2c_dir 1 -ingrid 8 8 8 -outgrid 512 1 1
.//tmp_files/241.sh: line 3: 248426 Segmentation fault      speed3d_r2c fftw double 64 64 64 -no-reorder -a2av -pencils -r2c_dir 1 -ingrid 8 8 8 -outgrid 512 1 1
.//tmp_files/241.sh: line 3: 248382 Segmentation fault      speed3d_r2c fftw double 64 64 64 -no-reorder -a2av -pencils -r2c_dir 1 -ingrid 8 8 8 -outgrid 512 1 1
.//tmp_files/241.sh: line 3: 248394 Segmentation fault      speed3d_r2c fftw double 64 64 64 -no-reorder -a2av -pencils -r2c_dir 1 -ingrid 8 8 8 -outgrid 512 1 1
.//tmp_files/241.sh: line 3: 248372 Segmentation fault      speed3d_r2c fftw double 64 64 64 -no-reorder -a2av -pencils -r2c_dir 1 -ingrid 8 8 8 -outgrid 512 1 1
.//tmp_files/241.sh: line 3: 248368 Segmentation fault      speed3d_r2c fftw double 64 64 64 -no-reorder -a2av -pencils -r2c_dir 1 -ingrid 8 8 8 -outgrid 512 1 1
.//tmp_files/241.sh: line 3: 248380 Segmentation fault      speed3d_r2c fftw double 64 64 64 -no-reorder -a2av -pencils -r2c_dir 1 -ingrid 8 8 8 -outgrid 512 1 1
.//tmp_files/241.sh: line 3: 248420 Segmentation fault      speed3d_r2c fftw double 64 64 64 -no-reorder -a2av -pencils -r2c_dir 1 -ingrid 8 8 8 -outgrid 512 1 1
.//tmp_files/241.sh: line 3: 248425 Segmentation fault      speed3d_r2c fftw double 64 64 64 -no-reorder -a2av -pencils -r2c_dir 1 -ingrid 8 8 8 -outgrid 512 1 1
.//tmp_files/241.sh: line 3: 228686 Segmentation fault      speed3d_r2c fftw double 64 64 64 -no-reorder -a2av -pencils -r2c_dir 1 -ingrid 8 8 8 -outgrid 512 1 1
.//tmp_files/241.sh: line 3: 228709 Segmentation fault      speed3d_r2c fftw double 64 64 64 -no-reorder -a2av -pencils -r2c_dir 1 -ingrid 8 8 8 -outgrid 512 1 1
.//tmp_files/241.sh: line 3: 228685 Segmentation fault      speed3d_r2c fftw double 64 64 64 -no-reorder -a2av -pencils -r2c_dir 1 -ingrid 8 8 8 -outgrid 512 1 1
.//tmp_files/241.sh: line 3: 228707 Segmentation fault      speed3d_r2c fftw double 64 64 64 -no-reorder -a2av -pencils -r2c_dir 1 -ingrid 8 8 8 -outgrid 512 1 1
.//tmp_files/241.sh: line 3: 228690 Segmentation fault      speed3d_r2c fftw double 64 64 64 -no-reorder -a2av -pencils -r2c_dir 1 -ingrid 8 8 8 -outgrid 512 1 1
.//tmp_files/241.sh: line 3: 228683 Segmentation fault      speed3d_r2c fftw double 64 64 64 -no-reorder -a2av -pencils -r2c_dir 1 -ingrid 8 8 8 -outgrid 512 1 1
.//tmp_files/241.sh: line 3: 228698 Segmentation fault      speed3d_r2c fftw double 64 64 64 -no-reorder -a2av -pencils -r2c_dir 1 -ingrid 8 8 8 -outgrid 512 1 1
.//tmp_files/241.sh: line 3: 228676 Segmentation fault      speed3d_r2c fftw double 64 64 64 -no-reorder -a2av -pencils -r2c_dir 1 -ingrid 8 8 8 -outgrid 512 1 1
.//tmp_files/241.sh: line 3: 228682 Segmentation fault      speed3d_r2c fftw double 64 64 64 -no-reorder -a2av -pencils -r2c_dir 1 -ingrid 8 8 8 -outgrid 512 1 1
.//tmp_files/241.sh: line 3: 228674 Segmentation fault      speed3d_r2c fftw double 64 64 64 -no-reorder -a2av -pencils -r2c_dir 1 -ingrid 8 8 8 -outgrid 512 1 1
.//tmp_files/241.sh: line 3: 228754 Segmentation fault      speed3d_r2c fftw double 64 64 64 -no-reorder -a2av -pencils -r2c_dir 1 -ingrid 8 8 8 -outgrid 512 1 1
.//tmp_files/241.sh: line 3: 228748 Segmentation fault      speed3d_r2c fftw double 64 64 64 -no-reorder -a2av -pencils -r2c_dir 1 -ingrid 8 8 8 -outgrid 512 1 1
.//tmp_files/241.sh: line 3: 228743 Segmentation fault      speed3d_r2c fftw double 64 64 64 -no-reorder -a2av -pencils -r2c_dir 1 -ingrid 8 8 8 -outgrid 512 1 1
.//tmp_files/241.sh: line 3: 228728 Segmentation fault      speed3d_r2c fftw double 64 64 64 -no-reorder -a2av -pencils -r2c_dir 1 -ingrid 8 8 8 -outgrid 512 1 1
.//tmp_files/241.sh: line 3: 228750 Segmentation fault      speed3d_r2c fftw double 64 64 64 -no-reorder -a2av -pencils -r2c_dir 1 -ingrid 8 8 8 -outgrid 512 1 1
.//tmp_files/241.sh: line 3: 228729 Segmentation fault      speed3d_r2c fftw double 64 64 64 -no-reorder -a2av -pencils -r2c_dir 1 -ingrid 8 8 8 -outgrid 512 1 1
.//tmp_files/241.sh: line 3: 228730 Segmentation fault      speed3d_r2c fftw double 64 64 64 -no-reorder -a2av -pencils -r2c_dir 1 -ingrid 8 8 8 -outgrid 512 1 1
.//tmp_files/241.sh: line 3: 228758 Segmentation fault      speed3d_r2c fftw double 64 64 64 -no-reorder -a2av -pencils -r2c_dir 1 -ingrid 8 8 8 -outgrid 512 1 1
.//tmp_files/241.sh: line 3: 228688 Segmentation fault      speed3d_r2c fftw double 64 64 64 -no-reorder -a2av -pencils -r2c_dir 1 -ingrid 8 8 8 -outgrid 512 1 1
.//tmp_files/241.sh: line 3: 228702 Segmentation fault      speed3d_r2c fftw double 64 64 64 -no-reorder -a2av -pencils -r2c_dir 1 -ingrid 8 8 8 -outgrid 512 1 1
.//tmp_files/241.sh: line 3: 228694 Segmentation fault      speed3d_r2c fftw double 64 64 64 -no-reorder -a2av -pencils -r2c_dir 1 -ingrid 8 8 8 -outgrid 512 1 1
.//tmp_files/241.sh: line 3: 228706 Segmentation fault      speed3d_r2c fftw double 64 64 64 -no-reorder -a2av -pencils -r2c_dir 1 -ingrid 8 8 8 -outgrid 512 1 1
.//tmp_files/241.sh: line 3: 228703 Segmentation fault      speed3d_r2c fftw double 64 64 64 -no-reorder -a2av -pencils -r2c_dir 1 -ingrid 8 8 8 -outgrid 512 1 1
.//tmp_files/241.sh: line 3: 228721 Segmentation fault      speed3d_r2c fftw double 64 64 64 -no-reorder -a2av -pencils -r2c_dir 1 -ingrid 8 8 8 -outgrid 512 1 1
.//tmp_files/241.sh: line 3: 228722 Segmentation fault      speed3d_r2c fftw double 64 64 64 -no-reorder -a2av -pencils -r2c_dir 1 -ingrid 8 8 8 -outgrid 512 1 1
.//tmp_files/241.sh: line 3: 228745 Segmentation fault      speed3d_r2c fftw double 64 64 64 -no-reorder -a2av -pencils -r2c_dir 1 -ingrid 8 8 8 -outgrid 512 1 1
.//tmp_files/241.sh: line 3: 228751 Segmentation fault      speed3d_r2c fftw double 64 64 64 -no-reorder -a2av -pencils -r2c_dir 1 -ingrid 8 8 8 -outgrid 512 1 1
.//tmp_files/241.sh: line 3: 228681 Segmentation fault      speed3d_r2c fftw double 64 64 64 -no-reorder -a2av -pencils -r2c_dir 1 -ingrid 8 8 8 -outgrid 512 1 1
.//tmp_files/241.sh: line 3: 228684 Segmentation fault      speed3d_r2c fftw double 64 64 64 -no-reorder -a2av -pencils -r2c_dir 1 -ingrid 8 8 8 -outgrid 512 1 1
.//tmp_files/241.sh: line 3: 228696 Segmentation fault      speed3d_r2c fftw double 64 64 64 -no-reorder -a2av -pencils -r2c_dir 1 -ingrid 8 8 8 -outgrid 512 1 1
.//tmp_files/241.sh: line 3: 228756 Segmentation fault      speed3d_r2c fftw double 64 64 64 -no-reorder -a2av -pencils -r2c_dir 1 -ingrid 8 8 8 -outgrid 512 1 1
.//tmp_files/241.sh: line 3: 228757 Segmentation fault      speed3d_r2c fftw double 64 64 64 -no-reorder -a2av -pencils -r2c_dir 1 -ingrid 8 8 8 -outgrid 512 1 1
.//tmp_files/241.sh: line 3: 228739 Segmentation fault      speed3d_r2c fftw double 64 64 64 -no-reorder -a2av -pencils -r2c_dir 1 -ingrid 8 8 8 -outgrid 512 1 1
.//tmp_files/241.sh: line 3: 228752 Segmentation fault      speed3d_r2c fftw double 64 64 64 -no-reorder -a2av -pencils -r2c_dir 1 -ingrid 8 8 8 -outgrid 512 1 1
.//tmp_files/241.sh: line 3: 228680 Segmentation fault      speed3d_r2c fftw double 64 64 64 -no-reorder -a2av -pencils -r2c_dir 1 -ingrid 8 8 8 -outgrid 512 1 1
.//tmp_files/241.sh: line 3: 228693 Segmentation fault      speed3d_r2c fftw double 64 64 64 -no-reorder -a2av -pencils -r2c_dir 1 -ingrid 8 8 8 -outgrid 512 1 1
.//tmp_files/241.sh: line 3: 228715 Segmentation fault      speed3d_r2c fftw double 64 64 64 -no-reorder -a2av -pencils -r2c_dir 1 -ingrid 8 8 8 -outgrid 512 1 1
.//tmp_files/241.sh: line 3: 228700 Segmentation fault      speed3d_r2c fftw double 64 64 64 -no-reorder -a2av -pencils -r2c_dir 1 -ingrid 8 8 8 -outgrid 512 1 1
.//tmp_files/241.sh: line 3: 228741 Segmentation fault      speed3d_r2c fftw double 64 64 64 -no-reorder -a2av -pencils -r2c_dir 1 -ingrid 8 8 8 -outgrid 512 1 1
.//tmp_files/241.sh: line 3: 228747 Segmentation fault      speed3d_r2c fftw double 64 64 64 -no-reorder -a2av -pencils -r2c_dir 1 -ingrid 8 8 8 -outgrid 512 1 1
.//tmp_files/241.sh: line 3: 228742 Segmentation fault      speed3d_r2c fftw double 64 64 64 -no-reorder -a2av -pencils -r2c_dir 1 -ingrid 8 8 8 -outgrid 512 1 1
.//tmp_files/241.sh: line 3: 228710 Segmentation fault      speed3d_r2c fftw double 64 64 64 -no-reorder -a2av -pencils -r2c_dir 1 -ingrid 8 8 8 -outgrid 512 1 1
Application 28412266 exit codes: 139
Application 28412266 exit signals: Killed
Application 28412266 resources: utime ~76s, stime ~51s, Rss ~49580, inblocks ~199258, outblocks ~0
