time=0.667673 0/2 /pressio/roibin/background/pressio/qoz:metrics:copy_compressor_results <int32> = 1
/pressio/roibin/background/pressio/qoz:metrics:errors_fatal <int32> = 1
/pressio/roibin/background/pressio/qoz:pressio:abs <double> = 90
/pressio/roibin/background/pressio/qoz:pressio:metric <char*> = "noop"
/pressio/roibin/background/pressio/qoz:pressio:rel <double> = <empty>
/pressio/roibin/background/pressio/qoz:qoz:abs_error_bound <double> = 90
/pressio/roibin/background/pressio/qoz:qoz:algorithm <uint8> = 1
/pressio/roibin/background/pressio/qoz:qoz:algorithm_str <char*> = <empty>
/pressio/roibin/background/pressio/qoz:qoz:encoder <uint8> = 1
/pressio/roibin/background/pressio/qoz:qoz:error_bound_mode <uint8> = 0
/pressio/roibin/background/pressio/qoz:qoz:error_bound_mode_str <char*> = <empty>
/pressio/roibin/background/pressio/qoz:qoz:interp_algo <uint8> = 1
/pressio/roibin/background/pressio/qoz:qoz:interp_block_size <int32> = 32
/pressio/roibin/background/pressio/qoz:qoz:interp_direction <uint8> = 0
/pressio/roibin/background/pressio/qoz:qoz:intrep_algo_str <char*> = <empty>
/pressio/roibin/background/pressio/qoz:qoz:l2_norm_error_bound <double> = 0
/pressio/roibin/background/pressio/qoz:qoz:lorenzo <bool> = true
/pressio/roibin/background/pressio/qoz:qoz:lorenzo2 <bool> = false
/pressio/roibin/background/pressio/qoz:qoz:lossless <uint8> = 1
/pressio/roibin/background/pressio/qoz:qoz:maxstep <uint64> = 8
/pressio/roibin/background/pressio/qoz:qoz:metric <char*> = "noop"
/pressio/roibin/background/pressio/qoz:qoz:openmp <bool> = false
/pressio/roibin/background/pressio/qoz:qoz:pred_dim <int32> = 0
/pressio/roibin/background/pressio/qoz:qoz:psnr_error_bound <double> = 0
/pressio/roibin/background/pressio/qoz:qoz:quant_bin_size <int32> = 65536
/pressio/roibin/background/pressio/qoz:qoz:regression <bool> = true
/pressio/roibin/background/pressio/qoz:qoz:regression2 <bool> = false
/pressio/roibin/background/pressio/qoz:qoz:rel_error_bound <double> = -1
/pressio/roibin/background/pressio/qoz:qoz:stride <int32> = 6
/pressio/roibin/background/pressio/qoz:qoz:test_lorenzo <int32> = 0
/pressio/roibin/background/pressio/qoz:qoz:turning_target <uint8> = 0
/pressio/roibin/background/pressio/qoz:qoz:turning_target_str <char*> = <empty>
/pressio/roibin/background/pressio/qoz:qoz:use_qoz <bool> = true
/pressio/roibin/background/pressio:metrics:copy_compressor_results <int32> = 1
/pressio/roibin/background/pressio:metrics:errors_fatal <int32> = 1
/pressio/roibin/background/pressio:pressio:abs <double> = 90
/pressio/roibin/background/pressio:pressio:bound_name <char*> = <empty>
/pressio/roibin/background/pressio:pressio:compressor <char*> = "qoz"
/pressio/roibin/background/pressio:pressio:metric <char*> = "noop"
/pressio/roibin/background/pressio:pressio:rel <double> = <empty>
/pressio/roibin/background/pressio:pressio:reset_mode <bool> = <empty>
/pressio/roibin/background:binning:compressor <char*> = "pressio"
/pressio/roibin/background:binning:metric <char*> = "noop"
/pressio/roibin/background:binning:nthreads <uint32> = 4
/pressio/roibin/background:binning:shape <data> = data{ type=double dims={3, } has_data=[2, 2, 1, ]}
/pressio/roibin/background:metrics:copy_compressor_results <int32> = 1
/pressio/roibin/background:metrics:errors_fatal <int32> = 1
/pressio/roibin/background:pressio:metric <char*> = "noop"
/pressio/roibin/background:pressio:nthreads <uint32> = 4
/pressio/roibin/roi:fpzip:has_header <int32> = 0
/pressio/roibin/roi:fpzip:metric <char*> = "noop"
/pressio/roibin/roi:fpzip:prec <int32> = 0
/pressio/roibin/roi:metrics:copy_compressor_results <int32> = 1
/pressio/roibin/roi:metrics:errors_fatal <int32> = 1
/pressio/roibin/roi:pressio:metric <char*> = "noop"
/pressio/roibin:metrics:copy_compressor_results <int32> = 1
/pressio/roibin:metrics:errors_fatal <int32> = 1
/pressio/roibin:pressio:metric <char*> = "noop"
/pressio/roibin:pressio:nthreads <uint32> = 1
/pressio/roibin:roibin:background <char*> = "binning"
/pressio/roibin:roibin:centers <data> = data{ type=uint64_t dims={} has_data=false}
/pressio/roibin:roibin:metric <char*> = "noop"
/pressio/roibin:roibin:nthreads <uint32> = 1
/pressio/roibin:roibin:roi <char*> = "fpzip"
/pressio/roibin:roibin:roi_size <data> = data{ type=double dims={3, } has_data=[8, 8, 0, ]}
/pressio/roibin:roibin:roi_strategy <char*> = "coordinates"
/pressio:metrics:copy_compressor_results <int32> = 1
/pressio:metrics:errors_fatal <int32> = 1
/pressio:pressio:bound_name <char*> = <empty>
/pressio:pressio:compressor <char*> = "roibin"
/pressio:pressio:metric <char*> = "noop"
/pressio:pressio:reset_mode <bool> = <empty>

time=0.66775 0/2 global data_dims{130, 1480, 1552}
time=0.667755 0/2 global peakx_dims{130, 2048}
time=0.667757 0/2 global peaky_dims{130, 2048}
time=0.66776 0/2 global npeaks{130}
time=0.667764 0/2 processing 0 2
time=3.3161 0/2 processing 2 4
time=5.61838 0/2 processing 4 6
time=7.50678 0/2 processing 6 8
time=9.92223 0/2 processing 8 10
time=11.4398 0/2 processing 10 12
time=13.8987 0/2 processing 12 14
time=16.4198 0/2 processing 14 16
time=18.5534 0/2 processing 16 18
time=20.8648 0/2 processing 18 20
time=22.8968 0/2 processing 20 22
time=25.033 0/2 processing 22 24
time=27.2784 0/2 processing 24 26
time=28.9724 0/2 processing 26 28
time=31.0384 0/2 processing 28 30
time=33.2922 0/2 processing 30 32
time=35.3604 0/2 processing 32 34
time=37.4921 0/2 processing 34 36
time=39.2331 0/2 processing 36 38
time=41.4989 0/2 processing 38 40
time=43.0491 0/2 processing 40 42
time=45.4218 0/2 processing 42 44
time=47.4921 0/2 processing 44 46
time=49.6076 0/2 processing 46 48
time=50.7503 0/2 processing 48 50
time=53.2676 0/2 processing 50 52
time=54.5406 0/2 processing 52 54
time=56.5242 0/2 processing 54 56
time=58.3113 0/2 processing 56 58
time=60.3974 0/2 processing 58 60
time=62.4862 0/2 processing 60 62
time=64.4126 0/2 processing 62 64
time=66.9738 0/2 processing 64 66
time=68.8029 0/2 processing 66 68
time=71.3304 0/2 processing 68 70
time=72.58 0/2 processing 70 72
time=74.5498 0/2 processing 72 74
time=76.5573 0/2 processing 74 76
time=78.7476 0/2 processing 76 78
time=80.8112 0/2 processing 78 80
time=82.829 0/2 processing 80 82
time=84.7706 0/2 processing 82 84
time=87.2574 0/2 processing 84 86
time=89.4629 0/2 processing 86 88
time=91.3704 0/2 processing 88 90
time=93.377 0/2 processing 90 92
time=95.9076 0/2 processing 92 94
time=97.744 0/2 processing 94 96
time=99.9888 0/2 processing 96 98
time=102.303 0/2 processing 98 100
time=104.884 0/2 processing 100 102
time=107.706 0/2 processing 102 104
time=109.864 0/2 processing 104 106
time=111.972 0/2 processing 106 108
time=114.351 0/2 processing 108 110
time=116.849 0/2 processing 110 112
time=119.355 0/2 processing 112 114
time=122.453 0/2 processing 114 116
time=125.091 0/2 processing 116 118
time=127.613 0/2 processing 118 120
time=130.166 0/2 processing 120 122
time=132.457 0/2 processing 122 124
time=135.076 0/2 processing 124 126
time=137.703 0/2 processing 126 128
time=139.923 0/2 processing 128 130
global_cr=46.8483
wallclock_ms=142761
compress_ms=17098
compress_bandwidth_GBps=0.0698572
wallclock_bandwidth_GBps=0.00836657
