time=0.287644 0/2 /pressio/roibin/background/pressio/qoz:metrics:copy_compressor_results <int32> = 1
/pressio/roibin/background/pressio/qoz:metrics:errors_fatal <int32> = 1
/pressio/roibin/background/pressio/qoz:pressio:abs <double> = 90
/pressio/roibin/background/pressio/qoz:pressio:metric <char*> = "noop"
/pressio/roibin/background/pressio/qoz:pressio:rel <double> = <empty>
/pressio/roibin/background/pressio/qoz:qoz:abs_error_bound <double> = 90
/pressio/roibin/background/pressio/qoz:qoz:algorithm <uint8> = 1
/pressio/roibin/background/pressio/qoz:qoz:algorithm_str <char*> = <empty>
/pressio/roibin/background/pressio/qoz:qoz:encoder <uint8> = 1
/pressio/roibin/background/pressio/qoz:qoz:error_bound_mode <uint8> = 0
/pressio/roibin/background/pressio/qoz:qoz:error_bound_mode_str <char*> = <empty>
/pressio/roibin/background/pressio/qoz:qoz:interp_algo <uint8> = 1
/pressio/roibin/background/pressio/qoz:qoz:interp_block_size <int32> = 32
/pressio/roibin/background/pressio/qoz:qoz:interp_direction <uint8> = 0
/pressio/roibin/background/pressio/qoz:qoz:intrep_algo_str <char*> = <empty>
/pressio/roibin/background/pressio/qoz:qoz:l2_norm_error_bound <double> = 0
/pressio/roibin/background/pressio/qoz:qoz:lorenzo <bool> = true
/pressio/roibin/background/pressio/qoz:qoz:lorenzo2 <bool> = false
/pressio/roibin/background/pressio/qoz:qoz:lossless <uint8> = 1
/pressio/roibin/background/pressio/qoz:qoz:maxstep <uint64> = 8
/pressio/roibin/background/pressio/qoz:qoz:metric <char*> = "noop"
/pressio/roibin/background/pressio/qoz:qoz:openmp <bool> = false
/pressio/roibin/background/pressio/qoz:qoz:pred_dim <int32> = 0
/pressio/roibin/background/pressio/qoz:qoz:psnr_error_bound <double> = 0
/pressio/roibin/background/pressio/qoz:qoz:quant_bin_size <int32> = 65536
/pressio/roibin/background/pressio/qoz:qoz:regression <bool> = true
/pressio/roibin/background/pressio/qoz:qoz:regression2 <bool> = false
/pressio/roibin/background/pressio/qoz:qoz:rel_error_bound <double> = -1
/pressio/roibin/background/pressio/qoz:qoz:stride <int32> = 6
/pressio/roibin/background/pressio/qoz:qoz:test_lorenzo <int32> = 0
/pressio/roibin/background/pressio/qoz:qoz:turning_target <uint8> = 0
/pressio/roibin/background/pressio/qoz:qoz:turning_target_str <char*> = <empty>
/pressio/roibin/background/pressio/qoz:qoz:use_qoz <bool> = true
/pressio/roibin/background/pressio:metrics:copy_compressor_results <int32> = 1
/pressio/roibin/background/pressio:metrics:errors_fatal <int32> = 1
/pressio/roibin/background/pressio:pressio:abs <double> = 90
/pressio/roibin/background/pressio:pressio:bound_name <char*> = <empty>
/pressio/roibin/background/pressio:pressio:compressor <char*> = "qoz"
/pressio/roibin/background/pressio:pressio:metric <char*> = "noop"
/pressio/roibin/background/pressio:pressio:rel <double> = <empty>
/pressio/roibin/background/pressio:pressio:reset_mode <bool> = <empty>
/pressio/roibin/background:binning:compressor <char*> = "pressio"
/pressio/roibin/background:binning:metric <char*> = "noop"
/pressio/roibin/background:binning:nthreads <uint32> = 4
/pressio/roibin/background:binning:shape <data> = data{ type=double dims={3, } has_data=[2, 2, 1, ]}
/pressio/roibin/background:metrics:copy_compressor_results <int32> = 1
/pressio/roibin/background:metrics:errors_fatal <int32> = 1
/pressio/roibin/background:pressio:metric <char*> = "noop"
/pressio/roibin/background:pressio:nthreads <uint32> = 4
/pressio/roibin/roi:fpzip:has_header <int32> = 0
/pressio/roibin/roi:fpzip:metric <char*> = "noop"
/pressio/roibin/roi:fpzip:prec <int32> = 0
/pressio/roibin/roi:metrics:copy_compressor_results <int32> = 1
/pressio/roibin/roi:metrics:errors_fatal <int32> = 1
/pressio/roibin/roi:pressio:metric <char*> = "noop"
/pressio/roibin:metrics:copy_compressor_results <int32> = 1
/pressio/roibin:metrics:errors_fatal <int32> = 1
/pressio/roibin:pressio:metric <char*> = "noop"
/pressio/roibin:pressio:nthreads <uint32> = 1
/pressio/roibin:roibin:background <char*> = "binning"
/pressio/roibin:roibin:centers <data> = data{ type=uint64_t dims={} has_data=false}
/pressio/roibin:roibin:metric <char*> = "noop"
/pressio/roibin:roibin:nthreads <uint32> = 1
/pressio/roibin:roibin:roi <char*> = "fpzip"
/pressio/roibin:roibin:roi_size <data> = data{ type=double dims={3, } has_data=[8, 8, 0, ]}
/pressio/roibin:roibin:roi_strategy <char*> = "coordinates"
/pressio:metrics:copy_compressor_results <int32> = 1
/pressio:metrics:errors_fatal <int32> = 1
/pressio:pressio:bound_name <char*> = <empty>
/pressio:pressio:compressor <char*> = "roibin"
/pressio:pressio:metric <char*> = "noop"
/pressio:pressio:reset_mode <bool> = <empty>

time=0.287714 0/2 global data_dims{130, 1480, 1552}
time=0.287718 0/2 global peakx_dims{130, 2048}
time=0.287721 0/2 global peaky_dims{130, 2048}
time=0.287723 0/2 global npeaks{130}
time=0.287728 0/2 processing 0 2
time=1.20597 0/2 processing 2 4
time=2.12633 0/2 processing 4 6
time=3.72393 0/2 processing 6 8
time=4.68308 0/2 processing 8 10
time=5.82784 0/2 processing 10 12
time=6.88495 0/2 processing 12 14
time=7.97158 0/2 processing 14 16
time=9.1302 0/2 processing 16 18
time=10.7025 0/2 processing 18 20
time=11.7929 0/2 processing 20 22
time=13.1122 0/2 processing 22 24
time=14.3187 0/2 processing 24 26
time=15.2859 0/2 processing 26 28
time=16.5414 0/2 processing 28 30
time=17.6209 0/2 processing 30 32
time=18.5111 0/2 processing 32 34
time=19.3639 0/2 processing 34 36
time=20.3351 0/2 processing 36 38
time=21.403 0/2 processing 38 40
time=22.5306 0/2 processing 40 42
time=23.5108 0/2 processing 42 44
time=24.5843 0/2 processing 44 46
time=25.6285 0/2 processing 46 48
time=26.6978 0/2 processing 48 50
time=27.3682 0/2 processing 50 52
time=28.1484 0/2 processing 52 54
time=29.293 0/2 processing 54 56
time=30.5769 0/2 processing 56 58
time=31.1949 0/2 processing 58 60
time=31.6984 0/2 processing 60 62
time=32.4754 0/2 processing 62 64
time=33.3322 0/2 processing 64 66
time=34.3991 0/2 processing 66 68
time=35.4902 0/2 processing 68 70
time=36.5018 0/2 processing 70 72
time=37.5182 0/2 processing 72 74
time=38.6344 0/2 processing 74 76
time=39.5906 0/2 processing 76 78
time=40.6293 0/2 processing 78 80
time=41.7921 0/2 processing 80 82
time=42.5739 0/2 processing 82 84
time=43.8482 0/2 processing 84 86
time=45.0845 0/2 processing 86 88
time=45.9503 0/2 processing 88 90
time=46.9033 0/2 processing 90 92
time=48.0422 0/2 processing 92 94
time=49.2794 0/2 processing 94 96
time=50.4175 0/2 processing 96 98
time=51.7743 0/2 processing 98 100
time=53.141 0/2 processing 100 102
time=54.3386 0/2 processing 102 104
time=55.4987 0/2 processing 104 106
time=56.6232 0/2 processing 106 108
time=57.6905 0/2 processing 108 110
time=58.8702 0/2 processing 110 112
time=60.1992 0/2 processing 112 114
time=61.4161 0/2 processing 114 116
time=62.7929 0/2 processing 116 118
time=63.8968 0/2 processing 118 120
time=65.332 0/2 processing 120 122
time=66.5477 0/2 processing 122 124
time=67.0776 0/2 processing 124 126
time=68.3245 0/2 processing 126 128
time=69.728 0/2 processing 128 130
global_cr=46.8483
wallclock_ms=70650
compress_ms=8833
compress_bandwidth_GBps=0.135222
wallclock_bandwidth_GBps=0.0169061
