“RANK= 24 LOCAL_RANK= 0 gpu= 3”
“RANK= 27 LOCAL_RANK= 3 gpu= 0”
“RANK= 4 LOCAL_RANK= 0 gpu= 3”
“RANK= 25 LOCAL_RANK= 1 gpu= 2”
“RANK= 26 LOCAL_RANK= 2 gpu= 1”
“RANK= 5 LOCAL_RANK= 1 gpu= 2”
“RANK= 7 LOCAL_RANK= 3 gpu= 0”
“RANK= 6 LOCAL_RANK= 2 gpu= 1”
+ '[' -z '' ']'
+ case "$-" in
Shell debugging temporarily silenced: export LMOD_SH_DBG_ON=1 for this output (/usr/share/lmod/lmod/init/bash)
+ __lmod_vx=x
+ '[' -n x ']'
+ set +x
“RANK= 0 LOCAL_RANK= 0 gpu= 3”
Shell debugging restarted
+ unset __lmod_vx
“RANK= 1 LOCAL_RANK= 1 gpu= 2”
+ '[' -z '' ']'
+ case "$-" in
+ __lmod_vx=x
“RANK= 3 LOCAL_RANK= 3 gpu= 0”
+ '[' -z '' ']'
+ case "$-" in
+ __lmod_vx=x
+ '[' -n x ']'
+ set +x
+ '[' -z '' ']'
+ case "$-" in
+ __lmod_vx=x
“RANK= 2 LOCAL_RANK= 2 gpu= 1”
+ '[' -z '' ']'
+ case "$-" in
+ __lmod_vx=x
+ '[' -n x ']'
+ set +x
Shell debugging temporarily silenced: export LMOD_SH_DBG_ON=1 for this output (/usr/share/lmod/lmod/init/bash)
Shell debugging temporarily silenced: export LMOD_SH_DBG_ON=1 for this output (/usr/share/lmod/lmod/init/bash)
+ '[' -n x ']'
+ set +x
+ '[' -n x ']'
+ set +x
Shell debugging temporarily silenced: export LMOD_SH_DBG_ON=1 for this output (/usr/share/lmod/lmod/init/bash)
+ speed3d_r2c cufft float 128 128 128 -a2a -ingrid 4 4 2 -n5
+ '[' -z '' ']'
+ case "$-" in
+ __lmod_vx=x
+ '[' -n x ']'
+ set +x
Shell debugging temporarily silenced: export LMOD_SH_DBG_ON=1 for this output (/usr/share/lmod/lmod/init/bash)
Shell debugging temporarily silenced: export LMOD_SH_DBG_ON=1 for this output (/usr/share/lmod/lmod/init/bash)
Shell debugging temporarily silenced: export LMOD_SH_DBG_ON=1 for this output (/usr/share/lmod/lmod/init/bash)
+ '[' -z '' ']'
+ case "$-" in
+ __lmod_vx=x
+ '[' -n x ']'
+ set +x
Shell debugging restarted
Shell debugging temporarily silenced: export LMOD_SH_DBG_ON=1 for this output (/usr/share/lmod/lmod/init/bash)
+ unset __lmod_vx
+ speed3d_r2c cufft float 128 128 128 -a2a -ingrid 4 4 2 -n5
+ '[' -z '' ']'
+ case "$-" in
+ __lmod_vx=x
+ '[' -n x ']'
+ set +x
Shell debugging restarted
+ unset __lmod_vx
Shell debugging restarted
+ unset __lmod_vx
Shell debugging restarted
+ unset __lmod_vx
Shell debugging restarted
+ unset __lmod_vx
Shell debugging restarted
+ unset __lmod_vx
+ speed3d_r2c cufft float 128 128 128 -a2a -ingrid 4 4 2 -n5
Shell debugging restarted
+ unset __lmod_vx
+ speed3d_r2c cufft float 128 128 128 -a2a -ingrid 4 4 2 -n5
+ speed3d_r2c cufft float 128 128 128 -a2a -ingrid 4 4 2 -n5
+ speed3d_r2c cufft float 128 128 128 -a2a -ingrid 4 4 2 -n5
+ speed3d_r2c cufft float 128 128 128 -a2a -ingrid 4 4 2 -n5
+ speed3d_r2c cufft float 128 128 128 -a2a -ingrid 4 4 2 -n5
“RANK= 12 LOCAL_RANK= 0 gpu= 3”
“RANK= 28 LOCAL_RANK= 0 gpu= 3”
“RANK= 15 LOCAL_RANK= 3 gpu= 0”
“RANK= 13 LOCAL_RANK= 1 gpu= 2”
“RANK= 29 LOCAL_RANK= 1 gpu= 2”
“RANK= 22 LOCAL_RANK= 2 gpu= 1”
“RANK= 14 LOCAL_RANK= 2 gpu= 1”
“RANK= 20 LOCAL_RANK= 0 gpu= 3”
“RANK= 21 LOCAL_RANK= 1 gpu= 2”
“RANK= 23 LOCAL_RANK= 3 gpu= 0”
“RANK= 30 LOCAL_RANK= 2 gpu= 1”
“RANK= 31 LOCAL_RANK= 3 gpu= 0”
“RANK= 17 LOCAL_RANK= 1 gpu= 2”
“RANK= 16 LOCAL_RANK= 0 gpu= 3”
+ '[' -z '' ']'
+ case "$-" in
+ '[' -z '' ']'
+ case "$-" in
+ __lmod_vx=x
Shell debugging temporarily silenced: export LMOD_SH_DBG_ON=1 for this output (/usr/share/lmod/lmod/init/bash)
+ __lmod_vx=x
+ '[' -n x ']'
+ set +x
Shell debugging temporarily silenced: export LMOD_SH_DBG_ON=1 for this output (/usr/share/lmod/lmod/init/bash)
+ '[' -n x ']'
+ set +x
Shell debugging temporarily silenced: export LMOD_SH_DBG_ON=1 for this output (/usr/share/lmod/lmod/init/bash)
+ '[' -z '' ']'
+ case "$-" in
+ __lmod_vx=x
+ '[' -n x ']'
+ set +x
Shell debugging temporarily silenced: export LMOD_SH_DBG_ON=1 for this output (/usr/share/lmod/lmod/init/bash)
+ '[' -z '' ']'
+ case "$-" in
+ __lmod_vx=x
+ '[' -n x ']'
+ set +x
Shell debugging restarted
“RANK= 19 LOCAL_RANK= 3 gpu= 0”
Shell debugging restarted
+ unset __lmod_vx
“RANK= 18 LOCAL_RANK= 2 gpu= 1”
+ unset __lmod_vx
Shell debugging restarted
+ unset __lmod_vx
Shell debugging restarted
+ unset __lmod_vx
+ speed3d_r2c cufft float 128 128 128 -a2a -ingrid 4 4 2 -n5
+ speed3d_r2c cufft float 128 128 128 -a2a -ingrid 4 4 2 -n5
+ speed3d_r2c cufft float 128 128 128 -a2a -ingrid 4 4 2 -n5
+ speed3d_r2c cufft float 128 128 128 -a2a -ingrid 4 4 2 -n5
+ '[' -z '' ']'
+ case "$-" in
Shell debugging temporarily silenced: export LMOD_SH_DBG_ON=1 for this output (/usr/share/lmod/lmod/init/bash)
+ __lmod_vx=x
+ '[' -n x ']'
+ set +x
Shell debugging restarted
+ '[' -z '' ']'
+ unset __lmod_vx
+ '[' -z '' ']'
+ case "$-" in
+ __lmod_vx=x
+ '[' -n x ']'
+ set +x
Shell debugging temporarily silenced: export LMOD_SH_DBG_ON=1 for this output (/usr/share/lmod/lmod/init/bash)
+ case "$-" in
+ __lmod_vx=x
+ '[' -n x ']'
+ set +x
Shell debugging temporarily silenced: export LMOD_SH_DBG_ON=1 for this output (/usr/share/lmod/lmod/init/bash)
+ '[' -z '' ']'
+ case "$-" in
+ __lmod_vx=x
+ '[' -n x ']'
+ set +x
Shell debugging temporarily silenced: export LMOD_SH_DBG_ON=1 for this output (/usr/share/lmod/lmod/init/bash)
+ speed3d_r2c cufft float 128 128 128 -a2a -ingrid 4 4 2 -n5
Shell debugging restarted
+ unset __lmod_vx
Shell debugging restarted
+ unset __lmod_vx
Shell debugging restarted
+ unset __lmod_vx
+ speed3d_r2c cufft float 128 128 128 -a2a -ingrid 4 4 2 -n5
+ speed3d_r2c cufft float 128 128 128 -a2a -ingrid 4 4 2 -n5
+ '[' -z '' ']'
+ case "$-" in
+ __lmod_vx=x
+ '[' -n x ']'
+ set +x
+ '[' -z '' ']'
+ case "$-" in
“RANK= 8 LOCAL_RANK= 0 gpu= 3”
+ speed3d_r2c cufft float 128 128 128 -a2a -ingrid 4 4 2 -n5
Shell debugging temporarily silenced: export LMOD_SH_DBG_ON=1 for this output (/usr/share/lmod/lmod/init/bash)
Shell debugging temporarily silenced: export LMOD_SH_DBG_ON=1 for this output (/usr/share/lmod/lmod/init/bash)
“RANK= 10 LOCAL_RANK= 2 gpu= 1”
Shell debugging temporarily silenced: export LMOD_SH_DBG_ON=1 for this output (/usr/share/lmod/lmod/init/bash)
+ __lmod_vx=x
+ '[' -n x ']'
+ set +x
“RANK= 9 LOCAL_RANK= 1 gpu= 2”
+ '[' -z '' ']'
+ case "$-" in
+ __lmod_vx=x
+ '[' -n x ']'
+ set +x
+ '[' -z '' ']'
+ case "$-" in
+ __lmod_vx=x
“RANK= 11 LOCAL_RANK= 3 gpu= 0”
+ '[' -z '' ']'
+ case "$-" in
+ __lmod_vx=x
+ '[' -n x ']'
+ set +x
Shell debugging temporarily silenced: export LMOD_SH_DBG_ON=1 for this output (/usr/share/lmod/lmod/init/bash)
Shell debugging restarted
+ unset __lmod_vx
+ '[' -z '' ']'
+ case "$-" in
+ __lmod_vx=x
+ '[' -n x ']'
+ set +x
Shell debugging temporarily silenced: export LMOD_SH_DBG_ON=1 for this output (/usr/share/lmod/lmod/init/bash)
Shell debugging temporarily silenced: export LMOD_SH_DBG_ON=1 for this output (/usr/share/lmod/lmod/init/bash)
Shell debugging restarted
+ unset __lmod_vx
+ '[' -z '' ']'
+ case "$-" in
+ __lmod_vx=x
+ '[' -n x ']'
+ set +x
+ '[' -z '' ']'
+ case "$-" in
+ __lmod_vx=x
+ '[' -n x ']'
+ set +x
Shell debugging restarted
+ unset __lmod_vx
+ speed3d_r2c cufft float 128 128 128 -a2a -ingrid 4 4 2 -n5
Shell debugging temporarily silenced: export LMOD_SH_DBG_ON=1 for this output (/usr/share/lmod/lmod/init/bash)
Shell debugging temporarily silenced: export LMOD_SH_DBG_ON=1 for this output (/usr/share/lmod/lmod/init/bash)
+ '[' -n x ']'
+ set +x
+ speed3d_r2c cufft float 128 128 128 -a2a -ingrid 4 4 2 -n5
Shell debugging restarted
+ unset __lmod_vx
Shell debugging restarted
+ unset __lmod_vx
+ speed3d_r2c cufft float 128 128 128 -a2a -ingrid 4 4 2 -n5
Shell debugging restarted
+ unset __lmod_vx
+ '[' -z '' ']'
+ case "$-" in
+ __lmod_vx=x
Shell debugging restarted
+ unset __lmod_vx
+ speed3d_r2c cufft float 128 128 128 -a2a -ingrid 4 4 2 -n5
Shell debugging temporarily silenced: export LMOD_SH_DBG_ON=1 for this output (/usr/share/lmod/lmod/init/bash)
+ speed3d_r2c cufft float 128 128 128 -a2a -ingrid 4 4 2 -n5
Shell debugging restarted
+ unset __lmod_vx
+ '[' -n x ']'
+ set +x
+ speed3d_r2c cufft float 128 128 128 -a2a -ingrid 4 4 2 -n5
+ speed3d_r2c cufft float 128 128 128 -a2a -ingrid 4 4 2 -n5
+ speed3d_r2c cufft float 128 128 128 -a2a -ingrid 4 4 2 -n5
Shell debugging restarted
+ unset __lmod_vx
+ '[' -z '' ']'
+ case "$-" in
+ __lmod_vx=x
+ '[' -z '' ']'
+ case "$-" in
+ __lmod_vx=x
+ '[' -n x ']'
+ set +x
Shell debugging temporarily silenced: export LMOD_SH_DBG_ON=1 for this output (/usr/share/lmod/lmod/init/bash)
+ '[' -z '' ']'
+ case "$-" in
+ __lmod_vx=x
+ '[' -n x ']'
+ set +x
Shell debugging temporarily silenced: export LMOD_SH_DBG_ON=1 for this output (/usr/share/lmod/lmod/init/bash)
+ '[' -n x ']'
+ set +x
+ speed3d_r2c cufft float 128 128 128 -a2a -ingrid 4 4 2 -n5
Shell debugging temporarily silenced: export LMOD_SH_DBG_ON=1 for this output (/usr/share/lmod/lmod/init/bash)
Shell debugging restarted
+ unset __lmod_vx
Shell debugging restarted
+ unset __lmod_vx
Shell debugging restarted
+ unset __lmod_vx
+ speed3d_r2c cufft float 128 128 128 -a2a -ingrid 4 4 2 -n5
+ speed3d_r2c cufft float 128 128 128 -a2a -ingrid 4 4 2 -n5
+ speed3d_r2c cufft float 128 128 128 -a2a -ingrid 4 4 2 -n5
+ '[' -z '' ']'
+ case "$-" in
+ __lmod_vx=x
+ '[' -z '' ']'
Shell debugging temporarily silenced: export LMOD_SH_DBG_ON=1 for this output (/usr/share/lmod/lmod/init/bash)
+ '[' -n x ']'
+ set +x
Shell debugging temporarily silenced: export LMOD_SH_DBG_ON=1 for this output (/usr/share/lmod/lmod/init/bash)
+ '[' -z '' ']'
+ case "$-" in
+ __lmod_vx=x
+ '[' -n x ']'
+ set +x
Shell debugging temporarily silenced: export LMOD_SH_DBG_ON=1 for this output (/usr/share/lmod/lmod/init/bash)
+ case "$-" in
+ __lmod_vx=x
+ '[' -n x ']'
+ set +x
Shell debugging temporarily silenced: export LMOD_SH_DBG_ON=1 for this output (/usr/share/lmod/lmod/init/bash)
+ '[' -z '' ']'
+ case "$-" in
+ __lmod_vx=x
+ '[' -n x ']'
+ set +x
Shell debugging restarted
+ unset __lmod_vx
Shell debugging restarted
+ unset __lmod_vx
Shell debugging restarted
+ unset __lmod_vx
Shell debugging restarted
+ unset __lmod_vx
+ speed3d_r2c cufft float 128 128 128 -a2a -ingrid 4 4 2 -n5
+ speed3d_r2c cufft float 128 128 128 -a2a -ingrid 4 4 2 -n5
+ speed3d_r2c cufft float 128 128 128 -a2a -ingrid 4 4 2 -n5
+ speed3d_r2c cufft float 128 128 128 -a2a -ingrid 4 4 2 -n5
MPICH ERROR [Rank 1] [job id 2070c35b-9f90-4d8c-a5e4-2574e860a9ff] [Thu Aug  3 06:15:44 2023] [x3003c0s31b1n0] - Abort(70326671) (rank 1 in comm 0): Fatal error in PMPI_Alltoall: Other MPI error, error stack:
PMPI_Alltoall(433)...............: MPI_Alltoall(sbuf=0x151b31a00000, scount=8704, dtype=0x4c000840, rbuf=0x151b31b10000, rcount=8704, datatype=dtype=0x4c000840, comm=comm=0xc4000005) failed
MPIR_CRAY_Alltoall_throttled(471): 
MPIR_Waitall(167)................: 
MPIR_Waitall_impl(51)............: 
MPID_Progress_wait(184)..........: 
MPIDI_Progress_test(80)..........: 
MPIDI_OFI_handle_cq_error(1059)..: OFI poll failed (ofi_events.c:1061:MPIDI_OFI_handle_cq_error:Input/output error - remote access error)

aborting job:
Fatal error in PMPI_Alltoall: Other MPI error, error stack:
PMPI_Alltoall(433)...............: MPI_Alltoall(sbuf=0x151b31a00000, scount=8704, dtype=0x4c000840, rbuf=0x151b31b10000, rcount=8704, datatype=dtype=0x4c000840, comm=comm=0xc4000005) failed
MPIR_CRAY_Alltoall_throttled(471): 
MPIR_Waitall(167)................: 
MPIR_Waitall_impl(51)............: 
MPID_Progress_wait(184)..........: 
MPIDI_Progress_test(80)..........: 
MPIDI_OFI_handle_cq_error(1059)..: OFI poll failed (ofi_events.c:1061:MPIDI_OFI_handle_cq_error:Input/output error - remote access error)
MPICH ERROR [Rank 29] [job id 2070c35b-9f90-4d8c-a5e4-2574e860a9ff] [Thu Aug  3 06:15:44 2023] [x3004c0s25b0n0] - Abort(875633039) (rank 29 in comm 0): Fatal error in PMPI_Alltoall: Other MPI error, error stack:
PMPI_Alltoall(433)...............: MPI_Alltoall(sbuf=0x153b53a00000, scount=8704, dtype=0x4c000840, rbuf=0x153b53b10000, rcount=8704, datatype=dtype=0x4c000840, comm=comm=0xc4000005) failed
MPIR_CRAY_Alltoall_throttled(471): 
MPIR_Waitall(167)................: 
MPIR_Waitall_impl(51)............: 
MPID_Progress_wait(184)..........: 
MPIDI_Progress_test(80)..........: 
MPIDI_OFI_handle_cq_error(1059)..: OFI poll failed (ofi_events.c:1061:MPIDI_OFI_handle_cq_error:Input/output error - remote access error)

aborting job:
Fatal error in PMPI_Alltoall: Other MPI error, error stack:
PMPI_Alltoall(433)...............: MPI_Alltoall(sbuf=0x153b53a00000, scount=8704, dtype=0x4c000840, rbuf=0x153b53b10000, rcount=8704, datatype=dtype=0x4c000840, comm=comm=0xc4000005) failed
MPIR_CRAY_Alltoall_throttled(471): 
MPIR_Waitall(167)................: 
MPIR_Waitall_impl(51)............: 
MPID_Progress_wait(184)..........: 
MPIDI_Progress_test(80)..........: 
MPIDI_OFI_handle_cq_error(1059)..: OFI poll failed (ofi_events.c:1061:MPIDI_OFI_handle_cq_error:Input/output error - remote access error)
MPICH ERROR [Rank 21] [job id 2070c35b-9f90-4d8c-a5e4-2574e860a9ff] [Thu Aug  3 06:15:44 2023] [x3004c0s19b0n0] - Abort(338762127) (rank 21 in comm 0): Fatal error in PMPI_Alltoall: Other MPI error, error stack:
PMPI_Alltoall(433)...............: MPI_Alltoall(sbuf=0x146e61a00000, scount=8704, dtype=0x4c000840, rbuf=0x146e61b10000, rcount=8704, datatype=dtype=0x4c000840, comm=comm=0xc4000005) failed
MPIR_CRAY_Alltoall_throttled(471): 
MPIR_Waitall(167)................: 
MPIR_Waitall_impl(51)............: 
MPID_Progress_wait(184)..........: 
MPIDI_Progress_test(80)..........: 
MPIDI_OFI_handle_cq_error(1059)..: OFI poll failed (ofi_events.c:1061:MPIDI_OFI_handle_cq_error:Input/output error - remote access error)

aborting job:
Fatal error in PMPI_Alltoall: Other MPI error, error stack:
PMPI_Alltoall(433)...............: MPI_Alltoall(sbuf=0x146e61a00000, scount=8704, dtype=0x4c000840, rbuf=0x146e61b10000, rcount=8704, datatype=dtype=0x4c000840, comm=comm=0xc4000005) failed
MPIR_CRAY_Alltoall_throttled(471): 
MPIR_Waitall(167)................: 
MPIR_Waitall_impl(51)............: 
MPID_Progress_wait(184)..........: 
MPIDI_Progress_test(80)..........: 
MPIDI_OFI_handle_cq_error(1059)..: OFI poll failed (ofi_events.c:1061:MPIDI_OFI_handle_cq_error:Input/output error - remote access error)
MPICH ERROR [Rank 8] [job id 2070c35b-9f90-4d8c-a5e4-2574e860a9ff] [Thu Aug  3 06:15:44 2023] [x3003c0s37b1n0] - Abort(674306447) (rank 8 in comm 0): Fatal error in PMPI_Alltoall: Other MPI error, error stack:
PMPI_Alltoall(433)...............: MPI_Alltoall(sbuf=0x14a1c1a00000, scount=8704, dtype=0x4c000840, rbuf=0x14a1c1b10000, rcount=8704, datatype=dtype=0x4c000840, comm=comm=0xc400000b) failed
MPIR_CRAY_Alltoall_throttled(471): 
MPIR_Waitall(167)................: 
MPIR_Waitall_impl(51)............: 
MPID_Progress_wait(184)..........: 
MPIDI_Progress_test(80)..........: 
MPIDI_OFI_handle_cq_error(1059)..: OFI poll failed (ofi_events.c:1061:MPIDI_OFI_handle_cq_error:Input/output error - remote access error)

aborting job:
Fatal error in PMPI_Alltoall: Other MPI error, error stack:
PMPI_Alltoall(433)...............: MPI_Alltoall(sbuf=0x14a1c1a00000, scount=8704, dtype=0x4c000840, rbuf=0x14a1c1b10000, rcount=8704, datatype=dtype=0x4c000840, comm=comm=0xc400000b) failed
MPIR_CRAY_Alltoall_throttled(471): 
MPIR_Waitall(167)................: 
MPIR_Waitall_impl(51)............: 
MPID_Progress_wait(184)..........: 
MPIDI_Progress_test(80)..........: 
MPIDI_OFI_handle_cq_error(1059)..: OFI poll failed (ofi_events.c:1061:MPIDI_OFI_handle_cq_error:Input/output error - remote access error)
MPICH ERROR [Rank 13] [job id 2070c35b-9f90-4d8c-a5e4-2574e860a9ff] [Thu Aug  3 06:15:44 2023] [x3003c0s7b0n0] - Abort(1009850767) (rank 13 in comm 0): Fatal error in PMPI_Alltoall: Other MPI error, error stack:
PMPI_Alltoall(433)...............: MPI_Alltoall(sbuf=0x149d73a00000, scount=8704, dtype=0x4c000840, rbuf=0x149d73b10000, rcount=8704, datatype=dtype=0x4c000840, comm=comm=0xc4000005) failed
MPIR_CRAY_Alltoall_throttled(471): 
MPIR_Waitall(167)................: 
MPIR_Waitall_impl(51)............: 
MPID_Progress_wait(184)..........: 
MPIDI_Progress_test(80)..........: 
MPIDI_OFI_handle_cq_error(1059)..: OFI poll failed (ofi_events.c:1061:MPIDI_OFI_handle_cq_error:Input/output error - remote access error)

aborting job:
Fatal error in PMPI_Alltoall: Other MPI error, error stack:
PMPI_Alltoall(433)...............: MPI_Alltoall(sbuf=0x149d73a00000, scount=8704, dtype=0x4c000840, rbuf=0x149d73b10000, rcount=8704, datatype=dtype=0x4c000840, comm=comm=0xc4000005) failed
MPIR_CRAY_Alltoall_throttled(471): 
MPIR_Waitall(167)................: 
MPIR_Waitall_impl(51)............: 
MPID_Progress_wait(184)..........: 
MPIDI_Progress_test(80)..........: 
MPIDI_OFI_handle_cq_error(1059)..: OFI poll failed (ofi_events.c:1061:MPIDI_OFI_handle_cq_error:Input/output error - remote access error)
MPICH ERROR [Rank 5] [job id 2070c35b-9f90-4d8c-a5e4-2574e860a9ff] [Thu Aug  3 06:15:44 2023] [x3003c0s37b0n0] - Abort(607197583) (rank 5 in comm 0): Fatal error in PMPI_Alltoall: Other MPI error, error stack:
PMPI_Alltoall(433)...............: MPI_Alltoall(sbuf=0x14dd93a00000, scount=8704, dtype=0x4c000840, rbuf=0x14dd93b10000, rcount=8704, datatype=dtype=0x4c000840, comm=comm=0xc4000005) failed
MPIR_CRAY_Alltoall_throttled(471): 
MPIR_Waitall(167)................: 
MPIR_Waitall_impl(51)............: 
MPID_Progress_wait(184)..........: 
MPIDI_Progress_test(80)..........: 
MPIDI_OFI_handle_cq_error(1059)..: OFI poll failed (ofi_events.c:1061:MPIDI_OFI_handle_cq_error:Input/output error - remote access error)

aborting job:
Fatal error in PMPI_Alltoall: Other MPI error, error stack:
PMPI_Alltoall(433)...............: MPI_Alltoall(sbuf=0x14dd93a00000, scount=8704, dtype=0x4c000840, rbuf=0x14dd93b10000, rcount=8704, datatype=dtype=0x4c000840, comm=comm=0xc4000005) failed
MPIR_CRAY_Alltoall_throttled(471): 
MPIR_Waitall(167)................: 
MPIR_Waitall_impl(51)............: 
MPID_Progress_wait(184)..........: 
MPIDI_Progress_test(80)..........: 
MPIDI_OFI_handle_cq_error(1059)..: OFI poll failed (ofi_events.c:1061:MPIDI_OFI_handle_cq_error:Input/output error - remote access error)
MPICH ERROR [Rank 0] [job id 2070c35b-9f90-4d8c-a5e4-2574e860a9ff] [Thu Aug  3 06:15:44 2023] [x3003c0s31b1n0] - Abort(271653263) (rank 0 in comm 0): Fatal error in PMPI_Alltoall: Other MPI error, error stack:
PMPI_Alltoall(433)...............: MPI_Alltoall(sbuf=0x14c583a00000, scount=8704, dtype=0x4c000840, rbuf=0x14c583b10000, rcount=8704, datatype=dtype=0x4c000840, comm=comm=0xc400000b) failed
MPIR_CRAY_Alltoall_throttled(471): 
MPIR_Waitall(167)................: 
MPIR_Waitall_impl(51)............: 
MPID_Progress_wait(184)..........: 
MPIDI_Progress_test(80)..........: 
MPIDI_OFI_handle_cq_error(1059)..: OFI poll failed (ofi_events.c:1061:MPIDI_OFI_handle_cq_error:Input/output error - remote access error)

aborting job:
Fatal error in PMPI_Alltoall: Other MPI error, error stack:
PMPI_Alltoall(433)...............: MPI_Alltoall(sbuf=0x14c583a00000, scount=8704, dtype=0x4c000840, rbuf=0x14c583b10000, rcount=8704, datatype=dtype=0x4c000840, comm=comm=0xc400000b) failed
MPIR_CRAY_Alltoall_throttled(471): 
MPIR_Waitall(167)................: 
MPIR_Waitall_impl(51)............: 
MPID_Progress_wait(184)..........: 
MPIDI_Progress_test(80)..........: 
MPIDI_OFI_handle_cq_error(1059)..: OFI poll failed (ofi_events.c:1061:MPIDI_OFI_handle_cq_error:Input/output error - remote access error)
MPICH ERROR [Rank 25] [job id 2070c35b-9f90-4d8c-a5e4-2574e860a9ff] [Thu Aug  3 06:15:44 2023] [x3004c0s19b1n0] - Abort(607197583) (rank 25 in comm 0): Fatal error in PMPI_Alltoall: Other MPI error, error stack:
PMPI_Alltoall(433)...............: MPI_Alltoall(sbuf=0x149713a00000, scount=8704, dtype=0x4c000840, rbuf=0x149713b10000, rcount=8704, datatype=dtype=0x4c000840, comm=comm=0xc4000005) failed
MPIR_CRAY_Alltoall_throttled(471): 
MPIR_Waitall(167)................: 
MPIR_Waitall_impl(51)............: 
MPID_Progress_wait(184)..........: 
MPIDI_Progress_test(80)..........: 
MPIDI_OFI_handle_cq_error(1059)..: OFI poll failed (ofi_events.c:1061:MPIDI_OFI_handle_cq_error:Input/output error - remote access error)

aborting job:
Fatal error in PMPI_Alltoall: Other MPI error, error stack:
PMPI_Alltoall(433)...............: MPI_Alltoall(sbuf=0x149713a00000, scount=8704, dtype=0x4c000840, rbuf=0x149713b10000, rcount=8704, datatype=dtype=0x4c000840, comm=comm=0xc4000005) failed
MPIR_CRAY_Alltoall_throttled(471): 
MPIR_Waitall(167)................: 
MPIR_Waitall_impl(51)............: 
MPID_Progress_wait(184)..........: 
MPIDI_Progress_test(80)..........: 
MPIDI_OFI_handle_cq_error(1059)..: OFI poll failed (ofi_events.c:1061:MPIDI_OFI_handle_cq_error:Input/output error - remote access error)
MPICH ERROR [Rank 9] [job id 2070c35b-9f90-4d8c-a5e4-2574e860a9ff] [Thu Aug  3 06:15:44 2023] [x3003c0s37b1n0] - Abort(472979855) (rank 9 in comm 0): Fatal error in PMPI_Alltoall: Other MPI error, error stack:
PMPI_Alltoall(433)...............: MPI_Alltoall(sbuf=0x154833a00000, scount=8704, dtype=0x4c000840, rbuf=0x154833b10000, rcount=8704, datatype=dtype=0x4c000840, comm=comm=0xc4000005) failed
MPIR_CRAY_Alltoall_throttled(471): 
MPIR_Waitall(167)................: 
MPIR_Waitall_impl(51)............: 
MPID_Progress_wait(184)..........: 
MPIDI_Progress_test(80)..........: 
MPIDI_OFI_handle_cq_error(1059)..: OFI poll failed (ofi_events.c:1061:MPIDI_OFI_handle_cq_error:Input/output error - remote access error)

aborting job:
Fatal error in PMPI_Alltoall: Other MPI error, error stack:
PMPI_Alltoall(433)...............: MPI_Alltoall(sbuf=0x154833a00000, scount=8704, dtype=0x4c000840, rbuf=0x154833b10000, rcount=8704, datatype=dtype=0x4c000840, comm=comm=0xc4000005) failed
MPIR_CRAY_Alltoall_throttled(471): 
MPIR_Waitall(167)................: 
MPIR_Waitall_impl(51)............: 
MPID_Progress_wait(184)..........: 
MPIDI_Progress_test(80)..........: 
MPIDI_OFI_handle_cq_error(1059)..: OFI poll failed (ofi_events.c:1061:MPIDI_OFI_handle_cq_error:Input/output error - remote access error)
MPICH ERROR [Rank 12] [job id 2070c35b-9f90-4d8c-a5e4-2574e860a9ff] [Thu Aug  3 06:15:44 2023] [x3003c0s7b0n0] - Abort(808524175) (rank 12 in comm 0): Fatal error in PMPI_Alltoall: Other MPI error, error stack:
PMPI_Alltoall(433)...............: MPI_Alltoall(sbuf=0x14e253a00000, scount=8704, dtype=0x4c000840, rbuf=0x14e253b10000, rcount=8704, datatype=dtype=0x4c000840, comm=comm=0xc400000b) failed
MPIR_CRAY_Alltoall_throttled(471): 
MPIR_Waitall(167)................: 
MPIR_Waitall_impl(51)............: 
MPID_Progress_wait(184)..........: 
MPIDI_Progress_test(80)..........: 
MPIDI_OFI_handle_cq_error(1059)..: OFI poll failed (ofi_events.c:1061:MPIDI_OFI_handle_cq_error:Input/output error - remote access error)

aborting job:
Fatal error in PMPI_Alltoall: Other MPI error, error stack:
PMPI_Alltoall(433)...............: MPI_Alltoall(sbuf=0x14e253a00000, scount=8704, dtype=0x4c000840, rbuf=0x14e253b10000, rcount=8704, datatype=dtype=0x4c000840, comm=comm=0xc400000b) failed
MPIR_CRAY_Alltoall_throttled(471): 
MPIR_Waitall(167)................: 
MPIR_Waitall_impl(51)............: 
MPID_Progress_wait(184)..........: 
MPIDI_Progress_test(80)..........: 
MPIDI_OFI_handle_cq_error(1059)..: OFI poll failed (ofi_events.c:1061:MPIDI_OFI_handle_cq_error:Input/output error - remote access error)
MPICH ERROR [Rank 4] [job id 2070c35b-9f90-4d8c-a5e4-2574e860a9ff] [Thu Aug  3 06:15:44 2023] [x3003c0s37b0n0] - Abort(405870991) (rank 4 in comm 0): Fatal error in PMPI_Alltoall: Other MPI error, error stack:
PMPI_Alltoall(433)...............: MPI_Alltoall(sbuf=0x153233a00000, scount=8704, dtype=0x4c000840, rbuf=0x153233b10000, rcount=8704, datatype=dtype=0x4c000840, comm=comm=0xc400000b) failed
MPIR_CRAY_Alltoall_throttled(471): 
MPIR_Waitall(167)................: 
MPIR_Waitall_impl(51)............: 
MPID_Progress_wait(184)..........: 
MPIDI_Progress_test(80)..........: 
MPIDI_OFI_handle_cq_error(1059)..: OFI poll failed (ofi_events.c:1061:MPIDI_OFI_handle_cq_error:Input/output error - remote access error)

aborting job:
Fatal error in PMPI_Alltoall: Other MPI error, error stack:
PMPI_Alltoall(433)...............: MPI_Alltoall(sbuf=0x153233a00000, scount=8704, dtype=0x4c000840, rbuf=0x153233b10000, rcount=8704, datatype=dtype=0x4c000840, comm=comm=0xc400000b) failed
MPIR_CRAY_Alltoall_throttled(471): 
MPIR_Waitall(167)................: 
MPIR_Waitall_impl(51)............: 
MPID_Progress_wait(184)..........: 
MPIDI_Progress_test(80)..........: 
MPIDI_OFI_handle_cq_error(1059)..: OFI poll failed (ofi_events.c:1061:MPIDI_OFI_handle_cq_error:Input/output error - remote access error)
MPICH ERROR [Rank 3] [job id 2070c35b-9f90-4d8c-a5e4-2574e860a9ff] [Thu Aug  3 06:15:44 2023] [x3003c0s31b1n0] - Abort(875633039) (rank 3 in comm 0): Fatal error in PMPI_Alltoall: Other MPI error, error stack:
PMPI_Alltoall(433)...............: MPI_Alltoall(sbuf=0x14f1f1a00000, scount=8704, dtype=0x4c000840, rbuf=0x14f1f1b10000, rcount=8704, datatype=dtype=0x4c000840, comm=comm=0xc4000005) failed
MPIR_CRAY_Alltoall_throttled(471): 
MPIR_Waitall(167)................: 
MPIR_Waitall_impl(51)............: 
MPID_Progress_wait(184)..........: 
MPIDI_Progress_test(80)..........: 
MPIDI_OFI_handle_cq_error(1059)..: OFI poll failed (ofi_events.c:1061:MPIDI_OFI_handle_cq_error:Input/output error - remote access error)

aborting job:
Fatal error in PMPI_Alltoall: Other MPI error, error stack:
PMPI_Alltoall(433)...............: MPI_Alltoall(sbuf=0x14f1f1a00000, scount=8704, dtype=0x4c000840, rbuf=0x14f1f1b10000, rcount=8704, datatype=dtype=0x4c000840, comm=comm=0xc4000005) failed
MPIR_CRAY_Alltoall_throttled(471): 
MPIR_Waitall(167)................: 
MPIR_Waitall_impl(51)............: 
MPID_Progress_wait(184)..........: 
MPIDI_Progress_test(80)..........: 
MPIDI_OFI_handle_cq_error(1059)..: OFI poll failed (ofi_events.c:1061:MPIDI_OFI_handle_cq_error:Input/output error - remote access error)
MPICH ERROR [Rank 28] [job id 2070c35b-9f90-4d8c-a5e4-2574e860a9ff] [Thu Aug  3 06:15:44 2023] [x3004c0s25b0n0] - Abort(674306447) (rank 28 in comm 0): Fatal error in PMPI_Alltoall: Other MPI error, error stack:
PMPI_Alltoall(433)...............: MPI_Alltoall(sbuf=0x155233a00000, scount=8704, dtype=0x4c000840, rbuf=0x155233b10000, rcount=8704, datatype=dtype=0x4c000840, comm=comm=0xc400000b) failed
MPIR_CRAY_Alltoall_throttled(471): 
MPIR_Waitall(167)................: 
MPIR_Waitall_impl(51)............: 
MPID_Progress_wait(184)..........: 
MPIDI_Progress_test(80)..........: 
MPIDI_OFI_handle_cq_error(1059)..: OFI poll failed (ofi_events.c:1061:MPIDI_OFI_handle_cq_error:Input/output error - remote access error)

aborting job:
Fatal error in PMPI_Alltoall: Other MPI error, error stack:
PMPI_Alltoall(433)...............: MPI_Alltoall(sbuf=0x155233a00000, scount=8704, dtype=0x4c000840, rbuf=0x155233b10000, rcount=8704, datatype=dtype=0x4c000840, comm=comm=0xc400000b) failed
MPIR_CRAY_Alltoall_throttled(471): 
MPIR_Waitall(167)................: 
MPIR_Waitall_impl(51)............: 
MPID_Progress_wait(184)..........: 
MPIDI_Progress_test(80)..........: 
MPIDI_OFI_handle_cq_error(1059)..: OFI poll failed (ofi_events.c:1061:MPIDI_OFI_handle_cq_error:Input/output error - remote access error)
MPICH ERROR [Rank 31] [job id 2070c35b-9f90-4d8c-a5e4-2574e860a9ff] [Thu Aug  3 06:15:44 2023] [x3004c0s25b0n0] - Abort(204544399) (rank 31 in comm 0): Fatal error in PMPI_Alltoall: Other MPI error, error stack:
PMPI_Alltoall(433)...............: MPI_Alltoall(sbuf=0x152a23a00000, scount=8704, dtype=0x4c000840, rbuf=0x152a23b10000, rcount=8704, datatype=dtype=0x4c000840, comm=comm=0xc4000005) failed
MPIR_CRAY_Alltoall_throttled(471): 
MPIR_Waitall(167)................: 
MPIR_Waitall_impl(51)............: 
MPID_Progress_wait(184)..........: 
MPIDI_Progress_test(80)..........: 
MPIDI_OFI_handle_cq_error(1059)..: OFI poll failed (ofi_events.c:1061:MPIDI_OFI_handle_cq_error:Input/output error - remote access error)

aborting job:
Fatal error in PMPI_Alltoall: Other MPI error, error stack:
PMPI_Alltoall(433)...............: MPI_Alltoall(sbuf=0x152a23a00000, scount=8704, dtype=0x4c000840, rbuf=0x152a23b10000, rcount=8704, datatype=dtype=0x4c000840, comm=comm=0xc4000005) failed
MPIR_CRAY_Alltoall_throttled(471): 
MPIR_Waitall(167)................: 
MPIR_Waitall_impl(51)............: 
MPID_Progress_wait(184)..........: 
MPIDI_Progress_test(80)..........: 
MPIDI_OFI_handle_cq_error(1059)..: OFI poll failed (ofi_events.c:1061:MPIDI_OFI_handle_cq_error:Input/output error - remote access error)
MPICH ERROR [Rank 23] [job id 2070c35b-9f90-4d8c-a5e4-2574e860a9ff] [Thu Aug  3 06:15:44 2023] [x3004c0s19b0n0] - Abort(70326671) (rank 23 in comm 0): Fatal error in PMPI_Alltoall: Other MPI error, error stack:
PMPI_Alltoall(433)...............: MPI_Alltoall(sbuf=0x14c65ba00000, scount=8704, dtype=0x4c000840, rbuf=0x14c65bb10000, rcount=8704, datatype=dtype=0x4c000840, comm=comm=0xc4000005) failed
MPIR_CRAY_Alltoall_throttled(471): 
MPIR_Waitall(167)................: 
MPIR_Waitall_impl(51)............: 
MPID_Progress_wait(184)..........: 
MPIDI_Progress_test(80)..........: 
MPIDI_OFI_handle_cq_error(1059)..: OFI poll failed (ofi_events.c:1061:MPIDI_OFI_handle_cq_error:Input/output error - remote access error)

aborting job:
Fatal error in PMPI_Alltoall: Other MPI error, error stack:
PMPI_Alltoall(433)...............: MPI_Alltoall(sbuf=0x14c65ba00000, scount=8704, dtype=0x4c000840, rbuf=0x14c65bb10000, rcount=8704, datatype=dtype=0x4c000840, comm=comm=0xc4000005) failed
MPIR_CRAY_Alltoall_throttled(471): 
MPIR_Waitall(167)................: 
MPIR_Waitall_impl(51)............: 
MPID_Progress_wait(184)..........: 
MPIDI_Progress_test(80)..........: 
MPIDI_OFI_handle_cq_error(1059)..: OFI poll failed (ofi_events.c:1061:MPIDI_OFI_handle_cq_error:Input/output error - remote access error)
MPICH ERROR [Rank 11] [job id 2070c35b-9f90-4d8c-a5e4-2574e860a9ff] [Thu Aug  3 06:15:44 2023] [x3003c0s37b1n0] - Abort(1009850767) (rank 11 in comm 0): Fatal error in PMPI_Alltoall: Other MPI error, error stack:
PMPI_Alltoall(433)...............: MPI_Alltoall(sbuf=0x152c01a00000, scount=8704, dtype=0x4c000840, rbuf=0x152c01b10000, rcount=8704, datatype=dtype=0x4c000840, comm=comm=0xc4000005) failed
MPIR_CRAY_Alltoall_throttled(471): 
MPIR_Waitall(167)................: 
MPIR_Waitall_impl(51)............: 
MPID_Progress_wait(184)..........: 
MPIDI_Progress_test(80)..........: 
MPIDI_OFI_handle_cq_error(1059)..: OFI poll failed (ofi_events.c:1061:MPIDI_OFI_handle_cq_error:Input/output error - remote access error)

aborting job:
Fatal error in PMPI_Alltoall: Other MPI error, error stack:
PMPI_Alltoall(433)...............: MPI_Alltoall(sbuf=0x152c01a00000, scount=8704, dtype=0x4c000840, rbuf=0x152c01b10000, rcount=8704, datatype=dtype=0x4c000840, comm=comm=0xc4000005) failed
MPIR_CRAY_Alltoall_throttled(471): 
MPIR_Waitall(167)................: 
MPIR_Waitall_impl(51)............: 
MPID_Progress_wait(184)..........: 
MPIDI_Progress_test(80)..........: 
MPIDI_OFI_handle_cq_error(1059)..: OFI poll failed (ofi_events.c:1061:MPIDI_OFI_handle_cq_error:Input/output error - remote access error)
MPICH ERROR [Rank 2] [job id 2070c35b-9f90-4d8c-a5e4-2574e860a9ff] [Thu Aug  3 06:15:44 2023] [x3003c0s31b1n0] - Abort(405870991) (rank 2 in comm 0): Fatal error in PMPI_Alltoall: Other MPI error, error stack:
PMPI_Alltoall(433)...............: MPI_Alltoall(sbuf=0x14e3a1a00000, scount=8704, dtype=0x4c000840, rbuf=0x14e3a1b10000, rcount=8704, datatype=dtype=0x4c000840, comm=comm=0xc4000006) failed
MPIR_CRAY_Alltoall_throttled(471): 
MPIR_Waitall(167)................: 
MPIR_Waitall_impl(51)............: 
MPID_Progress_wait(184)..........: 
MPIDI_Progress_test(80)..........: 
MPIDI_OFI_handle_cq_error(1059)..: OFI poll failed (ofi_events.c:1061:MPIDI_OFI_handle_cq_error:Input/output error - remote access error)

aborting job:
Fatal error in PMPI_Alltoall: Other MPI error, error stack:
PMPI_Alltoall(433)...............: MPI_Alltoall(sbuf=0x14e3a1a00000, scount=8704, dtype=0x4c000840, rbuf=0x14e3a1b10000, rcount=8704, datatype=dtype=0x4c000840, comm=comm=0xc4000006) failed
MPIR_CRAY_Alltoall_throttled(471): 
MPIR_Waitall(167)................: 
MPIR_Waitall_impl(51)............: 
MPID_Progress_wait(184)..........: 
MPIDI_Progress_test(80)..........: 
MPIDI_OFI_handle_cq_error(1059)..: OFI poll failed (ofi_events.c:1061:MPIDI_OFI_handle_cq_error:Input/output error - remote access error)
MPICH ERROR [Rank 14] [job id 2070c35b-9f90-4d8c-a5e4-2574e860a9ff] [Thu Aug  3 06:15:44 2023] [x3003c0s7b0n0] - Abort(137435535) (rank 14 in comm 0): Fatal error in PMPI_Alltoall: Other MPI error, error stack:
PMPI_Alltoall(433)...............: MPI_Alltoall(sbuf=0x150b41a00000, scount=8704, dtype=0x4c000840, rbuf=0x150b41b10000, rcount=8704, datatype=dtype=0x4c000840, comm=comm=0xc4000006) failed
MPIR_CRAY_Alltoall_throttled(471): 
MPIR_Waitall(167)................: 
MPIR_Waitall_impl(51)............: 
MPID_Progress_wait(184)..........: 
MPIDI_Progress_test(80)..........: 
MPIDI_OFI_handle_cq_error(1059)..: OFI poll failed (ofi_events.c:1061:MPIDI_OFI_handle_cq_error:Input/output error - remote access error)

aborting job:
Fatal error in PMPI_Alltoall: Other MPI error, error stack:
PMPI_Alltoall(433)...............: MPI_Alltoall(sbuf=0x150b41a00000, scount=8704, dtype=0x4c000840, rbuf=0x150b41b10000, rcount=8704, datatype=dtype=0x4c000840, comm=comm=0xc4000006) failed
MPIR_CRAY_Alltoall_throttled(471): 
MPIR_Waitall(167)................: 
MPIR_Waitall_impl(51)............: 
MPID_Progress_wait(184)..........: 
MPIDI_Progress_test(80)..........: 
MPIDI_OFI_handle_cq_error(1059)..: OFI poll failed (ofi_events.c:1061:MPIDI_OFI_handle_cq_error:Input/output error - remote access error)
MPICH ERROR [Rank 19] [job id 2070c35b-9f90-4d8c-a5e4-2574e860a9ff] [Thu Aug  3 06:15:44 2023] [x3004c0s13b1n0] - Abort(472979855) (rank 19 in comm 0): Fatal error in PMPI_Alltoall: Other MPI error, error stack:
PMPI_Alltoall(433)...............: MPI_Alltoall(sbuf=0x154761a00000, scount=8704, dtype=0x4c000840, rbuf=0x154761b10000, rcount=8704, datatype=dtype=0x4c000840, comm=comm=0xc4000005) failed
MPIR_CRAY_Alltoall_throttled(471): 
MPIR_Waitall(167)................: 
MPIR_Waitall_impl(51)............: 
MPID_Progress_wait(184)..........: 
MPIDI_Progress_test(80)..........: 
MPIDI_OFI_handle_cq_error(1059)..: OFI poll failed (ofi_events.c:1061:MPIDI_OFI_handle_cq_error:Input/output error - remote access error)

aborting job:
Fatal error in PMPI_Alltoall: Other MPI error, error stack:
PMPI_Alltoall(433)...............: MPI_Alltoall(sbuf=0x154761a00000, scount=8704, dtype=0x4c000840, rbuf=0x154761b10000, rcount=8704, datatype=dtype=0x4c000840, comm=comm=0xc4000005) failed
MPIR_CRAY_Alltoall_throttled(471): 
MPIR_Waitall(167)................: 
MPIR_Waitall_impl(51)............: 
MPID_Progress_wait(184)..........: 
MPIDI_Progress_test(80)..........: 
MPIDI_OFI_handle_cq_error(1059)..: OFI poll failed (ofi_events.c:1061:MPIDI_OFI_handle_cq_error:Input/output error - remote access error)
MPICH ERROR [Rank 7] [job id 2070c35b-9f90-4d8c-a5e4-2574e860a9ff] [Thu Aug  3 06:15:44 2023] [x3003c0s37b0n0] - Abort(875633039) (rank 7 in comm 0): Fatal error in PMPI_Alltoall: Other MPI error, error stack:
PMPI_Alltoall(433)...............: MPI_Alltoall(sbuf=0x154e2ba00000, scount=8704, dtype=0x4c000840, rbuf=0x154e2bb10000, rcount=8704, datatype=dtype=0x4c000840, comm=comm=0xc4000005) failed
MPIR_CRAY_Alltoall_throttled(471): 
MPIR_Waitall(167)................: 
MPIR_Waitall_impl(51)............: 
MPID_Progress_wait(184)..........: 
MPIDI_Progress_test(80)..........: 
MPIDI_OFI_handle_cq_error(1059)..: OFI poll failed (ofi_events.c:1061:MPIDI_OFI_handle_cq_error:Input/output error - remote access error)

aborting job:
Fatal error in PMPI_Alltoall: Other MPI error, error stack:
PMPI_Alltoall(433)...............: MPI_Alltoall(sbuf=0x154e2ba00000, scount=8704, dtype=0x4c000840, rbuf=0x154e2bb10000, rcount=8704, datatype=dtype=0x4c000840, comm=comm=0xc4000005) failed
MPIR_CRAY_Alltoall_throttled(471): 
MPIR_Waitall(167)................: 
MPIR_Waitall_impl(51)............: 
MPID_Progress_wait(184)..........: 
MPIDI_Progress_test(80)..........: 
MPIDI_OFI_handle_cq_error(1059)..: OFI poll failed (ofi_events.c:1061:MPIDI_OFI_handle_cq_error:Input/output error - remote access error)
MPICH ERROR [Rank 20] [job id 2070c35b-9f90-4d8c-a5e4-2574e860a9ff] [Thu Aug  3 06:15:44 2023] [x3004c0s19b0n0] - Abort(271653263) (rank 20 in comm 0): Fatal error in PMPI_Alltoall: Other MPI error, error stack:
PMPI_Alltoall(433)...............: MPI_Alltoall(sbuf=0x1503d3a00000, scount=8704, dtype=0x4c000840, rbuf=0x1503d3b10000, rcount=8704, datatype=dtype=0x4c000840, comm=comm=0xc400000b) failed
MPIR_CRAY_Alltoall_throttled(471): 
MPIR_Waitall(167)................: 
MPIR_Waitall_impl(51)............: 
MPID_Progress_wait(184)..........: 
MPIDI_Progress_test(80)..........: 
MPIDI_OFI_handle_cq_error(1059)..: OFI poll failed (ofi_events.c:1061:MPIDI_OFI_handle_cq_error:Input/output error - remote access error)

aborting job:
Fatal error in PMPI_Alltoall: Other MPI error, error stack:
PMPI_Alltoall(433)...............: MPI_Alltoall(sbuf=0x1503d3a00000, scount=8704, dtype=0x4c000840, rbuf=0x1503d3b10000, rcount=8704, datatype=dtype=0x4c000840, comm=comm=0xc400000b) failed
MPIR_CRAY_Alltoall_throttled(471): 
MPIR_Waitall(167)................: 
MPIR_Waitall_impl(51)............: 
MPID_Progress_wait(184)..........: 
MPIDI_Progress_test(80)..........: 
MPIDI_OFI_handle_cq_error(1059)..: OFI poll failed (ofi_events.c:1061:MPIDI_OFI_handle_cq_error:Input/output error - remote access error)
MPICH ERROR [Rank 17] [job id 2070c35b-9f90-4d8c-a5e4-2574e860a9ff] [Thu Aug  3 06:15:44 2023] [x3004c0s13b1n0] - Abort(70326671) (rank 17 in comm 0): Fatal error in PMPI_Alltoall: Other MPI error, error stack:
PMPI_Alltoall(433)...............: MPI_Alltoall(sbuf=0x14def1a00000, scount=8704, dtype=0x4c000840, rbuf=0x14def1b10000, rcount=8704, datatype=dtype=0x4c000840, comm=comm=0xc4000005) failed
MPIR_CRAY_Alltoall_throttled(471): 
MPIR_Waitall(167)................: 
MPIR_Waitall_impl(51)............: 
MPID_Progress_wait(184)..........: 
MPIDI_Progress_test(80)..........: 
MPIDI_OFI_handle_cq_error(1059)..: OFI poll failed (ofi_events.c:1061:MPIDI_OFI_handle_cq_error:Input/output error - remote access error)

aborting job:
Fatal error in PMPI_Alltoall: Other MPI error, error stack:
PMPI_Alltoall(433)...............: MPI_Alltoall(sbuf=0x14def1a00000, scount=8704, dtype=0x4c000840, rbuf=0x14def1b10000, rcount=8704, datatype=dtype=0x4c000840, comm=comm=0xc4000005) failed
MPIR_CRAY_Alltoall_throttled(471): 
MPIR_Waitall(167)................: 
MPIR_Waitall_impl(51)............: 
MPID_Progress_wait(184)..........: 
MPIDI_Progress_test(80)..........: 
MPIDI_OFI_handle_cq_error(1059)..: OFI poll failed (ofi_events.c:1061:MPIDI_OFI_handle_cq_error:Input/output error - remote access error)
MPICH ERROR [Rank 10] [job id 2070c35b-9f90-4d8c-a5e4-2574e860a9ff] [Thu Aug  3 06:15:44 2023] [x3003c0s37b1n0] - Abort(808524175) (rank 10 in comm 0): Fatal error in PMPI_Alltoall: Other MPI error, error stack:
PMPI_Alltoall(433)...............: MPI_Alltoall(sbuf=0x14a4fba00000, scount=8704, dtype=0x4c000840, rbuf=0x14a4fbb10000, rcount=8704, datatype=dtype=0x4c000840, comm=comm=0xc4000006) failed
MPIR_CRAY_Alltoall_throttled(471): 
MPIR_Waitall(167)................: 
MPIR_Waitall_impl(51)............: 
MPID_Progress_wait(184)..........: 
MPIDI_Progress_test(80)..........: 
MPIDI_OFI_handle_cq_error(1059)..: OFI poll failed (ofi_events.c:1061:MPIDI_OFI_handle_cq_error:Input/output error - remote access error)

aborting job:
Fatal error in PMPI_Alltoall: Other MPI error, error stack:
PMPI_Alltoall(433)...............: MPI_Alltoall(sbuf=0x14a4fba00000, scount=8704, dtype=0x4c000840, rbuf=0x14a4fbb10000, rcount=8704, datatype=dtype=0x4c000840, comm=comm=0xc4000006) failed
MPIR_CRAY_Alltoall_throttled(471): 
MPIR_Waitall(167)................: 
MPIR_Waitall_impl(51)............: 
MPID_Progress_wait(184)..........: 
MPIDI_Progress_test(80)..........: 
MPIDI_OFI_handle_cq_error(1059)..: OFI poll failed (ofi_events.c:1061:MPIDI_OFI_handle_cq_error:Input/output error - remote access error)
MPICH ERROR [Rank 15] [job id 2070c35b-9f90-4d8c-a5e4-2574e860a9ff] [Thu Aug  3 06:15:44 2023] [x3003c0s7b0n0] - Abort(338762127) (rank 15 in comm 0): Fatal error in PMPI_Alltoall: Other MPI error, error stack:
PMPI_Alltoall(433)...............: MPI_Alltoall(sbuf=0x147c71a00000, scount=8704, dtype=0x4c000840, rbuf=0x147c71b10000, rcount=8704, datatype=dtype=0x4c000840, comm=comm=0xc4000005) failed
MPIR_CRAY_Alltoall_throttled(471): 
MPIR_Waitall(167)................: 
MPIR_Waitall_impl(51)............: 
MPID_Progress_wait(184)..........: 
MPIDI_Progress_test(80)..........: 
MPIDI_OFI_handle_cq_error(1059)..: OFI poll failed (ofi_events.c:1061:MPIDI_OFI_handle_cq_error:Input/output error - remote access error)

aborting job:
Fatal error in PMPI_Alltoall: Other MPI error, error stack:
PMPI_Alltoall(433)...............: MPI_Alltoall(sbuf=0x147c71a00000, scount=8704, dtype=0x4c000840, rbuf=0x147c71b10000, rcount=8704, datatype=dtype=0x4c000840, comm=comm=0xc4000005) failed
MPIR_CRAY_Alltoall_throttled(471): 
MPIR_Waitall(167)................: 
MPIR_Waitall_impl(51)............: 
MPID_Progress_wait(184)..........: 
MPIDI_Progress_test(80)..........: 
MPIDI_OFI_handle_cq_error(1059)..: OFI poll failed (ofi_events.c:1061:MPIDI_OFI_handle_cq_error:Input/output error - remote access error)
MPICH ERROR [Rank 27] [job id 2070c35b-9f90-4d8c-a5e4-2574e860a9ff] [Thu Aug  3 06:15:44 2023] [x3004c0s19b1n0] - Abort(607197583) (rank 27 in comm 0): Fatal error in PMPI_Alltoall: Other MPI error, error stack:
PMPI_Alltoall(433)...............: MPI_Alltoall(sbuf=0x14a003a00000, scount=8704, dtype=0x4c000840, rbuf=0x14a003b10000, rcount=8704, datatype=dtype=0x4c000840, comm=comm=0xc4000005) failed
MPIR_CRAY_Alltoall_throttled(471): 
MPIR_Waitall(167)................: 
MPIR_Waitall_impl(51)............: 
MPID_Progress_wait(184)..........: 
MPIDI_Progress_test(80)..........: 
MPIDI_OFI_handle_cq_error(1059)..: OFI poll failed (ofi_events.c:1061:MPIDI_OFI_handle_cq_error:Input/output error - remote access error)

aborting job:
Fatal error in PMPI_Alltoall: Other MPI error, error stack:
PMPI_Alltoall(433)...............: MPI_Alltoall(sbuf=0x14a003a00000, scount=8704, dtype=0x4c000840, rbuf=0x14a003b10000, rcount=8704, datatype=dtype=0x4c000840, comm=comm=0xc4000005) failed
MPIR_CRAY_Alltoall_throttled(471): 
MPIR_Waitall(167)................: 
MPIR_Waitall_impl(51)............: 
MPID_Progress_wait(184)..........: 
MPIDI_Progress_test(80)..........: 
MPIDI_OFI_handle_cq_error(1059)..: OFI poll failed (ofi_events.c:1061:MPIDI_OFI_handle_cq_error:Input/output error - remote access error)
MPICH ERROR [Rank 6] [job id 2070c35b-9f90-4d8c-a5e4-2574e860a9ff] [Thu Aug  3 06:15:44 2023] [x3003c0s37b0n0] - Abort(405870991) (rank 6 in comm 0): Fatal error in PMPI_Alltoall: Other MPI error, error stack:
PMPI_Alltoall(433)...............: MPI_Alltoall(sbuf=0x148873a00000, scount=8704, dtype=0x4c000840, rbuf=0x148873b10000, rcount=8704, datatype=dtype=0x4c000840, comm=comm=0xc4000006) failed
MPIR_CRAY_Alltoall_throttled(471): 
MPIR_Waitall(167)................: 
MPIR_Waitall_impl(51)............: 
MPID_Progress_wait(184)..........: 
MPIDI_Progress_test(80)..........: 
MPIDI_OFI_handle_cq_error(1059)..: OFI poll failed (ofi_events.c:1061:MPIDI_OFI_handle_cq_error:Input/output error - remote access error)

aborting job:
Fatal error in PMPI_Alltoall: Other MPI error, error stack:
PMPI_Alltoall(433)...............: MPI_Alltoall(sbuf=0x148873a00000, scount=8704, dtype=0x4c000840, rbuf=0x148873b10000, rcount=8704, datatype=dtype=0x4c000840, comm=comm=0xc4000006) failed
MPIR_CRAY_Alltoall_throttled(471): 
MPIR_Waitall(167)................: 
MPIR_Waitall_impl(51)............: 
MPID_Progress_wait(184)..........: 
MPIDI_Progress_test(80)..........: 
MPIDI_OFI_handle_cq_error(1059)..: OFI poll failed (ofi_events.c:1061:MPIDI_OFI_handle_cq_error:Input/output error - remote access error)
MPICH ERROR [Rank 24] [job id 2070c35b-9f90-4d8c-a5e4-2574e860a9ff] [Thu Aug  3 06:15:44 2023] [x3004c0s19b1n0] - Abort(137435535) (rank 24 in comm 0): Fatal error in PMPI_Alltoall: Other MPI error, error stack:
PMPI_Alltoall(433)...............: MPI_Alltoall(sbuf=0x147ee1a00000, scount=8704, dtype=0x4c000840, rbuf=0x147ee1b10000, rcount=8704, datatype=dtype=0x4c000840, comm=comm=0xc400000b) failed
MPIR_CRAY_Alltoall_throttled(471): 
MPIR_Waitall(167)................: 
MPIR_Waitall_impl(51)............: 
MPID_Progress_wait(184)..........: 
MPIDI_Progress_test(80)..........: 
MPIDI_OFI_handle_cq_error(1059)..: OFI poll failed (ofi_events.c:1061:MPIDI_OFI_handle_cq_error:Input/output error - remote access error)

aborting job:
Fatal error in PMPI_Alltoall: Other MPI error, error stack:
PMPI_Alltoall(433)...............: MPI_Alltoall(sbuf=0x147ee1a00000, scount=8704, dtype=0x4c000840, rbuf=0x147ee1b10000, rcount=8704, datatype=dtype=0x4c000840, comm=comm=0xc400000b) failed
MPIR_CRAY_Alltoall_throttled(471): 
MPIR_Waitall(167)................: 
MPIR_Waitall_impl(51)............: 
MPID_Progress_wait(184)..........: 
MPIDI_Progress_test(80)..........: 
MPIDI_OFI_handle_cq_error(1059)..: OFI poll failed (ofi_events.c:1061:MPIDI_OFI_handle_cq_error:Input/output error - remote access error)
MPICH ERROR [Rank 16] [job id 2070c35b-9f90-4d8c-a5e4-2574e860a9ff] [Thu Aug  3 06:15:44 2023] [x3004c0s13b1n0] - Abort(540088719) (rank 16 in comm 0): Fatal error in PMPI_Alltoall: Other MPI error, error stack:
PMPI_Alltoall(433)...............: MPI_Alltoall(sbuf=0x14a4e3a00000, scount=8704, dtype=0x4c000840, rbuf=0x14a4e3b10000, rcount=8704, datatype=dtype=0x4c000840, comm=comm=0xc400000b) failed
MPIR_CRAY_Alltoall_throttled(471): 
MPIR_Waitall(167)................: 
MPIR_Waitall_impl(51)............: 
MPID_Progress_wait(184)..........: 
MPIDI_Progress_test(80)..........: 
MPIDI_OFI_handle_cq_error(1059)..: OFI poll failed (ofi_events.c:1061:MPIDI_OFI_handle_cq_error:Input/output error - remote access error)

aborting job:
Fatal error in PMPI_Alltoall: Other MPI error, error stack:
PMPI_Alltoall(433)...............: MPI_Alltoall(sbuf=0x14a4e3a00000, scount=8704, dtype=0x4c000840, rbuf=0x14a4e3b10000, rcount=8704, datatype=dtype=0x4c000840, comm=comm=0xc400000b) failed
MPIR_CRAY_Alltoall_throttled(471): 
MPIR_Waitall(167)................: 
MPIR_Waitall_impl(51)............: 
MPID_Progress_wait(184)..........: 
MPIDI_Progress_test(80)..........: 
MPIDI_OFI_handle_cq_error(1059)..: OFI poll failed (ofi_events.c:1061:MPIDI_OFI_handle_cq_error:Input/output error - remote access error)
MPICH ERROR [Rank 26] [job id 2070c35b-9f90-4d8c-a5e4-2574e860a9ff] [Thu Aug  3 06:15:44 2023] [x3004c0s19b1n0] - Abort(540088719) (rank 26 in comm 0): Fatal error in PMPI_Alltoall: Other MPI error, error stack:
PMPI_Alltoall(433)...............: MPI_Alltoall(sbuf=0x150cf1a00000, scount=8704, dtype=0x4c000840, rbuf=0x150cf1b10000, rcount=8704, datatype=dtype=0x4c000840, comm=comm=0xc4000006) failed
MPIR_CRAY_Alltoall_throttled(471): 
MPIR_Waitall(167)................: 
MPIR_Waitall_impl(51)............: 
MPID_Progress_wait(184)..........: 
MPIDI_Progress_test(80)..........: 
MPIDI_OFI_handle_cq_error(1059)..: OFI poll failed (ofi_events.c:1061:MPIDI_OFI_handle_cq_error:Input/output error - remote access error)

aborting job:
Fatal error in PMPI_Alltoall: Other MPI error, error stack:
PMPI_Alltoall(433)...............: MPI_Alltoall(sbuf=0x150cf1a00000, scount=8704, dtype=0x4c000840, rbuf=0x150cf1b10000, rcount=8704, datatype=dtype=0x4c000840, comm=comm=0xc4000006) failed
MPIR_CRAY_Alltoall_throttled(471): 
MPIR_Waitall(167)................: 
MPIR_Waitall_impl(51)............: 
MPID_Progress_wait(184)..........: 
MPIDI_Progress_test(80)..........: 
MPIDI_OFI_handle_cq_error(1059)..: OFI poll failed (ofi_events.c:1061:MPIDI_OFI_handle_cq_error:Input/output error - remote access error)
MPICH ERROR [Rank 30] [job id 2070c35b-9f90-4d8c-a5e4-2574e860a9ff] [Thu Aug  3 06:15:44 2023] [x3004c0s25b0n0] - Abort(942741903) (rank 30 in comm 0): Fatal error in PMPI_Alltoall: Other MPI error, error stack:
PMPI_Alltoall(433)...............: MPI_Alltoall(sbuf=0x1523fba00000, scount=8704, dtype=0x4c000840, rbuf=0x1523fbb10000, rcount=8704, datatype=dtype=0x4c000840, comm=comm=0xc4000006) failed
MPIR_CRAY_Alltoall_throttled(471): 
MPIR_Waitall(167)................: 
MPIR_Waitall_impl(51)............: 
MPID_Progress_wait(184)..........: 
MPIDI_Progress_test(80)..........: 
MPIDI_OFI_handle_cq_error(1059)..: OFI poll failed (ofi_events.c:1061:MPIDI_OFI_handle_cq_error:Input/output error - remote access error)

aborting job:
Fatal error in PMPI_Alltoall: Other MPI error, error stack:
PMPI_Alltoall(433)...............: MPI_Alltoall(sbuf=0x1523fba00000, scount=8704, dtype=0x4c000840, rbuf=0x1523fbb10000, rcount=8704, datatype=dtype=0x4c000840, comm=comm=0xc4000006) failed
MPIR_CRAY_Alltoall_throttled(471): 
MPIR_Waitall(167)................: 
MPIR_Waitall_impl(51)............: 
MPID_Progress_wait(184)..........: 
MPIDI_Progress_test(80)..........: 
MPIDI_OFI_handle_cq_error(1059)..: OFI poll failed (ofi_events.c:1061:MPIDI_OFI_handle_cq_error:Input/output error - remote access error)
MPICH ERROR [Rank 22] [job id 2070c35b-9f90-4d8c-a5e4-2574e860a9ff] [Thu Aug  3 06:15:44 2023] [x3004c0s19b0n0] - Abort(3217807) (rank 22 in comm 0): Fatal error in PMPI_Alltoall: Other MPI error, error stack:
PMPI_Alltoall(433)...............: MPI_Alltoall(sbuf=0x154783a00000, scount=8704, dtype=0x4c000840, rbuf=0x154783b10000, rcount=8704, datatype=dtype=0x4c000840, comm=comm=0xc4000006) failed
MPIR_CRAY_Alltoall_throttled(471): 
MPIR_Waitall(167)................: 
MPIR_Waitall_impl(51)............: 
MPID_Progress_wait(184)..........: 
MPIDI_Progress_test(80)..........: 
MPIDI_OFI_handle_cq_error(1059)..: OFI poll failed (ofi_events.c:1061:MPIDI_OFI_handle_cq_error:Input/output error - remote access error)

aborting job:
Fatal error in PMPI_Alltoall: Other MPI error, error stack:
PMPI_Alltoall(433)...............: MPI_Alltoall(sbuf=0x154783a00000, scount=8704, dtype=0x4c000840, rbuf=0x154783b10000, rcount=8704, datatype=dtype=0x4c000840, comm=comm=0xc4000006) failed
MPIR_CRAY_Alltoall_throttled(471): 
MPIR_Waitall(167)................: 
MPIR_Waitall_impl(51)............: 
MPID_Progress_wait(184)..........: 
MPIDI_Progress_test(80)..........: 
MPIDI_OFI_handle_cq_error(1059)..: OFI poll failed (ofi_events.c:1061:MPIDI_OFI_handle_cq_error:Input/output error - remote access error)
MPICH ERROR [Rank 18] [job id 2070c35b-9f90-4d8c-a5e4-2574e860a9ff] [Thu Aug  3 06:15:44 2023] [x3004c0s13b1n0] - Abort(674306447) (rank 18 in comm 0): Fatal error in PMPI_Alltoall: Other MPI error, error stack:
PMPI_Alltoall(433)...............: MPI_Alltoall(sbuf=0x14e843a00000, scount=8704, dtype=0x4c000840, rbuf=0x14e843b10000, rcount=8704, datatype=dtype=0x4c000840, comm=comm=0xc4000006) failed
MPIR_CRAY_Alltoall_throttled(471): 
MPIR_Waitall(167)................: 
MPIR_Waitall_impl(51)............: 
MPID_Progress_wait(184)..........: 
MPIDI_Progress_test(80)..........: 
MPIDI_OFI_handle_cq_error(1059)..: OFI poll failed (ofi_events.c:1061:MPIDI_OFI_handle_cq_error:Input/output error - remote access error)

aborting job:
Fatal error in PMPI_Alltoall: Other MPI error, error stack:
PMPI_Alltoall(433)...............: MPI_Alltoall(sbuf=0x14e843a00000, scount=8704, dtype=0x4c000840, rbuf=0x14e843b10000, rcount=8704, datatype=dtype=0x4c000840, comm=comm=0xc4000006) failed
MPIR_CRAY_Alltoall_throttled(471): 
MPIR_Waitall(167)................: 
MPIR_Waitall_impl(51)............: 
MPID_Progress_wait(184)..........: 
MPIDI_Progress_test(80)..........: 
MPIDI_OFI_handle_cq_error(1059)..: OFI poll failed (ofi_events.c:1061:MPIDI_OFI_handle_cq_error:Input/output error - remote access error)
x3004c0s19b1n0.hsn.cm.polaris.alcf.anl.gov: rank 25 exited with code 255
