“RANK= 17 LOCAL_RANK= 1 gpu= 2”
“RANK= 18 LOCAL_RANK= 2 gpu= 1”
“RANK= 19 LOCAL_RANK= 3 gpu= 0”
“RANK= 16 LOCAL_RANK= 0 gpu= 3”
“RANK= 25 LOCAL_RANK= 1 gpu= 2”
“RANK= 24 LOCAL_RANK= 0 gpu= 3”
“RANK= 26 LOCAL_RANK= 2 gpu= 1”
“RANK= 27 LOCAL_RANK= 3 gpu= 0”
“RANK= 12 LOCAL_RANK= 0 gpu= 3”
“RANK= 8 LOCAL_RANK= 0 gpu= 3”
“RANK= 10 LOCAL_RANK= 2 gpu= 1”
“RANK= 14 LOCAL_RANK= 2 gpu= 1”
“RANK= 13 LOCAL_RANK= 1 gpu= 2”
“RANK= 15 LOCAL_RANK= 3 gpu= 0”
“RANK= 9 LOCAL_RANK= 1 gpu= 2”
“RANK= 11 LOCAL_RANK= 3 gpu= 0”
“RANK= 0 LOCAL_RANK= 0 gpu= 3”
“RANK= 2 LOCAL_RANK= 2 gpu= 1”
“RANK= 1 LOCAL_RANK= 1 gpu= 2”
“RANK= 3 LOCAL_RANK= 3 gpu= 0”
“RANK= 5 LOCAL_RANK= 1 gpu= 2”
+ '[' -z '' ']'
+ case "$-" in
+ __lmod_vx=x
+ '[' -n x ']'
+ '[' -z '' ']'
+ case "$-" in
+ __lmod_vx=x
+ '[' -n x ']'
+ set +x
Shell debugging temporarily silenced: export LMOD_SH_DBG_ON=1 for this output (/usr/share/lmod/lmod/init/bash)
“RANK= 4 LOCAL_RANK= 0 gpu= 3”
+ set +x
Shell debugging restarted
+ unset __lmod_vx
+ '[' -z '' ']'
+ case "$-" in
+ '[' -z '' ']'
+ case "$-" in
Shell debugging temporarily silenced: export LMOD_SH_DBG_ON=1 for this output (/usr/share/lmod/lmod/init/bash)
“RANK= 7 LOCAL_RANK= 3 gpu= 0”
Shell debugging temporarily silenced: export LMOD_SH_DBG_ON=1 for this output (/usr/share/lmod/lmod/init/bash)
Shell debugging temporarily silenced: export LMOD_SH_DBG_ON=1 for this output (/usr/share/lmod/lmod/init/bash)
+ '[' -z '' ']'
+ case "$-" in
+ __lmod_vx=x
+ '[' -n x ']'
+ set +x
+ '[' -z '' ']'
+ case "$-" in
+ __lmod_vx=x
+ '[' -n x ']'
+ set +x
+ __lmod_vx=x
+ '[' -n x ']'
+ set +x
Shell debugging temporarily silenced: export LMOD_SH_DBG_ON=1 for this output (/usr/share/lmod/lmod/init/bash)
“RANK= 6 LOCAL_RANK= 2 gpu= 1”
Shell debugging temporarily silenced: export LMOD_SH_DBG_ON=1 for this output (/usr/share/lmod/lmod/init/bash)
Shell debugging restarted
Shell debugging temporarily silenced: export LMOD_SH_DBG_ON=1 for this output (/usr/share/lmod/lmod/init/bash)
Shell debugging temporarily silenced: export LMOD_SH_DBG_ON=1 for this output (/usr/share/lmod/lmod/init/bash)
+ __lmod_vx=x
+ '[' -n x ']'
+ set +x
+ unset __lmod_vx
+ '[' -z '' ']'
+ case "$-" in
+ __lmod_vx=x
+ '[' -n x ']'
+ set +x
+ '[' -z '' ']'
+ case "$-" in
+ __lmod_vx=x
+ '[' -n x ']'
+ set +x
Shell debugging restarted
+ unset __lmod_vx
Shell debugging restarted
+ '[' -z '' ']'
Shell debugging temporarily silenced: export LMOD_SH_DBG_ON=1 for this output (/usr/share/lmod/lmod/init/bash)
Shell debugging restarted
+ unset __lmod_vx
+ unset __lmod_vx
+ '[' -z '' ']'
+ case "$-" in
+ __lmod_vx=x
+ '[' -n x ']'
+ set +x
+ '[' -z '' ']'
+ case "$-" in
+ __lmod_vx=x
+ '[' -n x ']'
+ set +x
Shell debugging restarted
+ unset __lmod_vx
+ '[' -z '' ']'
+ case "$-" in
+ case "$-" in
+ __lmod_vx=x
+ '[' -n x ']'
+ set +x
Shell debugging restarted
+ unset __lmod_vx
“RANK= 21 LOCAL_RANK= 1 gpu= 2”
+ speed3d_r2c cufft double 128 128 128 -a2av -p2p_pl -r2c_dir 0 -n5
+ '[' -z '' ']'
+ case "$-" in
+ __lmod_vx=x
Shell debugging temporarily silenced: export LMOD_SH_DBG_ON=1 for this output (/usr/share/lmod/lmod/init/bash)
Shell debugging restarted
+ unset __lmod_vx
+ speed3d_r2c cufft double 128 128 128 -a2av -p2p_pl -r2c_dir 0 -n5
+ __lmod_vx=x
+ '[' -n x ']'
+ set +x
+ speed3d_r2c cufft double 128 128 128 -a2av -p2p_pl -r2c_dir 0 -n5
Shell debugging temporarily silenced: export LMOD_SH_DBG_ON=1 for this output (/usr/share/lmod/lmod/init/bash)
+ speed3d_r2c cufft double 128 128 128 -a2av -p2p_pl -r2c_dir 0 -n5
+ '[' -z '' ']'
+ case "$-" in
+ __lmod_vx=x
+ '[' -n x ']'
+ set +x
+ '[' -z '' ']'
+ case "$-" in
+ __lmod_vx=x
+ '[' -n x ']'
+ set +x
+ '[' -z '' ']'
+ case "$-" in
+ __lmod_vx=x
+ '[' -n x ']'
+ set +x
“RANK= 20 LOCAL_RANK= 0 gpu= 3”
+ speed3d_r2c cufft double 128 128 128 -a2av -p2p_pl -r2c_dir 0 -n5
Shell debugging temporarily silenced: export LMOD_SH_DBG_ON=1 for this output (/usr/share/lmod/lmod/init/bash)
Shell debugging temporarily silenced: export LMOD_SH_DBG_ON=1 for this output (/usr/share/lmod/lmod/init/bash)
Shell debugging restarted
+ unset __lmod_vx
“RANK= 22 LOCAL_RANK= 2 gpu= 1”
+ '[' -n x ']'
+ set +x
Shell debugging temporarily silenced: export LMOD_SH_DBG_ON=1 for this output (/usr/share/lmod/lmod/init/bash)
+ speed3d_r2c cufft double 128 128 128 -a2av -p2p_pl -r2c_dir 0 -n5
“RANK= 23 LOCAL_RANK= 3 gpu= 0”
Shell debugging temporarily silenced: export LMOD_SH_DBG_ON=1 for this output (/usr/share/lmod/lmod/init/bash)
Shell debugging restarted
+ unset __lmod_vx
+ speed3d_r2c cufft double 128 128 128 -a2av -p2p_pl -r2c_dir 0 -n5
Shell debugging temporarily silenced: export LMOD_SH_DBG_ON=1 for this output (/usr/share/lmod/lmod/init/bash)
+ speed3d_r2c cufft double 128 128 128 -a2av -p2p_pl -r2c_dir 0 -n5
Shell debugging restarted
+ unset __lmod_vx
+ speed3d_r2c cufft double 128 128 128 -a2av -p2p_pl -r2c_dir 0 -n5
Shell debugging restarted
+ unset __lmod_vx
+ speed3d_r2c cufft double 128 128 128 -a2av -p2p_pl -r2c_dir 0 -n5
“RANK= 29 LOCAL_RANK= 1 gpu= 2”
+ '[' -z '' ']'
+ case "$-" in
Shell debugging restarted
+ unset __lmod_vx
Shell debugging restarted
+ unset __lmod_vx
+ speed3d_r2c cufft double 128 128 128 -a2av -p2p_pl -r2c_dir 0 -n5
“RANK= 31 LOCAL_RANK= 3 gpu= 0”
Shell debugging temporarily silenced: export LMOD_SH_DBG_ON=1 for this output (/usr/share/lmod/lmod/init/bash)
+ speed3d_r2c cufft double 128 128 128 -a2av -p2p_pl -r2c_dir 0 -n5
+ speed3d_r2c cufft double 128 128 128 -a2av -p2p_pl -r2c_dir 0 -n5
“RANK= 30 LOCAL_RANK= 2 gpu= 1”
+ __lmod_vx=x
+ '[' -n x ']'
+ set +x
Shell debugging restarted
+ unset __lmod_vx
+ speed3d_r2c cufft double 128 128 128 -a2av -p2p_pl -r2c_dir 0 -n5
+ speed3d_r2c cufft double 128 128 128 -a2av -p2p_pl -r2c_dir 0 -n5
“RANK= 28 LOCAL_RANK= 0 gpu= 3”
+ '[' -z '' ']'
+ case "$-" in
+ __lmod_vx=x
Shell debugging restarted
+ unset __lmod_vx
Shell debugging temporarily silenced: export LMOD_SH_DBG_ON=1 for this output (/usr/share/lmod/lmod/init/bash)
+ speed3d_r2c cufft double 128 128 128 -a2av -p2p_pl -r2c_dir 0 -n5
+ '[' -n x ']'
+ set +x
Shell debugging temporarily silenced: export LMOD_SH_DBG_ON=1 for this output (/usr/share/lmod/lmod/init/bash)
+ '[' -z '' ']'
+ case "$-" in
+ __lmod_vx=x
+ '[' -n x ']'
+ set +x
Shell debugging restarted
+ unset __lmod_vx
+ '[' -z '' ']'
+ case "$-" in
+ __lmod_vx=x
+ '[' -n x ']'
Shell debugging temporarily silenced: export LMOD_SH_DBG_ON=1 for this output (/usr/share/lmod/lmod/init/bash)
+ '[' -z '' ']'
+ case "$-" in
+ __lmod_vx=x
+ set +x
Shell debugging temporarily silenced: export LMOD_SH_DBG_ON=1 for this output (/usr/share/lmod/lmod/init/bash)
Shell debugging restarted
+ unset __lmod_vx
+ '[' -n x ']'
+ set +x
Shell debugging restarted
+ unset __lmod_vx
+ speed3d_r2c cufft double 128 128 128 -a2av -p2p_pl -r2c_dir 0 -n5
+ '[' -z '' ']'
+ case "$-" in
+ speed3d_r2c cufft double 128 128 128 -a2av -p2p_pl -r2c_dir 0 -n5
+ '[' -z '' ']'
+ case "$-" in
+ __lmod_vx=x
+ speed3d_r2c cufft double 128 128 128 -a2av -p2p_pl -r2c_dir 0 -n5
+ '[' -z '' ']'
+ case "$-" in
+ __lmod_vx=x
+ '[' -n x ']'
+ set +x
Shell debugging restarted
+ unset __lmod_vx
Shell debugging temporarily silenced: export LMOD_SH_DBG_ON=1 for this output (/usr/share/lmod/lmod/init/bash)
+ speed3d_r2c cufft double 128 128 128 -a2av -p2p_pl -r2c_dir 0 -n5
+ __lmod_vx=x
+ '[' -n x ']'
+ set +x
Shell debugging restarted
+ unset __lmod_vx
Shell debugging temporarily silenced: export LMOD_SH_DBG_ON=1 for this output (/usr/share/lmod/lmod/init/bash)
+ '[' -n x ']'
+ set +x
Shell debugging temporarily silenced: export LMOD_SH_DBG_ON=1 for this output (/usr/share/lmod/lmod/init/bash)
Shell debugging restarted
+ unset __lmod_vx
Shell debugging restarted
+ unset __lmod_vx
Shell debugging restarted
+ speed3d_r2c cufft double 128 128 128 -a2av -p2p_pl -r2c_dir 0 -n5
+ unset __lmod_vx
+ speed3d_r2c cufft double 128 128 128 -a2av -p2p_pl -r2c_dir 0 -n5
+ speed3d_r2c cufft double 128 128 128 -a2av -p2p_pl -r2c_dir 0 -n5
+ speed3d_r2c cufft double 128 128 128 -a2av -p2p_pl -r2c_dir 0 -n5
+ '[' -z '' ']'
+ case "$-" in
Shell debugging temporarily silenced: export LMOD_SH_DBG_ON=1 for this output (/usr/share/lmod/lmod/init/bash)
+ __lmod_vx=x
+ '[' -n x ']'
+ set +x
+ '[' -z '' ']'
+ case "$-" in
+ __lmod_vx=x
+ '[' -n x ']'
+ set +x
Shell debugging temporarily silenced: export LMOD_SH_DBG_ON=1 for this output (/usr/share/lmod/lmod/init/bash)
+ '[' -z '' ']'
+ case "$-" in
+ __lmod_vx=x
+ '[' -n x ']'
+ set +x
Shell debugging temporarily silenced: export LMOD_SH_DBG_ON=1 for this output (/usr/share/lmod/lmod/init/bash)
+ '[' -z '' ']'
+ case "$-" in
+ __lmod_vx=x
+ '[' -n x ']'
+ set +x
Shell debugging temporarily silenced: export LMOD_SH_DBG_ON=1 for this output (/usr/share/lmod/lmod/init/bash)
Shell debugging restarted
+ unset __lmod_vx
Shell debugging restarted
+ unset __lmod_vx
Shell debugging restarted
+ unset __lmod_vx
Shell debugging restarted
+ unset __lmod_vx
+ speed3d_r2c cufft double 128 128 128 -a2av -p2p_pl -r2c_dir 0 -n5
+ speed3d_r2c cufft double 128 128 128 -a2av -p2p_pl -r2c_dir 0 -n5
+ speed3d_r2c cufft double 128 128 128 -a2av -p2p_pl -r2c_dir 0 -n5
+ speed3d_r2c cufft double 128 128 128 -a2av -p2p_pl -r2c_dir 0 -n5
+ '[' -z '' ']'
+ case "$-" in
+ __lmod_vx=x
+ '[' -z '' ']'
+ case "$-" in
+ __lmod_vx=x
Shell debugging temporarily silenced: export LMOD_SH_DBG_ON=1 for this output (/usr/share/lmod/lmod/init/bash)
+ '[' -n x ']'
+ set +x
Shell debugging restarted
+ unset __lmod_vx
Shell debugging temporarily silenced: export LMOD_SH_DBG_ON=1 for this output (/usr/share/lmod/lmod/init/bash)
+ '[' -z '' ']'
+ case "$-" in
+ __lmod_vx=x
+ '[' -n x ']'
+ set +x
Shell debugging temporarily silenced: export LMOD_SH_DBG_ON=1 for this output (/usr/share/lmod/lmod/init/bash)
+ '[' -n x ']'
+ set +x
Shell debugging restarted
+ unset __lmod_vx
Shell debugging temporarily silenced: export LMOD_SH_DBG_ON=1 for this output (/usr/share/lmod/lmod/init/bash)
+ '[' -z '' ']'
+ case "$-" in
+ __lmod_vx=x
+ '[' -n x ']'
+ set +x
Shell debugging restarted
+ unset __lmod_vx
Shell debugging restarted
+ unset __lmod_vx
+ speed3d_r2c cufft double 128 128 128 -a2av -p2p_pl -r2c_dir 0 -n5
+ speed3d_r2c cufft double 128 128 128 -a2av -p2p_pl -r2c_dir 0 -n5
+ speed3d_r2c cufft double 128 128 128 -a2av -p2p_pl -r2c_dir 0 -n5
+ speed3d_r2c cufft double 128 128 128 -a2av -p2p_pl -r2c_dir 0 -n5
MPICH ERROR [Rank 2] [job id 2a8e255c-ba8a-4e8c-95f6-255671db9e24] [Thu Aug  3 06:16:22 2023] [x3003c0s31b1n0] - Abort(672805263) (rank 2 in comm 0): Fatal error in PMPI_Waitany: Other MPI error, error stack:
PMPI_Waitany(277)..............: MPI_Waitany(count=4, req_array=0xc52aa0, index=0x7fff5af4989c, status=0x1) failed
PMPI_Waitany(245)..............: 
MPIDI_Progress_test(80)........: 
MPIDI_OFI_handle_cq_error(1059): OFI poll failed (ofi_events.c:1061:MPIDI_OFI_handle_cq_error:Input/output error - remote access error)

aborting job:
Fatal error in PMPI_Waitany: Other MPI error, error stack:
PMPI_Waitany(277)..............: MPI_Waitany(count=4, req_array=0xc52aa0, index=0x7fff5af4989c, status=0x1) failed
PMPI_Waitany(245)..............: 
MPIDI_Progress_test(80)........: 
MPIDI_OFI_handle_cq_error(1059): OFI poll failed (ofi_events.c:1061:MPIDI_OFI_handle_cq_error:Input/output error - remote access error)
MPICH ERROR [Rank 13] [job id 2a8e255c-ba8a-4e8c-95f6-255671db9e24] [Thu Aug  3 06:16:22 2023] [x3003c0s7b0n0] - Abort(270676367) (rank 13 in comm 0): Fatal error in PMPI_Waitany: Other MPI error, error stack:
PMPI_Waitany(277)..............: MPI_Waitany(count=4, req_array=0x110b920, index=0x7ffe8076a57c, status=0x1) failed
PMPI_Waitany(245)..............: 
MPIR_Waitany_impl(97)..........: 
MPIDI_Progress_test(80)........: 
MPIDI_OFI_handle_cq_error(1059): OFI poll failed (ofi_events.c:1061:MPIDI_OFI_handle_cq_error:Input/output error - remote access error)

aborting job:
Fatal error in PMPI_Waitany: Other MPI error, error stack:
PMPI_Waitany(277)..............: MPI_Waitany(count=4, req_array=0x110b920, index=0x7ffe8076a57c, status=0x1) failed
PMPI_Waitany(245)..............: 
MPIR_Waitany_impl(97)..........: 
MPIDI_Progress_test(80)........: 
MPIDI_OFI_handle_cq_error(1059): OFI poll failed (ofi_events.c:1061:MPIDI_OFI_handle_cq_error:Input/output error - remote access error)
MPICH ERROR [Rank 21] [job id 2a8e255c-ba8a-4e8c-95f6-255671db9e24] [Thu Aug  3 06:16:22 2023] [x3004c0s19b0n0] - Abort(68825487) (rank 21 in comm 0): Fatal error in PMPI_Waitany: Other MPI error, error stack:
PMPI_Waitany(277)..............: MPI_Waitany(count=3, req_array=0x9b2f70, index=0x7ffdd77826dc, status=0x1) failed
PMPI_Waitany(245)..............: 
MPIDI_Progress_test(80)........: 
MPIDI_OFI_handle_cq_error(1059): OFI poll failed (ofi_events.c:1061:MPIDI_OFI_handle_cq_error:Input/output error - remote access error)

aborting job:
Fatal error in PMPI_Waitany: Other MPI error, error stack:
PMPI_Waitany(277)..............: MPI_Waitany(count=3, req_array=0x9b2f70, index=0x7ffdd77826dc, status=0x1) failed
PMPI_Waitany(245)..............: 
MPIDI_Progress_test(80)........: 
MPIDI_OFI_handle_cq_error(1059): OFI poll failed (ofi_events.c:1061:MPIDI_OFI_handle_cq_error:Input/output error - remote access error)
MPICH ERROR [Rank 0] [job id 2a8e255c-ba8a-4e8c-95f6-255671db9e24] [Thu Aug  3 06:16:22 2023] [x3003c0s31b1n0] - Abort(68825487) (rank 0 in comm 0): Fatal error in PMPI_Waitany: Other MPI error, error stack:
PMPI_Waitany(277)..............: MPI_Waitany(count=3, req_array=0xa558a0, index=0x7ffc58f1c15c, status=0x1) failed
PMPI_Waitany(245)..............: 
MPIDI_Progress_test(80)........: 
MPIDI_OFI_handle_cq_error(1059): OFI poll failed (ofi_events.c:1061:MPIDI_OFI_handle_cq_error:Input/output error - remote access error)

aborting job:
Fatal error in PMPI_Waitany: Other MPI error, error stack:
PMPI_Waitany(277)..............: MPI_Waitany(count=3, req_array=0xa558a0, index=0x7ffc58f1c15c, status=0x1) failed
PMPI_Waitany(245)..............: 
MPIDI_Progress_test(80)........: 
MPIDI_OFI_handle_cq_error(1059): OFI poll failed (ofi_events.c:1061:MPIDI_OFI_handle_cq_error:Input/output error - remote access error)
MPICH ERROR [Rank 15] [job id 2a8e255c-ba8a-4e8c-95f6-255671db9e24] [Thu Aug  3 06:16:22 2023] [x3003c0s7b0n0] - Abort(672805263) (rank 15 in comm 0): Fatal error in PMPI_Waitany: Other MPI error, error stack:
PMPI_Waitany(277)..............: MPI_Waitany(count=4, req_array=0x1870920, index=0x7ffd6bac656c, status=0x1) failed
PMPI_Waitany(245)..............: 
MPIDI_Progress_test(80)........: 
MPIDI_OFI_handle_cq_error(1059): OFI poll failed (ofi_events.c:1061:MPIDI_OFI_handle_cq_error:Input/output error - remote access error)

aborting job:
Fatal error in PMPI_Waitany: Other MPI error, error stack:
PMPI_Waitany(277)..............: MPI_Waitany(count=4, req_array=0x1870920, index=0x7ffd6bac656c, status=0x1) failed
PMPI_Waitany(245)..............: 
MPIDI_Progress_test(80)........: 
MPIDI_OFI_handle_cq_error(1059): OFI poll failed (ofi_events.c:1061:MPIDI_OFI_handle_cq_error:Input/output error - remote access error)
MPICH ERROR [Rank 27] [job id 2a8e255c-ba8a-4e8c-95f6-255671db9e24] [Thu Aug  3 06:16:22 2023] [x3004c0s19b1n0] - Abort(270152079) (rank 27 in comm 0): Fatal error in PMPI_Waitany: Other MPI error, error stack:
PMPI_Waitany(277)..............: MPI_Waitany(count=4, req_array=0x1180670, index=0x7ffc3dd2a77c, status=0x1) failed
PMPI_Waitany(245)..............: 
MPIDI_Progress_test(80)........: 
MPIDI_OFI_handle_cq_error(1059): OFI poll failed (ofi_events.c:1061:MPIDI_OFI_handle_cq_error:Input/output error - local protection error)

aborting job:
Fatal error in PMPI_Waitany: Other MPI error, error stack:
PMPI_Waitany(277)..............: MPI_Waitany(count=4, req_array=0x1180670, index=0x7ffc3dd2a77c, status=0x1) failed
PMPI_Waitany(245)..............: 
MPIDI_Progress_test(80)........: 
MPIDI_OFI_handle_cq_error(1059): OFI poll failed (ofi_events.c:1061:MPIDI_OFI_handle_cq_error:Input/output error - local protection error)
MPICH ERROR [Rank 29] [job id 2a8e255c-ba8a-4e8c-95f6-255671db9e24] [Thu Aug  3 06:16:22 2023] [x3004c0s25b0n0] - Abort(874656143) (rank 29 in comm 0): Fatal error in PMPI_Waitany: Other MPI error, error stack:
PMPI_Waitany(277)..............: MPI_Waitany(count=4, req_array=0xab7920, index=0x7ffd67bbe00c, status=0x1) failed
PMPI_Waitany(245)..............: 
MPIR_Waitany_impl(97)..........: 
MPIDI_Progress_test(80)........: 
MPIDI_OFI_handle_cq_error(1059): OFI poll failed (ofi_events.c:1061:MPIDI_OFI_handle_cq_error:Input/output error - remote access error)

aborting job:
Fatal error in PMPI_Waitany: Other MPI error, error stack:
PMPI_Waitany(277)..............: MPI_Waitany(count=4, req_array=0xab7920, index=0x7ffd67bbe00c, status=0x1) failed
PMPI_Waitany(245)..............: 
MPIR_Waitany_impl(97)..........: 
MPIDI_Progress_test(80)........: 
MPIDI_OFI_handle_cq_error(1059): OFI poll failed (ofi_events.c:1061:MPIDI_OFI_handle_cq_error:Input/output error - remote access error)
MPICH ERROR [Rank 30] [job id 2a8e255c-ba8a-4e8c-95f6-255671db9e24] [Thu Aug  3 06:16:22 2023] [x3004c0s25b0n0] - Abort(874656143) (rank 30 in comm 0): Fatal error in PMPI_Waitany: Other MPI error, error stack:
PMPI_Waitany(277)..............: MPI_Waitany(count=4, req_array=0x1767740, index=0x7ffe2cadf6dc, status=0x1) failed
PMPI_Waitany(245)..............: 
MPIR_Waitany_impl(97)..........: 
MPIDI_Progress_test(80)........: 
MPIDI_OFI_handle_cq_error(1059): OFI poll failed (ofi_events.c:1061:MPIDI_OFI_handle_cq_error:Input/output error - remote access error)

aborting job:
Fatal error in PMPI_Waitany: Other MPI error, error stack:
PMPI_Waitany(277)..............: MPI_Waitany(count=4, req_array=0x1767740, index=0x7ffe2cadf6dc, status=0x1) failed
PMPI_Waitany(245)..............: 
MPIR_Waitany_impl(97)..........: 
MPIDI_Progress_test(80)........: 
MPIDI_OFI_handle_cq_error(1059): OFI poll failed (ofi_events.c:1061:MPIDI_OFI_handle_cq_error:Input/output error - remote access error)
MPICH ERROR [Rank 31] [job id 2a8e255c-ba8a-4e8c-95f6-255671db9e24] [Thu Aug  3 06:16:22 2023] [x3004c0s25b0n0] - Abort(2240911) (rank 31 in comm 0): Fatal error in PMPI_Waitany: Other MPI error, error stack:
PMPI_Waitany(277)..............: MPI_Waitany(count=3, req_array=0x24fb670, index=0x7fff48f6a54c, status=0x1) failed
PMPI_Waitany(245)..............: 
MPIR_Waitany_impl(97)..........: 
MPIDI_Progress_test(80)........: 
MPIDI_OFI_handle_cq_error(1059): OFI poll failed (ofi_events.c:1061:MPIDI_OFI_handle_cq_error:Input/output error - remote access error)

aborting job:
Fatal error in PMPI_Waitany: Other MPI error, error stack:
PMPI_Waitany(277)..............: MPI_Waitany(count=3, req_array=0x24fb670, index=0x7fff48f6a54c, status=0x1) failed
PMPI_Waitany(245)..............: 
MPIR_Waitany_impl(97)..........: 
MPIDI_Progress_test(80)........: 
MPIDI_OFI_handle_cq_error(1059): OFI poll failed (ofi_events.c:1061:MPIDI_OFI_handle_cq_error:Input/output error - remote access error)
MPICH ERROR [Rank 20] [job id 2a8e255c-ba8a-4e8c-95f6-255671db9e24] [Thu Aug  3 06:16:22 2023] [x3004c0s19b0n0] - Abort(472002959) (rank 20 in comm 0): Fatal error in PMPI_Waitany: Other MPI error, error stack:
PMPI_Waitany(277)..............: MPI_Waitany(count=4, req_array=0x10a1e30, index=0x7fff302f0e8c, status=0x1) failed
PMPI_Waitany(245)..............: 
MPIR_Waitany_impl(97)..........: 
MPIDI_Progress_test(80)........: 
MPIDI_OFI_handle_cq_error(1059): OFI poll failed (ofi_events.c:1061:MPIDI_OFI_handle_cq_error:Input/output error - remote access error)

aborting job:
Fatal error in PMPI_Waitany: Other MPI error, error stack:
PMPI_Waitany(277)..............: MPI_Waitany(count=4, req_array=0x10a1e30, index=0x7fff302f0e8c, status=0x1) failed
PMPI_Waitany(245)..............: 
MPIR_Waitany_impl(97)..........: 
MPIDI_Progress_test(80)........: 
MPIDI_OFI_handle_cq_error(1059): OFI poll failed (ofi_events.c:1061:MPIDI_OFI_handle_cq_error:Input/output error - remote access error)
MPICH ERROR [Rank 19] [job id 2a8e255c-ba8a-4e8c-95f6-255671db9e24] [Thu Aug  3 06:16:22 2023] [x3004c0s13b1n0] - Abort(807022991) (rank 19 in comm 0): Fatal error in PMPI_Waitany: Other MPI error, error stack:
PMPI_Waitany(277)..............: MPI_Waitany(count=4, req_array=0x1ef9d20, index=0x7fff19ce506c, status=0x1) failed
PMPI_Waitany(245)..............: 
MPIDI_Progress_test(80)........: 
MPIDI_OFI_handle_cq_error(1059): OFI poll failed (ofi_events.c:1061:MPIDI_OFI_handle_cq_error:Input/output error - local protection error)

aborting job:
Fatal error in PMPI_Waitany: Other MPI error, error stack:
PMPI_Waitany(277)..............: MPI_Waitany(count=4, req_array=0x1ef9d20, index=0x7fff19ce506c, status=0x1) failed
PMPI_Waitany(245)..............: 
MPIDI_Progress_test(80)........: 
MPIDI_OFI_handle_cq_error(1059): OFI poll failed (ofi_events.c:1061:MPIDI_OFI_handle_cq_error:Input/output error - local protection error)
MPICH ERROR [Rank 7] [job id 2a8e255c-ba8a-4e8c-95f6-255671db9e24] [Thu Aug  3 06:16:22 2023] [x3003c0s37b0n0] - Abort(2240911) (rank 7 in comm 0): Fatal error in PMPI_Waitany: Other MPI error, error stack:
PMPI_Waitany(277)..............: MPI_Waitany(count=4, req_array=0x1d93490, index=0x7fff90721b9c, status=0x1) failed
PMPI_Waitany(245)..............: 
MPIR_Waitany_impl(97)..........: 
MPIDI_Progress_test(80)........: 
MPIDI_OFI_handle_cq_error(1059): OFI poll failed (ofi_events.c:1061:MPIDI_OFI_handle_cq_error:Input/output error - local protection error)

aborting job:
Fatal error in PMPI_Waitany: Other MPI error, error stack:
PMPI_Waitany(277)..............: MPI_Waitany(count=4, req_array=0x1d93490, index=0x7fff90721b9c, status=0x1) failed
PMPI_Waitany(245)..............: 
MPIR_Waitany_impl(97)..........: 
MPIDI_Progress_test(80)........: 
MPIDI_OFI_handle_cq_error(1059): OFI poll failed (ofi_events.c:1061:MPIDI_OFI_handle_cq_error:Input/output error - local protection error)
MPICH ERROR [Rank 3] [job id 2a8e255c-ba8a-4e8c-95f6-255671db9e24] [Thu Aug  3 06:16:22 2023] [x3003c0s31b1n0] - Abort(2240911) (rank 3 in comm 0): Fatal error in PMPI_Waitany: Other MPI error, error stack:
PMPI_Waitany(277)..............: MPI_Waitany(count=4, req_array=0x15996f0, index=0x7fff506779fc, status=0x1) failed
PMPI_Waitany(245)..............: 
MPIR_Waitany_impl(97)..........: 
MPIDI_Progress_test(80)........: 
MPIDI_OFI_handle_cq_error(1059): OFI poll failed (ofi_events.c:1061:MPIDI_OFI_handle_cq_error:Input/output error - local protection error)

aborting job:
Fatal error in PMPI_Waitany: Other MPI error, error stack:
PMPI_Waitany(277)..............: MPI_Waitany(count=4, req_array=0x15996f0, index=0x7fff506779fc, status=0x1) failed
PMPI_Waitany(245)..............: 
MPIR_Waitany_impl(97)..........: 
MPIDI_Progress_test(80)........: 
MPIDI_OFI_handle_cq_error(1059): OFI poll failed (ofi_events.c:1061:MPIDI_OFI_handle_cq_error:Input/output error - local protection error)
MPICH ERROR [Rank 5] [job id 2a8e255c-ba8a-4e8c-95f6-255671db9e24] [Thu Aug  3 06:16:22 2023] [x3003c0s37b0n0] - Abort(68825487) (rank 5 in comm 0): Fatal error in PMPI_Waitany: Other MPI error, error stack:
PMPI_Waitany(277)..............: MPI_Waitany(count=4, req_array=0xd39520, index=0x7fff42407a4c, status=0x1) failed
PMPI_Waitany(245)..............: 
MPIDI_Progress_test(80)........: 
MPIDI_OFI_handle_cq_error(1059): OFI poll failed (ofi_events.c:1061:MPIDI_OFI_handle_cq_error:Input/output error - remote access error)

aborting job:
Fatal error in PMPI_Waitany: Other MPI error, error stack:
PMPI_Waitany(277)..............: MPI_Waitany(count=4, req_array=0xd39520, index=0x7fff42407a4c, status=0x1) failed
PMPI_Waitany(245)..............: 
MPIDI_Progress_test(80)........: 
MPIDI_OFI_handle_cq_error(1059): OFI poll failed (ofi_events.c:1061:MPIDI_OFI_handle_cq_error:Input/output error - remote access error)
MPICH ERROR [Rank 6] [job id 2a8e255c-ba8a-4e8c-95f6-255671db9e24] [Thu Aug  3 06:16:22 2023] [x3003c0s37b0n0] - Abort(739914127) (rank 6 in comm 0): Fatal error in PMPI_Waitany: Other MPI error, error stack:
PMPI_Waitany(277)..............: MPI_Waitany(count=4, req_array=0x1d8ff10, index=0x7ffc0a4007dc, status=0x1) failed
PMPI_Waitany(245)..............: 
MPIDI_Progress_test(80)........: 
MPIDI_OFI_handle_cq_error(1059): OFI poll failed (ofi_events.c:1061:MPIDI_OFI_handle_cq_error:Input/output error - remote access error)

aborting job:
Fatal error in PMPI_Waitany: Other MPI error, error stack:
PMPI_Waitany(277)..............: MPI_Waitany(count=4, req_array=0x1d8ff10, index=0x7ffc0a4007dc, status=0x1) failed
PMPI_Waitany(245)..............: 
MPIDI_Progress_test(80)........: 
MPIDI_OFI_handle_cq_error(1059): OFI poll failed (ofi_events.c:1061:MPIDI_OFI_handle_cq_error:Input/output error - remote access error)
MPICH ERROR [Rank 26] [job id 2a8e255c-ba8a-4e8c-95f6-255671db9e24] [Thu Aug  3 06:16:22 2023] [x3004c0s19b1n0] - Abort(606220687) (rank 26 in comm 0): Fatal error in PMPI_Waitany: Other MPI error, error stack:
PMPI_Waitany(277)..............: MPI_Waitany(count=4, req_array=0x1048670, index=0x7ffebe94017c, status=0x1) failed
PMPI_Waitany(245)..............: 
MPIR_Waitany_impl(97)..........: 
MPIDI_Progress_test(80)........: 
MPIDI_OFI_handle_cq_error(1059): OFI poll failed (ofi_events.c:1061:MPIDI_OFI_handle_cq_error:Input/output error - local protection error)

aborting job:
Fatal error in PMPI_Waitany: Other MPI error, error stack:
PMPI_Waitany(277)..............: MPI_Waitany(count=4, req_array=0x1048670, index=0x7ffebe94017c, status=0x1) failed
PMPI_Waitany(245)..............: 
MPIR_Waitany_impl(97)..........: 
MPIDI_Progress_test(80)........: 
MPIDI_OFI_handle_cq_error(1059): OFI poll failed (ofi_events.c:1061:MPIDI_OFI_handle_cq_error:Input/output error - local protection error)
MPICH ERROR [Rank 24] [job id 2a8e255c-ba8a-4e8c-95f6-255671db9e24] [Thu Aug  3 06:16:22 2023] [x3004c0s19b1n0] - Abort(740438415) (rank 24 in comm 0): Fatal error in PMPI_Waitany: Other MPI error, error stack:
PMPI_Waitany(277)..............: MPI_Waitany(count=4, req_array=0x2179e30, index=0x7ffef76c0dcc, status=0x1) failed
PMPI_Waitany(245)..............: 
MPIR_Waitany_impl(97)..........: 
MPIDI_Progress_test(80)........: 
MPIDI_OFI_handle_cq_error(1059): OFI poll failed (ofi_events.c:1061:MPIDI_OFI_handle_cq_error:Input/output error - remote access error)

aborting job:
Fatal error in PMPI_Waitany: Other MPI error, error stack:
PMPI_Waitany(277)..............: MPI_Waitany(count=4, req_array=0x2179e30, index=0x7ffef76c0dcc, status=0x1) failed
PMPI_Waitany(245)..............: 
MPIR_Waitany_impl(97)..........: 
MPIDI_Progress_test(80)........: 
MPIDI_OFI_handle_cq_error(1059): OFI poll failed (ofi_events.c:1061:MPIDI_OFI_handle_cq_error:Input/output error - remote access error)
MPICH ERROR [Rank 23] [job id 2a8e255c-ba8a-4e8c-95f6-255671db9e24] [Thu Aug  3 06:16:22 2023] [x3004c0s19b0n0] - Abort(68825487) (rank 23 in comm 0): Fatal error in PMPI_Waitany: Other MPI error, error stack:
PMPI_Waitany(277)..............: MPI_Waitany(count=4, req_array=0x170c450, index=0x7ffe100cb3ac, status=0x1) failed
PMPI_Waitany(245)..............: 
MPIDI_Progress_test(80)........: 
MPIDI_OFI_handle_cq_error(1059): OFI poll failed (ofi_events.c:1061:MPIDI_OFI_handle_cq_error:Input/output error - remote access error)

aborting job:
Fatal error in PMPI_Waitany: Other MPI error, error stack:
PMPI_Waitany(277)..............: MPI_Waitany(count=4, req_array=0x170c450, index=0x7ffe100cb3ac, status=0x1) failed
PMPI_Waitany(245)..............: 
MPIDI_Progress_test(80)........: 
MPIDI_OFI_handle_cq_error(1059): OFI poll failed (ofi_events.c:1061:MPIDI_OFI_handle_cq_error:Input/output error - remote access error)
MPICH ERROR [Rank 18] [job id 2a8e255c-ba8a-4e8c-95f6-255671db9e24] [Thu Aug  3 06:16:22 2023] [x3004c0s13b1n0] - Abort(874656143) (rank 18 in comm 0): Fatal error in PMPI_Waitany: Other MPI error, error stack:
PMPI_Waitany(277)..............: MPI_Waitany(count=4, req_array=0x8de990, index=0x7ffe0e6fadac, status=0x1) failed
PMPI_Waitany(245)..............: 
MPIR_Waitany_impl(97)..........: 
MPIDI_Progress_test(80)........: 
MPIDI_OFI_handle_cq_error(1059): OFI poll failed (ofi_events.c:1061:MPIDI_OFI_handle_cq_error:Input/output error - local protection error)

aborting job:
Fatal error in PMPI_Waitany: Other MPI error, error stack:
PMPI_Waitany(277)..............: MPI_Waitany(count=4, req_array=0x8de990, index=0x7ffe0e6fadac, status=0x1) failed
PMPI_Waitany(245)..............: 
MPIR_Waitany_impl(97)..........: 
MPIDI_Progress_test(80)........: 
MPIDI_OFI_handle_cq_error(1059): OFI poll failed (ofi_events.c:1061:MPIDI_OFI_handle_cq_error:Input/output error - local protection error)
MPICH ERROR [Rank 11] [job id 2a8e255c-ba8a-4e8c-95f6-255671db9e24] [Thu Aug  3 06:16:22 2023] [x3003c0s37b1n0] - Abort(135900943) (rank 11 in comm 0): Fatal error in PMPI_Isend: Other MPI error, error stack:
PMPI_Isend(161)...........: MPI_Isend(buf=0x149663a20000, count=8192, dtype=0x4c001041, dest=13, tag=0, MPI_COMM_WORLD, request=0x1901814) failed
MPID_Isend(584)...........: 
MPIDI_isend_unsafe(136)...: 
MPIDI_OFI_send_normal(352): OFI tagged senddata failed (ofi_send.h:352:MPIDI_OFI_send_normal:No route to host)

aborting job:
Fatal error in PMPI_Isend: Other MPI error, error stack:
PMPI_Isend(161)...........: MPI_Isend(buf=0x149663a20000, count=8192, dtype=0x4c001041, dest=13, tag=0, MPI_COMM_WORLD, request=0x1901814) failed
MPID_Isend(584)...........: 
MPIDI_isend_unsafe(136)...: 
MPIDI_OFI_send_normal(352): OFI tagged senddata failed (ofi_send.h:352:MPIDI_OFI_send_normal:No route to host)
MPICH ERROR [Rank 1] [job id 2a8e255c-ba8a-4e8c-95f6-255671db9e24] [Thu Aug  3 06:16:22 2023] [x3003c0s31b1n0] - Abort(1716623) (rank 1 in comm 0): Fatal error in PMPI_Waitany: Other MPI error, error stack:
PMPI_Waitany(277)..............: MPI_Waitany(count=4, req_array=0x87bb60, index=0x7ffe8d3013ac, status=0x1) failed
PMPI_Waitany(245)..............: 
MPIDI_Progress_test(80)........: 
MPIDI_OFI_handle_cq_error(1059): OFI poll failed (ofi_events.c:1061:MPIDI_OFI_handle_cq_error:Input/output error - remote access error)

aborting job:
Fatal error in PMPI_Waitany: Other MPI error, error stack:
PMPI_Waitany(277)..............: MPI_Waitany(count=4, req_array=0x87bb60, index=0x7ffe8d3013ac, status=0x1) failed
PMPI_Waitany(245)..............: 
MPIDI_Progress_test(80)........: 
MPIDI_OFI_handle_cq_error(1059): OFI poll failed (ofi_events.c:1061:MPIDI_OFI_handle_cq_error:Input/output error - remote access error)
MPICH ERROR [Rank 4] [job id 2a8e255c-ba8a-4e8c-95f6-255671db9e24] [Thu Aug  3 06:16:22 2023] [x3003c0s37b0n0] - Abort(538587535) (rank 4 in comm 0): Fatal error in PMPI_Waitany: Other MPI error, error stack:
PMPI_Waitany(277)..............: MPI_Waitany(count=4, req_array=0xc85f00, index=0x7ffffbad47fc, status=0x1) failed
PMPI_Waitany(245)..............: 
MPIDI_Progress_test(80)........: 
MPIDI_OFI_handle_cq_error(1059): OFI poll failed (ofi_events.c:1061:MPIDI_OFI_handle_cq_error:Input/output error - remote access error)

aborting job:
Fatal error in PMPI_Waitany: Other MPI error, error stack:
PMPI_Waitany(277)..............: MPI_Waitany(count=4, req_array=0xc85f00, index=0x7ffffbad47fc, status=0x1) failed
PMPI_Waitany(245)..............: 
MPIDI_Progress_test(80)........: 
MPIDI_OFI_handle_cq_error(1059): OFI poll failed (ofi_events.c:1061:MPIDI_OFI_handle_cq_error:Input/output error - remote access error)
MPICH ERROR [Rank 28] [job id 2a8e255c-ba8a-4e8c-95f6-255671db9e24] [Thu Aug  3 06:16:22 2023] [x3004c0s25b0n0] - Abort(672805263) (rank 28 in comm 0): Fatal error in PMPI_Waitany: Other MPI error, error stack:
PMPI_Waitany(277)..............: MPI_Waitany(count=4, req_array=0x1059710, index=0x7fff6733b82c, status=0x1) failed
PMPI_Waitany(245)..............: 
MPIDI_Progress_test(80)........: 
MPIDI_OFI_handle_cq_error(1059): OFI poll failed (ofi_events.c:1061:MPIDI_OFI_handle_cq_error:Input/output error - remote access error)

aborting job:
Fatal error in PMPI_Waitany: Other MPI error, error stack:
PMPI_Waitany(277)..............: MPI_Waitany(count=4, req_array=0x1059710, index=0x7fff6733b82c, status=0x1) failed
PMPI_Waitany(245)..............: 
MPIDI_Progress_test(80)........: 
MPIDI_OFI_handle_cq_error(1059): OFI poll failed (ofi_events.c:1061:MPIDI_OFI_handle_cq_error:Input/output error - remote access error)
x3003c0s7b0n0.hsn.cm.polaris.alcf.anl.gov: rank 13 exited with code 255
