.//tmp_files/7872.sh: line 3: 96342 Segmentation fault      speed3d_r2c fftw double 64 64 64 -no-reorder -a2av -pencils -r2c_dir 1 -ingrid 32 8 8 -outgrid 2048 1 1 -n5
.//tmp_files/7872.sh: line 3: 96389 Segmentation fault      speed3d_r2c fftw double 64 64 64 -no-reorder -a2av -pencils -r2c_dir 1 -ingrid 32 8 8 -outgrid 2048 1 1 -n5
.//tmp_files/7872.sh: line 3: 96407 Segmentation fault      speed3d_r2c fftw double 64 64 64 -no-reorder -a2av -pencils -r2c_dir 1 -ingrid 32 8 8 -outgrid 2048 1 1 -n5
.//tmp_files/7872.sh: line 3: 96369 Segmentation fault      speed3d_r2c fftw double 64 64 64 -no-reorder -a2av -pencils -r2c_dir 1 -ingrid 32 8 8 -outgrid 2048 1 1 -n5
.//tmp_files/7872.sh: line 3: 96337 Segmentation fault      speed3d_r2c fftw double 64 64 64 -no-reorder -a2av -pencils -r2c_dir 1 -ingrid 32 8 8 -outgrid 2048 1 1 -n5
.//tmp_files/7872.sh: line 3: 96403 Segmentation fault      speed3d_r2c fftw double 64 64 64 -no-reorder -a2av -pencils -r2c_dir 1 -ingrid 32 8 8 -outgrid 2048 1 1 -n5
.//tmp_files/7872.sh: line 3: 96366 Segmentation fault      speed3d_r2c fftw double 64 64 64 -no-reorder -a2av -pencils -r2c_dir 1 -ingrid 32 8 8 -outgrid 2048 1 1 -n5
.//tmp_files/7872.sh: line 3: 96344 Segmentation fault      speed3d_r2c fftw double 64 64 64 -no-reorder -a2av -pencils -r2c_dir 1 -ingrid 32 8 8 -outgrid 2048 1 1 -n5
[NID 03622] 2023-07-12 21:01:16 Apid 28442420: initiated application termination
.//tmp_files/7872.sh: line 3: 96759 Segmentation fault      speed3d_r2c fftw double 64 64 64 -no-reorder -a2av -pencils -r2c_dir 1 -ingrid 32 8 8 -outgrid 2048 1 1 -n5
.//tmp_files/7872.sh: line 3: 96527 Segmentation fault      speed3d_r2c fftw double 64 64 64 -no-reorder -a2av -pencils -r2c_dir 1 -ingrid 32 8 8 -outgrid 2048 1 1 -n5
.//tmp_files/7872.sh: line 3: 96472 Segmentation fault      speed3d_r2c fftw double 64 64 64 -no-reorder -a2av -pencils -r2c_dir 1 -ingrid 32 8 8 -outgrid 2048 1 1 -n5
.//tmp_files/7872.sh: line 3: 96482 Segmentation fault      speed3d_r2c fftw double 64 64 64 -no-reorder -a2av -pencils -r2c_dir 1 -ingrid 32 8 8 -outgrid 2048 1 1 -n5
.//tmp_files/7872.sh: line 3: 96796 Segmentation fault      speed3d_r2c fftw double 64 64 64 -no-reorder -a2av -pencils -r2c_dir 1 -ingrid 32 8 8 -outgrid 2048 1 1 -n5
.//tmp_files/7872.sh: line 3: 96803 Segmentation fault      speed3d_r2c fftw double 64 64 64 -no-reorder -a2av -pencils -r2c_dir 1 -ingrid 32 8 8 -outgrid 2048 1 1 -n5
.//tmp_files/7872.sh: line 3: 96834 Segmentation fault      speed3d_r2c fftw double 64 64 64 -no-reorder -a2av -pencils -r2c_dir 1 -ingrid 32 8 8 -outgrid 2048 1 1 -n5
.//tmp_files/7872.sh: line 3: 96838 Segmentation fault      speed3d_r2c fftw double 64 64 64 -no-reorder -a2av -pencils -r2c_dir 1 -ingrid 32 8 8 -outgrid 2048 1 1 -n5
.//tmp_files/7872.sh: line 3: 96773 Segmentation fault      speed3d_r2c fftw double 64 64 64 -no-reorder -a2av -pencils -r2c_dir 1 -ingrid 32 8 8 -outgrid 2048 1 1 -n5
.//tmp_files/7872.sh: line 3: 96833 Segmentation fault      speed3d_r2c fftw double 64 64 64 -no-reorder -a2av -pencils -r2c_dir 1 -ingrid 32 8 8 -outgrid 2048 1 1 -n5
.//tmp_files/7872.sh: line 3: 96823 Segmentation fault      speed3d_r2c fftw double 64 64 64 -no-reorder -a2av -pencils -r2c_dir 1 -ingrid 32 8 8 -outgrid 2048 1 1 -n5
.//tmp_files/7872.sh: line 3: 96492 Segmentation fault      speed3d_r2c fftw double 64 64 64 -no-reorder -a2av -pencils -r2c_dir 1 -ingrid 32 8 8 -outgrid 2048 1 1 -n5
.//tmp_files/7872.sh: line 3: 96490 Segmentation fault      speed3d_r2c fftw double 64 64 64 -no-reorder -a2av -pencils -r2c_dir 1 -ingrid 32 8 8 -outgrid 2048 1 1 -n5
.//tmp_files/7872.sh: line 3: 96477 Segmentation fault      speed3d_r2c fftw double 64 64 64 -no-reorder -a2av -pencils -r2c_dir 1 -ingrid 32 8 8 -outgrid 2048 1 1 -n5
.//tmp_files/7872.sh: line 3: 96493 Segmentation fault      speed3d_r2c fftw double 64 64 64 -no-reorder -a2av -pencils -r2c_dir 1 -ingrid 32 8 8 -outgrid 2048 1 1 -n5
.//tmp_files/7872.sh: line 3: 96511 Segmentation fault      speed3d_r2c fftw double 64 64 64 -no-reorder -a2av -pencils -r2c_dir 1 -ingrid 32 8 8 -outgrid 2048 1 1 -n5
.//tmp_files/7872.sh: line 3: 96483 Segmentation fault      speed3d_r2c fftw double 64 64 64 -no-reorder -a2av -pencils -r2c_dir 1 -ingrid 32 8 8 -outgrid 2048 1 1 -n5
.//tmp_files/7872.sh: line 3: 96907 Segmentation fault      speed3d_r2c fftw double 64 64 64 -no-reorder -a2av -pencils -r2c_dir 1 -ingrid 32 8 8 -outgrid 2048 1 1 -n5
.//tmp_files/7872.sh: line 3: 96870 Segmentation fault      speed3d_r2c fftw double 64 64 64 -no-reorder -a2av -pencils -r2c_dir 1 -ingrid 32 8 8 -outgrid 2048 1 1 -n5
.//tmp_files/7872.sh: line 3: 96837 Segmentation fault      speed3d_r2c fftw double 64 64 64 -no-reorder -a2av -pencils -r2c_dir 1 -ingrid 32 8 8 -outgrid 2048 1 1 -n5
.//tmp_files/7872.sh: line 3: 96798 Segmentation fault      speed3d_r2c fftw double 64 64 64 -no-reorder -a2av -pencils -r2c_dir 1 -ingrid 32 8 8 -outgrid 2048 1 1 -n5
.//tmp_files/7872.sh: line 3: 96815 Segmentation fault      speed3d_r2c fftw double 64 64 64 -no-reorder -a2av -pencils -r2c_dir 1 -ingrid 32 8 8 -outgrid 2048 1 1 -n5
.//tmp_files/7872.sh: line 3: 96821 Segmentation fault      speed3d_r2c fftw double 64 64 64 -no-reorder -a2av -pencils -r2c_dir 1 -ingrid 32 8 8 -outgrid 2048 1 1 -n5
.//tmp_files/7872.sh: line 3: 96914 Segmentation fault      speed3d_r2c fftw double 64 64 64 -no-reorder -a2av -pencils -r2c_dir 1 -ingrid 32 8 8 -outgrid 2048 1 1 -n5
.//tmp_files/7872.sh: line 3: 96888 Segmentation fault      speed3d_r2c fftw double 64 64 64 -no-reorder -a2av -pencils -r2c_dir 1 -ingrid 32 8 8 -outgrid 2048 1 1 -n5
.//tmp_files/7872.sh: line 3: 96885 Segmentation fault      speed3d_r2c fftw double 64 64 64 -no-reorder -a2av -pencils -r2c_dir 1 -ingrid 32 8 8 -outgrid 2048 1 1 -n5
.//tmp_files/7872.sh: line 3: 96853 Segmentation fault      speed3d_r2c fftw double 64 64 64 -no-reorder -a2av -pencils -r2c_dir 1 -ingrid 32 8 8 -outgrid 2048 1 1 -n5
.//tmp_files/7872.sh: line 3: 96855 Segmentation fault      speed3d_r2c fftw double 64 64 64 -no-reorder -a2av -pencils -r2c_dir 1 -ingrid 32 8 8 -outgrid 2048 1 1 -n5
.//tmp_files/7872.sh: line 3: 96882 Segmentation fault      speed3d_r2c fftw double 64 64 64 -no-reorder -a2av -pencils -r2c_dir 1 -ingrid 32 8 8 -outgrid 2048 1 1 -n5
.//tmp_files/7872.sh: line 3: 96857 Segmentation fault      speed3d_r2c fftw double 64 64 64 -no-reorder -a2av -pencils -r2c_dir 1 -ingrid 32 8 8 -outgrid 2048 1 1 -n5
.//tmp_files/7872.sh: line 3: 96892 Segmentation fault      speed3d_r2c fftw double 64 64 64 -no-reorder -a2av -pencils -r2c_dir 1 -ingrid 32 8 8 -outgrid 2048 1 1 -n5
.//tmp_files/7872.sh: line 3: 96729 Segmentation fault      speed3d_r2c fftw double 64 64 64 -no-reorder -a2av -pencils -r2c_dir 1 -ingrid 32 8 8 -outgrid 2048 1 1 -n5
.//tmp_files/7872.sh: line 3: 96680 Segmentation fault      speed3d_r2c fftw double 64 64 64 -no-reorder -a2av -pencils -r2c_dir 1 -ingrid 32 8 8 -outgrid 2048 1 1 -n5
.//tmp_files/7872.sh: line 3: 96744 Segmentation fault      speed3d_r2c fftw double 64 64 64 -no-reorder -a2av -pencils -r2c_dir 1 -ingrid 32 8 8 -outgrid 2048 1 1 -n5
.//tmp_files/7872.sh: line 3: 96771 Segmentation fault      speed3d_r2c fftw double 64 64 64 -no-reorder -a2av -pencils -r2c_dir 1 -ingrid 32 8 8 -outgrid 2048 1 1 -n5
.//tmp_files/7872.sh: line 3: 96791 Segmentation fault      speed3d_r2c fftw double 64 64 64 -no-reorder -a2av -pencils -r2c_dir 1 -ingrid 32 8 8 -outgrid 2048 1 1 -n5
.//tmp_files/7872.sh: line 3: 96822 Segmentation fault      speed3d_r2c fftw double 64 64 64 -no-reorder -a2av -pencils -r2c_dir 1 -ingrid 32 8 8 -outgrid 2048 1 1 -n5
.//tmp_files/7872.sh: line 3: 96924 Segmentation fault      speed3d_r2c fftw double 64 64 64 -no-reorder -a2av -pencils -r2c_dir 1 -ingrid 32 8 8 -outgrid 2048 1 1 -n5
.//tmp_files/7872.sh: line 3: 96641 Segmentation fault      speed3d_r2c fftw double 64 64 64 -no-reorder -a2av -pencils -r2c_dir 1 -ingrid 32 8 8 -outgrid 2048 1 1 -n5
.//tmp_files/7872.sh: line 3: 96869 Segmentation fault      speed3d_r2c fftw double 64 64 64 -no-reorder -a2av -pencils -r2c_dir 1 -ingrid 32 8 8 -outgrid 2048 1 1 -n5
.//tmp_files/7872.sh: line 3: 96878 Segmentation fault      speed3d_r2c fftw double 64 64 64 -no-reorder -a2av -pencils -r2c_dir 1 -ingrid 32 8 8 -outgrid 2048 1 1 -n5
.//tmp_files/7872.sh: line 3: 96865 Segmentation fault      speed3d_r2c fftw double 64 64 64 -no-reorder -a2av -pencils -r2c_dir 1 -ingrid 32 8 8 -outgrid 2048 1 1 -n5
.//tmp_files/7872.sh: line 3: 96886 Segmentation fault      speed3d_r2c fftw double 64 64 64 -no-reorder -a2av -pencils -r2c_dir 1 -ingrid 32 8 8 -outgrid 2048 1 1 -n5
.//tmp_files/7872.sh: line 3: 96941 Segmentation fault      speed3d_r2c fftw double 64 64 64 -no-reorder -a2av -pencils -r2c_dir 1 -ingrid 32 8 8 -outgrid 2048 1 1 -n5
.//tmp_files/7872.sh: line 3: 96881 Segmentation fault      speed3d_r2c fftw double 64 64 64 -no-reorder -a2av -pencils -r2c_dir 1 -ingrid 32 8 8 -outgrid 2048 1 1 -n5
.//tmp_files/7872.sh: line 3: 96870 Segmentation fault      speed3d_r2c fftw double 64 64 64 -no-reorder -a2av -pencils -r2c_dir 1 -ingrid 32 8 8 -outgrid 2048 1 1 -n5
.//tmp_files/7872.sh: line 3: 96828 Segmentation fault      speed3d_r2c fftw double 64 64 64 -no-reorder -a2av -pencils -r2c_dir 1 -ingrid 32 8 8 -outgrid 2048 1 1 -n5
.//tmp_files/7872.sh: line 3: 239247 Segmentation fault      speed3d_r2c fftw double 64 64 64 -no-reorder -a2av -pencils -r2c_dir 1 -ingrid 32 8 8 -outgrid 2048 1 1 -n5
.//tmp_files/7872.sh: line 3: 239215 Segmentation fault      speed3d_r2c fftw double 64 64 64 -no-reorder -a2av -pencils -r2c_dir 1 -ingrid 32 8 8 -outgrid 2048 1 1 -n5
.//tmp_files/7872.sh: line 3: 96768 Segmentation fault      speed3d_r2c fftw double 64 64 64 -no-reorder -a2av -pencils -r2c_dir 1 -ingrid 32 8 8 -outgrid 2048 1 1 -n5
.//tmp_files/7872.sh: line 3: 96845 Segmentation fault      speed3d_r2c fftw double 64 64 64 -no-reorder -a2av -pencils -r2c_dir 1 -ingrid 32 8 8 -outgrid 2048 1 1 -n5
.//tmp_files/7872.sh: line 3: 96853 Segmentation fault      speed3d_r2c fftw double 64 64 64 -no-reorder -a2av -pencils -r2c_dir 1 -ingrid 32 8 8 -outgrid 2048 1 1 -n5
.//tmp_files/7872.sh: line 3: 96831 Segmentation fault      speed3d_r2c fftw double 64 64 64 -no-reorder -a2av -pencils -r2c_dir 1 -ingrid 32 8 8 -outgrid 2048 1 1 -n5
.//tmp_files/7872.sh: line 3: 96772 Segmentation fault      speed3d_r2c fftw double 64 64 64 -no-reorder -a2av -pencils -r2c_dir 1 -ingrid 32 8 8 -outgrid 2048 1 1 -n5
.//tmp_files/7872.sh: line 3: 96841 Segmentation fault      speed3d_r2c fftw double 64 64 64 -no-reorder -a2av -pencils -r2c_dir 1 -ingrid 32 8 8 -outgrid 2048 1 1 -n5
.//tmp_files/7872.sh: line 3: 96418 Segmentation fault      speed3d_r2c fftw double 64 64 64 -no-reorder -a2av -pencils -r2c_dir 1 -ingrid 32 8 8 -outgrid 2048 1 1 -n5
.//tmp_files/7872.sh: line 3: 96419 Segmentation fault      speed3d_r2c fftw double 64 64 64 -no-reorder -a2av -pencils -r2c_dir 1 -ingrid 32 8 8 -outgrid 2048 1 1 -n5
.//tmp_files/7872.sh: line 3: 96462 Segmentation fault      speed3d_r2c fftw double 64 64 64 -no-reorder -a2av -pencils -r2c_dir 1 -ingrid 32 8 8 -outgrid 2048 1 1 -n5
.//tmp_files/7872.sh: line 3: 96477 Segmentation fault      speed3d_r2c fftw double 64 64 64 -no-reorder -a2av -pencils -r2c_dir 1 -ingrid 32 8 8 -outgrid 2048 1 1 -n5
.//tmp_files/7872.sh: line 3: 96478 Segmentation fault      speed3d_r2c fftw double 64 64 64 -no-reorder -a2av -pencils -r2c_dir 1 -ingrid 32 8 8 -outgrid 2048 1 1 -n5
.//tmp_files/7872.sh: line 3: 96496 Segmentation fault      speed3d_r2c fftw double 64 64 64 -no-reorder -a2av -pencils -r2c_dir 1 -ingrid 32 8 8 -outgrid 2048 1 1 -n5
.//tmp_files/7872.sh: line 3: 96952 Segmentation fault      speed3d_r2c fftw double 64 64 64 -no-reorder -a2av -pencils -r2c_dir 1 -ingrid 32 8 8 -outgrid 2048 1 1 -n5
.//tmp_files/7872.sh: line 3: 96802 Segmentation fault      speed3d_r2c fftw double 64 64 64 -no-reorder -a2av -pencils -r2c_dir 1 -ingrid 32 8 8 -outgrid 2048 1 1 -n5
.//tmp_files/7872.sh: line 3: 96852 Segmentation fault      speed3d_r2c fftw double 64 64 64 -no-reorder -a2av -pencils -r2c_dir 1 -ingrid 32 8 8 -outgrid 2048 1 1 -n5
.//tmp_files/7872.sh: line 3: 96911 Segmentation fault      speed3d_r2c fftw double 64 64 64 -no-reorder -a2av -pencils -r2c_dir 1 -ingrid 32 8 8 -outgrid 2048 1 1 -n5
.//tmp_files/7872.sh: line 3: 96839 Segmentation fault      speed3d_r2c fftw double 64 64 64 -no-reorder -a2av -pencils -r2c_dir 1 -ingrid 32 8 8 -outgrid 2048 1 1 -n5
.//tmp_files/7872.sh: line 3: 96842 Segmentation fault      speed3d_r2c fftw double 64 64 64 -no-reorder -a2av -pencils -r2c_dir 1 -ingrid 32 8 8 -outgrid 2048 1 1 -n5
.//tmp_files/7872.sh: line 3: 96846 Segmentation fault      speed3d_r2c fftw double 64 64 64 -no-reorder -a2av -pencils -r2c_dir 1 -ingrid 32 8 8 -outgrid 2048 1 1 -n5
.//tmp_files/7872.sh: line 3: 96902 Segmentation fault      speed3d_r2c fftw double 64 64 64 -no-reorder -a2av -pencils -r2c_dir 1 -ingrid 32 8 8 -outgrid 2048 1 1 -n5
.//tmp_files/7872.sh: line 3: 96864 Segmentation fault      speed3d_r2c fftw double 64 64 64 -no-reorder -a2av -pencils -r2c_dir 1 -ingrid 32 8 8 -outgrid 2048 1 1 -n5
.//tmp_files/7872.sh: line 3: 96869 Segmentation fault      speed3d_r2c fftw double 64 64 64 -no-reorder -a2av -pencils -r2c_dir 1 -ingrid 32 8 8 -outgrid 2048 1 1 -n5
.//tmp_files/7872.sh: line 3: 96873 Segmentation fault      speed3d_r2c fftw double 64 64 64 -no-reorder -a2av -pencils -r2c_dir 1 -ingrid 32 8 8 -outgrid 2048 1 1 -n5
.//tmp_files/7872.sh: line 3: 96961 Segmentation fault      speed3d_r2c fftw double 64 64 64 -no-reorder -a2av -pencils -r2c_dir 1 -ingrid 32 8 8 -outgrid 2048 1 1 -n5
.//tmp_files/7872.sh: line 3: 96857 Segmentation fault      speed3d_r2c fftw double 64 64 64 -no-reorder -a2av -pencils -r2c_dir 1 -ingrid 32 8 8 -outgrid 2048 1 1 -n5
.//tmp_files/7872.sh: line 3: 96867 Segmentation fault      speed3d_r2c fftw double 64 64 64 -no-reorder -a2av -pencils -r2c_dir 1 -ingrid 32 8 8 -outgrid 2048 1 1 -n5
.//tmp_files/7872.sh: line 3: 96899 Segmentation fault      speed3d_r2c fftw double 64 64 64 -no-reorder -a2av -pencils -r2c_dir 1 -ingrid 32 8 8 -outgrid 2048 1 1 -n5
.//tmp_files/7872.sh: line 3: 96888 Segmentation fault      speed3d_r2c fftw double 64 64 64 -no-reorder -a2av -pencils -r2c_dir 1 -ingrid 32 8 8 -outgrid 2048 1 1 -n5
.//tmp_files/7872.sh: line 3: 96770 Segmentation fault      speed3d_r2c fftw double 64 64 64 -no-reorder -a2av -pencils -r2c_dir 1 -ingrid 32 8 8 -outgrid 2048 1 1 -n5
.//tmp_files/7872.sh: line 3: 96707 Segmentation fault      speed3d_r2c fftw double 64 64 64 -no-reorder -a2av -pencils -r2c_dir 1 -ingrid 32 8 8 -outgrid 2048 1 1 -n5
.//tmp_files/7872.sh: line 3: 96782 Segmentation fault      speed3d_r2c fftw double 64 64 64 -no-reorder -a2av -pencils -r2c_dir 1 -ingrid 32 8 8 -outgrid 2048 1 1 -n5
.//tmp_files/7872.sh: line 3: 96732 Segmentation fault      speed3d_r2c fftw double 64 64 64 -no-reorder -a2av -pencils -r2c_dir 1 -ingrid 32 8 8 -outgrid 2048 1 1 -n5
.//tmp_files/7872.sh: line 3: 96781 Segmentation fault      speed3d_r2c fftw double 64 64 64 -no-reorder -a2av -pencils -r2c_dir 1 -ingrid 32 8 8 -outgrid 2048 1 1 -n5
.//tmp_files/7872.sh: line 3: 96722 Segmentation fault      speed3d_r2c fftw double 64 64 64 -no-reorder -a2av -pencils -r2c_dir 1 -ingrid 32 8 8 -outgrid 2048 1 1 -n5
.//tmp_files/7872.sh: line 3: 96785 Segmentation fault      speed3d_r2c fftw double 64 64 64 -no-reorder -a2av -pencils -r2c_dir 1 -ingrid 32 8 8 -outgrid 2048 1 1 -n5
.//tmp_files/7872.sh: line 3: 96777 Segmentation fault      speed3d_r2c fftw double 64 64 64 -no-reorder -a2av -pencils -r2c_dir 1 -ingrid 32 8 8 -outgrid 2048 1 1 -n5
.//tmp_files/7872.sh: line 3: 96838 Segmentation fault      speed3d_r2c fftw double 64 64 64 -no-reorder -a2av -pencils -r2c_dir 1 -ingrid 32 8 8 -outgrid 2048 1 1 -n5
.//tmp_files/7872.sh: line 3: 96842 Segmentation fault      speed3d_r2c fftw double 64 64 64 -no-reorder -a2av -pencils -r2c_dir 1 -ingrid 32 8 8 -outgrid 2048 1 1 -n5
.//tmp_files/7872.sh: line 3: 96785 Segmentation fault      speed3d_r2c fftw double 64 64 64 -no-reorder -a2av -pencils -r2c_dir 1 -ingrid 32 8 8 -outgrid 2048 1 1 -n5
.//tmp_files/7872.sh: line 3: 96840 Segmentation fault      speed3d_r2c fftw double 64 64 64 -no-reorder -a2av -pencils -r2c_dir 1 -ingrid 32 8 8 -outgrid 2048 1 1 -n5
.//tmp_files/7872.sh: line 3: 96780 Segmentation fault      speed3d_r2c fftw double 64 64 64 -no-reorder -a2av -pencils -r2c_dir 1 -ingrid 32 8 8 -outgrid 2048 1 1 -n5
.//tmp_files/7872.sh: line 3: 96791 Segmentation fault      speed3d_r2c fftw double 64 64 64 -no-reorder -a2av -pencils -r2c_dir 1 -ingrid 32 8 8 -outgrid 2048 1 1 -n5
.//tmp_files/7872.sh: line 3: 96794 Segmentation fault      speed3d_r2c fftw double 64 64 64 -no-reorder -a2av -pencils -r2c_dir 1 -ingrid 32 8 8 -outgrid 2048 1 1 -n5
.//tmp_files/7872.sh: line 3: 96813 Segmentation fault      speed3d_r2c fftw double 64 64 64 -no-reorder -a2av -pencils -r2c_dir 1 -ingrid 32 8 8 -outgrid 2048 1 1 -n5
.//tmp_files/7872.sh: line 3: 96815 Segmentation fault      speed3d_r2c fftw double 64 64 64 -no-reorder -a2av -pencils -r2c_dir 1 -ingrid 32 8 8 -outgrid 2048 1 1 -n5
.//tmp_files/7872.sh: line 3: 96817 Segmentation fault      speed3d_r2c fftw double 64 64 64 -no-reorder -a2av -pencils -r2c_dir 1 -ingrid 32 8 8 -outgrid 2048 1 1 -n5
.//tmp_files/7872.sh: line 3: 96772 Segmentation fault      speed3d_r2c fftw double 64 64 64 -no-reorder -a2av -pencils -r2c_dir 1 -ingrid 32 8 8 -outgrid 2048 1 1 -n5
.//tmp_files/7872.sh: line 3: 96801 Segmentation fault      speed3d_r2c fftw double 64 64 64 -no-reorder -a2av -pencils -r2c_dir 1 -ingrid 32 8 8 -outgrid 2048 1 1 -n5
.//tmp_files/7872.sh: line 3: 96793 Segmentation fault      speed3d_r2c fftw double 64 64 64 -no-reorder -a2av -pencils -r2c_dir 1 -ingrid 32 8 8 -outgrid 2048 1 1 -n5
.//tmp_files/7872.sh: line 3: 96777 Segmentation fault      speed3d_r2c fftw double 64 64 64 -no-reorder -a2av -pencils -r2c_dir 1 -ingrid 32 8 8 -outgrid 2048 1 1 -n5
.//tmp_files/7872.sh: line 3: 96847 Segmentation fault      speed3d_r2c fftw double 64 64 64 -no-reorder -a2av -pencils -r2c_dir 1 -ingrid 32 8 8 -outgrid 2048 1 1 -n5
.//tmp_files/7872.sh: line 3: 96810 Segmentation fault      speed3d_r2c fftw double 64 64 64 -no-reorder -a2av -pencils -r2c_dir 1 -ingrid 32 8 8 -outgrid 2048 1 1 -n5
.//tmp_files/7872.sh: line 3: 96824 Segmentation fault      speed3d_r2c fftw double 64 64 64 -no-reorder -a2av -pencils -r2c_dir 1 -ingrid 32 8 8 -outgrid 2048 1 1 -n5
.//tmp_files/7872.sh: line 3: 96787 Segmentation fault      speed3d_r2c fftw double 64 64 64 -no-reorder -a2av -pencils -r2c_dir 1 -ingrid 32 8 8 -outgrid 2048 1 1 -n5
.//tmp_files/7872.sh: line 3: 96784 Segmentation fault      speed3d_r2c fftw double 64 64 64 -no-reorder -a2av -pencils -r2c_dir 1 -ingrid 32 8 8 -outgrid 2048 1 1 -n5
.//tmp_files/7872.sh: line 3: 96779 Segmentation fault      speed3d_r2c fftw double 64 64 64 -no-reorder -a2av -pencils -r2c_dir 1 -ingrid 32 8 8 -outgrid 2048 1 1 -n5
.//tmp_files/7872.sh: line 3: 96843 Segmentation fault      speed3d_r2c fftw double 64 64 64 -no-reorder -a2av -pencils -r2c_dir 1 -ingrid 32 8 8 -outgrid 2048 1 1 -n5
.//tmp_files/7872.sh: line 3: 96848 Segmentation fault      speed3d_r2c fftw double 64 64 64 -no-reorder -a2av -pencils -r2c_dir 1 -ingrid 32 8 8 -outgrid 2048 1 1 -n5
.//tmp_files/7872.sh: line 3: 96841 Segmentation fault      speed3d_r2c fftw double 64 64 64 -no-reorder -a2av -pencils -r2c_dir 1 -ingrid 32 8 8 -outgrid 2048 1 1 -n5
.//tmp_files/7872.sh: line 3: 96774 Segmentation fault      speed3d_r2c fftw double 64 64 64 -no-reorder -a2av -pencils -r2c_dir 1 -ingrid 32 8 8 -outgrid 2048 1 1 -n5
.//tmp_files/7872.sh: line 3: 96853 Segmentation fault      speed3d_r2c fftw double 64 64 64 -no-reorder -a2av -pencils -r2c_dir 1 -ingrid 32 8 8 -outgrid 2048 1 1 -n5
.//tmp_files/7872.sh: line 3: 96852 Segmentation fault      speed3d_r2c fftw double 64 64 64 -no-reorder -a2av -pencils -r2c_dir 1 -ingrid 32 8 8 -outgrid 2048 1 1 -n5
.//tmp_files/7872.sh: line 3: 96792 Segmentation fault      speed3d_r2c fftw double 64 64 64 -no-reorder -a2av -pencils -r2c_dir 1 -ingrid 32 8 8 -outgrid 2048 1 1 -n5
.//tmp_files/7872.sh: line 3: 96775 Segmentation fault      speed3d_r2c fftw double 64 64 64 -no-reorder -a2av -pencils -r2c_dir 1 -ingrid 32 8 8 -outgrid 2048 1 1 -n5
.//tmp_files/7872.sh: line 3: 96855 Segmentation fault      speed3d_r2c fftw double 64 64 64 -no-reorder -a2av -pencils -r2c_dir 1 -ingrid 32 8 8 -outgrid 2048 1 1 -n5
.//tmp_files/7872.sh: line 3: 96854 Segmentation fault      speed3d_r2c fftw double 64 64 64 -no-reorder -a2av -pencils -r2c_dir 1 -ingrid 32 8 8 -outgrid 2048 1 1 -n5
Application 28442420 exit codes: 139
Application 28442420 exit signals: Killed
Application 28442420 resources: utime ~643s, stime ~121s, Rss ~37840, inblocks ~262970, outblocks ~0
