time=0.739795 0/4 /pressio/roibin/background/pressio/zfp:metrics:copy_compressor_results <int32> = 1
/pressio/roibin/background/pressio/zfp:metrics:errors_fatal <int32> = 1
/pressio/roibin/background/pressio/zfp:pressio:abs <double> = <empty>
/pressio/roibin/background/pressio/zfp:pressio:lossless <int32> = <empty>
/pressio/roibin/background/pressio/zfp:pressio:metric <char*> = "noop"
/pressio/roibin/background/pressio/zfp:pressio:nthreads <uint32> = 0
/pressio/roibin/background/pressio/zfp:zfp:accuracy <double> = <empty>
/pressio/roibin/background/pressio/zfp:zfp:dims <uint32> = <empty>
/pressio/roibin/background/pressio/zfp:zfp:execution <int32> = 0
/pressio/roibin/background/pressio/zfp:zfp:execution_name <char*> = <empty>
/pressio/roibin/background/pressio/zfp:zfp:maxbits <uint32> = 16658
/pressio/roibin/background/pressio/zfp:zfp:maxprec <uint32> = 64
/pressio/roibin/background/pressio/zfp:zfp:metric <char*> = "noop"
/pressio/roibin/background/pressio/zfp:zfp:minbits <uint32> = 1
/pressio/roibin/background/pressio/zfp:zfp:minexp <int32> = -10
/pressio/roibin/background/pressio/zfp:zfp:mode <uint32> = <empty>
/pressio/roibin/background/pressio/zfp:zfp:omp_chunk_size <uint32> = 0
/pressio/roibin/background/pressio/zfp:zfp:omp_threads <uint32> = 0
/pressio/roibin/background/pressio/zfp:zfp:precision <uint32> = <empty>
/pressio/roibin/background/pressio/zfp:zfp:rate <double> = 30
/pressio/roibin/background/pressio/zfp:zfp:reversible <uint32> = <empty>
/pressio/roibin/background/pressio/zfp:zfp:type <uint32> = <empty>
/pressio/roibin/background/pressio/zfp:zfp:wra <int32> = <empty>
/pressio/roibin/background/pressio:metrics:copy_compressor_results <int32> = 1
/pressio/roibin/background/pressio:metrics:errors_fatal <int32> = 1
/pressio/roibin/background/pressio:pressio:abs <double> = <empty>
/pressio/roibin/background/pressio:pressio:bound_name <char*> = <empty>
/pressio/roibin/background/pressio:pressio:compressor <char*> = "zfp"
/pressio/roibin/background/pressio:pressio:metric <char*> = "noop"
/pressio/roibin/background/pressio:pressio:rel <double> = <empty>
/pressio/roibin/background/pressio:pressio:reset_mode <bool> = <empty>
/pressio/roibin/background:binning:compressor <char*> = "pressio"
/pressio/roibin/background:binning:metric <char*> = "noop"
/pressio/roibin/background:binning:nthreads <uint32> = 1
/pressio/roibin/background:binning:shape <data> = data{ type=double dims={3, } has_data=[2, 2, 1, ]}
/pressio/roibin/background:metrics:copy_compressor_results <int32> = 1
/pressio/roibin/background:metrics:errors_fatal <int32> = 1
/pressio/roibin/background:pressio:metric <char*> = "noop"
/pressio/roibin/background:pressio:nthreads <uint32> = 1
/pressio/roibin/roi:fpzip:has_header <int32> = 0
/pressio/roibin/roi:fpzip:metric <char*> = "noop"
/pressio/roibin/roi:fpzip:prec <int32> = 0
/pressio/roibin/roi:metrics:copy_compressor_results <int32> = 1
/pressio/roibin/roi:metrics:errors_fatal <int32> = 1
/pressio/roibin/roi:pressio:metric <char*> = "noop"
/pressio/roibin:metrics:copy_compressor_results <int32> = 1
/pressio/roibin:metrics:errors_fatal <int32> = 1
/pressio/roibin:pressio:metric <char*> = "noop"
/pressio/roibin:pressio:nthreads <uint32> = 4
/pressio/roibin:roibin:background <char*> = "binning"
/pressio/roibin:roibin:centers <data> = data{ type=uint64_t dims={} has_data=false}
/pressio/roibin:roibin:metric <char*> = "noop"
/pressio/roibin:roibin:nthreads <uint32> = 4
/pressio/roibin:roibin:roi <char*> = "fpzip"
/pressio/roibin:roibin:roi_size <data> = data{ type=double dims={3, } has_data=[8, 8, 0, ]}
/pressio/roibin:roibin:roi_strategy <char*> = "coordinates"
/pressio:metrics:copy_compressor_results <int32> = 1
/pressio:metrics:errors_fatal <int32> = 1
/pressio:pressio:bound_name <char*> = <empty>
/pressio:pressio:compressor <char*> = "roibin"
/pressio:pressio:metric <char*> = "noop"
/pressio:pressio:reset_mode <bool> = <empty>

time=0.739868 0/4 global data_dims{130, 1480, 1552}
time=0.739875 0/4 global peakx_dims{130, 2048}
time=0.739878 0/4 global peaky_dims{130, 2048}
time=0.739882 0/4 global npeaks{130}
time=0.739889 0/4 processing 0 4
time=2.47538 0/4 processing 4 8
time=3.8963 0/4 processing 8 12
time=6.9683 0/4 processing 12 16
time=7.97985 0/4 processing 16 20
time=9.7883 0/4 processing 20 24
time=12.7574 0/4 processing 24 28
time=14.9083 0/4 processing 28 32
time=17.6963 0/4 processing 32 36
time=18.9123 0/4 processing 36 40
time=20.3325 0/4 processing 40 44
time=22.4773 0/4 processing 44 48
time=25.2203 0/4 processing 48 52
time=26.7323 0/4 processing 52 56
time=29.4523 0/4 processing 56 60
time=32.3124 0/4 processing 60 64
time=34.0163 0/4 processing 64 68
time=36.2123 0/4 processing 68 72
time=38.8363 0/4 processing 72 76
time=40.5323 0/4 processing 76 80
time=41.6858 0/4 processing 80 84
time=44.8763 0/4 processing 84 88
time=47.4126 0/4 processing 88 92
time=48.4763 0/4 processing 92 96
time=50.2279 0/4 processing 96 100
time=51.9321 0/4 processing 100 104
time=54.6323 0/4 processing 104 108
time=57.0923 0/4 processing 108 112
time=59.8083 0/4 processing 112 116
time=62.5627 0/4 processing 116 120
time=63.9924 0/4 processing 120 124
time=65.8803 0/4 processing 124 128
time=68.4892 0/4 processing 128 132
global_cr=4.13216
wallclock_ms=69424
compress_ms=2059
compress_bandwidth_GBps=0.589021
wallclock_bandwidth_GBps=0.0174694
