“RANK= 12 LOCAL_RANK= 0 gpu= 3”
“RANK= 13 LOCAL_RANK= 1 gpu= 2”
“RANK= 15 LOCAL_RANK= 3 gpu= 0”
“RANK= 5 LOCAL_RANK= 1 gpu= 2”
“RANK= 14 LOCAL_RANK= 2 gpu= 1”
“RANK= 6 LOCAL_RANK= 2 gpu= 1”
“RANK= 4 LOCAL_RANK= 0 gpu= 3”
“RANK= 7 LOCAL_RANK= 3 gpu= 0”
“RANK= 0 LOCAL_RANK= 0 gpu= 3”
“RANK= 1 LOCAL_RANK= 1 gpu= 2”
“RANK= 2 LOCAL_RANK= 2 gpu= 1”
“RANK= 3 LOCAL_RANK= 3 gpu= 0”
+ '[' -z '' ']'
+ case "$-" in
+ __lmod_vx=x
+ '[' -z '' ']'
+ case "$-" in
+ __lmod_vx=x
Shell debugging temporarily silenced: export LMOD_SH_DBG_ON=1 for this output (/usr/share/lmod/lmod/init/bash)
Shell debugging temporarily silenced: export LMOD_SH_DBG_ON=1 for this output (/usr/share/lmod/lmod/init/bash)
+ '[' -n x ']'
+ set +x
Shell debugging restarted
+ '[' -n x ']'
+ set +x
+ unset __lmod_vx
+ '[' -z '' ']'
+ case "$-" in
+ __lmod_vx=x
+ '[' -n x ']'
+ set +x
Shell debugging temporarily silenced: export LMOD_SH_DBG_ON=1 for this output (/usr/share/lmod/lmod/init/bash)
+ '[' -z '' ']'
+ case "$-" in
+ __lmod_vx=x
+ '[' -n x ']'
+ '[' -z '' ']'
+ case "$-" in
+ __lmod_vx=x
+ '[' -n x ']'
+ set +x
Shell debugging temporarily silenced: export LMOD_SH_DBG_ON=1 for this output (/usr/share/lmod/lmod/init/bash)
Shell debugging restarted
+ unset __lmod_vx
+ set +x
Shell debugging temporarily silenced: export LMOD_SH_DBG_ON=1 for this output (/usr/share/lmod/lmod/init/bash)
+ speed3d_r2c cufft float 256 256 256 -reorder -a2a -pencils -r2c_dir 1 -ingrid 4 2 2 -outgrid 4 4 1 -n5
Shell debugging temporarily silenced: export LMOD_SH_DBG_ON=1 for this output (/usr/share/lmod/lmod/init/bash)
Shell debugging temporarily silenced: export LMOD_SH_DBG_ON=1 for this output (/usr/share/lmod/lmod/init/bash)
+ '[' -z '' ']'
+ case "$-" in
+ __lmod_vx=x
+ '[' -n x ']'
+ set +x
+ '[' -z '' ']'
+ case "$-" in
+ __lmod_vx=x
+ '[' -n x ']'
+ set +x
Shell debugging restarted
+ unset __lmod_vx
+ speed3d_r2c cufft float 256 256 256 -reorder -a2a -pencils -r2c_dir 1 -ingrid 4 2 2 -outgrid 4 4 1 -n5
+ '[' -z '' ']'
+ case "$-" in
+ __lmod_vx=x
+ '[' -n x ']'
+ set +x
+ '[' -z '' ']'
+ case "$-" in
+ speed3d_r2c cufft float 256 256 256 -reorder -a2a -pencils -r2c_dir 1 -ingrid 4 2 2 -outgrid 4 4 1 -n5
Shell debugging temporarily silenced: export LMOD_SH_DBG_ON=1 for this output (/usr/share/lmod/lmod/init/bash)
Shell debugging temporarily silenced: export LMOD_SH_DBG_ON=1 for this output (/usr/share/lmod/lmod/init/bash)
Shell debugging restarted
+ unset __lmod_vx
+ speed3d_r2c cufft float 256 256 256 -reorder -a2a -pencils -r2c_dir 1 -ingrid 4 2 2 -outgrid 4 4 1 -n5
Shell debugging restarted
+ unset __lmod_vx
+ speed3d_r2c cufft float 256 256 256 -reorder -a2a -pencils -r2c_dir 1 -ingrid 4 2 2 -outgrid 4 4 1 -n5
+ __lmod_vx=x
+ '[' -n x ']'
+ set +x
Shell debugging restarted
+ unset __lmod_vx
+ speed3d_r2c cufft float 256 256 256 -reorder -a2a -pencils -r2c_dir 1 -ingrid 4 2 2 -outgrid 4 4 1 -n5
Shell debugging restarted
+ '[' -z '' ']'
+ case "$-" in
+ __lmod_vx=x
+ unset __lmod_vx
+ '[' -z '' ']'
+ case "$-" in
+ __lmod_vx=x
+ '[' -n x ']'
+ set +x
Shell debugging restarted
+ unset __lmod_vx
Shell debugging temporarily silenced: export LMOD_SH_DBG_ON=1 for this output (/usr/share/lmod/lmod/init/bash)
+ speed3d_r2c cufft float 256 256 256 -reorder -a2a -pencils -r2c_dir 1 -ingrid 4 2 2 -outgrid 4 4 1 -n5
+ '[' -n x ']'
+ set +x
+ speed3d_r2c cufft float 256 256 256 -reorder -a2a -pencils -r2c_dir 1 -ingrid 4 2 2 -outgrid 4 4 1 -n5
Shell debugging temporarily silenced: export LMOD_SH_DBG_ON=1 for this output (/usr/share/lmod/lmod/init/bash)
+ '[' -z '' ']'
+ case "$-" in
+ __lmod_vx=x
+ '[' -n x ']'
+ set +x
Shell debugging restarted
+ unset __lmod_vx
Shell debugging temporarily silenced: export LMOD_SH_DBG_ON=1 for this output (/usr/share/lmod/lmod/init/bash)
Shell debugging restarted
+ unset __lmod_vx
Shell debugging restarted
+ unset __lmod_vx
+ speed3d_r2c cufft float 256 256 256 -reorder -a2a -pencils -r2c_dir 1 -ingrid 4 2 2 -outgrid 4 4 1 -n5
Shell debugging restarted
+ unset __lmod_vx
+ speed3d_r2c cufft float 256 256 256 -reorder -a2a -pencils -r2c_dir 1 -ingrid 4 2 2 -outgrid 4 4 1 -n5
+ speed3d_r2c cufft float 256 256 256 -reorder -a2a -pencils -r2c_dir 1 -ingrid 4 2 2 -outgrid 4 4 1 -n5
+ speed3d_r2c cufft float 256 256 256 -reorder -a2a -pencils -r2c_dir 1 -ingrid 4 2 2 -outgrid 4 4 1 -n5
“RANK= 8 LOCAL_RANK= 0 gpu= 3”
“RANK= 10 LOCAL_RANK= 2 gpu= 1”
“RANK= 9 LOCAL_RANK= 1 gpu= 2”
“RANK= 11 LOCAL_RANK= 3 gpu= 0”
+ '[' -z '' ']'
+ case "$-" in
+ __lmod_vx=x
Shell debugging temporarily silenced: export LMOD_SH_DBG_ON=1 for this output (/usr/share/lmod/lmod/init/bash)
+ '[' -n x ']'
+ set +x
+ '[' -z '' ']'
+ case "$-" in
+ __lmod_vx=x
+ '[' -n x ']'
+ set +x
+ '[' -z '' ']'
+ case "$-" in
+ __lmod_vx=x
+ '[' -n x ']'
+ set +x
+ '[' -z '' ']'
+ case "$-" in
+ __lmod_vx=x
+ '[' -n x ']'
+ set +x
Shell debugging temporarily silenced: export LMOD_SH_DBG_ON=1 for this output (/usr/share/lmod/lmod/init/bash)
Shell debugging temporarily silenced: export LMOD_SH_DBG_ON=1 for this output (/usr/share/lmod/lmod/init/bash)
Shell debugging restarted
+ unset __lmod_vx
Shell debugging temporarily silenced: export LMOD_SH_DBG_ON=1 for this output (/usr/share/lmod/lmod/init/bash)
Shell debugging restarted
+ unset __lmod_vx
Shell debugging restarted
+ unset __lmod_vx
Shell debugging restarted
+ unset __lmod_vx
+ speed3d_r2c cufft float 256 256 256 -reorder -a2a -pencils -r2c_dir 1 -ingrid 4 2 2 -outgrid 4 4 1 -n5
+ speed3d_r2c cufft float 256 256 256 -reorder -a2a -pencils -r2c_dir 1 -ingrid 4 2 2 -outgrid 4 4 1 -n5
+ speed3d_r2c cufft float 256 256 256 -reorder -a2a -pencils -r2c_dir 1 -ingrid 4 2 2 -outgrid 4 4 1 -n5
+ speed3d_r2c cufft float 256 256 256 -reorder -a2a -pencils -r2c_dir 1 -ingrid 4 2 2 -outgrid 4 4 1 -n5
MPICH ERROR [Rank 2] [job id c8af8327-ae59-4530-bd63-c63be1357881] [Thu Aug  3 06:36:01 2023] [x3002c0s31b1n0] - Abort(405870991) (rank 2 in comm 0): Fatal error in PMPI_Alltoall: Other MPI error, error stack:
PMPI_Alltoall(433)...............: MPI_Alltoall(sbuf=0x1489f6000000, scount=135168, dtype=0x4c000840, rbuf=0x1489f7080000, rcount=135168, datatype=dtype=0x4c000840, comm=comm=0xc4000001) failed
MPIR_CRAY_Alltoall_throttled(471): 
MPIR_Waitall(167)................: 
MPIR_Waitall_impl(51)............: 
MPID_Progress_wait(184)..........: 
MPIDI_Progress_test(80)..........: 
MPIDI_OFI_handle_cq_error(1059)..: OFI poll failed (ofi_events.c:1061:MPIDI_OFI_handle_cq_error:Input/output error - remote access error)

aborting job:
Fatal error in PMPI_Alltoall: Other MPI error, error stack:
PMPI_Alltoall(433)...............: MPI_Alltoall(sbuf=0x1489f6000000, scount=135168, dtype=0x4c000840, rbuf=0x1489f7080000, rcount=135168, datatype=dtype=0x4c000840, comm=comm=0xc4000001) failed
MPIR_CRAY_Alltoall_throttled(471): 
MPIR_Waitall(167)................: 
MPIR_Waitall_impl(51)............: 
MPID_Progress_wait(184)..........: 
MPIDI_Progress_test(80)..........: 
MPIDI_OFI_handle_cq_error(1059)..: OFI poll failed (ofi_events.c:1061:MPIDI_OFI_handle_cq_error:Input/output error - remote access error)
MPICH ERROR [Rank 7] [job id c8af8327-ae59-4530-bd63-c63be1357881] [Thu Aug  3 06:36:01 2023] [x3002c0s37b0n0] - Abort(271653263) (rank 7 in comm 0): Fatal error in PMPI_Alltoall: Other MPI error, error stack:
PMPI_Alltoall(433)...............: MPI_Alltoall(sbuf=0x147d36000000, scount=135168, dtype=0x4c000840, rbuf=0x147d37080000, rcount=135168, datatype=dtype=0x4c000840, comm=comm=0xc4000001) failed
MPIR_CRAY_Alltoall_throttled(471): 
MPIR_Waitall(167)................: 
MPIR_Waitall_impl(51)............: 
MPID_Progress_wait(184)..........: 
MPIDI_Progress_test(80)..........: 
MPIDI_OFI_handle_cq_error(1059)..: OFI poll failed (ofi_events.c:1061:MPIDI_OFI_handle_cq_error:Input/output error - remote access error)

aborting job:
Fatal error in PMPI_Alltoall: Other MPI error, error stack:
PMPI_Alltoall(433)...............: MPI_Alltoall(sbuf=0x147d36000000, scount=135168, dtype=0x4c000840, rbuf=0x147d37080000, rcount=135168, datatype=dtype=0x4c000840, comm=comm=0xc4000001) failed
MPIR_CRAY_Alltoall_throttled(471): 
MPIR_Waitall(167)................: 
MPIR_Waitall_impl(51)............: 
MPID_Progress_wait(184)..........: 
MPIDI_Progress_test(80)..........: 
MPIDI_OFI_handle_cq_error(1059)..: OFI poll failed (ofi_events.c:1061:MPIDI_OFI_handle_cq_error:Input/output error - remote access error)
MPICH ERROR [Rank 3] [job id c8af8327-ae59-4530-bd63-c63be1357881] [Thu Aug  3 06:36:01 2023] [x3002c0s31b1n0] - Abort(808524175) (rank 3 in comm 0): Fatal error in PMPI_Alltoall: Other MPI error, error stack:
PMPI_Alltoall(433)...............: MPI_Alltoall(sbuf=0x1537a4000000, scount=135168, dtype=0x4c000840, rbuf=0x1537a5080000, rcount=135168, datatype=dtype=0x4c000840, comm=comm=0xc4000001) failed
MPIR_CRAY_Alltoall_throttled(471): 
MPIR_Waitall(167)................: 
MPIR_Waitall_impl(51)............: 
MPID_Progress_wait(184)..........: 
MPIDI_Progress_test(80)..........: 
MPIDI_OFI_handle_cq_error(1059)..: OFI poll failed (ofi_events.c:1061:MPIDI_OFI_handle_cq_error:Input/output error - remote access error)

aborting job:
Fatal error in PMPI_Alltoall: Other MPI error, error stack:
PMPI_Alltoall(433)...............: MPI_Alltoall(sbuf=0x1537a4000000, scount=135168, dtype=0x4c000840, rbuf=0x1537a5080000, rcount=135168, datatype=dtype=0x4c000840, comm=comm=0xc4000001) failed
MPIR_CRAY_Alltoall_throttled(471): 
MPIR_Waitall(167)................: 
MPIR_Waitall_impl(51)............: 
MPID_Progress_wait(184)..........: 
MPIDI_Progress_test(80)..........: 
MPIDI_OFI_handle_cq_error(1059)..: OFI poll failed (ofi_events.c:1061:MPIDI_OFI_handle_cq_error:Input/output error - remote access error)
MPICH ERROR [Rank 10] [job id c8af8327-ae59-4530-bd63-c63be1357881] [Thu Aug  3 06:36:01 2023] [x3002c0s37b1n0] - Abort(942741903) (rank 10 in comm 0): Fatal error in PMPI_Alltoall: Other MPI error, error stack:
PMPI_Alltoall(433)...............: MPI_Alltoall(sbuf=0x154c36000000, scount=135168, dtype=0x4c000840, rbuf=0x154c37080000, rcount=135168, datatype=dtype=0x4c000840, comm=comm=0xc4000001) failed
MPIR_CRAY_Alltoall_throttled(471): 
MPIR_Waitall(167)................: 
MPIR_Waitall_impl(51)............: 
MPID_Progress_wait(184)..........: 
MPIDI_Progress_test(80)..........: 
MPIDI_OFI_handle_cq_error(1059)..: OFI poll failed (ofi_events.c:1061:MPIDI_OFI_handle_cq_error:Input/output error - remote access error)

aborting job:
Fatal error in PMPI_Alltoall: Other MPI error, error stack:
PMPI_Alltoall(433)...............: MPI_Alltoall(sbuf=0x154c36000000, scount=135168, dtype=0x4c000840, rbuf=0x154c37080000, rcount=135168, datatype=dtype=0x4c000840, comm=comm=0xc4000001) failed
MPIR_CRAY_Alltoall_throttled(471): 
MPIR_Waitall(167)................: 
MPIR_Waitall_impl(51)............: 
MPID_Progress_wait(184)..........: 
MPIDI_Progress_test(80)..........: 
MPIDI_OFI_handle_cq_error(1059)..: OFI poll failed (ofi_events.c:1061:MPIDI_OFI_handle_cq_error:Input/output error - remote access error)
MPICH ERROR [Rank 9] [job id c8af8327-ae59-4530-bd63-c63be1357881] [Thu Aug  3 06:36:01 2023] [x3002c0s37b1n0] - Abort(405870991) (rank 9 in comm 0): Fatal error in PMPI_Alltoall: Other MPI error, error stack:
PMPI_Alltoall(433)...............: MPI_Alltoall(sbuf=0x1549a6000000, scount=135168, dtype=0x4c000840, rbuf=0x1549a7080000, rcount=135168, datatype=dtype=0x4c000840, comm=comm=0xc4000001) failed
MPIR_CRAY_Alltoall_throttled(471): 
MPIR_Waitall(167)................: 
MPIR_Waitall_impl(51)............: 
MPID_Progress_wait(184)..........: 
MPIDI_Progress_test(80)..........: 
MPIDI_OFI_handle_cq_error(1059)..: OFI poll failed (ofi_events.c:1061:MPIDI_OFI_handle_cq_error:Input/output error - remote access error)

aborting job:
Fatal error in PMPI_Alltoall: Other MPI error, error stack:
PMPI_Alltoall(433)...............: MPI_Alltoall(sbuf=0x1549a6000000, scount=135168, dtype=0x4c000840, rbuf=0x1549a7080000, rcount=135168, datatype=dtype=0x4c000840, comm=comm=0xc4000001) failed
MPIR_CRAY_Alltoall_throttled(471): 
MPIR_Waitall(167)................: 
MPIR_Waitall_impl(51)............: 
MPID_Progress_wait(184)..........: 
MPIDI_Progress_test(80)..........: 
MPIDI_OFI_handle_cq_error(1059)..: OFI poll failed (ofi_events.c:1061:MPIDI_OFI_handle_cq_error:Input/output error - remote access error)
MPICH ERROR [Rank 12] [job id c8af8327-ae59-4530-bd63-c63be1357881] [Thu Aug  3 06:36:01 2023] [x3002c0s7b0n0] - Abort(3217807) (rank 12 in comm 0): Fatal error in PMPI_Alltoall: Other MPI error, error stack:
PMPI_Alltoall(433)...............: MPI_Alltoall(sbuf=0x1507b6000000, scount=135168, dtype=0x4c000840, rbuf=0x1507b7080000, rcount=135168, datatype=dtype=0x4c000840, comm=comm=0xc4000005) failed
MPIR_CRAY_Alltoall_throttled(471): 
MPIR_Waitall(167)................: 
MPIR_Waitall_impl(51)............: 
MPID_Progress_wait(184)..........: 
MPIDI_Progress_test(80)..........: 
MPIDI_OFI_handle_cq_error(1059)..: OFI poll failed (ofi_events.c:1061:MPIDI_OFI_handle_cq_error:Input/output error - remote access error)

aborting job:
Fatal error in PMPI_Alltoall: Other MPI error, error stack:
PMPI_Alltoall(433)...............: MPI_Alltoall(sbuf=0x1507b6000000, scount=135168, dtype=0x4c000840, rbuf=0x1507b7080000, rcount=135168, datatype=dtype=0x4c000840, comm=comm=0xc4000005) failed
MPIR_CRAY_Alltoall_throttled(471): 
MPIR_Waitall(167)................: 
MPIR_Waitall_impl(51)............: 
MPID_Progress_wait(184)..........: 
MPIDI_Progress_test(80)..........: 
MPIDI_OFI_handle_cq_error(1059)..: OFI poll failed (ofi_events.c:1061:MPIDI_OFI_handle_cq_error:Input/output error - remote access error)
MPICH ERROR [Rank 8] [job id c8af8327-ae59-4530-bd63-c63be1357881] [Thu Aug  3 06:36:01 2023] [x3002c0s37b1n0] - Abort(674306447) (rank 8 in comm 0): Fatal error in PMPI_Alltoall: Other MPI error, error stack:
PMPI_Alltoall(433)...............: MPI_Alltoall(sbuf=0x14b946000000, scount=135168, dtype=0x4c000840, rbuf=0x14b947080000, rcount=135168, datatype=dtype=0x4c000840, comm=comm=0xc4000005) failed
MPIR_CRAY_Alltoall_throttled(471): 
MPIR_Waitall(167)................: 
MPIR_Waitall_impl(51)............: 
MPID_Progress_wait(184)..........: 
MPIDI_Progress_test(80)..........: 
MPIDI_OFI_handle_cq_error(1059)..: OFI poll failed (ofi_events.c:1061:MPIDI_OFI_handle_cq_error:Input/output error - remote access error)

aborting job:
Fatal error in PMPI_Alltoall: Other MPI error, error stack:
PMPI_Alltoall(433)...............: MPI_Alltoall(sbuf=0x14b946000000, scount=135168, dtype=0x4c000840, rbuf=0x14b947080000, rcount=135168, datatype=dtype=0x4c000840, comm=comm=0xc4000005) failed
MPIR_CRAY_Alltoall_throttled(471): 
MPIR_Waitall(167)................: 
MPIR_Waitall_impl(51)............: 
MPID_Progress_wait(184)..........: 
MPIDI_Progress_test(80)..........: 
MPIDI_OFI_handle_cq_error(1059)..: OFI poll failed (ofi_events.c:1061:MPIDI_OFI_handle_cq_error:Input/output error - remote access error)
MPICH ERROR [Rank 1] [job id c8af8327-ae59-4530-bd63-c63be1357881] [Thu Aug  3 06:36:01 2023] [x3002c0s31b1n0] - Abort(405870991) (rank 1 in comm 0): Fatal error in PMPI_Alltoall: Other MPI error, error stack:
PMPI_Alltoall(433)...............: MPI_Alltoall(sbuf=0x150d26000000, scount=135168, dtype=0x4c000840, rbuf=0x150d27080000, rcount=135168, datatype=dtype=0x4c000840, comm=comm=0xc4000001) failed
MPIR_CRAY_Alltoall_throttled(471): 
MPIR_Waitall(167)................: 
MPIR_Waitall_impl(51)............: 
MPID_Progress_wait(184)..........: 
MPIDI_Progress_test(80)..........: 
MPIDI_OFI_handle_cq_error(1059)..: OFI poll failed (ofi_events.c:1061:MPIDI_OFI_handle_cq_error:Input/output error - remote access error)

aborting job:
Fatal error in PMPI_Alltoall: Other MPI error, error stack:
PMPI_Alltoall(433)...............: MPI_Alltoall(sbuf=0x150d26000000, scount=135168, dtype=0x4c000840, rbuf=0x150d27080000, rcount=135168, datatype=dtype=0x4c000840, comm=comm=0xc4000001) failed
MPIR_CRAY_Alltoall_throttled(471): 
MPIR_Waitall(167)................: 
MPIR_Waitall_impl(51)............: 
MPID_Progress_wait(184)..........: 
MPIDI_Progress_test(80)..........: 
MPIDI_OFI_handle_cq_error(1059)..: OFI poll failed (ofi_events.c:1061:MPIDI_OFI_handle_cq_error:Input/output error - remote access error)
MPICH ERROR [Rank 11] [job id c8af8327-ae59-4530-bd63-c63be1357881] [Thu Aug  3 06:36:01 2023] [x3002c0s37b1n0] - Abort(674306447) (rank 11 in comm 0): Fatal error in PMPI_Alltoall: Other MPI error, error stack:
PMPI_Alltoall(433)...............: MPI_Alltoall(sbuf=0x14a4f4000000, scount=135168, dtype=0x4c000840, rbuf=0x14a4f5080000, rcount=135168, datatype=dtype=0x4c000840, comm=comm=0xc4000001) failed
MPIR_CRAY_Alltoall_throttled(471): 
MPIR_Waitall(167)................: 
MPIR_Waitall_impl(51)............: 
MPID_Progress_wait(184)..........: 
MPIDI_Progress_test(80)..........: 
MPIDI_OFI_handle_cq_error(1059)..: OFI poll failed (ofi_events.c:1061:MPIDI_OFI_handle_cq_error:Input/output error - remote access error)

aborting job:
Fatal error in PMPI_Alltoall: Other MPI error, error stack:
PMPI_Alltoall(433)...............: MPI_Alltoall(sbuf=0x14a4f4000000, scount=135168, dtype=0x4c000840, rbuf=0x14a4f5080000, rcount=135168, datatype=dtype=0x4c000840, comm=comm=0xc4000001) failed
MPIR_CRAY_Alltoall_throttled(471): 
MPIR_Waitall(167)................: 
MPIR_Waitall_impl(51)............: 
MPID_Progress_wait(184)..........: 
MPIDI_Progress_test(80)..........: 
MPIDI_OFI_handle_cq_error(1059)..: OFI poll failed (ofi_events.c:1061:MPIDI_OFI_handle_cq_error:Input/output error - remote access error)
MPICH ERROR [Rank 13] [job id c8af8327-ae59-4530-bd63-c63be1357881] [Thu Aug  3 06:36:01 2023] [x3002c0s7b0n0] - Abort(674306447) (rank 13 in comm 0): Fatal error in PMPI_Alltoall: Other MPI error, error stack:
PMPI_Alltoall(433)...............: MPI_Alltoall(sbuf=0x1520f6000000, scount=135168, dtype=0x4c000840, rbuf=0x1520f7080000, rcount=135168, datatype=dtype=0x4c000840, comm=comm=0xc4000001) failed
MPIR_CRAY_Alltoall_throttled(471): 
MPIR_Waitall(167)................: 
MPIR_Waitall_impl(51)............: 
MPID_Progress_wait(184)..........: 
MPIDI_Progress_test(80)..........: 
MPIDI_OFI_handle_cq_error(1059)..: OFI poll failed (ofi_events.c:1061:MPIDI_OFI_handle_cq_error:Input/output error - remote access error)

aborting job:
Fatal error in PMPI_Alltoall: Other MPI error, error stack:
PMPI_Alltoall(433)...............: MPI_Alltoall(sbuf=0x1520f6000000, scount=135168, dtype=0x4c000840, rbuf=0x1520f7080000, rcount=135168, datatype=dtype=0x4c000840, comm=comm=0xc4000001) failed
MPIR_CRAY_Alltoall_throttled(471): 
MPIR_Waitall(167)................: 
MPIR_Waitall_impl(51)............: 
MPID_Progress_wait(184)..........: 
MPIDI_Progress_test(80)..........: 
MPIDI_OFI_handle_cq_error(1059)..: OFI poll failed (ofi_events.c:1061:MPIDI_OFI_handle_cq_error:Input/output error - remote access error)
MPICH ERROR [Rank 14] [job id c8af8327-ae59-4530-bd63-c63be1357881] [Thu Aug  3 06:36:01 2023] [x3002c0s7b0n0] - Abort(3217807) (rank 14 in comm 0): Fatal error in PMPI_Alltoall: Other MPI error, error stack:
PMPI_Alltoall(433)...............: MPI_Alltoall(sbuf=0x1533e6000000, scount=135168, dtype=0x4c000840, rbuf=0x1533e7080000, rcount=135168, datatype=dtype=0x4c000840, comm=comm=0xc4000001) failed
MPIR_CRAY_Alltoall_throttled(471): 
MPIR_Waitall(167)................: 
MPIR_Waitall_impl(51)............: 
MPID_Progress_wait(184)..........: 
MPIDI_Progress_test(80)..........: 
MPIDI_OFI_handle_cq_error(1059)..: OFI poll failed (ofi_events.c:1061:MPIDI_OFI_handle_cq_error:Input/output error - remote access error)

aborting job:
Fatal error in PMPI_Alltoall: Other MPI error, error stack:
PMPI_Alltoall(433)...............: MPI_Alltoall(sbuf=0x1533e6000000, scount=135168, dtype=0x4c000840, rbuf=0x1533e7080000, rcount=135168, datatype=dtype=0x4c000840, comm=comm=0xc4000001) failed
MPIR_CRAY_Alltoall_throttled(471): 
MPIR_Waitall(167)................: 
MPIR_Waitall_impl(51)............: 
MPID_Progress_wait(184)..........: 
MPIDI_Progress_test(80)..........: 
MPIDI_OFI_handle_cq_error(1059)..: OFI poll failed (ofi_events.c:1061:MPIDI_OFI_handle_cq_error:Input/output error - remote access error)
MPICH ERROR [Rank 15] [job id c8af8327-ae59-4530-bd63-c63be1357881] [Thu Aug  3 06:36:01 2023] [x3002c0s7b0n0] - Abort(137435535) (rank 15 in comm 0): Fatal error in PMPI_Alltoall: Other MPI error, error stack:
PMPI_Alltoall(433)...............: MPI_Alltoall(sbuf=0x151d0e000000, scount=135168, dtype=0x4c000840, rbuf=0x151d0f080000, rcount=135168, datatype=dtype=0x4c000840, comm=comm=0xc4000001) failed
MPIR_CRAY_Alltoall_throttled(471): 
MPIR_Waitall(167)................: 
MPIR_Waitall_impl(51)............: 
MPID_Progress_wait(184)..........: 
MPIDI_Progress_test(80)..........: 
MPIDI_OFI_handle_cq_error(1059)..: OFI poll failed (ofi_events.c:1061:MPIDI_OFI_handle_cq_error:Input/output error - remote access error)

aborting job:
Fatal error in PMPI_Alltoall: Other MPI error, error stack:
PMPI_Alltoall(433)...............: MPI_Alltoall(sbuf=0x151d0e000000, scount=135168, dtype=0x4c000840, rbuf=0x151d0f080000, rcount=135168, datatype=dtype=0x4c000840, comm=comm=0xc4000001) failed
MPIR_CRAY_Alltoall_throttled(471): 
MPIR_Waitall(167)................: 
MPIR_Waitall_impl(51)............: 
MPID_Progress_wait(184)..........: 
MPIDI_Progress_test(80)..........: 
MPIDI_OFI_handle_cq_error(1059)..: OFI poll failed (ofi_events.c:1061:MPIDI_OFI_handle_cq_error:Input/output error - remote access error)
x3002c0s37b0n0.hsn.cm.polaris.alcf.anl.gov: rank 7 exited with code 255
