.//tmp_files/1620.sh: line 3: 95740 Segmentation fault      speed3d_r2c fftw float-long 1400 1400 1400 -no-reorder -ingrid 8192 1 1 -outgrid 8192 1 1 -no-gpu-aware -n5
.//tmp_files/1620.sh: line 3: 95738 Segmentation fault      speed3d_r2c fftw float-long 1400 1400 1400 -no-reorder -ingrid 8192 1 1 -outgrid 8192 1 1 -no-gpu-aware -n5
.//tmp_files/1620.sh: line 3: 72107 Segmentation fault      speed3d_r2c fftw float-long 1400 1400 1400 -no-reorder -ingrid 8192 1 1 -outgrid 8192 1 1 -no-gpu-aware -n5
.//tmp_files/1620.sh: line 3: 72730 Segmentation fault      speed3d_r2c fftw float-long 1400 1400 1400 -no-reorder -ingrid 8192 1 1 -outgrid 8192 1 1 -no-gpu-aware -n5
.//tmp_files/1620.sh: line 3: 95539 Segmentation fault      speed3d_r2c fftw float-long 1400 1400 1400 -no-reorder -ingrid 8192 1 1 -outgrid 8192 1 1 -no-gpu-aware -n5
.//tmp_files/1620.sh: line 3: 96127 Segmentation fault      speed3d_r2c fftw float-long 1400 1400 1400 -no-reorder -ingrid 8192 1 1 -outgrid 8192 1 1 -no-gpu-aware -n5
.//tmp_files/1620.sh: line 3: 95986 Segmentation fault      speed3d_r2c fftw float-long 1400 1400 1400 -no-reorder -ingrid 8192 1 1 -outgrid 8192 1 1 -no-gpu-aware -n5
.//tmp_files/1620.sh: line 3: 72569 Segmentation fault      speed3d_r2c fftw float-long 1400 1400 1400 -no-reorder -ingrid 8192 1 1 -outgrid 8192 1 1 -no-gpu-aware -n5
.//tmp_files/1620.sh: line 3: 96229 Segmentation fault      speed3d_r2c fftw float-long 1400 1400 1400 -no-reorder -ingrid 8192 1 1 -outgrid 8192 1 1 -no-gpu-aware -n5
.//tmp_files/1620.sh: line 3: 95985 Segmentation fault      speed3d_r2c fftw float-long 1400 1400 1400 -no-reorder -ingrid 8192 1 1 -outgrid 8192 1 1 -no-gpu-aware -n5
.//tmp_files/1620.sh: line 3: 95826 Segmentation fault      speed3d_r2c fftw float-long 1400 1400 1400 -no-reorder -ingrid 8192 1 1 -outgrid 8192 1 1 -no-gpu-aware -n5
.//tmp_files/1620.sh: line 3: 81430 Segmentation fault      speed3d_r2c fftw float-long 1400 1400 1400 -no-reorder -ingrid 8192 1 1 -outgrid 8192 1 1 -no-gpu-aware -n5
.//tmp_files/1620.sh: line 3: 74429 Segmentation fault      speed3d_r2c fftw float-long 1400 1400 1400 -no-reorder -ingrid 8192 1 1 -outgrid 8192 1 1 -no-gpu-aware -n5
.//tmp_files/1620.sh: line 3: 73978 Segmentation fault      speed3d_r2c fftw float-long 1400 1400 1400 -no-reorder -ingrid 8192 1 1 -outgrid 8192 1 1 -no-gpu-aware -n5
.//tmp_files/1620.sh: line 3: 72606 Segmentation fault      speed3d_r2c fftw float-long 1400 1400 1400 -no-reorder -ingrid 8192 1 1 -outgrid 8192 1 1 -no-gpu-aware -n5
.//tmp_files/1620.sh: line 3: 81353 Segmentation fault      speed3d_r2c fftw float-long 1400 1400 1400 -no-reorder -ingrid 8192 1 1 -outgrid 8192 1 1 -no-gpu-aware -n5
.//tmp_files/1620.sh: line 3: 96124 Segmentation fault      speed3d_r2c fftw float-long 1400 1400 1400 -no-reorder -ingrid 8192 1 1 -outgrid 8192 1 1 -no-gpu-aware -n5
.//tmp_files/1620.sh: line 3: 82753 Segmentation fault      speed3d_r2c fftw float-long 1400 1400 1400 -no-reorder -ingrid 8192 1 1 -outgrid 8192 1 1 -no-gpu-aware -n5
[NID 03686] 2023-11-06 10:29:56 Apid 28966667: initiated application termination
.//tmp_files/1620.sh: line 3: 74497 Segmentation fault      speed3d_r2c fftw float-long 1400 1400 1400 -no-reorder -ingrid 8192 1 1 -outgrid 8192 1 1 -no-gpu-aware -n5
.//tmp_files/1620.sh: line 3: 82701 Segmentation fault      speed3d_r2c fftw float-long 1400 1400 1400 -no-reorder -ingrid 8192 1 1 -outgrid 8192 1 1 -no-gpu-aware -n5
.//tmp_files/1620.sh: line 3: 82769 Segmentation fault      speed3d_r2c fftw float-long 1400 1400 1400 -no-reorder -ingrid 8192 1 1 -outgrid 8192 1 1 -no-gpu-aware -n5
.//tmp_files/1620.sh: line 3: 81384 Segmentation fault      speed3d_r2c fftw float-long 1400 1400 1400 -no-reorder -ingrid 8192 1 1 -outgrid 8192 1 1 -no-gpu-aware -n5
.//tmp_files/1620.sh: line 3: 95595 Segmentation fault      speed3d_r2c fftw float-long 1400 1400 1400 -no-reorder -ingrid 8192 1 1 -outgrid 8192 1 1 -no-gpu-aware -n5
.//tmp_files/1620.sh: line 3: 74098 Segmentation fault      speed3d_r2c fftw float-long 1400 1400 1400 -no-reorder -ingrid 8192 1 1 -outgrid 8192 1 1 -no-gpu-aware -n5
.//tmp_files/1620.sh: line 3: 81315 Segmentation fault      speed3d_r2c fftw float-long 1400 1400 1400 -no-reorder -ingrid 8192 1 1 -outgrid 8192 1 1 -no-gpu-aware -n5
.//tmp_files/1620.sh: line 3: 81287 Segmentation fault      speed3d_r2c fftw float-long 1400 1400 1400 -no-reorder -ingrid 8192 1 1 -outgrid 8192 1 1 -no-gpu-aware -n5
.//tmp_files/1620.sh: line 3: 82695 Segmentation fault      speed3d_r2c fftw float-long 1400 1400 1400 -no-reorder -ingrid 8192 1 1 -outgrid 8192 1 1 -no-gpu-aware -n5
.//tmp_files/1620.sh: line 3: 95515 Segmentation fault      speed3d_r2c fftw float-long 1400 1400 1400 -no-reorder -ingrid 8192 1 1 -outgrid 8192 1 1 -no-gpu-aware -n5
.//tmp_files/1620.sh: line 3: 82756 Segmentation fault      speed3d_r2c fftw float-long 1400 1400 1400 -no-reorder -ingrid 8192 1 1 -outgrid 8192 1 1 -no-gpu-aware -n5
.//tmp_files/1620.sh: line 3: 72632 Segmentation fault      speed3d_r2c fftw float-long 1400 1400 1400 -no-reorder -ingrid 8192 1 1 -outgrid 8192 1 1 -no-gpu-aware -n5
.//tmp_files/1620.sh: line 3: 72611 Segmentation fault      speed3d_r2c fftw float-long 1400 1400 1400 -no-reorder -ingrid 8192 1 1 -outgrid 8192 1 1 -no-gpu-aware -n5
.//tmp_files/1620.sh: line 3: 72691 Segmentation fault      speed3d_r2c fftw float-long 1400 1400 1400 -no-reorder -ingrid 8192 1 1 -outgrid 8192 1 1 -no-gpu-aware -n5
.//tmp_files/1620.sh: line 3: 82652 Segmentation fault      speed3d_r2c fftw float-long 1400 1400 1400 -no-reorder -ingrid 8192 1 1 -outgrid 8192 1 1 -no-gpu-aware -n5
.//tmp_files/1620.sh: line 3: 96030 Segmentation fault      speed3d_r2c fftw float-long 1400 1400 1400 -no-reorder -ingrid 8192 1 1 -outgrid 8192 1 1 -no-gpu-aware -n5
.//tmp_files/1620.sh: line 3: 81334 Segmentation fault      speed3d_r2c fftw float-long 1400 1400 1400 -no-reorder -ingrid 8192 1 1 -outgrid 8192 1 1 -no-gpu-aware -n5
.//tmp_files/1620.sh: line 3: 81278 Segmentation fault      speed3d_r2c fftw float-long 1400 1400 1400 -no-reorder -ingrid 8192 1 1 -outgrid 8192 1 1 -no-gpu-aware -n5
.//tmp_files/1620.sh: line 3: 73971 Segmentation fault      speed3d_r2c fftw float-long 1400 1400 1400 -no-reorder -ingrid 8192 1 1 -outgrid 8192 1 1 -no-gpu-aware -n5
.//tmp_files/1620.sh: line 3: 74032 Segmentation fault      speed3d_r2c fftw float-long 1400 1400 1400 -no-reorder -ingrid 8192 1 1 -outgrid 8192 1 1 -no-gpu-aware -n5
.//tmp_files/1620.sh: line 3: 95701 Segmentation fault      speed3d_r2c fftw float-long 1400 1400 1400 -no-reorder -ingrid 8192 1 1 -outgrid 8192 1 1 -no-gpu-aware -n5
.//tmp_files/1620.sh: line 3: 95739 Segmentation fault      speed3d_r2c fftw float-long 1400 1400 1400 -no-reorder -ingrid 8192 1 1 -outgrid 8192 1 1 -no-gpu-aware -n5
.//tmp_files/1620.sh: line 3: 95673 Segmentation fault      speed3d_r2c fftw float-long 1400 1400 1400 -no-reorder -ingrid 8192 1 1 -outgrid 8192 1 1 -no-gpu-aware -n5
.//tmp_files/1620.sh: line 3: 95741 Segmentation fault      speed3d_r2c fftw float-long 1400 1400 1400 -no-reorder -ingrid 8192 1 1 -outgrid 8192 1 1 -no-gpu-aware -n5
.//tmp_files/1620.sh: line 3: 72017 Segmentation fault      speed3d_r2c fftw float-long 1400 1400 1400 -no-reorder -ingrid 8192 1 1 -outgrid 8192 1 1 -no-gpu-aware -n5
.//tmp_files/1620.sh: line 3: 95673 Segmentation fault      speed3d_r2c fftw float-long 1400 1400 1400 -no-reorder -ingrid 8192 1 1 -outgrid 8192 1 1 -no-gpu-aware -n5
.//tmp_files/1620.sh: line 3: 96082 Segmentation fault      speed3d_r2c fftw float-long 1400 1400 1400 -no-reorder -ingrid 8192 1 1 -outgrid 8192 1 1 -no-gpu-aware -n5
.//tmp_files/1620.sh: line 3: 72608 Segmentation fault      speed3d_r2c fftw float-long 1400 1400 1400 -no-reorder -ingrid 8192 1 1 -outgrid 8192 1 1 -no-gpu-aware -n5
.//tmp_files/1620.sh: line 3: 81256 Segmentation fault      speed3d_r2c fftw float-long 1400 1400 1400 -no-reorder -ingrid 8192 1 1 -outgrid 8192 1 1 -no-gpu-aware -n5
.//tmp_files/1620.sh: line 3: 81492 Segmentation fault      speed3d_r2c fftw float-long 1400 1400 1400 -no-reorder -ingrid 8192 1 1 -outgrid 8192 1 1 -no-gpu-aware -n5
.//tmp_files/1620.sh: line 3: 72623 Segmentation fault      speed3d_r2c fftw float-long 1400 1400 1400 -no-reorder -ingrid 8192 1 1 -outgrid 8192 1 1 -no-gpu-aware -n5
.//tmp_files/1620.sh: line 3: 72731 Segmentation fault      speed3d_r2c fftw float-long 1400 1400 1400 -no-reorder -ingrid 8192 1 1 -outgrid 8192 1 1 -no-gpu-aware -n5
.//tmp_files/1620.sh: line 3: 96138 Segmentation fault      speed3d_r2c fftw float-long 1400 1400 1400 -no-reorder -ingrid 8192 1 1 -outgrid 8192 1 1 -no-gpu-aware -n5
.//tmp_files/1620.sh: line 3: 82749 Segmentation fault      speed3d_r2c fftw float-long 1400 1400 1400 -no-reorder -ingrid 8192 1 1 -outgrid 8192 1 1 -no-gpu-aware -n5
.//tmp_files/1620.sh: line 3: 81431 Segmentation fault      speed3d_r2c fftw float-long 1400 1400 1400 -no-reorder -ingrid 8192 1 1 -outgrid 8192 1 1 -no-gpu-aware -n5
.//tmp_files/1620.sh: line 3: 72648 Segmentation fault      speed3d_r2c fftw float-long 1400 1400 1400 -no-reorder -ingrid 8192 1 1 -outgrid 8192 1 1 -no-gpu-aware -n5
.//tmp_files/1620.sh: line 3: 74568 Segmentation fault      speed3d_r2c fftw float-long 1400 1400 1400 -no-reorder -ingrid 8192 1 1 -outgrid 8192 1 1 -no-gpu-aware -n5
.//tmp_files/1620.sh: line 3: 74486 Segmentation fault      speed3d_r2c fftw float-long 1400 1400 1400 -no-reorder -ingrid 8192 1 1 -outgrid 8192 1 1 -no-gpu-aware -n5
.//tmp_files/1620.sh: line 3: 81356 Segmentation fault      speed3d_r2c fftw float-long 1400 1400 1400 -no-reorder -ingrid 8192 1 1 -outgrid 8192 1 1 -no-gpu-aware -n5
.//tmp_files/1620.sh: line 3: 82746 Segmentation fault      speed3d_r2c fftw float-long 1400 1400 1400 -no-reorder -ingrid 8192 1 1 -outgrid 8192 1 1 -no-gpu-aware -n5
.//tmp_files/1620.sh: line 3: 96166 Segmentation fault      speed3d_r2c fftw float-long 1400 1400 1400 -no-reorder -ingrid 8192 1 1 -outgrid 8192 1 1 -no-gpu-aware -n5
.//tmp_files/1620.sh: line 3: 72038 Segmentation fault      speed3d_r2c fftw float-long 1400 1400 1400 -no-reorder -ingrid 8192 1 1 -outgrid 8192 1 1 -no-gpu-aware -n5
.//tmp_files/1620.sh: line 3: 96161 Segmentation fault      speed3d_r2c fftw float-long 1400 1400 1400 -no-reorder -ingrid 8192 1 1 -outgrid 8192 1 1 -no-gpu-aware -n5
.//tmp_files/1620.sh: line 3: 96148 Segmentation fault      speed3d_r2c fftw float-long 1400 1400 1400 -no-reorder -ingrid 8192 1 1 -outgrid 8192 1 1 -no-gpu-aware -n5
.//tmp_files/1620.sh: line 3: 96011 Segmentation fault      speed3d_r2c fftw float-long 1400 1400 1400 -no-reorder -ingrid 8192 1 1 -outgrid 8192 1 1 -no-gpu-aware -n5
.//tmp_files/1620.sh: line 3: 96160 Segmentation fault      speed3d_r2c fftw float-long 1400 1400 1400 -no-reorder -ingrid 8192 1 1 -outgrid 8192 1 1 -no-gpu-aware -n5
.//tmp_files/1620.sh: line 3: 96176 Segmentation fault      speed3d_r2c fftw float-long 1400 1400 1400 -no-reorder -ingrid 8192 1 1 -outgrid 8192 1 1 -no-gpu-aware -n5
.//tmp_files/1620.sh: line 3: 80897 Segmentation fault      speed3d_r2c fftw float-long 1400 1400 1400 -no-reorder -ingrid 8192 1 1 -outgrid 8192 1 1 -no-gpu-aware -n5
.//tmp_files/1620.sh: line 3: 95828 Segmentation fault      speed3d_r2c fftw float-long 1400 1400 1400 -no-reorder -ingrid 8192 1 1 -outgrid 8192 1 1 -no-gpu-aware -n5
.//tmp_files/1620.sh: line 3: 73996 Segmentation fault      speed3d_r2c fftw float-long 1400 1400 1400 -no-reorder -ingrid 8192 1 1 -outgrid 8192 1 1 -no-gpu-aware -n5
.//tmp_files/1620.sh: line 3: 72668 Segmentation fault      speed3d_r2c fftw float-long 1400 1400 1400 -no-reorder -ingrid 8192 1 1 -outgrid 8192 1 1 -no-gpu-aware -n5
.//tmp_files/1620.sh: line 3: 96085 Segmentation fault      speed3d_r2c fftw float-long 1400 1400 1400 -no-reorder -ingrid 8192 1 1 -outgrid 8192 1 1 -no-gpu-aware -n5
.//tmp_files/1620.sh: line 3: 96099 Segmentation fault      speed3d_r2c fftw float-long 1400 1400 1400 -no-reorder -ingrid 8192 1 1 -outgrid 8192 1 1 -no-gpu-aware -n5
.//tmp_files/1620.sh: line 3: 96216 Segmentation fault      speed3d_r2c fftw float-long 1400 1400 1400 -no-reorder -ingrid 8192 1 1 -outgrid 8192 1 1 -no-gpu-aware -n5
.//tmp_files/1620.sh: line 3: 72035 Segmentation fault      speed3d_r2c fftw float-long 1400 1400 1400 -no-reorder -ingrid 8192 1 1 -outgrid 8192 1 1 -no-gpu-aware -n5
.//tmp_files/1620.sh: line 3: 96160 Segmentation fault      speed3d_r2c fftw float-long 1400 1400 1400 -no-reorder -ingrid 8192 1 1 -outgrid 8192 1 1 -no-gpu-aware -n5
.//tmp_files/1620.sh: line 3: 74474 Segmentation fault      speed3d_r2c fftw float-long 1400 1400 1400 -no-reorder -ingrid 8192 1 1 -outgrid 8192 1 1 -no-gpu-aware -n5
.//tmp_files/1620.sh: line 3: 82639 Segmentation fault      speed3d_r2c fftw float-long 1400 1400 1400 -no-reorder -ingrid 8192 1 1 -outgrid 8192 1 1 -no-gpu-aware -n5
.//tmp_files/1620.sh: line 3: 82647 Segmentation fault      speed3d_r2c fftw float-long 1400 1400 1400 -no-reorder -ingrid 8192 1 1 -outgrid 8192 1 1 -no-gpu-aware -n5
.//tmp_files/1620.sh: line 3: 82695 Segmentation fault      speed3d_r2c fftw float-long 1400 1400 1400 -no-reorder -ingrid 8192 1 1 -outgrid 8192 1 1 -no-gpu-aware -n5
.//tmp_files/1620.sh: line 3: 72616 Segmentation fault      speed3d_r2c fftw float-long 1400 1400 1400 -no-reorder -ingrid 8192 1 1 -outgrid 8192 1 1 -no-gpu-aware -n5
.//tmp_files/1620.sh: line 3: 72590 Segmentation fault      speed3d_r2c fftw float-long 1400 1400 1400 -no-reorder -ingrid 8192 1 1 -outgrid 8192 1 1 -no-gpu-aware -n5
.//tmp_files/1620.sh: line 3: 72601 Segmentation fault      speed3d_r2c fftw float-long 1400 1400 1400 -no-reorder -ingrid 8192 1 1 -outgrid 8192 1 1 -no-gpu-aware -n5
.//tmp_files/1620.sh: line 3: 72636 Segmentation fault      speed3d_r2c fftw float-long 1400 1400 1400 -no-reorder -ingrid 8192 1 1 -outgrid 8192 1 1 -no-gpu-aware -n5
.//tmp_files/1620.sh: line 3: 82683 Segmentation fault      speed3d_r2c fftw float-long 1400 1400 1400 -no-reorder -ingrid 8192 1 1 -outgrid 8192 1 1 -no-gpu-aware -n5
.//tmp_files/1620.sh: line 3: 81362 Segmentation fault      speed3d_r2c fftw float-long 1400 1400 1400 -no-reorder -ingrid 8192 1 1 -outgrid 8192 1 1 -no-gpu-aware -n5
.//tmp_files/1620.sh: line 3: 82685 Segmentation fault      speed3d_r2c fftw float-long 1400 1400 1400 -no-reorder -ingrid 8192 1 1 -outgrid 8192 1 1 -no-gpu-aware -n5
.//tmp_files/1620.sh: line 3: 96002 Segmentation fault      speed3d_r2c fftw float-long 1400 1400 1400 -no-reorder -ingrid 8192 1 1 -outgrid 8192 1 1 -no-gpu-aware -n5
.//tmp_files/1620.sh: line 3: 96080 Segmentation fault      speed3d_r2c fftw float-long 1400 1400 1400 -no-reorder -ingrid 8192 1 1 -outgrid 8192 1 1 -no-gpu-aware -n5
.//tmp_files/1620.sh: line 3: 96093 Segmentation fault      speed3d_r2c fftw float-long 1400 1400 1400 -no-reorder -ingrid 8192 1 1 -outgrid 8192 1 1 -no-gpu-aware -n5
.//tmp_files/1620.sh: line 3: 72056 Segmentation fault      speed3d_r2c fftw float-long 1400 1400 1400 -no-reorder -ingrid 8192 1 1 -outgrid 8192 1 1 -no-gpu-aware -n5
.//tmp_files/1620.sh: line 3: 72052 Segmentation fault      speed3d_r2c fftw float-long 1400 1400 1400 -no-reorder -ingrid 8192 1 1 -outgrid 8192 1 1 -no-gpu-aware -n5
.//tmp_files/1620.sh: line 3: 95940 Segmentation fault      speed3d_r2c fftw float-long 1400 1400 1400 -no-reorder -ingrid 8192 1 1 -outgrid 8192 1 1 -no-gpu-aware -n5
.//tmp_files/1620.sh: line 3: 95955 Segmentation fault      speed3d_r2c fftw float-long 1400 1400 1400 -no-reorder -ingrid 8192 1 1 -outgrid 8192 1 1 -no-gpu-aware -n5
.//tmp_files/1620.sh: line 3: 95956 Segmentation fault      speed3d_r2c fftw float-long 1400 1400 1400 -no-reorder -ingrid 8192 1 1 -outgrid 8192 1 1 -no-gpu-aware -n5
.//tmp_files/1620.sh: line 3: 81457 Segmentation fault      speed3d_r2c fftw float-long 1400 1400 1400 -no-reorder -ingrid 8192 1 1 -outgrid 8192 1 1 -no-gpu-aware -n5
.//tmp_files/1620.sh: line 3: 96081 Segmentation fault      speed3d_r2c fftw float-long 1400 1400 1400 -no-reorder -ingrid 8192 1 1 -outgrid 8192 1 1 -no-gpu-aware -n5
.//tmp_files/1620.sh: line 3: 72646 Segmentation fault      speed3d_r2c fftw float-long 1400 1400 1400 -no-reorder -ingrid 8192 1 1 -outgrid 8192 1 1 -no-gpu-aware -n5
.//tmp_files/1620.sh: line 3: 82647 Segmentation fault      speed3d_r2c fftw float-long 1400 1400 1400 -no-reorder -ingrid 8192 1 1 -outgrid 8192 1 1 -no-gpu-aware -n5
.//tmp_files/1620.sh: line 3: 82758 Segmentation fault      speed3d_r2c fftw float-long 1400 1400 1400 -no-reorder -ingrid 8192 1 1 -outgrid 8192 1 1 -no-gpu-aware -n5
.//tmp_files/1620.sh: line 3: 95474 Segmentation fault      speed3d_r2c fftw float-long 1400 1400 1400 -no-reorder -ingrid 8192 1 1 -outgrid 8192 1 1 -no-gpu-aware -n5
.//tmp_files/1620.sh: line 3: 72076 Segmentation fault      speed3d_r2c fftw float-long 1400 1400 1400 -no-reorder -ingrid 8192 1 1 -outgrid 8192 1 1 -no-gpu-aware -n5
.//tmp_files/1620.sh: line 3: 74018 Segmentation fault      speed3d_r2c fftw float-long 1400 1400 1400 -no-reorder -ingrid 8192 1 1 -outgrid 8192 1 1 -no-gpu-aware -n5
.//tmp_files/1620.sh: line 3: 74484 Segmentation fault      speed3d_r2c fftw float-long 1400 1400 1400 -no-reorder -ingrid 8192 1 1 -outgrid 8192 1 1 -no-gpu-aware -n5
.//tmp_files/1620.sh: line 3: 72660 Segmentation fault      speed3d_r2c fftw float-long 1400 1400 1400 -no-reorder -ingrid 8192 1 1 -outgrid 8192 1 1 -no-gpu-aware -n5
.//tmp_files/1620.sh: line 3: 96117 Segmentation fault      speed3d_r2c fftw float-long 1400 1400 1400 -no-reorder -ingrid 8192 1 1 -outgrid 8192 1 1 -no-gpu-aware -n5
.//tmp_files/1620.sh: line 3: 81359 Segmentation fault      speed3d_r2c fftw float-long 1400 1400 1400 -no-reorder -ingrid 8192 1 1 -outgrid 8192 1 1 -no-gpu-aware -n5
.//tmp_files/1620.sh: line 3: 95931 Segmentation fault      speed3d_r2c fftw float-long 1400 1400 1400 -no-reorder -ingrid 8192 1 1 -outgrid 8192 1 1 -no-gpu-aware -n5
.//tmp_files/1620.sh: line 3: 72029 Segmentation fault      speed3d_r2c fftw float-long 1400 1400 1400 -no-reorder -ingrid 8192 1 1 -outgrid 8192 1 1 -no-gpu-aware -n5
.//tmp_files/1620.sh: line 3: 96017 Segmentation fault      speed3d_r2c fftw float-long 1400 1400 1400 -no-reorder -ingrid 8192 1 1 -outgrid 8192 1 1 -no-gpu-aware -n5
.//tmp_files/1620.sh: line 3: 95972 Segmentation fault      speed3d_r2c fftw float-long 1400 1400 1400 -no-reorder -ingrid 8192 1 1 -outgrid 8192 1 1 -no-gpu-aware -n5
.//tmp_files/1620.sh: line 3: 96000 Segmentation fault      speed3d_r2c fftw float-long 1400 1400 1400 -no-reorder -ingrid 8192 1 1 -outgrid 8192 1 1 -no-gpu-aware -n5
.//tmp_files/1620.sh: line 3: 95931 Segmentation fault      speed3d_r2c fftw float-long 1400 1400 1400 -no-reorder -ingrid 8192 1 1 -outgrid 8192 1 1 -no-gpu-aware -n5
.//tmp_files/1620.sh: line 3: 95935 Segmentation fault      speed3d_r2c fftw float-long 1400 1400 1400 -no-reorder -ingrid 8192 1 1 -outgrid 8192 1 1 -no-gpu-aware -n5
.//tmp_files/1620.sh: line 3: 81352 Segmentation fault      speed3d_r2c fftw float-long 1400 1400 1400 -no-reorder -ingrid 8192 1 1 -outgrid 8192 1 1 -no-gpu-aware -n5
.//tmp_files/1620.sh: line 3: 82709 Segmentation fault      speed3d_r2c fftw float-long 1400 1400 1400 -no-reorder -ingrid 8192 1 1 -outgrid 8192 1 1 -no-gpu-aware -n5
.//tmp_files/1620.sh: line 3: 72595 Segmentation fault      speed3d_r2c fftw float-long 1400 1400 1400 -no-reorder -ingrid 8192 1 1 -outgrid 8192 1 1 -no-gpu-aware -n5
.//tmp_files/1620.sh: line 3: 72616 Segmentation fault      speed3d_r2c fftw float-long 1400 1400 1400 -no-reorder -ingrid 8192 1 1 -outgrid 8192 1 1 -no-gpu-aware -n5
.//tmp_files/1620.sh: line 3: 72581 Segmentation fault      speed3d_r2c fftw float-long 1400 1400 1400 -no-reorder -ingrid 8192 1 1 -outgrid 8192 1 1 -no-gpu-aware -n5
.//tmp_files/1620.sh: line 3: 82768 Segmentation fault      speed3d_r2c fftw float-long 1400 1400 1400 -no-reorder -ingrid 8192 1 1 -outgrid 8192 1 1 -no-gpu-aware -n5
.//tmp_files/1620.sh: line 3: 82762 Segmentation fault      speed3d_r2c fftw float-long 1400 1400 1400 -no-reorder -ingrid 8192 1 1 -outgrid 8192 1 1 -no-gpu-aware -n5
.//tmp_files/1620.sh: line 3: 82766 Segmentation fault      speed3d_r2c fftw float-long 1400 1400 1400 -no-reorder -ingrid 8192 1 1 -outgrid 8192 1 1 -no-gpu-aware -n5
.//tmp_files/1620.sh: line 3: 82760 Segmentation fault      speed3d_r2c fftw float-long 1400 1400 1400 -no-reorder -ingrid 8192 1 1 -outgrid 8192 1 1 -no-gpu-aware -n5
.//tmp_files/1620.sh: line 3: 74422 Segmentation fault      speed3d_r2c fftw float-long 1400 1400 1400 -no-reorder -ingrid 8192 1 1 -outgrid 8192 1 1 -no-gpu-aware -n5
.//tmp_files/1620.sh: line 3: 82696 Segmentation fault      speed3d_r2c fftw float-long 1400 1400 1400 -no-reorder -ingrid 8192 1 1 -outgrid 8192 1 1 -no-gpu-aware -n5
.//tmp_files/1620.sh: line 3: 72598 Segmentation fault      speed3d_r2c fftw float-long 1400 1400 1400 -no-reorder -ingrid 8192 1 1 -outgrid 8192 1 1 -no-gpu-aware -n5
.//tmp_files/1620.sh: line 3: 72733 Segmentation fault      speed3d_r2c fftw float-long 1400 1400 1400 -no-reorder -ingrid 8192 1 1 -outgrid 8192 1 1 -no-gpu-aware -n5
.//tmp_files/1620.sh: line 3: 72587 Segmentation fault      speed3d_r2c fftw float-long 1400 1400 1400 -no-reorder -ingrid 8192 1 1 -outgrid 8192 1 1 -no-gpu-aware -n5
.//tmp_files/1620.sh: line 3: 72615 Segmentation fault      speed3d_r2c fftw float-long 1400 1400 1400 -no-reorder -ingrid 8192 1 1 -outgrid 8192 1 1 -no-gpu-aware -n5
.//tmp_files/1620.sh: line 3: 72565 Segmentation fault      speed3d_r2c fftw float-long 1400 1400 1400 -no-reorder -ingrid 8192 1 1 -outgrid 8192 1 1 -no-gpu-aware -n5
.//tmp_files/1620.sh: line 3: 95980 Segmentation fault      speed3d_r2c fftw float-long 1400 1400 1400 -no-reorder -ingrid 8192 1 1 -outgrid 8192 1 1 -no-gpu-aware -n5
.//tmp_files/1620.sh: line 3: 96085 Segmentation fault      speed3d_r2c fftw float-long 1400 1400 1400 -no-reorder -ingrid 8192 1 1 -outgrid 8192 1 1 -no-gpu-aware -n5
.//tmp_files/1620.sh: line 3: 96114 Segmentation fault      speed3d_r2c fftw float-long 1400 1400 1400 -no-reorder -ingrid 8192 1 1 -outgrid 8192 1 1 -no-gpu-aware -n5
.//tmp_files/1620.sh: line 3: 96110 Segmentation fault      speed3d_r2c fftw float-long 1400 1400 1400 -no-reorder -ingrid 8192 1 1 -outgrid 8192 1 1 -no-gpu-aware -n5
.//tmp_files/1620.sh: line 3: 96124 Segmentation fault      speed3d_r2c fftw float-long 1400 1400 1400 -no-reorder -ingrid 8192 1 1 -outgrid 8192 1 1 -no-gpu-aware -n5
.//tmp_files/1620.sh: line 3: 81287 Segmentation fault      speed3d_r2c fftw float-long 1400 1400 1400 -no-reorder -ingrid 8192 1 1 -outgrid 8192 1 1 -no-gpu-aware -n5
.//tmp_files/1620.sh: line 3: 81336 Segmentation fault      speed3d_r2c fftw float-long 1400 1400 1400 -no-reorder -ingrid 8192 1 1 -outgrid 8192 1 1 -no-gpu-aware -n5
.//tmp_files/1620.sh: line 3: 81347 Segmentation fault      speed3d_r2c fftw float-long 1400 1400 1400 -no-reorder -ingrid 8192 1 1 -outgrid 8192 1 1 -no-gpu-aware -n5
.//tmp_files/1620.sh: line 3: 81346 Segmentation fault      speed3d_r2c fftw float-long 1400 1400 1400 -no-reorder -ingrid 8192 1 1 -outgrid 8192 1 1 -no-gpu-aware -n5
.//tmp_files/1620.sh: line 3: 81342 Segmentation fault      speed3d_r2c fftw float-long 1400 1400 1400 -no-reorder -ingrid 8192 1 1 -outgrid 8192 1 1 -no-gpu-aware -n5
.//tmp_files/1620.sh: line 3: 81340 Segmentation fault      speed3d_r2c fftw float-long 1400 1400 1400 -no-reorder -ingrid 8192 1 1 -outgrid 8192 1 1 -no-gpu-aware -n5
.//tmp_files/1620.sh: line 3: 81339 Segmentation fault      speed3d_r2c fftw float-long 1400 1400 1400 -no-reorder -ingrid 8192 1 1 -outgrid 8192 1 1 -no-gpu-aware -n5
.//tmp_files/1620.sh: line 3: 81351 Segmentation fault      speed3d_r2c fftw float-long 1400 1400 1400 -no-reorder -ingrid 8192 1 1 -outgrid 8192 1 1 -no-gpu-aware -n5
.//tmp_files/1620.sh: line 3: 72720 Segmentation fault      speed3d_r2c fftw float-long 1400 1400 1400 -no-reorder -ingrid 8192 1 1 -outgrid 8192 1 1 -no-gpu-aware -n5
.//tmp_files/1620.sh: line 3: 72724 Segmentation fault      speed3d_r2c fftw float-long 1400 1400 1400 -no-reorder -ingrid 8192 1 1 -outgrid 8192 1 1 -no-gpu-aware -n5
.//tmp_files/1620.sh: line 3: 72727 Segmentation fault      speed3d_r2c fftw float-long 1400 1400 1400 -no-reorder -ingrid 8192 1 1 -outgrid 8192 1 1 -no-gpu-aware -n5
.//tmp_files/1620.sh: line 3: 95814 Segmentation fault      speed3d_r2c fftw float-long 1400 1400 1400 -no-reorder -ingrid 8192 1 1 -outgrid 8192 1 1 -no-gpu-aware -n5
.//tmp_files/1620.sh: line 3: 95521 Segmentation fault      speed3d_r2c fftw float-long 1400 1400 1400 -no-reorder -ingrid 8192 1 1 -outgrid 8192 1 1 -no-gpu-aware -n5
.//tmp_files/1620.sh: line 3: 95466 Segmentation fault      speed3d_r2c fftw float-long 1400 1400 1400 -no-reorder -ingrid 8192 1 1 -outgrid 8192 1 1 -no-gpu-aware -n5
.//tmp_files/1620.sh: line 3: 72037 Segmentation fault      speed3d_r2c fftw float-long 1400 1400 1400 -no-reorder -ingrid 8192 1 1 -outgrid 8192 1 1 -no-gpu-aware -n5
.//tmp_files/1620.sh: line 3: 72034 Segmentation fault      speed3d_r2c fftw float-long 1400 1400 1400 -no-reorder -ingrid 8192 1 1 -outgrid 8192 1 1 -no-gpu-aware -n5
.//tmp_files/1620.sh: line 3: 95617 Segmentation fault      speed3d_r2c fftw float-long 1400 1400 1400 -no-reorder -ingrid 8192 1 1 -outgrid 8192 1 1 -no-gpu-aware -n5
.//tmp_files/1620.sh: line 3: 95470 Segmentation fault      speed3d_r2c fftw float-long 1400 1400 1400 -no-reorder -ingrid 8192 1 1 -outgrid 8192 1 1 -no-gpu-aware -n5
.//tmp_files/1620.sh: line 3: 96013 Segmentation fault      speed3d_r2c fftw float-long 1400 1400 1400 -no-reorder -ingrid 8192 1 1 -outgrid 8192 1 1 -no-gpu-aware -n5
.//tmp_files/1620.sh: line 3: 96030 Segmentation fault      speed3d_r2c fftw float-long 1400 1400 1400 -no-reorder -ingrid 8192 1 1 -outgrid 8192 1 1 -no-gpu-aware -n5
.//tmp_files/1620.sh: line 3: 96027 Segmentation fault      speed3d_r2c fftw float-long 1400 1400 1400 -no-reorder -ingrid 8192 1 1 -outgrid 8192 1 1 -no-gpu-aware -n5
.//tmp_files/1620.sh: line 3: 72601 Segmentation fault      speed3d_r2c fftw float-long 1400 1400 1400 -no-reorder -ingrid 8192 1 1 -outgrid 8192 1 1 -no-gpu-aware -n5
.//tmp_files/1620.sh: line 3: 72731 Segmentation fault      speed3d_r2c fftw float-long 1400 1400 1400 -no-reorder -ingrid 8192 1 1 -outgrid 8192 1 1 -no-gpu-aware -n5
.//tmp_files/1620.sh: line 3: 72606 Segmentation fault      speed3d_r2c fftw float-long 1400 1400 1400 -no-reorder -ingrid 8192 1 1 -outgrid 8192 1 1 -no-gpu-aware -n5
.//tmp_files/1620.sh: line 3: 95937 Segmentation fault      speed3d_r2c fftw float-long 1400 1400 1400 -no-reorder -ingrid 8192 1 1 -outgrid 8192 1 1 -no-gpu-aware -n5
.//tmp_files/1620.sh: line 3: 74497 Segmentation fault      speed3d_r2c fftw float-long 1400 1400 1400 -no-reorder -ingrid 8192 1 1 -outgrid 8192 1 1 -no-gpu-aware -n5
.//tmp_files/1620.sh: line 3: 72567 Segmentation fault      speed3d_r2c fftw float-long 1400 1400 1400 -no-reorder -ingrid 8192 1 1 -outgrid 8192 1 1 -no-gpu-aware -n5
.//tmp_files/1620.sh: line 3: 95454 Segmentation fault      speed3d_r2c fftw float-long 1400 1400 1400 -no-reorder -ingrid 8192 1 1 -outgrid 8192 1 1 -no-gpu-aware -n5
.//tmp_files/1620.sh: line 3: 95614 Segmentation fault      speed3d_r2c fftw float-long 1400 1400 1400 -no-reorder -ingrid 8192 1 1 -outgrid 8192 1 1 -no-gpu-aware -n5
.//tmp_files/1620.sh: line 3: 72663 Segmentation fault      speed3d_r2c fftw float-long 1400 1400 1400 -no-reorder -ingrid 8192 1 1 -outgrid 8192 1 1 -no-gpu-aware -n5
Application 28966667 exit codes: 139
Application 28966667 exit signals: Killed
Application 28966667 resources: utime ~7272s, stime ~517s, Rss ~117148, inblocks ~172714, outblocks ~0
