time=1.54163 0/2 /pressio/roibin/background/pressio/sz:metrics:copy_compressor_results <int32> = 1
/pressio/roibin/background/pressio/sz:metrics:errors_fatal <int32> = 1
/pressio/roibin/background/pressio/sz:pressio:abs <double> = 90
/pressio/roibin/background/pressio/sz:pressio:lossless <int32> = <empty>
/pressio/roibin/background/pressio/sz:pressio:metric <char*> = "noop"
/pressio/roibin/background/pressio/sz:pressio:pw_rel <double> = <empty>
/pressio/roibin/background/pressio/sz:pressio:rel <double> = <empty>
/pressio/roibin/background/pressio/sz:sz:abs_err_bound <double> = 90
/pressio/roibin/background/pressio/sz:sz:accelerate_pw_rel_compression <int32> = 1
/pressio/roibin/background/pressio/sz:sz:app <char*> = "SZ"
/pressio/roibin/background/pressio/sz:sz:config_file <char*> = <empty>
/pressio/roibin/background/pressio/sz:sz:config_struct <void*> = <empty>
/pressio/roibin/background/pressio/sz:sz:data_type <double> = <empty>
/pressio/roibin/background/pressio/sz:sz:error_bound_mode <int32> = 0
/pressio/roibin/background/pressio/sz:sz:error_bound_mode_str <char*> = <empty>
/pressio/roibin/background/pressio/sz:sz:exafel:bin_size <uint32> = 0
/pressio/roibin/background/pressio/sz:sz:exafel:calib_panel <data> = data{ type=byte dims={} has_data=false}
/pressio/roibin/background/pressio/sz:sz:exafel:num_peaks <uint32> = 0
/pressio/roibin/background/pressio/sz:sz:exafel:peak_size <uint32> = 0
/pressio/roibin/background/pressio/sz:sz:exafel:peaks_cols <data> = data{ type=byte dims={} has_data=false}
/pressio/roibin/background/pressio/sz:sz:exafel:peaks_rows <data> = data{ type=byte dims={} has_data=false}
/pressio/roibin/background/pressio/sz:sz:exafel:peaks_segs <data> = data{ type=byte dims={} has_data=false}
/pressio/roibin/background/pressio/sz:sz:exafel:sz_dim <uint32> = 0
/pressio/roibin/background/pressio/sz:sz:exafel:tolerance <double> = 0
/pressio/roibin/background/pressio/sz:sz:gzip_mode <int32> = 3
/pressio/roibin/background/pressio/sz:sz:lossless_compressor <int32> = 1
/pressio/roibin/background/pressio/sz:sz:max_quant_intervals <uint32> = 65536
/pressio/roibin/background/pressio/sz:sz:metric <char*> = "noop"
/pressio/roibin/background/pressio/sz:sz:pred_threshold <float> = 0.99
/pressio/roibin/background/pressio/sz:sz:prediction_mode <int32> = <empty>
/pressio/roibin/background/pressio/sz:sz:protect_value_range <int32> = 0
/pressio/roibin/background/pressio/sz:sz:psnr_err_bound <double> = 90
/pressio/roibin/background/pressio/sz:sz:pw_rel_err_bound <double> = 0.001
/pressio/roibin/background/pressio/sz:sz:quantization_intervals <uint32> = 0
/pressio/roibin/background/pressio/sz:sz:rel_err_bound <double> = 0.0001
/pressio/roibin/background/pressio/sz:sz:sample_distance <int32> = 100
/pressio/roibin/background/pressio/sz:sz:segment_size <int32> = 36
/pressio/roibin/background/pressio/sz:sz:snapshot_cmpr_step <int32> = 5
/pressio/roibin/background/pressio/sz:sz:sol_id <int32> = 101
/pressio/roibin/background/pressio/sz:sz:sz_mode <int32> = 1
/pressio/roibin/background/pressio/sz:sz:user_params <void*> = false
/pressio/roibin/background/pressio:metrics:copy_compressor_results <int32> = 1
/pressio/roibin/background/pressio:metrics:errors_fatal <int32> = 1
/pressio/roibin/background/pressio:pressio:abs <double> = 90
/pressio/roibin/background/pressio:pressio:bound_name <char*> = <empty>
/pressio/roibin/background/pressio:pressio:compressor <char*> = "sz"
/pressio/roibin/background/pressio:pressio:metric <char*> = "noop"
/pressio/roibin/background/pressio:pressio:rel <double> = <empty>
/pressio/roibin/background/pressio:pressio:reset_mode <bool> = <empty>
/pressio/roibin/background:binning:compressor <char*> = "pressio"
/pressio/roibin/background:binning:metric <char*> = "noop"
/pressio/roibin/background:binning:nthreads <uint32> = 2
/pressio/roibin/background:binning:shape <data> = data{ type=double dims={3, } has_data=[2, 2, 1, ]}
/pressio/roibin/background:metrics:copy_compressor_results <int32> = 1
/pressio/roibin/background:metrics:errors_fatal <int32> = 1
/pressio/roibin/background:pressio:metric <char*> = "noop"
/pressio/roibin/background:pressio:nthreads <uint32> = 2
/pressio/roibin/roi:fpzip:has_header <int32> = 0
/pressio/roibin/roi:fpzip:metric <char*> = "noop"
/pressio/roibin/roi:fpzip:prec <int32> = 0
/pressio/roibin/roi:metrics:copy_compressor_results <int32> = 1
/pressio/roibin/roi:metrics:errors_fatal <int32> = 1
/pressio/roibin/roi:pressio:metric <char*> = "noop"
/pressio/roibin:metrics:copy_compressor_results <int32> = 1
/pressio/roibin:metrics:errors_fatal <int32> = 1
/pressio/roibin:pressio:metric <char*> = "noop"
/pressio/roibin:pressio:nthreads <uint32> = 2
/pressio/roibin:roibin:background <char*> = "binning"
/pressio/roibin:roibin:centers <data> = data{ type=uint64_t dims={} has_data=false}
/pressio/roibin:roibin:metric <char*> = "noop"
/pressio/roibin:roibin:nthreads <uint32> = 2
/pressio/roibin:roibin:roi <char*> = "fpzip"
/pressio/roibin:roibin:roi_size <data> = data{ type=double dims={3, } has_data=[8, 8, 0, ]}
/pressio/roibin:roibin:roi_strategy <char*> = "coordinates"
/pressio:metrics:copy_compressor_results <int32> = 1
/pressio:metrics:errors_fatal <int32> = 1
/pressio:pressio:bound_name <char*> = <empty>
/pressio:pressio:compressor <char*> = "roibin"
/pressio:pressio:metric <char*> = "noop"
/pressio:pressio:reset_mode <bool> = <empty>

time=1.54171 0/2 global data_dims{130, 1480, 1552}
time=1.54171 0/2 global peakx_dims{130, 2048}
time=1.54171 0/2 global peaky_dims{130, 2048}
time=1.54171 0/2 global npeaks{130}
time=1.54172 0/2 processing 0 2
time=6.57236 0/2 processing 2 4
time=11.5129 0/2 processing 4 6
time=15.689 0/2 processing 6 8
time=19.1249 0/2 processing 8 10
time=22.8049 0/2 processing 10 12
time=27.025 0/2 processing 12 14
time=31.205 0/2 processing 14 16
time=35.9289 0/2 processing 16 18
time=39.977 0/2 processing 18 20
time=45.005 0/2 processing 20 22
time=50.0689 0/2 processing 22 24
time=54.1369 0/2 processing 24 26
time=57.8102 0/2 processing 26 28
time=61.925 0/2 processing 28 30
time=65.949 0/2 processing 30 32
time=70.0969 0/2 processing 32 34
time=74.7649 0/2 processing 34 36
time=79.2049 0/2 processing 36 38
time=83.1409 0/2 processing 38 40
time=87.3889 0/2 processing 40 42
time=91.9009 0/2 processing 42 44
time=96.449 0/2 processing 44 46
time=100.933 0/2 processing 46 48
time=105.077 0/2 processing 48 50
time=108.905 0/2 processing 50 52
time=113.393 0/2 processing 52 54
time=117.429 0/2 processing 54 56
time=120.933 0/2 processing 56 58
time=124.981 0/2 processing 58 60
time=129.221 0/2 processing 60 62
time=133.217 0/2 processing 62 64
time=137.017 0/2 processing 64 66
time=141.441 0/2 processing 66 68
time=145.241 0/2 processing 68 70
time=148.945 0/2 processing 70 72
time=153.269 0/2 processing 72 74
time=156.485 0/2 processing 74 76
time=160.893 0/2 processing 76 78
time=164.501 0/2 processing 78 80
time=168.533 0/2 processing 80 82
time=172.781 0/2 processing 82 84
time=176.945 0/2 processing 84 86
time=180.737 0/2 processing 86 88
time=185.165 0/2 processing 88 90
time=188.561 0/2 processing 90 92
time=192.005 0/2 processing 92 94
time=196.241 0/2 processing 94 96
time=200.393 0/2 processing 96 98
time=205.709 0/2 processing 98 100
time=209.689 0/2 processing 100 102
time=213.161 0/2 processing 102 104
time=217.505 0/2 processing 104 106
time=221.849 0/2 processing 106 108
time=225.937 0/2 processing 108 110
time=229.325 0/2 processing 110 112
time=235.061 0/2 processing 112 114
time=239.309 0/2 processing 114 116
time=243.545 0/2 processing 116 118
time=247.625 0/2 processing 118 120
time=251.405 0/2 processing 120 122
time=255.161 0/2 processing 122 124
time=259.433 0/2 processing 124 126
time=263.825 0/2 processing 126 128
time=267.557 0/2 processing 128 130
global_cr=62.309
wallclock_ms=269755
compress_ms=30991
compress_bandwidth_GBps=0.0385408
wallclock_bandwidth_GBps=0.00442779
