tmp_files/46621eb4-19f2-45d2-b501-21563dbf8258.sh: line 3: 117514 Segmentation fault      speed3d_r2c fftw float 64 64 64 -reorder -a2av -r2c_dir 0 -outgrid 64 16 1 -n5
[NID 00194] 2023-08-04 01:25:43 Apid 28492389: initiated application termination
tmp_files/46621eb4-19f2-45d2-b501-21563dbf8258.sh: line 3: 136117 Segmentation fault      speed3d_r2c fftw float 64 64 64 -reorder -a2av -r2c_dir 0 -outgrid 64 16 1 -n5
tmp_files/46621eb4-19f2-45d2-b501-21563dbf8258.sh: line 3: 136431 Segmentation fault      speed3d_r2c fftw float 64 64 64 -reorder -a2av -r2c_dir 0 -outgrid 64 16 1 -n5
tmp_files/46621eb4-19f2-45d2-b501-21563dbf8258.sh: line 3: 117475 Segmentation fault      speed3d_r2c fftw float 64 64 64 -reorder -a2av -r2c_dir 0 -outgrid 64 16 1 -n5
tmp_files/46621eb4-19f2-45d2-b501-21563dbf8258.sh: line 3: 136357 Segmentation fault      speed3d_r2c fftw float 64 64 64 -reorder -a2av -r2c_dir 0 -outgrid 64 16 1 -n5
tmp_files/46621eb4-19f2-45d2-b501-21563dbf8258.sh: line 3: 117150 Segmentation fault      speed3d_r2c fftw float 64 64 64 -reorder -a2av -r2c_dir 0 -outgrid 64 16 1 -n5
tmp_files/46621eb4-19f2-45d2-b501-21563dbf8258.sh: line 3: 139090 Segmentation fault      speed3d_r2c fftw float 64 64 64 -reorder -a2av -r2c_dir 0 -outgrid 64 16 1 -n5
tmp_files/46621eb4-19f2-45d2-b501-21563dbf8258.sh: line 3: 136115 Segmentation fault      speed3d_r2c fftw float 64 64 64 -reorder -a2av -r2c_dir 0 -outgrid 64 16 1 -n5
tmp_files/46621eb4-19f2-45d2-b501-21563dbf8258.sh: line 3: 136161 Segmentation fault      speed3d_r2c fftw float 64 64 64 -reorder -a2av -r2c_dir 0 -outgrid 64 16 1 -n5
tmp_files/46621eb4-19f2-45d2-b501-21563dbf8258.sh: line 3: 136162 Segmentation fault      speed3d_r2c fftw float 64 64 64 -reorder -a2av -r2c_dir 0 -outgrid 64 16 1 -n5
tmp_files/46621eb4-19f2-45d2-b501-21563dbf8258.sh: line 3: 117334 Segmentation fault      speed3d_r2c fftw float 64 64 64 -reorder -a2av -r2c_dir 0 -outgrid 64 16 1 -n5
tmp_files/46621eb4-19f2-45d2-b501-21563dbf8258.sh: line 3: 117083 Segmentation fault      speed3d_r2c fftw float 64 64 64 -reorder -a2av -r2c_dir 0 -outgrid 64 16 1 -n5
tmp_files/46621eb4-19f2-45d2-b501-21563dbf8258.sh: line 3: 136305 Segmentation fault      speed3d_r2c fftw float 64 64 64 -reorder -a2av -r2c_dir 0 -outgrid 64 16 1 -n5
tmp_files/46621eb4-19f2-45d2-b501-21563dbf8258.sh: line 3: 136171 Segmentation fault      speed3d_r2c fftw float 64 64 64 -reorder -a2av -r2c_dir 0 -outgrid 64 16 1 -n5
tmp_files/46621eb4-19f2-45d2-b501-21563dbf8258.sh: line 3: 136173 Segmentation fault      speed3d_r2c fftw float 64 64 64 -reorder -a2av -r2c_dir 0 -outgrid 64 16 1 -n5
tmp_files/46621eb4-19f2-45d2-b501-21563dbf8258.sh: line 3: 136167 Segmentation fault      speed3d_r2c fftw float 64 64 64 -reorder -a2av -r2c_dir 0 -outgrid 64 16 1 -n5
tmp_files/46621eb4-19f2-45d2-b501-21563dbf8258.sh: line 3: 135889 Segmentation fault      speed3d_r2c fftw float 64 64 64 -reorder -a2av -r2c_dir 0 -outgrid 64 16 1 -n5
tmp_files/46621eb4-19f2-45d2-b501-21563dbf8258.sh: line 3: 136142 Segmentation fault      speed3d_r2c fftw float 64 64 64 -reorder -a2av -r2c_dir 0 -outgrid 64 16 1 -n5
tmp_files/46621eb4-19f2-45d2-b501-21563dbf8258.sh: line 3: 136150 Segmentation fault      speed3d_r2c fftw float 64 64 64 -reorder -a2av -r2c_dir 0 -outgrid 64 16 1 -n5
tmp_files/46621eb4-19f2-45d2-b501-21563dbf8258.sh: line 3: 136140 Segmentation fault      speed3d_r2c fftw float 64 64 64 -reorder -a2av -r2c_dir 0 -outgrid 64 16 1 -n5
tmp_files/46621eb4-19f2-45d2-b501-21563dbf8258.sh: line 3: 136166 Segmentation fault      speed3d_r2c fftw float 64 64 64 -reorder -a2av -r2c_dir 0 -outgrid 64 16 1 -n5
tmp_files/46621eb4-19f2-45d2-b501-21563dbf8258.sh: line 3: 136130 Segmentation fault      speed3d_r2c fftw float 64 64 64 -reorder -a2av -r2c_dir 0 -outgrid 64 16 1 -n5
tmp_files/46621eb4-19f2-45d2-b501-21563dbf8258.sh: line 3: 136136 Segmentation fault      speed3d_r2c fftw float 64 64 64 -reorder -a2av -r2c_dir 0 -outgrid 64 16 1 -n5
tmp_files/46621eb4-19f2-45d2-b501-21563dbf8258.sh: line 3: 136178 Segmentation fault      speed3d_r2c fftw float 64 64 64 -reorder -a2av -r2c_dir 0 -outgrid 64 16 1 -n5
tmp_files/46621eb4-19f2-45d2-b501-21563dbf8258.sh: line 3: 136177 Segmentation fault      speed3d_r2c fftw float 64 64 64 -reorder -a2av -r2c_dir 0 -outgrid 64 16 1 -n5
tmp_files/46621eb4-19f2-45d2-b501-21563dbf8258.sh: line 3: 136137 Segmentation fault      speed3d_r2c fftw float 64 64 64 -reorder -a2av -r2c_dir 0 -outgrid 64 16 1 -n5
tmp_files/46621eb4-19f2-45d2-b501-21563dbf8258.sh: line 3: 136138 Segmentation fault      speed3d_r2c fftw float 64 64 64 -reorder -a2av -r2c_dir 0 -outgrid 64 16 1 -n5
tmp_files/46621eb4-19f2-45d2-b501-21563dbf8258.sh: line 3: 136160 Segmentation fault      speed3d_r2c fftw float 64 64 64 -reorder -a2av -r2c_dir 0 -outgrid 64 16 1 -n5
tmp_files/46621eb4-19f2-45d2-b501-21563dbf8258.sh: line 3: 136172 Segmentation fault      speed3d_r2c fftw float 64 64 64 -reorder -a2av -r2c_dir 0 -outgrid 64 16 1 -n5
tmp_files/46621eb4-19f2-45d2-b501-21563dbf8258.sh: line 3: 136175 Segmentation fault      speed3d_r2c fftw float 64 64 64 -reorder -a2av -r2c_dir 0 -outgrid 64 16 1 -n5
tmp_files/46621eb4-19f2-45d2-b501-21563dbf8258.sh: line 3: 136170 Segmentation fault      speed3d_r2c fftw float 64 64 64 -reorder -a2av -r2c_dir 0 -outgrid 64 16 1 -n5
tmp_files/46621eb4-19f2-45d2-b501-21563dbf8258.sh: line 3: 136169 Segmentation fault      speed3d_r2c fftw float 64 64 64 -reorder -a2av -r2c_dir 0 -outgrid 64 16 1 -n5
tmp_files/46621eb4-19f2-45d2-b501-21563dbf8258.sh: line 3: 136174 Segmentation fault      speed3d_r2c fftw float 64 64 64 -reorder -a2av -r2c_dir 0 -outgrid 64 16 1 -n5
tmp_files/46621eb4-19f2-45d2-b501-21563dbf8258.sh: line 3: 136176 Segmentation fault      speed3d_r2c fftw float 64 64 64 -reorder -a2av -r2c_dir 0 -outgrid 64 16 1 -n5
tmp_files/46621eb4-19f2-45d2-b501-21563dbf8258.sh: line 3: 136163 Segmentation fault      speed3d_r2c fftw float 64 64 64 -reorder -a2av -r2c_dir 0 -outgrid 64 16 1 -n5
tmp_files/46621eb4-19f2-45d2-b501-21563dbf8258.sh: line 3: 117134 Segmentation fault      speed3d_r2c fftw float 64 64 64 -reorder -a2av -r2c_dir 0 -outgrid 64 16 1 -n5
tmp_files/46621eb4-19f2-45d2-b501-21563dbf8258.sh: line 3: 136127 Segmentation fault      speed3d_r2c fftw float 64 64 64 -reorder -a2av -r2c_dir 0 -outgrid 64 16 1 -n5
tmp_files/46621eb4-19f2-45d2-b501-21563dbf8258.sh: line 3: 136101 Segmentation fault      speed3d_r2c fftw float 64 64 64 -reorder -a2av -r2c_dir 0 -outgrid 64 16 1 -n5
tmp_files/46621eb4-19f2-45d2-b501-21563dbf8258.sh: line 3: 136115 Segmentation fault      speed3d_r2c fftw float 64 64 64 -reorder -a2av -r2c_dir 0 -outgrid 64 16 1 -n5
tmp_files/46621eb4-19f2-45d2-b501-21563dbf8258.sh: line 3: 136116 Segmentation fault      speed3d_r2c fftw float 64 64 64 -reorder -a2av -r2c_dir 0 -outgrid 64 16 1 -n5
tmp_files/46621eb4-19f2-45d2-b501-21563dbf8258.sh: line 3: 136137 Segmentation fault      speed3d_r2c fftw float 64 64 64 -reorder -a2av -r2c_dir 0 -outgrid 64 16 1 -n5
tmp_files/46621eb4-19f2-45d2-b501-21563dbf8258.sh: line 3: 136142 Segmentation fault      speed3d_r2c fftw float 64 64 64 -reorder -a2av -r2c_dir 0 -outgrid 64 16 1 -n5
tmp_files/46621eb4-19f2-45d2-b501-21563dbf8258.sh: line 3: 117546 Segmentation fault      speed3d_r2c fftw float 64 64 64 -reorder -a2av -r2c_dir 0 -outgrid 64 16 1 -n5
tmp_files/46621eb4-19f2-45d2-b501-21563dbf8258.sh: line 3: 117540 Segmentation fault      speed3d_r2c fftw float 64 64 64 -reorder -a2av -r2c_dir 0 -outgrid 64 16 1 -n5
tmp_files/46621eb4-19f2-45d2-b501-21563dbf8258.sh: line 3: 117531 Segmentation fault      speed3d_r2c fftw float 64 64 64 -reorder -a2av -r2c_dir 0 -outgrid 64 16 1 -n5
tmp_files/46621eb4-19f2-45d2-b501-21563dbf8258.sh: line 3: 117530 Segmentation fault      speed3d_r2c fftw float 64 64 64 -reorder -a2av -r2c_dir 0 -outgrid 64 16 1 -n5
tmp_files/46621eb4-19f2-45d2-b501-21563dbf8258.sh: line 3: 117544 Segmentation fault      speed3d_r2c fftw float 64 64 64 -reorder -a2av -r2c_dir 0 -outgrid 64 16 1 -n5
tmp_files/46621eb4-19f2-45d2-b501-21563dbf8258.sh: line 3: 117551 Segmentation fault      speed3d_r2c fftw float 64 64 64 -reorder -a2av -r2c_dir 0 -outgrid 64 16 1 -n5
tmp_files/46621eb4-19f2-45d2-b501-21563dbf8258.sh: line 3: 117554 Segmentation fault      speed3d_r2c fftw float 64 64 64 -reorder -a2av -r2c_dir 0 -outgrid 64 16 1 -n5
tmp_files/46621eb4-19f2-45d2-b501-21563dbf8258.sh: line 3: 136363 Segmentation fault      speed3d_r2c fftw float 64 64 64 -reorder -a2av -r2c_dir 0 -outgrid 64 16 1 -n5
tmp_files/46621eb4-19f2-45d2-b501-21563dbf8258.sh: line 3: 117547 Segmentation fault      speed3d_r2c fftw float 64 64 64 -reorder -a2av -r2c_dir 0 -outgrid 64 16 1 -n5
tmp_files/46621eb4-19f2-45d2-b501-21563dbf8258.sh: line 3: 117550 Segmentation fault      speed3d_r2c fftw float 64 64 64 -reorder -a2av -r2c_dir 0 -outgrid 64 16 1 -n5
tmp_files/46621eb4-19f2-45d2-b501-21563dbf8258.sh: line 3: 117533 Segmentation fault      speed3d_r2c fftw float 64 64 64 -reorder -a2av -r2c_dir 0 -outgrid 64 16 1 -n5
tmp_files/46621eb4-19f2-45d2-b501-21563dbf8258.sh: line 3: 117545 Segmentation fault      speed3d_r2c fftw float 64 64 64 -reorder -a2av -r2c_dir 0 -outgrid 64 16 1 -n5
tmp_files/46621eb4-19f2-45d2-b501-21563dbf8258.sh: line 3: 117542 Segmentation fault      speed3d_r2c fftw float 64 64 64 -reorder -a2av -r2c_dir 0 -outgrid 64 16 1 -n5
tmp_files/46621eb4-19f2-45d2-b501-21563dbf8258.sh: line 3: 117549 Segmentation fault      speed3d_r2c fftw float 64 64 64 -reorder -a2av -r2c_dir 0 -outgrid 64 16 1 -n5
tmp_files/46621eb4-19f2-45d2-b501-21563dbf8258.sh: line 3: 117543 Segmentation fault      speed3d_r2c fftw float 64 64 64 -reorder -a2av -r2c_dir 0 -outgrid 64 16 1 -n5
tmp_files/46621eb4-19f2-45d2-b501-21563dbf8258.sh: line 3: 136102 Segmentation fault      speed3d_r2c fftw float 64 64 64 -reorder -a2av -r2c_dir 0 -outgrid 64 16 1 -n5
tmp_files/46621eb4-19f2-45d2-b501-21563dbf8258.sh: line 3: 136131 Segmentation fault      speed3d_r2c fftw float 64 64 64 -reorder -a2av -r2c_dir 0 -outgrid 64 16 1 -n5
tmp_files/46621eb4-19f2-45d2-b501-21563dbf8258.sh: line 3: 136367 Segmentation fault      speed3d_r2c fftw float 64 64 64 -reorder -a2av -r2c_dir 0 -outgrid 64 16 1 -n5
tmp_files/46621eb4-19f2-45d2-b501-21563dbf8258.sh: line 3: 136372 Segmentation fault      speed3d_r2c fftw float 64 64 64 -reorder -a2av -r2c_dir 0 -outgrid 64 16 1 -n5
tmp_files/46621eb4-19f2-45d2-b501-21563dbf8258.sh: line 3: 136355 Segmentation fault      speed3d_r2c fftw float 64 64 64 -reorder -a2av -r2c_dir 0 -outgrid 64 16 1 -n5
tmp_files/46621eb4-19f2-45d2-b501-21563dbf8258.sh: line 3: 117471 Segmentation fault      speed3d_r2c fftw float 64 64 64 -reorder -a2av -r2c_dir 0 -outgrid 64 16 1 -n5
tmp_files/46621eb4-19f2-45d2-b501-21563dbf8258.sh: line 3: 117460 Segmentation fault      speed3d_r2c fftw float 64 64 64 -reorder -a2av -r2c_dir 0 -outgrid 64 16 1 -n5
tmp_files/46621eb4-19f2-45d2-b501-21563dbf8258.sh: line 3: 117461 Segmentation fault      speed3d_r2c fftw float 64 64 64 -reorder -a2av -r2c_dir 0 -outgrid 64 16 1 -n5
tmp_files/46621eb4-19f2-45d2-b501-21563dbf8258.sh: line 3: 117459 Segmentation fault      speed3d_r2c fftw float 64 64 64 -reorder -a2av -r2c_dir 0 -outgrid 64 16 1 -n5
tmp_files/46621eb4-19f2-45d2-b501-21563dbf8258.sh: line 3: 117470 Segmentation fault      speed3d_r2c fftw float 64 64 64 -reorder -a2av -r2c_dir 0 -outgrid 64 16 1 -n5
tmp_files/46621eb4-19f2-45d2-b501-21563dbf8258.sh: line 3: 117465 Segmentation fault      speed3d_r2c fftw float 64 64 64 -reorder -a2av -r2c_dir 0 -outgrid 64 16 1 -n5
tmp_files/46621eb4-19f2-45d2-b501-21563dbf8258.sh: line 3: 117464 Segmentation fault      speed3d_r2c fftw float 64 64 64 -reorder -a2av -r2c_dir 0 -outgrid 64 16 1 -n5
tmp_files/46621eb4-19f2-45d2-b501-21563dbf8258.sh: line 3: 117438 Segmentation fault      speed3d_r2c fftw float 64 64 64 -reorder -a2av -r2c_dir 0 -outgrid 64 16 1 -n5
tmp_files/46621eb4-19f2-45d2-b501-21563dbf8258.sh: line 3: 117477 Segmentation fault      speed3d_r2c fftw float 64 64 64 -reorder -a2av -r2c_dir 0 -outgrid 64 16 1 -n5
tmp_files/46621eb4-19f2-45d2-b501-21563dbf8258.sh: line 3: 117441 Segmentation fault      speed3d_r2c fftw float 64 64 64 -reorder -a2av -r2c_dir 0 -outgrid 64 16 1 -n5
tmp_files/46621eb4-19f2-45d2-b501-21563dbf8258.sh: line 3: 117474 Segmentation fault      speed3d_r2c fftw float 64 64 64 -reorder -a2av -r2c_dir 0 -outgrid 64 16 1 -n5
tmp_files/46621eb4-19f2-45d2-b501-21563dbf8258.sh: line 3: 117419 Segmentation fault      speed3d_r2c fftw float 64 64 64 -reorder -a2av -r2c_dir 0 -outgrid 64 16 1 -n5
tmp_files/46621eb4-1tmp_files/46621eb4-19f2-45d2-b501-21563dbf8258.sh: line 3: 117338 Segmentation fault      speed3d_r2c fftw float 64 64 64 -reorder -a2av -r2c_dir 0 -outgrid 64 16 1 -n5
tmp_files/46621eb4-19f2-45d2-b501-21563dbf8258.sh: line 3: 117328 Segmentation fault      speed3d_r2c fftw float 64 64 64 -reorder -a2av -r2c_dir 0 -outgrid 64 16 1 -n5
tmp_files/46621eb4-19f2-45d2-b501-21563dbf8258.sh: line 3: 117316 Segmentation fault      speed3d_r2c fftw float 64 64 64 -reorder -a2av -r2c_dir 0 -outgrid 64 16 1 -n5
tmp_files/46621eb4-19f2-45d2-b501-21563dbf8258.sh: line 3: 117327 Segmentation fault      speed3d_r2c fftw float 64 64 64 -reorder -a2av -r2c_dir 0 -outgrid 64 16 1 -n5
tmp_files/46621eb4-19f2-45d2-b501-21563dbf8258.sh: line 3: 117329 Segmentation fault      speed3d_r2c fftw float 64 64 64 -reorder -a2av -r2c_dir 0 -outgrid 64 16 1 -n5
tmp_files/46621eb4-19f2-45d2-b501-21563dbf8258.sh: line 3: 117343 Segmentation fault      speed3d_r2c fftw float 64 64 64 -reorder -a2av -r2c_dir 0 -outgrid 64 16 1 -n5
tmp_files/46621eb4-19f2-45d2-b501-21563dbf8258.sh: line 3: 117326 Segmentation fault      speed3d_r2c fftw float 64 64 64 -reorder -a2av -r2c_dir 0 -outgrid 64 16 1 -n5
tmp_files/46621eb4-19f2-45d2-b501-21563dbf8258.sh: line 3: 117341 Segmentation fault      speed3d_r2c fftw float 64 64 64 -reorder -a2av -r2c_dir 0 -outgrid 64 16 1 -n5
tmp_files/46621eb4-19f2-45d2-b501-21563dbf8258.sh: line 3: 117136 Segmentation fault      speed3d_r2c fftw float 64 64 64 -reorder -a2av -r2c_dir 0 -outgrid 64 16 1 -n5
tmp_files/46621eb4-19f2-45d2-b501-21563dbf8258.sh: line 3: 117138 Segmentation fault      speed3d_r2c fftw float 64 64 64 -reorder -a2av -r2c_dir 0 -outgrid 64 16 1 -n5
tmp_files/46621eb4-19f2-45d2-b501-21563dbf8258.sh: line 3: 117140 Segmentation fault      speed3d_r2c fftw float 64 64 64 -reorder -a2av -r2c_dir 0 -outgrid 64 16 1 -n5
tmp_files/46621eb4-19f2-45d2-b501-21563dbf8258.sh: line 3: 117149 Segmentation fault      speed3d_r2c fftw float 64 64 64 -reorder -a2av -r2c_dir 0 -outgrid 64 16 1 -n5
tmp_files/46621eb4-19f2-45d2-b501-21563dbf8258.sh: line 3: 117143 Segmentation fault      speed3d_r2c fftw float 64 64 64 -reorder -a2av -r2c_dir 0 -outgrid 64 16 1 -n5
tmp_files/46621eb4-19f2-45d2-b501-21563dbf8258.sh: line 3: 117152 Segmentation fault      speed3d_r2c fftw float 64 64 64 -reorder -a2av -r2c_dir 0 -outgrid 64 16 1 -n5
tmp_files/46621eb4-19f2-45d2-b501-21563dbf8258.sh: line 3: 117155 Segmentation fault      speed3d_r2c fftw float 64 64 64 -reorder -a2av -r2c_dir 0 -outgrid 64 16 1 -n5
tmp_files/46621eb4-19f2-45d2-b501-21563dbf8258.sh: line 3: 117146 Segmentation fault      speed3d_r2c fftw float 64 64 64 -reorder -a2av -r2c_dir 0 -outgrid 64 16 1 -n5
tmp_files/46621eb4-19f2-45d2-b501-21563dbf8258.sh: line 3: 117156 Segmentation fault      speed3d_r2c fftw float 64 64 64 -reorder -a2av -r2c_dir 0 -outgrid 64 16 1 -n5
tmp_files/46621eb4-19f2-45d2-b501-21563dbf8258.sh: line 3: 117150 Segmentation fault      speed3d_r2c fftw float 64 64 64 -reorder -a2av -r2c_dir 0 -outgrid 64 16 1 -n5
tmp_files/46621eb4-19f2-45d2-b501-21563dbf8258.sh: line 3: 117153 Segmentation fault      speed3d_r2c fftw float 64 64 64 -reorder -a2av -r2c_dir 0 -outgrid 64 16 1 -n5
tmp_files/46621eb4-19f2-45d2-b501-21563dbf8258.sh: line 3: 117157 Segmentation fault      speed3d_r2c fftw float 64 64 64 -reorder -a2av -r2c_dir 0 -outgrid 64 16 1 -n5
tmp_files/46621eb4-1tmp_files/46621eb4-19f2-45d2-b501-21563dbf8258.sh: line 3: 117128 Segmentation fault      speed3d_r2c fftw float 64 64 64 -reorder -a2av -r2c_dir 0 -outgrid 64 16 1 -n5
tmp_files/46621eb4-19f2-45d2-b501-21563dbf8258.sh: line 3: 117148 Segmentation fault      speed3d_r2c fftw float 64 64 64 -reorder -a2av -r2c_dir 0 -outgrid 64 16 1 -n5
tmp_files/46621eb4-19f2-45d2-b501-21563dbf8258.sh: line 3: 117139 Segmentation fault      speed3d_r2c fftw float 64 64 64 -reorder -a2av -r2c_dir 0 -outgrid 64 16 1 -n5
tmp_files/46621eb4-19f2-45d2-b501-21563dbf8258.sh: line 3: 117134 Segmentation fault      speed3d_r2c fftw float 64 64 64 -reorder -a2av -r2c_dir 0 -outgrid 64 16 1 -n5
tmp_files/46621eb4-19f2-45d2-b501-21563dbf8258.sh: line 3: 117145 Segmentation fault      speed3d_r2c fftw float 64 64 64 -reorder -a2av -r2c_dir 0 -outgrid 64 16 1 -n5
tmp_files/46621eb4-19f2-45d2-b501-21563dbf8258.sh: line 3: 117157 Segmentation fault      speed3d_r2c fftw float 64 64 64 -reorder -a2av -r2c_dir 0 -outgrid 64 16 1 -n5
tmp_files/46621eb4-19f2-45d2-b501-21563dbf8258.sh: line 3: 117153 Segmentation fault      speed3d_r2c fftw float 64 64 64 -reorder -a2av -r2c_dir 0 -outgrid 64 16 1 -n5
tmp_files/46621eb4-19f2-45d2-b501-21563dbf8258.sh: line 3: 117118 Segmentation fault      speed3d_r2c fftw float 64 64 64 -reorder -a2av -r2c_dir 0 -outgrid 64 16 1 -n5
tmp_files/46621eb4-19f2-45d2-b501-21563dbf8258.sh: line 3: 117165 Segmentation fault      speed3d_r2c fftw float 64 64 64 -reorder -a2av -r2c_dir 0 -outgrid 64 16 1 -n5
tmp_files/46621eb4-19f2-45d2-b501-21563dbf8258.sh: line 3: 117166 Segmentation fault      speed3d_r2c fftw float 64 64 64 -reorder -a2av -r2c_dir 0 -outgrid 64 16 1 -n5
tmp_files/46621eb4-19f2-45d2-b501-21563dbf8258.sh: line 3: 117161 Segmentation fault      speed3d_r2c fftw float 64 64 64 -reorder -a2av -r2c_dir 0 -outgrid 64 16 1 -n5
tmp_files/46621eb4-19f2-45d2-b501-21563dbf8258.sh: line 3: 117168 Segmentation fault      speed3d_r2c fftw float 64 64 64 -reorder -a2av -r2c_dir 0 -outgrid 64 16 1 -n5
tmp_files/46621eb4-1tmp_files/46621eb4-19f2-45d2-b501-21563dbf8258.sh: line 3: 117541 Segmentation fault      speed3d_r2c fftw float 64 64 64 -reorder -a2av -r2c_dir 0 -outgrid 64 16 1 -n5
tmp_files/46621eb4-19f2-45d2-b501-21563dbf8258.sh: line 3: 134683 Segmentation fault      speed3d_r2c fftw float 64 64 64 -reorder -a2av -r2c_dir 0 -outgrid 64 16 1 -n5
tmp_files/46621eb4-19f2-45d2-b501-21563dbf8258.sh: line 3: 134727 Segmentation fault      speed3d_r2c fftw float 64 64 64 -reorder -a2av -r2c_dir 0 -outgrid 64 16 1 -n5
tmp_files/46621eb4-19f2-45d2-b501-21563dbf8258.sh: line 3: 134713 Segmentation fault      speed3d_r2c fftw float 64 64 64 -reorder -a2av -r2c_dir 0 -outgrid 64 16 1 -n5
tmp_files/46621eb4-19f2-45d2-b501-21563dbf8258.sh: line 3: 134717 Segmentation fault      speed3d_r2c fftw float 64 64 64 -reorder -a2av -r2c_dir 0 -outgrid 64 16 1 -n5
tmp_files/46621eb4-19f2-45d2-b501-21563dbf8258.sh: line 3: 134726 Segmentation fault      speed3d_r2c fftw float 64 64 64 -reorder -a2av -r2c_dir 0 -outgrid 64 16 1 -n5
tmp_files/46621eb4-19f2-45d2-b501-21563dbf8258.sh: line 3: 134716 Segmentation fault      speed3d_r2c fftw float 64 64 64 -reorder -a2av -r2c_dir 0 -outgrid 64 16 1 -n5
tmp_files/46621eb4-19f2-45d2-b501-21563dbf8258.sh: line 3: 134714 Segmentation fault      speed3d_r2c fftw float 64 64 64 -reorder -a2av -r2c_dir 0 -outgrid 64 16 1 -n5
tmp_files/46621eb4-19f2-45d2-b501-21563dbf8258.sh: line 3: 134728 Segmentation fault      speed3d_r2c fftw float 64 64 64 -reorder -a2av -r2c_dir 0 -outgrid 64 16 1 -n5
tmp_files/46621eb4-19f2-45d2-b501-21563dbf8258.sh: line 3: 134689 Segmentation fault      speed3d_r2c fftw float 64 64 64 -reorder -a2av -r2c_dir 0 -outgrid 64 16 1 -n5
tmp_files/46621eb4-19f2-45d2-b501-21563dbf8258.sh: line 3: 134691 Segmentation fault      speed3d_r2c fftw float 64 64 64 -reorder -a2av -r2c_dir 0 -outgrid 64 16 1 -n5
tmp_files/46621eb4-19f2-45d2-b501-21563dbf8258.sh: line 3: 134711 Segmentation fault      speed3d_r2c fftw float 64 64 64 -reorder -a2av -r2c_dir 0 -outgrid 64 16 1 -n5
tmp_files/46621eb4-19f2-45d2-b501-21563dbf8258.sh: line 3: 134703 Segmentation fault      speed3d_r2c fftw float 64 64 64 -reorder -a2av -r2c_dir 0 -outgrid 64 16 1 -n5
tmp_files/46621eb4-1tmp_files/46621eb4-19f2-45d2-b501-21563dbf8258.sh: line 3: 136367 Segmentation fault      speed3d_r2c fftw float 64 64 64 -reorder -a2av -r2c_dir 0 -outgrid 64 16 1 -n5
tmp_files/46621eb4-19f2-45d2-b501-21563dbf8258.sh: line 3: 136365 Segmentation fault      speed3d_r2c fftw float 64 64 64 -reorder -a2av -r2c_dir 0 -outgrid 64 16 1 -n5
tmp_files/46621eb4-19f2-45d2-b501-21563dbf8258.sh: line 3: 136309 Segmentation fault      speed3d_r2c fftw float 64 64 64 -reorder -a2av -r2c_dir 0 -outgrid 64 16 1 -n5
tmp_files/46621eb4-19f2-45d2-b501-21563dbf8258.sh: line 3: 135899 Segmentation fault      speed3d_r2c fftw float 64 64 64 -reorder -a2av -r2c_dir 0 -outgrid 64 16 1 -n5
tmp_files/46621eb4-19f2-45d2-b501-21563dbf8258.sh: line 3: 135892 Segmentation fault      speed3d_r2c fftw float 64 64 64 -reorder -a2av -r2c_dir 0 -outgrid 64 16 1 -n5
tmp_files/46621eb4-19f2-45d2-b501-21563dbf8258.sh: line 3: 135890 Segmentation fault      speed3d_r2c fftw float 64 64 64 -reorder -a2av -r2c_dir 0 -outgrid 64 16 1 -n5
tmp_files/46621eb4-19f2-45d2-b501-21563dbf8258.sh: line 3: 135887 Segmentation fault      speed3d_r2c fftw float 64 64 64 -reorder -a2av -r2c_dir 0 -outgrid 64 16 1 -n5
tmp_files/46621eb4-19f2-45d2-b501-21563dbf8258.sh: line 3: 135900 Segmentation fault      speed3d_r2c fftw float 64 64 64 -reorder -a2av -r2c_dir 0 -outgrid 64 16 1 -n5
tmp_files/46621eb4-19f2-45d2-b501-21563dbf8258.sh: line 3: 135895 Segmentation fault      speed3d_r2c fftw float 64 64 64 -reorder -a2av -r2c_dir 0 -outgrid 64 16 1 -n5
tmp_files/46621eb4-19f2-45d2-b501-21563dbf8258.sh: line 3: 135880 Segmentation fault      speed3d_r2c fftw float 64 64 64 -reorder -a2av -r2c_dir 0 -outgrid 64 16 1 -n5
tmp_files/46621eb4-19f2-45d2-b501-21563dbf8258.sh: line 3: 135879 Segmentation fault      speed3d_r2c fftw float 64 64 64 -reorder -a2av -r2c_dir 0 -outgrid 64 16 1 -n5
tmp_files/46621eb4-19f2-45d2-b501-21563dbf8258.sh: line 3: 135881 Segmentation fault      speed3d_r2c fftw float 64 64 64 -reorder -a2av -r2c_dir 0 -outgrid 64 16 1 -n5
tmp_files/46621eb4-19f2-45d2-b501-21563dbf8258.sh: line 3: 135883 Segmentation fault      speed3d_r2c fftw float 64 64 64 -reorder -a2av -r2c_dir 0 -outgrid 64 16 1 -n5
tmp_files/46621eb4-19f2-45d2-b501-21563dbf8258.sh: line 3: 135893 Segmentation fault      speed3d_r2c fftw float 64 64 64 -reorder -a2av -r2c_dir 0 -outgrid 64 16 1 -n5
tmp_files/46621eb4-19f2-45d2-b501-21563dbf8258.sh: line 3: 136323 Segmentation fault      speed3d_r2c fftw float 64 64 64 -reorder -a2av -r2c_dir 0 -outgrid 64 16 1 -n5
tmp_files/46621eb4-19f2-45d2-b501-21563dbf8258.sh: line 3: 136324 Segmentation fault      speed3d_r2c fftw float 64 64 64 -reorder -a2av -r2c_dir 0 -outgrid 64 16 1 -n5
tmp_files/46621eb4-19f2-45d2-b501-21563dbf8258.sh: line 3: 136328 Segmentation fault      speed3d_r2c fftw float 64 64 64 -reorder -a2av -r2c_dir 0 -outgrid 64 16 1 -n5
tmp_files/46621eb4-19f2-45d2-b501-21563dbf8258.sh: line 3: 136327 Segmentation fault      speed3d_r2c fftw float 64 64 64 -reorder -a2av -r2c_dir 0 -outgrid 64 16 1 -n5
tmp_files/46621eb4-19f2-45d2-b501-21563dbf8258.sh: line 3: 136312 Segmentation fault      speed3d_r2c fftw float 64 64 64 -reorder -a2av -r2c_dir 0 -outgrid 64 16 1 -n5
tmp_files/46621eb4-19f2-45d2-b501-21563dbf8258.sh: line 3: 136313 Segmentation fault      speed3d_r2c fftw float 64 64 64 -reorder -a2av -r2c_dir 0 -outgrid 64 16 1 -n5
tmp_files/46621eb4-19f2-45d2-b501-21563dbf8258.sh: line 3: 136318 Segmentation fault      speed3d_r2c fftw float 64 64 64 -reorder -a2av -r2c_dir 0 -outgrid 64 16 1 -n5
tmp_files/46621eb4-19f2-45d2-b501-21563dbf8258.sh: line 3: 136326 Segmentation fault      speed3d_r2c fftw float 64 64 64 -reorder -a2av -r2c_dir 0 -outgrid 64 16 1 -n5
tmp_files/46621eb4-19f2-45d2-b501-21563dbf8258.sh: line 3: 136325 Segmentation fault      speed3d_r2c fftw float 64 64 64 -reorder -a2av -r2c_dir 0 -outgrid 64 16 1 -n5
tmp_files/46621eb4-19f2-45d2-b501-21563dbf8258.sh: line 3: 136322 Segmentation fault      speed3d_r2c fftw float 64 64 64 -reorder -a2av -r2c_dir 0 -outgrid 64 16 1 -n5
tmp_files/46621eb4-19f2-45d2-b501-21563dbf8258.sh: line 3: 136319 Segmentation fault      speed3d_r2c fftw float 64 64 64 -reorder -a2av -r2c_dir 0 -outgrid 64 16 1 -n5
tmp_files/46621eb4-19f2-45d2-b501-21563dbf8258.sh: line 3: 136321 Segmentation fault      speed3d_r2c fftw float 64 64 64 -reorder -a2av -r2c_dir 0 -outgrid 64 16 1 -n5
tmp_files/46621eb4-1tmp_files/46621eb4-19f2-45d2-b501-21563dbf8258.sh: line 3: 136164 Segmentation fault      speed3d_r2c fftw float 64 64 64 -reorder -a2av -r2c_dir 0 -outgrid 64 16 1 -n5
tmp_files/46621eb4-19f2-45d2-b501-21563dbf8258.sh: line 3: 136168 Segmentation fault      speed3d_r2c fftw float 64 64 64 -reorder -a2av -r2c_dir 0 -outgrid 64 16 1 -n5
tmp_files/46621eb4-19f2-45d2-b501-21563dbf8258.sh: line 3: 136130 Segmentation fault      speed3d_r2c fftw float 64 64 64 -reorder -a2av -r2c_dir 0 -outgrid 64 16 1 -n5
tmp_files/46621eb4-19f2-45d2-b501-21563dbf8258.sh: line 3: 136349 Segmentation fault      speed3d_r2c fftw float 64 64 64 -reorder -a2av -r2c_dir 0 -outgrid 64 16 1 -n5
tmp_files/46621eb4-19f2-45d2-b501-21563dbf8258.sh: line 3: 136350 Segmentation fault      speed3d_r2c fftw float 64 64 64 -reorder -a2av -r2c_dir 0 -outgrid 64 16 1 -n5
tmp_files/46621eb4-19f2-45d2-b501-21563dbf8258.sh: line 3: 136335 Segmentation fault      speed3d_r2c fftw float 64 64 64 -reorder -a2av -r2c_dir 0 -outgrid 64 16 1 -n5
tmp_files/46621eb4-19f2-45d2-b501-21563dbf8258.sh: line 3: 136338 Segmentation fault      speed3d_r2c fftw float 64 64 64 -reorder -a2av -r2c_dir 0 -outgrid 64 16 1 -n5
tmp_files/46621eb4-19f2-45d2-b501-21563dbf8258.sh: line 3: 136362 Segmentation fault      speed3d_r2c fftw float 64 64 64 -reorder -a2av -r2c_dir 0 -outgrid 64 16 1 -n5
tmp_files/46621eb4-19f2-45d2-b501-21563dbf8258.sh: line 3: 136351 Segmentation fault      speed3d_r2c fftw float 64 64 64 -reorder -a2av -r2c_dir 0 -outgrid 64 16 1 -n5
tmp_files/46621eb4-19f2-45d2-b501-21563dbf8258.sh: line 3: 136322 Segmentation fault      speed3d_r2c fftw float 64 64 64 -reorder -a2av -r2c_dir 0 -outgrid 64 16 1 -n5
tmp_files/46621eb4-19f2-45d2-b501-21563dbf8258.sh: line 3: 136370 Segmentation fault      speed3d_r2c fftw float 64 64 64 -reorder -a2av -r2c_dir 0 -outgrid 64 16 1 -n5
tmp_files/46621eb4-19f2-45d2-b501-21563dbf8258.sh: line 3: 136365 Segmentation fault      speed3d_r2c fftw float 64 64 64 -reorder -a2av -r2c_dir 0 -outgrid 64 16 1 -n5
tmp_files/46621eb4-19f2-45d2-b501-21563dbf8258.sh: line 3: 139091 Segmentation fault      speed3d_r2c fftw float 64 64 64 -reorder -a2av -r2c_dir 0 -outgrid 64 16 1 -n5
tmp_files/46621eb4-19f2-45d2-b501-21563dbf8258.sh: line 3: 139096 Segmentation fault      speed3d_r2c fftw float 64 64 64 -reorder -a2av -r2c_dir 0 -outgrid 64 16 1 -n5
tmp_files/46621eb4-19f2-45d2-b501-21563dbf8258.sh: line 3: 139087 Segmentation fault      speed3d_r2c fftw float 64 64 64 -reorder -a2av -r2c_dir 0 -outgrid 64 16 1 -n5
tmp_files/46621eb4-19f2-45d2-b501-21563dbf8258.sh: line 3: 139072 Segmentation fault      speed3d_r2c fftw float 64 64 64 -reorder -a2av -r2c_dir 0 -outgrid 64 16 1 -n5
tmp_files/46621eb4-19f2-45d2-b501-21563dbf8258.sh: line 3: 139102 Segmentation fault      speed3d_r2c fftw float 64 64 64 -reorder -a2av -r2c_dir 0 -outgrid 64 16 1 -n5
tmp_files/46621eb4-19f2-45d2-b501-21563dbf8258.sh: line 3: 139099 Segmentation fault      speed3d_r2c fftw float 64 64 64 -reorder -a2av -r2c_dir 0 -outgrid 64 16 1 -n5
tmp_files/46621eb4-19f2-45d2-b501-21563dbf8258.sh: line 3: 139094 Segmentation fault      speed3d_r2c fftw float 64 64 64 -reorder -a2av -r2c_dir 0 -outgrid 64 16 1 -n5
tmp_files/46621eb4-19f2-45d2-b501-21563dbf8258.sh: line 3: 139100 Segmentation fault      speed3d_r2c fftw float 64 64 64 -reorder -a2av -r2c_dir 0 -outgrid 64 16 1 -n5
tmp_files/46621eb4-19f2-45d2-b501-21563dbf8258.sh: line 3: 139104 Segmentation fault      speed3d_r2c fftw float 64 64 64 -reorder -a2av -r2c_dir 0 -outgrid 64 16 1 -n5
tmp_files/46621eb4-19f2-45d2-b501-21563dbf8258.sh: line 3: 139105 Segmentation fault      speed3d_r2c fftw float 64 64 64 -reorder -a2av -r2c_dir 0 -outgrid 64 16 1 -n5
tmp_files/46621eb4-19f2-45d2-b501-21563dbf8258.sh: line 3: 139097 Segmentation fault      speed3d_r2c fftw float 64 64 64 -reorder -a2av -r2c_dir 0 -outgrid 64 16 1 -n5
tmp_files/46621eb4-19f2-45d2-b501-21563dbf8258.sh: line 3: 139103 Segmentation fault      speed3d_r2c fftw float 64 64 64 -reorder -a2av -r2c_dir 0 -outgrid 64 16 1 -n5
tmp_files/46621eb4-19f2-45d2-b501-21563dbf8258.sh: line 3: 136428 Segmentation fault      speed3d_r2c fftw float 64 64 64 -reorder -a2av -r2c_dir 0 -outgrid 64 16 1 -n5
tmp_files/46621eb4-19f2-45d2-b501-21563dbf8258.sh: line 3: 136430 Segmentation fault      speed3d_r2c fftw float 64 64 64 -reorder -a2av -r2c_dir 0 -outgrid 64 16 1 -n5
9f2-45d2-b501-21563dbf8258.sh: line 3: 134719 Segmentation fault      speed3d_r2c fftw float 64 64 64 -reorder -a2av -r2c_dir 0 -outgrid 64 16 1 -n5
tmp_files/46621eb4-19f2-45d2-b501-21563dbf8258.sh: line 3: 134722 Segmentation fault      speed3d_r2c fftw float 64 64 64 -reorder -a2av -r2c_dir 0 -outgrid 64 16 1 -n5
tmp_files/46621eb4-19f2-45d2-b501-21563dbf8258.sh: line 3: 134718 Segmentation fault      speed3d_r2c fftw float 64 64 64 -reorder -a2av -r2c_dir 0 -outgrid 64 16 1 -n5
tmp_files/46621eb4-19f2-45d2-b501-21563dbf8258.sh: line 3: 134720 Segmentation fault      speed3d_r2c fftw float 64 64 64 -reorder -a2av -r2c_dir 0 -outgrid 64 16 1 -n5
tmp_files/46621eb4-19f2-45d2-b501-21563dbf8258.sh: line 3: 134729 Segmentation fault      speed3d_r2c fftw float 64 64 64 -reorder -a2av -r2c_dir 0 -outgrid 64 16 1 -n5
tmp_files/46621eb4-19f2-45d2-b501-21563dbf8258.sh: line 3: 134732 Segmentation fault      speed3d_r2c fftw float 64 64 64 -reorder -a2av -r2c_dir 0 -outgrid 64 16 1 -n5
tmp_files/46621eb4-19f2-45d2-b501-21563dbf8258.sh: line 3: 134723 Segmentation fault      speed3d_r2c fftw float 64 64 64 -reorder -a2av -r2c_dir 0 -outgrid 64 16 1 -n5
tmp_files/46621eb4-19f2-45d2-b501-21563dbf8258.sh: line 3: 134721 Segmentation fault      speed3d_r2c fftw float 64 64 64 -reorder -a2av -r2c_dir 0 -outgrid 64 16 1 -n5
tmp_files/46621eb4-19f2-45d2-b501-21563dbf8258.sh: line 3: 134730 Segmentation fault      speed3d_r2c fftw float 64 64 64 -reorder -a2av -r2c_dir 0 -outgrid 64 16 1 -n5
tmp_files/46621eb4-19f2-45d2-b501-21563dbf8258.sh: line 3: 134733 Segmentation fault      speed3d_r2c fftw float 64 64 64 -reorder -a2av -r2c_dir 0 -outgrid 64 16 1 -n5
tmp_files/46621eb4-19f2-45d2-b501-21563dbf8258.sh: line 3: 134715 Segmentation fault      speed3d_r2c fftw float 64 64 64 -reorder -a2av -r2c_dir 0 -outgrid 64 16 1 -n5
tmp_files/46621eb4-19f2-45d2-b501-21563dbf8258.sh: line 3: 134712 Segmentation fault      speed3d_r2c fftw float 64 64 64 -reorder -a2av -r2c_dir 0 -outgrid 64 16 1 -n5
tmp_files/46621eb4-19f2-45d2-b501-21563dtmp_files/46621eb4-19f2-45d2-b501-21563dbf8258.sh: line 3: 133676 Segmentation fault      speed3d_r2c fftw float 64 64 64 -reorder -a2av -r2c_dir 0 -outgrid 64 16 1 -n5
bf8258.sh: line 3: 134731 Segmentation fault      speed3d_r2c fftw float 64 64 64 -reorder -a2av -r2c_dir 0 -outgrid 64 16 1 -n5
tmp_files/46621eb4-19f2-45d2-b501-21563dbf8258.sh: line 3: 134693 Segmentation fault      speed3d_r2c fftw float 64 64 64 -reorder -a2av -r2c_dir 0 -outgrid 64 16 1 -n5
tmp_files/46621eb4-19f2-45d2-b501-21563dbf8258.sh: line 3: 134701 Segmentation fault      speed3d_r2c fftw float 64 64 64 -reorder -a2av -r2c_dir 0 -outgrid 64 16 1 -n5
tmp_files/46621eb4-19f2-45d2-b501-21563dbf8258.sh: line 3: 134724 Segmentation fault      speed3d_r2c fftw float 64 64 64 -reorder -a2av -r2c_dir 0 -outgrid 64 16 1 -n5
tmp_files/46621eb4-19f2-45d2-b501-21563dbf8258.sh: line 3: 134725 Segmentation fault      speed3d_r2c fftw float 64 64 64 -reorder -a2av -r2c_dir 0 -outgrid 64 16 1 -n5
tmp_files/46621eb4-19f2-45d2-b501-21563dbf8258.sh: line 3: 134685 Segmentation fault      speed3d_r2c fftw float 64 64 64 -reorder -a2av -r2c_dir 0 -outgrid 64 16 1 -n5
tmp_files/46621eb4-19f2-45d2-b501-21563dbf8258.sh: line 3: 134687 Segmentation fault      speed3d_r2c fftw float 64 64 64 -reorder -a2av -r2c_dir 0 -outgrid 64 16 1 -n5
tmp_files/46621eb4-19f2-45d2-b501-21563dbf8258.sh: line 3: 136412 Segmentation fault      speed3d_r2c fftw float 64 64 64 -reorder -a2av -r2c_dir 0 -outgrid 64 16 1 -n5
tmp_files/46621eb4-19f2-45d2-b501-21563dbf8258.sh: line 3: 136413 Segmentation fault      speed3d_r2c fftw float 64 64 64 -reorder -a2av -r2c_dir 0 -outgrid 64 16 1 -n5
tmp_files/46621eb4-19f2-45d2-b501-21563dbf8258.sh: line 3: 136399 Segmentation fault      speed3d_r2c fftw float 64 64 64 -reorder -a2av -r2c_dir 0 -outgrid 64 16 1 -n5
tmp_files/46621eb4-19f2-45d2-b501-21563dbf8258.sh: line 3: 136421 Segmentation fault      speed3d_r2c fftw float 64 64 64 -reorder -a2av -r2c_dir 0 -outgrid 64 16 1 -n5
tmp_files/46621eb4-19f2-45d2-b501-21563dbf8258.sh: line 3: 136411 Segmentation fault      speed3d_r2c fftw float 64 64 64 -reorder -a2av -r2c_dir 0 -outgrid 64 16 1 -n5
tmp_files/46621eb4-19f2-45d2-b501-21563dbf8258.sh: line 3: 136410 Segmentation fault      speed3d_r2c fftw float 64 64 64 -reorder -a2av -r2c_dir 0 -outgrid 64 16 1 -n5
tmp_files/46621eb4-19f2-45d2-b501-21563dbf8258.sh: line 3: 136424 Segmentation fault      speed3d_r2c fftw float 64 64 64 -reorder -a2av -r2c_dir 0 -outgrid 64 16 1 -n5
tmp_files/46621eb4-19f2-45d2-b501-21563dbf8258.sh: line 3: 136385 Segmentation fault      speed3d_r2c fftw float 64 64 64 -reorder -a2av -r2c_dir 0 -outgrid 64 16 1 -n5
tmp_files/46621eb4-19f2-45d2-b501-21563dbf8258.sh: line 3: 136387 Segmentation fault      speed3d_r2c fftw float 64 64 64 -reorder -a2av -r2c_dir 0 -outgrid 64 16 1 -n5
tmp_files/46621eb4-19f2-45d2-b501-21563dbf8258.sh: line 3: 136423 Segmentation fault      speed3d_r2c fftw float 64 64 64 -reorder -a2av -r2c_dir 0 -outgrid 64 16 1 -n5
tmp_files/46621eb4-19f2-45d2-b501-21563dbf8258.sh: line 3: 117103 Segmentation fault      speed3d_r2c fftw float 64 64 64 -reorder -a2av -r2c_dir 0 -outgrid 64 16 1 -n5
tmp_files/46621eb4-19f2-45d2-b501-21563dbf8258.sh: line 3: 117102 Segmentation fault      speed3d_r2c fftw float 64 64 64 -reorder -a2av -r2c_dir 0 -outgrid 64 16 1 -n5
tmp_files/46621eb4-19f2-45d2-b501-21563dbf8258.sh: line 3: 117093 Segmentation fault      speed3d_r2c fftw float 64 64 64 -reorder -a2av -r2c_dir 0 -outgrid 64 16 1 -n5
tmp_files/46621eb4-19f2-45d2-b501-21563dbf8258.sh: line 3: 117092 Segmentation fault      speed3d_r2c fftw float 64 64 64 -reorder -a2av -r2c_dir 0 -outgrid 64 16 1 -n5
tmp_files/46621eb4-19f2-45d2-b501-21563dbf8258.sh: line 3: 117061 Segmentation fault      speed3d_r2c fftw float 64 64 64 -reorder -a2av -r2c_dir 0 -outgrid 64 16 1 -n5
tmp_files/46621eb4-19f2-45d2-b501-21563dbf8258.sh: line 3: 117060 Segmentation fault      speed3d_r2c fftw float 64 64 64 -reorder -a2av -r2c_dir 0 -outgrid 64 16 1 -n5
tmp_files/46621eb4-19f2-45d2-b501-21563dbf8258.sh: line 3: 117091 Segmentation fault      speed3d_r2c fftw float 64 64 64 -reorder -a2av -r2c_dir 0 -outgrid 64 16 1 -n5
tmp_files/46621eb4-19f2-45d2-b501-21563dbf8258.sh: line 3: 117086 Segmentation fault      speed3d_r2c fftw float 64 64 64 -reorder -a2av -r2c_dir 0 -outgrid 64 16 1 -n5
tmp_files/46621eb4-19f2-45d2-b501-21563dbf8258.sh: line 3: 117085 Segmentation fault      speed3d_r2c fftw float 64 64 64 -reorder -a2av -r2c_dir 0 -outgrid 64 16 1 -n5
tmp_files/46621eb4-19f2-45d2-b501-21563dbf8258.sh: line 3: 117084 Segmentation fault      speed3d_r2c fftw float 64 64 64 -reorder -a2av -r2c_dir 0 -outgrid 64 16 1 -n5
tmp_files/46621eb4-19f2-45d2-b501-21563dbf8258.sh: line 3: 117087 Segmentation fault      speed3d_r2c fftw float 64 64 64 -reorder -a2av -r2c_dir 0 -outgrid 64 16 1 -n5
tmp_files/46621eb4-19f2-45d2-b501-21563dbf8258.sh: line 3: 117089 Segmentation fault      speed3d_r2c fftw float 64 64 64 -reorder -a2av -r2c_dir 0 -outgrid 64 16 1 -n5
tmp_files/46621eb4-1tmp_files/46621eb4-19f2-45d2-b501-21563dbf8258.sh: line 3: 136322 Segmentation fault      speed3d_r2c fftw float 64 64 64 -reorder -a2av -r2c_dir 0 -outgrid 64 16 1 -n5
tmp_files/46621eb4-19f2-45d2-b501-21563dbf8258.sh: line 3: 136373 Segmentation fault      speed3d_r2c fftw float 64 64 64 -reorder -a2av -r2c_dir 0 -outgrid 64 16 1 -n5
tmp_files/46621eb4-19f2-45d2-b501-21563dbf8258.sh: line 3: 136372 Segmentation fault      speed3d_r2c fftw float 64 64 64 -reorder -a2av -r2c_dir 0 -outgrid 64 16 1 -n5
tmp_files/46621eb4-19f2-45d2-b501-21563dbf8258.sh: line 3: 136366 Segmentation fault      speed3d_r2c fftw float 64 64 64 -reorder -a2av -r2c_dir 0 -outgrid 64 16 1 -n5
tmp_files/46621eb4-19f2-45d2-b501-21563dbf8258.sh: line 3: 136371 Segmentation fault      speed3d_r2c fftw float 64 64 64 -reorder -a2av -r2c_dir 0 -outgrid 64 16 1 -n5
tmp_files/46621eb4-19f2-45d2-b501-21563dbf8258.sh: line 3: 136369 Segmentation fault      speed3d_r2c fftw float 64 64 64 -reorder -a2av -r2c_dir 0 -outgrid 64 16 1 -n5
tmp_files/46621eb4-19f2-45d2-b501-21563dbf8258.sh: line 3: 136355 Segmentation fault      speed3d_r2c fftw float 64 64 64 -reorder -a2av -r2c_dir 0 -outgrid 64 16 1 -n5
tmp_files/46621eb4-19f2-45d2-b501-21563dbf8258.sh: line 3: 136341 Segmentation fault      speed3d_r2c fftw float 64 64 64 -reorder -a2av -r2c_dir 0 -outgrid 64 16 1 -n5
tmp_files/46621eb4-19f2-45d2-b501-21563dbf8258.sh: line 3: 136339 Segmentation fault      speed3d_r2c fftw float 64 64 64 -reorder -a2av -r2c_dir 0 -outgrid 64 16 1 -n5
tmp_files/46621eb4-19f2-45d2-b501-21563dbf8258.sh: line 3: 136359 Segmentation fault      speed3d_r2c fftw float 64 64 64 -reorder -a2av -r2c_dir 0 -outgrid 64 16 1 -n5
tmp_files/46621eb4-19f2-45d2-b501-21563dbf8258.sh: line 3: 136329 Segmentation fault      speed3d_r2c fftw float 64 64 64 -reorder -a2av -r2c_dir 0 -outgrid 64 16 1 -n5
tmp_files/46621eb4-19f2-45d2-b501-21563dbf8258.sh: line 3: 136370 Segmentation fault      speed3d_r2c fftw float 64 64 64 -reorder -a2av -r2c_dir 0 -outgrid 64 16 1 -n5
tmp_files/46621eb4-1tmp_files/46621eb4-19f2-45d2-b501-21563dbf8258.sh: line 3: 136429 Segmentation fault      speed3d_r2c fftw float 64 64 64 -reorder -a2av -r2c_dir 0 -outgrid 64 16 1 -n5
tmp_files/46621eb4-19f2-45d2-b501-21563dbf8258.sh: line 3: 136432 Segmentation fault      speed3d_r2c fftw float 64 64 64 -reorder -a2av -r2c_dir 0 -outgrid 64 16 1 -n5
tmp_files/46621eb4-19f2-45d2-b501-21563dbf8258.sh: line 3: 136420 Segmentation fault      speed3d_r2c fftw float 64 64 64 -reorder -a2av -r2c_dir 0 -outgrid 64 16 1 -n5
tmp_files/46621eb4-19f2-45d2-b501-21563dbf8258.sh: line 3: 136422 Segmentation fault      speed3d_r2c fftw float 64 64 64 -reorder -a2av -r2c_dir 0 -outgrid 64 16 1 -n5
tmp_files/46621eb4-19f2-45d2-b501-21563dbf8258.sh: line 3: 136418 Segmentation fault      speed3d_r2c fftw float 64 64 64 -reorder -a2av -r2c_dir 0 -outgrid 64 16 1 -n5
tmp_files/46621eb4-19f2-45d2-b501-21563dbf8258.sh: line 3: 136383 Segmentation fault      speed3d_r2c fftw float 64 64 64 -reorder -a2av -r2c_dir 0 -outgrid 64 16 1 -n5
9f2-45d2-b501-21563dbf8258.sh: line 3: 136374 Segmentation fault      speed3d_r2c fftw float 64 64 64 -reorder -a2av -r2c_dir 0 -outgrid 64 16 1 -n5
tmp_files/46621eb4-19f2-45d2-b501-21563dbf8258.sh: line 3: 136375 Segmentation fault      speed3d_r2c fftw float 64 64 64 -reorder -a2av -r2c_dir 0 -outgrid 64 16 1 -n5
tmp_files/46621eb4-19f2-45d2-b501-21563dbf8258.sh: line 3: 136310 Segmentation fault      speed3d_r2c fftw float 64 64 64 -reorder -a2av -r2c_dir 0 -outgrid 64 16 1 -n5
tmp_files/46621eb4-19f2-45d2-b501-21563dbf8258.sh: line 3: 136356 Segmentation fault      speed3d_r2c fftw float 64 64 64 -reorder -a2av -r2c_dir 0 -outgrid 64 16 1 -n5
tmp_files/46621eb4-19f2-45d2-b501-21563dbf8258.sh: line 3: 136364 Segmentation fault      speed3d_r2c fftw float 64 64 64 -reorder -a2av -r2c_dir 0 -outgrid 64 16 1 -n5
tmp_files/46621eb4-19f2-45d2-b501-21563dbf8258.sh: line 3: 136360 Segmentation fault      speed3d_r2c fftw float 64 64 64 -reorder -a2av -r2c_dir 0 -outgrid 64 16 1 -n5
tmp_files/46621eb4-19f2-45d2-b501-21563dbf8258.sh: line 3: 136303 Segmentation fault      speed3d_r2c fftw float 64 64 64 -reorder -a2av -r2c_dir 0 -outgrid 64 16 1 -n5
tmp_files/46621eb4-19f2-45d2-b501-21563dbf8258.sh: line 3: 136368 Segmentation fault      speed3d_r2c fftw float 64 64 64 -reorder -a2av -r2c_dir 0 -outgrid 64 16 1 -n5
tmp_files/46621eb4-19f2-45d2-b501-21563dbf8258.sh: line 3: 136315 Segmentation fault      speed3d_r2c fftw float 64 64 64 -reorder -a2av -r2c_dir 0 -outgrid 64 16 1 -n5
tmp_files/46621eb4-19f2-45d2-b501-21563dbf8258.sh: line 3: 136343 Segmentation fault      speed3d_r2c fftw float 64 64 64 -reorder -a2av -r2c_dir 0 -outgrid 64 16 1 -n5
tmp_files/46621eb4-19f2-45d2-b501-21563dbf8258.sh: line 3: 136345 Segmentation fault      speed3d_r2c fftw float 64 64 64 -reorder -a2av -r2c_dir 0 -outgrid 64 16 1 -n5
tmp_files/46621eb4-19f2-45d2-b501-21563dbf8258.sh: line 3: 136362 Segmentation fault      speed3d_r2c fftw float 64 64 64 -reorder -a2av -r2c_dir 0 -outgrid 64 16 1 -n5
9f2-45d2-b501-21563dbf8258.sh: line 3: 117099 Segmentation fault      speed3d_r2c fftw float 64 64 64 -reorder -a2av -r2c_dir 0 -outgrid 64 16 1 -n5
tmp_files/46621eb4-19f2-45d2-b501-21563dbf8258.sh: line 3: 117101 Segmentation fault      speed3d_r2c fftw float 64 64 64 -reorder -a2av -r2c_dir 0 -outgrid 64 16 1 -n5
tmp_files/46621eb4-19f2-45d2-b501-21563dbf8258.sh: line 3: 117100 Segmentation fault      speed3d_r2c fftw float 64 64 64 -reorder -a2av -r2c_dir 0 -outgrid 64 16 1 -n5
tmp_files/46621eb4-19f2-45d2-b501-21563dbf8258.sh: line 3: 117098 Segmentation fault      speed3d_r2c fftw float 64 64 64 -reorder -a2av -r2c_dir 0 -outgrid 64 16 1 -n5
tmp_files/46621eb4-19f2-45d2-b501-21563dbf8258.sh: line 3: 117076 Segmentation fault      speed3d_r2c fftw float 64 64 64 -reorder -a2av -r2c_dir 0 -outgrid 64 16 1 -n5
9f2-45d2-b501-21563dbf8258.sh: line 3: 136315 Segmentation fault      speed3d_r2c fftw float 64 64 64 -reorder -a2av -r2c_dir 0 -outgrid 64 16 1 -n5
tmp_files/46621eb4-19f2-45d2-b501-21563dbf8258.sh: line 3: 136317 Segmentation fault      speed3d_r2c fftw float 64 64 64 -reorder -a2av -r2c_dir 0 -outgrid 64 16 1 -n5
tmp_files/46621eb4-19f2-45d2-b501-21563dbf8258.sh: line 3: 136320 Segmentation fault      speed3d_r2c fftw float 64 64 64 -reorder -a2av -r2c_dir 0 -outgrid 64 16 1 -n5
9f2-45d2-b501-21563dbf8258.sh: line 3: 117154 Segmentation fault      speed3d_r2c fftw float 64 64 64 -reorder -a2av -r2c_dir 0 -outgrid 64 16 1 -n5
tmp_files/46621eb4-19f2-45d2-b501-21563dbf8258.sh: line 3: 117156 Segmentation fault      speed3d_r2c fftw float 64 64 64 -reorder -a2av -r2c_dir 0 -outgrid 64 16 1 -n5
tmp_files/46621eb4-19f2-45d2-b501-21563dbf8258.sh: line 3: 117155 Segmentation fault      speed3d_r2c fftw float 64 64 64 -reorder -a2av -r2c_dir 0 -outgrid 64 16 1 -n5
tmp_files/46621eb4-19f2-45d2-b501-21563dbf8258.sh: line 3: 117162 Segmentation fault      speed3d_r2c fftw float 64 64 64 -reorder -a2av -r2c_dir 0 -outgrid 64 16 1 -n5
tmp_files/46621eb4-19f2-45d2-b501-21563dbf8258.sh: line 3: 117164 Segmentation fault      speed3d_r2c fftw float 64 64 64 -reorder -a2av -r2c_dir 0 -outgrid 64 16 1 -n5
tmp_files/46621eb4-19f2-45d2-b501-21563dbf8258.sh: line 3: 117167 Segmentation fault      speed3d_r2c fftw float 64 64 64 -reorder -a2av -r2c_dir 0 -outgrid 64 16 1 -n5
tmp_files/46621eb4-19f2-45d2-b501-21563dbf8258.sh: line 3: 117159 Segmentation fault      speed3d_r2c fftw float 64 64 64 -reorder -a2av -r2c_dir 0 -outgrid 64 16 1 -n5
tmp_files/46621eb4-19f2-45d2-b501-21563dbf8258.sh: line 3: 117158 Segmentation fault      speed3d_r2c fftw float 64 64 64 -reorder -a2av -r2c_dir 0 -outgrid 64 16 1 -n5
tmp_files/46621eb4-19f2-45d2-b501-21563dbf8258.sh: line 3: 117163 Segmentation fault      speed3d_r2c fftw float 64 64 64 -reorder -a2av -r2c_dir 0 -outgrid 64 16 1 -n5
tmp_files/46621eb4-19f2-45d2-b501-21563dbf8258.sh: line 3: 117160 Segmentation fault      speed3d_r2c fftw float 64 64 64 -reorder -a2av -r2c_dir 0 -outgrid 64 16 1 -n5
tmp_files/46621eb4-19f2-45d2-b501-21563dbf8258.sh: line 3: 117152 Segmentation fault      speed3d_r2c fftw float 64 64 64 -reorder -a2av -r2c_dir 0 -outgrid 64 16 1 -n5
tmp_files/46621eb4-19f2-45d2-b501-21563dbf8258.sh: line 3: 117151 Segmentation fault      speed3d_r2c fftw float 64 64 64 -reorder -a2av -r2c_dir 0 -outgrid 64 16 1 -n5
tmp_files/46621eb4-19f2-45d2-b501-21563d9f2-45d2-b501-21563dbf8258.sh: line 3: 117147 Segmentation fault      speed3d_r2c fftw float 64 64 64 -reorder -a2av -r2c_dir 0 -outgrid 64 16 1 -n5
tmp_files/46621eb4-19f2-45d2-b501-21563dbf8258.sh: line 3: 117154 Segmentation fault      speed3d_r2c fftw float 64 64 64 -reorder -a2av -r2c_dir 0 -outgrid 64 16 1 -n5
9f2-45d2-b501-21563dbf8258.sh: line 3: 117428 Segmentation fault      speed3d_r2c fftw float 64 64 64 -reorder -a2av -r2c_dir 0 -outgrid 64 16 1 -n5
tmp_files/46621eb4-19f2-45d2-b501-21563dbf8258.sh: line 3: 117472 Segmentation fault      speed3d_r2c fftw float 64 64 64 -reorder -a2av -r2c_dir 0 -outgrid 64 16 1 -n5
tmp_files/46621eb4-19f2-45d2-b501-21563dbf8258.sh: line 3: 117424 Segmentation fault      speed3d_r2c fftw float 64 64 64 -reorder -a2av -r2c_dir 0 -outgrid 64 16 1 -n5
tmp_files/46621eb4-19f2-45d2-b501-21563dbf8258.sh: line 3: 117425 Segmentation fault      speed3d_r2c fftw float 64 64 64 -reorder -a2av -r2c_dir 0 -outgrid 64 16 1 -n5
tmp_files/46621eb4-19f2-45d2-b501-21563dbf8258.sh: line 3: 117469 Segmentation fault      speed3d_r2c fftw float 64 64 64 -reorder -a2av -r2c_dir 0 -outgrid 64 16 1 -n5
tmp_files/46621eb4-19f2-45d2-b501-21563dbf8258.sh: line 3: 117466 Segmentation fault      speed3d_r2c fftw float 64 64 64 -reorder -a2av -r2c_dir 0 -outgrid 64 16 1 -n5
tmp_files/46621eb4-19f2-45d2-b501-21563dbf8258.sh: line 3: 117468 Segmentation fault      speed3d_r2c fftw float 64 64 64 -reorder -a2av -r2c_dir 0 -outgrid 64 16 1 -n5
tmp_files/46621eb4-19f2-45d2-b501-21563dbf8258.sh: line 3: 117406 Segmentation fault      speed3d_r2c fftw float 64 64 64 -reorder -a2av -r2c_dir 0 -outgrid 64 16 1 -n5
tmp_files/46621eb4-19f2-45d2-b501-21563dbf8258.sh: line 3: 117467 Segmentation fault      speed3d_r2c fftw float 64 64 64 -reorder -a2av -r2c_dir 0 -outgrid 64 16 1 -n5
tmp_files/46621eb4-19f2-45d2-b501-21563dbf8258.sh: line 3: 117463 Segmentation fault      speed3d_r2c fftw float 64 64 64 -reorder -a2av -r2c_dir 0 -outgrid 64 16 1 -n5
tmp_files/46621eb4-19f2-45d2-b501-21563dbf8258.sh: line 3: 117476 Segmentation fault      speed3d_r2c fftw float 64 64 64 -reorder -a2av -r2c_dir 0 -outgrid 64 16 1 -n5
tmp_files/46621eb4-19f2-45d2-b501-21563dbf8258.sh: line 3: 117473 Segmentation fault      speed3d_r2c fftw float 64 64 64 -reorder -a2av -r2c_dir 0 -outgrid 64 16 1 -n5
bf8258.sh: line 3: 117169 Segmentation fault      speed3d_r2c fftw float 64 64 64 -reorder -a2av -r2c_dir 0 -outgrid 64 16 1 -n5
Application 28492389 exit codes: 139
Application 28492389 exit signals: Killed
Application 28492389 resources: utime ~541s, stime ~105s, Rss ~41712, inblocks ~169714, outblocks ~0
