.//tmp_files/7000.sh: line 3: 77746 Segmentation fault      speed3d_r2c fftw float 256 256 256 -reorder -a2av -ingrid 512 1 1 -outgrid 512 1 1 -n5
.//tmp_files/7000.sh: line 3: 78994 Segmentation fault      speed3d_r2c fftw float 256 256 256 -reorder -a2av -ingrid 512 1 1 -outgrid 512 1 1 -n5
.//tmp_files/7000.sh: line 3: 88414 Segmentation fault      speed3d_r2c fftw float 256 256 256 -reorder -a2av -ingrid 512 1 1 -outgrid 512 1 1 -n5
[NID 01156] 2023-11-06 09:08:04 Apid 28965749: initiated application termination
.//tmp_files/7000.sh: line 3: 77737 Segmentation fault      speed3d_r2c fftw float 256 256 256 -reorder -a2av -ingrid 512 1 1 -outgrid 512 1 1 -n5
.//tmp_files/7000.sh: line 3: 77732 Segmentation fault      speed3d_r2c fftw float 256 256 256 -reorder -a2av -ingrid 512 1 1 -outgrid 512 1 1 -n5
.//tmp_files/7000.sh: line 3: 77791 Segmentation fault      speed3d_r2c fftw float 256 256 256 -reorder -a2av -ingrid 512 1 1 -outgrid 512 1 1 -n5
.//tmp_files/7000.sh: line 3: 77734 Segmentation fault      speed3d_r2c fftw float 256 256 256 -reorder -a2av -ingrid 512 1 1 -outgrid 512 1 1 -n5
.//tmp_files/7000.sh: line 3: 77757 Segmentation fault      speed3d_r2c fftw float 256 256 256 -reorder -a2av -ingrid 512 1 1 -outgrid 512 1 1 -n5
.//tmp_files/7000.sh: line 3: 77745 Segmentation fault      speed3d_r2c fftw float 256 256 256 -reorder -a2av -ingrid 512 1 1 -outgrid 512 1 1 -n5
.//tmp_files/7000.sh: line 3: 77767 Segmentation fault      speed3d_r2c fftw float 256 256 256 -reorder -a2av -ingrid 512 1 1 -outgrid 512 1 1 -n5
.//tmp_files/7000.sh: line 3: 77766 Segmentation fault      speed3d_r2c fftw float 256 256 256 -reorder -a2av -ingrid 512 1 1 -outgrid 512 1 1 -n5
.//tmp_files/7000.sh: line 3: 88341 Segmentation fault      speed3d_r2c fftw float 256 256 256 -reorder -a2av -ingrid 512 1 1 -outgrid 512 1 1 -n5
.//tmp_files/7000.sh: line 3: 88427 Segmentation fault      speed3d_r2c fftw float 256 256 256 -reorder -a2av -ingrid 512 1 1 -outgrid 512 1 1 -n5
.//tmp_files/7000.sh: line 3: 88343 Segmentation fault      speed3d_r2c fftw float 256 256 256 -reorder -a2av -ingrid 512 1 1 -outgrid 512 1 1 -n5
.//tmp_files/7000.sh: line 3: 88372 Segmentation fault      speed3d_r2c fftw float 256 256 256 -reorder -a2av -ingrid 512 1 1 -outgrid 512 1 1 -n5
.//tmp_files/7000.sh: line 3: 88392 Segmentation fault      speed3d_r2c fftw float 256 256 256 -reorder -a2av -ingrid 512 1 1 -outgrid 512 1 1 -n5
.//tmp_files/7000.sh: line 3: 88437 Segmentation fault      speed3d_r2c fftw float 256 256 256 -reorder -a2av -ingrid 512 1 1 -outgrid 512 1 1 -n5
.//tmp_files/7000.sh: line 3: 88384 Segmentation fault      speed3d_r2c fftw float 256 256 256 -reorder -a2av -ingrid 512 1 1 -outgrid 512 1 1 -n5
.//tmp_files/7000.sh: line 3: 88403 Segmentation fault      speed3d_r2c fftw float 256 256 256 -reorder -a2av -ingrid 512 1 1 -outgrid 512 1 1 -n5
.//tmp_files/7000.sh: line 3: 88339 Segmentation fault      speed3d_r2c fftw float 256 256 256 -reorder -a2av -ingrid 512 1 1 -outgrid 512 1 1 -n5
.//tmp_files/7000.sh: line 3: 88394 Segmentation fault      speed3d_r2c fftw float 256 256 256 -reorder -a2av -ingrid 512 1 1 -outgrid 512 1 1 -n5
.//tmp_files/7000.sh: line 3: 79033 Segmentation fault      speed3d_r2c fftw float 256 256 256 -reorder -a2av -ingrid 512 1 1 -outgrid 512 1 1 -n5
.//tmp_files/7000.sh: line 3: 77756 Segmentation fault      speed3d_r2c fftw float 256 256 256 -reorder -a2av -ingrid 512 1 1 -outgrid 512 1 1 -n5
.//tmp_files/7000.sh: line 3: 77720 Segmentation fault      speed3d_r2c fftw float 256 256 256 -reorder -a2av -ingrid 512 1 1 -outgrid 512 1 1 -n5
.//tmp_files/7000.sh: line 3: 79034 Segmentation fault      speed3d_r2c fftw float 256 256 256 -reorder -a2av -ingrid 512 1 1 -outgrid 512 1 1 -n5
.//tmp_files/7000.sh: line 3: 79036 Segmentation fault      speed3d_r2c fftw float 256 256 256 -reorder -a2av -ingrid 512 1 1 -outgrid 512 1 1 -n5
.//tmp_files/7000.sh: line 3: 78979 Segmentation fault      speed3d_r2c fftw float 256 256 256 -reorder -a2av -ingrid 512 1 1 -outgrid 512 1 1 -n5
.//tmp_files/7000.sh: line 3: 78980 Segmentation fault      speed3d_r2c fftw float 256 256 256 -reorder -a2av -ingrid 512 1 1 -outgrid 512 1 1 -n5
.//tmp_files/7000.sh: line 3: 77690 Segmentation fault      speed3d_r2c fftw float 256 256 256 -reorder -a2av -ingrid 512 1 1 -outgrid 512 1 1 -n5
.//tmp_files/7000.sh: line 3: 77747 Segmentation fault      speed3d_r2c fftw float 256 256 256 -reorder -a2av -ingrid 512 1 1 -outgrid 512 1 1 -n5
.//tmp_files/7000.sh: line 3: 77699 Segmentation fault      speed3d_r2c fftw float 256 256 256 -reorder -a2av -ingrid 512 1 1 -outgrid 512 1 1 -n5
.//tmp_files/7000.sh: line 3: 77689 Segmentation fault      speed3d_r2c fftw float 256 256 256 -reorder -a2av -ingrid 512 1 1 -outgrid 512 1 1 -n5
.//tmp_files/7000.sh: line 3: 77681 Segmentation fault      speed3d_r2c fftw float 256 256 256 -reorder -a2av -ingrid 512 1 1 -outgrid 512 1 1 -n5
.//tmp_files/7000.sh: line 3: 77749 Segmentation fault      speed3d_r2c fftw float 256 256 256 -reorder -a2av -ingrid 512 1 1 -outgrid 512 1 1 -n5
.//tmp_files/7000.sh: line 3: 77709 Segmentation fault      speed3d_r2c fftw float 256 256 256 -reorder -a2av -ingrid 512 1 1 -outgrid 512 1 1 -n5
.//tmp_files/7000.sh: line 3: 78996 Segmentation fault      speed3d_r2c fftw float 256 256 256 -reorder -a2av -ingrid 512 1 1 -outgrid 512 1 1 -n5
.//tmp_files/7000.sh: line 3: 78981 Segmentation fault      speed3d_r2c fftw float 256 256 256 -reorder -a2av -ingrid 512 1 1 -outgrid 512 1 1 -n5
.//tmp_files/7000.sh: line 3: 78982 Segmentation fault      speed3d_r2c fftw float 256 256 256 -reorder -a2av -ingrid 512 1 1 -outgrid 512 1 1 -n5
.//tmp_files/7000.sh: line 3: 77687 Segmentation fault      speed3d_r2c fftw float 256 256 256 -reorder -a2av -ingrid 512 1 1 -outgrid 512 1 1 -n5
.//tmp_files/7000.sh: line 3: 77684 Segmentation fault      speed3d_r2c fftw float 256 256 256 -reorder -a2av -ingrid 512 1 1 -outgrid 512 1 1 -n5
.//tmp_files/7000.sh: line 3: 77700 Segmentation fault      speed3d_r2c fftw float 256 256 256 -reorder -a2av -ingrid 512 1 1 -outgrid 512 1 1 -n5
.//tmp_files/7000.sh: line 3: 77696 Segmentation fault      speed3d_r2c fftw float 256 256 256 -reorder -a2av -ingrid 512 1 1 -outgrid 512 1 1 -n5
.//tmp_files/7000.sh: line 3: 78975 Segmentation fault      speed3d_r2c fftw float 256 256 256 -reorder -a2av -ingrid 512 1 1 -outgrid 512 1 1 -n5
.//tmp_files/7000.sh: line 3: 79043 Segmentation fault      speed3d_r2c fftw float 256 256 256 -reorder -a2av -ingrid 512 1 1 -outgrid 512 1 1 -n5
.//tmp_files/7000.sh: line 3: 79046 Segmentation fault      speed3d_r2c fftw float 256 256 256 -reorder -a2av -ingrid 512 1 1 -outgrid 512 1 1 -n5
.//tmp_files/7000.sh: line 3: 78989 Segmentation fault      speed3d_r2c fftw float 256 256 256 -reorder -a2av -ingrid 512 1 1 -outgrid 512 1 1 -n5
.//tmp_files/7000.sh: line 3: 78984 Segmentation fault      speed3d_r2c fftw float 256 256 256 -reorder -a2av -ingrid 512 1 1 -outgrid 512 1 1 -n5
.//tmp_files/7000.sh: line 3: 77716 Segmentation fault      speed3d_r2c fftw float 256 256 256 -reorder -a2av -ingrid 512 1 1 -outgrid 512 1 1 -n5
.//tmp_files/7000.sh: line 3: 77688 Segmentation fault      speed3d_r2c fftw float 256 256 256 -reorder -a2av -ingrid 512 1 1 -outgrid 512 1 1 -n5
.//tmp_files/7000.sh: line 3: 77719 Segmentation fault      speed3d_r2c fftw float 256 256 256 -reorder -a2av -ingrid 512 1 1 -outgrid 512 1 1 -n5
.//tmp_files/7000.sh: line 3: 77726 Segmentation fault      speed3d_r2c fftw float 256 256 256 -reorder -a2av -ingrid 512 1 1 -outgrid 512 1 1 -n5
.//tmp_files/7000.sh: line 3: 77710 Segmentation fault      speed3d_r2c fftw float 256 256 256 -reorder -a2av -ingrid 512 1 1 -outgrid 512 1 1 -n5
.//tmp_files/7000.sh: line 3: 78961 Segmentation fault      speed3d_r2c fftw float 256 256 256 -reorder -a2av -ingrid 512 1 1 -outgrid 512 1 1 -n5
.//tmp_files/7000.sh: line 3: 78988 Segmentation fault      speed3d_r2c fftw float 256 256 256 -reorder -a2av -ingrid 512 1 1 -outgrid 512 1 1 -n5
.//tmp_files/7000.sh: line 3: 79038 Segmentation fault      speed3d_r2c fftw float 256 256 256 -reorder -a2av -ingrid 512 1 1 -outgrid 512 1 1 -n5
.//tmp_files/7000.sh: line 3: 79039 Segmentation fault      speed3d_r2c fftw float 256 256 256 -reorder -a2av -ingrid 512 1 1 -outgrid 512 1 1 -n5
.//tmp_files/7000.sh: line 3: 79037 Segmentation fault      speed3d_r2c fftw float 256 256 256 -reorder -a2av -ingrid 512 1 1 -outgrid 512 1 1 -n5
.//tmp_files/7000.sh: line 3: 79040 Segmentation fault      speed3d_r2c fftw float 256 256 256 -reorder -a2av -ingrid 512 1 1 -outgrid 512 1 1 -n5
.//tmp_files/7000.sh: line 3: 79030 Segmentation fault      speed3d_r2c fftw float 256 256 256 -reorder -a2av -ingrid 512 1 1 -outgrid 512 1 1 -n5
.//tmp_files/7000.sh: line 3: 79029 Segmentation fault      speed3d_r2c fftw float 256 256 256 -reorder -a2av -ingrid 512 1 1 -outgrid 512 1 1 -n5
.//tmp_files/7000.sh: line 3: 78999 Segmentation fault      speed3d_r2c fftw float 256 256 256 -reorder -a2av -ingrid 512 1 1 -outgrid 512 1 1 -n5
.//tmp_files/7000.sh: line 3: 79001 Segmentation fault      speed3d_r2c fftw float 256 256 256 -reorder -a2av -ingrid 512 1 1 -outgrid 512 1 1 -n5
.//tmp_files/7000.sh: line 3: 78970 Segmentation fault      speed3d_r2c fftw float 256 256 256 -reorder -a2av -ingrid 512 1 1 -outgrid 512 1 1 -n5
.//tmp_files/7000.sh: line 3: 79013 Segmentation fault      speed3d_r2c fftw float 256 256 256 -reorder -a2av -ingrid 512 1 1 -outgrid 512 1 1 -n5
.//tmp_files/7000.sh: line 3: 79026 Segmentation fault      speed3d_r2c fftw float 256 256 256 -reorder -a2av -ingrid 512 1 1 -outgrid 512 1 1 -n5
.//tmp_files/7000.sh: line 3: 78991 Segmentation fault      speed3d_r2c fftw float 256 256 256 -reorder -a2av -ingrid 512 1 1 -outgrid 512 1 1 -n5
.//tmp_files/7000.sh: line 3: 79032 Segmentation fault      speed3d_r2c fftw float 256 256 256 -reorder -a2av -ingrid 512 1 1 -outgrid 512 1 1 -n5
.//tmp_files/7000.sh: line 3: 79042 Segmentation fault      speed3d_r2c fftw float 256 256 256 -reorder -a2av -ingrid 512 1 1 -outgrid 512 1 1 -n5
.//tmp_files/7000.sh: line 3: 77712 Segmentation fault      speed3d_r2c fftw float 256 256 256 -reorder -a2av -ingrid 512 1 1 -outgrid 512 1 1 -n5
.//tmp_files/7000.sh: line 3: 77697 Segmentation fault      speed3d_r2c fftw float 256 256 256 -reorder -a2av -ingrid 512 1 1 -outgrid 512 1 1 -n5
.//tmp_files/7000.sh: line 3: 77750 Segmentation fault      speed3d_r2c fftw float 256 256 256 -reorder -a2av -ingrid 512 1 1 -outgrid 512 1 1 -n5
.//tmp_files/7000.sh: line 3: 77754 Segmentation fault      speed3d_r2c fftw float 256 256 256 -reorder -a2av -ingrid 512 1 1 -outgrid 512 1 1 -n5
.//tmp_files/7000.sh: line 3: 77693 Segmentation fault      speed3d_r2c fftw float 256 256 256 -reorder -a2av -ingrid 512 1 1 -outgrid 512 1 1 -n5
.//tmp_files/7000.sh: line 3: 79006 Segmentation fault      speed3d_r2c fftw float 256 256 256 -reorder -a2av -ingrid 512 1 1 -outgrid 512 1 1 -n5
.//tmp_files/7000.sh: line 3: 79044 Segmentation fault      speed3d_r2c fftw float 256 256 256 -reorder -a2av -ingrid 512 1 1 -outgrid 512 1 1 -n5
.//tmp_files/7000.sh: line 3: 77753 Segmentation fault      speed3d_r2c fftw float 256 256 256 -reorder -a2av -ingrid 512 1 1 -outgrid 512 1 1 -n5
.//tmp_files/7000.sh: line 3: 77757 Segmentation fault      speed3d_r2c fftw float 256 256 256 -reorder -a2av -ingrid 512 1 1 -outgrid 512 1 1 -n5
Application 28965749 exit codes: 139
Application 28965749 exit signals: Killed
Application 28965749 resources: utime ~36s, stime ~43s, Rss ~53780, inblocks ~97826, outblocks ~0
