time=0.171638 0/2 /pressio/roibin/background/bzip2:bzip2:block_size_100k <int32> = 9
/pressio/roibin/background/bzip2:bzip2:metric <char*> = "noop"
/pressio/roibin/background/bzip2:bzip2:small <int32> = 0
/pressio/roibin/background/bzip2:bzip2:verbosity <int32> = 0
/pressio/roibin/background/bzip2:bzip2:work_factor <int32> = 30
/pressio/roibin/background/bzip2:metrics:copy_compressor_results <int32> = 1
/pressio/roibin/background/bzip2:metrics:errors_fatal <int32> = 1
/pressio/roibin/background/bzip2:pressio:lossless <int32> = 9
/pressio/roibin/background/bzip2:pressio:metric <char*> = "noop"
/pressio/roibin/background:binning:compressor <char*> = "bzip2"
/pressio/roibin/background:binning:metric <char*> = "noop"
/pressio/roibin/background:binning:nthreads <uint32> = 4
/pressio/roibin/background:binning:shape <data> = data{ type=double dims={3, } has_data=[2, 2, 1, ]}
/pressio/roibin/background:metrics:copy_compressor_results <int32> = 1
/pressio/roibin/background:metrics:errors_fatal <int32> = 1
/pressio/roibin/background:pressio:metric <char*> = "noop"
/pressio/roibin/background:pressio:nthreads <uint32> = 4
/pressio/roibin/roi:bzip2:block_size_100k <int32> = 9
/pressio/roibin/roi:bzip2:metric <char*> = "noop"
/pressio/roibin/roi:bzip2:small <int32> = 0
/pressio/roibin/roi:bzip2:verbosity <int32> = 0
/pressio/roibin/roi:bzip2:work_factor <int32> = 30
/pressio/roibin/roi:metrics:copy_compressor_results <int32> = 1
/pressio/roibin/roi:metrics:errors_fatal <int32> = 1
/pressio/roibin/roi:pressio:lossless <int32> = 9
/pressio/roibin/roi:pressio:metric <char*> = "noop"
/pressio/roibin:metrics:copy_compressor_results <int32> = 1
/pressio/roibin:metrics:errors_fatal <int32> = 1
/pressio/roibin:pressio:metric <char*> = "noop"
/pressio/roibin:pressio:nthreads <uint32> = 4
/pressio/roibin:roibin:background <char*> = "binning"
/pressio/roibin:roibin:centers <data> = data{ type=uint64_t dims={} has_data=false}
/pressio/roibin:roibin:metric <char*> = "noop"
/pressio/roibin:roibin:nthreads <uint32> = 4
/pressio/roibin:roibin:roi <char*> = "bzip2"
/pressio/roibin:roibin:roi_size <data> = data{ type=double dims={3, } has_data=[8, 8, 0, ]}
/pressio/roibin:roibin:roi_strategy <char*> = "coordinates"
/pressio:metrics:copy_compressor_results <int32> = 1
/pressio:metrics:errors_fatal <int32> = 1
/pressio:pressio:bound_name <char*> = <empty>
/pressio:pressio:compressor <char*> = "roibin"
/pressio:pressio:metric <char*> = "noop"
/pressio:pressio:reset_mode <bool> = <empty>

time=0.171698 0/2 global data_dims{130, 1480, 1552}
time=0.171703 0/2 global peakx_dims{130, 2048}
time=0.171707 0/2 global peaky_dims{130, 2048}
time=0.17171 0/2 global npeaks{130}
time=0.171716 0/2 processing 0 2
time=1.66393 0/2 processing 2 4
time=3.22531 0/2 processing 4 6
time=5.33124 0/2 processing 6 8
time=7.34466 0/2 processing 8 10
time=8.80724 0/2 processing 10 12
time=10.2682 0/2 processing 12 14
time=11.2671 0/2 processing 14 16
time=12.6782 0/2 processing 16 18
time=15.262 0/2 processing 18 20
time=16.7758 0/2 processing 20 22
time=18.3808 0/2 processing 22 24
time=19.7392 0/2 processing 24 26
time=20.932 0/2 processing 26 28
time=22.5051 0/2 processing 28 30
time=24.0472 0/2 processing 30 32
time=25.5061 0/2 processing 32 34
time=27.0803 0/2 processing 34 36
time=28.7276 0/2 processing 36 38
time=30.1834 0/2 processing 38 40
time=31.3632 0/2 processing 40 42
time=33.1432 0/2 processing 42 44
time=34.9132 0/2 processing 44 46
time=37.0112 0/2 processing 46 48
time=38.6992 0/2 processing 48 50
time=40.9197 0/2 processing 50 52
time=42.6632 0/2 processing 52 54
time=43.9894 0/2 processing 54 56
time=45.5675 0/2 processing 56 58
time=48.1472 0/2 processing 58 60
time=49.635 0/2 processing 60 62
time=51.2582 0/2 processing 62 64
time=52.7432 0/2 processing 64 66
time=54.4232 0/2 processing 66 68
time=56.3613 0/2 processing 68 70
time=58.0712 0/2 processing 70 72
time=59.2867 0/2 processing 72 74
time=60.9874 0/2 processing 74 76
time=62.6015 0/2 processing 76 78
time=64.3004 0/2 processing 78 80
time=66.0404 0/2 processing 80 82
time=67.4472 0/2 processing 82 84
time=69.0796 0/2 processing 84 86
time=71.0056 0/2 processing 86 88
time=72.5103 0/2 processing 88 90
time=74.2638 0/2 processing 90 92
time=75.8853 0/2 processing 92 94
time=77.6182 0/2 processing 94 96
time=79.7168 0/2 processing 96 98
time=81.5075 0/2 processing 98 100
time=83.2362 0/2 processing 100 102
time=84.6382 0/2 processing 102 104
time=86.225 0/2 processing 104 106
time=87.8886 0/2 processing 106 108
time=89.4523 0/2 processing 108 110
time=91.5032 0/2 processing 110 112
time=92.7835 0/2 processing 112 114
time=94.4192 0/2 processing 114 116
time=96.1212 0/2 processing 116 118
time=97.4431 0/2 processing 118 120
time=100.221 0/2 processing 120 122
time=101.763 0/2 processing 122 124
time=103.354 0/2 processing 124 126
time=104.979 0/2 processing 126 128
time=106.414 0/2 processing 128 130
global_cr=4.27683
wallclock_ms=107639
compress_ms=62223
compress_bandwidth_GBps=0.0191958
wallclock_bandwidth_GBps=0.0110965
