“RANK= 61 LOCAL_RANK= 1 gpu= 2”
“RANK= 60 LOCAL_RANK= 0 gpu= 3”
“RANK= 62 LOCAL_RANK= 2 gpu= 1”
“RANK= 63 LOCAL_RANK= 3 gpu= 0”
“RANK= 45 LOCAL_RANK= 1 gpu= 2”
“RANK= 44 LOCAL_RANK= 0 gpu= 3”
“RANK= 46 LOCAL_RANK= 2 gpu= 1”
“RANK= 47 LOCAL_RANK= 3 gpu= 0”
+ '[' -z '' ']'
+ case "$-" in
“RANK= 17 LOCAL_RANK= 1 gpu= 2”
“RANK= 16 LOCAL_RANK= 0 gpu= 3”
Shell debugging temporarily silenced: export LMOD_SH_DBG_ON=1 for this output (/usr/share/lmod/lmod/init/bash)
“RANK= 5 LOCAL_RANK= 1 gpu= 2”
“RANK= 18 LOCAL_RANK= 2 gpu= 1”
+ __lmod_vx=x
+ '[' -n x ']'
+ set +x
“RANK= 4 LOCAL_RANK= 0 gpu= 3”
“RANK= 19 LOCAL_RANK= 3 gpu= 0”
+ '[' -z '' ']'
+ case "$-" in
“RANK= 7 LOCAL_RANK= 3 gpu= 0”
+ '[' -z '' ']'
+ case "$-" in
+ __lmod_vx=x
+ '[' -n x ']'
+ set +x
“RANK= 6 LOCAL_RANK= 2 gpu= 1”
“RANK= 8 LOCAL_RANK= 0 gpu= 3”
Shell debugging restarted
“RANK= 9 LOCAL_RANK= 1 gpu= 2”
Shell debugging temporarily silenced: export LMOD_SH_DBG_ON=1 for this output (/usr/share/lmod/lmod/init/bash)
+ __lmod_vx=x
+ '[' -n x ']'
+ set +x
Shell debugging temporarily silenced: export LMOD_SH_DBG_ON=1 for this output (/usr/share/lmod/lmod/init/bash)
Shell debugging temporarily silenced: export LMOD_SH_DBG_ON=1 for this output (/usr/share/lmod/lmod/init/bash)
+ '[' -z '' ']'
+ case "$-" in
+ __lmod_vx=x
+ '[' -n x ']'
+ set +x
+ unset __lmod_vx
Shell debugging restarted
+ unset __lmod_vx
Shell debugging restarted
+ unset __lmod_vx
+ speed3d_r2c cufft double 64 64 64 -no-reorder -a2av -r2c_dir 1 -n5
+ speed3d_r2c cufft double 64 64 64 -no-reorder -a2av -r2c_dir 1 -n5
“RANK= 10 LOCAL_RANK= 2 gpu= 1”
+ speed3d_r2c cufft double 64 64 64 -no-reorder -a2av -r2c_dir 1 -n5
“RANK= 11 LOCAL_RANK= 3 gpu= 0”
Shell debugging restarted
+ unset __lmod_vx
+ speed3d_r2c cufft double 64 64 64 -no-reorder -a2av -r2c_dir 1 -n5
+ '[' -z '' ']'
+ case "$-" in
+ '[' -z '' ']'
+ case "$-" in
+ __lmod_vx=x
+ '[' -n x ']'
+ set +x
+ '[' -z '' ']'
+ case "$-" in
+ __lmod_vx=x
+ '[' -n x ']'
+ set +x
+ '[' -z '' ']'
+ case "$-" in
+ __lmod_vx=x
+ '[' -n x ']'
+ set +x
Shell debugging temporarily silenced: export LMOD_SH_DBG_ON=1 for this output (/usr/share/lmod/lmod/init/bash)
+ __lmod_vx=x
+ '[' -n x ']'
+ set +x
Shell debugging temporarily silenced: export LMOD_SH_DBG_ON=1 for this output (/usr/share/lmod/lmod/init/bash)
Shell debugging temporarily silenced: export LMOD_SH_DBG_ON=1 for this output (/usr/share/lmod/lmod/init/bash)
Shell debugging temporarily silenced: export LMOD_SH_DBG_ON=1 for this output (/usr/share/lmod/lmod/init/bash)
Shell debugging restarted
+ unset __lmod_vx
Shell debugging restarted
+ unset __lmod_vx
Shell debugging restarted
+ unset __lmod_vx
Shell debugging restarted
+ unset __lmod_vx
+ speed3d_r2c cufft double 64 64 64 -no-reorder -a2av -r2c_dir 1 -n5
+ speed3d_r2c cufft double 64 64 64 -no-reorder -a2av -r2c_dir 1 -n5
+ speed3d_r2c cufft double 64 64 64 -no-reorder -a2av -r2c_dir 1 -n5
+ speed3d_r2c cufft double 64 64 64 -no-reorder -a2av -r2c_dir 1 -n5
“RANK= 36 LOCAL_RANK= 0 gpu= 3”
“RANK= 37 LOCAL_RANK= 1 gpu= 2”
+ '[' -z '' ']'
+ case "$-" in
Shell debugging temporarily silenced: export LMOD_SH_DBG_ON=1 for this output (/usr/share/lmod/lmod/init/bash)
+ __lmod_vx=x
+ '[' -n x ']'
+ set +x
“RANK= 25 LOCAL_RANK= 1 gpu= 2”
“RANK= 24 LOCAL_RANK= 0 gpu= 3”
Shell debugging restarted
+ unset __lmod_vx
“RANK= 26 LOCAL_RANK= 2 gpu= 1”
+ '[' -z '' ']'
+ case "$-" in
+ __lmod_vx=x
+ '[' -n x ']'
+ set +x
“RANK= 27 LOCAL_RANK= 3 gpu= 0”
+ '[' -z '' ']'
+ case "$-" in
+ __lmod_vx=x
+ '[' -n x ']'
+ set +x
+ '[' -z '' ']'
+ case "$-" in
+ __lmod_vx=x
+ '[' -n x ']'
+ set +x
+ '[' -z '' ']'
+ case "$-" in
Shell debugging temporarily silenced: export LMOD_SH_DBG_ON=1 for this output (/usr/share/lmod/lmod/init/bash)
+ '[' -z '' ']'
+ case "$-" in
+ __lmod_vx=x
+ '[' -n x ']'
+ set +x
Shell debugging temporarily silenced: export LMOD_SH_DBG_ON=1 for this output (/usr/share/lmod/lmod/init/bash)
Shell debugging temporarily silenced: export LMOD_SH_DBG_ON=1 for this output (/usr/share/lmod/lmod/init/bash)
Shell debugging temporarily silenced: export LMOD_SH_DBG_ON=1 for this output (/usr/share/lmod/lmod/init/bash)
+ __lmod_vx=x
+ '[' -n x ']'
+ set +x
+ speed3d_r2c cufft double 64 64 64 -no-reorder -a2av -r2c_dir 1 -n5
Shell debugging temporarily silenced: export LMOD_SH_DBG_ON=1 for this output (/usr/share/lmod/lmod/init/bash)
+ '[' -z '' ']'
+ case "$-" in
Shell debugging restarted
+ unset __lmod_vx
+ '[' -z '' ']'
+ case "$-" in
+ __lmod_vx=x
+ '[' -n x ']'
+ set +x
+ '[' -z '' ']'
+ case "$-" in
+ __lmod_vx=x
+ '[' -n x ']'
+ set +x
Shell debugging restarted
+ unset __lmod_vx
+ speed3d_r2c cufft double 64 64 64 -no-reorder -a2av -r2c_dir 1 -n5
+ '[' -z '' ']'
+ case "$-" in
+ __lmod_vx=x
+ '[' -n x ']'
+ set +x
Shell debugging temporarily silenced: export LMOD_SH_DBG_ON=1 for this output (/usr/share/lmod/lmod/init/bash)
Shell debugging restarted
+ unset __lmod_vx
+ speed3d_r2c cufft double 64 64 64 -no-reorder -a2av -r2c_dir 1 -n5
“RANK= 38 LOCAL_RANK= 2 gpu= 1”
Shell debugging restarted
+ unset __lmod_vx
+ __lmod_vx=x
+ '[' -n x ']'
+ set +x
+ speed3d_r2c cufft double 64 64 64 -no-reorder -a2av -r2c_dir 1 -n5
Shell debugging restarted
+ unset __lmod_vx
Shell debugging temporarily silenced: export LMOD_SH_DBG_ON=1 for this output (/usr/share/lmod/lmod/init/bash)
Shell debugging temporarily silenced: export LMOD_SH_DBG_ON=1 for this output (/usr/share/lmod/lmod/init/bash)
Shell debugging temporarily silenced: export LMOD_SH_DBG_ON=1 for this output (/usr/share/lmod/lmod/init/bash)
“RANK= 39 LOCAL_RANK= 3 gpu= 0”
Shell debugging temporarily silenced: export LMOD_SH_DBG_ON=1 for this output (/usr/share/lmod/lmod/init/bash)
+ '[' -z '' ']'
+ case "$-" in
+ __lmod_vx=x
+ '[' -n x ']'
+ set +x
“RANK= 28 LOCAL_RANK= 0 gpu= 3”
Shell debugging restarted
+ unset __lmod_vx
Shell debugging restarted
+ unset __lmod_vx
Shell debugging restarted
+ unset __lmod_vx
Shell debugging restarted
+ unset __lmod_vx
+ speed3d_r2c cufft double 64 64 64 -no-reorder -a2av -r2c_dir 1 -n5
Shell debugging temporarily silenced: export LMOD_SH_DBG_ON=1 for this output (/usr/share/lmod/lmod/init/bash)
“RANK= 29 LOCAL_RANK= 1 gpu= 2”
+ speed3d_r2c cufft double 64 64 64 -no-reorder -a2av -r2c_dir 1 -n5
+ '[' -z '' ']'
+ case "$-" in
+ __lmod_vx=x
+ '[' -n x ']'
+ set +x
+ speed3d_r2c cufft double 64 64 64 -no-reorder -a2av -r2c_dir 1 -n5
Shell debugging restarted
+ unset __lmod_vx
+ speed3d_r2c cufft double 64 64 64 -no-reorder -a2av -r2c_dir 1 -n5
Shell debugging restarted
+ unset __lmod_vx
“RANK= 30 LOCAL_RANK= 2 gpu= 1”
+ speed3d_r2c cufft double 64 64 64 -no-reorder -a2av -r2c_dir 1 -n5
“RANK= 40 LOCAL_RANK= 0 gpu= 3”
+ speed3d_r2c cufft double 64 64 64 -no-reorder -a2av -r2c_dir 1 -n5
“RANK= 31 LOCAL_RANK= 3 gpu= 0”
+ '[' -z '' ']'
+ speed3d_r2c cufft double 64 64 64 -no-reorder -a2av -r2c_dir 1 -n5
Shell debugging temporarily silenced: export LMOD_SH_DBG_ON=1 for this output (/usr/share/lmod/lmod/init/bash)
“RANK= 41 LOCAL_RANK= 1 gpu= 2”
+ speed3d_r2c cufft double 64 64 64 -no-reorder -a2av -r2c_dir 1 -n5
+ case "$-" in
+ __lmod_vx=x
+ '[' -n x ']'
+ set +x
+ '[' -z '' ']'
+ case "$-" in
+ __lmod_vx=x
+ '[' -n x ']'
+ set +x
Shell debugging temporarily silenced: export LMOD_SH_DBG_ON=1 for this output (/usr/share/lmod/lmod/init/bash)
Shell debugging restarted
+ unset __lmod_vx
Shell debugging restarted
+ unset __lmod_vx
+ speed3d_r2c cufft double 64 64 64 -no-reorder -a2av -r2c_dir 1 -n5
+ speed3d_r2c cufft double 64 64 64 -no-reorder -a2av -r2c_dir 1 -n5
“RANK= 42 LOCAL_RANK= 2 gpu= 1”
+ '[' -z '' ']'
+ case "$-" in
Shell debugging temporarily silenced: export LMOD_SH_DBG_ON=1 for this output (/usr/share/lmod/lmod/init/bash)
+ __lmod_vx=x
+ '[' -n x ']'
+ set +x
“RANK= 43 LOCAL_RANK= 3 gpu= 0”
Shell debugging restarted
+ '[' -z '' ']'
+ case "$-" in
+ __lmod_vx=x
+ unset __lmod_vx
+ '[' -z '' ']'
+ case "$-" in
+ __lmod_vx=x
+ '[' -n x ']'
+ set +x
+ '[' -z '' ']'
+ case "$-" in
+ __lmod_vx=x
+ '[' -n x ']'
+ set +x
Shell debugging temporarily silenced: export LMOD_SH_DBG_ON=1 for this output (/usr/share/lmod/lmod/init/bash)
+ speed3d_r2c cufft double 64 64 64 -no-reorder -a2av -r2c_dir 1 -n5
+ '[' -n x ']'
+ set +x
Shell debugging temporarily silenced: export LMOD_SH_DBG_ON=1 for this output (/usr/share/lmod/lmod/init/bash)
Shell debugging temporarily silenced: export LMOD_SH_DBG_ON=1 for this output (/usr/share/lmod/lmod/init/bash)
+ '[' -z '' ']'
+ case "$-" in
+ __lmod_vx=x
+ '[' -n x ']'
+ set +x
Shell debugging restarted
+ unset __lmod_vx
Shell debugging temporarily silenced: export LMOD_SH_DBG_ON=1 for this output (/usr/share/lmod/lmod/init/bash)
+ speed3d_r2c cufft double 64 64 64 -no-reorder -a2av -r2c_dir 1 -n5
+ '[' -z '' ']'
+ case "$-" in
+ __lmod_vx=x
+ '[' -n x ']'
+ set +x
Shell debugging temporarily silenced: export LMOD_SH_DBG_ON=1 for this output (/usr/share/lmod/lmod/init/bash)
Shell debugging restarted
+ unset __lmod_vx
Shell debugging restarted
+ unset __lmod_vx
Shell debugging restarted
+ unset __lmod_vx
Shell debugging restarted
+ unset __lmod_vx
+ speed3d_r2c cufft double 64 64 64 -no-reorder -a2av -r2c_dir 1 -n5
+ speed3d_r2c cufft double 64 64 64 -no-reorder -a2av -r2c_dir 1 -n5
+ speed3d_r2c cufft double 64 64 64 -no-reorder -a2av -r2c_dir 1 -n5
+ speed3d_r2c cufft double 64 64 64 -no-reorder -a2av -r2c_dir 1 -n5
“RANK= 57 LOCAL_RANK= 1 gpu= 2”
+ '[' -z '' ']'
+ case "$-" in
+ '[' -z '' ']'
+ case "$-" in
“RANK= 56 LOCAL_RANK= 0 gpu= 3”
Shell debugging temporarily silenced: export LMOD_SH_DBG_ON=1 for this output (/usr/share/lmod/lmod/init/bash)
+ '[' -z '' ']'
+ case "$-" in
+ __lmod_vx=x
“RANK= 58 LOCAL_RANK= 2 gpu= 1”
+ __lmod_vx=x
+ '[' -n x ']'
+ set +x
Shell debugging temporarily silenced: export LMOD_SH_DBG_ON=1 for this output (/usr/share/lmod/lmod/init/bash)
“RANK= 59 LOCAL_RANK= 3 gpu= 0”
Shell debugging temporarily silenced: export LMOD_SH_DBG_ON=1 for this output (/usr/share/lmod/lmod/init/bash)
+ __lmod_vx=x
+ '[' -n x ']'
+ set +x
+ '[' -z '' ']'
+ case "$-" in
+ __lmod_vx=x
+ '[' -n x ']'
+ set +x
Shell debugging temporarily silenced: export LMOD_SH_DBG_ON=1 for this output (/usr/share/lmod/lmod/init/bash)
Shell debugging temporarily silenced: export LMOD_SH_DBG_ON=1 for this output (/usr/share/lmod/lmod/init/bash)
+ '[' -n x ']'
+ set +x
+ '[' -z '' ']'
+ case "$-" in
+ __lmod_vx=x
+ '[' -n x ']'
+ set +x
Shell debugging restarted
+ '[' -z '' ']'
+ case "$-" in
+ __lmod_vx=x
+ '[' -n x ']'
+ set +x
Shell debugging restarted
+ unset __lmod_vx
Shell debugging restarted
+ unset __lmod_vx
+ unset __lmod_vx
“RANK= 21 LOCAL_RANK= 1 gpu= 2”
Shell debugging restarted
+ unset __lmod_vx
+ '[' -z '' ']'
+ case "$-" in
+ __lmod_vx=x
+ '[' -n x ']'
+ set +x
“RANK= 20 LOCAL_RANK= 0 gpu= 3”
Shell debugging temporarily silenced: export LMOD_SH_DBG_ON=1 for this output (/usr/share/lmod/lmod/init/bash)
Shell debugging temporarily silenced: export LMOD_SH_DBG_ON=1 for this output (/usr/share/lmod/lmod/init/bash)
“RANK= 22 LOCAL_RANK= 2 gpu= 1”
Shell debugging restarted
+ unset __lmod_vx
+ '[' -z '' ']'
+ case "$-" in
+ __lmod_vx=x
+ '[' -n x ']'
+ set +x
“RANK= 23 LOCAL_RANK= 3 gpu= 0”
Shell debugging restarted
+ unset __lmod_vx
Shell debugging temporarily silenced: export LMOD_SH_DBG_ON=1 for this output (/usr/share/lmod/lmod/init/bash)
+ speed3d_r2c cufft double 64 64 64 -no-reorder -a2av -r2c_dir 1 -n5
+ speed3d_r2c cufft double 64 64 64 -no-reorder -a2av -r2c_dir 1 -n5
+ speed3d_r2c cufft double 64 64 64 -no-reorder -a2av -r2c_dir 1 -n5
“RANK= 32 LOCAL_RANK= 0 gpu= 3”
+ speed3d_r2c cufft double 64 64 64 -no-reorder -a2av -r2c_dir 1 -n5
+ speed3d_r2c cufft double 64 64 64 -no-reorder -a2av -r2c_dir 1 -n5
“RANK= 33 LOCAL_RANK= 1 gpu= 2”
Shell debugging restarted
+ unset __lmod_vx
+ speed3d_r2c cufft double 64 64 64 -no-reorder -a2av -r2c_dir 1 -n5
+ speed3d_r2c cufft double 64 64 64 -no-reorder -a2av -r2c_dir 1 -n5
Shell debugging restarted
+ unset __lmod_vx
+ speed3d_r2c cufft double 64 64 64 -no-reorder -a2av -r2c_dir 1 -n5
“RANK= 34 LOCAL_RANK= 2 gpu= 1”
“RANK= 35 LOCAL_RANK= 3 gpu= 0”
+ '[' -z '' ']'
Shell debugging temporarily silenced: export LMOD_SH_DBG_ON=1 for this output (/usr/share/lmod/lmod/init/bash)
+ case "$-" in
+ __lmod_vx=x
+ '[' -n x ']'
+ set +x
+ '[' -z '' ']'
+ case "$-" in
+ __lmod_vx=x
+ '[' -n x ']'
+ set +x
Shell debugging temporarily silenced: export LMOD_SH_DBG_ON=1 for this output (/usr/share/lmod/lmod/init/bash)
+ '[' -z '' ']'
+ case "$-" in
+ __lmod_vx=x
+ '[' -n x ']'
+ set +x
Shell debugging temporarily silenced: export LMOD_SH_DBG_ON=1 for this output (/usr/share/lmod/lmod/init/bash)
+ '[' -z '' ']'
+ case "$-" in
+ __lmod_vx=x
+ '[' -n x ']'
+ set +x
Shell debugging temporarily silenced: export LMOD_SH_DBG_ON=1 for this output (/usr/share/lmod/lmod/init/bash)
Shell debugging restarted
+ unset __lmod_vx
Shell debugging restarted
+ unset __lmod_vx
Shell debugging restarted
Shell debugging restarted
+ unset __lmod_vx
+ '[' -z '' ']'
+ case "$-" in
+ unset __lmod_vx
Shell debugging temporarily silenced: export LMOD_SH_DBG_ON=1 for this output (/usr/share/lmod/lmod/init/bash)
+ speed3d_r2c cufft double 64 64 64 -no-reorder -a2av -r2c_dir 1 -n5
“RANK= 12 LOCAL_RANK= 0 gpu= 3”
+ __lmod_vx=x
+ '[' -n x ']'
+ set +x
+ speed3d_r2c cufft double 64 64 64 -no-reorder -a2av -r2c_dir 1 -n5
“RANK= 15 LOCAL_RANK= 3 gpu= 0”
+ speed3d_r2c cufft double 64 64 64 -no-reorder -a2av -r2c_dir 1 -n5
“RANK= 13 LOCAL_RANK= 1 gpu= 2”
Shell debugging restarted
+ speed3d_r2c cufft double 64 64 64 -no-reorder -a2av -r2c_dir 1 -n5
“RANK= 14 LOCAL_RANK= 2 gpu= 1”
+ '[' -z '' ']'
+ case "$-" in
+ __lmod_vx=x
+ '[' -n x ']'
+ set +x
+ '[' -z '' ']'
+ case "$-" in
+ __lmod_vx=x
+ '[' -n x ']'
+ set +x
Shell debugging temporarily silenced: export LMOD_SH_DBG_ON=1 for this output (/usr/share/lmod/lmod/init/bash)
+ '[' -z '' ']'
+ case "$-" in
+ __lmod_vx=x
+ '[' -n x ']'
+ set +x
+ unset __lmod_vx
Shell debugging temporarily silenced: export LMOD_SH_DBG_ON=1 for this output (/usr/share/lmod/lmod/init/bash)
Shell debugging temporarily silenced: export LMOD_SH_DBG_ON=1 for this output (/usr/share/lmod/lmod/init/bash)
+ speed3d_r2c cufft double 64 64 64 -no-reorder -a2av -r2c_dir 1 -n5
Shell debugging restarted
Shell debugging restarted
+ unset __lmod_vx
Shell debugging restarted
+ unset __lmod_vx
+ unset __lmod_vx
+ speed3d_r2c cufft double 64 64 64 -no-reorder -a2av -r2c_dir 1 -n5
+ speed3d_r2c cufft double 64 64 64 -no-reorder -a2av -r2c_dir 1 -n5
+ speed3d_r2c cufft double 64 64 64 -no-reorder -a2av -r2c_dir 1 -n5
+ '[' -z '' ']'
+ case "$-" in
Shell debugging temporarily silenced: export LMOD_SH_DBG_ON=1 for this output (/usr/share/lmod/lmod/init/bash)
+ '[' -z '' ']'
+ case "$-" in
+ __lmod_vx=x
+ '[' -n x ']'
+ set +x
+ '[' -z '' ']'
+ case "$-" in
+ __lmod_vx=x
+ '[' -n x ']'
+ set +x
Shell debugging temporarily silenced: export LMOD_SH_DBG_ON=1 for this output (/usr/share/lmod/lmod/init/bash)
+ __lmod_vx=x
+ '[' -n x ']'
+ set +x
+ '[' -z '' ']'
+ case "$-" in
+ __lmod_vx=x
+ '[' -n x ']'
+ set +x
Shell debugging temporarily silenced: export LMOD_SH_DBG_ON=1 for this output (/usr/share/lmod/lmod/init/bash)
Shell debugging restarted
+ unset __lmod_vx
Shell debugging temporarily silenced: export LMOD_SH_DBG_ON=1 for this output (/usr/share/lmod/lmod/init/bash)
Shell debugging restarted
+ unset __lmod_vx
Shell debugging restarted
+ unset __lmod_vx
Shell debugging restarted
+ unset __lmod_vx
+ speed3d_r2c cufft double 64 64 64 -no-reorder -a2av -r2c_dir 1 -n5
+ speed3d_r2c cufft double 64 64 64 -no-reorder -a2av -r2c_dir 1 -n5
+ speed3d_r2c cufft double 64 64 64 -no-reorder -a2av -r2c_dir 1 -n5
+ speed3d_r2c cufft double 64 64 64 -no-reorder -a2av -r2c_dir 1 -n5
“RANK= 48 LOCAL_RANK= 0 gpu= 3”
“RANK= 49 LOCAL_RANK= 1 gpu= 2”
+ '[' -z '' ']'
+ case "$-" in
+ '[' -z '' ']'
+ case "$-" in
+ __lmod_vx=x
+ '[' -n x ']'
+ set +x
Shell debugging temporarily silenced: export LMOD_SH_DBG_ON=1 for this output (/usr/share/lmod/lmod/init/bash)
+ '[' -z '' ']'
+ case "$-" in
+ __lmod_vx=x
+ '[' -n x ']'
+ set +x
Shell debugging temporarily silenced: export LMOD_SH_DBG_ON=1 for this output (/usr/share/lmod/lmod/init/bash)
“RANK= 50 LOCAL_RANK= 2 gpu= 1”
+ '[' -z '' ']'
+ case "$-" in
+ __lmod_vx=x
+ '[' -n x ']'
+ set +x
“RANK= 51 LOCAL_RANK= 3 gpu= 0”
Shell debugging temporarily silenced: export LMOD_SH_DBG_ON=1 for this output (/usr/share/lmod/lmod/init/bash)
+ __lmod_vx=x
+ '[' -n x ']'
+ set +x
Shell debugging restarted
+ unset __lmod_vx
Shell debugging temporarily silenced: export LMOD_SH_DBG_ON=1 for this output (/usr/share/lmod/lmod/init/bash)
Shell debugging restarted
+ unset __lmod_vx
Shell debugging restarted
+ unset __lmod_vx
Shell debugging restarted
+ unset __lmod_vx
+ speed3d_r2c cufft double 64 64 64 -no-reorder -a2av -r2c_dir 1 -n5
+ speed3d_r2c cufft double 64 64 64 -no-reorder -a2av -r2c_dir 1 -n5
+ speed3d_r2c cufft double 64 64 64 -no-reorder -a2av -r2c_dir 1 -n5
+ speed3d_r2c cufft double 64 64 64 -no-reorder -a2av -r2c_dir 1 -n5
+ '[' -z '' ']'
+ case "$-" in
+ '[' -z '' ']'
+ case "$-" in
+ __lmod_vx=x
+ '[' -n x ']'
+ set +x
Shell debugging temporarily silenced: export LMOD_SH_DBG_ON=1 for this output (/usr/share/lmod/lmod/init/bash)
+ __lmod_vx=x
+ '[' -n x ']'
+ set +x
Shell debugging temporarily silenced: export LMOD_SH_DBG_ON=1 for this output (/usr/share/lmod/lmod/init/bash)
Shell debugging restarted
+ unset __lmod_vx
Shell debugging restarted
+ unset __lmod_vx
+ '[' -z '' ']'
+ case "$-" in
+ __lmod_vx=x
+ '[' -n x ']'
+ set +x
Shell debugging temporarily silenced: export LMOD_SH_DBG_ON=1 for this output (/usr/share/lmod/lmod/init/bash)
+ '[' -z '' ']'
+ case "$-" in
+ __lmod_vx=x
+ '[' -n x ']'
+ set +x
+ speed3d_r2c cufft double 64 64 64 -no-reorder -a2av -r2c_dir 1 -n5
Shell debugging temporarily silenced: export LMOD_SH_DBG_ON=1 for this output (/usr/share/lmod/lmod/init/bash)
+ speed3d_r2c cufft double 64 64 64 -no-reorder -a2av -r2c_dir 1 -n5
Shell debugging restarted
+ unset __lmod_vx
+ speed3d_r2c cufft double 64 64 64 -no-reorder -a2av -r2c_dir 1 -n5
Shell debugging restarted
+ unset __lmod_vx
+ speed3d_r2c cufft double 64 64 64 -no-reorder -a2av -r2c_dir 1 -n5
“RANK= 53 LOCAL_RANK= 1 gpu= 2”
“RANK= 52 LOCAL_RANK= 0 gpu= 3”
“RANK= 54 LOCAL_RANK= 2 gpu= 1”
“RANK= 55 LOCAL_RANK= 3 gpu= 0”
+ '[' -z '' ']'
+ case "$-" in
Shell debugging temporarily silenced: export LMOD_SH_DBG_ON=1 for this output (/usr/share/lmod/lmod/init/bash)
+ __lmod_vx=x
+ '[' -n x ']'
+ set +x
+ '[' -z '' ']'
+ case "$-" in
+ __lmod_vx=x
Shell debugging temporarily silenced: export LMOD_SH_DBG_ON=1 for this output (/usr/share/lmod/lmod/init/bash)
+ '[' -n x ']'
+ set +x
+ '[' -z '' ']'
+ case "$-" in
+ __lmod_vx=x
+ '[' -n x ']'
+ set +x
Shell debugging temporarily silenced: export LMOD_SH_DBG_ON=1 for this output (/usr/share/lmod/lmod/init/bash)
+ '[' -z '' ']'
+ case "$-" in
+ __lmod_vx=x
+ '[' -n x ']'
+ set +x
Shell debugging restarted
+ unset __lmod_vx
Shell debugging temporarily silenced: export LMOD_SH_DBG_ON=1 for this output (/usr/share/lmod/lmod/init/bash)
Shell debugging restarted
+ unset __lmod_vx
Shell debugging restarted
+ unset __lmod_vx
Shell debugging restarted
+ unset __lmod_vx
+ speed3d_r2c cufft double 64 64 64 -no-reorder -a2av -r2c_dir 1 -n5
+ speed3d_r2c cufft double 64 64 64 -no-reorder -a2av -r2c_dir 1 -n5
+ speed3d_r2c cufft double 64 64 64 -no-reorder -a2av -r2c_dir 1 -n5
+ speed3d_r2c cufft double 64 64 64 -no-reorder -a2av -r2c_dir 1 -n5
“RANK= 0 LOCAL_RANK= 0 gpu= 3”
“RANK= 1 LOCAL_RANK= 1 gpu= 2”
“RANK= 2 LOCAL_RANK= 2 gpu= 1”
“RANK= 3 LOCAL_RANK= 3 gpu= 0”
+ '[' -z '' ']'
Shell debugging temporarily silenced: export LMOD_SH_DBG_ON=1 for this output (/usr/share/lmod/lmod/init/bash)
+ case "$-" in
+ __lmod_vx=x
+ '[' -n x ']'
+ set +x
+ '[' -z '' ']'
+ case "$-" in
Shell debugging temporarily silenced: export LMOD_SH_DBG_ON=1 for this output (/usr/share/lmod/lmod/init/bash)
+ __lmod_vx=x
+ '[' -n x ']'
+ set +x
+ '[' -z '' ']'
+ case "$-" in
+ __lmod_vx=x
+ '[' -z '' ']'
+ case "$-" in
+ __lmod_vx=x
+ '[' -n x ']'
+ set +x
Shell debugging restarted
+ unset __lmod_vx
Shell debugging temporarily silenced: export LMOD_SH_DBG_ON=1 for this output (/usr/share/lmod/lmod/init/bash)
+ '[' -n x ']'
+ set +x
Shell debugging temporarily silenced: export LMOD_SH_DBG_ON=1 for this output (/usr/share/lmod/lmod/init/bash)
Shell debugging restarted
+ unset __lmod_vx
Shell debugging restarted
+ unset __lmod_vx
Shell debugging restarted
+ unset __lmod_vx
+ speed3d_r2c cufft double 64 64 64 -no-reorder -a2av -r2c_dir 1 -n5
+ speed3d_r2c cufft double 64 64 64 -no-reorder -a2av -r2c_dir 1 -n5
+ speed3d_r2c cufft double 64 64 64 -no-reorder -a2av -r2c_dir 1 -n5
+ speed3d_r2c cufft double 64 64 64 -no-reorder -a2av -r2c_dir 1 -n5

----------------------------------------------------------------------------- 
heFFTe performance test
----------------------------------------------------------------------------- 
Backend:   cufft
Size:      64x64x64
MPI ranks:   64
Grids: (4, 4, 4)  (8, 1, 8)  (1, 8, 8)  (8, 8, 1)  (4, 4, 4)  
Time per run: 0.0214718 (s)
Performance:  1.09879 GFlops/s
Memory usage: 0MB/rank
Tolerance:    1e-11
Max error:    2.10942e-15

