time=0.839835 0/2 /pressio/roibin/background/pressio/qoz:metrics:copy_compressor_results <int32> = 1
/pressio/roibin/background/pressio/qoz:metrics:errors_fatal <int32> = 1
/pressio/roibin/background/pressio/qoz:pressio:abs <double> = 90
/pressio/roibin/background/pressio/qoz:pressio:metric <char*> = "noop"
/pressio/roibin/background/pressio/qoz:pressio:rel <double> = <empty>
/pressio/roibin/background/pressio/qoz:qoz:abs_error_bound <double> = 90
/pressio/roibin/background/pressio/qoz:qoz:algorithm <uint8> = 1
/pressio/roibin/background/pressio/qoz:qoz:algorithm_str <char*> = <empty>
/pressio/roibin/background/pressio/qoz:qoz:encoder <uint8> = 1
/pressio/roibin/background/pressio/qoz:qoz:error_bound_mode <uint8> = 0
/pressio/roibin/background/pressio/qoz:qoz:error_bound_mode_str <char*> = <empty>
/pressio/roibin/background/pressio/qoz:qoz:interp_algo <uint8> = 1
/pressio/roibin/background/pressio/qoz:qoz:interp_block_size <int32> = 32
/pressio/roibin/background/pressio/qoz:qoz:interp_direction <uint8> = 0
/pressio/roibin/background/pressio/qoz:qoz:intrep_algo_str <char*> = <empty>
/pressio/roibin/background/pressio/qoz:qoz:l2_norm_error_bound <double> = 0
/pressio/roibin/background/pressio/qoz:qoz:lorenzo <bool> = true
/pressio/roibin/background/pressio/qoz:qoz:lorenzo2 <bool> = false
/pressio/roibin/background/pressio/qoz:qoz:lossless <uint8> = 1
/pressio/roibin/background/pressio/qoz:qoz:maxstep <uint64> = 8
/pressio/roibin/background/pressio/qoz:qoz:metric <char*> = "noop"
/pressio/roibin/background/pressio/qoz:qoz:openmp <bool> = false
/pressio/roibin/background/pressio/qoz:qoz:pred_dim <int32> = 0
/pressio/roibin/background/pressio/qoz:qoz:psnr_error_bound <double> = 0
/pressio/roibin/background/pressio/qoz:qoz:quant_bin_size <int32> = 65536
/pressio/roibin/background/pressio/qoz:qoz:regression <bool> = true
/pressio/roibin/background/pressio/qoz:qoz:regression2 <bool> = false
/pressio/roibin/background/pressio/qoz:qoz:rel_error_bound <double> = -1
/pressio/roibin/background/pressio/qoz:qoz:stride <int32> = 6
/pressio/roibin/background/pressio/qoz:qoz:test_lorenzo <int32> = 0
/pressio/roibin/background/pressio/qoz:qoz:turning_target <uint8> = 0
/pressio/roibin/background/pressio/qoz:qoz:turning_target_str <char*> = <empty>
/pressio/roibin/background/pressio/qoz:qoz:use_qoz <bool> = true
/pressio/roibin/background/pressio:metrics:copy_compressor_results <int32> = 1
/pressio/roibin/background/pressio:metrics:errors_fatal <int32> = 1
/pressio/roibin/background/pressio:pressio:abs <double> = 90
/pressio/roibin/background/pressio:pressio:bound_name <char*> = <empty>
/pressio/roibin/background/pressio:pressio:compressor <char*> = "qoz"
/pressio/roibin/background/pressio:pressio:metric <char*> = "noop"
/pressio/roibin/background/pressio:pressio:rel <double> = <empty>
/pressio/roibin/background/pressio:pressio:reset_mode <bool> = <empty>
/pressio/roibin/background:binning:compressor <char*> = "pressio"
/pressio/roibin/background:binning:metric <char*> = "noop"
/pressio/roibin/background:binning:nthreads <uint32> = 4
/pressio/roibin/background:binning:shape <data> = data{ type=double dims={3, } has_data=[2, 2, 1, ]}
/pressio/roibin/background:metrics:copy_compressor_results <int32> = 1
/pressio/roibin/background:metrics:errors_fatal <int32> = 1
/pressio/roibin/background:pressio:metric <char*> = "noop"
/pressio/roibin/background:pressio:nthreads <uint32> = 4
/pressio/roibin/roi:fpzip:has_header <int32> = 0
/pressio/roibin/roi:fpzip:metric <char*> = "noop"
/pressio/roibin/roi:fpzip:prec <int32> = 0
/pressio/roibin/roi:metrics:copy_compressor_results <int32> = 1
/pressio/roibin/roi:metrics:errors_fatal <int32> = 1
/pressio/roibin/roi:pressio:metric <char*> = "noop"
/pressio/roibin:metrics:copy_compressor_results <int32> = 1
/pressio/roibin:metrics:errors_fatal <int32> = 1
/pressio/roibin:pressio:metric <char*> = "noop"
/pressio/roibin:pressio:nthreads <uint32> = 1
/pressio/roibin:roibin:background <char*> = "binning"
/pressio/roibin:roibin:centers <data> = data{ type=uint64_t dims={} has_data=false}
/pressio/roibin:roibin:metric <char*> = "noop"
/pressio/roibin:roibin:nthreads <uint32> = 1
/pressio/roibin:roibin:roi <char*> = "fpzip"
/pressio/roibin:roibin:roi_size <data> = data{ type=double dims={3, } has_data=[8, 8, 0, ]}
/pressio/roibin:roibin:roi_strategy <char*> = "coordinates"
/pressio:metrics:copy_compressor_results <int32> = 1
/pressio:metrics:errors_fatal <int32> = 1
/pressio:pressio:bound_name <char*> = <empty>
/pressio:pressio:compressor <char*> = "roibin"
/pressio:pressio:metric <char*> = "noop"
/pressio:pressio:reset_mode <bool> = <empty>

time=0.839913 0/2 global data_dims{130, 1480, 1552}
time=0.839917 0/2 global peakx_dims{130, 2048}
time=0.83992 0/2 global peaky_dims{130, 2048}
time=0.839922 0/2 global npeaks{130}
time=0.839926 0/2 processing 0 2
time=3.09224 0/2 processing 2 4
time=5.24263 0/2 processing 4 6
time=6.86382 0/2 processing 6 8
time=9.43866 0/2 processing 8 10
time=11.3873 0/2 processing 10 12
time=13.6209 0/2 processing 12 14
time=16.2053 0/2 processing 14 16
time=17.7939 0/2 processing 16 18
time=19.7994 0/2 processing 18 20
time=21.9966 0/2 processing 20 22
time=23.7955 0/2 processing 22 24
time=25.5461 0/2 processing 24 26
time=27.4211 0/2 processing 26 28
time=29.5208 0/2 processing 28 30
time=30.5869 0/2 processing 30 32
time=32.3754 0/2 processing 32 34
time=34.8528 0/2 processing 34 36
time=36.2883 0/2 processing 36 38
time=38.6629 0/2 processing 38 40
time=40.9179 0/2 processing 40 42
time=42.5757 0/2 processing 42 44
time=43.8351 0/2 processing 44 46
time=45.7924 0/2 processing 46 48
time=48.0855 0/2 processing 48 50
time=50.0314 0/2 processing 50 52
time=51.8659 0/2 processing 52 54
time=54.1942 0/2 processing 54 56
time=55.9331 0/2 processing 56 58
time=58.1137 0/2 processing 58 60
time=60.3124 0/2 processing 60 62
time=62.0804 0/2 processing 62 64
time=64.4872 0/2 processing 64 66
time=66.5622 0/2 processing 66 68
time=68.7666 0/2 processing 68 70
time=71.3287 0/2 processing 70 72
time=73.0819 0/2 processing 72 74
time=75.165 0/2 processing 74 76
time=76.9448 0/2 processing 76 78
time=78.7066 0/2 processing 78 80
time=81.1853 0/2 processing 80 82
time=83.2073 0/2 processing 82 84
time=85.4775 0/2 processing 84 86
time=87.5884 0/2 processing 86 88
time=90.1782 0/2 processing 88 90
time=92.4237 0/2 processing 90 92
time=94.6322 0/2 processing 92 94
time=96.7393 0/2 processing 94 96
time=99.0586 0/2 processing 96 98
time=100.919 0/2 processing 98 100
time=102.554 0/2 processing 100 102
time=105.046 0/2 processing 102 104
time=107.783 0/2 processing 104 106
time=109.895 0/2 processing 106 108
time=111.935 0/2 processing 108 110
time=113.785 0/2 processing 110 112
time=115.898 0/2 processing 112 114
time=118.176 0/2 processing 114 116
time=120.143 0/2 processing 116 118
time=122.291 0/2 processing 118 120
time=124.332 0/2 processing 120 122
time=126.301 0/2 processing 122 124
time=128.785 0/2 processing 124 126
time=130.871 0/2 processing 126 128
time=132.575 0/2 processing 128 130
global_cr=46.8483
wallclock_ms=133665
compress_ms=15124
compress_bandwidth_GBps=0.0789751
wallclock_bandwidth_GBps=0.00893592
