.//tmp_files/3015.sh: line 3: 189619 Segmentation fault      speed3d_r2c fftw float 512 512 512 -r2c_dir 0 -outgrid 512 1 1
.//tmp_files/3015.sh: line 3: 184866 Segmentation fault      speed3d_r2c fftw float 512 512 512 -r2c_dir 0 -outgrid 512 1 1
.//tmp_files/3015.sh: line 3: 184861 Segmentation fault      speed3d_r2c fftw float 512 512 512 -r2c_dir 0 -outgrid 512 1 1
.//tmp_files/3015.sh: line 3: 213696 Segmentation fault      speed3d_r2c fftw float 512 512 512 -r2c_dir 0 -outgrid 512 1 1
.//tmp_files/3015.sh: line 3: 213695 Segmentation fault      speed3d_r2c fftw float 512 512 512 -r2c_dir 0 -outgrid 512 1 1
.//tmp_files/3015.sh: line 3: 201208 Segmentation fault      speed3d_r2c fftw float 512 512 512 -r2c_dir 0 -outgrid 512 1 1
.//tmp_files/3015.sh: line 3: 189625 Segmentation fault      speed3d_r2c fftw float 512 512 512 -r2c_dir 0 -outgrid 512 1 1
.//tmp_files/3015.sh: line 3: 189636 Segmentation fault      speed3d_r2c fftw float 512 512 512 -r2c_dir 0 -outgrid 512 1 1
[NID 00762] 2023-07-01 12:23:10 Apid 28416205: initiated application termination
.//tmp_files/3015.sh: line 3: 189629 Segmentation fault      speed3d_r2c fftw float 512 512 512 -r2c_dir 0 -outgrid 512 1 1
.//tmp_files/3015.sh: line 3: 189614 Segmentation fault      speed3d_r2c fftw float 512 512 512 -r2c_dir 0 -outgrid 512 1 1
.//tmp_files/3015.sh: line 3: 189637 Segmentation fault      speed3d_r2c fftw float 512 512 512 -r2c_dir 0 -outgrid 512 1 1
.//tmp_files/3015.sh: line 3: 213712 Segmentation fault      speed3d_r2c fftw float 512 512 512 -r2c_dir 0 -outgrid 512 1 1
.//tmp_files/3015.sh: line 3: 189628 Segmentation fault      speed3d_r2c fftw float 512 512 512 -r2c_dir 0 -outgrid 512 1 1
.//tmp_files/3015.sh: line 3: 184863 Segmentation fault      speed3d_r2c fftw float 512 512 512 -r2c_dir 0 -outgrid 512 1 1
.//tmp_files/3015.sh: line 3: 184853 Segmentation fault      speed3d_r2c fftw float 512 512 512 -r2c_dir 0 -outgrid 512 1 1
.//tmp_files/3015.sh: line 3: 184841 Segmentation fault      speed3d_r2c fftw float 512 512 512 -r2c_dir 0 -outgrid 512 1 1
.//tmp_files/3015.sh: line 3: 184837 Segmentation fault      speed3d_r2c fftw float 512 512 512 -r2c_dir 0 -outgrid 512 1 1
.//tmp_files/3015.sh: line 3: 184854 Segmentation fault      speed3d_r2c fftw float 512 512 512 -r2c_dir 0 -outgrid 512 1 1
.//tmp_files/3015.sh: line 3: 189620 Segmentation fault      speed3d_r2c fftw float 512 512 512 -r2c_dir 0 -outgrid 512 1 1
.//tmp_files/3015.sh: line 3: 189616 Segmentation fault      speed3d_r2c fftw float 512 512 512 -r2c_dir 0 -outgrid 512 1 1
.//tmp_files/3015.sh: line 3: 201273 Segmentation fault      speed3d_r2c fftw float 512 512 512 -r2c_dir 0 -outgrid 512 1 1
.//tmp_files/3015.sh: line 3: 213704 Segmentation fault      speed3d_r2c fftw float 512 512 512 -r2c_dir 0 -outgrid 512 1 1
.//tmp_files/3015.sh: line 3: 213697 Segmentation fault      speed3d_r2c fftw float 512 512 512 -r2c_dir 0 -outgrid 512 1 1
.//tmp_files/3015.sh: line 3: 201270 Segmentation fault      speed3d_r2c fftw float 512 512 512 -r2c_dir 0 -outgrid 512 1 1
.//tmp_files/3015.sh: line 3: 201257 Segmentation fault      speed3d_r2c fftw float 512 512 512 -r2c_dir 0 -outgrid 512 1 1
.//tmp_files/3015.sh: line 3: 189649 Segmentation fault      speed3d_r2c fftw float 512 512 512 -r2c_dir 0 -outgrid 512 1 1
.//tmp_files/3015.sh: line 3: 184845 Segmentation fault      speed3d_r2c fftw float 512 512 512 -r2c_dir 0 -outgrid 512 1 1
.//tmp_files/3015.sh: line 3: 184851 Segmentation fault      speed3d_r2c fftw float 512 512 512 -r2c_dir 0 -outgrid 512 1 1
.//tmp_files/3015.sh: line 3: 184911 Segmentation fault      speed3d_r2c fftw float 512 512 512 -r2c_dir 0 -outgrid 512 1 1
.//tmp_files/3015.sh: line 3: 184864 Segmentation fault      speed3d_r2c fftw float 512 512 512 -r2c_dir 0 -outgrid 512 1 1
.//tmp_files/3015.sh: line 3: 189609 Segmentation fault      speed3d_r2c fftw float 512 512 512 -r2c_dir 0 -outgrid 512 1 1
.//tmp_files/3015.sh: line 3: 189624 Segmentation fault      speed3d_r2c fftw float 512 512 512 -r2c_dir 0 -outgrid 512 1 1
.//tmp_files/3015.sh: line 3: 213720 Segmentation fault      speed3d_r2c fftw float 512 512 512 -r2c_dir 0 -outgrid 512 1 1
.//tmp_files/3015.sh: line 3: 189652 Segmentation fault      speed3d_r2c fftw float 512 512 512 -r2c_dir 0 -outgrid 512 1 1
.//tmp_files/3015.sh: line 3: 184831 Segmentation fault      speed3d_r2c fftw float 512 512 512 -r2c_dir 0 -outgrid 512 1 1
.//tmp_files/3015.sh: line 3: 184902 Segmentation fault      speed3d_r2c fftw float 512 512 512 -r2c_dir 0 -outgrid 512 1 1
.//tmp_files/3015.sh: line 3: 184833 Segmentation fault      speed3d_r2c fftw float 512 512 512 -r2c_dir 0 -outgrid 512 1 1
.//tmp_files/3015.sh: line 3: 184875 Segmentation fault      speed3d_r2c fftw float 512 512 512 -r2c_dir 0 -outgrid 512 1 1
.//tmp_files/3015.sh: line 3: 184872 Segmentation fault      speed3d_r2c fftw float 512 512 512 -r2c_dir 0 -outgrid 512 1 1
.//tmp_files/3015.sh: line 3: 184856 Segmentation fault      speed3d_r2c fftw float 512 512 512 -r2c_dir 0 -outgrid 512 1 1
.//tmp_files/3015.sh: line 3: 184889 Segmentation fault      speed3d_r2c fftw float 512 512 512 -r2c_dir 0 -outgrid 512 1 1
.//tmp_files/3015.sh: line 3: 184888 Segmentation fault      speed3d_r2c fftw float 512 512 512 -r2c_dir 0 -outgrid 512 1 1
.//tmp_files/3015.sh: line 3: 184868 Segmentation fault      speed3d_r2c fftw float 512 512 512 -r2c_dir 0 -outgrid 512 1 1
.//tmp_files/3015.sh: line 3: 184840 Segmentation fault      speed3d_r2c fftw float 512 512 512 -r2c_dir 0 -outgrid 512 1 1
.//tmp_files/3015.sh: line 3: 184900 Segmentation fault      speed3d_r2c fftw float 512 512 512 -r2c_dir 0 -outgrid 512 1 1
Application 28416205 exit codes: 139
Application 28416205 exit signals: Killed
Application 28416205 resources: utime ~24s, stime ~43s, Rss ~64132, inblocks ~130228, outblocks ~0
