time=0.226318 0/2 /pressio/roibin/background/bzip2:bzip2:block_size_100k <int32> = 9
/pressio/roibin/background/bzip2:bzip2:metric <char*> = "noop"
/pressio/roibin/background/bzip2:bzip2:small <int32> = 0
/pressio/roibin/background/bzip2:bzip2:verbosity <int32> = 0
/pressio/roibin/background/bzip2:bzip2:work_factor <int32> = 30
/pressio/roibin/background/bzip2:metrics:copy_compressor_results <int32> = 1
/pressio/roibin/background/bzip2:metrics:errors_fatal <int32> = 1
/pressio/roibin/background/bzip2:pressio:lossless <int32> = 9
/pressio/roibin/background/bzip2:pressio:metric <char*> = "noop"
/pressio/roibin/background:binning:compressor <char*> = "bzip2"
/pressio/roibin/background:binning:metric <char*> = "noop"
/pressio/roibin/background:binning:nthreads <uint32> = 2
/pressio/roibin/background:binning:shape <data> = data{ type=double dims={3, } has_data=[2, 2, 1, ]}
/pressio/roibin/background:metrics:copy_compressor_results <int32> = 1
/pressio/roibin/background:metrics:errors_fatal <int32> = 1
/pressio/roibin/background:pressio:metric <char*> = "noop"
/pressio/roibin/background:pressio:nthreads <uint32> = 2
/pressio/roibin/roi:bzip2:block_size_100k <int32> = 9
/pressio/roibin/roi:bzip2:metric <char*> = "noop"
/pressio/roibin/roi:bzip2:small <int32> = 0
/pressio/roibin/roi:bzip2:verbosity <int32> = 0
/pressio/roibin/roi:bzip2:work_factor <int32> = 30
/pressio/roibin/roi:metrics:copy_compressor_results <int32> = 1
/pressio/roibin/roi:metrics:errors_fatal <int32> = 1
/pressio/roibin/roi:pressio:lossless <int32> = 9
/pressio/roibin/roi:pressio:metric <char*> = "noop"
/pressio/roibin:metrics:copy_compressor_results <int32> = 1
/pressio/roibin:metrics:errors_fatal <int32> = 1
/pressio/roibin:pressio:metric <char*> = "noop"
/pressio/roibin:pressio:nthreads <uint32> = 4
/pressio/roibin:roibin:background <char*> = "binning"
/pressio/roibin:roibin:centers <data> = data{ type=uint64_t dims={} has_data=false}
/pressio/roibin:roibin:metric <char*> = "noop"
/pressio/roibin:roibin:nthreads <uint32> = 4
/pressio/roibin:roibin:roi <char*> = "bzip2"
/pressio/roibin:roibin:roi_size <data> = data{ type=double dims={3, } has_data=[8, 8, 0, ]}
/pressio/roibin:roibin:roi_strategy <char*> = "coordinates"
/pressio:metrics:copy_compressor_results <int32> = 1
/pressio:metrics:errors_fatal <int32> = 1
/pressio:pressio:bound_name <char*> = <empty>
/pressio:pressio:compressor <char*> = "roibin"
/pressio:pressio:metric <char*> = "noop"
/pressio:pressio:reset_mode <bool> = <empty>

time=0.226383 0/2 global data_dims{130, 1480, 1552}
time=0.226388 0/2 global peakx_dims{130, 2048}
time=0.226392 0/2 global peaky_dims{130, 2048}
time=0.226395 0/2 global npeaks{130}
time=0.226401 0/2 processing 0 2
time=1.73813 0/2 processing 2 4
time=3.21782 0/2 processing 4 6
time=4.78197 0/2 processing 6 8
time=6.387 0/2 processing 8 10
time=8.029 0/2 processing 10 12
time=9.41351 0/2 processing 12 14
time=10.6967 0/2 processing 14 16
time=12.1253 0/2 processing 16 18
time=13.8255 0/2 processing 18 20
time=15.898 0/2 processing 20 22
time=17.3471 0/2 processing 22 24
time=18.8909 0/2 processing 24 26
time=20.3663 0/2 processing 26 28
time=22.0767 0/2 processing 28 30
time=24.3615 0/2 processing 30 32
time=25.9794 0/2 processing 32 34
time=27.494 0/2 processing 34 36
time=29.002 0/2 processing 36 38
time=30.646 0/2 processing 38 40
time=32.318 0/2 processing 40 42
time=33.841 0/2 processing 42 44
time=35.9893 0/2 processing 44 46
time=37.5909 0/2 processing 46 48
time=39.2354 0/2 processing 48 50
time=40.7368 0/2 processing 50 52
time=42.382 0/2 processing 52 54
time=44.0115 0/2 processing 54 56
time=45.7261 0/2 processing 56 58
time=47.2861 0/2 processing 58 60
time=48.806 0/2 processing 60 62
time=50.442 0/2 processing 62 64
time=52.206 0/2 processing 64 66
time=53.67 0/2 processing 66 68
time=55.3023 0/2 processing 68 70
time=56.986 0/2 processing 70 72
time=58.558 0/2 processing 72 74
time=60.478 0/2 processing 74 76
time=62.4116 0/2 processing 76 78
time=63.9588 0/2 processing 78 80
time=65.4624 0/2 processing 80 82
time=67.258 0/2 processing 82 84
time=69.2776 0/2 processing 84 86
time=70.7443 0/2 processing 86 88
time=72.0205 0/2 processing 88 90
time=73.3299 0/2 processing 90 92
time=74.5501 0/2 processing 92 94
time=76.3147 0/2 processing 94 96
time=77.962 0/2 processing 96 98
time=79.7049 0/2 processing 98 100
time=81.4745 0/2 processing 100 102
time=82.9892 0/2 processing 102 104
time=85.5515 0/2 processing 104 106
time=87.09 0/2 processing 106 108
time=88.7819 0/2 processing 108 110
time=90.3736 0/2 processing 110 112
time=91.6219 0/2 processing 112 114
time=93.3724 0/2 processing 114 116
time=94.93 0/2 processing 116 118
time=96.8723 0/2 processing 118 120
time=98.626 0/2 processing 120 122
time=100.37 0/2 processing 122 124
time=101.974 0/2 processing 124 126
time=104.265 0/2 processing 126 128
time=105.749 0/2 processing 128 130
global_cr=4.27683
wallclock_ms=107052
compress_ms=62718
compress_bandwidth_GBps=0.0190443
wallclock_bandwidth_GBps=0.0111574
