time=4.68458 0/2 /pressio/roibin/background/pressio/noop:metrics:copy_compressor_results <int32> = 1
/pressio/roibin/background/pressio/noop:metrics:errors_fatal <int32> = 1
/pressio/roibin/background/pressio/noop:noop:metric <char*> = "noop"
/pressio/roibin/background/pressio/noop:pressio:metric <char*> = "noop"
/pressio/roibin/background/pressio:metrics:copy_compressor_results <int32> = 1
/pressio/roibin/background/pressio:metrics:errors_fatal <int32> = 1
/pressio/roibin/background/pressio:pressio:bound_name <char*> = <empty>
/pressio/roibin/background/pressio:pressio:compressor <char*> = "noop"
/pressio/roibin/background/pressio:pressio:metric <char*> = "noop"
/pressio/roibin/background/pressio:pressio:reset_mode <bool> = <empty>
/pressio/roibin/background:binning:compressor <char*> = "pressio"
/pressio/roibin/background:binning:metric <char*> = "noop"
/pressio/roibin/background:binning:nthreads <uint32> = 1
/pressio/roibin/background:binning:shape <data> = data{ type=double dims={3, } has_data=[2, 2, 1, ]}
/pressio/roibin/background:metrics:copy_compressor_results <int32> = 1
/pressio/roibin/background:metrics:errors_fatal <int32> = 1
/pressio/roibin/background:pressio:metric <char*> = "noop"
/pressio/roibin/background:pressio:nthreads <uint32> = 1
/pressio/roibin/roi:fpzip:has_header <int32> = 0
/pressio/roibin/roi:fpzip:metric <char*> = "noop"
/pressio/roibin/roi:fpzip:prec <int32> = 0
/pressio/roibin/roi:metrics:copy_compressor_results <int32> = 1
/pressio/roibin/roi:metrics:errors_fatal <int32> = 1
/pressio/roibin/roi:pressio:metric <char*> = "noop"
/pressio/roibin:metrics:copy_compressor_results <int32> = 1
/pressio/roibin:metrics:errors_fatal <int32> = 1
/pressio/roibin:pressio:metric <char*> = "noop"
/pressio/roibin:pressio:nthreads <uint32> = 4
/pressio/roibin:roibin:background <char*> = "binning"
/pressio/roibin:roibin:centers <data> = data{ type=uint64_t dims={} has_data=false}
/pressio/roibin:roibin:metric <char*> = "noop"
/pressio/roibin:roibin:nthreads <uint32> = 4
/pressio/roibin:roibin:roi <char*> = "fpzip"
/pressio/roibin:roibin:roi_size <data> = data{ type=double dims={3, } has_data=[8, 8, 0, ]}
/pressio/roibin:roibin:roi_strategy <char*> = "coordinates"
/pressio:metrics:copy_compressor_results <int32> = 1
/pressio:metrics:errors_fatal <int32> = 1
/pressio:pressio:bound_name <char*> = <empty>
/pressio:pressio:compressor <char*> = "roibin"
/pressio:pressio:metric <char*> = "noop"
/pressio:pressio:reset_mode <bool> = <empty>

time=4.68465 0/2 global data_dims{130, 1480, 1552}
time=4.68465 0/2 global peakx_dims{130, 2048}
time=4.68465 0/2 global peaky_dims{130, 2048}
time=4.68466 0/2 global npeaks{130}
time=4.68466 0/2 processing 0 2
time=17.9512 0/2 processing 2 4
time=34.3186 0/2 processing 4 6
time=50.2312 0/2 processing 6 8
time=62.5908 0/2 processing 8 10
time=75.6586 0/2 processing 10 12
time=83.7705 0/2 processing 12 14
time=93.2868 0/2 processing 14 16
time=111.921 0/2 processing 16 18
time=120.227 0/2 processing 18 20
time=129.804 0/2 processing 20 22
time=141.851 0/2 processing 22 24
time=153.442 0/2 processing 24 26
time=166.164 0/2 processing 26 28
time=175.561 0/2 processing 28 30
time=191.775 0/2 processing 30 32
time=200.207 0/2 processing 32 34
time=209.939 0/2 processing 34 36
time=218.951 0/2 processing 36 38
time=228.087 0/2 processing 38 40
time=238.798 0/2 processing 40 42
time=250.439 0/2 processing 42 44
time=258.962 0/2 processing 44 46
time=268.363 0/2 processing 46 48
time=278.929 0/2 processing 48 50
