“RANK= 5 LOCAL_RANK= 1 gpu= 2”
“RANK= 4 LOCAL_RANK= 0 gpu= 3”
“RANK= 6 LOCAL_RANK= 2 gpu= 1”
“RANK= 7 LOCAL_RANK= 3 gpu= 0”
“RANK= 9 LOCAL_RANK= 1 gpu= 2”
“RANK= 8 LOCAL_RANK= 0 gpu= 3”
“RANK= 10 LOCAL_RANK= 2 gpu= 1”
“RANK= 11 LOCAL_RANK= 3 gpu= 0”
“RANK= 12 LOCAL_RANK= 0 gpu= 3”
“RANK= 13 LOCAL_RANK= 1 gpu= 2”
“RANK= 14 LOCAL_RANK= 2 gpu= 1”
“RANK= 15 LOCAL_RANK= 3 gpu= 0”
+ '[' -z '' ']'
+ case "$-" in
Shell debugging temporarily silenced: export LMOD_SH_DBG_ON=1 for this output (/usr/share/lmod/lmod/init/bash)
+ __lmod_vx=x
+ '[' -n x ']'
+ set +x
+ '[' -z '' ']'
+ case "$-" in
+ __lmod_vx=x
+ '[' -z '' ']'
+ case "$-" in
Shell debugging temporarily silenced: export LMOD_SH_DBG_ON=1 for this output (/usr/share/lmod/lmod/init/bash)
+ '[' -z '' ']'
+ case "$-" in
+ __lmod_vx=x
+ '[' -n x ']'
+ set +x
+ '[' -z '' ']'
+ case "$-" in
+ '[' -n x ']'
+ set +x
Shell debugging temporarily silenced: export LMOD_SH_DBG_ON=1 for this output (/usr/share/lmod/lmod/init/bash)
Shell debugging temporarily silenced: export LMOD_SH_DBG_ON=1 for this output (/usr/share/lmod/lmod/init/bash)
+ '[' -z '' ']'
+ case "$-" in
+ __lmod_vx=x
+ '[' -n x ']'
+ set +x
+ __lmod_vx=x
+ '[' -n x ']'
+ set +x
+ __lmod_vx=x
+ '[' -n x ']'
+ set +x
Shell debugging temporarily silenced: export LMOD_SH_DBG_ON=1 for this output (/usr/share/lmod/lmod/init/bash)
Shell debugging temporarily silenced: export LMOD_SH_DBG_ON=1 for this output (/usr/share/lmod/lmod/init/bash)
+ '[' -z '' ']'
+ case "$-" in
+ __lmod_vx=x
+ '[' -n x ']'
+ set +x
+ '[' -z '' ']'
+ case "$-" in
+ __lmod_vx=x
+ '[' -n x ']'
+ set +x
Shell debugging restarted
+ unset __lmod_vx
Shell debugging temporarily silenced: export LMOD_SH_DBG_ON=1 for this output (/usr/share/lmod/lmod/init/bash)
+ '[' -z '' ']'
+ case "$-" in
+ __lmod_vx=x
+ '[' -n x ']'
+ set +x
+ '[' -z '' ']'
+ case "$-" in
+ __lmod_vx=x
+ '[' -n x ']'
+ set +x
+ '[' -z '' ']'
+ case "$-" in
+ __lmod_vx=x
+ '[' -n x ']'
+ set +x
Shell debugging restarted
+ unset __lmod_vx
Shell debugging restarted
+ unset __lmod_vx
Shell debugging temporarily silenced: export LMOD_SH_DBG_ON=1 for this output (/usr/share/lmod/lmod/init/bash)
Shell debugging temporarily silenced: export LMOD_SH_DBG_ON=1 for this output (/usr/share/lmod/lmod/init/bash)
Shell debugging restarted
+ unset __lmod_vx
+ '[' -z '' ']'
+ case "$-" in
+ __lmod_vx=x
+ '[' -n x ']'
+ set +x
Shell debugging restarted
+ unset __lmod_vx
Shell debugging temporarily silenced: export LMOD_SH_DBG_ON=1 for this output (/usr/share/lmod/lmod/init/bash)
Shell debugging temporarily silenced: export LMOD_SH_DBG_ON=1 for this output (/usr/share/lmod/lmod/init/bash)
Shell debugging temporarily silenced: export LMOD_SH_DBG_ON=1 for this output (/usr/share/lmod/lmod/init/bash)
+ speed3d_r2c cufft float 128 128 128 -reorder -a2a -p2p -pencils -outgrid 4 4 1 -n5
Shell debugging restarted
+ unset __lmod_vx
+ speed3d_r2c cufft float 128 128 128 -reorder -a2a -p2p -pencils -outgrid 4 4 1 -n5
+ speed3d_r2c cufft float 128 128 128 -reorder -a2a -p2p -pencils -outgrid 4 4 1 -n5
Shell debugging restarted
+ unset __lmod_vx
Shell debugging restarted
+ unset __lmod_vx
+ speed3d_r2c cufft float 128 128 128 -reorder -a2a -p2p -pencils -outgrid 4 4 1 -n5
+ speed3d_r2c cufft float 128 128 128 -reorder -a2a -p2p -pencils -outgrid 4 4 1 -n5
Shell debugging restarted
+ unset __lmod_vx
Shell debugging restarted
+ unset __lmod_vx
+ speed3d_r2c cufft float 128 128 128 -reorder -a2a -p2p -pencils -outgrid 4 4 1 -n5
Shell debugging restarted
+ unset __lmod_vx
+ speed3d_r2c cufft float 128 128 128 -reorder -a2a -p2p -pencils -outgrid 4 4 1 -n5
+ speed3d_r2c cufft float 128 128 128 -reorder -a2a -p2p -pencils -outgrid 4 4 1 -n5
+ speed3d_r2c cufft float 128 128 128 -reorder -a2a -p2p -pencils -outgrid 4 4 1 -n5
Shell debugging restarted
+ unset __lmod_vx
+ speed3d_r2c cufft float 128 128 128 -reorder -a2a -p2p -pencils -outgrid 4 4 1 -n5
+ speed3d_r2c cufft float 128 128 128 -reorder -a2a -p2p -pencils -outgrid 4 4 1 -n5
+ speed3d_r2c cufft float 128 128 128 -reorder -a2a -p2p -pencils -outgrid 4 4 1 -n5
“RANK= 0 LOCAL_RANK= 0 gpu= 3”
“RANK= 1 LOCAL_RANK= 1 gpu= 2”
“RANK= 2 LOCAL_RANK= 2 gpu= 1”
“RANK= 3 LOCAL_RANK= 3 gpu= 0”
+ '[' -z '' ']'
+ case "$-" in
Shell debugging temporarily silenced: export LMOD_SH_DBG_ON=1 for this output (/usr/share/lmod/lmod/init/bash)
+ __lmod_vx=x
+ '[' -n x ']'
+ set +x
+ '[' -z '' ']'
+ case "$-" in
Shell debugging restarted
+ unset __lmod_vx
+ '[' -z '' ']'
+ case "$-" in
+ __lmod_vx=x
+ '[' -n x ']'
+ set +x
+ '[' -z '' ']'
+ case "$-" in
+ __lmod_vx=x
+ '[' -n x ']'
+ set +x
Shell debugging temporarily silenced: export LMOD_SH_DBG_ON=1 for this output (/usr/share/lmod/lmod/init/bash)
+ __lmod_vx=x
+ '[' -n x ']'
+ set +x
Shell debugging temporarily silenced: export LMOD_SH_DBG_ON=1 for this output (/usr/share/lmod/lmod/init/bash)
Shell debugging temporarily silenced: export LMOD_SH_DBG_ON=1 for this output (/usr/share/lmod/lmod/init/bash)
+ speed3d_r2c cufft float 128 128 128 -reorder -a2a -p2p -pencils -outgrid 4 4 1 -n5
Shell debugging restarted
+ unset __lmod_vx
+ speed3d_r2c cufft float 128 128 128 -reorder -a2a -p2p -pencils -outgrid 4 4 1 -n5
Shell debugging restarted
+ unset __lmod_vx
+ speed3d_r2c cufft float 128 128 128 -reorder -a2a -p2p -pencils -outgrid 4 4 1 -n5
Shell debugging restarted
+ unset __lmod_vx
+ speed3d_r2c cufft float 128 128 128 -reorder -a2a -p2p -pencils -outgrid 4 4 1 -n5
MPICH ERROR [Rank 2] [job id 00c1952e-83a6-4433-8541-b6f5c96405e8] [Thu Aug  3 06:14:00 2023] [x3002c0s25b1n0] - Abort(338286991) (rank 2 in comm 0): Fatal error in PMPI_Send: Other MPI error, error stack:
PMPI_Send(163).................: MPI_Send(buf=0x151ecda00000, count=16384, dtype=0x4c000840, dest=6, tag=0, MPI_COMM_WORLD) failed
PMPI_Send(143).................: 
MPIR_Wait_impl(41).............: 
MPID_Progress_wait(184)........: 
MPIDI_Progress_test(80)........: 
MPIDI_OFI_handle_cq_error(1059): OFI poll failed (ofi_events.c:1061:MPIDI_OFI_handle_cq_error:Input/output error - remote access error)

aborting job:
Fatal error in PMPI_Send: Other MPI error, error stack:
PMPI_Send(163).................: MPI_Send(buf=0x151ecda00000, count=16384, dtype=0x4c000840, dest=6, tag=0, MPI_COMM_WORLD) failed
PMPI_Send(143).................: 
MPIR_Wait_impl(41).............: 
MPID_Progress_wait(184)........: 
MPIDI_Progress_test(80)........: 
MPIDI_OFI_handle_cq_error(1059): OFI poll failed (ofi_events.c:1061:MPIDI_OFI_handle_cq_error:Input/output error - remote access error)
MPICH ERROR [Rank 6] [job id 00c1952e-83a6-4433-8541-b6f5c96405e8] [Thu Aug  3 06:14:00 2023] [x3002c0s31b0n0] - Abort(69851535) (rank 6 in comm 0): Fatal error in PMPI_Send: Other MPI error, error stack:
PMPI_Send(163).................: MPI_Send(buf=0x154af3a00000, count=16384, dtype=0x4c000840, dest=10, tag=0, MPI_COMM_WORLD) failed
PMPI_Send(143).................: 
MPIR_Wait_impl(41).............: 
MPID_Progress_wait(184)........: 
MPIDI_Progress_test(80)........: 
MPIDI_OFI_handle_cq_error(1059): OFI poll failed (ofi_events.c:1061:MPIDI_OFI_handle_cq_error:Input/output error - remote access error)

aborting job:
Fatal error in PMPI_Send: Other MPI error, error stack:
PMPI_Send(163).................: MPI_Send(buf=0x154af3a00000, count=16384, dtype=0x4c000840, dest=10, tag=0, MPI_COMM_WORLD) failed
PMPI_Send(143).................: 
MPIR_Wait_impl(41).............: 
MPID_Progress_wait(184)........: 
MPIDI_Progress_test(80)........: 
MPIDI_OFI_handle_cq_error(1059): OFI poll failed (ofi_events.c:1061:MPIDI_OFI_handle_cq_error:Input/output error - remote access error)
MPICH ERROR [Rank 10] [job id 00c1952e-83a6-4433-8541-b6f5c96405e8] [Thu Aug  3 06:14:00 2023] [x3002c0s31b1n0] - Abort(673831311) (rank 10 in comm 0): Fatal error in PMPI_Send: Other MPI error, error stack:
PMPI_Send(163).................: MPI_Send(buf=0x149a73a00000, count=16384, dtype=0x4c000840, dest=14, tag=0, MPI_COMM_WORLD) failed
PMPI_Send(143).................: 
MPIR_Wait_impl(41).............: 
MPID_Progress_wait(184)........: 
MPIDI_Progress_test(80)........: 
MPIDI_OFI_handle_cq_error(1059): OFI poll failed (ofi_events.c:1061:MPIDI_OFI_handle_cq_error:Input/output error - remote access error)

aborting job:
Fatal error in PMPI_Send: Other MPI error, error stack:
PMPI_Send(163).................: MPI_Send(buf=0x149a73a00000, count=16384, dtype=0x4c000840, dest=14, tag=0, MPI_COMM_WORLD) failed
PMPI_Send(143).................: 
MPIR_Wait_impl(41).............: 
MPID_Progress_wait(184)........: 
MPIDI_Progress_test(80)........: 
MPIDI_OFI_handle_cq_error(1059): OFI poll failed (ofi_events.c:1061:MPIDI_OFI_handle_cq_error:Input/output error - remote access error)
MPICH ERROR [Rank 7] [job id 00c1952e-83a6-4433-8541-b6f5c96405e8] [Thu Aug  3 06:14:00 2023] [x3002c0s31b0n0] - Abort(69851535) (rank 7 in comm 0): Fatal error in PMPI_Send: Other MPI error, error stack:
PMPI_Send(163).................: MPI_Send(buf=0x14ecc3a00000, count=16384, dtype=0x4c000840, dest=11, tag=0, MPI_COMM_WORLD) failed
PMPI_Send(143).................: 
MPIR_Wait_impl(41).............: 
MPID_Progress_wait(184)........: 
MPIDI_Progress_test(80)........: 
MPIDI_OFI_handle_cq_error(1059): OFI poll failed (ofi_events.c:1061:MPIDI_OFI_handle_cq_error:Input/output error - remote access error)

aborting job:
Fatal error in PMPI_Send: Other MPI error, error stack:
PMPI_Send(163).................: MPI_Send(buf=0x14ecc3a00000, count=16384, dtype=0x4c000840, dest=11, tag=0, MPI_COMM_WORLD) failed
PMPI_Send(143).................: 
MPIR_Wait_impl(41).............: 
MPID_Progress_wait(184)........: 
MPIDI_Progress_test(80)........: 
MPIDI_OFI_handle_cq_error(1059): OFI poll failed (ofi_events.c:1061:MPIDI_OFI_handle_cq_error:Input/output error - remote access error)
MPICH ERROR [Rank 11] [job id 00c1952e-83a6-4433-8541-b6f5c96405e8] [Thu Aug  3 06:14:00 2023] [x3002c0s31b1n0] - Abort(740940175) (rank 11 in comm 0): Fatal error in PMPI_Send: Other MPI error, error stack:
PMPI_Send(163).................: MPI_Send(buf=0x14a973a00000, count=16384, dtype=0x4c000840, dest=15, tag=0, MPI_COMM_WORLD) failed
PMPI_Send(143).................: 
MPIR_Wait_impl(41).............: 
MPID_Progress_wait(184)........: 
MPIDI_Progress_test(80)........: 
MPIDI_OFI_handle_cq_error(1059): OFI poll failed (ofi_events.c:1061:MPIDI_OFI_handle_cq_error:Input/output error - remote access error)

aborting job:
Fatal error in PMPI_Send: Other MPI error, error stack:
PMPI_Send(163).................: MPI_Send(buf=0x14a973a00000, count=16384, dtype=0x4c000840, dest=15, tag=0, MPI_COMM_WORLD) failed
PMPI_Send(143).................: 
MPIR_Wait_impl(41).............: 
MPID_Progress_wait(184)........: 
MPIDI_Progress_test(80)........: 
MPIDI_OFI_handle_cq_error(1059): OFI poll failed (ofi_events.c:1061:MPIDI_OFI_handle_cq_error:Input/output error - remote access error)
MPICH ERROR [Rank 14] [job id 00c1952e-83a6-4433-8541-b6f5c96405e8] [Thu Aug  3 06:14:00 2023] [x3002c0s37b0n0] - Abort(69851535) (rank 14 in comm 0): Fatal error in PMPI_Send: Other MPI error, error stack:
PMPI_Send(163).................: MPI_Send(buf=0x145a53a00000, count=16384, dtype=0x4c000840, dest=2, tag=0, MPI_COMM_WORLD) failed
PMPI_Send(143).................: 
MPIR_Wait_impl(41).............: 
MPID_Progress_wait(184)........: 
MPIDI_Progress_test(80)........: 
MPIDI_OFI_handle_cq_error(1059): OFI poll failed (ofi_events.c:1061:MPIDI_OFI_handle_cq_error:Input/output error - remote access error)

aborting job:
Fatal error in PMPI_Send: Other MPI error, error stack:
PMPI_Send(163).................: MPI_Send(buf=0x145a53a00000, count=16384, dtype=0x4c000840, dest=2, tag=0, MPI_COMM_WORLD) failed
PMPI_Send(143).................: 
MPIR_Wait_impl(41).............: 
MPID_Progress_wait(184)........: 
MPIDI_Progress_test(80)........: 
MPIDI_OFI_handle_cq_error(1059): OFI poll failed (ofi_events.c:1061:MPIDI_OFI_handle_cq_error:Input/output error - remote access error)
MPICH ERROR [Rank 4] [job id 00c1952e-83a6-4433-8541-b6f5c96405e8] [Thu Aug  3 06:14:00 2023] [x3002c0s31b0n0] - Abort(136960399) (rank 4 in comm 0): Fatal error in PMPI_Send: Other MPI error, error stack:
PMPI_Send(163).................: MPI_Send(buf=0x146baba00000, count=17408, dtype=0x4c000840, dest=8, tag=0, MPI_COMM_WORLD) failed
PMPI_Send(143).................: 
MPIR_Wait_impl(41).............: 
MPID_Progress_wait(184)........: 
MPIDI_Progress_test(80)........: 
MPIDI_OFI_handle_cq_error(1059): OFI poll failed (ofi_events.c:1061:MPIDI_OFI_handle_cq_error:Input/output error - remote access error)

aborting job:
Fatal error in PMPI_Send: Other MPI error, error stack:
PMPI_Send(163).................: MPI_Send(buf=0x146baba00000, count=17408, dtype=0x4c000840, dest=8, tag=0, MPI_COMM_WORLD) failed
PMPI_Send(143).................: 
MPIR_Wait_impl(41).............: 
MPID_Progress_wait(184)........: 
MPIDI_Progress_test(80)........: 
MPIDI_OFI_handle_cq_error(1059): OFI poll failed (ofi_events.c:1061:MPIDI_OFI_handle_cq_error:Input/output error - remote access error)
MPICH ERROR [Rank 5] [job id 00c1952e-83a6-4433-8541-b6f5c96405e8] [Thu Aug  3 06:14:00 2023] [x3002c0s31b0n0] - Abort(338286991) (rank 5 in comm 0): Fatal error in PMPI_Send: Other MPI error, error stack:
PMPI_Send(163).................: MPI_Send(buf=0x1530d3a00000, count=16384, dtype=0x4c000840, dest=9, tag=0, MPI_COMM_WORLD) failed
PMPI_Send(143).................: 
MPIR_Wait_impl(41).............: 
MPID_Progress_wait(184)........: 
MPIDI_Progress_test(80)........: 
MPIDI_OFI_handle_cq_error(1059): OFI poll failed (ofi_events.c:1061:MPIDI_OFI_handle_cq_error:Input/output error - remote access error)

aborting job:
Fatal error in PMPI_Send: Other MPI error, error stack:
PMPI_Send(163).................: MPI_Send(buf=0x1530d3a00000, count=16384, dtype=0x4c000840, dest=9, tag=0, MPI_COMM_WORLD) failed
PMPI_Send(143).................: 
MPIR_Wait_impl(41).............: 
MPID_Progress_wait(184)........: 
MPIDI_Progress_test(80)........: 
MPIDI_OFI_handle_cq_error(1059): OFI poll failed (ofi_events.c:1061:MPIDI_OFI_handle_cq_error:Input/output error - remote access error)
MPICH ERROR [Rank 9] [job id 00c1952e-83a6-4433-8541-b6f5c96405e8] [Thu Aug  3 06:14:00 2023] [x3002c0s31b1n0] - Abort(606722447) (rank 9 in comm 0): Fatal error in PMPI_Send: Other MPI error, error stack:
PMPI_Send(163).................: MPI_Send(buf=0x149263a00000, count=16384, dtype=0x4c000840, dest=13, tag=0, MPI_COMM_WORLD) failed
PMPI_Send(143).................: 
MPIR_Wait_impl(41).............: 
MPID_Progress_wait(184)........: 
MPIDI_Progress_test(80)........: 
MPIDI_OFI_handle_cq_error(1059): OFI poll failed (ofi_events.c:1061:MPIDI_OFI_handle_cq_error:Input/output error - remote access error)

aborting job:
Fatal error in PMPI_Send: Other MPI error, error stack:
PMPI_Send(163).................: MPI_Send(buf=0x149263a00000, count=16384, dtype=0x4c000840, dest=13, tag=0, MPI_COMM_WORLD) failed
PMPI_Send(143).................: 
MPIR_Wait_impl(41).............: 
MPID_Progress_wait(184)........: 
MPIDI_Progress_test(80)........: 
MPIDI_OFI_handle_cq_error(1059): OFI poll failed (ofi_events.c:1061:MPIDI_OFI_handle_cq_error:Input/output error - remote access error)
MPICH ERROR [Rank 3] [job id 00c1952e-83a6-4433-8541-b6f5c96405e8] [Thu Aug  3 06:14:00 2023] [x3002c0s25b1n0] - Abort(338286991) (rank 3 in comm 0): Fatal error in PMPI_Send: Other MPI error, error stack:
PMPI_Send(163).................: MPI_Send(buf=0x14db5ba00000, count=16384, dtype=0x4c000840, dest=7, tag=0, MPI_COMM_WORLD) failed
PMPI_Send(143).................: 
MPIR_Wait_impl(41).............: 
MPID_Progress_wait(184)........: 
MPIDI_Progress_test(80)........: 
MPIDI_OFI_handle_cq_error(1059): OFI poll failed (ofi_events.c:1061:MPIDI_OFI_handle_cq_error:Input/output error - remote access error)

aborting job:
Fatal error in PMPI_Send: Other MPI error, error stack:
PMPI_Send(163).................: MPI_Send(buf=0x14db5ba00000, count=16384, dtype=0x4c000840, dest=7, tag=0, MPI_COMM_WORLD) failed
PMPI_Send(143).................: 
MPIR_Wait_impl(41).............: 
MPID_Progress_wait(184)........: 
MPIDI_Progress_test(80)........: 
MPIDI_OFI_handle_cq_error(1059): OFI poll failed (ofi_events.c:1061:MPIDI_OFI_handle_cq_error:Input/output error - remote access error)
MPICH ERROR [Rank 15] [job id 00c1952e-83a6-4433-8541-b6f5c96405e8] [Thu Aug  3 06:14:00 2023] [x3002c0s37b0n0] - Abort(875157903) (rank 15 in comm 0): Fatal error in PMPI_Send: Other MPI error, error stack:
PMPI_Send(163).................: MPI_Send(buf=0x1487dfa00000, count=16384, dtype=0x4c000840, dest=3, tag=0, MPI_COMM_WORLD) failed
PMPI_Send(143).................: 
MPIR_Wait_impl(41).............: 
MPID_Progress_wait(184)........: 
MPIDI_Progress_test(80)........: 
MPIDI_OFI_handle_cq_error(1059): OFI poll failed (ofi_events.c:1061:MPIDI_OFI_handle_cq_error:Input/output error - remote access error)

aborting job:
Fatal error in PMPI_Send: Other MPI error, error stack:
PMPI_Send(163).................: MPI_Send(buf=0x1487dfa00000, count=16384, dtype=0x4c000840, dest=3, tag=0, MPI_COMM_WORLD) failed
PMPI_Send(143).................: 
MPIR_Wait_impl(41).............: 
MPID_Progress_wait(184)........: 
MPIDI_Progress_test(80)........: 
MPIDI_OFI_handle_cq_error(1059): OFI poll failed (ofi_events.c:1061:MPIDI_OFI_handle_cq_error:Input/output error - remote access error)
MPICH ERROR [Rank 13] [job id 00c1952e-83a6-4433-8541-b6f5c96405e8] [Thu Aug  3 06:14:00 2023] [x3002c0s37b0n0] - Abort(338286991) (rank 13 in comm 0): Fatal error in PMPI_Send: Other MPI error, error stack:
PMPI_Send(163).................: MPI_Send(buf=0x1477b3a00000, count=16384, dtype=0x4c000840, dest=1, tag=0, MPI_COMM_WORLD) failed
PMPI_Send(143).................: 
MPIR_Wait_impl(41).............: 
MPID_Progress_wait(184)........: 
MPIDI_Progress_test(80)........: 
MPIDI_OFI_handle_cq_error(1059): OFI poll failed (ofi_events.c:1061:MPIDI_OFI_handle_cq_error:Input/output error - remote access error)

aborting job:
Fatal error in PMPI_Send: Other MPI error, error stack:
PMPI_Send(163).................: MPI_Send(buf=0x1477b3a00000, count=16384, dtype=0x4c000840, dest=1, tag=0, MPI_COMM_WORLD) failed
PMPI_Send(143).................: 
MPIR_Wait_impl(41).............: 
MPID_Progress_wait(184)........: 
MPIDI_Progress_test(80)........: 
MPIDI_OFI_handle_cq_error(1059): OFI poll failed (ofi_events.c:1061:MPIDI_OFI_handle_cq_error:Input/output error - remote access error)
MPICH ERROR [Rank 1] [job id 00c1952e-83a6-4433-8541-b6f5c96405e8] [Thu Aug  3 06:14:00 2023] [x3002c0s25b1n0] - Abort(338286991) (rank 1 in comm 0): Fatal error in PMPI_Send: Other MPI error, error stack:
PMPI_Send(163).................: MPI_Send(buf=0x14d263a00000, count=16384, dtype=0x4c000840, dest=5, tag=0, MPI_COMM_WORLD) failed
PMPI_Send(143).................: 
MPIR_Wait_impl(41).............: 
MPID_Progress_wait(184)........: 
MPIDI_Progress_test(80)........: 
MPIDI_OFI_handle_cq_error(1059): OFI poll failed (ofi_events.c:1061:MPIDI_OFI_handle_cq_error:Input/output error - remote access error)

aborting job:
Fatal error in PMPI_Send: Other MPI error, error stack:
PMPI_Send(163).................: MPI_Send(buf=0x14d263a00000, count=16384, dtype=0x4c000840, dest=5, tag=0, MPI_COMM_WORLD) failed
PMPI_Send(143).................: 
MPIR_Wait_impl(41).............: 
MPID_Progress_wait(184)........: 
MPIDI_Progress_test(80)........: 
MPIDI_OFI_handle_cq_error(1059): OFI poll failed (ofi_events.c:1061:MPIDI_OFI_handle_cq_error:Input/output error - remote access error)
MPICH ERROR [Rank 0] [job id 00c1952e-83a6-4433-8541-b6f5c96405e8] [Thu Aug  3 06:14:00 2023] [x3002c0s25b1n0] - Abort(1009375631) (rank 0 in comm 0): Fatal error in PMPI_Send: Other MPI error, error stack:
PMPI_Send(163).................: MPI_Send(buf=0x145bb3a00000, count=17408, dtype=0x4c000840, dest=4, tag=0, MPI_COMM_WORLD) failed
PMPI_Send(143).................: 
MPIR_Wait_impl(41).............: 
MPID_Progress_wait(184)........: 
MPIDI_Progress_test(80)........: 
MPIDI_OFI_handle_cq_error(1059): OFI poll failed (ofi_events.c:1061:MPIDI_OFI_handle_cq_error:Input/output error - remote access error)

aborting job:
Fatal error in PMPI_Send: Other MPI error, error stack:
PMPI_Send(163).................: MPI_Send(buf=0x145bb3a00000, count=17408, dtype=0x4c000840, dest=4, tag=0, MPI_COMM_WORLD) failed
PMPI_Send(143).................: 
MPIR_Wait_impl(41).............: 
MPID_Progress_wait(184)........: 
MPIDI_Progress_test(80)........: 
MPIDI_OFI_handle_cq_error(1059): OFI poll failed (ofi_events.c:1061:MPIDI_OFI_handle_cq_error:Input/output error - remote access error)
MPICH ERROR [Rank 12] [job id 00c1952e-83a6-4433-8541-b6f5c96405e8] [Thu Aug  3 06:14:00 2023] [x3002c0s37b0n0] - Abort(136960399) (rank 12 in comm 0): Fatal error in PMPI_Send: Other MPI error, error stack:
PMPI_Send(163).................: MPI_Send(buf=0x14ee81a00000, count=17408, dtype=0x4c000840, dest=0, tag=0, MPI_COMM_WORLD) failed
PMPI_Send(143).................: 
MPIR_Wait_impl(41).............: 
MPID_Progress_wait(184)........: 
MPIDI_Progress_test(80)........: 
MPIDI_OFI_handle_cq_error(1059): OFI poll failed (ofi_events.c:1061:MPIDI_OFI_handle_cq_error:Input/output error - remote access error)

aborting job:
Fatal error in PMPI_Send: Other MPI error, error stack:
PMPI_Send(163).................: MPI_Send(buf=0x14ee81a00000, count=17408, dtype=0x4c000840, dest=0, tag=0, MPI_COMM_WORLD) failed
PMPI_Send(143).................: 
MPIR_Wait_impl(41).............: 
MPID_Progress_wait(184)........: 
MPIDI_Progress_test(80)........: 
MPIDI_OFI_handle_cq_error(1059): OFI poll failed (ofi_events.c:1061:MPIDI_OFI_handle_cq_error:Input/output error - remote access error)
MPICH ERROR [Rank 8] [job id 00c1952e-83a6-4433-8541-b6f5c96405e8] [Thu Aug  3 06:14:00 2023] [x3002c0s31b1n0] - Abort(1009375631) (rank 8 in comm 0): Fatal error in PMPI_Send: Other MPI error, error stack:
PMPI_Send(163).................: MPI_Send(buf=0x14fd03a00000, count=17408, dtype=0x4c000840, dest=12, tag=0, MPI_COMM_WORLD) failed
PMPI_Send(143).................: 
MPIR_Wait_impl(41).............: 
MPID_Progress_wait(184)........: 
MPIDI_Progress_test(80)........: 
MPIDI_OFI_handle_cq_error(1059): OFI poll failed (ofi_events.c:1061:MPIDI_OFI_handle_cq_error:Input/output error - remote access error)

aborting job:
Fatal error in PMPI_Send: Other MPI error, error stack:
PMPI_Send(163).................: MPI_Send(buf=0x14fd03a00000, count=17408, dtype=0x4c000840, dest=12, tag=0, MPI_COMM_WORLD) failed
PMPI_Send(143).................: 
MPIR_Wait_impl(41).............: 
MPID_Progress_wait(184)........: 
MPIDI_Progress_test(80)........: 
MPIDI_OFI_handle_cq_error(1059): OFI poll failed (ofi_events.c:1061:MPIDI_OFI_handle_cq_error:Input/output error - remote access error)
x3002c0s25b1n0.hsn.cm.polaris.alcf.anl.gov: rank 2 exited with code 255
