time=0.155165 0/2 /pressio/roibin/background/fpzip:fpzip:has_header <int32> = 0
/pressio/roibin/background/fpzip:fpzip:metric <char*> = "noop"
/pressio/roibin/background/fpzip:fpzip:prec <int32> = 0
/pressio/roibin/background/fpzip:metrics:copy_compressor_results <int32> = 1
/pressio/roibin/background/fpzip:metrics:errors_fatal <int32> = 1
/pressio/roibin/background/fpzip:pressio:metric <char*> = "noop"
/pressio/roibin/background:binning:compressor <char*> = "fpzip"
/pressio/roibin/background:binning:metric <char*> = "noop"
/pressio/roibin/background:binning:nthreads <uint32> = 3
/pressio/roibin/background:binning:shape <data> = data{ type=double dims={3, } has_data=[2, 2, 1, ]}
/pressio/roibin/background:metrics:copy_compressor_results <int32> = 1
/pressio/roibin/background:metrics:errors_fatal <int32> = 1
/pressio/roibin/background:pressio:metric <char*> = "noop"
/pressio/roibin/background:pressio:nthreads <uint32> = 3
/pressio/roibin/roi:fpzip:has_header <int32> = 0
/pressio/roibin/roi:fpzip:metric <char*> = "noop"
/pressio/roibin/roi:fpzip:prec <int32> = 0
/pressio/roibin/roi:metrics:copy_compressor_results <int32> = 1
/pressio/roibin/roi:metrics:errors_fatal <int32> = 1
/pressio/roibin/roi:pressio:metric <char*> = "noop"
/pressio/roibin:metrics:copy_compressor_results <int32> = 1
/pressio/roibin:metrics:errors_fatal <int32> = 1
/pressio/roibin:pressio:metric <char*> = "noop"
/pressio/roibin:pressio:nthreads <uint32> = 1
/pressio/roibin:roibin:background <char*> = "binning"
/pressio/roibin:roibin:centers <data> = data{ type=uint64_t dims={} has_data=false}
/pressio/roibin:roibin:metric <char*> = "noop"
/pressio/roibin:roibin:nthreads <uint32> = 1
/pressio/roibin:roibin:roi <char*> = "fpzip"
/pressio/roibin:roibin:roi_size <data> = data{ type=double dims={3, } has_data=[8, 8, 0, ]}
/pressio/roibin:roibin:roi_strategy <char*> = "coordinates"
/pressio:metrics:copy_compressor_results <int32> = 1
/pressio:metrics:errors_fatal <int32> = 1
/pressio:pressio:bound_name <char*> = <empty>
/pressio:pressio:compressor <char*> = "roibin"
/pressio:pressio:metric <char*> = "noop"
/pressio:pressio:reset_mode <bool> = <empty>

time=0.155228 0/2 global data_dims{130, 1480, 1552}
time=0.155234 0/2 global peakx_dims{130, 2048}
time=0.155238 0/2 global peaky_dims{130, 2048}
time=0.155243 0/2 global npeaks{130}
time=0.155251 0/2 processing 0 2
time=0.737988 0/2 processing 2 4
time=1.6148 0/2 processing 4 6
time=2.49149 0/2 processing 6 8
time=3.21598 0/2 processing 8 10
time=4.02588 0/2 processing 10 12
time=4.75255 0/2 processing 12 14
time=5.30703 0/2 processing 14 16
time=5.8768 0/2 processing 16 18
time=6.90312 0/2 processing 18 20
time=7.68534 0/2 processing 20 22
time=8.43635 0/2 processing 22 24
time=9.1908 0/2 processing 24 26
time=9.94945 0/2 processing 26 28
time=10.7012 0/2 processing 28 30
time=11.615 0/2 processing 30 32
time=12.6468 0/2 processing 32 34
time=13.3517 0/2 processing 34 36
time=14.2117 0/2 processing 36 38
time=14.9403 0/2 processing 38 40
time=15.8712 0/2 processing 40 42
time=16.6347 0/2 processing 42 44
time=17.5254 0/2 processing 44 46
time=18.4868 0/2 processing 46 48
time=19.9604 0/2 processing 48 50
time=20.6637 0/2 processing 50 52
time=21.4108 0/2 processing 52 54
time=21.9704 0/2 processing 54 56
time=22.6748 0/2 processing 56 58
time=23.4673 0/2 processing 58 60
time=24.1312 0/2 processing 60 62
time=24.9269 0/2 processing 62 64
time=25.6338 0/2 processing 64 66
time=26.5828 0/2 processing 66 68
time=27.5884 0/2 processing 68 70
time=28.5348 0/2 processing 70 72
time=29.2617 0/2 processing 72 74
time=30.5308 0/2 processing 74 76
time=31.328 0/2 processing 76 78
time=31.9083 0/2 processing 78 80
time=32.7121 0/2 processing 80 82
time=33.1588 0/2 processing 82 84
time=33.8388 0/2 processing 84 86
time=34.3486 0/2 processing 86 88
time=34.9015 0/2 processing 88 90
time=35.6468 0/2 processing 90 92
time=36.4388 0/2 processing 92 94
time=37.11 0/2 processing 94 96
time=37.8778 0/2 processing 96 98
time=38.165 0/2 processing 98 100
time=38.8764 0/2 processing 100 102
time=39.5365 0/2 processing 102 104
time=40.1997 0/2 processing 104 106
time=40.9607 0/2 processing 106 108
time=41.868 0/2 processing 108 110
time=42.5361 0/2 processing 110 112
time=42.9977 0/2 processing 112 114
time=43.7755 0/2 processing 114 116
time=44.5551 0/2 processing 116 118
time=45.3799 0/2 processing 118 120
time=46.1031 0/2 processing 120 122
time=46.8845 0/2 processing 122 124
time=47.4384 0/2 processing 124 126
time=48.5309 0/2 processing 126 128
time=49.5148 0/2 processing 128 130
global_cr=4.80803
wallclock_ms=50052
compress_ms=8377
compress_bandwidth_GBps=0.142583
wallclock_bandwidth_GBps=0.0238636
