.//tmp_files/4660.sh: line 3: 100439 Segmentation fault      speed3d_r2c fftw double 256 256 256 -no-reorder -a2av -pencils -r2c_dir 1 -ingrid 16 16 4 -outgrid 1024 1 1
[NID 00240] 2023-07-01 11:06:48 Apid 28414991: initiated application termination
.//tmp_files/4660.sh: line 3: 92442 Segmentation fault      speed3d_r2c fftw double 256 256 256 -no-reorder -a2av -pencils -r2c_dir 1 -ingrid 16 16 4 -outgrid 1024 1 1
.//tmp_files/4660.sh: line 3: 92409 Segmentation fault      speed3d_r2c fftw double 256 256 256 -no-reorder -a2av -pencils -r2c_dir 1 -ingrid 16 16 4 -outgrid 1024 1 1
.//tmp_files/4660.sh: line 3: 92367 Segmentation fault      speed3d_r2c fftw double 256 256 256 -no-reorder -a2av -pencils -r2c_dir 1 -ingrid 16 16 4 -outgrid 1024 1 1
.//tmp_files/4660.sh: line 3: 92400 Segmentation fault      speed3d_r2c fftw double 256 256 256 -no-reorder -a2av -pencils -r2c_dir 1 -ingrid 16 16 4 -outgrid 1024 1 1
.//tmp_files/4660.sh: line 3: 89816 Segmentation fault      speed3d_r2c fftw double 256 256 256 -no-reorder -a2av -pencils -r2c_dir 1 -ingrid 16 16 4 -outgrid 1024 1 1
.//tmp_files/4660.sh: line 3: 92395 Segmentation fault      speed3d_r2c fftw double 256 256 256 -no-reorder -a2av -pencils -r2c_dir 1 -ingrid 16 16 4 -outgrid 1024 1 1
.//tmp_files/4660.sh: line 3: 92380 Segmentation fault      speed3d_r2c fftw double 256 256 256 -no-reorder -a2av -pencils -r2c_dir 1 -ingrid 16 16 4 -outgrid 1024 1 1
.//tmp_files/4660.sh: line 3: 89835 Segmentation fault      speed3d_r2c fftw double 256 256 256 -no-reorder -a2av -pencils -r2c_dir 1 -ingrid 16 16 4 -outgrid 1024 1 1
.//tmp_files/4660.sh: line 3: 89764 Segmentation fault      speed3d_r2c fftw double 256 256 256 -no-reorder -a2av -pencils -r2c_dir 1 -ingrid 16 16 4 -outgrid 1024 1 1
.//tmp_files/4660.sh: line 3: 89771 Segmentation fault      speed3d_r2c fftw double 256 256 256 -no-reorder -a2av -pencils -r2c_dir 1 -ingrid 16 16 4 -outgrid 1024 1 1
.//tmp_files/4660.sh: line 3: 89792 Segmentation fault      speed3d_r2c fftw double 256 256 256 -no-reorder -a2av -pencils -r2c_dir 1 -ingrid 16 16 4 -outgrid 1024 1 1
.//tmp_files/4660.sh: line 3: 100495 Segmentation fault      speed3d_r2c fftw double 256 256 256 -no-reorder -a2av -pencils -r2c_dir 1 -ingrid 16 16 4 -outgrid 1024 1 1
.//tmp_files/4660.sh: line 3: 100443 Segmentation fault      speed3d_r2c fftw double 256 256 256 -no-reorder -a2av -pencils -r2c_dir 1 -ingrid 16 16 4 -outgrid 1024 1 1
.//tmp_files/4660.sh: line 3: 92406 Segmentation fault      speed3d_r2c fftw double 256 256 256 -no-reorder -a2av -pencils -r2c_dir 1 -ingrid 16 16 4 -outgrid 1024 1 1
.//tmp_files/4660.sh: line 3: 92410 Segmentation fault      speed3d_r2c fftw double 256 256 256 -no-reorder -a2av -pencils -r2c_dir 1 -ingrid 16 16 4 -outgrid 1024 1 1
.//tmp_files/4660.sh: line 3: 92432 Segmentation fault      speed3d_r2c fftw double 256 256 256 -no-reorder -a2av -pencils -r2c_dir 1 -ingrid 16 16 4 -outgrid 1024 1 1
.//tmp_files/4660.sh: line 3: 92413 Segmentation fault      speed3d_r2c fftw double 256 256 256 -no-reorder -a2av -pencils -r2c_dir 1 -ingrid 16 16 4 -outgrid 1024 1 1
.//tmp_files/4660.sh: line 3: 92397 Segmentation fault      speed3d_r2c fftw double 256 256 256 -no-reorder -a2av -pencils -r2c_dir 1 -ingrid 16 16 4 -outgrid 1024 1 1
.//tmp_files/4660.sh: line 3: 100452 Segmentation fault      speed3d_r2c fftw double 256 256 256 -no-reorder -a2av -pencils -r2c_dir 1 -ingrid 16 16 4 -outgrid 1024 1 1
.//tmp_files/4660.sh: line 3: 92439 Segmentation fault      speed3d_r2c fftw double 256 256 256 -no-reorder -a2av -pencils -r2c_dir 1 -ingrid 16 16 4 -outgrid 1024 1 1
.//tmp_files/4660.sh: line 3: 92371 Segmentation fault      speed3d_r2c fftw double 256 256 256 -no-reorder -a2av -pencils -r2c_dir 1 -ingrid 16 16 4 -outgrid 1024 1 1
.//tmp_files/4660.sh: line 3: 92398 Segmentation fault      speed3d_r2c fftw double 256 256 256 -no-reorder -a2av -pencils -r2c_dir 1 -ingrid 16 16 4 -outgrid 1024 1 1
.//tmp_files/4660.sh: line 3: 92390 Segmentation fault      speed3d_r2c fftw double 256 256 256 -no-reorder -a2av -pencils -r2c_dir 1 -ingrid 16 16 4 -outgrid 1024 1 1
.//tmp_files/4660.sh: line 3: 99976 Segmentation fault      speed3d_r2c fftw double 256 256 256 -no-reorder -a2av -pencils -r2c_dir 1 -ingrid 16 16 4 -outgrid 1024 1 1
.//tmp_files/4660.sh: line 3: 99977 Segmentation fault      speed3d_r2c fftw double 256 256 256 -no-reorder -a2av -pencils -r2c_dir 1 -ingrid 16 16 4 -outgrid 1024 1 1
.//tmp_files/4660.sh: line 3: 99949 Segmentation fault      speed3d_r2c fftw double 256 256 256 -no-reorder -a2av -pencils -r2c_dir 1 -ingrid 16 16 4 -outgrid 1024 1 1
.//tmp_files/4660.sh: line 3: 99938 Segmentation fault      speed3d_r2c fftw double 256 256 256 -no-reorder -a2av -pencils -r2c_dir 1 -ingrid 16 16 4 -outgrid 1024 1 1
.//tmp_files/4660.sh: line 3: 89811 Segmentation fault      speed3d_r2c fftw double 256 256 256 -no-reorder -a2av -pencils -r2c_dir 1 -ingrid 16 16 4 -outgrid 1024 1 1
.//tmp_files/4660.sh: line 3: 92430 Segmentation fault      speed3d_r2c fftw double 256 256 256 -no-reorder -a2av -pencils -r2c_dir 1 -ingrid 16 16 4 -outgrid 1024 1 1
.//tmp_files/4660.sh: line 3: 99933 Segmentation fault      speed3d_r2c fftw double 256 256 256 -no-reorder -a2av -pencils -r2c_dir 1 -ingrid 16 16 4 -outgrid 1024 1 1
.//tmp_files/4660.sh: line 3: 99924 Segmentation fault      speed3d_r2c fftw double 256 256 256 -no-reorder -a2av -pencils -r2c_dir 1 -ingrid 16 16 4 -outgrid 1024 1 1
.//tmp_files/4660.sh: line 3: 87261 Segmentation fault      speed3d_r2c fftw double 256 256 256 -no-reorder -a2av -pencils -r2c_dir 1 -ingrid 16 16 4 -outgrid 1024 1 1
.//tmp_files/4660.sh: line 3: 100460 Segmentation fault      speed3d_r2c fftw double 256 256 256 -no-reorder -a2av -pencils -r2c_dir 1 -ingrid 16 16 4 -outgrid 1024 1 1
.//tmp_files/4660.sh: line 3: 99923 Segmentation fault      speed3d_r2c fftw double 256 256 256 -no-reorder -a2av -pencils -r2c_dir 1 -ingrid 16 16 4 -outgrid 1024 1 1
.//tmp_files/4660.sh: line 3: 100455 Segmentation fault      speed3d_r2c fftw double 256 256 256 -no-reorder -a2av -pencils -r2c_dir 1 -ingrid 16 16 4 -outgrid 1024 1 1
.//tmp_files/4660.sh: line 3: 100451 Segmentation fault      speed3d_r2c fftw double 256 256 256 -no-reorder -a2av -pencils -r2c_dir 1 -ingrid 16 16 4 -outgrid 1024 1 1
.//tmp_files/4660.sh: line 3: 100493 Segmentation fault      speed3d_r2c fftw double 256 256 256 -no-reorder -a2av -pencils -r2c_dir 1 -ingrid 16 16 4 -outgrid 1024 1 1
.//tmp_files/4660.sh: line 3: 100494 Segmentation fault      speed3d_r2c fftw double 256 256 256 -no-reorder -a2av -pencils -r2c_dir 1 -ingrid 16 16 4 -outgrid 1024 1 1
.//tmp_files/4660.sh: line 3: 100438 Segmentation fault      speed3d_r2c fftw double 256 256 256 -no-reorder -a2av -pencils -r2c_dir 1 -ingrid 16 16 4 -outgrid 1024 1 1
.//tmp_files/4660.sh: line 3: 100447 Segmentation fault      speed3d_r2c fftw double 256 256 256 -no-reorder -a2av -pencils -r2c_dir 1 -ingrid 16 16 4 -outgrid 1024 1 1
.//tmp_files/4660.sh: line 3: 100465 Segmentation fault      speed3d_r2c fftw double 256 256 256 -no-reorder -a2av -pencils -r2c_dir 1 -ingrid 16 16 4 -outgrid 1024 1 1
.//tmp_files/4660.sh: line 3: 100468 Segmentation fault      speed3d_r2c fftw double 256 256 256 -no-reorder -a2av -pencils -r2c_dir 1 -ingrid 16 16 4 -outgrid 1024 1 1
.//tmp_files/4660.sh: line 3: 84656 Segmentation fault      speed3d_r2c fftw double 256 256 256 -no-reorder -a2av -pencils -r2c_dir 1 -ingrid 16 16 4 -outgrid 1024 1 1
.//tmp_files/4660.sh: line 3: 84590 Segmentation fault      speed3d_r2c fftw double 256 256 256 -no-reorder -a2av -pencils -r2c_dir 1 -ingrid 16 16 4 -outgrid 1024 1 1
.//tmp_files/4660.sh: line 3: 84606 Segmentation fault      speed3d_r2c fftw double 256 256 256 -no-reorder -a2av -pencils -r2c_dir 1 -ingrid 16 16 4 -outgrid 1024 1 1
.//tmp_files/4660.sh: line 3: 89123 Segmentation fault      speed3d_r2c fftw double 256 256 256 -no-reorder -a2av -pencils -r2c_dir 1 -ingrid 16 16 4 -outgrid 1024 1 1
.//tmp_files/4660.sh: line 3: 89069 Segmentation fault      speed3d_r2c fftw double 256 256 256 -no-reorder -a2av -pencils -r2c_dir 1 -ingrid 16 16 4 -outgrid 1024 1 1
.//tmp_files/4660.sh: line 3: 92372 Segmentation fault      speed3d_r2c fftw double 256 256 256 -no-reorder -a2av -pencils -r2c_dir 1 -ingrid 16 16 4 -outgrid 1024 1 1
.//tmp_files/4660.sh: line 3: 92389 Segmentation fault      speed3d_r2c fftw double 256 256 256 -no-reorder -a2av -pencils -r2c_dir 1 -ingrid 16 16 4 -outgrid 1024 1 1
.//tmp_files/4660.sh: line 3: 92394 Segmentation fault      speed3d_r2c fftw double 256 256 256 -no-reorder -a2av -pencils -r2c_dir 1 -ingrid 16 16 4 -outgrid 1024 1 1
.//tmp_files/4660.sh: line 3: 92444 Segmentation fault      speed3d_r2c fftw double 256 256 256 -no-reorder -a2av -pencils -r2c_dir 1 -ingrid 16 16 4 -outgrid 1024 1 1
.//tmp_files/4660.sh: line 3: 92374 Segmentation fault      speed3d_r2c fftw double 256 256 256 -no-reorder -a2av -pencils -r2c_dir 1 -ingrid 16 16 4 -outgrid 1024 1 1
.//tmp_files/4660.sh: line 3: 89121 Segmentation fault      speed3d_r2c fftw double 256 256 256 -no-reorder -a2av -pencils -r2c_dir 1 -ingrid 16 16 4 -outgrid 1024 1 1
.//tmp_files/4660.sh: line 3: 92373 Segmentation fault      speed3d_r2c fftw double 256 256 256 -no-reorder -a2av -pencils -r2c_dir 1 -ingrid 16 16 4 -outgrid 1024 1 1
.//tmp_files/4660.sh: line 3: 100444 Segmentation fault      speed3d_r2c fftw double 256 256 256 -no-reorder -a2av -pencils -r2c_dir 1 -ingrid 16 16 4 -outgrid 1024 1 1
.//tmp_files/4660.sh: line 3: 100440 Segmentation fault      speed3d_r2c fftw double 256 256 256 -no-reorder -a2av -pencils -r2c_dir 1 -ingrid 16 16 4 -outgrid 1024 1 1
.//tmp_files/4660.sh: line 3: 100467 Segmentation fault      speed3d_r2c fftw double 256 256 256 -no-reorder -a2av -pencils -r2c_dir 1 -ingrid 16 16 4 -outgrid 1024 1 1
.//tmp_files/4660.sh: line 3: 100450 Segmentation fault      speed3d_r2c fftw double 256 256 256 -no-reorder -a2av -pencils -r2c_dir 1 -ingrid 16 16 4 -outgrid 1024 1 1
.//tmp_files/4660.sh: line 3: 100446 Segmentation fault      speed3d_r2c fftw double 256 256 256 -no-reorder -a2av -pencils -r2c_dir 1 -ingrid 16 16 4 -outgrid 1024 1 1
.//tmp_files/4660.sh: line 3: 100449 Segmentation fault      speed3d_r2c fftw double 256 256 256 -no-reorder -a2av -pencils -r2c_dir 1 -ingrid 16 16 4 -outgrid 1024 1 1
.//tmp_files/4660.sh: line 3: 100456 Segmentation fault      speed3d_r2c fftw double 256 256 256 -no-reorder -a2av -pencils -r2c_dir 1 -ingrid 16 16 4 -outgrid 1024 1 1
.//tmp_files/4660.sh: line 3: 92365 Segmentation fault      speed3d_r2c fftw double 256 256 256 -no-reorder -a2av -pencils -r2c_dir 1 -ingrid 16 16 4 -outgrid 1024 1 1
.//tmp_files/4660.sh: line 3: 92369 Segmentation fault      speed3d_r2c fftw double 256 256 256 -no-reorder -a2av -pencils -r2c_dir 1 -ingrid 16 16 4 -outgrid 1024 1 1
.//tmp_files/4660.sh: line 3: 92443 Segmentation fault      speed3d_r2c fftw double 256 256 256 -no-reorder -a2av -pencils -r2c_dir 1 -ingrid 16 16 4 -outgrid 1024 1 1
.//tmp_files/4660.sh: line 3: 92431 Segmentation fault      speed3d_r2c fftw double 256 256 256 -no-reorder -a2av -pencils -r2c_dir 1 -ingrid 16 16 4 -outgrid 1024 1 1
.//tmp_files/4660.sh: line 3: 92440 Segmentation fault      speed3d_r2c fftw double 256 256 256 -no-reorder -a2av -pencils -r2c_dir 1 -ingrid 16 16 4 -outgrid 1024 1 1
.//tmp_files/4660.sh: line 3: 100461 Segmentation fault      speed3d_r2c fftw double 256 256 256 -no-reorder -a2av -pencils -r2c_dir 1 -ingrid 16 16 4 -outgrid 1024 1 1
.//tmp_files/4660.sh: line 3: 100430 Segmentation fault      speed3d_r2c fftw double 256 256 256 -no-reorder -a2av -pencils -r2c_dir 1 -ingrid 16 16 4 -outgrid 1024 1 1
.//tmp_files/4660.sh: line 3: 100434 Segmentation fault      speed3d_r2c fftw double 256 256 256 -no-reorder -a2av -pencils -r2c_dir 1 -ingrid 16 16 4 -outgrid 1024 1 1
.//tmp_files/4660.sh: line 3: 86768 Segmentation fault      speed3d_r2c fftw double 256 256 256 -no-reorder -a2av -pencils -r2c_dir 1 -ingrid 16 16 4 -outgrid 1024 1 1
.//tmp_files/4660.sh: line 3: 100453 Segmentation fault      speed3d_r2c fftw double 256 256 256 -no-reorder -a2av -pencils -r2c_dir 1 -ingrid 16 16 4 -outgrid 1024 1 1
.//tmp_files/4660.sh: line 3: 100431 Segmentation fault      speed3d_r2c fftw double 256 256 256 -no-reorder -a2av -pencils -r2c_dir 1 -ingrid 16 16 4 -outgrid 1024 1 1
.//tmp_files/4660.sh: line 3: 100506 Segmentation fault      speed3d_r2c fftw double 256 256 256 -no-reorder -a2av -pencils -r2c_dir 1 -ingrid 16 16 4 -outgrid 1024 1 1
.//tmp_files/4660.sh: line 3: 92376 Segmentation fault      speed3d_r2c fftw double 256 256 256 -no-reorder -a2av -pencils -r2c_dir 1 -ingrid 16 16 4 -outgrid 1024 1 1
.//tmp_files/4660.sh: line 3: 92382 Segmentation fault      speed3d_r2c fftw double 256 256 256 -no-reorder -a2av -pencils -r2c_dir 1 -ingrid 16 16 4 -outgrid 1024 1 1
.//tmp_files/4660.sh: line 3: 92399 Segmentation fault      speed3d_r2c fftw double 256 256 256 -no-reorder -a2av -pencils -r2c_dir 1 -ingrid 16 16 4 -outgrid 1024 1 1
.//tmp_files/4660.sh: line 3: 90123 Segmentation fault      speed3d_r2c fftw double 256 256 256 -no-reorder -a2av -pencils -r2c_dir 1 -ingrid 16 16 4 -outgrid 1024 1 1
.//tmp_files/4660.sh: line 3: 90141 Segmentation fault      speed3d_r2c fftw double 256 256 256 -no-reorder -a2av -pencils -r2c_dir 1 -ingrid 16 16 4 -outgrid 1024 1 1
.//tmp_files/4660.sh: line 3: 90128 Segmentation fault      speed3d_r2c fftw double 256 256 256 -no-reorder -a2av -pencils -r2c_dir 1 -ingrid 16 16 4 -outgrid 1024 1 1
.//tmp_files/4660.sh: line 3: 90127 Segmentation fault      speed3d_r2c fftw double 256 256 256 -no-reorder -a2av -pencils -r2c_dir 1 -ingrid 16 16 4 -outgrid 1024 1 1
.//tmp_files/4660.sh: line 3: 90142 Segmentation fault      speed3d_r2c fftw double 256 256 256 -no-reorder -a2av -pencils -r2c_dir 1 -ingrid 16 16 4 -outgrid 1024 1 1
.//tmp_files/4660.sh: line 3: 90138 Segmentation fault      speed3d_r2c fftw double 256 256 256 -no-reorder -a2av -pencils -r2c_dir 1 -ingrid 16 16 4 -outgrid 1024 1 1
.//tmp_files/4660.sh: line 3: 90136 Segmentation fault      speed3d_r2c fftw double 256 256 256 -no-reorder -a2av -pencils -r2c_dir 1 -ingrid 16 16 4 -outgrid 1024 1 1
.//tmp_files/4660.sh: line 3: 90140 Segmentation fault      speed3d_r2c fftw double 256 256 256 -no-reorder -a2av -pencils -r2c_dir 1 -ingrid 16 16 4 -outgrid 1024 1 1
.//tmp_files/4660.sh: line 3: 90137 Segmentation fault      speed3d_r2c fftw double 256 256 256 -no-reorder -a2av -pencils -r2c_dir 1 -ingrid 16 16 4 -outgrid 1024 1 1
.//tmp_files/4660.sh: line 3: 90134 Segmentation fault      speed3d_r2c fftw double 256 256 256 -no-reorder -a2av -pencils -r2c_dir 1 -ingrid 16 16 4 -outgrid 1024 1 1
.//tmp_files/4660.sh: line 3: 90144 Segmentation fault      speed3d_r2c fftw double 256 256 256 -no-reorder -a2av -pencils -r2c_dir 1 -ingrid 16 16 4 -outgrid 1024 1 1
.//tmp_files/4660.sh: line 3: 90146 Segmentation fault      speed3d_r2c fftw double 256 256 256 -no-reorder -a2av -pencils -r2c_dir 1 -ingrid 16 16 4 -outgrid 1024 1 1
.//tmp_files/4660.sh: line 3: 89828 Segmentation fault      speed3d_r2c fftw double 256 256 256 -no-reorder -a2av -pencils -r2c_dir 1 -ingrid 16 16 4 -outgrid 1024 1 1
.//tmp_files/4660.sh: line 3: 89837 Segmentation fault      speed3d_r2c fftw double 256 256 256 -no-reorder -a2av -pencils -r2c_dir 1 -ingrid 16 16 4 -outgrid 1024 1 1
.//tmp_files/4660.sh: line 3: 89813 Segmentation fault      speed3d_r2c fftw double 256 256 256 -no-reorder -a2av -pencils -r2c_dir 1 -ingrid 16 16 4 -outgrid 1024 1 1
.//tmp_files/4660.sh: line 3: 89822 Segmentation fault      speed3d_r2c fftw double 256 256 256 -no-reorder -a2av -pencils -r2c_dir 1 -ingrid 16 16 4 -outgrid 1024 1 1
.//tmp_files/4660.sh: line 3: 89801 Segmentation fault      speed3d_r2c fftw double 256 256 256 -no-reorder -a2av -pencils -r2c_dir 1 -ingrid 16 16 4 -outgrid 1024 1 1
.//tmp_files/4660.sh: line 3: 89796 Segmentation fault      speed3d_r2c fftw double 256 256 256 -no-reorder -a2av -pencils -r2c_dir 1 -ingrid 16 16 4 -outgrid 1024 1 1
.//tmp_files/4660.sh: line 3: 89825 Segmentation fault      speed3d_r2c fftw double 256 256 256 -no-reorder -a2av -pencils -r2c_dir 1 -ingrid 16 16 4 -outgrid 1024 1 1
.//tmp_files/4660.sh: line 3: 89829 Segmentation fault      speed3d_r2c fftw double 256 256 256 -no-reorder -a2av -pencils -r2c_dir 1 -ingrid 16 16 4 -outgrid 1024 1 1
.//tmp_files/4660.sh: line 3: 92435 Segmentation fault      speed3d_r2c fftw double 256 256 256 -no-reorder -a2av -pencils -r2c_dir 1 -ingrid 16 16 4 -outgrid 1024 1 1
.//tmp_files/4660.sh: line 3: 92392 Segmentation fault      speed3d_r2c fftw double 256 256 256 -no-reorder -a2av -pencils -r2c_dir 1 -ingrid 16 16 4 -outgrid 1024 1 1
.//tmp_files/4660.sh: line 3: 92433 Segmentation fault      speed3d_r2c fftw double 256 256 256 -no-reorder -a2av -pencils -r2c_dir 1 -ingrid 16 16 4 -outgrid 1024 1 1
.//tmp_files/4660.sh: line 3: 92429 Segmentation fault      speed3d_r2c fftw double 256 256 256 -no-reorder -a2av -pencils -r2c_dir 1 -ingrid 16 16 4 -outgrid 1024 1 1
.//tmp_files/4660.sh: line 3: 92364 Segmentation fault      speed3d_r2c fftw double 256 256 256 -no-reorder -a2av -pencils -r2c_dir 1 -ingrid 16 16 4 -outgrid 1024 1 1
.//tmp_files/4660.sh: line 3: 92381 Segmentation fault      speed3d_r2c fftw double 256 256 256 -no-reorder -a2av -pencils -r2c_dir 1 -ingrid 16 16 4 -outgrid 1024 1 1
.//tmp_files/4660.sh: line 3: 92417 Segmentation fault      speed3d_r2c fftw double 256 256 256 -no-reorder -a2av -pencils -r2c_dir 1 -ingrid 16 16 4 -outgrid 1024 1 1
.//tmp_files/4660.sh: line 3: 92387 Segmentation fault      speed3d_r2c fftw double 256 256 256 -no-reorder -a2av -pencils -r2c_dir 1 -ingrid 16 16 4 -outgrid 1024 1 1
.//tmp_files/4660.sh: line 3: 92386 Segmentation fault      speed3d_r2c fftw double 256 256 256 -no-reorder -a2av -pencils -r2c_dir 1 -ingrid 16 16 4 -outgrid 1024 1 1
.//tmp_files/4660.sh: line 3: 92384 Segmentation fault      speed3d_r2c fftw double 256 256 256 -no-reorder -a2av -pencils -r2c_dir 1 -ingrid 16 16 4 -outgrid 1024 1 1
.//tmp_files/4660.sh: line 3: 92368 Segmentation fault      speed3d_r2c fftw double 256 256 256 -no-reorder -a2av -pencils -r2c_dir 1 -ingrid 16 16 4 -outgrid 1024 1 1
.//tmp_files/4660.sh: line 3: 92393 Segmentation fault      speed3d_r2c fftw double 256 256 256 -no-reorder -a2av -pencils -r2c_dir 1 -ingrid 16 16 4 -outgrid 1024 1 1
.//tmp_files/4660.sh: line 3: 92416 Segmentation fault      speed3d_r2c fftw double 256 256 256 -no-reorder -a2av -pencils -r2c_dir 1 -ingrid 16 16 4 -outgrid 1024 1 1
.//tmp_files/4660.sh: line 3: 92428 Segmentation fault      speed3d_r2c fftw double 256 256 256 -no-reorder -a2av -pencils -r2c_dir 1 -ingrid 16 16 4 -outgrid 1024 1 1
.//tmp_files/4660.sh: line 3: 92441 Segmentation fault      speed3d_r2c fftw double 256 256 256 -no-reorder -a2av -pencils -r2c_dir 1 -ingrid 16 16 4 -outgrid 1024 1 1
.//tmp_files/4660.sh: line 3: 92449 Segmentation fault      speed3d_r2c fftw double 256 256 256 -no-reorder -a2av -pencils -r2c_dir 1 -ingrid 16 16 4 -outgrid 1024 1 1
.//tmp_files/4660.sh: line 3: 92447 Segmentation fault      speed3d_r2c fftw double 256 256 256 -no-reorder -a2av -pencils -r2c_dir 1 -ingrid 16 16 4 -outgrid 1024 1 1
.//tmp_files/4660.sh: line 3: 92438 Segmentation fault      speed3d_r2c fftw double 256 256 256 -no-reorder -a2av -pencils -r2c_dir 1 -ingrid 16 16 4 -outgrid 1024 1 1
.//tmp_files/4660.sh: line 3: 92445 Segmentation fault      speed3d_r2c fftw double 256 256 256 -no-reorder -a2av -pencils -r2c_dir 1 -ingrid 16 16 4 -outgrid 1024 1 1
.//tmp_files/4660.sh: line 3: 92403 Segmentation fault      speed3d_r2c fftw double 256 256 256 -no-reorder -a2av -pencils -r2c_dir 1 -ingrid 16 16 4 -outgrid 1024 1 1
Application 28414991 exit codes: 139
Application 28414991 exit signals: Killed
Application 28414991 resources: utime ~331s, stime ~214s, Rss ~40220, inblocks ~216900, outblocks ~0
