“RANK= 0 LOCAL_RANK= 0 gpu= 3”
“RANK= 2 LOCAL_RANK= 2 gpu= 1”
“RANK= 3 LOCAL_RANK= 3 gpu= 0”
“RANK= 1 LOCAL_RANK= 1 gpu= 2”
“RANK= 4 LOCAL_RANK= 0 gpu= 3”
“RANK= 6 LOCAL_RANK= 2 gpu= 1”
“RANK= 5 LOCAL_RANK= 1 gpu= 2”
“RANK= 7 LOCAL_RANK= 3 gpu= 0”
+ '[' -z '' ']'
+ case "$-" in
+ __lmod_vx=x
+ '[' -n x ']'
Shell debugging temporarily silenced: export LMOD_SH_DBG_ON=1 for this output (/usr/share/lmod/lmod/init/bash)
+ set +x
Shell debugging restarted
+ unset __lmod_vx
+ '[' -z '' ']'
+ case "$-" in
+ __lmod_vx=x
+ '[' -n x ']'
Shell debugging temporarily silenced: export LMOD_SH_DBG_ON=1 for this output (/usr/share/lmod/lmod/init/bash)
+ set +x
+ '[' -z '' ']'
+ case "$-" in
+ __lmod_vx=x
+ '[' -n x ']'
+ set +x
+ '[' -z '' ']'
+ case "$-" in
+ __lmod_vx=x
+ '[' -n x ']'
+ set +x
+ speed3d_r2c cufft float 128 128 128 -reorder -p2p_pl -r2c_dir 0 -outgrid 4 2 1 -n5
Shell debugging temporarily silenced: export LMOD_SH_DBG_ON=1 for this output (/usr/share/lmod/lmod/init/bash)
Shell debugging temporarily silenced: export LMOD_SH_DBG_ON=1 for this output (/usr/share/lmod/lmod/init/bash)
Shell debugging restarted
+ unset __lmod_vx
+ speed3d_r2c cufft float 128 128 128 -reorder -p2p_pl -r2c_dir 0 -outgrid 4 2 1 -n5
Shell debugging restarted
+ unset __lmod_vx
Shell debugging restarted
+ unset __lmod_vx
+ speed3d_r2c cufft float 128 128 128 -reorder -p2p_pl -r2c_dir 0 -outgrid 4 2 1 -n5
+ speed3d_r2c cufft float 128 128 128 -reorder -p2p_pl -r2c_dir 0 -outgrid 4 2 1 -n5
+ '[' -z '' ']'
+ case "$-" in
+ __lmod_vx=x
Shell debugging temporarily silenced: export LMOD_SH_DBG_ON=1 for this output (/usr/share/lmod/lmod/init/bash)
+ '[' -n x ']'
+ set +x
Shell debugging temporarily silenced: export LMOD_SH_DBG_ON=1 for this output (/usr/share/lmod/lmod/init/bash)
+ '[' -z '' ']'
+ case "$-" in
+ __lmod_vx=x
+ '[' -n x ']'
+ set +x
Shell debugging restarted
+ unset __lmod_vx
Shell debugging temporarily silenced: export LMOD_SH_DBG_ON=1 for this output (/usr/share/lmod/lmod/init/bash)
+ '[' -z '' ']'
+ case "$-" in
+ __lmod_vx=x
+ '[' -n x ']'
+ set +x
Shell debugging restarted
+ unset __lmod_vx
Shell debugging restarted
+ unset __lmod_vx
Shell debugging temporarily silenced: export LMOD_SH_DBG_ON=1 for this output (/usr/share/lmod/lmod/init/bash)
+ '[' -z '' ']'
+ case "$-" in
+ __lmod_vx=x
+ '[' -n x ']'
+ set +x
Shell debugging restarted
+ unset __lmod_vx
+ speed3d_r2c cufft float 128 128 128 -reorder -p2p_pl -r2c_dir 0 -outgrid 4 2 1 -n5
+ speed3d_r2c cufft float 128 128 128 -reorder -p2p_pl -r2c_dir 0 -outgrid 4 2 1 -n5
+ speed3d_r2c cufft float 128 128 128 -reorder -p2p_pl -r2c_dir 0 -outgrid 4 2 1 -n5
+ speed3d_r2c cufft float 128 128 128 -reorder -p2p_pl -r2c_dir 0 -outgrid 4 2 1 -n5

----------------------------------------------------------------------------- 
heFFTe performance test
----------------------------------------------------------------------------- 
Backend:   cufft
Size:      128x128x128
MPI ranks:    8
Grids: (2, 2, 2)  (1, 2, 4)  (2, 1, 4)  (4, 2, 1)  -  
Time per run: 0.00139509 (s)
Performance:  157.84 GFlops/s
Memory usage: 8MB/rank
Tolerance:    0.0005
Max error:    3.09199e-06

