“RANK= 0 LOCAL_RANK= 0 gpu= 3”
“RANK= 2 LOCAL_RANK= 2 gpu= 1”
“RANK= 1 LOCAL_RANK= 1 gpu= 2”
“RANK= 3 LOCAL_RANK= 3 gpu= 0”
“RANK= 4 LOCAL_RANK= 0 gpu= 3”
“RANK= 5 LOCAL_RANK= 1 gpu= 2”
“RANK= 6 LOCAL_RANK= 2 gpu= 1”
“RANK= 7 LOCAL_RANK= 3 gpu= 0”
+ '[' -z '' ']'
+ case "$-" in
Shell debugging temporarily silenced: export LMOD_SH_DBG_ON=1 for this output (/usr/share/lmod/lmod/init/bash)
+ '[' -z '' ']'
+ case "$-" in
+ __lmod_vx=x
+ __lmod_vx=x
+ '[' -n x ']'
+ set +x
Shell debugging temporarily silenced: export LMOD_SH_DBG_ON=1 for this output (/usr/share/lmod/lmod/init/bash)
Shell debugging temporarily silenced: export LMOD_SH_DBG_ON=1 for this output (/usr/share/lmod/lmod/init/bash)
+ '[' -n x ']'
+ set +x
+ '[' -z '' ']'
+ case "$-" in
+ __lmod_vx=x
+ '[' -n x ']'
+ set +x
Shell debugging restarted
+ unset __lmod_vx
Shell debugging temporarily silenced: export LMOD_SH_DBG_ON=1 for this output (/usr/share/lmod/lmod/init/bash)
+ '[' -z '' ']'
+ case "$-" in
+ __lmod_vx=x
+ '[' -n x ']'
+ set +x
Shell debugging temporarily silenced: export LMOD_SH_DBG_ON=1 for this output (/usr/share/lmod/lmod/init/bash)
+ '[' -z '' ']'
+ case "$-" in
+ '[' -z '' ']'
+ case "$-" in
+ __lmod_vx=x
+ '[' -n x ']'
+ set +x
Shell debugging temporarily silenced: export LMOD_SH_DBG_ON=1 for this output (/usr/share/lmod/lmod/init/bash)
Shell debugging restarted
+ unset __lmod_vx
+ __lmod_vx=x
+ '[' -n x ']'
+ set +x
Shell debugging restarted
+ unset __lmod_vx
Shell debugging temporarily silenced: export LMOD_SH_DBG_ON=1 for this output (/usr/share/lmod/lmod/init/bash)
Shell debugging restarted
+ unset __lmod_vx
+ '[' -z '' ']'
+ case "$-" in
+ __lmod_vx=x
+ '[' -n x ']'
+ set +x
+ speed3d_r2c cufft double 128 128 128 -reorder -p2p -slabs -r2c_dir 0 -outgrid 4 2 1 -n5
+ speed3d_r2c cufft double 128 128 128 -reorder -p2p -slabs -r2c_dir 0 -outgrid 4 2 1 -n5
+ speed3d_r2c cufft double 128 128 128 -reorder -p2p -slabs -r2c_dir 0 -outgrid 4 2 1 -n5
Shell debugging temporarily silenced: export LMOD_SH_DBG_ON=1 for this output (/usr/share/lmod/lmod/init/bash)
+ speed3d_r2c cufft double 128 128 128 -reorder -p2p -slabs -r2c_dir 0 -outgrid 4 2 1 -n5
+ '[' -z '' ']'
+ case "$-" in
+ __lmod_vx=x
+ '[' -n x ']'
+ set +x
Shell debugging restarted
+ unset __lmod_vx
+ speed3d_r2c cufft double 128 128 128 -reorder -p2p -slabs -r2c_dir 0 -outgrid 4 2 1 -n5
Shell debugging restarted
+ unset __lmod_vx
+ speed3d_r2c cufft double 128 128 128 -reorder -p2p -slabs -r2c_dir 0 -outgrid 4 2 1 -n5
Shell debugging restarted
+ unset __lmod_vx
Shell debugging restarted
+ unset __lmod_vx
+ speed3d_r2c cufft double 128 128 128 -reorder -p2p -slabs -r2c_dir 0 -outgrid 4 2 1 -n5
+ speed3d_r2c cufft double 128 128 128 -reorder -p2p -slabs -r2c_dir 0 -outgrid 4 2 1 -n5
MPICH ERROR [Rank 0] [job id be8a1930-b8ae-46ae-ab7d-35836464b6a0] [Thu Aug  3 06:10:53 2023] [x3208c0s13b1n0] - Abort(808049039) (rank 0 in comm 0): Fatal error in PMPI_Send: Other MPI error, error stack:
PMPI_Send(163).................: MPI_Send(buf=0x14eefc000000, count=17408, dtype=0x4c001041, dest=1, tag=0, MPI_COMM_WORLD) failed
PMPI_Send(143).................: 
MPIR_Wait_impl(41).............: 
MPID_Progress_wait(184)........: 
MPIDI_Progress_test(80)........: 
MPIDI_OFI_handle_cq_error(1059): OFI poll failed (ofi_events.c:1061:MPIDI_OFI_handle_cq_error:Input/output error - remote access error)

aborting job:
Fatal error in PMPI_Send: Other MPI error, error stack:
PMPI_Send(163).................: MPI_Send(buf=0x14eefc000000, count=17408, dtype=0x4c001041, dest=1, tag=0, MPI_COMM_WORLD) failed
PMPI_Send(143).................: 
MPIR_Wait_impl(41).............: 
MPID_Progress_wait(184)........: 
MPIDI_Progress_test(80)........: 
MPIDI_OFI_handle_cq_error(1059): OFI poll failed (ofi_events.c:1061:MPIDI_OFI_handle_cq_error:Input/output error - remote access error)
MPICH ERROR [Rank 4] [job id be8a1930-b8ae-46ae-ab7d-35836464b6a0] [Thu Aug  3 06:10:53 2023] [x3208c0s19b0n0] - Abort(204069263) (rank 4 in comm 0): Fatal error in PMPI_Send: Other MPI error, error stack:
PMPI_Send(163).................: MPI_Send(buf=0x1480bc044000, count=17408, dtype=0x4c001041, dest=6, tag=0, MPI_COMM_WORLD) failed
PMPI_Send(143).................: 
MPIR_Wait_impl(41).............: 
MPID_Progress_wait(184)........: 
MPIDI_Progress_test(80)........: 
MPIDI_OFI_handle_cq_error(1059): OFI poll failed (ofi_events.c:1061:MPIDI_OFI_handle_cq_error:Input/output error - remote access error)

aborting job:
Fatal error in PMPI_Send: Other MPI error, error stack:
PMPI_Send(163).................: MPI_Send(buf=0x1480bc044000, count=17408, dtype=0x4c001041, dest=6, tag=0, MPI_COMM_WORLD) failed
PMPI_Send(143).................: 
MPIR_Wait_impl(41).............: 
MPID_Progress_wait(184)........: 
MPIDI_Progress_test(80)........: 
MPIDI_OFI_handle_cq_error(1059): OFI poll failed (ofi_events.c:1061:MPIDI_OFI_handle_cq_error:Input/output error - remote access error)
x3208c0s13b1n0.hsn.cm.polaris.alcf.anl.gov: rank 0 exited with code 255
