.//tmp_files/7789.sh: line 3: 97080 Segmentation fault      speed3d_r2c fftw float 64 64 64 -ingrid 512 2 2 -outgrid 256 8 1 -n5
.//tmp_files/7789.sh: line 3: 97109 Segmentation fault      speed3d_r2c fftw float 64 64 64 -ingrid 512 2 2 -outgrid 256 8 1 -n5
[NID 02017] 2023-07-12 21:01:48 Apid 28442427: initiated application termination
.//tmp_files/7789.sh: line 3: 97068 Segmentation fault      speed3d_r2c fftw float 64 64 64 -ingrid 512 2 2 -outgrid 256 8 1 -n5
.//tmp_files/7789.sh: line 3: 97098 Segmentation fault      speed3d_r2c fftw float 64 64 64 -ingrid 512 2 2 -outgrid 256 8 1 -n5
.//tmp_files/7789.sh: line 3: 97101 Segmentation fault      speed3d_r2c fftw float 64 64 64 -ingrid 512 2 2 -outgrid 256 8 1 -n5
.//tmp_files/7789.sh: line 3: 97107 Segmentation fault      speed3d_r2c fftw float 64 64 64 -ingrid 512 2 2 -outgrid 256 8 1 -n5
.//tmp_files/7789.sh: line 3: 97027 Segmentation fault      speed3d_r2c fftw float 64 64 64 -ingrid 512 2 2 -outgrid 256 8 1 -n5
.//tmp_files/7789.sh: line 3: 97043 Segmentation fault      speed3d_r2c fftw float 64 64 64 -ingrid 512 2 2 -outgrid 256 8 1 -n5
.//tmp_files/7789.sh: line 3: 96990 Segmentation fault      speed3d_r2c fftw float 64 64 64 -ingrid 512 2 2 -outgrid 256 8 1 -n5
.//tmp_files/7789.sh: line 3: 97042 Segmentation fault      speed3d_r2c fftw float 64 64 64 -ingrid 512 2 2 -outgrid 256 8 1 -n5
.//tmp_files/7789.sh: line 3: 97028 Segmentation fault      speed3d_r2c fftw float 64 64 64 -ingrid 512 2 2 -outgrid 256 8 1 -n5
.//tmp_files/7789.sh: line 3: 97045 Segmentation fault      speed3d_r2c fftw float 64 64 64 -ingrid 512 2 2 -outgrid 256 8 1 -n5
.//tmp_files/7789.sh: line 3: 97103 Segmentation fault      speed3d_r2c fftw float 64 64 64 -ingrid 512 2 2 -outgrid 256 8 1 -n5
.//tmp_files/7789.sh: line 3: 97111 Segmentation fault      speed3d_r2c fftw float 64 64 64 -ingrid 512 2 2 -outgrid 256 8 1 -n5
.//tmp_files/7789.sh: line 3: 97149 Segmentation fault      speed3d_r2c fftw float 64 64 64 -ingrid 512 2 2 -outgrid 256 8 1 -n5
.//tmp_files/7789.sh: line 3: 97162 Segmentation fault      speed3d_r2c fftw float 64 64 64 -ingrid 512 2 2 -outgrid 256 8 1 -n5
.//tmp_files/7789.sh: line 3: 97225 Segmentation fault      speed3d_r2c fftw float 64 64 64 -ingrid 512 2 2 -outgrid 256 8 1 -n5
.//tmp_files/7789.sh: line 3: 97228 Segmentation fault      speed3d_r2c fftw float 64 64 64 -ingrid 512 2 2 -outgrid 256 8 1 -n5
.//tmp_files/7789.sh: line 3: 97100 Segmentation fault      speed3d_r2c fftw float 64 64 64 -ingrid 512 2 2 -outgrid 256 8 1 -n5
.//tmp_files/7789.sh: line 3: 97117 Segmentation fault      speed3d_r2c fftw float 64 64 64 -ingrid 512 2 2 -outgrid 256 8 1 -n5
.//tmp_files/7789.sh: line 3: 97133 Segmentation fault      speed3d_r2c fftw float 64 64 64 -ingrid 512 2 2 -outgrid 256 8 1 -n5
.//tmp_files/7789.sh: line 3: 97129 Segmentation fault      speed3d_r2c fftw float 64 64 64 -ingrid 512 2 2 -outgrid 256 8 1 -n5
.//tmp_files/7789.sh: line 3: 97083 Segmentation fault      speed3d_r2c fftw float 64 64 64 -ingrid 512 2 2 -outgrid 256 8 1 -n5
.//tmp_files/7789.sh: line 3: 97088 Segmentation fault      speed3d_r2c fftw float 64 64 64 -ingrid 512 2 2 -outgrid 256 8 1 -n5
.//tmp_files/7789.sh: line 3: 97084 Segmentation fault      speed3d_r2c fftw float 64 64 64 -ingrid 512 2 2 -outgrid 256 8 1 -n5
.//tmp_files/7789.sh: line 3: 97136 Segmentation fault      speed3d_r2c fftw float 64 64 64 -ingrid 512 2 2 -outgrid 256 8 1 -n5
.//tmp_files/7789.sh: line 3: 97122 Segmentation fault      speed3d_r2c fftw float 64 64 64 -ingrid 512 2 2 -outgrid 256 8 1 -n5
.//tmp_files/7789.sh: line 3: 97119 Segmentation fault      speed3d_r2c fftw float 64 64 64 -ingrid 512 2 2 -outgrid 256 8 1 -n5
.//tmp_files/7789.sh: line 3: 97121 Segmentation fault      speed3d_r2c fftw float 64 64 64 -ingrid 512 2 2 -outgrid 256 8 1 -n5
.//tmp_files/7789.sh: line 3: 97120 Segmentation fault      speed3d_r2c fftw float 64 64 64 -ingrid 512 2 2 -outgrid 256 8 1 -n5
.//tmp_files/7789.sh: line 3: 97132 Segmentation fault      speed3d_r2c fftw float 64 64 64 -ingrid 512 2 2 -outgrid 256 8 1 -n5
.//tmp_files/7789.sh: line 3: 97135 Segmentation fault      speed3d_r2c fftw float 64 64 64 -ingrid 512 2 2 -outgrid 256 8 1 -n5
.//tmp_files/7789.sh: line 3: 97118 Segmentation fault      speed3d_r2c fftw float 64 64 64 -ingrid 512 2 2 -outgrid 256 8 1 -n5
.//tmp_files/7789.sh: line 3: 97097 Segmentation fault      speed3d_r2c fftw float 64 64 64 -ingrid 512 2 2 -outgrid 256 8 1 -n5
.//tmp_files/7789.sh: line 3: 97096 Segmentation fault      speed3d_r2c fftw float 64 64 64 -ingrid 512 2 2 -outgrid 256 8 1 -n5
.//tmp_files/7789.sh: line 3: 97134 Segmentation fault      speed3d_r2c fftw float 64 64 64 -ingrid 512 2 2 -outgrid 256 8 1 -n5
.//tmp_files/7789.sh: line 3: 97131 Segmentation fault      speed3d_r2c fftw float 64 64 64 -ingrid 512 2 2 -outgrid 256 8 1 -n5
.//tmp_files/7789.sh: line 3: 97130 Segmentation fault      speed3d_r2c fftw float 64 64 64 -ingrid 512 2 2 -outgrid 256 8 1 -n5
.//tmp_files/7789.sh: line 3: 97127 Segmentation fault      speed3d_r2c fftw float 64 64 64 -ingrid 512 2 2 -outgrid 256 8 1 -n5
.//tmp_files/7789.sh: line 3: 97124 Segmentation fault      speed3d_r2c fftw float 64 64 64 -ingrid 512 2 2 -outgrid 256 8 1 -n5
.//tmp_files/7789.sh: line 3: 97125 Segmentation fault      speed3d_r2c fftw float 64 64 64 -ingrid 512 2 2 -outgrid 256 8 1 -n5
.//tmp_files/7789.sh: line 3: 97123 Segmentation fault      speed3d_r2c fftw float 64 64 64 -ingrid 512 2 2 -outgrid 256 8 1 -n5
.//tmp_files/7789.sh: line 3: 97108 Segmentation fault      speed3d_r2c fftw float 64 64 64 -ingrid 512 2 2 -outgrid 256 8 1 -n5
.//tmp_files/7789.sh: line 3: 97112 Segmentation fault      speed3d_r2c fftw float 64 64 64 -ingrid 512 2 2 -outgrid 256 8 1 -n5
.//tmp_files/7789.sh: line 3: 97126 Segmentation fault      speed3d_r2c fftw float 64 64 64 -ingrid 512 2 2 -outgrid 256 8 1 -n5
.//tmp_files/7789.sh: line 3: 97128 Segmentation fault      speed3d_r2c fftw float 64 64 64 -ingrid 512 2 2 -outgrid 256 8 1 -n5
.//tmp_files/7789.sh: line 3: 97091 Segmentation fault      speed3d_r2c fftw float 64 64 64 -ingrid 512 2 2 -outgrid 256 8 1 -n5
.//tmp_files/7789.sh: line 3: 97094 Segmentation fault      speed3d_r2c fftw float 64 64 64 -ingrid 512 2 2 -outgrid 256 8 1 -n5
.//tmp_files/7789.sh: line 3: 96966 Segmentation fault      speed3d_r2c fftw float 64 64 64 -ingrid 512 2 2 -outgrid 256 8 1 -n5
.//tmp_files/7789.sh: line 3: 97083 Segmentation fault      speed3d_r2c fftw float 64 64 64 -ingrid 512 2 2 -outgrid 256 8 1 -n5
.//tmp_files/7789.sh: line 3: 97078 Segmentation fault      speed3d_r2c fftw float 64 64 64 -ingrid 512 2 2 -outgrid 256 8 1 -n5
.//tmp_files/7789.sh: line 3: 97039 Segmentation fault      speed3d_r2c fftw float 64 64 64 -ingrid 512 2 2 -outgrid 256 8 1 -n5
.//tmp_files/7789.sh: line 3: 97104 Segmentation fault      speed3d_r2c fftw float 64 64 64 -ingrid 512 2 2 -outgrid 256 8 1 -n5
.//tmp_files/7789.sh: line 3: 97069 Segmentation fault      speed3d_r2c fftw float 64 64 64 -ingrid 512 2 2 -outgrid 256 8 1 -n5
.//tmp_files/7789.sh: line 3: 97092 Segmentation fault      speed3d_r2c fftw float 64 64 64 -ingrid 512 2 2 -outgrid 256 8 1 -n5
.//tmp_files/7789.sh: line 3: 97071 Segmentation fault      speed3d_r2c fftw float 64 64 64 -ingrid 512 2 2 -outgrid 256 8 1 -n5
.//tmp_files/7789.sh: line 3: 97098 Segmentation fault      speed3d_r2c fftw float 64 64 64 -ingrid 512 2 2 -outgrid 256 8 1 -n5
.//tmp_files/7789.sh: line 3: 97095 Segmentation fault      speed3d_r2c fftw float 64 64 64 -ingrid 512 2 2 -outgrid 256 8 1 -n5
.//tmp_files/7789.sh: line 3: 97087 Segmentation fault      speed3d_r2c fftw float 64 64 64 -ingrid 512 2 2 -outgrid 256 8 1 -n5
.//tmp_files/7789.sh: line 3: 97093 Segmentation fault      speed3d_r2c fftw float 64 64 64 -ingrid 512 2 2 -outgrid 256 8 1 -n5
.//tmp_files/7789.sh: line 3: 97110 Segmentation fault      speed3d_r2c fftw float 64 64 64 -ingrid 512 2 2 -outgrid 256 8 1 -n5
.//tmp_files/7789.sh: line 3: 97103 Segmentation fault      speed3d_r2c fftw float 64 64 64 -ingrid 512 2 2 -outgrid 256 8 1 -n5
.//tmp_files/7789.sh: line 3: 97096 Segmentation fault      speed3d_r2c fftw float 64 64 64 -ingrid 512 2 2 -outgrid 256 8 1 -n5
.//tmp_files/7789.sh: line 3: 97102 Segmentation fault      speed3d_r2c fftw float 64 64 64 -ingrid 512 2 2 -outgrid 256 8 1 -n5
.//tmp_files/7789.sh: line 3: 97083 Segmentation fault      speed3d_r2c fftw float 64 64 64 -ingrid 512 2 2 -outgrid 256 8 1 -n5
.//tmp_files/7789.sh: line 3: 97091 Segmentation fault      speed3d_r2c fftw float 64 64 64 -ingrid 512 2 2 -outgrid 256 8 1 -n5
.//tmp_files/7789.sh: line 3: 97077 Segmentation fault      speed3d_r2c fftw float 64 64 64 -ingrid 512 2 2 -outgrid 256 8 1 -n5
.//tmp_files/7789.sh: line 3: 97084 Segmentation fault      speed3d_r2c fftw float 64 64 64 -ingrid 512 2 2 -outgrid 256 8 1 -n5
.//tmp_files/7789.sh: line 3: 97040 Segmentation fault      speed3d_r2c fftw float 64 64 64 -ingrid 512 2 2 -outgrid 256 8 1 -n5
.//tmp_files/7789.sh: line 3: 97052 Segmentation fault      speed3d_r2c fftw float 64 64 64 -ingrid 512 2 2 -outgrid 256 8 1 -n5
.//tmp_files/7789.sh: line 3: 97092 Segmentation fault      speed3d_r2c fftw float 64 64 64 -ingrid 512 2 2 -outgrid 256 8 1 -n5
.//tmp_files/7789.sh: line 3: 97087 Segmentation fault      speed3d_r2c fftw float 64 64 64 -ingrid 512 2 2 -outgrid 256 8 1 -n5
.//tmp_files/7789.sh: line 3: 97052 Segmentation fault      speed3d_r2c fftw float 64 64 64 -ingrid 512 2 2 -outgrid 256 8 1 -n5
.//tmp_files/7789.sh: line 3: 97069 Segmentation fault      speed3d_r2c fftw float 64 64 64 -ingrid 512 2 2 -outgrid 256 8 1 -n5
.//tmp_files/7789.sh: line 3: 97079 Segmentation fault      speed3d_r2c fftw float 64 64 64 -ingrid 512 2 2 -outgrid 256 8 1 -n5
.//tmp_files/7789.sh: line 3: 97089 Segmentation fault      speed3d_r2c fftw float 64 64 64 -ingrid 512 2 2 -outgrid 256 8 1 -n5
.//tmp_files/7789.sh: line 3: 97095 Segmentation fault      speed3d_r2c fftw float 64 64 64 -ingrid 512 2 2 -outgrid 256 8 1 -n5
.//tmp_files/7789.sh: line 3: 97023 Segmentation fault      speed3d_r2c fftw float 64 64 64 -ingrid 512 2 2 -outgrid 256 8 1 -n5
.//tmp_files/7789.sh: line 3: 97039 Segmentation fault      speed3d_r2c fftw float 64 64 64 -ingrid 512 2 2 -outgrid 256 8 1 -n5
.//tmp_files/7789.sh: line 3: 97155 Segmentation fault      speed3d_r2c fftw float 64 64 64 -ingrid 512 2 2 -outgrid 256 8 1 -n5
.//tmp_files/7789.sh: line 3: 97148 Segmentation fault      speed3d_r2c fftw float 64 64 64 -ingrid 512 2 2 -outgrid 256 8 1 -n5
.//tmp_files/7789.sh: line 3: 97158 Segmentation fault      speed3d_r2c fftw float 64 64 64 -ingrid 512 2 2 -outgrid 256 8 1 -n5
.//tmp_files/7789.sh: line 3: 97161 Segmentation fault      speed3d_r2c fftw float 64 64 64 -ingrid 512 2 2 -outgrid 256 8 1 -n5
.//tmp_files/7789.sh: line 3: 97150 Segmentation fault      speed3d_r2c fftw float 64 64 64 -ingrid 512 2 2 -outgrid 256 8 1 -n5
.//tmp_files/7789.sh: line 3: 97146 Segmentation fault      speed3d_r2c fftw float 64 64 64 -ingrid 512 2 2 -outgrid 256 8 1 -n5
.//tmp_files/7789.sh: line 3: 97156 Segmentation fault      speed3d_r2c fftw float 64 64 64 -ingrid 512 2 2 -outgrid 256 8 1 -n5
.//tmp_files/7789.sh: line 3: 97157 Segmentation fault      speed3d_r2c fftw float 64 64 64 -ingrid 512 2 2 -outgrid 256 8 1 -n5
.//tmp_files/7789.sh: line 3: 97165 Segmentation fault      speed3d_r2c fftw float 64 64 64 -ingrid 512 2 2 -outgrid 256 8 1 -n5
.//tmp_files/7789.sh: line 3: 97164 Segmentation fault      speed3d_r2c fftw float 64 64 64 -ingrid 512 2 2 -outgrid 256 8 1 -n5
.//tmp_files/7789.sh: line 3: 97160 Segmentation fault      speed3d_r2c fftw float 64 64 64 -ingrid 512 2 2 -outgrid 256 8 1 -n5
.//tmp_files/7789.sh: line 3: 97159 Segmentation fault      speed3d_r2c fftw float 64 64 64 -ingrid 512 2 2 -outgrid 256 8 1 -n5
.//tmp_files/7789.sh: line 3: 97163 Segmentation fault      speed3d_r2c fftw float 64 64 64 -ingrid 512 2 2 -outgrid 256 8 1 -n5
.//tmp_files/7789.sh: line 3: 97032 Segmentation fault      speed3d_r2c fftw float 64 64 64 -ingrid 512 2 2 -outgrid 256 8 1 -n5
.//tmp_files/7789.sh: line 3: 97092 Segmentation fault      speed3d_r2c fftw float 64 64 64 -ingrid 512 2 2 -outgrid 256 8 1 -n5
.//tmp_files/7789.sh: line 3: 97064 Segmentation fault      speed3d_r2c fftw float 64 64 64 -ingrid 512 2 2 -outgrid 256 8 1 -n5
.//tmp_files/7789.sh: line 3: 97029 Segmentation fault      speed3d_r2c fftw float 64 64 64 -ingrid 512 2 2 -outgrid 256 8 1 -n5
.//tmp_files/7789.sh: line 3: 97056 Segmentation fault      speed3d_r2c fftw float 64 64 64 -ingrid 512 2 2 -outgrid 256 8 1 -n5
.//tmp_files/7789.sh: line 3: 97112 Segmentation fault      speed3d_r2c fftw float 64 64 64 -ingrid 512 2 2 -outgrid 256 8 1 -n5
.//tmp_files/7789.sh: line 3: 97092 Segmentation fault      speed3d_r2c fftw float 64 64 64 -ingrid 512 2 2 -outgrid 256 8 1 -n5
.//tmp_files/7789.sh: line 3: 97073 Segmentation fault      speed3d_r2c fftw float 64 64 64 -ingrid 512 2 2 -outgrid 256 8 1 -n5
.//tmp_files/7789.sh: line 3: 97110 Segmentation fault      speed3d_r2c fftw float 64 64 64 -ingrid 512 2 2 -outgrid 256 8 1 -n5
.//tmp_files/7789.sh: line 3: 97030 Segmentation fault      speed3d_r2c fftw float 64 64 64 -ingrid 512 2 2 -outgrid 256 8 1 -n5
.//tmp_files/7789.sh: line 3: 96920 Segmentation fault      speed3d_r2c fftw float 64 64 64 -ingrid 512 2 2 -outgrid 256 8 1 -n5
.//tmp_files/7789.sh: line 3: 96931 Segmentation fault      speed3d_r2c fftw float 64 64 64 -ingrid 512 2 2 -outgrid 256 8 1 -n5
.//tmp_files/7789.sh: line 3: 96964 Segmentation fault      speed3d_r2c fftw float 64 64 64 -ingrid 512 2 2 -outgrid 256 8 1 -n5
.//tmp_files/7789.sh: line 3: 97024 Segmentation fault      speed3d_r2c fftw float 64 64 64 -ingrid 512 2 2 -outgrid 256 8 1 -n5
.//tmp_files/7789.sh: line 3: 96981 Segmentation fault      speed3d_r2c fftw float 64 64 64 -ingrid 512 2 2 -outgrid 256 8 1 -n5
.//tmp_files/7789.sh: line 3: 96982 Segmentation fault      speed3d_r2c fftw float 64 64 64 -ingrid 512 2 2 -outgrid 256 8 1 -n5
.//tmp_files/7789.sh: line 3: 97052 Segmentation fault      speed3d_r2c fftw float 64 64 64 -ingrid 512 2 2 -outgrid 256 8 1 -n5
.//tmp_files/7789.sh: line 3: 97092 Segmentation fault      speed3d_r2c fftw float 64 64 64 -ingrid 512 2 2 -outgrid 256 8 1 -n5
.//tmp_files/7789.sh: line 3: 97032 Segmentation fault      speed3d_r2c fftw float 64 64 64 -ingrid 512 2 2 -outgrid 256 8 1 -n5
.//tmp_files/7789.sh: line 3: 97094 Segmentation fault      speed3d_r2c fftw float 64 64 64 -ingrid 512 2 2 -outgrid 256 8 1 -n5
.//tmp_files/7789.sh: line 3: 97044 Segmentation fault      speed3d_r2c fftw float 64 64 64 -ingrid 512 2 2 -outgrid 256 8 1 -n5
.//tmp_files/7789.sh: line 3: 97099 Segmentation fault      speed3d_r2c fftw float 64 64 64 -ingrid 512 2 2 -outgrid 256 8 1 -n5
.//tmp_files/7789.sh: line 3: 97091 Segmentation fault      speed3d_r2c fftw float 64 64 64 -ingrid 512 2 2 -outgrid 256 8 1 -n5
.//tmp_files/7789.sh: line 3: 97108 Segmentation fault      speed3d_r2c fftw float 64 64 64 -ingrid 512 2 2 -outgrid 256 8 1 -n5
.//tmp_files/7789.sh: line 3: 96996 Segmentation fault      speed3d_r2c fftw float 64 64 64 -ingrid 512 2 2 -outgrid 256 8 1 -n5
.//tmp_files/7789.sh: line 3: 97058 Segmentation fault      speed3d_r2c fftw float 64 64 64 -ingrid 512 2 2 -outgrid 256 8 1 -n5
.//tmp_files/7789.sh: line 3: 97051 Segmentation fault      speed3d_r2c fftw float 64 64 64 -ingrid 512 2 2 -outgrid 256 8 1 -n5
.//tmp_files/7789.sh: line 3: 97056 Segmentation fault      speed3d_r2c fftw float 64 64 64 -ingrid 512 2 2 -outgrid 256 8 1 -n5
.//tmp_files/7789.sh: line 3: 97072 Segmentation fault      speed3d_r2c fftw float 64 64 64 -ingrid 512 2 2 -outgrid 256 8 1 -n5
.//tmp_files/7789.sh: line 3: 97088 Segmentation fault      speed3d_r2c fftw float 64 64 64 -ingrid 512 2 2 -outgrid 256 8 1 -n5
.//tmp_files/7789.sh: line 3: 97081 Segmentation fault      speed3d_r2c fftw float 64 64 64 -ingrid 512 2 2 -outgrid 256 8 1 -n5
.//tmp_files/7789.sh: line 3: 97177 Segmentation fault      speed3d_r2c fftw float 64 64 64 -ingrid 512 2 2 -outgrid 256 8 1 -n5
.//tmp_files/7789.sh: line 3: 97111 Segmentation fault      speed3d_r2c fftw float 64 64 64 -ingrid 512 2 2 -outgrid 256 8 1 -n5
.//tmp_files/7789.sh: line 3: 97012 Segmentation fault      speed3d_r2c fftw float 64 64 64 -ingrid 512 2 2 -outgrid 256 8 1 -n5
.//tmp_files/7789.sh: line 3: 96997 Segmentation fault      speed3d_r2c fftw float 64 64 64 -ingrid 512 2 2 -outgrid 256 8 1 -n5
.//tmp_files/7789.sh: line 3: 97008 Segmentation fault      speed3d_r2c fftw float 64 64 64 -ingrid 512 2 2 -outgrid 256 8 1 -n5
.//tmp_files/7789.sh: line 3: 97007 Segmentation fault      speed3d_r2c fftw float 64 64 64 -ingrid 512 2 2 -outgrid 256 8 1 -n5
.//tmp_files/7789.sh: line 3: 97092 Segmentation fault      speed3d_r2c fftw float 64 64 64 -ingrid 512 2 2 -outgrid 256 8 1 -n5
.//tmp_files/7789.sh: line 3: 97090 Segmentation fault      speed3d_r2c fftw float 64 64 64 -ingrid 512 2 2 -outgrid 256 8 1 -n5
.//tmp_files/7789.sh: line 3: 97077 Segmentation fault      speed3d_r2c fftw float 64 64 64 -ingrid 512 2 2 -outgrid 256 8 1 -n5
.//tmp_files/7789.sh: line 3: 97045 Segmentation fault      speed3d_r2c fftw float 64 64 64 -ingrid 512 2 2 -outgrid 256 8 1 -n5
.//tmp_files/7789.sh: line 3: 97086 Segmentation fault      speed3d_r2c fftw float 64 64 64 -ingrid 512 2 2 -outgrid 256 8 1 -n5
.//tmp_files/7789.sh: line 3: 97087 Segmentation fault      speed3d_r2c fftw float 64 64 64 -ingrid 512 2 2 -outgrid 256 8 1 -n5
.//tmp_files/7789.sh: line 3: 97070 Segmentation fault      speed3d_r2c fftw float 64 64 64 -ingrid 512 2 2 -outgrid 256 8 1 -n5
.//tmp_files/7789.sh: line 3: 97079 Segmentation fault      speed3d_r2c fftw float 64 64 64 -ingrid 512 2 2 -outgrid 256 8 1 -n5
.//tmp_files/7789.sh: line 3: 97083 Segmentation fault      speed3d_r2c fftw float 64 64 64 -ingrid 512 2 2 -outgrid 256 8 1 -n5
.//tmp_files/7789.sh: line 3: 97071 Segmentation fault      speed3d_r2c fftw float 64 64 64 -ingrid 512 2 2 -outgrid 256 8 1 -n5
.//tmp_files/7789.sh: line 3: 97076 Segmentation fault      speed3d_r2c fftw float 64 64 64 -ingrid 512 2 2 -outgrid 256 8 1 -n5
.//tmp_files/7789.sh: line 3: 97069 Segmentation fault      speed3d_r2c fftw float 64 64 64 -ingrid 512 2 2 -outgrid 256 8 1 -n5
.//tmp_files/7789.sh: line 3: 97072 Segmentation fault      speed3d_r2c fftw float 64 64 64 -ingrid 512 2 2 -outgrid 256 8 1 -n5
.//tmp_files/7789.sh: line 3: 97039 Segmentation fault      speed3d_r2c fftw float 64 64 64 -ingrid 512 2 2 -outgrid 256 8 1 -n5
.//tmp_files/7789.sh: line 3: 97081 Segmentation fault      speed3d_r2c fftw float 64 64 64 -ingrid 512 2 2 -outgrid 256 8 1 -n5
.//tmp_files/7789.sh: line 3: 97073 Segmentation fault      speed3d_r2c fftw float 64 64 64 -ingrid 512 2 2 -outgrid 256 8 1 -n5
.//tmp_files/7789.sh: line 3: 97082 Segmentation fault      speed3d_r2c fftw float 64 64 64 -ingrid 512 2 2 -outgrid 256 8 1 -n5
.//tmp_files/7789.sh: line 3: 97084 Segmentation fault      speed3d_r2c fftw float 64 64 64 -ingrid 512 2 2 -outgrid 256 8 1 -n5
.//tmp_files/7789.sh: line 3: 97220 Segmentation fault      speed3d_r2c fftw float 64 64 64 -ingrid 512 2 2 -outgrid 256 8 1 -n5
.//tmp_files/7789.sh: line 3: 97233 Segmentation fault      speed3d_r2c fftw float 64 64 64 -ingrid 512 2 2 -outgrid 256 8 1 -n5
.//tmp_files/7789.sh: line 3: 97049 Segmentation fault      speed3d_r2c fftw float 64 64 64 -ingrid 512 2 2 -outgrid 256 8 1 -n5
.//tmp_files/7789.sh: line 3: 97047 Segmentation fault      speed3d_r2c fftw float 64 64 64 -ingrid 512 2 2 -outgrid 256 8 1 -n5
.//tmp_files/7789.sh: line 3: 97094 Segmentation fault      speed3d_r2c fftw float 64 64 64 -ingrid 512 2 2 -outgrid 256 8 1 -n5
.//tmp_files/7789.sh: line 3: 97089 Segmentation fault      speed3d_r2c fftw float 64 64 64 -ingrid 512 2 2 -outgrid 256 8 1 -n5
.//tmp_files/7789.sh: line 3: 97039 Segmentation fault      speed3d_r2c fftw float 64 64 64 -ingrid 512 2 2 -outgrid 256 8 1 -n5
.//tmp_files/7789.sh: line 3: 97031 Segmentation fault      speed3d_r2c fftw float 64 64 64 -ingrid 512 2 2 -outgrid 256 8 1 -n5
.//tmp_files/7789.sh: line 3: 97104 Segmentation fault      speed3d_r2c fftw float 64 64 64 -ingrid 512 2 2 -outgrid 256 8 1 -n5
.//tmp_files/7789.sh: line 3: 97109 Segmentation fault      speed3d_r2c fftw float 64 64 64 -ingrid 512 2 2 -outgrid 256 8 1 -n5
.//tmp_files/7789.sh: line 3: 97094 Segmentation fault      speed3d_r2c fftw float 64 64 64 -ingrid 512 2 2 -outgrid 256 8 1 -n5
.//tmp_files/7789.sh: line 3: 97106 Segmentation fault      speed3d_r2c fftw float 64 64 64 -ingrid 512 2 2 -outgrid 256 8 1 -n5
.//tmp_files/7789.sh: line 3: 97105 Segmentation fault      speed3d_r2c fftw float 64 64 64 -ingrid 512 2 2 -outgrid 256 8 1 -n5
.//tmp_files/7789.sh: line 3: 97113 Segmentation fault      speed3d_r2c fftw float 64 64 64 -ingrid 512 2 2 -outgrid 256 8 1 -n5
.//tmp_files/7789.sh: line 3: 96995 Segmentation fault      speed3d_r2c fftw float 64 64 64 -ingrid 512 2 2 -outgrid 256 8 1 -n5
.//tmp_files/7789.sh: line 3: 97057 Segmentation fault      speed3d_r2c fftw float 64 64 64 -ingrid 512 2 2 -outgrid 256 8 1 -n5
.//tmp_files/7789.sh: line 3: 97056 Segmentation fault      speed3d_r2c fftw float 64 64 64 -ingrid 512 2 2 -outgrid 256 8 1 -n5
.//tmp_files/7789.sh: line 3: 97061 Segmentation fault      speed3d_r2c fftw float 64 64 64 -ingrid 512 2 2 -outgrid 256 8 1 -n5
.//tmp_files/7789.sh: line 3: 97085 Segmentation fault      speed3d_r2c fftw float 64 64 64 -ingrid 512 2 2 -outgrid 256 8 1 -n5
.//tmp_files/7789.sh: line 3: 97029 Segmentation fault      speed3d_r2c fftw float 64 64 64 -ingrid 512 2 2 -outgrid 256 8 1 -n5
.//tmp_files/7789.sh: line 3: 97084 Segmentation fault      speed3d_r2c fftw float 64 64 64 -ingrid 512 2 2 -outgrid 256 8 1 -n5
.//tmp_files/7789.sh: line 3: 97085 Segmentation fault      speed3d_r2c fftw float 64 64 64 -ingrid 512 2 2 -outgrid 256 8 1 -n5
.//tmp_files/7789.sh: line 3: 97080 Segmentation fault      speed3d_r2c fftw float 64 64 64 -ingrid 512 2 2 -outgrid 256 8 1 -n5
.//tmp_files/7789.sh: line 3: 97076 Segmentation fault      speed3d_r2c fftw float 64 64 64 -ingrid 512 2 2 -outgrid 256 8 1 -n5
.//tmp_files/7789.sh: line 3: 97082 Segmentation fault      speed3d_r2c fftw float 64 64 64 -ingrid 512 2 2 -outgrid 256 8 1 -n5
.//tmp_files/7789.sh: line 3: 97079 Segmentation fault      speed3d_r2c fftw float 64 64 64 -ingrid 512 2 2 -outgrid 256 8 1 -n5
.//tmp_files/7789.sh: line 3: 97091 Segmentation fault      speed3d_r2c fftw float 64 64 64 -ingrid 512 2 2 -outgrid 256 8 1 -n5
.//tmp_files/7789.sh: line 3: 97097 Segmentation fault      speed3d_r2c fftw float 64 64 64 -ingrid 512 2 2 -outgrid 256 8 1 -n5
.//tmp_files/7789.sh: line 3: 97094 Segmentation fault      speed3d_r2c fftw float 64 64 64 -ingrid 512 2 2 -outgrid 256 8 1 -n5
.//tmp_files/7789.sh: line 3: 97088 Segmentation fault      speed3d_r2c fftw float 64 64 64 -ingrid 512 2 2 -outgrid 256 8 1 -n5
.//tmp_files/7789.sh: line 3: 97072 Segmentation fault      speed3d_r2c fftw float 64 64 64 -ingrid 512 2 2 -outgrid 256 8 1 -n5
.//tmp_files/7789.sh: line 3: 97015 Segmentation fault      speed3d_r2c fftw float 64 64 64 -ingrid 512 2 2 -outgrid 256 8 1 -n5
.//tmp_files/7789.sh: line 3: 97090 Segmentation fault      speed3d_r2c fftw float 64 64 64 -ingrid 512 2 2 -outgrid 256 8 1 -n5
.//tmp_files/7789.sh: line 3: 97071 Segmentation fault      speed3d_r2c fftw float 64 64 64 -ingrid 512 2 2 -outgrid 256 8 1 -n5
.//tmp_files/7789.sh: line 3: 97066 Segmentation fault      speed3d_r2c fftw float 64 64 64 -ingrid 512 2 2 -outgrid 256 8 1 -n5
.//tmp_files/7789.sh: line 3: 97087 Segmentation fault      speed3d_r2c fftw float 64 64 64 -ingrid 512 2 2 -outgrid 256 8 1 -n5
.//tmp_files/7789.sh: line 3: 97082 Segmentation fault      speed3d_r2c fftw float 64 64 64 -ingrid 512 2 2 -outgrid 256 8 1 -n5
.//tmp_files/7789.sh: line 3: 97078 Segmentation fault      speed3d_r2c fftw float 64 64 64 -ingrid 512 2 2 -outgrid 256 8 1 -n5
.//tmp_files/7789.sh: line 3: 97093 Segmentation fault      speed3d_r2c fftw float 64 64 64 -ingrid 512 2 2 -outgrid 256 8 1 -n5
.//tmp_files/7789.sh: line 3: 97054 Segmentation fault      speed3d_r2c fftw float 64 64 64 -ingrid 512 2 2 -outgrid 256 8 1 -n5
.//tmp_files/7789.sh: line 3: 97086 Segmentation fault      speed3d_r2c fftw float 64 64 64 -ingrid 512 2 2 -outgrid 256 8 1 -n5
.//tmp_files/7789.sh: line 3: 97032 Segmentation fault      speed3d_r2c fftw float 64 64 64 -ingrid 512 2 2 -outgrid 256 8 1 -n5
.//tmp_files/7789.sh: line 3: 97035 Segmentation fault      speed3d_r2c fftw float 64 64 64 -ingrid 512 2 2 -outgrid 256 8 1 -n5
.//tmp_files/7789.sh: line 3: 97056 Segmentation fault      speed3d_r2c fftw float 64 64 64 -ingrid 512 2 2 -outgrid 256 8 1 -n5
.//tmp_files/7789.sh: line 3: 97058 Segmentation fault      speed3d_r2c fftw float 64 64 64 -ingrid 512 2 2 -outgrid 256 8 1 -n5
.//tmp_files/7789.sh: line 3: 97079 Segmentation fault      speed3d_r2c fftw float 64 64 64 -ingrid 512 2 2 -outg.//tmp_files/7789.sh: line 3: 97227 Segmentation fault      speed3d_r2c fftw float 64 64 64 -ingrid 512 2 2 -outgrid 256 8 1 -n5
.//tmp_files/7789.sh: line 3: 97229 Segmentation fault      speed3d_r2c fftw float 64 64 64 -ingrid 512 2 2 -outgrid 256 8 1 -n5
.//tmp_files/7789.sh: line 3: 97224 Segmentation fault      speed3d_r2c fftw float 64 64 64 -ingrid 512 2 2 -outgrid 256 8 1 -n5
.//tmp_files/7789.sh: line 3: 97056 Segmentation fault      speed3d_r2c fftw float 64 64 64 -ingrid 512 2 2 -outgrid 256 8 1 -n5
.//tmp_files/7789.sh: line 3: 97095 Segmentation fault      speed3d_r2c fftw float 64 64 64 -ingrid 512 2 2 -outgrid 256 8 1 -n5
.//tmp_files/7789.sh: line 3: 97096 Segmentation fault      speed3d_r2c fftw float 64 64 64 -ingrid 512 2 2 -outgrid 256 8 1 -n5
.//tmp_files/7789.sh: line 3: 97075 Segmentation fault      speed3d_r2c fftw float 64 64 64 -ingrid 512 2 2 -outgrid 256 8 1 -n5
.//tmp_files/7789.sh: line 3: 97082 Segmentation fault      speed3d_r2c fftw float 64 64 64 -ingrid 512 2 2 -outgrid 256 8 1 -n5
.//tmp_files/7789.sh: line 3: 97090 Segmentation fault      speed3d_r2c fftw float 64 64 64 -ingrid 512 2 2 -outgrid 256 8 1 -n5
.//tmp_files/7789.sh: line 3: 97073 Segmentation fault      speed3d_r2c fftw float 64 64 64 -ingrid 512 2 2 -outgrid 256 8 1 -n5
.//tmp_files/7789.sh: line 3: 97088 Segmentation fault      speed3d_r2c fftw float 64 64 64 -ingrid 512 2 2 -outgrid 256 8 1 -n5
.//tmp_files/7789.sh: line 3: 97087 Segmentation fault      speed3d_r2c fftw float 64 64 64 -ingrid 512 2 2 -outgrid 256 8 1 -n5
.//tmp_files/7789.sh: line 3: 97078 Segmentation fault      speed3d_r2c fftw float 64 64 64 -ingrid 512 2 2 -outgrid 256 8 1 -n5
.//tmp_files/7789.sh: line 3: 97097 Segmentation fault      speed3d_r2c fftw float 64 64 64 -ingrid 512 2 2 -outgrid 256 8 1 -n5
.//tmp_files/7789.sh: line 3: 97091 Segmentation fault      speed3d_r2c fftw float 64 64 64 -ingrid 512 2 2 -outgrid 256 8 1 -n5
.//tmp_files/7789.sh: line 3: 97099 Segmentation fault      speed3d_r2c fftw float 64 64 64 -ingrid 512 2 2 -outgrid 256 8 1 -n5
.//tmp_files/7789.sh: line 3: 97100 Segmentation fault      speed3d_r2c fftw float 64 64 64 -ingrid 512 2 2 -outgrid 256 8 1 -n5
.//tmp_files/7789.sh: line 3: 97076 Segmentation fault      speed3d_r2c fftw float 64 64 64 -ingrid 512 2 2 -outgrid 256 8 1 -n5
.//tmp_files/7789.sh: line 3: 97102 Segmentation fault      speed3d_r2c fftw float 64 64 64 -ingrid 512 2 2 -outg.//tmp_files/7789.sh: line 3: 97017 Segmentation fault      speed3d_r2c fftw float 64 64 64 -ingrid 512 2 2 -outgrid 256 8 1 -n5
.//tmp_files/7789.sh: line 3: 97001 Segmentation fault      speed3d_r2c fftw float 64 64 64 -ingrid 512 2 2 -outgrid 256 8 1 -n5
.//tmp_files/7789.sh: line 3: 97034 Segmentation fault      speed3d_r2c fftw float 64 64 64 -ingrid 512 2 2 -outgrid 256 8 1 -n5
.//tmp_files/7789.sh: line 3: 97033 Segmentation fault      speed3d_r2c fftw float 64 64 64 -ingrid 512 2 2 -outgrid 256 8 1 -n5
.//tmp_files/7789.sh: line 3: 97032 Segmentation fault      speed3d_r2c fftw float 64 64 64 -ingrid 512 2 2 -outgrid 256 8 1 -n5
.//tmp_files/7789.sh: line 3: 97040 Segmentation fault      speed3d_r2c fftw float 64 64 64 -ingrid 512 2 2 -outgrid 256 8 1 -n5
.//tmp_files/7789.sh: line 3: 97035 Segmentation fault      speed3d_r2c fftw float 64 64 64 -ingrid 512 2 2 -outgrid 256 8 1 -n5
.//tmp_files/7789.sh: line 3: 97036 Segmentation fault      speed3d_r2c fftw float 64 64 64 -ingrid 512 2 2 -outgrid 256 8 1 -n5
.//tmp_files/7789.sh: line 3: 97037 Segmentation fault      speed3d_r2c fftw float 64 64 64 -ingrid 512 2 2 -outgrid 256 8 1 -n5
.//tmp_files/7789.sh: line 3: 97047 Segmentation fault      speed3d_r2c fftw float 64 64 64 -ingrid 512 2 2 -outgrid 256 8 1 -n5
.//tmp_files/7789.sh: line 3: 97029 Segmentation fault      speed3d_r2c fftw float 64 64 64 -ingrid 512 2 2 -outgrid 256 8 1 -n5
.//tmp_files/7789.sh: line 3: 97044 Segmentation fault      speed3d_r2c fftw float 64 64 64 -ingrid 512 2 2 -outgrid 256 8 1 -n5
.//tmp_files/7789.sh: line 3: 97049 Segmentation fault      speed3d_r2c fftw float 64 64 64 -ingrid 512 2 2 -outgrid 256 8 1 -n5
.//tmp_files/7789.sh: line 3: 97057 Segmentation fault      speed3d_r2c fftw float 64 64 64 -ingrid 512 2 2 -outgrid 256 8 1 -n5
.//tmp_files/7789.sh: line 3: 97109 Segmentation fault      speed3d_r2c fftw float 64 64 64 -ingrid 512 2 2 -outgrid 256 8 1 -n5
.//tmp_files/7789.sh: line 3: 97070 Segmentation fault      speed3d_r2c fftw float 64 64 64 -ingrid 512 2 2 -outgrid 256 8 1 -n5
.//tmp_files/7789.sh: line 3: 97074 Segmentation fault      speed3d_r2c fftw float 64 64 64 -ingrid 512 2 2 -outgrid 256 8 1 -n5
.//tmp_files/7789.sh: line 3: 97085 Segmentation fault      speed3d_r2c fftw float 64 64 64 -ingrid 512 2 2 -outgrid 256 8 1 -n5
.//tmp_files/7789.sh: line 3: 97084 Segmentation fault      speed3d_r2c fftw float 64 64 64 -ingrid 512 2 2 -outgrid 256 8 1 -n5
.//tmp_files/7789.sh: line 3: 97076 Segmentation fault      speed3d_r2c fftw float 64 64 64 -ingrid 512 2 2 -outgrid 256 8 1 -n5
.//tmp_files/7789.sh: line 3: 97107 Segmentation fault      speed3d_r2c fftw float 64 64 64 -ingrid 512 2 2 -outgrid 256 8 1 -n5
.//tmp_files/7789.sh: line 3: 97120 Segmentation fault      speed3d_r2c fftw float 64 64 64 -ingrid 512 2 2 -outgrid 256 8 1 -n5
rid 256 8 1 -n5
.//tmp_files/7789.sh: line 3: 97085 Segmentation fault      speed3d_r2c fftw float 64 64 64 -ingrid 512 2 2 -outgrid 256 8 1 -n5
.//tmp_files/7789.sh: line 3: 97070 Segmentation fault      speed3d_r2c fftw float 64 64 64 -ingrid 512 2 2 -outgrid 256 8 1 -n5
.//tmp_files/7789.sh: line 3: 97081 Segmentation fault      speed3d_r2c fftw float 64 64 64 -ingrid 512 2 2 -outgrid 256 8 1 -n5
.//tmp_files/7789.sh: line 3: 97080 Segmentation fault      speed3d_r2c fftw float 64 64 64 -ingrid 512 2 2 -outgrid 256 8 1 -n5
.//tmp_files/7789.sh: line 3: 97084 Segmentation fault      speed3d_r2c fftw float 64 64 64 -ingrid 512 2 2 -outgrid 256 8 1 -n5
.//tmp_files/7789.sh: line 3: 97093 Segmentation fault      speed3d_r2c fftw float 64 64 64 -ingrid 512 2 2 -outgrid 256 8 1 -n5
.//tmp_files/7789.sh: line 3: 97094 Segmentation fault      speed3d_r2c fftw float 64 64 64 -ingrid 512 2 2 -outgrid 256 8 1 -n5
.//tmp_files/7789.sh: line 3: 97083 Segmentation fault      speed3d_r2c fftw float 64 64 64 -ingrid 512 2 2 -outgrid 256 8 1 -n5
.//tmp_files/7789.sh: line 3: 97086 Segmentation fault      speed3d_r2c fftw float 64 64 64 -ingrid 512 2 2 -outgrid 256 8 1 -n5
.//tmp_files/7789.sh: line 3: 97089 Segmentation fault      speed3d_r2c fftw float 64 64 64 -ingrid 512 2 2 -outgrid 256 8 1 -n5
.//tmp_files/7789.sh: line 3: 97226 Segmentation fault      speed3d_r2c fftw float 64 64 64 -ingrid 512 2 2 -outgrid 256 8 1 -n5
.//tmp_files/7789.sh: line 3: 97182 Segmentation fault      speed3d_r2c fftw float 64 64 64 -ingrid 512 2 2 -outgrid 256 8 1 -n5
.//tmp_files/7789.sh: line 3: 97216 Segmentation fault      speed3d_r2c fftw float 64 64 64 -ingrid 512 2 2 -outgrid 256 8 1 -n5
.//tmp_files/7789.sh: line 3: 97217 Segmentation fault      speed3d_r2c fftw float 64 64 64 -ingrid 512 2 2 -outgrid 256 8 1 -n5
.//tmp_files/7789.sh: line 3: 97230 Segmentation fault      speed3d_r2c fftw float 64 64 64 -ingrid 512 2 2 -outgrid 256 8 1 -n5
.//tmp_files/7789.sh: line 3: 97222 Segmentation fault      speed3d_r2c fftw float 64 64 64 -ingrid 512 2 2 -outgrid 256 8 1 -n5
.//tmp_files/7789.sh: line 3: 97195 Segmentation fault      speed3d_r2c fftw float 64 64 64 -ingrid 512 2 2 -outgrid 256 8 1 -n5
.//tmp_files/7789.sh: line 3: 97210 Segmentation fault      speed3d_r2c fftw float 64 64 64 -ingrid 512 2 2 -outgrid 256 8 1 -n5
.//tmp_files/7789.sh: line 3: 97214 Segmentation fault      speed3d_r2c fftw float 64 64 64 -ingrid 512 2 2 -outgrid 256 8 1 -n5
.//tmp_files/7789.sh: line 3: 97212 Segmentation fault      speed3d_r2c fftw float 64 64 64 -ingrid 512 2 2 -outgrid 256 8 1 -n5
.//tmp_files/7789.sh: line 3: 97221 Segmentation fault      speed3d_r2c fftw float 64 64 64 -ingrid 512 2 2 -outgrid 256 8 1 -n5
.//tmp_files/7789.sh: line 3: 97196 Segmentation fault      speed3d_r2c fftw float 64 64 64 -ingrid 512 2 2 -outgrid 256 8 1 -n5
.//tmp_files/7789.sh: line 3: 97206 Segmentation fault      speed3d_r2c fftw float 64 64 64 -ingrid 512 2 2 -outgrid 256 8 1 -n5
.//tmp_files/7789.sh: line 3: 97186 Segmentation fault      speed3d_r2c fftw float 64 64 64 -ingrid 512 2 2 -outgrid 256 8 1 -n5
.//tmp_files/7789.sh: line 3: 97231 Segmentation fault      speed3d_r2c fftw float 64 64 64 -ingrid 512 2 2 -outgrid 256 8 1 -n5
.//tmp_files/7789.sh: line 3: 97211 Segmentation fault      speed3d_r2c fftw float 64 64 64 -ingrid 512 2 2 -outgrid 256 8 1 -n5
.//tmp_files/7789.sh: line 3: 97218 Segmentation fault      speed3d_r2c fftw float 64 64 64 -ingrid 512 2 2 -outgrid 256 8 1 -n5
.//tmp_files/7789.sh: line 3: 97223 Segmentation fault      speed3d_r2c fftw float 64 64 64 -ingrid 512 2 2 -outgrid 256 8 1 -n5
.//tmp_files/7789.sh: line 3: 97219 Segmentation fault      speed3d_r2c fftw float 64 64 64 -ingrid 512 2 2 -outgrid 256 8 1 -n5
.//tmp_files/7789.sh: line 3: 97232 Segmentation fault      speed3d_r2c fftw float 64 64 64 -ingrid 512 2 2 -outgrid 256 8 1 -n5
.//tmp_files/7789.sh: line 3: 97213 Segmentation fault      speed3d_r2c fftw float 64 64 64 -ingrid 512 2 2 -outgrid 256 8 1 -n5
.//tmp_files/7789.sh: line 3: 97215 Segmentation fault      speed3d_r2c fftw float 64 64 64 -ingrid 512 2 2 -outgrid 256 8 1 -n5
rid 256 8 1 -n5
.//tmp_files/7789.sh: line 3: 97073 Segmentation fault      speed3d_r2c fftw float 64 64 64 -ingrid 512 2 2 -outgrid 256 8 1 -n5
Application 28442427 exit codes: 139
Application 28442427 exit signals: Killed
Application 28442427 resources: utime ~1919s, stime ~159s, Rss ~39740, inblocks ~84454, outblocks ~0
