.//tmp_files/7690.sh: line 3: 88163 Segmentation fault      speed3d_r2c fftw float 128 128 128 -reorder -r2c_dir 0 -ingrid 256 1 1 -outgrid 256 1 1 -n5
.//tmp_files/7690.sh: line 3: 88165 Segmentation fault      speed3d_r2c fftw float 128 128 128 -reorder -r2c_dir 0 -ingrid 256 1 1 -outgrid 256 1 1 -n5
.//tmp_files/7690.sh: line 3: 88217 Segmentation fault      speed3d_r2c fftw float 128 128 128 -reorder -r2c_dir 0 -ingrid 256 1 1 -outgrid 256 1 1 -n5
.//tmp_files/7690.sh: line 3: 88168 Segmentation fault      speed3d_r2c fftw float 128 128 128 -reorder -r2c_dir 0 -ingrid 256 1 1 -outgrid 256 1 1 -n5
.//tmp_files/7690.sh: line 3: 88161 Segmentation fault      speed3d_r2c fftw float 128 128 128 -reorder -r2c_dir 0 -ingrid 256 1 1 -outgrid 256 1 1 -n5
.//tmp_files/7690.sh: line 3: 88225 Segmentation fault      speed3d_r2c fftw float 128 128 128 -reorder -r2c_dir 0 -ingrid 256 1 1 -outgrid 256 1 1 -n5
.//tmp_files/7690.sh: line 3: 89793 Segmentation fault      speed3d_r2c fftw float 128 128 128 -reorder -r2c_dir 0 -ingrid 256 1 1 -outgrid 256 1 1 -n5
[NID 01128] 2023-11-06 09:00:35 Apid 28965556: initiated application termination
.//tmp_files/7690.sh: line 3: 88175 Segmentation fault      speed3d_r2c fftw float 128 128 128 -reorder -r2c_dir 0 -ingrid 256 1 1 -outgrid 256 1 1 -n5
.//tmp_files/7690.sh: line 3: 88219 Segmentation fault      speed3d_r2c fftw float 128 128 128 -reorder -r2c_dir 0 -ingrid 256 1 1 -outgrid 256 1 1 -n5
.//tmp_files/7690.sh: line 3: 88226 Segmentation fault      speed3d_r2c fftw float 128 128 128 -reorder -r2c_dir 0 -ingrid 256 1 1 -outgrid 256 1 1 -n5
.//tmp_files/7690.sh: line 3: 88216 Segmentation fault      speed3d_r2c fftw float 128 128 128 -reorder -r2c_dir 0 -ingrid 256 1 1 -outgrid 256 1 1 -n5
.//tmp_files/7690.sh: line 3: 89794 Segmentation fault      speed3d_r2c fftw float 128 128 128 -reorder -r2c_dir 0 -ingrid 256 1 1 -outgrid 256 1 1 -n5
.//tmp_files/7690.sh: line 3: 89770 Segmentation fault      speed3d_r2c fftw float 128 128 128 -reorder -r2c_dir 0 -ingrid 256 1 1 -outgrid 256 1 1 -n5
.//tmp_files/7690.sh: line 3: 89820 Segmentation fault      speed3d_r2c fftw float 128 128 128 -reorder -r2c_dir 0 -ingrid 256 1 1 -outgrid 256 1 1 -n5
.//tmp_files/7690.sh: line 3: 89787 Segmentation fault      speed3d_r2c fftw float 128 128 128 -reorder -r2c_dir 0 -ingrid 256 1 1 -outgrid 256 1 1 -n5
.//tmp_files/7690.sh: line 3: 89824 Segmentation fault      speed3d_r2c fftw float 128 128 128 -reorder -r2c_dir 0 -ingrid 256 1 1 -outgrid 256 1 1 -n5
.//tmp_files/7690.sh: line 3: 89814 Segmentation fault      speed3d_r2c fftw float 128 128 128 -reorder -r2c_dir 0 -ingrid 256 1 1 -outgrid 256 1 1 -n5
.//tmp_files/7690.sh: line 3: 88151 Segmentation fault      speed3d_r2c fftw float 128 128 128 -reorder -r2c_dir 0 -ingrid 256 1 1 -outgrid 256 1 1 -n5
.//tmp_files/7690.sh: line 3: 88219 Segmentation fault      speed3d_r2c fftw float 128 128 128 -reorder -r2c_dir 0 -ingrid 256 1 1 -outgrid 256 1 1 -n5
.//tmp_files/7690.sh: line 3: 89818 Segmentation fault      speed3d_r2c fftw float 128 128 128 -reorder -r2c_dir 0 -ingrid 256 1 1 -outgrid 256 1 1 -n5
.//tmp_files/7690.sh: line 3: 88214 Segmentation fault      speed3d_r2c fftw float 128 128 128 -reorder -r2c_dir 0 -ingrid 256 1 1 -outgrid 256 1 1 -n5
.//tmp_files/7690.sh: line 3: 88159 Segmentation fault      speed3d_r2c fftw float 128 128 128 -reorder -r2c_dir 0 -ingrid 256 1 1 -outgrid 256 1 1 -n5
.//tmp_files/7690.sh: line 3: 88152 Segmentation fault      speed3d_r2c fftw float 128 128 128 -reorder -r2c_dir 0 -ingrid 256 1 1 -outgrid 256 1 1 -n5
.//tmp_files/7690.sh: line 3: 88181 Segmentation fault      speed3d_r2c fftw float 128 128 128 -reorder -r2c_dir 0 -ingrid 256 1 1 -outgrid 256 1 1 -n5
.//tmp_files/7690.sh: line 3: 88222 Segmentation fault      speed3d_r2c fftw float 128 128 128 -reorder -r2c_dir 0 -ingrid 256 1 1 -outgrid 256 1 1 -n5
.//tmp_files/7690.sh: line 3: 88218 Segmentation fault      speed3d_r2c fftw float 128 128 128 -reorder -r2c_dir 0 -ingrid 256 1 1 -outgrid 256 1 1 -n5
.//tmp_files/7690.sh: line 3: 88171 Segmentation fault      speed3d_r2c fftw float 128 128 128 -reorder -r2c_dir 0 -ingrid 256 1 1 -outgrid 256 1 1 -n5
.//tmp_files/7690.sh: line 3: 88174 Segmentation fault      speed3d_r2c fftw float 128 128 128 -reorder -r2c_dir 0 -ingrid 256 1 1 -outgrid 256 1 1 -n5
.//tmp_files/7690.sh: line 3: 88155 Segmentation fault      speed3d_r2c fftw float 128 128 128 -reorder -r2c_dir 0 -ingrid 256 1 1 -outgrid 256 1 1 -n5
.//tmp_files/7690.sh: line 3: 88164 Segmentation fault      speed3d_r2c fftw float 128 128 128 -reorder -r2c_dir 0 -ingrid 256 1 1 -outgrid 256 1 1 -n5
.//tmp_files/7690.sh: line 3: 88184 Segmentation fault      speed3d_r2c fftw float 128 128 128 -reorder -r2c_dir 0 -ingrid 256 1 1 -outgrid 256 1 1 -n5
.//tmp_files/7690.sh: line 3: 88205 Segmentation fault      speed3d_r2c fftw float 128 128 128 -reorder -r2c_dir 0 -ingrid 256 1 1 -outgrid 256 1 1 -n5
.//tmp_files/7690.sh: line 3: 88213 Segmentation fault      speed3d_r2c fftw float 128 128 128 -reorder -r2c_dir 0 -ingrid 256 1 1 -outgrid 256 1 1 -n5
.//tmp_files/7690.sh: line 3: 88184 Segmentation fault      speed3d_r2c fftw float 128 128 128 -reorder -r2c_dir 0 -ingrid 256 1 1 -outgrid 256 1 1 -n5
.//tmp_files/7690.sh: line 3: 88215 Segmentation fault      speed3d_r2c fftw float 128 128 128 -reorder -r2c_dir 0 -ingrid 256 1 1 -outgrid 256 1 1 -n5
.//tmp_files/7690.sh: line 3: 88198 Segmentation fault      speed3d_r2c fftw float 128 128 128 -reorder -r2c_dir 0 -ingrid 256 1 1 -outgrid 256 1 1 -n5
.//tmp_files/7690.sh: line 3: 88196 Segmentation fault      speed3d_r2c fftw float 128 128 128 -reorder -r2c_dir 0 -ingrid 256 1 1 -outgrid 256 1 1 -n5
.//tmp_files/7690.sh: line 3: 88228 Segmentation fault      speed3d_r2c fftw float 128 128 128 -reorder -r2c_dir 0 -ingrid 256 1 1 -outgrid 256 1 1 -n5
.//tmp_files/7690.sh: line 3: 88164 Segmentation fault      speed3d_r2c fftw float 128 128 128 -reorder -r2c_dir 0 -ingrid 256 1 1 -outgrid 256 1 1 -n5
.//tmp_files/7690.sh: line 3: 88160 Segmentation fault      speed3d_r2c fftw float 128 128 128 -reorder -r2c_dir 0 -ingrid 256 1 1 -outgrid 256 1 1 -n5
.//tmp_files/7690.sh: line 3: 88175 Segmentation fault      speed3d_r2c fftw float 128 128 128 -reorder -r2c_dir 0 -ingrid 256 1 1 -outgrid 256 1 1 -n5
.//tmp_files/7690.sh: line 3: 88201 Segmentation fault      speed3d_r2c fftw float 128 128 128 -reorder -r2c_dir 0 -ingrid 256 1 1 -outgrid 256 1 1 -n5
.//tmp_files/7690.sh: line 3: 88182 Segmentation fault      speed3d_r2c fftw float 128 128 128 -reorder -r2c_dir 0 -ingrid 256 1 1 -outgrid 256 1 1 -n5
.//tmp_files/7690.sh: line 3: 88152 Segmentation fault      speed3d_r2c fftw float 128 128 128 -reorder -r2c_dir 0 -ingrid 256 1 1 -outgrid 256 1 1 -n5
.//tmp_files/7690.sh: line 3: 88153 Segmentation fault      speed3d_r2c fftw float 128 128 128 -reorder -r2c_dir 0 -ingrid 256 1 1 -outgrid 256 1 1 -n5
.//tmp_files/7690.sh: line 3: 88178 Segmentation fault      speed3d_r2c fftw float 128 128 128 -reorder -r2c_dir 0 -ingrid 256 1 1 -outgrid 256 1 1 -n5
.//tmp_files/7690.sh: line 3: 88151 Segmentation fault      speed3d_r2c fftw float 128 128 128 -reorder -r2c_dir 0 -ingrid 256 1 1 -outgrid 256 1 1 -n5
.//tmp_files/7690.sh: line 3: 88172 Segmentation fault      speed3d_r2c fftw float 128 128 128 -reorder -r2c_dir 0 -ingrid 256 1 1 -outgrid 256 1 1 -n5
.//tmp_files/7690.sh: line 3: 88166 Segmentation fault      speed3d_r2c fftw float 128 128 128 -reorder -r2c_dir 0 -ingrid 256 1 1 -outgrid 256 1 1 -n5
.//tmp_files/7690.sh: line 3: 88204 Segmentation fault      speed3d_r2c fftw float 128 128 128 -reorder -r2c_dir 0 -ingrid 256 1 1 -outgrid 256 1 1 -n5
.//tmp_files/7690.sh: line 3: 88207 Segmentation fault      speed3d_r2c fftw float 128 128 128 -reorder -r2c_dir 0 -ingrid 256 1 1 -outgrid 256 1 1 -n5
.//tmp_files/7690.sh: line 3: 88168 Segmentation fault      speed3d_r2c fftw float 128 128 128 -reorder -r2c_dir 0 -ingrid 256 1 1 -outgrid 256 1 1 -n5
.//tmp_files/7690.sh: line 3: 88156 Segmentation fault      speed3d_r2c fftw float 128 128 128 -reorder -r2c_dir 0 -ingrid 256 1 1 -outgrid 256 1 1 -n5
.//tmp_files/7690.sh: line 3: 88213 Segmentation fault      speed3d_r2c fftw float 128 128 128 -reorder -r2c_dir 0 -ingrid 256 1 1 -outgrid 256 1 1 -n5
.//tmp_files/7690.sh: line 3: 88212 Segmentation fault      speed3d_r2c fftw float 128 128 128 -reorder -r2c_dir 0 -ingrid 256 1 1 -outgrid 256 1 1 -n5
.//tmp_files/7690.sh: line 3: 88157 Segmentation fault      speed3d_r2c fftw float 128 128 128 -reorder -r2c_dir 0 -ingrid 256 1 1 -outgrid 256 1 1 -n5
.//tmp_files/7690.sh: line 3: 88196 Segmentation fault      speed3d_r2c fftw float 128 128 128 -reorder -r2c_dir 0 -ingrid 256 1 1 -outgrid 256 1 1 -n5
.//tmp_files/7690.sh: line 3: 88195 Segmentation fault      speed3d_r2c fftw float 128 128 128 -reorder -r2c_dir 0 -ingrid 256 1 1 -outgrid 256 1 1 -n5
.//tmp_files/7690.sh: line 3: 88150 Segmentation fault      speed3d_r2c fftw float 128 128 128 -reorder -r2c_dir 0 -ingrid 256 1 1 -outgrid 256 1 1 -n5
.//tmp_files/7690.sh: line 3: 88165 Segmentation fault      speed3d_r2c fftw float 128 128 128 -reorder -r2c_dir 0 -ingrid 256 1 1 -outgrid 256 1 1 -n5
.//tmp_files/7690.sh: line 3: 88159 Segmentation fault      speed3d_r2c fftw float 128 128 128 -reorder -r2c_dir 0 -ingrid 256 1 1 -outgrid 256 1 1 -n5
.//tmp_files/7690.sh: line 3: 88223 Segmentation fault      speed3d_r2c fftw float 128 128 128 -reorder -r2c_dir 0 -ingrid 256 1 1 -outgrid 256 1 1 -n5
.//tmp_files/7690.sh: line 3: 88147 Segmentation fault      speed3d_r2c .//tmp_files/7690.sh: line 3: 88180 Segmentation fault      speed3d_r2c fftw float 128 128 128 -reorder -r2c_dir 0 -ingrid 256 1 1 -outgrid 256 1 1 -n5
.//tmp_files/7690.sh: line 3: 88226 Segmentation fault      speed3d_r2c fftw float 128 128 128 -reorder -r2c_dir 0 -ingrid 256 1 1 -outgrid 256 1 1 -n5
.//tmp_files/7690.sh: line 3: 88148 Segmentation fault      speed3d_r2c fftw float 128 128 128 -reorder -r2c_dir 0 -ingrid 256 1 1 -outgrid 256 1 1 -n5
.//tmp_files/7690.sh: line 3: 88222 Segmentation fault      speed3d_r2c fftw float 128 128 128 -reorder -r2c_dir 0 -ingrid 256 1 1 -outgrid 256 1 1 -n5
.//tmp_files/7690.sh: line 3: 88176 Segmentation fault      speed3d_r2c fftw float 128 128 128 -reorder -r2c_dir 0 -ingrid 256 1 1 -outgrid 256 1 1 -n5
fftw float 128 128 128 -reorder -r2c_dir 0 -ingrid 256 1 1 -outgrid 256 1 1 -n5
.//tmp_files/7690.sh: line 3: 88217 Segmentation fault      speed3d_r2c fftw float 128 128 128 -reorder -r2c_dir 0 -ingrid 256 1 1 -outgrid 256 1 1 -n5
.//tmp_files/7690.sh: line 3: 88205 Segmentation fault      speed3d_r2c fftw float 128 128 128 -reorder -r2c_dir 0 -ingrid 256 1 1 -outgrid 256 1 1 -n5
.//tmp_files/7690.sh: line 3: 88206 Segmentation fault      speed3d_r2c fftw float 128 128 128 -reorder -r2c_dir 0 -ingrid 256 1 1 -outgrid 256 1 1 -n5
.//tmp_files/7690.sh: line 3: 88149 Segmentation fault      speed3d_r2c fftw float 128 128 128 -reorder -r2c_dir 0 -ingrid 256 1 1 -outgrid 256 1 1 -n5
.//tmp_files/7690.sh: line 3: 88177 Segmentation fault      speed3d_r2c fftw float 128 128 128 -reorder -r2c_dir 0 -ingrid 256 1 1 -outgrid 256 1 1 -n5
.//tmp_files/7690.sh: line 3: 88180 Segmentation fault      speed3d_r2c fftw float 128 128 128 -reorder -r2c_dir 0 -ingrid 256 1 1 -outgrid 256 1 1 -n5
.//tmp_files/7690.sh: line 3: 88183 Segmentation fault      speed3d_r2c fftw float 128 128 128 -reorder -r2c_dir 0 -ingrid 256 1 1 -outgrid 256 1 1 -n5
.//tmp_files/7690.sh: line 3: 88231 Segmentation fault      speed3d_r2c fftw float 128 128 128 -reorder -r2c_dir 0 -ingrid 256 1 1 -outgrid 256 1 1 -n5
.//tmp_files/7690.sh: line 3: 88229 Segmentation fault      speed3d_r2c fftw float 128 128 128 -reorder -r2c_dir 0 -ingrid 256 1 1 -outgrid 256 1 1 -n5
.//tmp_files/7690.sh: line 3: 88155 Segmentation fault      speed3d_r2c fftw float 128 128 128 -reorder -r2c_dir 0 -ingrid 256 1 1 -outgrid 256 1 1 -n5
.//tmp_files/7690.sh: line 3: 88214 Segmentation fault      speed3d_r2c fftw float 128 128 128 -reorder -r2c_dir 0 -ingrid 256 1 1 -outgrid 256 1 1 -n5
.//tmp_files/7690.sh: line 3: 88220 Segmentation fault      speed3d_r2c fftw float 128 128 128 -reorder -r2c_dir 0 -ingrid 256 1 1 -outgrid 256 1 1 -n5
.//tmp_files/7690.sh: line 3: 88193 Segmentation fault      speed3d_r2c fftw float 128 128 128 -reorder -r2c_dir 0 -ingrid 256 1 1 -outgrid 256 1 1 -n5
.//tmp_files/7690.sh: line 3: 88227 Segmentation fault      speed3d_r2c fftw float 128 128 128 -reorder -r2c_dir 0 -ingrid 256 1 1 -outgrid 256 1 1 -n5
.//tmp_files/7690.sh: line 3: 88154 Segmentation fault      speed3d_r2c fftw float 128 128 128 -reorder -r2c_dir 0 -ingrid 256 1 1 -outgrid 256 1 1 -n5
.//tmp_files/7690.sh: line 3: 88188 Segmentation fault      speed3d_r2c fftw float 128 128 128 -reorder -r2c_dir 0 -ingrid 256 1 1 -outgrid 256 1 1 -n5
.//tmp_files/7690.sh: line 3: 88170 Segmentation fault      speed3d_r2c fftw float 128 128 128 -reorder -r2c_dir 0 -ingrid 256 1 1 -outgrid 256 1 1 -n5
.//tmp_files/7690.sh: line 3: 88169 Segmentation fault      speed3d_r2c fftw float 128 128 128 -reorder -r2c_dir 0 -ingrid 256 1 1 -outgrid 256 1 1 -n5
.//tmp_files/7690.sh: line 3: 88154 Segmentation fault      speed3d_r2c fftw float 128 128 128 -reorder -r2c_dir 0 -ingrid 256 1 1 -outgrid 256 1 1 -n5
.//tmp_files/7690.sh: line 3: 88216 Segmentation fault      speed3d_r2c fftw float 128 128 128 -reorder -r2c_dir 0 -ingrid 256 1 1 -outgrid 256 1 1 -n5
.//tmp_files/7690.sh: line 3: 88190 Segmentation fault      speed3d_r2c fftw float 128 128 128 -reorder -r2c_dir 0 -ingrid 256 1 1 -outgrid 256 1 1 -n5
.//tmp_files/7690.sh: line 3: 88158 Segmentation fault      speed3d_r2c fftw float 128 128 128 -reorder -r2c_dir 0 -ingrid 256 1 1 -outgrid 256 1 1 -n5
.//tmp_files/7690.sh: line 3: 88221 Segmentation fault      speed3d_r2c fftw float 128 128 128 -reorder -r2c_dir 0 -ingrid 256 1 1 -outgrid 256 1 1 -n5
.//tmp_files/7690.sh: line 3: 88230 Segmentation fault      speed3d_r2c fftw float 128 128 128 -reorder -r2c_dir 0 -ingrid 256 1 1 -outgrid 256 1 1 -n5
.//tmp_files/7690.sh: line 3: 88160 Segmentation fault      speed3d_r2c fftw float 128 128 128 -reorder -r2c_dir 0 -ingrid 256 1 1 -outgrid 256 1 1 -n5
.//tmp_files/7690.sh: line 3: 88166 Segmentation fault      speed3d_r2c fftw float 128 128 128 -reorder -r2c_dir 0 -ingrid 256 1 1 -outgrid 256 1 1 -n5
.//tmp_files/7690.sh: line 3: 88171 Segmentation fault      speed3d_r2c fftw float 128 128 128 -reorder -r2c_dir 0 -ingrid 256 1 1 -outgrid 256 1 1 -n5
.//tmp_files/7690.sh: line 3: 88188 Segmentation fault      speed3d_r2c fftw float 128 128 128 -reorder -r2c_dir 0 -ingrid 256 1 1 -outgrid 256 1 1 -n5
.//tmp_files/7690.sh: line 3: 88221 Segmentation fault      speed3d_r2c fftw float 128 128 128 -reorder -r2c_dir 0 -ingrid 256 1 1 -outgrid 256 1 1 -n5
.//tmp_files/7690.sh: line 3: 88228 Segmentation fault      speed3d_r2c fftw float 128 128 128 -reorder -r2c_dir 0 -ingrid 256 1 1 -outgrid 256 1 1 -n5
.//tmp_files/7690.sh: line 3: 88227 Segmentation fault      speed3d_r2c fftw float 128 128 128 -reorder -r2c_dir 0 -ingrid 256 1 1 -outgrid 256 1 1 -n5
.//tmp_files/7690.sh: line 3: 88218 Segmentation fault      speed3d_r2c fftw float 128 128 128 -reorder -r2c_dir 0 -ingrid 256 1 1 -outgrid 256 1 1 -n5
.//tmp_files/7690.sh: line 3: 88223 Segmentation fault      speed3d_r2c fftw float 128 128 128 -reorder -r2c_dir 0 -ingrid 256 1 1 -outgrid 256 1 1 -n5
.//tmp_files/7690.sh: line 3: 88177 Segmentation fault      speed3d_r2c fftw float 128 128 128 -reorder -r2c_dir 0 -ingrid 256 1 1 -outgrid 256 1 1 -n5
.//tmp_files/7690.sh: line 3: 88158 Segmentation fault      speed3d_r2c fftw float 128 128 128 -reorder -r2c_dir 0 -ingrid 256 1 1 -outgrid 256 1 1 -n5
.//tmp_files/7690.sh: line 3: 88156 Segmentation fault      speed3d_r2c fftw float 128 128 128 -reorder -r2c_dir 0 -ingrid 256 1 1 -outgrid 256 1 1 -n5
.//tmp_files/7690.sh: line 3: 88190 Segmentation fault      speed3d_r2c fftw float 128 128 128 -reorder -r2c_dir 0 -ingrid 256 1 1 -outgrid 256 1 1 -n5
.//tmp_files/7690.sh: line 3: 88149 Segmentation fault      speed3d_r2c fftw float 128 128 128 -reorder -r2c_dir 0 -ingrid 256 1 1 -outgrid 256 1 1 -n5
.//tmp_files/7690.sh: line 3: 88179 Segmentation fault      speed3d_r2c fftw float 128 128 128 -reorder -r2c_dir 0 -ingrid 256 1 1 -outgrid 256 1 1 -n5
.//tmp_files/7690.sh: line 3: 88183 Segmentation fault      speed3d_r2c fftw float 128 128 128 -reorder -r2c_dir 0 -ingrid 256 1 1 -outgrid 256 1 1 -n5
.//tmp_files/7690.sh: line 3: 88192 Segmentation fault      speed3d_r2c fftw float 128 128 128 -reorder -r2c_dir 0 -ingrid 256 1 1 -outgrid 256 1 1 -n5
.//tmp_files/7690.sh: line 3: 88157 Segmentation fault      speed3d_r2c .//tmp_files/7690.sh: line 3: 88162 Segmentation fault      speed3d_r2c fftw float 128 128 128 -reorder -r2c_dir 0 -ingrid 256 1 1 -outgrid 256 1 1 -n5
fftw float 128 128 128 -reorder -r2c_dir 0 -ingrid 256 1 1 -outgrid 256 1 1 -n5
.//tmp_files/7690.sh: line 3: 88167 Segmentation fault      speed3d_r2c fftw float 128 128 128 -reorder -r2c_dir 0 -ingrid 256 1 1 -outgrid 256 1 1 -n5
Application 28965556 exit codes: 139
Application 28965556 exit signals: Killed
Application 28965556 resources: utime ~22s, stime ~38s, Rss ~42968, inblocks ~202506, outblocks ~0
