.//tmp_files/1600.sh: line 3: 87667 Segmentation fault      speed3d_r2c fftw float 1024 1024 1024 -reorder -pencils -r2c_dir 0 -outgrid 1024 1 1
[NID 00202] 2023-07-01 14:43:12 Apid 28418003: initiated application termination
.//tmp_files/1600.sh: line 3: 84023 Segmentation fault      speed3d_r2c fftw float 1024 1024 1024 -reorder -pencils -r2c_dir 0 -outgrid 1024 1 1
.//tmp_files/1600.sh: line 3: 84019 Segmentation fault      speed3d_r2c fftw float 1024 1024 1024 -reorder -pencils -r2c_dir 0 -outgrid 1024 1 1
.//tmp_files/1600.sh: line 3: 83952 Segmentation fault      speed3d_r2c fftw float 1024 1024 1024 -reorder -pencils -r2c_dir 0 -outgrid 1024 1 1
.//tmp_files/1600.sh: line 3: 87688 Segmentation fault      speed3d_r2c fftw float 1024 1024 1024 -reorder -pencils -r2c_dir 0 -outgrid 1024 1 1
.//tmp_files/1600.sh: line 3: 87694 Segmentation fault      speed3d_r2c fftw float 1024 1024 1024 -reorder -pencils -r2c_dir 0 -outgrid 1024 1 1
.//tmp_files/1600.sh: line 3: 87732 Segmentation fault      speed3d_r2c fftw float 1024 1024 1024 -reorder -pencils -r2c_dir 0 -outgrid 1024 1 1
.//tmp_files/1600.sh: line 3: 87657 Segmentation fault      speed3d_r2c fftw float 1024 1024 1024 -reorder -pencils -r2c_dir 0 -outgrid 1024 1 1
.//tmp_files/1600.sh: line 3: 87666 Segmentation fault      speed3d_r2c fftw float 1024 1024 1024 -reorder -pencils -r2c_dir 0 -outgrid 1024 1 1
.//tmp_files/1600.sh: line 3: 87654 Segmentation fault      speed3d_r2c fftw float 1024 1024 1024 -reorder -pencils -r2c_dir 0 -outgrid 1024 1 1
.//tmp_files/1600.sh: line 3: 87680 Segmentation fault      speed3d_r2c fftw float 1024 1024 1024 -reorder -pencils -r2c_dir 0 -outgrid 1024 1 1
.//tmp_files/1600.sh: line 3: 94964 Segmentation fault      speed3d_r2c fftw float 1024 1024 1024 -reorder -pencils -r2c_dir 0 -outgrid 1024 1 1
.//tmp_files/1600.sh: line 3: 94937 Segmentation fault      speed3d_r2c fftw float 1024 1024 1024 -reorder -pencils -r2c_dir 0 -outgrid 1024 1 1
.//tmp_files/1600.sh: line 3: 87686 Segmentation fault      speed3d_r2c fftw float 1024 1024 1024 -reorder -pencils -r2c_dir 0 -outgrid 1024 1 1
.//tmp_files/1600.sh: line 3: 87672 Segmentation fault      speed3d_r2c fftw float 1024 1024 1024 -reorder -pencils -r2c_dir 0 -outgrid 1024 1 1
.//tmp_files/1600.sh: line 3: 87661 Segmentation fault      speed3d_r2c fftw float 1024 1024 1024 -reorder -pencils -r2c_dir 0 -outgrid 1024 1 1
.//tmp_files/1600.sh: line 3: 80494 Segmentation fault      speed3d_r2c fftw float 1024 1024 1024 -reorder -pencils -r2c_dir 0 -outgrid 1024 1 1
.//tmp_files/1600.sh: line 3: 87662 Segmentation fault      speed3d_r2c fftw float 1024 1024 1024 -reorder -pencils -r2c_dir 0 -outgrid 1024 1 1
.//tmp_files/1600.sh: line 3: 84009 Segmentation fault      speed3d_r2c fftw float 1024 1024 1024 -reorder -pencils -r2c_dir 0 -outgrid 1024 1 1
.//tmp_files/1600.sh: line 3: 108053 Segmentation fault      speed3d_r2c fftw float 1024 1024 1024 -reorder -pencils -r2c_dir 0 -outgrid 1024 1 1
.//tmp_files/1600.sh: line 3: 108052 Segmentation fault      speed3d_r2c fftw float 1024 1024 1024 -reorder -pencils -r2c_dir 0 -outgrid 1024 1 1
.//tmp_files/1600.sh: line 3: 108007 Segmentation fault      speed3d_r2c fftw float 1024 1024 1024 -reorder -pencils -r2c_dir 0 -outgrid 1024 1 1
.//tmp_files/1600.sh: line 3: 107990 Segmentation fault      speed3d_r2c fftw float 1024 1024 1024 -reorder -pencils -r2c_dir 0 -outgrid 1024 1 1
.//tmp_files/1600.sh: line 3: 108019 Segmentation fault      speed3d_r2c fftw float 1024 1024 1024 -reorder -pencils -r2c_dir 0 -outgrid 1024 1 1
.//tmp_files/1600.sh: line 3: 108020 Segmentation fault      speed3d_r2c fftw float 1024 1024 1024 -reorder -pencils -r2c_dir 0 -outgrid 1024 1 1
.//tmp_files/1600.sh: line 3: 108070 Segmentation fault      speed3d_r2c fftw float 1024 1024 1024 -reorder -pencils -r2c_dir 0 -outgrid 1024 1 1
.//tmp_files/1600.sh: line 3: 108005 Segmentation fault      speed3d_r2c fftw float 1024 1024 1024 -reorder -pencils -r2c_dir 0 -outgrid 1024 1 1
.//tmp_files/1600.sh: line 3: 107993 Segmentation fault      speed3d_r2c fftw float 1024 1024 1024 -reorder -pencils -r2c_dir 0 -outgrid 1024 1 1
.//tmp_files/1600.sh: line 3: 108011 Segmentation fault      speed3d_r2c fftw float 1024 1024 1024 -reorder -pencils -r2c_dir 0 -outgrid 1024 1 1
.//tmp_files/1600.sh: line 3: 92493 Segmentation fault      speed3d_r2c fftw float 1024 1024 1024 -reorder -pencils -r2c_dir 0 -outgrid 1024 1 1
.//tmp_files/1600.sh: line 3: 92468 Segmentation fault      speed3d_r2c fftw float 1024 1024 1024 -reorder -pencils -r2c_dir 0 -outgrid 1024 1 1
.//tmp_files/1600.sh: line 3: 92522 Segmentation fault      speed3d_r2c fftw float 1024 1024 1024 -reorder -pencils -r2c_dir 0 -outgrid 1024 1 1
.//tmp_files/1600.sh: line 3: 92527 Segmentation fault      speed3d_r2c fftw float 1024 1024 1024 -reorder -pencils -r2c_dir 0 -outgrid 1024 1 1
.//tmp_files/1600.sh: line 3: 92498 Segmentation fault      speed3d_r2c fftw float 1024 1024 1024 -reorder -pencils -r2c_dir 0 -outgrid 1024 1 1
.//tmp_files/1600.sh: line 3: 92531 Segmentation fault      speed3d_r2c fftw float 1024 1024 1024 -reorder -pencils -r2c_dir 0 -outgrid 1024 1 1
.//tmp_files/1600.sh: line 3: 92530 Segmentation fault      speed3d_r2c fftw float 1024 1024 1024 -reorder -pencils -r2c_dir 0 -outgrid 1024 1 1
.//tmp_files/1600.sh: line 3: 96036 Segmentation fault      speed3d_r2c fftw float 1024 1024 1024 -reorder -pencils -r2c_dir 0 -outgrid 1024 1 1
.//tmp_files/1600.sh: line 3: 96066 Segmentation fault      speed3d_r2c fftw float 1024 1024 1024 -reorder -pencils -r2c_dir 0 -outgrid 1024 1 1
.//tmp_files/1600.sh: line 3: 96086 Segmentation fault      speed3d_r2c fftw float 1024 1024 1024 -reorder -pencils -r2c_dir 0 -outgrid 1024 1 1
.//tmp_files/1600.sh: line 3: 94958 Segmentation fault      speed3d_r2c fftw float 1024 1024 1024 -reorder -pencils -r2c_dir 0 -outgrid 1024 1 1
.//tmp_files/1600.sh: line 3: 94942 Segmentation fault      speed3d_r2c fftw float 1024 1024 1024 -reorder -pencils -r2c_dir 0 -outgrid 1024 1 1
.//tmp_files/1600.sh: line 3: 94941 Segmentation fault      speed3d_r2c fftw float 1024 1024 1024 -reorder -pencils -r2c_dir 0 -outgrid 1024 1 1
.//tmp_files/1600.sh: line 3: 94956 Segmentation fault      speed3d_r2c fftw float 1024 1024 1024 -reorder -pencils -r2c_dir 0 -outgrid 1024 1 1
.//tmp_files/1600.sh: line 3: 94915 Segmentation fault      speed3d_r2c fftw float 1024 1024 1024 -reorder -pencils -r2c_dir 0 -outgrid 1024 1 1
.//tmp_files/1600.sh: line 3: 94946 Segmentation fault      speed3d_r2c fftw float 1024 1024 1024 -reorder -pencils -r2c_dir 0 -outgrid 1024 1 1
.//tmp_files/1600.sh: line 3: 94954 Segmentation fault      speed3d_r2c fftw float 1024 1024 1024 -reorder -pencils -r2c_dir 0 -outgrid 1024 1 1
.//tmp_files/1600.sh: line 3: 94932 Segmentation fault      speed3d_r2c fftw float 1024 1024 1024 -reorder -pencils -r2c_dir 0 -outgrid 1024 1 1
.//tmp_files/1600.sh: line 3: 94949 Segmentation fault      speed3d_r2c fftw float 1024 1024 1024 -reorder -pencils -r2c_dir 0 -outgrid 1024 1 1
.//tmp_files/1600.sh: line 3: 94952 Segmentation fault      speed3d_r2c fftw float 1024 1024 1024 -reorder -pencils -r2c_dir 0 -outgrid 1024 1 1
.//tmp_files/1600.sh: line 3: 94919 Segmentation fault      speed3d_r2c fftw float 1024 1024 1024 -reorder -pencils -r2c_dir 0 -outgrid 1024 1 1
.//tmp_files/1600.sh: line 3: 94935 Segmentation fault      speed3d_r2c fftw float 1024 1024 1024 -reorder -pencils -r2c_dir 0 -outgrid 1024 1 1
.//tmp_files/1600.sh: line 3: 94936 Segmentation fault      speed3d_r2c fftw float 1024 1024 1024 -reorder -pencils -r2c_dir 0 -outgrid 1024 1 1
.//tmp_files/1600.sh: line 3: 94939 Segmentation fault      speed3d_r2c fftw float 1024 1024 1024 -reorder -pencils -r2c_dir 0 -outgrid 1024 1 1
.//tmp_files/1600.sh: line 3: 94940 Segmentation fault      speed3d_r2c fftw float 1024 1024 1024 -reorder -pencils -r2c_dir 0 -outgrid 1024 1 1
.//tmp_files/1600.sh: line 3: 94948 Segmentation fault      speed3d_r2c fftw float 1024 1024 1024 -reorder -pencils -r2c_dir 0 -outgrid 1024 1 1
.//tmp_files/1600.sh: line 3: 94947 Segmentation fault      speed3d_r2c fftw float 1024 1024 1024 -reorder -pencils -r2c_dir 0 -outgrid 1024 1 1
.//tmp_files/1600.sh: line 3: 94966 Segmentation fault      speed3d_r2c fftw float 1024 1024 1024 -reorder -pencils -r2c_dir 0 -outgrid 1024 1 1
.//tmp_files/1600.sh: line 3: 94970 Segmentation fault      speed3d_r2c fftw float 1024 1024 1024 -reorder -pencils -r2c_dir 0 -outgrid 1024 1 1
.//tmp_files/1600.sh: line 3: 94965 Segmentation fault      speed3d_r2c fftw float 1024 1024 1024 -reorder -pencils -r2c_dir 0 -outgrid 1024 1 1
.//tmp_files/1600.sh: line 3: 94968 Segmentation fault      speed3d_r2c fftw float 1024 1024 1024 -reorder -pencils -r2c_dir 0 -outgrid 1024 1 1
.//tmp_files/1600.sh: line 3: 94969 Segmentation fault      speed3d_r2c fftw float 1024 1024 1024 -reorder -pencils -r2c_dir 0 -outgrid 1024 1 1
.//tmp_files/1600.sh: line 3: 94963 Segmentation fault      speed3d_r2c fftw float 1024 1024 1024 -reorder -pencils -r2c_dir 0 -outgrid 1024 1 1
.//tmp_files/1600.sh: line 3: 94959 Segmentation fault      speed3d_r2c fftw float 1024 1024 1024 -reorder -pencils -r2c_dir 0 -outgrid 1024 1 1
.//tmp_files/1600.sh: line 3: 94961 Segmentation fault      speed3d_r2c fftw float 1024 1024 1024 -reorder -pencils -r2c_dir 0 -outgrid 1024 1 1
.//tmp_files/1600.sh: line 3: 94953 Segmentation fault      speed3d_r2c fftw float 1024 1024 1024 -reorder -pencils -r2c_dir 0 -outgrid 1024 1 1
.//tmp_files/1600.sh: line 3: 94934 Segmentation fault      speed3d_r2c fftw float 1024 1024 1024 -reorder -pencils -r2c_dir 0 -outgrid 1024 1 1
.//tmp_files/1600.sh: line 3: 94951 Segmentation fault      speed3d_r2c fftw float 1024 1024 1024 -reorder -pencils -r2c_dir 0 -outgrid 1024 1 1
.//tmp_files/1600.sh: line 3: 94960 Segmentation fault      speed3d_r2c fftw float 1024 1024 1024 -reorder -pencils -r2c_dir 0 -outgrid 1024 1 1
.//tmp_files/1600.sh: line 3: 94962 Segmentation fault      speed3d_r2c fftw float 1024 1024 1024 -reorder -pencils -r2c_dir 0 -outgrid 1024 1 1
.//tmp_files/1600.sh: line 3: 94945 Segmentation fault      speed3d_r2c fftw float 1024 1024 1024 -reorder -pencils -r2c_dir 0 -outgrid 1024 1 1
Application 28418003 exit codes: 139
Application 28418003 exit signals: Killed
Application 28418003 resources: utime ~100s, stime ~117s, Rss ~95272, inblocks ~57646, outblocks ~0
