“RANK= 0 LOCAL_RANK= 0 gpu= 3”
“RANK= 2 LOCAL_RANK= 2 gpu= 1”
“RANK= 3 LOCAL_RANK= 3 gpu= 0”
“RANK= 1 LOCAL_RANK= 1 gpu= 2”
“RANK= 28 LOCAL_RANK= 0 gpu= 3”
“RANK= 31 LOCAL_RANK= 3 gpu= 0”
“RANK= 29 LOCAL_RANK= 1 gpu= 2”
“RANK= 30 LOCAL_RANK= 2 gpu= 1”
“RANK= 24 LOCAL_RANK= 0 gpu= 3”
“RANK= 25 LOCAL_RANK= 1 gpu= 2”
“RANK= 27 LOCAL_RANK= 3 gpu= 0”
“RANK= 26 LOCAL_RANK= 2 gpu= 1”
+ '[' -z '' ']'
+ case "$-" in
+ __lmod_vx=x
Shell debugging temporarily silenced: export LMOD_SH_DBG_ON=1 for this output (/usr/share/lmod/lmod/init/bash)
+ '[' -z '' ']'
+ case "$-" in
+ __lmod_vx=x
+ '[' -n x ']'
+ set +x
“RANK= 16 LOCAL_RANK= 0 gpu= 3”
Shell debugging temporarily silenced: export LMOD_SH_DBG_ON=1 for this output (/usr/share/lmod/lmod/init/bash)
“RANK= 17 LOCAL_RANK= 1 gpu= 2”
+ '[' -n x ']'
+ set +x
“RANK= 19 LOCAL_RANK= 3 gpu= 0”
+ '[' -z '' ']'
+ case "$-" in
+ __lmod_vx=x
+ '[' -n x ']'
+ set +x
+ '[' -z '' ']'
+ case "$-" in
+ __lmod_vx=x
+ '[' -n x ']'
+ set +x
Shell debugging temporarily silenced: export LMOD_SH_DBG_ON=1 for this output (/usr/share/lmod/lmod/init/bash)
Shell debugging temporarily silenced: export LMOD_SH_DBG_ON=1 for this output (/usr/share/lmod/lmod/init/bash)
Shell debugging restarted
+ unset __lmod_vx
“RANK= 18 LOCAL_RANK= 2 gpu= 1”
Shell debugging restarted
+ unset __lmod_vx
Shell debugging restarted
+ unset __lmod_vx
Shell debugging restarted
+ unset __lmod_vx
+ speed3d_r2c cufft float 256 512 512 -reorder -a2a -p2p_pl -r2c_dir 2 -ingrid 2 2 8 -outgrid 4 8 1 -n5
+ speed3d_r2c cufft float 256 512 512 -reorder -a2a -p2p_pl -r2c_dir 2 -ingrid 2 2 8 -outgrid 4 8 1 -n5
+ speed3d_r2c cufft float 256 512 512 -reorder -a2a -p2p_pl -r2c_dir 2 -ingrid 2 2 8 -outgrid 4 8 1 -n5
+ speed3d_r2c cufft float 256 512 512 -reorder -a2a -p2p_pl -r2c_dir 2 -ingrid 2 2 8 -outgrid 4 8 1 -n5
+ '[' -z '' ']'
+ case "$-" in
Shell debugging temporarily silenced: export LMOD_SH_DBG_ON=1 for this output (/usr/share/lmod/lmod/init/bash)
+ __lmod_vx=x
+ '[' -n x ']'
+ set +x
Shell debugging temporarily silenced: export LMOD_SH_DBG_ON=1 for this output (/usr/share/lmod/lmod/init/bash)
+ '[' -z '' ']'
+ case "$-" in
+ __lmod_vx=x
+ '[' -n x ']'
+ set +x
+ '[' -z '' ']'
+ case "$-" in
+ __lmod_vx=x
+ '[' -n x ']'
+ set +x
+ '[' -z '' ']'
+ case "$-" in
+ __lmod_vx=x
+ '[' -n x ']'
+ set +x
Shell debugging temporarily silenced: export LMOD_SH_DBG_ON=1 for this output (/usr/share/lmod/lmod/init/bash)
Shell debugging temporarily silenced: export LMOD_SH_DBG_ON=1 for this output (/usr/share/lmod/lmod/init/bash)
Shell debugging restarted
+ unset __lmod_vx
Shell debugging restarted
+ unset __lmod_vx
Shell debugging restarted
Shell debugging restarted
+ unset __lmod_vx
+ unset __lmod_vx
+ speed3d_r2c cufft float 256 512 512 -reorder -a2a -p2p_pl -r2c_dir 2 -ingrid 2 2 8 -outgrid 4 8 1 -n5
+ '[' -z '' ']'
+ case "$-" in
+ speed3d_r2c cufft float 256 512 512 -reorder -a2a -p2p_pl -r2c_dir 2 -ingrid 2 2 8 -outgrid 4 8 1 -n5
Shell debugging temporarily silenced: export LMOD_SH_DBG_ON=1 for this output (/usr/share/lmod/lmod/init/bash)
+ speed3d_r2c cufft float 256 512 512 -reorder -a2a -p2p_pl -r2c_dir 2 -ingrid 2 2 8 -outgrid 4 8 1 -n5
+ __lmod_vx=x
+ '[' -n x ']'
+ set +x
+ speed3d_r2c cufft float 256 512 512 -reorder -a2a -p2p_pl -r2c_dir 2 -ingrid 2 2 8 -outgrid 4 8 1 -n5
+ '[' -z '' ']'
+ case "$-" in
+ __lmod_vx=x
“RANK= 12 LOCAL_RANK= 0 gpu= 3”
+ '[' -z '' ']'
+ case "$-" in
+ __lmod_vx=x
+ '[' -n x ']'
+ set +x
“RANK= 4 LOCAL_RANK= 0 gpu= 3”
Shell debugging restarted
+ unset __lmod_vx
“RANK= 13 LOCAL_RANK= 1 gpu= 2”
Shell debugging temporarily silenced: export LMOD_SH_DBG_ON=1 for this output (/usr/share/lmod/lmod/init/bash)
“RANK= 7 LOCAL_RANK= 3 gpu= 0”
+ '[' -z '' ']'
+ case "$-" in
+ __lmod_vx=x
+ '[' -n x ']'
+ set +x
Shell debugging temporarily silenced: export LMOD_SH_DBG_ON=1 for this output (/usr/share/lmod/lmod/init/bash)
+ '[' -n x ']'
+ set +x
“RANK= 15 LOCAL_RANK= 3 gpu= 0”
Shell debugging temporarily silenced: export LMOD_SH_DBG_ON=1 for this output (/usr/share/lmod/lmod/init/bash)
“RANK= 5 LOCAL_RANK= 1 gpu= 2”
“RANK= 8 LOCAL_RANK= 0 gpu= 3”
Shell debugging restarted
+ unset __lmod_vx
“RANK= 6 LOCAL_RANK= 2 gpu= 1”
“RANK= 10 LOCAL_RANK= 2 gpu= 1”
Shell debugging restarted
+ unset __lmod_vx
“RANK= 11 LOCAL_RANK= 3 gpu= 0”
“RANK= 14 LOCAL_RANK= 2 gpu= 1”
Shell debugging restarted
+ unset __lmod_vx
“RANK= 9 LOCAL_RANK= 1 gpu= 2”
+ speed3d_r2c cufft float 256 512 512 -reorder -a2a -p2p_pl -r2c_dir 2 -ingrid 2 2 8 -outgrid 4 8 1 -n5
+ speed3d_r2c cufft float 256 512 512 -reorder -a2a -p2p_pl -r2c_dir 2 -ingrid 2 2 8 -outgrid 4 8 1 -n5
+ '[' -z '' ']'
+ case "$-" in
+ __lmod_vx=x
+ speed3d_r2c cufft float 256 512 512 -reorder -a2a -p2p_pl -r2c_dir 2 -ingrid 2 2 8 -outgrid 4 8 1 -n5
+ '[' -z '' ']'
+ case "$-" in
+ __lmod_vx=x
+ '[' -n x ']'
+ set +x
+ speed3d_r2c cufft float 256 512 512 -reorder -a2a -p2p_pl -r2c_dir 2 -ingrid 2 2 8 -outgrid 4 8 1 -n5
Shell debugging temporarily silenced: export LMOD_SH_DBG_ON=1 for this output (/usr/share/lmod/lmod/init/bash)
+ '[' -n x ']'
+ set +x
Shell debugging temporarily silenced: export LMOD_SH_DBG_ON=1 for this output (/usr/share/lmod/lmod/init/bash)
Shell debugging restarted
+ unset __lmod_vx
+ '[' -z '' ']'
+ case "$-" in
Shell debugging restarted
+ unset __lmod_vx
Shell debugging temporarily silenced: export LMOD_SH_DBG_ON=1 for this output (/usr/share/lmod/lmod/init/bash)
+ __lmod_vx=x
+ '[' -n x ']'
+ set +x
Shell debugging temporarily silenced: export LMOD_SH_DBG_ON=1 for this output (/usr/share/lmod/lmod/init/bash)
+ '[' -z '' ']'
+ case "$-" in
+ __lmod_vx=x
+ '[' -n x ']'
+ set +x
Shell debugging restarted
+ unset __lmod_vx
+ speed3d_r2c cufft float 256 512 512 -reorder -a2a -p2p_pl -r2c_dir 2 -ingrid 2 2 8 -outgrid 4 8 1 -n5
Shell debugging restarted
+ unset __lmod_vx
+ speed3d_r2c cufft float 256 512 512 -reorder -a2a -p2p_pl -r2c_dir 2 -ingrid 2 2 8 -outgrid 4 8 1 -n5
+ speed3d_r2c cufft float 256 512 512 -reorder -a2a -p2p_pl -r2c_dir 2 -ingrid 2 2 8 -outgrid 4 8 1 -n5
+ speed3d_r2c cufft float 256 512 512 -reorder -a2a -p2p_pl -r2c_dir 2 -ingrid 2 2 8 -outgrid 4 8 1 -n5
“RANK= 20 LOCAL_RANK= 0 gpu= 3”
“RANK= 21 LOCAL_RANK= 1 gpu= 2”
“RANK= 22 LOCAL_RANK= 2 gpu= 1”
“RANK= 23 LOCAL_RANK= 3 gpu= 0”
+ '[' -z '' ']'
+ case "$-" in
+ __lmod_vx=x
+ '[' -n x ']'
Shell debugging temporarily silenced: export LMOD_SH_DBG_ON=1 for this output (/usr/share/lmod/lmod/init/bash)
+ set +x
+ '[' -z '' ']'
+ case "$-" in
+ __lmod_vx=x
Shell debugging temporarily silenced: export LMOD_SH_DBG_ON=1 for this output (/usr/share/lmod/lmod/init/bash)
Shell debugging temporarily silenced: export LMOD_SH_DBG_ON=1 for this output (/usr/share/lmod/lmod/init/bash)
+ '[' -z '' ']'
+ case "$-" in
+ __lmod_vx=x
+ '[' -n x ']'
+ set +x
+ '[' -n x ']'
+ set +x
Shell debugging restarted
+ unset __lmod_vx
+ '[' -z '' ']'
+ case "$-" in
+ __lmod_vx=x
+ '[' -n x ']'
Shell debugging temporarily silenced: export LMOD_SH_DBG_ON=1 for this output (/usr/share/lmod/lmod/init/bash)
+ set +x
Shell debugging restarted
+ unset __lmod_vx
Shell debugging temporarily silenced: export LMOD_SH_DBG_ON=1 for this output (/usr/share/lmod/lmod/init/bash)
+ '[' -z '' ']'
+ case "$-" in
+ __lmod_vx=x
+ '[' -n x ']'
+ set +x
+ '[' -z '' ']'
+ case "$-" in
+ __lmod_vx=x
+ '[' -n x ']'
+ set +x
+ '[' -z '' ']'
+ case "$-" in
+ __lmod_vx=x
+ '[' -n x ']'
+ set +x
Shell debugging restarted
+ unset __lmod_vx
Shell debugging temporarily silenced: export LMOD_SH_DBG_ON=1 for this output (/usr/share/lmod/lmod/init/bash)
Shell debugging restarted
+ unset __lmod_vx
Shell debugging temporarily silenced: export LMOD_SH_DBG_ON=1 for this output (/usr/share/lmod/lmod/init/bash)
+ speed3d_r2c cufft float 256 512 512 -reorder -a2a -p2p_pl -r2c_dir 2 -ingrid 2 2 8 -outgrid 4 8 1 -n5
Shell debugging temporarily silenced: export LMOD_SH_DBG_ON=1 for this output (/usr/share/lmod/lmod/init/bash)
+ speed3d_r2c cufft float 256 512 512 -reorder -a2a -p2p_pl -r2c_dir 2 -ingrid 2 2 8 -outgrid 4 8 1 -n5
+ '[' -z '' ']'
+ case "$-" in
+ __lmod_vx=x
+ '[' -n x ']'
+ set +x
+ speed3d_r2c cufft float 256 512 512 -reorder -a2a -p2p_pl -r2c_dir 2 -ingrid 2 2 8 -outgrid 4 8 1 -n5
+ speed3d_r2c cufft float 256 512 512 -reorder -a2a -p2p_pl -r2c_dir 2 -ingrid 2 2 8 -outgrid 4 8 1 -n5
Shell debugging restarted
+ unset __lmod_vx
+ speed3d_r2c cufft float 256 512 512 -reorder -a2a -p2p_pl -r2c_dir 2 -ingrid 2 2 8 -outgrid 4 8 1 -n5
Shell debugging restarted
+ unset __lmod_vx
Shell debugging restarted
+ unset __lmod_vx
+ speed3d_r2c cufft float 256 512 512 -reorder -a2a -p2p_pl -r2c_dir 2 -ingrid 2 2 8 -outgrid 4 8 1 -n5
+ speed3d_r2c cufft float 256 512 512 -reorder -a2a -p2p_pl -r2c_dir 2 -ingrid 2 2 8 -outgrid 4 8 1 -n5
Shell debugging restarted
+ unset __lmod_vx
+ speed3d_r2c cufft float 256 512 512 -reorder -a2a -p2p_pl -r2c_dir 2 -ingrid 2 2 8 -outgrid 4 8 1 -n5
+ '[' -z '' ']'
+ case "$-" in
+ __lmod_vx=x
+ '[' -n x ']'
+ set +x
Shell debugging temporarily silenced: export LMOD_SH_DBG_ON=1 for this output (/usr/share/lmod/lmod/init/bash)
+ '[' -z '' ']'
+ case "$-" in
+ __lmod_vx=x
+ '[' -n x ']'
+ set +x
Shell debugging temporarily silenced: export LMOD_SH_DBG_ON=1 for this output (/usr/share/lmod/lmod/init/bash)
Shell debugging temporarily silenced: export LMOD_SH_DBG_ON=1 for this output (/usr/share/lmod/lmod/init/bash)
+ '[' -z '' ']'
+ case "$-" in
+ __lmod_vx=x
+ '[' -n x ']'
+ set +x
Shell debugging restarted
+ unset __lmod_vx
Shell debugging restarted
+ unset __lmod_vx
Shell debugging restarted
+ unset __lmod_vx
Shell debugging temporarily silenced: export LMOD_SH_DBG_ON=1 for this output (/usr/share/lmod/lmod/init/bash)
+ '[' -z '' ']'
+ case "$-" in
+ __lmod_vx=x
+ '[' -n x ']'
+ set +x
Shell debugging restarted
+ unset __lmod_vx
+ speed3d_r2c cufft float 256 512 512 -reorder -a2a -p2p_pl -r2c_dir 2 -ingrid 2 2 8 -outgrid 4 8 1 -n5
+ speed3d_r2c cufft float 256 512 512 -reorder -a2a -p2p_pl -r2c_dir 2 -ingrid 2 2 8 -outgrid 4 8 1 -n5
+ speed3d_r2c cufft float 256 512 512 -reorder -a2a -p2p_pl -r2c_dir 2 -ingrid 2 2 8 -outgrid 4 8 1 -n5
+ speed3d_r2c cufft float 256 512 512 -reorder -a2a -p2p_pl -r2c_dir 2 -ingrid 2 2 8 -outgrid 4 8 1 -n5
+ '[' -z '' ']'
+ case "$-" in
+ __lmod_vx=x
Shell debugging temporarily silenced: export LMOD_SH_DBG_ON=1 for this output (/usr/share/lmod/lmod/init/bash)
+ '[' -n x ']'
+ set +x
Shell debugging temporarily silenced: export LMOD_SH_DBG_ON=1 for this output (/usr/share/lmod/lmod/init/bash)
+ '[' -z '' ']'
+ case "$-" in
+ __lmod_vx=x
+ '[' -n x ']'
+ set +x
+ '[' -z '' ']'
+ case "$-" in
+ __lmod_vx=x
+ '[' -n x ']'
+ set +x
Shell debugging temporarily silenced: export LMOD_SH_DBG_ON=1 for this output (/usr/share/lmod/lmod/init/bash)
+ '[' -z '' ']'
+ case "$-" in
+ __lmod_vx=x
+ '[' -n x ']'
+ set +x
Shell debugging restarted
+ unset __lmod_vx
Shell debugging restarted
+ unset __lmod_vx
Shell debugging temporarily silenced: export LMOD_SH_DBG_ON=1 for this output (/usr/share/lmod/lmod/init/bash)
Shell debugging restarted
+ unset __lmod_vx
+ speed3d_r2c cufft float 256 512 512 -reorder -a2a -p2p_pl -r2c_dir 2 -ingrid 2 2 8 -outgrid 4 8 1 -n5
Shell debugging restarted
+ unset __lmod_vx
+ speed3d_r2c cufft float 256 512 512 -reorder -a2a -p2p_pl -r2c_dir 2 -ingrid 2 2 8 -outgrid 4 8 1 -n5
+ speed3d_r2c cufft float 256 512 512 -reorder -a2a -p2p_pl -r2c_dir 2 -ingrid 2 2 8 -outgrid 4 8 1 -n5
+ speed3d_r2c cufft float 256 512 512 -reorder -a2a -p2p_pl -r2c_dir 2 -ingrid 2 2 8 -outgrid 4 8 1 -n5
MPICH ERROR [Rank 29] [job id 3e549073-d463-46f3-93ad-1b697baa44d9] [Sun Nov 12 09:14:33 2023] [x3001c0s31b1n0] - Abort(941765007) (rank 29 in comm 0): Fatal error in PMPI_Waitany: Other MPI error, error stack:
PMPI_Waitany(277)..............: MPI_Waitany(count=8, req_array=0xc58c50, index=0x7ffd52bffe54, status=0x1) failed
PMPI_Waitany(245)..............: 
MPIR_Waitany_impl(97)..........: 
MPIDI_Progress_test(80)........: 
MPIDI_OFI_handle_cq_error(1059): OFI poll failed (ofi_events.c:1061:MPIDI_OFI_handle_cq_error:Input/output error - remote access error)

aborting job:
Fatal error in PMPI_Waitany: Other MPI error, error stack:
PMPI_Waitany(277)..............: MPI_Waitany(count=8, req_array=0xc58c50, index=0x7ffd52bffe54, status=0x1) failed
PMPI_Waitany(245)..............: 
MPIR_Waitany_impl(97)..........: 
MPIDI_Progress_test(80)........: 
MPIDI_OFI_handle_cq_error(1059): OFI poll failed (ofi_events.c:1061:MPIDI_OFI_handle_cq_error:Input/output error - remote access error)
MPICH ERROR [Rank 2] [job id 3e549073-d463-46f3-93ad-1b697baa44d9] [Sun Nov 12 09:14:33 2023] [x3001c0s19b0n0] - Abort(807547279) (rank 2 in comm 0): Fatal error in PMPI_Waitany: Other MPI error, error stack:
PMPI_Waitany(277)..............: MPI_Waitany(count=8, req_array=0x109ad40, index=0x7ffd878152c4, status=0x1) failed
PMPI_Waitany(245)..............: 
MPIR_Waitany_impl(97)..........: 
MPIDI_Progress_test(80)........: 
MPIDI_OFI_handle_cq_error(1059): OFI poll failed (ofi_events.c:1061:MPIDI_OFI_handle_cq_error:Input/output error - local protection error)

aborting job:
Fatal error in PMPI_Waitany: Other MPI error, error stack:
PMPI_Waitany(277)..............: MPI_Waitany(count=8, req_array=0x109ad40, index=0x7ffd878152c4, status=0x1) failed
PMPI_Waitany(245)..............: 
MPIR_Waitany_impl(97)..........: 
MPIDI_Progress_test(80)........: 
MPIDI_OFI_handle_cq_error(1059): OFI poll failed (ofi_events.c:1061:MPIDI_OFI_handle_cq_error:Input/output error - local protection error)
MPICH ERROR [Rank 25] [job id 3e549073-d463-46f3-93ad-1b697baa44d9] [Sun Nov 12 09:14:33 2023] [x3001c0s31b0n0] - Abort(2240911) (rank 25 in comm 0): Fatal error in PMPI_Waitany: Other MPI error, error stack:
PMPI_Waitany(277)..............: MPI_Waitany(count=8, req_array=0x1aa0770, index=0x7ffe8c263014, status=0x1) failed
PMPI_Waitany(245)..............: 
MPIR_Waitany_impl(97)..........: 
MPIDI_Progress_test(80)........: 
MPIDI_OFI_handle_cq_error(1059): OFI poll failed (ofi_events.c:1061:MPIDI_OFI_handle_cq_error:Input/output error - remote access error)

aborting job:
Fatal error in PMPI_Waitany: Other MPI error, error stack:
PMPI_Waitany(277)..............: MPI_Waitany(count=8, req_array=0x1aa0770, index=0x7ffe8c263014, status=0x1) failed
PMPI_Waitany(245)..............: 
MPIR_Waitany_impl(97)..........: 
MPIDI_Progress_test(80)........: 
MPIDI_OFI_handle_cq_error(1059): OFI poll failed (ofi_events.c:1061:MPIDI_OFI_handle_cq_error:Input/output error - remote access error)
MPICH ERROR [Rank 9] [job id 3e549073-d463-46f3-93ad-1b697baa44d9] [Sun Nov 12 09:14:33 2023] [x3001c0s1b0n0] - Abort(874656143) (rank 9 in comm 0): Fatal error in PMPI_Waitany: Other MPI error, error stack:
PMPI_Waitany(277)..............: MPI_Waitany(count=8, req_array=0xe76ef0, index=0x7fff9023d4a4, status=0x1) failed
PMPI_Waitany(245)..............: 
MPIR_Waitany_impl(97)..........: 
MPIDI_Progress_test(80)........: 
MPIDI_OFI_handle_cq_error(1059): OFI poll failed (ofi_events.c:1061:MPIDI_OFI_handle_cq_error:Input/output error - remote access error)

aborting job:
Fatal error in PMPI_Waitany: Other MPI error, error stack:
PMPI_Waitany(277)..............: MPI_Waitany(count=8, req_array=0xe76ef0, index=0x7fff9023d4a4, status=0x1) failed
PMPI_Waitany(245)..............: 
MPIR_Waitany_impl(97)..........: 
MPIDI_Progress_test(80)........: 
MPIDI_OFI_handle_cq_error(1059): OFI poll failed (ofi_events.c:1061:MPIDI_OFI_handle_cq_error:Input/output error - remote access error)
MPICH ERROR [Rank 13] [job id 3e549073-d463-46f3-93ad-1b697baa44d9] [Sun Nov 12 09:14:33 2023] [x3001c0s1b1n0] - Abort(740438415) (rank 13 in comm 0): Fatal error in PMPI_Waitany: Other MPI error, error stack:
PMPI_Waitany(277)..............: MPI_Waitany(count=8, req_array=0xb33590, index=0x7ffe3f8a0b94, status=0x1) failed
PMPI_Waitany(245)..............: 
MPIR_Waitany_impl(97)..........: 
MPIDI_Progress_test(80)........: 
MPIDI_OFI_handle_cq_error(1059): OFI poll failed (ofi_events.c:1061:MPIDI_OFI_handle_cq_error:Input/output error - local protection error)

aborting job:
Fatal error in PMPI_Waitany: Other MPI error, error stack:
PMPI_Waitany(277)..............: MPI_Waitany(count=8, req_array=0xb33590, index=0x7ffe3f8a0b94, status=0x1) failed
PMPI_Waitany(245)..............: 
MPIR_Waitany_impl(97)..........: 
MPIDI_Progress_test(80)........: 
MPIDI_OFI_handle_cq_error(1059): OFI poll failed (ofi_events.c:1061:MPIDI_OFI_handle_cq_error:Input/output error - local protection error)
MPICH ERROR [Rank 18] [job id 3e549073-d463-46f3-93ad-1b697baa44d9] [Sun Nov 12 09:14:33 2023] [x3001c0s25b0n0] - Abort(941240719) (rank 18 in comm 0): Fatal error in PMPI_Waitany: Other MPI error, error stack:
PMPI_Waitany(277)..............: MPI_Waitany(count=8, req_array=0x1a7ec50, index=0x7fffc3fd6184, status=0x1) failed
PMPI_Waitany(245)..............: 
MPIDI_Progress_test(80)........: 
MPIDI_OFI_handle_cq_error(1059): OFI poll failed (ofi_events.c:1061:MPIDI_OFI_handle_cq_error:Input/output error - remote access error)

aborting job:
Fatal error in PMPI_Waitany: Other MPI error, error stack:
PMPI_Waitany(277)..............: MPI_Waitany(count=8, req_array=0x1a7ec50, index=0x7fffc3fd6184, status=0x1) failed
PMPI_Waitany(245)..............: 
MPIDI_Progress_test(80)........: 
MPIDI_OFI_handle_cq_error(1059): OFI poll failed (ofi_events.c:1061:MPIDI_OFI_handle_cq_error:Input/output error - remote access error)
MPICH ERROR [Rank 22] [job id 3e549073-d463-46f3-93ad-1b697baa44d9] [Sun Nov 12 09:14:33 2023] [x3001c0s25b1n0] - Abort(807547279) (rank 22 in comm 0): Fatal error in PMPI_Waitany: Other MPI error, error stack:
PMPI_Waitany(277)..............: MPI_Waitany(count=8, req_array=0xfae590, index=0x7fffa7bfa3e4, status=0x1) failed
PMPI_Waitany(245)..............: 
MPIR_Waitany_impl(97)..........: 
MPIDI_Progress_test(80)........: 
MPIDI_OFI_handle_cq_error(1059): OFI poll failed (ofi_events.c:1061:MPIDI_OFI_handle_cq_error:Input/output error - remote access error)

aborting job:
Fatal error in PMPI_Waitany: Other MPI error, error stack:
PMPI_Waitany(277)..............: MPI_Waitany(count=8, req_array=0xfae590, index=0x7fffa7bfa3e4, status=0x1) failed
PMPI_Waitany(245)..............: 
MPIR_Waitany_impl(97)..........: 
MPIDI_Progress_test(80)........: 
MPIDI_OFI_handle_cq_error(1059): OFI poll failed (ofi_events.c:1061:MPIDI_OFI_handle_cq_error:Input/output error - remote access error)
MPICH ERROR [Rank 6] [job id 3e549073-d463-46f3-93ad-1b697baa44d9] [Sun Nov 12 09:14:33 2023] [x3001c0s19b1n0] - Abort(1008873871) (rank 6 in comm 0): Fatal error in PMPI_Waitany: Other MPI error, error stack:
PMPI_Waitany(277)..............: MPI_Waitany(count=8, req_array=0x17fecb0, index=0x7ffe8cdcded4, status=0x1) failed
PMPI_Waitany(245)..............: 
MPIR_Waitany_impl(97)..........: 
MPIDI_Progress_test(80)........: 
MPIDI_OFI_handle_cq_error(1059): OFI poll failed (ofi_events.c:1061:MPIDI_OFI_handle_cq_error:Input/output error - remote access error)

aborting job:
Fatal error in PMPI_Waitany: Other MPI error, error stack:
PMPI_Waitany(277)..............: MPI_Waitany(count=8, req_array=0x17fecb0, index=0x7ffe8cdcded4, status=0x1) failed
PMPI_Waitany(245)..............: 
MPIR_Waitany_impl(97)..........: 
MPIDI_Progress_test(80)........: 
MPIDI_OFI_handle_cq_error(1059): OFI poll failed (ofi_events.c:1061:MPIDI_OFI_handle_cq_error:Input/output error - remote access error)
MPICH ERROR [Rank 31] [job id 3e549073-d463-46f3-93ad-1b697baa44d9] [Sun Nov 12 09:14:33 2023] [x3001c0s31b1n0] - Abort(539111823) (rank 31 in comm 0): Fatal error in PMPI_Waitany: Other MPI error, error stack:
PMPI_Waitany(277)..............: MPI_Waitany(count=7, req_array=0x1add590, index=0x7ffc93accec4, status=0x1) failed
PMPI_Waitany(245)..............: 
MPIR_Waitany_impl(97)..........: 
MPIDI_Progress_test(80)........: 
MPIDI_OFI_handle_cq_error(1059): OFI poll failed (ofi_events.c:1061:MPIDI_OFI_handle_cq_error:Input/output error - remote access error)

aborting job:
Fatal error in PMPI_Waitany: Other MPI error, error stack:
PMPI_Waitany(277)..............: MPI_Waitany(count=7, req_array=0x1add590, index=0x7ffc93accec4, status=0x1) failed
PMPI_Waitany(245)..............: 
MPIR_Waitany_impl(97)..........: 
MPIDI_Progress_test(80)........: 
MPIDI_OFI_handle_cq_error(1059): OFI poll failed (ofi_events.c:1061:MPIDI_OFI_handle_cq_error:Input/output error - remote access error)
MPICH ERROR [Rank 26] [job id 3e549073-d463-46f3-93ad-1b697baa44d9] [Sun Nov 12 09:14:33 2023] [x3001c0s31b0n0] - Abort(474624399) (rank 26 in comm 0): Fatal error in PMPI_Waitany: Other MPI error, error stack:
PMPI_Waitany(277)..............: MPI_Waitany(count=8, req_array=0xcc1590, index=0x7ffd6ffe3014, status=0x1) failed
PMPI_Waitany(245)..............: 
MPIDI_Progress_test(80)........: 
MPIDI_OFI_handle_cq_error(1059): OFI poll failed (ofi_events.c:1061:MPIDI_OFI_handle_cq_error:Input/output error - remote access error)

aborting job:
Fatal error in PMPI_Waitany: Other MPI error, error stack:
PMPI_Waitany(277)..............: MPI_Waitany(count=8, req_array=0xcc1590, index=0x7ffd6ffe3014, status=0x1) failed
PMPI_Waitany(245)..............: 
MPIDI_Progress_test(80)........: 
MPIDI_OFI_handle_cq_error(1059): OFI poll failed (ofi_events.c:1061:MPIDI_OFI_handle_cq_error:Input/output error - remote access error)
MPICH ERROR [Rank 5] [job id 3e549073-d463-46f3-93ad-1b697baa44d9] [Sun Nov 12 09:14:33 2023] [x3001c0s19b1n0] - Abort(1683215) (rank 5 in comm 0): Fatal error in PMPI_Isend: Other MPI error, error stack:
PMPI_Isend(161)...........: MPI_Isend(buf=0x14cf04200000, count=131072, dtype=0x4c000840, dest=18, tag=0, MPI_COMM_WORLD, request=0x1df5cb8) failed
MPID_Isend(584)...........: 
MPIDI_isend_unsafe(136)...: 
MPIDI_OFI_send_normal(352): OFI tagged senddata failed (ofi_send.h:352:MPIDI_OFI_send_normal:No route to host)

aborting job:
Fatal error in PMPI_Isend: Other MPI error, error stack:
PMPI_Isend(161)...........: MPI_Isend(buf=0x14cf04200000, count=131072, dtype=0x4c000840, dest=18, tag=0, MPI_COMM_WORLD, request=0x1df5cb8) failed
MPID_Isend(584)...........: 
MPIDI_isend_unsafe(136)...: 
MPIDI_OFI_send_normal(352): OFI tagged senddata failed (ofi_send.h:352:MPIDI_OFI_send_normal:No route to host)
x3001c0s31b1n0.hsn.cm.polaris.alcf.anl.gov: rank 29 exited with code 255
MPICH ERROR [Rank 1] [job id 3e549073-d463-46f3-93ad-1b697baa44d9] [Sun Nov 12 09:14:33 2023] [x3001c0s19b0n0] - Abort(271167247) (rank 1 in comm 0): Fatal error in PMPI_Isend: Other MPI error, error stack:
PMPI_Isend(161)...........: MPI_Isend(buf=0x154246408000, count=131072, dtype=0x4c000840, dest=18, tag=0, MPI_COMM_WORLD, request=0xaf37b0) failed
MPID_Isend(584)...........: 
MPIDI_isend_unsafe(136)...: 
MPIDI_OFI_send_normal(352): OFI tagged senddata failed (ofi_send.h:352:MPIDI_OFI_send_normal:No route to host)

aborting job:
Fatal error in PMPI_Isend: Other MPI error, error stack:
PMPI_Isend(161)...........: MPI_Isend(buf=0x154246408000, count=131072, dtype=0x4c000840, dest=18, tag=0, MPI_COMM_WORLD, request=0xaf37b0) failed
MPID_Isend(584)...........: 
MPIDI_isend_unsafe(136)...: 
MPIDI_OFI_send_normal(352): OFI tagged senddata failed (ofi_send.h:352:MPIDI_OFI_send_normal:No route to host)
MPICH ERROR [Rank 11] [job id 3e549073-d463-46f3-93ad-1b697baa44d9] [Sun Nov 12 09:14:33 2023] [x3001c0s1b0n0] - Abort(337785231) (rank 11 in comm 0): Fatal error in PMPI_Waitany: Other MPI error, error stack:
PMPI_Waitany(277)..............: MPI_Waitany(count=7, req_array=0x182ec20, index=0x7ffc761080e4, status=0x1) failed
PMPI_Waitany(245)..............: 
MPIR_Waitany_impl(97)..........: 
MPIDI_Progress_test(80)........: 
MPIDI_OFI_handle_cq_error(1059): OFI poll failed (ofi_events.c:1061:MPIDI_OFI_handle_cq_error:Input/output error - remote access error)

aborting job:
Fatal error in PMPI_Waitany: Other MPI error, error stack:
PMPI_Waitany(277)..............: MPI_Waitany(count=7, req_array=0x182ec20, index=0x7ffc761080e4, status=0x1) failed
PMPI_Waitany(245)..............: 
MPIR_Waitany_impl(97)..........: 
MPIDI_Progress_test(80)........: 
MPIDI_OFI_handle_cq_error(1059): OFI poll failed (ofi_events.c:1061:MPIDI_OFI_handle_cq_error:Input/output error - remote access error)
MPICH ERROR [Rank 0] [job id 3e549073-d463-46f3-93ad-1b697baa44d9] [Sun Nov 12 09:14:33 2023] [x3001c0s19b0n0] - Abort(740438415) (rank 0 in comm 0): Fatal error in PMPI_Waitany: Other MPI error, error stack:
PMPI_Waitany(277)..............: MPI_Waitany(count=7, req_array=0x1f9efe0, index=0x7ffce3e1d134, status=0x1) failed
PMPI_Waitany(245)..............: 
MPIR_Waitany_impl(97)..........: 
MPIDI_Progress_test(80)........: 
MPIDI_OFI_handle_cq_error(1059): OFI poll failed (ofi_events.c:1061:MPIDI_OFI_handle_cq_error:Input/output error - remote access error)

aborting job:
Fatal error in PMPI_Waitany: Other MPI error, error stack:
PMPI_Waitany(277)..............: MPI_Waitany(count=7, req_array=0x1f9efe0, index=0x7ffce3e1d134, status=0x1) failed
PMPI_Waitany(245)..............: 
MPIR_Waitany_impl(97)..........: 
MPIDI_Progress_test(80)........: 
MPIDI_OFI_handle_cq_error(1059): OFI poll failed (ofi_events.c:1061:MPIDI_OFI_handle_cq_error:Input/output error - remote access error)
MPICH ERROR [Rank 21] [job id 3e549073-d463-46f3-93ad-1b697baa44d9] [Sun Nov 12 09:14:33 2023] [x3001c0s25b1n0] - Abort(874098447) (rank 21 in comm 0): Fatal error in PMPI_Isend: Other MPI error, error stack:
PMPI_Isend(161)...........: MPI_Isend(buf=0x151bde200000, count=135168, dtype=0x4c000840, dest=2, tag=0, MPI_COMM_WORLD, request=0xab45c8) failed
MPID_Isend(584)...........: 
MPIDI_isend_unsafe(136)...: 
MPIDI_OFI_send_normal(352): OFI tagged senddata failed (ofi_send.h:352:MPIDI_OFI_send_normal:No route to host)

aborting job:
Fatal error in PMPI_Isend: Other MPI error, error stack:
PMPI_Isend(161)...........: MPI_Isend(buf=0x151bde200000, count=135168, dtype=0x4c000840, dest=2, tag=0, MPI_COMM_WORLD, request=0xab45c8) failed
MPID_Isend(584)...........: 
MPIDI_isend_unsafe(136)...: 
MPIDI_OFI_send_normal(352): OFI tagged senddata failed (ofi_send.h:352:MPIDI_OFI_send_normal:No route to host)
MPICH ERROR [Rank 17] [job id 3e549073-d463-46f3-93ad-1b697baa44d9] [Sun Nov 12 09:14:33 2023] [x3001c0s25b0n0] - Abort(206713231) (rank 17 in comm 0): Fatal error in PMPI_Waitany: Other MPI error, error stack:
PMPI_Waitany(277)..............: MPI_Waitany(count=8, req_array=0x1210c50, index=0x7fff7b89a0c4, status=0x1) failed
PMPI_Waitany(245)..............: 
MPIR_Waitany_impl(97)..........: 
MPIDI_Progress_test(80)........: 
MPIDI_OFI_handle_cq_error(1059): OFI poll failed (ofi_events.c:1061:MPIDI_OFI_handle_cq_error:Input/output error - remote access error)

aborting job:
Fatal error in PMPI_Waitany: Other MPI error, error stack:
PMPI_Waitany(277)..............: MPI_Waitany(count=8, req_array=0x1210c50, index=0x7fff7b89a0c4, status=0x1) failed
PMPI_Waitany(245)..............: 
MPIR_Waitany_impl(97)..........: 
MPIDI_Progress_test(80)........: 
MPIDI_OFI_handle_cq_error(1059): OFI poll failed (ofi_events.c:1061:MPIDI_OFI_handle_cq_error:Input/output error - remote access error)
MPICH ERROR [Rank 16] [job id 3e549073-d463-46f3-93ad-1b697baa44d9] [Sun Nov 12 09:14:33 2023] [x3001c0s25b0n0] - Abort(337260943) (rank 16 in comm 0): Fatal error in PMPI_Waitany: Other MPI error, error stack:
PMPI_Waitany(277)..............: MPI_Waitany(count=7, req_array=0xdc35a0, index=0x7ffdaa769434, status=0x1) failed
PMPI_Waitany(245)..............: 
MPIDI_Progress_test(80)........: 
MPIDI_OFI_handle_cq_error(1059): OFI poll failed (ofi_events.c:1061:MPIDI_OFI_handle_cq_error:Input/output error - remote access error)

aborting job:
Fatal error in PMPI_Waitany: Other MPI error, error stack:
PMPI_Waitany(277)..............: MPI_Waitany(count=7, req_array=0xdc35a0, index=0x7ffdaa769434, status=0x1) failed
PMPI_Waitany(245)..............: 
MPIDI_Progress_test(80)........: 
MPIDI_OFI_handle_cq_error(1059): OFI poll failed (ofi_events.c:1061:MPIDI_OFI_handle_cq_error:Input/output error - remote access error)
MPICH ERROR [Rank 15] [job id 3e549073-d463-46f3-93ad-1b697baa44d9] [Sun Nov 12 09:14:33 2023] [x3001c0s1b1n0] - Abort(672805263) (rank 15 in comm 0): Fatal error in PMPI_Waitany: Other MPI error, error stack:
PMPI_Waitany(277)..............: MPI_Waitany(count=7, req_array=0x175d590, index=0x7ffc100b86e4, status=0x1) failed
PMPI_Waitany(245)..............: 
MPIDI_Progress_test(80)........: 
MPIDI_OFI_handle_cq_error(1059): OFI poll failed (ofi_events.c:1061:MPIDI_OFI_handle_cq_error:Input/output error - remote access error)

aborting job:
Fatal error in PMPI_Waitany: Other MPI error, error stack:
PMPI_Waitany(277)..............: MPI_Waitany(count=7, req_array=0x175d590, index=0x7ffc100b86e4, status=0x1) failed
PMPI_Waitany(245)..............: 
MPIDI_Progress_test(80)........: 
MPIDI_OFI_handle_cq_error(1059): OFI poll failed (ofi_events.c:1061:MPIDI_OFI_handle_cq_error:Input/output error - remote access error)
MPICH ERROR [Rank 27] [job id 3e549073-d463-46f3-93ad-1b697baa44d9] [Sun Nov 12 09:14:33 2023] [x3001c0s31b0n0] - Abort(605696399) (rank 27 in comm 0): Fatal error in PMPI_Waitany: Other MPI error, error stack:
PMPI_Waitany(277)..............: MPI_Waitany(count=7, req_array=0xbe5590, index=0x7ffcbdaa5d94, status=0x1) failed
PMPI_Waitany(245)..............: 
MPIDI_Progress_test(80)........: 
MPIDI_OFI_handle_cq_error(1059): OFI poll failed (ofi_events.c:1061:MPIDI_OFI_handle_cq_error:Input/output error - remote access error)

aborting job:
Fatal error in PMPI_Waitany: Other MPI error, error stack:
PMPI_Waitany(277)..............: MPI_Waitany(count=7, req_array=0xbe5590, index=0x7ffcbdaa5d94, status=0x1) failed
PMPI_Waitany(245)..............: 
MPIDI_Progress_test(80)........: 
MPIDI_OFI_handle_cq_error(1059): OFI poll failed (ofi_events.c:1061:MPIDI_OFI_handle_cq_error:Input/output error - remote access error)
MPICH ERROR [Rank 30] [job id 3e549073-d463-46f3-93ad-1b697baa44d9] [Sun Nov 12 09:14:33 2023] [x3001c0s31b1n0] - Abort(941207311) (rank 30 in comm 0): Fatal error in PMPI_Isend: Other MPI error, error stack:
PMPI_Isend(161)...........: MPI_Isend(buf=0x14ef9e108000, count=131072, dtype=0x4c000840, dest=9, tag=0, MPI_COMM_WORLD, request=0xf8a414) failed
MPID_Isend(584)...........: 
MPIDI_isend_unsafe(136)...: 
MPIDI_OFI_send_normal(352): OFI tagged senddata failed (ofi_send.h:352:MPIDI_OFI_send_normal:No route to host)

aborting job:
Fatal error in PMPI_Isend: Other MPI error, error stack:
PMPI_Isend(161)...........: MPI_Isend(buf=0x14ef9e108000, count=131072, dtype=0x4c000840, dest=9, tag=0, MPI_COMM_WORLD, request=0xf8a414) failed
MPID_Isend(584)...........: 
MPIDI_isend_unsafe(136)...: 
MPIDI_OFI_send_normal(352): OFI tagged senddata failed (ofi_send.h:352:MPIDI_OFI_send_normal:No route to host)
MPICH ERROR [Rank 20] [job id 3e549073-d463-46f3-93ad-1b697baa44d9] [Sun Nov 12 09:14:33 2023] [x3001c0s25b1n0] - Abort(673329551) (rank 20 in comm 0): Fatal error in PMPI_Waitany: Other MPI error, error stack:
PMPI_Waitany(277)..............: MPI_Waitany(count=7, req_array=0x12da5d0, index=0x7fffe345d574, status=0x1) failed
PMPI_Waitany(245)..............: 
MPIR_Waitany_impl(97)..........: 
MPIDI_Progress_test(80)........: 
MPIDI_OFI_handle_cq_error(1059): OFI poll failed (ofi_events.c:1061:MPIDI_OFI_handle_cq_error:Input/output error - remote access error)

aborting job:
Fatal error in PMPI_Waitany: Other MPI error, error stack:
PMPI_Waitany(277)..............: MPI_Waitany(count=7, req_array=0x12da5d0, index=0x7fffe345d574, status=0x1) failed
PMPI_Waitany(245)..............: 
MPIR_Waitany_impl(97)..........: 
MPIDI_Progress_test(80)........: 
MPIDI_OFI_handle_cq_error(1059): OFI poll failed (ofi_events.c:1061:MPIDI_OFI_handle_cq_error:Input/output error - remote access error)
