“RANK= 0 LOCAL_RANK= 0 gpu= 3”
“RANK= 1 LOCAL_RANK= 1 gpu= 2”
“RANK= 2 LOCAL_RANK= 2 gpu= 1”
“RANK= 3 LOCAL_RANK= 3 gpu= 0”
“RANK= 8 LOCAL_RANK= 0 gpu= 3”
“RANK= 10 LOCAL_RANK= 2 gpu= 1”
“RANK= 11 LOCAL_RANK= 3 gpu= 0”
“RANK= 9 LOCAL_RANK= 1 gpu= 2”
“RANK= 12 LOCAL_RANK= 0 gpu= 3”
“RANK= 14 LOCAL_RANK= 2 gpu= 1”
“RANK= 13 LOCAL_RANK= 1 gpu= 2”
“RANK= 4 LOCAL_RANK= 0 gpu= 3”
“RANK= 5 LOCAL_RANK= 1 gpu= 2”
“RANK= 15 LOCAL_RANK= 3 gpu= 0”
“RANK= 7 LOCAL_RANK= 3 gpu= 0”
“RANK= 6 LOCAL_RANK= 2 gpu= 1”
+ '[' -z '' ']'
+ case "$-" in
Shell debugging temporarily silenced: export LMOD_SH_DBG_ON=1 for this output (/usr/share/lmod/lmod/init/bash)
+ __lmod_vx=x
+ '[' -n x ']'
+ set +x
+ '[' -z '' ']'
+ case "$-" in
+ __lmod_vx=x
+ '[' -n x ']'
+ '[' -z '' ']'
+ case "$-" in
+ __lmod_vx=x
Shell debugging temporarily silenced: export LMOD_SH_DBG_ON=1 for this output (/usr/share/lmod/lmod/init/bash)
+ '[' -z '' ']'
+ case "$-" in
+ __lmod_vx=x
Shell debugging restarted
+ unset __lmod_vx
Shell debugging temporarily silenced: export LMOD_SH_DBG_ON=1 for this output (/usr/share/lmod/lmod/init/bash)
+ set +x
Shell debugging temporarily silenced: export LMOD_SH_DBG_ON=1 for this output (/usr/share/lmod/lmod/init/bash)
+ '[' -z '' ']'
+ case "$-" in
+ '[' -n x ']'
+ set +x
Shell debugging temporarily silenced: export LMOD_SH_DBG_ON=1 for this output (/usr/share/lmod/lmod/init/bash)
+ '[' -n x ']'
+ set +x
Shell debugging temporarily silenced: export LMOD_SH_DBG_ON=1 for this output (/usr/share/lmod/lmod/init/bash)
+ '[' -z '' ']'
+ case "$-" in
+ __lmod_vx=x
+ '[' -n x ']'
+ set +x
+ '[' -z '' ']'
+ case "$-" in
+ __lmod_vx=x
+ '[' -n x ']'
+ set +x
+ '[' -z '' ']'
+ case "$-" in
+ __lmod_vx=x
+ '[' -n x ']'
+ set +x
+ __lmod_vx=x
+ '[' -n x ']'
+ set +x
Shell debugging temporarily silenced: export LMOD_SH_DBG_ON=1 for this output (/usr/share/lmod/lmod/init/bash)
+ '[' -z '' ']'
+ case "$-" in
+ __lmod_vx=x
+ '[' -n x ']'
+ set +x
+ '[' -z '' ']'
+ case "$-" in
+ __lmod_vx=x
+ '[' -n x ']'
+ set +x
+ '[' -z '' ']'
+ case "$-" in
+ __lmod_vx=x
+ '[' -n x ']'
+ set +x
+ '[' -z '' ']'
+ case "$-" in
+ __lmod_vx=x
+ '[' -n x ']'
+ set +x
Shell debugging restarted
+ unset __lmod_vx
Shell debugging temporarily silenced: export LMOD_SH_DBG_ON=1 for this output (/usr/share/lmod/lmod/init/bash)
Shell debugging temporarily silenced: export LMOD_SH_DBG_ON=1 for this output (/usr/share/lmod/lmod/init/bash)
Shell debugging temporarily silenced: export LMOD_SH_DBG_ON=1 for this output (/usr/share/lmod/lmod/init/bash)
Shell debugging temporarily silenced: export LMOD_SH_DBG_ON=1 for this output (/usr/share/lmod/lmod/init/bash)
+ '[' -z '' ']'
+ case "$-" in
+ __lmod_vx=x
+ '[' -n x ']'
+ set +x
+ '[' -z '' ']'
+ case "$-" in
+ __lmod_vx=x
+ '[' -n x ']'
+ set +x
+ '[' -z '' ']'
+ case "$-" in
+ __lmod_vx=x
+ '[' -n x ']'
+ set +x
+ '[' -z '' ']'
+ case "$-" in
+ __lmod_vx=x
Shell debugging temporarily silenced: export LMOD_SH_DBG_ON=1 for this output (/usr/share/lmod/lmod/init/bash)
Shell debugging temporarily silenced: export LMOD_SH_DBG_ON=1 for this output (/usr/share/lmod/lmod/init/bash)
Shell debugging restarted
+ unset __lmod_vx
Shell debugging temporarily silenced: export LMOD_SH_DBG_ON=1 for this output (/usr/share/lmod/lmod/init/bash)
Shell debugging restarted
+ unset __lmod_vx
+ speed3d_r2c cufft float 256 256 512 -reorder -a2av -p2p_pl -pencils -ingrid 8 2 1 -outgrid 1 1 16 -n5
Shell debugging restarted
+ unset __lmod_vx
+ '[' -n x ']'
+ set +x
Shell debugging restarted
+ unset __lmod_vx
Shell debugging restarted
+ unset __lmod_vx
+ speed3d_r2c cufft float 256 256 512 -reorder -a2av -p2p_pl -pencils -ingrid 8 2 1 -outgrid 1 1 16 -n5
Shell debugging temporarily silenced: export LMOD_SH_DBG_ON=1 for this output (/usr/share/lmod/lmod/init/bash)
Shell debugging restarted
+ unset __lmod_vx
Shell debugging temporarily silenced: export LMOD_SH_DBG_ON=1 for this output (/usr/share/lmod/lmod/init/bash)
Shell debugging restarted
+ unset __lmod_vx
Shell debugging restarted
+ unset __lmod_vx
+ speed3d_r2c cufft float 256 256 512 -reorder -a2av -p2p_pl -pencils -ingrid 8 2 1 -outgrid 1 1 16 -n5
Shell debugging restarted
+ unset __lmod_vx
+ speed3d_r2c cufft float 256 256 512 -reorder -a2av -p2p_pl -pencils -ingrid 8 2 1 -outgrid 1 1 16 -n5
Shell debugging restarted
+ unset __lmod_vx
+ speed3d_r2c cufft float 256 256 512 -reorder -a2av -p2p_pl -pencils -ingrid 8 2 1 -outgrid 1 1 16 -n5
Shell debugging restarted
+ unset __lmod_vx
+ speed3d_r2c cufft float 256 256 512 -reorder -a2av -p2p_pl -pencils -ingrid 8 2 1 -outgrid 1 1 16 -n5
+ speed3d_r2c cufft float 256 256 512 -reorder -a2av -p2p_pl -pencils -ingrid 8 2 1 -outgrid 1 1 16 -n5
+ speed3d_r2c cufft float 256 256 512 -reorder -a2av -p2p_pl -pencils -ingrid 8 2 1 -outgrid 1 1 16 -n5
+ speed3d_r2c cufft float 256 256 512 -reorder -a2av -p2p_pl -pencils -ingrid 8 2 1 -outgrid 1 1 16 -n5
Shell debugging restarted
+ unset __lmod_vx
+ speed3d_r2c cufft float 256 256 512 -reorder -a2av -p2p_pl -pencils -ingrid 8 2 1 -outgrid 1 1 16 -n5
+ speed3d_r2c cufft float 256 256 512 -reorder -a2av -p2p_pl -pencils -ingrid 8 2 1 -outgrid 1 1 16 -n5
+ speed3d_r2c cufft float 256 256 512 -reorder -a2av -p2p_pl -pencils -ingrid 8 2 1 -outgrid 1 1 16 -n5
Shell debugging restarted
+ unset __lmod_vx
+ speed3d_r2c cufft float 256 256 512 -reorder -a2av -p2p_pl -pencils -ingrid 8 2 1 -outgrid 1 1 16 -n5
Shell debugging restarted
+ unset __lmod_vx
+ speed3d_r2c cufft float 256 256 512 -reorder -a2av -p2p_pl -pencils -ingrid 8 2 1 -outgrid 1 1 16 -n5
+ speed3d_r2c cufft float 256 256 512 -reorder -a2av -p2p_pl -pencils -ingrid 8 2 1 -outgrid 1 1 16 -n5
+ speed3d_r2c cufft float 256 256 512 -reorder -a2av -p2p_pl -pencils -ingrid 8 2 1 -outgrid 1 1 16 -n5

----------------------------------------------------------------------------- 
heFFTe performance test
----------------------------------------------------------------------------- 
Backend:   cufft
Size:      256x256x512
MPI ranks:   16
Grids: (8, 2, 1)  (1, 4, 4)  (4, 4, 1)  (1, 1, 16)  -  
Time per run: 0.00743857 (s)
Performance:  563.859 GFlops/s
Memory usage: 64MB/rank
Tolerance:    0.0005
Max error:    7.3784e-06

