“RANK= 101 LOCAL_RANK= 1 gpu= 2”
“RANK= 100 LOCAL_RANK= 0 gpu= 3”
“RANK= 102 LOCAL_RANK= 2 gpu= 1”
“RANK= 96 LOCAL_RANK= 0 gpu= 3”
“RANK= 103 LOCAL_RANK= 3 gpu= 0”
“RANK= 97 LOCAL_RANK= 1 gpu= 2”
“RANK= 98 LOCAL_RANK= 2 gpu= 1”
“RANK= 99 LOCAL_RANK= 3 gpu= 0”
“RANK= 20 LOCAL_RANK= 0 gpu= 3”
“RANK= 21 LOCAL_RANK= 1 gpu= 2”
“RANK= 23 LOCAL_RANK= 3 gpu= 0”
“RANK= 22 LOCAL_RANK= 2 gpu= 1”
“RANK= 112 LOCAL_RANK= 0 gpu= 3”
“RANK= 113 LOCAL_RANK= 1 gpu= 2”
“RANK= 114 LOCAL_RANK= 2 gpu= 1”
“RANK= 115 LOCAL_RANK= 3 gpu= 0”
“RANK= 104 LOCAL_RANK= 0 gpu= 3”
“RANK= 106 LOCAL_RANK= 2 gpu= 1”
“RANK= 68 LOCAL_RANK= 0 gpu= 3”
“RANK= 107 LOCAL_RANK= 3 gpu= 0”
“RANK= 69 LOCAL_RANK= 1 gpu= 2”
“RANK= 70 LOCAL_RANK= 2 gpu= 1”
“RANK= 105 LOCAL_RANK= 1 gpu= 2”
“RANK= 71 LOCAL_RANK= 3 gpu= 0”
“RANK= 77 LOCAL_RANK= 1 gpu= 2”
“RANK= 76 LOCAL_RANK= 0 gpu= 3”
“RANK= 78 LOCAL_RANK= 2 gpu= 1”
“RANK= 79 LOCAL_RANK= 3 gpu= 0”
+ '[' -z '' ']'
+ case "$-" in
+ '[' -z '' ']'
+ case "$-" in
Shell debugging temporarily silenced: export LMOD_SH_DBG_ON=1 for this output (/usr/share/lmod/lmod/init/bash)
+ '[' -z '' ']'
+ case "$-" in
+ __lmod_vx=x
+ __lmod_vx=x
+ '[' -n x ']'
+ set +x
“RANK= 66 LOCAL_RANK= 2 gpu= 1”
Shell debugging temporarily silenced: export LMOD_SH_DBG_ON=1 for this output (/usr/share/lmod/lmod/init/bash)
Shell debugging temporarily silenced: export LMOD_SH_DBG_ON=1 for this output (/usr/share/lmod/lmod/init/bash)
“RANK= 67 LOCAL_RANK= 3 gpu= 0”
+ '[' -z '' ']'
+ case "$-" in
+ __lmod_vx=x
+ '[' -n x ']'
+ set +x
“RANK= 64 LOCAL_RANK= 0 gpu= 3”
Shell debugging temporarily silenced: export LMOD_SH_DBG_ON=1 for this output (/usr/share/lmod/lmod/init/bash)
“RANK= 37 LOCAL_RANK= 1 gpu= 2”
“RANK= 65 LOCAL_RANK= 1 gpu= 2”
+ '[' -n x ']'
+ set +x
+ __lmod_vx=x
+ '[' -n x ']'
+ set +x
+ '[' -z '' ']'
+ case "$-" in
“RANK= 28 LOCAL_RANK= 0 gpu= 3”
+ '[' -z '' ']'
+ case "$-" in
+ __lmod_vx=x
+ '[' -n x ']'
+ set +x
Shell debugging temporarily silenced: export LMOD_SH_DBG_ON=1 for this output (/usr/share/lmod/lmod/init/bash)
“RANK= 16 LOCAL_RANK= 0 gpu= 3”
Shell debugging temporarily silenced: export LMOD_SH_DBG_ON=1 for this output (/usr/share/lmod/lmod/init/bash)
“RANK= 40 LOCAL_RANK= 0 gpu= 3”
Shell debugging temporarily silenced: export LMOD_SH_DBG_ON=1 for this output (/usr/share/lmod/lmod/init/bash)
+ '[' -z '' ']'
+ case "$-" in
+ __lmod_vx=x
+ '[' -n x ']'
+ set +x
“RANK= 17 LOCAL_RANK= 1 gpu= 2”
+ __lmod_vx=x
+ '[' -n x ']'
+ set +x
“RANK= 30 LOCAL_RANK= 2 gpu= 1”
“RANK= 36 LOCAL_RANK= 0 gpu= 3”
“RANK= 43 LOCAL_RANK= 3 gpu= 0”
+ '[' -z '' ']'
+ case "$-" in
+ __lmod_vx=x
+ '[' -n x ']'
+ set +x
Shell debugging restarted
+ unset __lmod_vx
“RANK= 19 LOCAL_RANK= 3 gpu= 0”
+ '[' -z '' ']'
+ case "$-" in
“RANK= 29 LOCAL_RANK= 1 gpu= 2”
“RANK= 38 LOCAL_RANK= 2 gpu= 1”
“RANK= 41 LOCAL_RANK= 1 gpu= 2”
Shell debugging temporarily silenced: export LMOD_SH_DBG_ON=1 for this output (/usr/share/lmod/lmod/init/bash)
Shell debugging restarted
+ unset __lmod_vx
“RANK= 18 LOCAL_RANK= 2 gpu= 1”
+ '[' -z '' ']'
+ case "$-" in
+ __lmod_vx=x
+ '[' -n x ']'
+ set +x
“RANK= 31 LOCAL_RANK= 3 gpu= 0”
“RANK= 39 LOCAL_RANK= 3 gpu= 0”
“RANK= 42 LOCAL_RANK= 2 gpu= 1”
“RANK= 44 LOCAL_RANK= 0 gpu= 3”
Shell debugging temporarily silenced: export LMOD_SH_DBG_ON=1 for this output (/usr/share/lmod/lmod/init/bash)
Shell debugging restarted
+ unset __lmod_vx
“RANK= 124 LOCAL_RANK= 0 gpu= 3”
“RANK= 8 LOCAL_RANK= 0 gpu= 3”
Shell debugging temporarily silenced: export LMOD_SH_DBG_ON=1 for this output (/usr/share/lmod/lmod/init/bash)
“RANK= 45 LOCAL_RANK= 1 gpu= 2”
“RANK= 86 LOCAL_RANK= 2 gpu= 1”
+ '[' -z '' ']'
+ case "$-" in
+ __lmod_vx=x
+ '[' -n x ']'
+ set +x
Shell debugging restarted
+ unset __lmod_vx
+ '[' -z '' ']'
+ case "$-" in
“RANK= 125 LOCAL_RANK= 1 gpu= 2”
“RANK= 9 LOCAL_RANK= 1 gpu= 2”
+ __lmod_vx=x
+ '[' -n x ']'
+ set +x
+ '[' -z '' ']'
Shell debugging restarted
+ unset __lmod_vx
+ speed3d_r2c cufft double-long 512 512 1024 -no-reorder -a2a -pencils -ingrid 16 1 8 -outgrid 4 8 4 -no-gpu-aware -n5
Shell debugging temporarily silenced: export LMOD_SH_DBG_ON=1 for this output (/usr/share/lmod/lmod/init/bash)
“RANK= 121 LOCAL_RANK= 1 gpu= 2”
“RANK= 127 LOCAL_RANK= 3 gpu= 0”
“RANK= 4 LOCAL_RANK= 0 gpu= 3”
“RANK= 11 LOCAL_RANK= 3 gpu= 0”
Shell debugging restarted
+ unset __lmod_vx
Shell debugging temporarily silenced: export LMOD_SH_DBG_ON=1 for this output (/usr/share/lmod/lmod/init/bash)
“RANK= 85 LOCAL_RANK= 1 gpu= 2”
Shell debugging restarted
+ unset __lmod_vx
+ speed3d_r2c cufft double-long 512 512 1024 -no-reorder -a2a -pencils -ingrid 16 1 8 -outgrid 4 8 4 -no-gpu-aware -n5
+ '[' -z '' ']'
+ case "$-" in
+ __lmod_vx=x
+ __lmod_vx=x
+ '[' -n x ']'
+ set +x
“RANK= 120 LOCAL_RANK= 0 gpu= 3”
“RANK= 126 LOCAL_RANK= 2 gpu= 1”
“RANK= 5 LOCAL_RANK= 1 gpu= 2”
“RANK= 10 LOCAL_RANK= 2 gpu= 1”
Shell debugging temporarily silenced: export LMOD_SH_DBG_ON=1 for this output (/usr/share/lmod/lmod/init/bash)
“RANK= 46 LOCAL_RANK= 2 gpu= 1”
+ case "$-" in
+ __lmod_vx=x
+ '[' -n x ']'
+ set +x
+ '[' -z '' ']'
+ case "$-" in
“RANK= 84 LOCAL_RANK= 0 gpu= 3”
Shell debugging restarted
+ speed3d_r2c cufft double-long 512 512 1024 -no-reorder -a2a -pencils -ingrid 16 1 8 -outgrid 4 8 4 -no-gpu-aware -n5
Shell debugging temporarily silenced: export LMOD_SH_DBG_ON=1 for this output (/usr/share/lmod/lmod/init/bash)
+ '[' -z '' ']'
+ case "$-" in
+ __lmod_vx=x
+ '[' -n x ']'
+ set +x
“RANK= 123 LOCAL_RANK= 3 gpu= 0”
“RANK= 6 LOCAL_RANK= 2 gpu= 1”
Shell debugging temporarily silenced: export LMOD_SH_DBG_ON=1 for this output (/usr/share/lmod/lmod/init/bash)
“RANK= 47 LOCAL_RANK= 3 gpu= 0”
Shell debugging temporarily silenced: export LMOD_SH_DBG_ON=1 for this output (/usr/share/lmod/lmod/init/bash)
Shell debugging temporarily silenced: export LMOD_SH_DBG_ON=1 for this output (/usr/share/lmod/lmod/init/bash)
“RANK= 87 LOCAL_RANK= 3 gpu= 0”
+ unset __lmod_vx
+ speed3d_r2c cufft double-long 512 512 1024 -no-reorder -a2a -pencils -ingrid 16 1 8 -outgrid 4 8 4 -no-gpu-aware -n5
+ '[' -n x ']'
+ set +x
Shell debugging restarted
+ unset __lmod_vx
“RANK= 118 LOCAL_RANK= 2 gpu= 1”
“RANK= 122 LOCAL_RANK= 2 gpu= 1”
“RANK= 7 LOCAL_RANK= 3 gpu= 0”
+ '[' -z '' ']'
+ case "$-" in
+ __lmod_vx=x
+ '[' -n x ']'
+ set +x
+ '[' -z '' ']'
+ case "$-" in
“RANK= 63 LOCAL_RANK= 3 gpu= 0”
+ '[' -z '' ']'
+ case "$-" in
+ __lmod_vx=x
+ '[' -z '' ']'
+ case "$-" in
+ __lmod_vx=x
+ '[' -n x ']'
+ set +x
+ __lmod_vx=x
+ '[' -n x ']'
+ set +x
“RANK= 88 LOCAL_RANK= 0 gpu= 3”
Shell debugging restarted
+ unset __lmod_vx
+ '[' -z '' ']'
+ case "$-" in
+ __lmod_vx=x
+ '[' -n x ']'
+ set +x
Shell debugging temporarily silenced: export LMOD_SH_DBG_ON=1 for this output (/usr/share/lmod/lmod/init/bash)
“RANK= 116 LOCAL_RANK= 0 gpu= 3”
“RANK= 13 LOCAL_RANK= 1 gpu= 2”
Shell debugging restarted
+ unset __lmod_vx
“RANK= 25 LOCAL_RANK= 1 gpu= 2”
Shell debugging temporarily silenced: export LMOD_SH_DBG_ON=1 for this output (/usr/share/lmod/lmod/init/bash)
+ '[' -z '' ']'
+ case "$-" in
“RANK= 48 LOCAL_RANK= 0 gpu= 3”
“RANK= 60 LOCAL_RANK= 0 gpu= 3”
Shell debugging temporarily silenced: export LMOD_SH_DBG_ON=1 for this output (/usr/share/lmod/lmod/init/bash)
+ '[' -z '' ']'
+ case "$-" in
+ __lmod_vx=x
+ '[' -n x ']'
+ set +x
+ '[' -z '' ']'
+ case "$-" in
+ __lmod_vx=x
+ '[' -n x ']'
+ set +x
“RANK= 91 LOCAL_RANK= 3 gpu= 0”
+ speed3d_r2c cufft double-long 512 512 1024 -no-reorder -a2a -pencils -ingrid 16 1 8 -outgrid 4 8 4 -no-gpu-aware -n5
Shell debugging temporarily silenced: export LMOD_SH_DBG_ON=1 for this output (/usr/share/lmod/lmod/init/bash)
+ '[' -z '' ']'
+ case "$-" in
+ __lmod_vx=x
+ '[' -n x ']'
+ set +x
“RANK= 117 LOCAL_RANK= 1 gpu= 2”
+ '[' -z '' ']'
+ case "$-" in
+ '[' -z '' ']'
+ case "$-" in
+ __lmod_vx=x
Shell debugging restarted
+ unset __lmod_vx
+ '[' -z '' ']'
+ case "$-" in
+ __lmod_vx=x
+ '[' -n x ']'
+ set +x
Shell debugging temporarily silenced: export LMOD_SH_DBG_ON=1 for this output (/usr/share/lmod/lmod/init/bash)
“RANK= 49 LOCAL_RANK= 1 gpu= 2”
“RANK= 61 LOCAL_RANK= 1 gpu= 2”
+ '[' -n x ']'
+ set +x
Shell debugging temporarily silenced: export LMOD_SH_DBG_ON=1 for this output (/usr/share/lmod/lmod/init/bash)
Shell debugging temporarily silenced: export LMOD_SH_DBG_ON=1 for this output (/usr/share/lmod/lmod/init/bash)
“RANK= 80 LOCAL_RANK= 0 gpu= 3”
“RANK= 89 LOCAL_RANK= 1 gpu= 2”
+ speed3d_r2c cufft double-long 512 512 1024 -no-reorder -a2a -pencils -ingrid 16 1 8 -outgrid 4 8 4 -no-gpu-aware -n5
Shell debugging restarted
+ unset __lmod_vx
Shell debugging temporarily silenced: export LMOD_SH_DBG_ON=1 for this output (/usr/share/lmod/lmod/init/bash)
“RANK= 119 LOCAL_RANK= 3 gpu= 0”
+ '[' -z '' ']'
+ case "$-" in
Shell debugging temporarily silenced: export LMOD_SH_DBG_ON=1 for this output (/usr/share/lmod/lmod/init/bash)
“RANK= 12 LOCAL_RANK= 0 gpu= 3”
Shell debugging temporarily silenced: export LMOD_SH_DBG_ON=1 for this output (/usr/share/lmod/lmod/init/bash)
Shell debugging restarted
+ unset __lmod_vx
“RANK= 26 LOCAL_RANK= 2 gpu= 1”
Shell debugging temporarily silenced: export LMOD_SH_DBG_ON=1 for this output (/usr/share/lmod/lmod/init/bash)
Shell debugging restarted
+ __lmod_vx=x
+ '[' -n x ']'
+ set +x
+ '[' -z '' ']'
+ case "$-" in
+ __lmod_vx=x
“RANK= 50 LOCAL_RANK= 2 gpu= 1”
“RANK= 62 LOCAL_RANK= 2 gpu= 1”
Shell debugging restarted
+ unset __lmod_vx
Shell debugging restarted
+ unset __lmod_vx
+ '[' -z '' ']'
+ case "$-" in
+ __lmod_vx=x
+ '[' -n x ']'
+ set +x
+ '[' -z '' ']'
+ case "$-" in
“RANK= 90 LOCAL_RANK= 2 gpu= 1”
+ speed3d_r2c cufft double-long 512 512 1024 -no-reorder -a2a -pencils -ingrid 16 1 8 -outgrid 4 8 4 -no-gpu-aware -n5
+ '[' -z '' ']'
+ case "$-" in
+ __lmod_vx=x
+ '[' -z '' ']'
+ case "$-" in
+ __lmod_vx=x
+ '[' -n x ']'
+ set +x
+ '[' -z '' ']'
+ case "$-" in
Shell debugging temporarily silenced: export LMOD_SH_DBG_ON=1 for this output (/usr/share/lmod/lmod/init/bash)
+ '[' -z '' ']'
+ case "$-" in
+ __lmod_vx=x
+ '[' -n x ']'
+ __lmod_vx=x
+ '[' -n x ']'
+ set +x
“RANK= 14 LOCAL_RANK= 2 gpu= 1”
+ '[' -z '' ']'
+ case "$-" in
+ __lmod_vx=x
+ '[' -n x ']'
+ set +x
+ speed3d_r2c cufft double-long 512 512 1024 -no-reorder -a2a -pencils -ingrid 16 1 8 -outgrid 4 8 4 -no-gpu-aware -n5
“RANK= 24 LOCAL_RANK= 0 gpu= 3”
+ __lmod_vx=x
+ '[' -n x ']'
+ set +x
“RANK= 34 LOCAL_RANK= 2 gpu= 1”
+ unset __lmod_vx
Shell debugging restarted
+ unset __lmod_vx
Shell debugging temporarily silenced: export LMOD_SH_DBG_ON=1 for this output (/usr/share/lmod/lmod/init/bash)
“RANK= 51 LOCAL_RANK= 3 gpu= 0”
+ '[' -z '' ']'
+ case "$-" in
+ __lmod_vx=x
Shell debugging restarted
Shell debugging temporarily silenced: export LMOD_SH_DBG_ON=1 for this output (/usr/share/lmod/lmod/init/bash)
“RANK= 81 LOCAL_RANK= 1 gpu= 2”
Shell debugging temporarily silenced: export LMOD_SH_DBG_ON=1 for this output (/usr/share/lmod/lmod/init/bash)
+ speed3d_r2c cufft double-long 512 512 1024 -no-reorder -a2a -pencils -ingrid 16 1 8 -outgrid 4 8 4 -no-gpu-aware -n5
Shell debugging temporarily silenced: export LMOD_SH_DBG_ON=1 for this output (/usr/share/lmod/lmod/init/bash)
Shell debugging restarted
+ unset __lmod_vx
Shell debugging temporarily silenced: export LMOD_SH_DBG_ON=1 for this output (/usr/share/lmod/lmod/init/bash)
+ __lmod_vx=x
+ '[' -n x ']'
+ set +x
Shell debugging temporarily silenced: export LMOD_SH_DBG_ON=1 for this output (/usr/share/lmod/lmod/init/bash)
Shell debugging restarted
+ unset __lmod_vx
“RANK= 15 LOCAL_RANK= 3 gpu= 0”
Shell debugging temporarily silenced: export LMOD_SH_DBG_ON=1 for this output (/usr/share/lmod/lmod/init/bash)
+ speed3d_r2c cufft double-long 512 512 1024 -no-reorder -a2a -pencils -ingrid 16 1 8 -outgrid 4 8 4 -no-gpu-aware -n5
“RANK= 27 LOCAL_RANK= 3 gpu= 0”
Shell debugging temporarily silenced: export LMOD_SH_DBG_ON=1 for this output (/usr/share/lmod/lmod/init/bash)
“RANK= 32 LOCAL_RANK= 0 gpu= 3”
+ '[' -z '' ']'
+ '[' -z '' ']'
+ case "$-" in
+ '[' -n x ']'
+ set +x
Shell debugging temporarily silenced: export LMOD_SH_DBG_ON=1 for this output (/usr/share/lmod/lmod/init/bash)
+ unset __lmod_vx
Shell debugging restarted
“RANK= 82 LOCAL_RANK= 2 gpu= 1”
+ __lmod_vx=x
+ '[' -n x ']'
+ set +x
+ '[' -z '' ']'
+ case "$-" in
“RANK= 92 LOCAL_RANK= 0 gpu= 3”
+ '[' -n x ']'
+ set +x
Shell debugging temporarily silenced: export LMOD_SH_DBG_ON=1 for this output (/usr/share/lmod/lmod/init/bash)
+ __lmod_vx=x
+ '[' -n x ']'
+ set +x
Shell debugging restarted
+ unset __lmod_vx
“RANK= 2 LOCAL_RANK= 2 gpu= 1”
+ set +x
+ '[' -z '' ']'
+ case "$-" in
+ '[' -n x ']'
+ set +x
+ speed3d_r2c cufft double-long 512 512 1024 -no-reorder -a2a -pencils -ingrid 16 1 8 -outgrid 4 8 4 -no-gpu-aware -n5
+ '[' -z '' ']'
+ case "$-" in
+ __lmod_vx=x
+ '[' -n x ']'
+ set +x
“RANK= 33 LOCAL_RANK= 1 gpu= 2”
+ case "$-" in
+ __lmod_vx=x
+ '[' -n x ']'
+ __lmod_vx=x
+ '[' -n x ']'
+ set +x
Shell debugging restarted
+ unset __lmod_vx
+ '[' -z '' ']'
+ case "$-" in
+ '[' -n x ']'
+ set +x
Shell debugging restarted
+ unset __lmod_vx
+ unset __lmod_vx
“RANK= 83 LOCAL_RANK= 3 gpu= 0”
Shell debugging restarted
Shell debugging temporarily silenced: export LMOD_SH_DBG_ON=1 for this output (/usr/share/lmod/lmod/init/bash)
“RANK= 93 LOCAL_RANK= 1 gpu= 2”
Shell debugging restarted
+ unset __lmod_vx
Shell debugging restarted
+ unset __lmod_vx
+ '[' -z '' ']'
+ case "$-" in
Shell debugging restarted
+ unset __lmod_vx
+ '[' -z '' ']'
+ case "$-" in
+ __lmod_vx=x
“RANK= 1 LOCAL_RANK= 1 gpu= 2”
Shell debugging restarted
+ unset __lmod_vx
Shell debugging temporarily silenced: export LMOD_SH_DBG_ON=1 for this output (/usr/share/lmod/lmod/init/bash)
+ '[' -z '' ']'
+ case "$-" in
Shell debugging restarted
+ unset __lmod_vx
+ speed3d_r2c cufft double-long 512 512 1024 -no-reorder -a2a -pencils -ingrid 16 1 8 -outgrid 4 8 4 -no-gpu-aware -n5
+ '[' -z '' ']'
+ case "$-" in
+ __lmod_vx=x
Shell debugging restarted
+ unset __lmod_vx
“RANK= 35 LOCAL_RANK= 3 gpu= 0”
+ set +x
Shell debugging temporarily silenced: export LMOD_SH_DBG_ON=1 for this output (/usr/share/lmod/lmod/init/bash)
+ '[' -z '' ']'
+ case "$-" in
+ __lmod_vx=x
Shell debugging temporarily silenced: export LMOD_SH_DBG_ON=1 for this output (/usr/share/lmod/lmod/init/bash)
+ '[' -z '' ']'
+ case "$-" in
Shell debugging restarted
+ unset __lmod_vx
+ '[' -z '' ']'
+ case "$-" in
Shell debugging restarted
+ unset __lmod_vx
+ '[' -z '' ']'
+ case "$-" in
+ unset __lmod_vx
+ __lmod_vx=x
+ '[' -n x ']'
+ set +x
“RANK= 94 LOCAL_RANK= 2 gpu= 1”
Shell debugging restarted
+ unset __lmod_vx
Shell debugging restarted
+ unset __lmod_vx
Shell debugging temporarily silenced: export LMOD_SH_DBG_ON=1 for this output (/usr/share/lmod/lmod/init/bash)
+ '[' -z '' ']'
+ case "$-" in
Shell debugging temporarily silenced: export LMOD_SH_DBG_ON=1 for this output (/usr/share/lmod/lmod/init/bash)
“RANK= 0 LOCAL_RANK= 0 gpu= 3”
+ '[' -z '' ']'
+ case "$-" in
+ __lmod_vx=x
+ '[' -n x ']'
+ set +x
Shell debugging temporarily silenced: export LMOD_SH_DBG_ON=1 for this output (/usr/share/lmod/lmod/init/bash)
Shell debugging restarted
+ unset __lmod_vx
Shell debugging temporarily silenced: export LMOD_SH_DBG_ON=1 for this output (/usr/share/lmod/lmod/init/bash)
Shell debugging restarted
+ unset __lmod_vx
+ '[' -z '' ']'
+ case "$-" in
Shell debugging temporarily silenced: export LMOD_SH_DBG_ON=1 for this output (/usr/share/lmod/lmod/init/bash)
Shell debugging restarted
+ unset __lmod_vx
Shell debugging temporarily silenced: export LMOD_SH_DBG_ON=1 for this output (/usr/share/lmod/lmod/init/bash)
+ __lmod_vx=x
+ '[' -n x ']'
+ set +x
“RANK= 52 LOCAL_RANK= 0 gpu= 3”
Shell debugging temporarily silenced: export LMOD_SH_DBG_ON=1 for this output (/usr/share/lmod/lmod/init/bash)
+ '[' -z '' ']'
+ case "$-" in
+ __lmod_vx=x
Shell debugging temporarily silenced: export LMOD_SH_DBG_ON=1 for this output (/usr/share/lmod/lmod/init/bash)
Shell debugging restarted
+ unset __lmod_vx
Shell debugging temporarily silenced: export LMOD_SH_DBG_ON=1 for this output (/usr/share/lmod/lmod/init/bash)
+ '[' -z '' ']'
+ case "$-" in
Shell debugging restarted
+ unset __lmod_vx
“RANK= 95 LOCAL_RANK= 3 gpu= 0”
+ '[' -z '' ']'
+ case "$-" in
+ __lmod_vx=x
“RANK= 111 LOCAL_RANK= 3 gpu= 0”
+ speed3d_r2c cufft double-long 512 512 1024 -no-reorder -a2a -pencils -ingrid 16 1 8 -outgrid 4 8 4 -no-gpu-aware -n5
+ __lmod_vx=x
+ '[' -n x ']'
+ set +x
Shell debugging temporarily silenced: export LMOD_SH_DBG_ON=1 for this output (/usr/share/lmod/lmod/init/bash)
+ '[' -n x ']'
+ set +x
“RANK= 3 LOCAL_RANK= 3 gpu= 0”
Shell debugging temporarily silenced: export LMOD_SH_DBG_ON=1 for this output (/usr/share/lmod/lmod/init/bash)
+ '[' -z '' ']'
+ case "$-" in
+ __lmod_vx=x
+ '[' -n x ']'
+ set +x
+ '[' -z '' ']'
+ case "$-" in
+ __lmod_vx=x
+ '[' -z '' ']'
+ case "$-" in
+ __lmod_vx=x
+ '[' -n x ']'
+ set +x
+ '[' -z '' ']'
Shell debugging temporarily silenced: export LMOD_SH_DBG_ON=1 for this output (/usr/share/lmod/lmod/init/bash)
+ '[' -z '' ']'
+ case "$-" in
+ __lmod_vx=x
+ '[' -z '' ']'
+ case "$-" in
+ '[' -n x ']'
+ set +x
Shell debugging restarted
“RANK= 55 LOCAL_RANK= 3 gpu= 0”
+ __lmod_vx=x
+ '[' -n x ']'
+ set +x
Shell debugging temporarily silenced: export LMOD_SH_DBG_ON=1 for this output (/usr/share/lmod/lmod/init/bash)
+ __lmod_vx=x
+ '[' -n x ']'
+ set +x
“RANK= 73 LOCAL_RANK= 1 gpu= 2”
+ '[' -z '' ']'
+ case "$-" in
+ __lmod_vx=x
+ __lmod_vx=x
+ '[' -n x ']'
+ set +x
Shell debugging temporarily silenced: export LMOD_SH_DBG_ON=1 for this output (/usr/share/lmod/lmod/init/bash)
+ '[' -z '' ']'
+ case "$-" in
+ '[' -z '' ']'
+ case "$-" in
Shell debugging temporarily silenced: export LMOD_SH_DBG_ON=1 for this output (/usr/share/lmod/lmod/init/bash)
“RANK= 109 LOCAL_RANK= 1 gpu= 2”
+ speed3d_r2c cufft double-long 512 512 1024 -no-reorder -a2a -pencils -ingrid 16 1 8 -outgrid 4 8 4 -no-gpu-aware -n5
Shell debugging temporarily silenced: export LMOD_SH_DBG_ON=1 for this output (/usr/share/lmod/lmod/init/bash)
+ __lmod_vx=x
+ '[' -n x ']'
+ set +x
Shell debugging temporarily silenced: export LMOD_SH_DBG_ON=1 for this output (/usr/share/lmod/lmod/init/bash)
+ __lmod_vx=x
+ '[' -n x ']'
+ set +x
Shell debugging restarted
+ unset __lmod_vx
Shell debugging restarted
Shell debugging temporarily silenced: export LMOD_SH_DBG_ON=1 for this output (/usr/share/lmod/lmod/init/bash)
Shell debugging temporarily silenced: export LMOD_SH_DBG_ON=1 for this output (/usr/share/lmod/lmod/init/bash)
Shell debugging temporarily silenced: export LMOD_SH_DBG_ON=1 for this output (/usr/share/lmod/lmod/init/bash)
+ __lmod_vx=x
+ '[' -n x ']'
+ set +x
+ '[' -z '' ']'
+ case "$-" in
+ __lmod_vx=x
+ '[' -n x ']'
+ set +x
Shell debugging temporarily silenced: export LMOD_SH_DBG_ON=1 for this output (/usr/share/lmod/lmod/init/bash)
Shell debugging restarted
+ unset __lmod_vx
+ unset __lmod_vx
“RANK= 53 LOCAL_RANK= 1 gpu= 2”
Shell debugging restarted
+ '[' -n x ']'
+ set +x
Shell debugging restarted
+ unset __lmod_vx
“RANK= 75 LOCAL_RANK= 3 gpu= 0”
Shell debugging temporarily silenced: export LMOD_SH_DBG_ON=1 for this output (/usr/share/lmod/lmod/init/bash)
Shell debugging restarted
+ unset __lmod_vx
+ __lmod_vx=x
+ '[' -n x ']'
+ set +x
Shell debugging temporarily silenced: export LMOD_SH_DBG_ON=1 for this output (/usr/share/lmod/lmod/init/bash)
Shell debugging temporarily silenced: export LMOD_SH_DBG_ON=1 for this output (/usr/share/lmod/lmod/init/bash)
+ '[' -n x ']'
+ set +x
“RANK= 110 LOCAL_RANK= 2 gpu= 1”
+ speed3d_r2c cufft double-long 512 512 1024 -no-reorder -a2a -pencils -ingrid 16 1 8 -outgrid 4 8 4 -no-gpu-aware -n5
+ '[' -z '' ']'
+ case "$-" in
+ __lmod_vx=x
+ '[' -n x ']'
+ set +x
+ speed3d_r2c cufft double-long 512 512 1024 -no-reorder -a2a -pencils -ingrid 16 1 8 -outgrid 4 8 4 -no-gpu-aware -n5
+ '[' -z '' ']'
+ case "$-" in
+ __lmod_vx=x
+ '[' -n x ']'
+ set +x
+ '[' -z '' ']'
+ case "$-" in
+ speed3d_r2c cufft double-long 512 512 1024 -no-reorder -a2a -pencils -ingrid 16 1 8 -outgrid 4 8 4 -no-gpu-aware -n5
Shell debugging temporarily silenced: export LMOD_SH_DBG_ON=1 for this output (/usr/share/lmod/lmod/init/bash)
+ unset __lmod_vx
+ '[' -n x ']'
+ set +x
+ '[' -n x ']'
+ set +x
Shell debugging restarted
+ case "$-" in
+ __lmod_vx=x
+ '[' -n x ']'
+ set +x
+ '[' -z '' ']'
+ case "$-" in
Shell debugging temporarily silenced: export LMOD_SH_DBG_ON=1 for this output (/usr/share/lmod/lmod/init/bash)
+ __lmod_vx=x
+ '[' -n x ']'
+ set +x
+ '[' -z '' ']'
+ case "$-" in
+ __lmod_vx=x
+ '[' -z '' ']'
+ case "$-" in
+ __lmod_vx=x
“RANK= 54 LOCAL_RANK= 2 gpu= 1”
“RANK= 56 LOCAL_RANK= 0 gpu= 3”
+ unset __lmod_vx
+ '[' -z '' ']'
+ case "$-" in
+ __lmod_vx=x
+ speed3d_r2c cufft double-long 512 512 1024 -no-reorder -a2a -pencils -ingrid 16 1 8 -outgrid 4 8 4 -no-gpu-aware -n5
“RANK= 72 LOCAL_RANK= 0 gpu= 3”
+ '[' -n x ']'
+ set +x
+ '[' -z '' ']'
+ case "$-" in
+ __lmod_vx=x
Shell debugging restarted
+ __lmod_vx=x
+ '[' -n x ']'
+ set +x
+ __lmod_vx=x
+ '[' -n x ']'
+ set +x
+ speed3d_r2c cufft double-long 512 512 1024 -no-reorder -a2a -pencils -ingrid 16 1 8 -outgrid 4 8 4 -no-gpu-aware -n5
“RANK= 108 LOCAL_RANK= 0 gpu= 3”
+ speed3d_r2c cufft double-long 512 512 1024 -no-reorder -a2a -pencils -ingrid 16 1 8 -outgrid 4 8 4 -no-gpu-aware -n5
Shell debugging temporarily silenced: export LMOD_SH_DBG_ON=1 for this output (/usr/share/lmod/lmod/init/bash)
Shell debugging restarted
+ unset __lmod_vx
+ '[' -z '' ']'
+ case "$-" in
+ __lmod_vx=x
+ '[' -n x ']'
+ set +x
Shell debugging temporarily silenced: export LMOD_SH_DBG_ON=1 for this output (/usr/share/lmod/lmod/init/bash)
Shell debugging restarted
+ unset __lmod_vx
+ __lmod_vx=x
+ '[' -n x ']'
+ set +x
+ '[' -z '' ']'
+ case "$-" in
Shell debugging restarted
+ unset __lmod_vx
+ unset __lmod_vx
Shell debugging restarted
+ __lmod_vx=x
+ '[' -n x ']'
+ set +x
+ '[' -n x ']'
+ set +x
Shell debugging restarted
+ unset __lmod_vx
Shell debugging temporarily silenced: export LMOD_SH_DBG_ON=1 for this output (/usr/share/lmod/lmod/init/bash)
Shell debugging temporarily silenced: export LMOD_SH_DBG_ON=1 for this output (/usr/share/lmod/lmod/init/bash)
+ '[' -z '' ']'
+ case "$-" in
“RANK= 57 LOCAL_RANK= 1 gpu= 2”
+ '[' -z '' ']'
+ case "$-" in
+ speed3d_r2c cufft double-long 512 512 1024 -no-reorder -a2a -pencils -ingrid 16 1 8 -outgrid 4 8 4 -no-gpu-aware -n5
+ speed3d_r2c cufft double-long 512 512 1024 -no-reorder -a2a -pencils -ingrid 16 1 8 -outgrid 4 8 4 -no-gpu-aware -n5
“RANK= 74 LOCAL_RANK= 2 gpu= 1”
+ speed3d_r2c cufft double-long 512 512 1024 -no-reorder -a2a -pencils -ingrid 16 1 8 -outgrid 4 8 4 -no-gpu-aware -n5
Shell debugging temporarily silenced: export LMOD_SH_DBG_ON=1 for this output (/usr/share/lmod/lmod/init/bash)
+ unset __lmod_vx
Shell debugging restarted
+ '[' -z '' ']'
+ case "$-" in
+ __lmod_vx=x
+ '[' -n x ']'
+ set +x
Shell debugging restarted
+ unset __lmod_vx
+ '[' -z '' ']'
+ case "$-" in
+ __lmod_vx=x
+ '[' -z '' ']'
+ case "$-" in
+ __lmod_vx=x
+ '[' -n x ']'
+ set +x
+ speed3d_r2c cufft double-long 512 512 1024 -no-reorder -a2a -pencils -ingrid 16 1 8 -outgrid 4 8 4 -no-gpu-aware -n5
+ speed3d_r2c cufft double-long 512 512 1024 -no-reorder -a2a -pencils -ingrid 16 1 8 -outgrid 4 8 4 -no-gpu-aware -n5
+ __lmod_vx=x
+ '[' -n x ']'
+ set +x
+ speed3d_r2c cufft double-long 512 512 1024 -no-reorder -a2a -pencils -ingrid 16 1 8 -outgrid 4 8 4 -no-gpu-aware -n5
Shell debugging restarted
+ unset __lmod_vx
Shell debugging temporarily silenced: export LMOD_SH_DBG_ON=1 for this output (/usr/share/lmod/lmod/init/bash)
+ speed3d_r2c cufft double-long 512 512 1024 -no-reorder -a2a -pencils -ingrid 16 1 8 -outgrid 4 8 4 -no-gpu-aware -n5
Shell debugging restarted
+ unset __lmod_vx
+ unset __lmod_vx
Shell debugging temporarily silenced: export LMOD_SH_DBG_ON=1 for this output (/usr/share/lmod/lmod/init/bash)
Shell debugging temporarily silenced: export LMOD_SH_DBG_ON=1 for this output (/usr/share/lmod/lmod/init/bash)
+ speed3d_r2c cufft double-long 512 512 1024 -no-reorder -a2a -pencils -ingrid 16 1 8 -outgrid 4 8 4 -no-gpu-aware -n5
+ '[' -n x ']'
+ set +x
+ '[' -n x ']'
+ set +x
+ '[' -z '' ']'
+ case "$-" in
+ __lmod_vx=x
+ '[' -n x ']'
+ set +x
“RANK= 58 LOCAL_RANK= 2 gpu= 1”
+ '[' -z '' ']'
Shell debugging restarted
+ unset __lmod_vx
+ speed3d_r2c cufft double-long 512 512 1024 -no-reorder -a2a -pencils -ingrid 16 1 8 -outgrid 4 8 4 -no-gpu-aware -n5
+ '[' -z '' ']'
+ case "$-" in
Shell debugging restarted
+ unset __lmod_vx
+ '[' -n x ']'
+ set +x
+ '[' -z '' ']'
+ case "$-" in
+ __lmod_vx=x
+ '[' -n x ']'
+ set +x
+ unset __lmod_vx
Shell debugging restarted
+ unset __lmod_vx
+ speed3d_r2c cufft double-long 512 512 1024 -no-reorder -a2a -pencils -ingrid 16 1 8 -outgrid 4 8 4 -no-gpu-aware -n5
Shell debugging temporarily silenced: export LMOD_SH_DBG_ON=1 for this output (/usr/share/lmod/lmod/init/bash)
Shell debugging restarted
+ unset __lmod_vx
+ '[' -z '' ']'
+ case "$-" in
+ __lmod_vx=x
+ '[' -n x ']'
+ set +x
Shell debugging restarted
+ unset __lmod_vx
Shell debugging temporarily silenced: export LMOD_SH_DBG_ON=1 for this output (/usr/share/lmod/lmod/init/bash)
+ '[' -z '' ']'
+ case "$-" in
+ __lmod_vx=x
+ speed3d_r2c cufft double-long 512 512 1024 -no-reorder -a2a -pencils -ingrid 16 1 8 -outgrid 4 8 4 -no-gpu-aware -n5
+ __lmod_vx=x
+ '[' -n x ']'
+ set +x
+ '[' -z '' ']'
+ case "$-" in
+ __lmod_vx=x
+ speed3d_r2c cufft double-long 512 512 1024 -no-reorder -a2a -pencils -ingrid 16 1 8 -outgrid 4 8 4 -no-gpu-aware -n5
+ speed3d_r2c cufft double-long 512 512 1024 -no-reorder -a2a -pencils -ingrid 16 1 8 -outgrid 4 8 4 -no-gpu-aware -n5
Shell debugging restarted
+ unset __lmod_vx
Shell debugging restarted
+ unset __lmod_vx
+ '[' -z '' ']'
+ case "$-" in
+ __lmod_vx=x
+ '[' -n x ']'
+ set +x
+ speed3d_r2c cufft double-long 512 512 1024 -no-reorder -a2a -pencils -ingrid 16 1 8 -outgrid 4 8 4 -no-gpu-aware -n5
+ '[' -z '' ']'
+ case "$-" in
+ __lmod_vx=x
+ '[' -n x ']'
+ set +x
Shell debugging temporarily silenced: export LMOD_SH_DBG_ON=1 for this output (/usr/share/lmod/lmod/init/bash)
“RANK= 59 LOCAL_RANK= 3 gpu= 0”
Shell debugging temporarily silenced: export LMOD_SH_DBG_ON=1 for this output (/usr/share/lmod/lmod/init/bash)
Shell debugging temporarily silenced: export LMOD_SH_DBG_ON=1 for this output (/usr/share/lmod/lmod/init/bash)
+ speed3d_r2c cufft double-long 512 512 1024 -no-reorder -a2a -pencils -ingrid 16 1 8 -outgrid 4 8 4 -no-gpu-aware -n5
Shell debugging temporarily silenced: export LMOD_SH_DBG_ON=1 for this output (/usr/share/lmod/lmod/init/bash)
+ speed3d_r2c cufft double-long 512 512 1024 -no-reorder -a2a -pencils -ingrid 16 1 8 -outgrid 4 8 4 -no-gpu-aware -n5
+ '[' -z '' ']'
+ case "$-" in
+ __lmod_vx=x
Shell debugging temporarily silenced: export LMOD_SH_DBG_ON=1 for this output (/usr/share/lmod/lmod/init/bash)
+ speed3d_r2c cufft double-long 512 512 1024 -no-reorder -a2a -pencils -ingrid 16 1 8 -outgrid 4 8 4 -no-gpu-aware -n5
Shell debugging temporarily silenced: export LMOD_SH_DBG_ON=1 for this output (/usr/share/lmod/lmod/init/bash)
+ speed3d_r2c cufft double-long 512 512 1024 -no-reorder -a2a -pencils -ingrid 16 1 8 -outgrid 4 8 4 -no-gpu-aware -n5
+ '[' -n x ']'
+ set +x
Shell debugging restarted
+ unset __lmod_vx
Shell debugging temporarily silenced: export LMOD_SH_DBG_ON=1 for this output (/usr/share/lmod/lmod/init/bash)
Shell debugging temporarily silenced: export LMOD_SH_DBG_ON=1 for this output (/usr/share/lmod/lmod/init/bash)
+ '[' -z '' ']'
+ case "$-" in
+ __lmod_vx=x
+ '[' -n x ']'
+ set +x
Shell debugging temporarily silenced: export LMOD_SH_DBG_ON=1 for this output (/usr/share/lmod/lmod/init/bash)
+ speed3d_r2c cufft double-long 512 512 1024 -no-reorder -a2a -pencils -ingrid 16 1 8 -outgrid 4 8 4 -no-gpu-aware -n5
+ '[' -z '' ']'
+ case "$-" in
+ __lmod_vx=x
+ '[' -n x ']'
+ set +x
Shell debugging temporarily silenced: export LMOD_SH_DBG_ON=1 for this output (/usr/share/lmod/lmod/init/bash)
+ '[' -z '' ']'
+ case "$-" in
+ '[' -z '' ']'
+ case "$-" in
+ __lmod_vx=x
+ '[' -z '' ']'
+ case "$-" in
Shell debugging restarted
Shell debugging temporarily silenced: export LMOD_SH_DBG_ON=1 for this output (/usr/share/lmod/lmod/init/bash)
+ '[' -z '' ']'
+ case "$-" in
Shell debugging temporarily silenced: export LMOD_SH_DBG_ON=1 for this output (/usr/share/lmod/lmod/init/bash)
+ __lmod_vx=x
+ '[' -n x ']'
+ set +x
+ '[' -z '' ']'
+ case "$-" in
+ __lmod_vx=x
+ __lmod_vx=x
+ '[' -n x ']'
+ set +x
+ '[' -n x ']'
+ set +x
+ __lmod_vx=x
+ '[' -n x ']'
+ set +x
+ speed3d_r2c cufft double-long 512 512 1024 -no-reorder -a2a -pencils -ingrid 16 1 8 -outgrid 4 8 4 -no-gpu-aware -n5
+ '[' -z '' ']'
+ case "$-" in
+ __lmod_vx=x
+ '[' -n x ']'
+ set +x
+ '[' -z '' ']'
+ case "$-" in
+ speed3d_r2c cufft double-long 512 512 1024 -no-reorder -a2a -pencils -ingrid 16 1 8 -outgrid 4 8 4 -no-gpu-aware -n5
Shell debugging restarted
+ unset __lmod_vx
+ speed3d_r2c cufft double-long 512 512 1024 -no-reorder -a2a -pencils -ingrid 16 1 8 -outgrid 4 8 4 -no-gpu-aware -n5
Shell debugging temporarily silenced: export LMOD_SH_DBG_ON=1 for this output (/usr/share/lmod/lmod/init/bash)
Shell debugging restarted
+ unset __lmod_vx
+ '[' -z '' ']'
+ case "$-" in
Shell debugging restarted
+ unset __lmod_vx
+ speed3d_r2c cufft double-long 512 512 1024 -no-reorder -a2a -pencils -ingrid 16 1 8 -outgrid 4 8 4 -no-gpu-aware -n5
Shell debugging temporarily silenced: export LMOD_SH_DBG_ON=1 for this output (/usr/share/lmod/lmod/init/bash)
+ '[' -n x ']'
+ set +x
+ '[' -z '' ']'
+ case "$-" in
Shell debugging temporarily silenced: export LMOD_SH_DBG_ON=1 for this output (/usr/share/lmod/lmod/init/bash)
+ '[' -n x ']'
+ set +x
Shell debugging temporarily silenced: export LMOD_SH_DBG_ON=1 for this output (/usr/share/lmod/lmod/init/bash)
Shell debugging temporarily silenced: export LMOD_SH_DBG_ON=1 for this output (/usr/share/lmod/lmod/init/bash)
Shell debugging temporarily silenced: export LMOD_SH_DBG_ON=1 for this output (/usr/share/lmod/lmod/init/bash)
+ unset __lmod_vx
Shell debugging restarted
+ unset __lmod_vx
Shell debugging restarted
+ unset __lmod_vx
+ '[' -z '' ']'
+ case "$-" in
Shell debugging temporarily silenced: export LMOD_SH_DBG_ON=1 for this output (/usr/share/lmod/lmod/init/bash)
+ '[' -z '' ']'
+ case "$-" in
+ __lmod_vx=x
+ '[' -n x ']'
+ set +x
Shell debugging temporarily silenced: export LMOD_SH_DBG_ON=1 for this output (/usr/share/lmod/lmod/init/bash)
+ speed3d_r2c cufft double-long 512 512 1024 -no-reorder -a2a -pencils -ingrid 16 1 8 -outgrid 4 8 4 -no-gpu-aware -n5
+ '[' -z '' ']'
+ case "$-" in
+ __lmod_vx=x
+ '[' -n x ']'
+ set +x
+ speed3d_r2c cufft double-long 512 512 1024 -no-reorder -a2a -pencils -ingrid 16 1 8 -outgrid 4 8 4 -no-gpu-aware -n5
Shell debugging temporarily silenced: export LMOD_SH_DBG_ON=1 for this output (/usr/share/lmod/lmod/init/bash)
Shell debugging temporarily silenced: export LMOD_SH_DBG_ON=1 for this output (/usr/share/lmod/lmod/init/bash)
+ '[' -z '' ']'
+ case "$-" in
+ speed3d_r2c cufft double-long 512 512 1024 -no-reorder -a2a -pencils -ingrid 16 1 8 -outgrid 4 8 4 -no-gpu-aware -n5
+ '[' -z '' ']'
+ case "$-" in
+ __lmod_vx=x
+ '[' -n x ']'
+ set +x
+ speed3d_r2c cufft double-long 512 512 1024 -no-reorder -a2a -pencils -ingrid 16 1 8 -outgrid 4 8 4 -no-gpu-aware -n5
+ __lmod_vx=x
+ '[' -n x ']'
+ set +x
+ speed3d_r2c cufft double-long 512 512 1024 -no-reorder -a2a -pencils -ingrid 16 1 8 -outgrid 4 8 4 -no-gpu-aware -n5
+ '[' -z '' ']'
+ case "$-" in
+ __lmod_vx=x
+ '[' -n x ']'
+ set +x
Shell debugging restarted
+ unset __lmod_vx
Shell debugging temporarily silenced: export LMOD_SH_DBG_ON=1 for this output (/usr/share/lmod/lmod/init/bash)
+ '[' -z '' ']'
+ case "$-" in
Shell debugging restarted
+ unset __lmod_vx
+ __lmod_vx=x
+ '[' -n x ']'
+ set +x
+ '[' -n x ']'
+ set +x
+ __lmod_vx=x
+ '[' -n x ']'
+ set +x
Shell debugging restarted
+ unset __lmod_vx
+ speed3d_r2c cufft double-long 512 512 1024 -no-reorder -a2a -pencils -ingrid 16 1 8 -outgrid 4 8 4 -no-gpu-aware -n5
Shell debugging temporarily silenced: export LMOD_SH_DBG_ON=1 for this output (/usr/share/lmod/lmod/init/bash)
Shell debugging restarted
+ unset __lmod_vx
+ '[' -z '' ']'
+ case "$-" in
+ __lmod_vx=x
+ '[' -n x ']'
+ set +x
Shell debugging temporarily silenced: export LMOD_SH_DBG_ON=1 for this output (/usr/share/lmod/lmod/init/bash)
+ case "$-" in
+ __lmod_vx=x
+ '[' -n x ']'
+ set +x
Shell debugging restarted
+ unset __lmod_vx
+ '[' -z '' ']'
+ case "$-" in
+ __lmod_vx=x
+ '[' -n x ']'
+ set +x
+ '[' -n x ']'
+ set +x
+ __lmod_vx=x
+ '[' -n x ']'
+ set +x
Shell debugging temporarily silenced: export LMOD_SH_DBG_ON=1 for this output (/usr/share/lmod/lmod/init/bash)
+ '[' -z '' ']'
+ case "$-" in
+ __lmod_vx=x
+ '[' -n x ']'
+ set +x
Shell debugging restarted
+ unset __lmod_vx
+ speed3d_r2c cufft double-long 512 512 1024 -no-reorder -a2a -pencils -ingrid 16 1 8 -outgrid 4 8 4 -no-gpu-aware -n5
Shell debugging temporarily silenced: export LMOD_SH_DBG_ON=1 for this output (/usr/share/lmod/lmod/init/bash)
Shell debugging restarted
+ unset __lmod_vx
+ speed3d_r2c cufft double-long 512 512 1024 -no-reorder -a2a -pencils -ingrid 16 1 8 -outgrid 4 8 4 -no-gpu-aware -n5
Shell debugging restarted
+ unset __lmod_vx
+ speed3d_r2c cufft double-long 512 512 1024 -no-reorder -a2a -pencils -ingrid 16 1 8 -outgrid 4 8 4 -no-gpu-aware -n5
+ __lmod_vx=x
+ '[' -n x ']'
+ set +x
Shell debugging restarted
+ unset __lmod_vx
+ speed3d_r2c cufft double-long 512 512 1024 -no-reorder -a2a -pencils -ingrid 16 1 8 -outgrid 4 8 4 -no-gpu-aware -n5
Shell debugging restarted
Shell debugging restarted
+ unset __lmod_vx
Shell debugging restarted
+ speed3d_r2c cufft double-long 512 512 1024 -no-reorder -a2a -pencils -ingrid 16 1 8 -outgrid 4 8 4 -no-gpu-aware -n5
+ speed3d_r2c cufft double-long 512 512 1024 -no-reorder -a2a -pencils -ingrid 16 1 8 -outgrid 4 8 4 -no-gpu-aware -n5
+ __lmod_vx=x
+ '[' -n x ']'
+ set +x
Shell debugging temporarily silenced: export LMOD_SH_DBG_ON=1 for this output (/usr/share/lmod/lmod/init/bash)
Shell debugging temporarily silenced: export LMOD_SH_DBG_ON=1 for this output (/usr/share/lmod/lmod/init/bash)
+ '[' -z '' ']'
+ case "$-" in
+ __lmod_vx=x
+ '[' -n x ']'
+ set +x
Shell debugging restarted
+ speed3d_r2c cufft double-long 512 512 1024 -no-reorder -a2a -pencils -ingrid 16 1 8 -outgrid 4 8 4 -no-gpu-aware -n5
Shell debugging restarted
+ unset __lmod_vx
Shell debugging restarted
+ unset __lmod_vx
Shell debugging restarted
+ unset __lmod_vx
+ __lmod_vx=x
+ '[' -n x ']'
+ set +x
Shell debugging temporarily silenced: export LMOD_SH_DBG_ON=1 for this output (/usr/share/lmod/lmod/init/bash)
Shell debugging temporarily silenced: export LMOD_SH_DBG_ON=1 for this output (/usr/share/lmod/lmod/init/bash)
Shell debugging temporarily silenced: export LMOD_SH_DBG_ON=1 for this output (/usr/share/lmod/lmod/init/bash)
Shell debugging restarted
Shell debugging restarted
+ unset __lmod_vx
+ '[' -z '' ']'
+ case "$-" in
+ __lmod_vx=x
+ speed3d_r2c cufft double-long 512 512 1024 -no-reorder -a2a -pencils -ingrid 16 1 8 -outgrid 4 8 4 -no-gpu-aware -n5
Shell debugging temporarily silenced: export LMOD_SH_DBG_ON=1 for this output (/usr/share/lmod/lmod/init/bash)
+ speed3d_r2c cufft double-long 512 512 1024 -no-reorder -a2a -pencils -ingrid 16 1 8 -outgrid 4 8 4 -no-gpu-aware -n5
+ speed3d_r2c cufft double-long 512 512 1024 -no-reorder -a2a -pencils -ingrid 16 1 8 -outgrid 4 8 4 -no-gpu-aware -n5
+ speed3d_r2c cufft double-long 512 512 1024 -no-reorder -a2a -pencils -ingrid 16 1 8 -outgrid 4 8 4 -no-gpu-aware -n5
+ unset __lmod_vx
+ speed3d_r2c cufft double-long 512 512 1024 -no-reorder -a2a -pencils -ingrid 16 1 8 -outgrid 4 8 4 -no-gpu-aware -n5
+ speed3d_r2c cufft double-long 512 512 1024 -no-reorder -a2a -pencils -ingrid 16 1 8 -outgrid 4 8 4 -no-gpu-aware -n5
+ speed3d_r2c cufft double-long 512 512 1024 -no-reorder -a2a -pencils -ingrid 16 1 8 -outgrid 4 8 4 -no-gpu-aware -n5
+ __lmod_vx=x
+ '[' -n x ']'
+ set +x
+ '[' -z '' ']'
+ case "$-" in
+ __lmod_vx=x
+ '[' -n x ']'
+ set +x
Shell debugging temporarily silenced: export LMOD_SH_DBG_ON=1 for this output (/usr/share/lmod/lmod/init/bash)
Shell debugging restarted
+ unset __lmod_vx
+ speed3d_r2c cufft double-long 512 512 1024 -no-reorder -a2a -pencils -ingrid 16 1 8 -outgrid 4 8 4 -no-gpu-aware -n5
+ '[' -z '' ']'
+ case "$-" in
+ __lmod_vx=x
+ '[' -n x ']'
+ set +x
Shell debugging temporarily silenced: export LMOD_SH_DBG_ON=1 for this output (/usr/share/lmod/lmod/init/bash)
Shell debugging restarted
+ '[' -z '' ']'
+ case "$-" in
+ '[' -z '' ']'
+ case "$-" in
+ __lmod_vx=x
+ '[' -n x ']'
+ set +x
+ '[' -z '' ']'
+ case "$-" in
+ __lmod_vx=x
+ '[' -n x ']'
+ set +x
+ '[' -z '' ']'
+ case "$-" in
+ __lmod_vx=x
+ '[' -n x ']'
+ set +x
+ unset __lmod_vx
Shell debugging restarted
+ unset __lmod_vx
Shell debugging temporarily silenced: export LMOD_SH_DBG_ON=1 for this output (/usr/share/lmod/lmod/init/bash)
Shell debugging restarted
+ unset __lmod_vx
+ __lmod_vx=x
+ '[' -n x ']'
+ set +x
+ speed3d_r2c cufft double-long 512 512 1024 -no-reorder -a2a -pencils -ingrid 16 1 8 -outgrid 4 8 4 -no-gpu-aware -n5
+ unset __lmod_vx
+ speed3d_r2c cufft double-long 512 512 1024 -no-reorder -a2a -pencils -ingrid 16 1 8 -outgrid 4 8 4 -no-gpu-aware -n5
+ speed3d_r2c cufft double-long 512 512 1024 -no-reorder -a2a -pencils -ingrid 16 1 8 -outgrid 4 8 4 -no-gpu-aware -n5
Shell debugging restarted
+ speed3d_r2c cufft double-long 512 512 1024 -no-reorder -a2a -pencils -ingrid 16 1 8 -outgrid 4 8 4 -no-gpu-aware -n5
+ speed3d_r2c cufft double-long 512 512 1024 -no-reorder -a2a -pencils -ingrid 16 1 8 -outgrid 4 8 4 -no-gpu-aware -n5
Shell debugging restarted
+ unset __lmod_vx
Shell debugging restarted
+ unset __lmod_vx
+ '[' -z '' ']'
+ case "$-" in
+ __lmod_vx=x
+ '[' -n x ']'
+ set +x
+ unset __lmod_vx
Shell debugging temporarily silenced: export LMOD_SH_DBG_ON=1 for this output (/usr/share/lmod/lmod/init/bash)
Shell debugging restarted
+ unset __lmod_vx
+ unset __lmod_vx
Shell debugging temporarily silenced: export LMOD_SH_DBG_ON=1 for this output (/usr/share/lmod/lmod/init/bash)
Shell debugging temporarily silenced: export LMOD_SH_DBG_ON=1 for this output (/usr/share/lmod/lmod/init/bash)
Shell debugging temporarily silenced: export LMOD_SH_DBG_ON=1 for this output (/usr/share/lmod/lmod/init/bash)
Shell debugging restarted
+ unset __lmod_vx
+ speed3d_r2c cufft double-long 512 512 1024 -no-reorder -a2a -pencils -ingrid 16 1 8 -outgrid 4 8 4 -no-gpu-aware -n5
Shell debugging temporarily silenced: export LMOD_SH_DBG_ON=1 for this output (/usr/share/lmod/lmod/init/bash)
+ '[' -n x ']'
+ set +x
+ speed3d_r2c cufft double-long 512 512 1024 -no-reorder -a2a -pencils -ingrid 16 1 8 -outgrid 4 8 4 -no-gpu-aware -n5
Shell debugging restarted
+ unset __lmod_vx
+ '[' -z '' ']'
+ case "$-" in
+ speed3d_r2c cufft double-long 512 512 1024 -no-reorder -a2a -pencils -ingrid 16 1 8 -outgrid 4 8 4 -no-gpu-aware -n5
+ unset __lmod_vx
+ speed3d_r2c cufft double-long 512 512 1024 -no-reorder -a2a -pencils -ingrid 16 1 8 -outgrid 4 8 4 -no-gpu-aware -n5
Shell debugging restarted
+ unset __lmod_vx
+ speed3d_r2c cufft double-long 512 512 1024 -no-reorder -a2a -pencils -ingrid 16 1 8 -outgrid 4 8 4 -no-gpu-aware -n5
Shell debugging restarted
+ unset __lmod_vx
Shell debugging temporarily silenced: export LMOD_SH_DBG_ON=1 for this output (/usr/share/lmod/lmod/init/bash)
+ '[' -z '' ']'
+ case "$-" in
Shell debugging temporarily silenced: export LMOD_SH_DBG_ON=1 for this output (/usr/share/lmod/lmod/init/bash)
Shell debugging restarted
+ unset __lmod_vx
+ speed3d_r2c cufft double-long 512 512 1024 -no-reorder -a2a -pencils -ingrid 16 1 8 -outgrid 4 8 4 -no-gpu-aware -n5
+ __lmod_vx=x
+ '[' -n x ']'
+ set +x
+ speed3d_r2c cufft double-long 512 512 1024 -no-reorder -a2a -pencils -ingrid 16 1 8 -outgrid 4 8 4 -no-gpu-aware -n5
+ '[' -z '' ']'
+ case "$-" in
+ __lmod_vx=x
+ '[' -n x ']'
+ set +x
Shell debugging restarted
+ unset __lmod_vx
+ speed3d_r2c cufft double-long 512 512 1024 -no-reorder -a2a -pencils -ingrid 16 1 8 -outgrid 4 8 4 -no-gpu-aware -n5
Shell debugging restarted
+ '[' -z '' ']'
+ case "$-" in
+ __lmod_vx=x
+ '[' -n x ']'
+ set +x
Shell debugging restarted
+ unset __lmod_vx
+ speed3d_r2c cufft double-long 512 512 1024 -no-reorder -a2a -pencils -ingrid 16 1 8 -outgrid 4 8 4 -no-gpu-aware -n5
Shell debugging temporarily silenced: export LMOD_SH_DBG_ON=1 for this output (/usr/share/lmod/lmod/init/bash)
+ '[' -z '' ']'
+ case "$-" in
+ speed3d_r2c cufft double-long 512 512 1024 -no-reorder -a2a -pencils -ingrid 16 1 8 -outgrid 4 8 4 -no-gpu-aware -n5
+ speed3d_r2c cufft double-long 512 512 1024 -no-reorder -a2a -pencils -ingrid 16 1 8 -outgrid 4 8 4 -no-gpu-aware -n5
Shell debugging temporarily silenced: export LMOD_SH_DBG_ON=1 for this output (/usr/share/lmod/lmod/init/bash)
+ '[' -n x ']'
+ set +x
Shell debugging restarted
+ unset __lmod_vx
+ speed3d_r2c cufft double-long 512 512 1024 -no-reorder -a2a -pencils -ingrid 16 1 8 -outgrid 4 8 4 -no-gpu-aware -n5
Shell debugging temporarily silenced: export LMOD_SH_DBG_ON=1 for this output (/usr/share/lmod/lmod/init/bash)
+ speed3d_r2c cufft double-long 512 512 1024 -no-reorder -a2a -pencils -ingrid 16 1 8 -outgrid 4 8 4 -no-gpu-aware -n5
+ speed3d_r2c cufft double-long 512 512 1024 -no-reorder -a2a -pencils -ingrid 16 1 8 -outgrid 4 8 4 -no-gpu-aware -n5
Shell debugging restarted
+ unset __lmod_vx
Shell debugging restarted
+ unset __lmod_vx
Shell debugging restarted
+ unset __lmod_vx
+ speed3d_r2c cufft double-long 512 512 1024 -no-reorder -a2a -pencils -ingrid 16 1 8 -outgrid 4 8 4 -no-gpu-aware -n5
+ unset __lmod_vx
+ speed3d_r2c cufft double-long 512 512 1024 -no-reorder -a2a -pencils -ingrid 16 1 8 -outgrid 4 8 4 -no-gpu-aware -n5
+ speed3d_r2c cufft double-long 512 512 1024 -no-reorder -a2a -pencils -ingrid 16 1 8 -outgrid 4 8 4 -no-gpu-aware -n5
+ speed3d_r2c cufft double-long 512 512 1024 -no-reorder -a2a -pencils -ingrid 16 1 8 -outgrid 4 8 4 -no-gpu-aware -n5
+ __lmod_vx=x
+ '[' -n x ']'
+ set +x
Shell debugging temporarily silenced: export LMOD_SH_DBG_ON=1 for this output (/usr/share/lmod/lmod/init/bash)
Shell debugging restarted
+ unset __lmod_vx
Shell debugging restarted
+ unset __lmod_vx
Shell debugging temporarily silenced: export LMOD_SH_DBG_ON=1 for this output (/usr/share/lmod/lmod/init/bash)
Shell debugging temporarily silenced: export LMOD_SH_DBG_ON=1 for this output (/usr/share/lmod/lmod/init/bash)
Shell debugging restarted
+ unset __lmod_vx
+ speed3d_r2c cufft double-long 512 512 1024 -no-reorder -a2a -pencils -ingrid 16 1 8 -outgrid 4 8 4 -no-gpu-aware -n5
+ speed3d_r2c cufft double-long 512 512 1024 -no-reorder -a2a -pencils -ingrid 16 1 8 -outgrid 4 8 4 -no-gpu-aware -n5
+ speed3d_r2c cufft double-long 512 512 1024 -no-reorder -a2a -pencils -ingrid 16 1 8 -outgrid 4 8 4 -no-gpu-aware -n5
Shell debugging restarted
+ unset __lmod_vx
+ speed3d_r2c cufft double-long 512 512 1024 -no-reorder -a2a -pencils -ingrid 16 1 8 -outgrid 4 8 4 -no-gpu-aware -n5
+ speed3d_r2c cufft double-long 512 512 1024 -no-reorder -a2a -pencils -ingrid 16 1 8 -outgrid 4 8 4 -no-gpu-aware -n5
+ speed3d_r2c cufft double-long 512 512 1024 -no-reorder -a2a -pencils -ingrid 16 1 8 -outgrid 4 8 4 -no-gpu-aware -n5
+ speed3d_r2c cufft double-long 512 512 1024 -no-reorder -a2a -pencils -ingrid 16 1 8 -outgrid 4 8 4 -no-gpu-aware -n5
Shell debugging restarted
+ unset __lmod_vx
+ __lmod_vx=x
+ '[' -n x ']'
+ set +x
+ speed3d_r2c cufft double-long 512 512 1024 -no-reorder -a2a -pencils -ingrid 16 1 8 -outgrid 4 8 4 -no-gpu-aware -n5
Shell debugging restarted
+ unset __lmod_vx
Shell debugging restarted
+ unset __lmod_vx
+ __lmod_vx=x
+ '[' -n x ']'
+ set +x
Shell debugging restarted
+ unset __lmod_vx
+ speed3d_r2c cufft double-long 512 512 1024 -no-reorder -a2a -pencils -ingrid 16 1 8 -outgrid 4 8 4 -no-gpu-aware -n5
+ speed3d_r2c cufft double-long 512 512 1024 -no-reorder -a2a -pencils -ingrid 16 1 8 -outgrid 4 8 4 -no-gpu-aware -n5
+ speed3d_r2c cufft double-long 512 512 1024 -no-reorder -a2a -pencils -ingrid 16 1 8 -outgrid 4 8 4 -no-gpu-aware -n5
Shell debugging restarted
+ speed3d_r2c cufft double-long 512 512 1024 -no-reorder -a2a -pencils -ingrid 16 1 8 -outgrid 4 8 4 -no-gpu-aware -n5
Shell debugging restarted
+ unset __lmod_vx
+ speed3d_r2c cufft double-long 512 512 1024 -no-reorder -a2a -pencils -ingrid 16 1 8 -outgrid 4 8 4 -no-gpu-aware -n5
Shell debugging restarted
Shell debugging restarted
+ speed3d_r2c cufft double-long 512 512 1024 -no-reorder -a2a -pencils -ingrid 16 1 8 -outgrid 4 8 4 -no-gpu-aware -n5
+ speed3d_r2c cufft double-long 512 512 1024 -no-reorder -a2a -pencils -ingrid 16 1 8 -outgrid 4 8 4 -no-gpu-aware -n5
+ speed3d_r2c cufft double-long 512 512 1024 -no-reorder -a2a -pencils -ingrid 16 1 8 -outgrid 4 8 4 -no-gpu-aware -n5
+ speed3d_r2c cufft double-long 512 512 1024 -no-reorder -a2a -pencils -ingrid 16 1 8 -outgrid 4 8 4 -no-gpu-aware -n5
Shell debugging restarted
+ unset __lmod_vx
+ speed3d_r2c cufft double-long 512 512 1024 -no-reorder -a2a -pencils -ingrid 16 1 8 -outgrid 4 8 4 -no-gpu-aware -n5
+ speed3d_r2c cufft double-long 512 512 1024 -no-reorder -a2a -pencils -ingrid 16 1 8 -outgrid 4 8 4 -no-gpu-aware -n5
+ speed3d_r2c cufft double-long 512 512 1024 -no-reorder -a2a -pencils -ingrid 16 1 8 -outgrid 4 8 4 -no-gpu-aware -n5
+ unset __lmod_vx
+ speed3d_r2c cufft double-long 512 512 1024 -no-reorder -a2a -pencils -ingrid 16 1 8 -outgrid 4 8 4 -no-gpu-aware -n5
+ speed3d_r2c cufft double-long 512 512 1024 -no-reorder -a2a -pencils -ingrid 16 1 8 -outgrid 4 8 4 -no-gpu-aware -n5
+ speed3d_r2c cufft double-long 512 512 1024 -no-reorder -a2a -pencils -ingrid 16 1 8 -outgrid 4 8 4 -no-gpu-aware -n5
+ unset __lmod_vx
+ speed3d_r2c cufft double-long 512 512 1024 -no-reorder -a2a -pencils -ingrid 16 1 8 -outgrid 4 8 4 -no-gpu-aware -n5
+ speed3d_r2c cufft double-long 512 512 1024 -no-reorder -a2a -pencils -ingrid 16 1 8 -outgrid 4 8 4 -no-gpu-aware -n5
Shell debugging restarted
+ unset __lmod_vx
Shell debugging restarted
Shell debugging restarted
+ unset __lmod_vx
+ speed3d_r2c cufft double-long 512 512 1024 -no-reorder -a2a -pencils -ingrid 16 1 8 -outgrid 4 8 4 -no-gpu-aware -n5
+ speed3d_r2c cufft double-long 512 512 1024 -no-reorder -a2a -pencils -ingrid 16 1 8 -outgrid 4 8 4 -no-gpu-aware -n5
+ speed3d_r2c cufft double-long 512 512 1024 -no-reorder -a2a -pencils -ingrid 16 1 8 -outgrid 4 8 4 -no-gpu-aware -n5
+ unset __lmod_vx
+ speed3d_r2c cufft double-long 512 512 1024 -no-reorder -a2a -pencils -ingrid 16 1 8 -outgrid 4 8 4 -no-gpu-aware -n5
+ speed3d_r2c cufft double-long 512 512 1024 -no-reorder -a2a -pencils -ingrid 16 1 8 -outgrid 4 8 4 -no-gpu-aware -n5
Shell debugging restarted
+ unset __lmod_vx
+ speed3d_r2c cufft double-long 512 512 1024 -no-reorder -a2a -pencils -ingrid 16 1 8 -outgrid 4 8 4 -no-gpu-aware -n5
+ speed3d_r2c cufft double-long 512 512 1024 -no-reorder -a2a -pencils -ingrid 16 1 8 -outgrid 4 8 4 -no-gpu-aware -n5
+ unset __lmod_vx
+ speed3d_r2c cufft double-long 512 512 1024 -no-reorder -a2a -pencils -ingrid 16 1 8 -outgrid 4 8 4 -no-gpu-aware -n5
+ speed3d_r2c cufft double-long 512 512 1024 -no-reorder -a2a -pencils -ingrid 16 1 8 -outgrid 4 8 4 -no-gpu-aware -n5
+ speed3d_r2c cufft double-long 512 512 1024 -no-reorder -a2a -pencils -ingrid 16 1 8 -outgrid 4 8 4 -no-gpu-aware -n5
+ speed3d_r2c cufft double-long 512 512 1024 -no-reorder -a2a -pencils -ingrid 16 1 8 -outgrid 4 8 4 -no-gpu-aware -n5
+ speed3d_r2c cufft double-long 512 512 1024 -no-reorder -a2a -pencils -ingrid 16 1 8 -outgrid 4 8 4 -no-gpu-aware -n5
+ speed3d_r2c cufft double-long 512 512 1024 -no-reorder -a2a -pencils -ingrid 16 1 8 -outgrid 4 8 4 -no-gpu-aware -n5
+ speed3d_r2c cufft double-long 512 512 1024 -no-reorder -a2a -pencils -ingrid 16 1 8 -outgrid 4 8 4 -no-gpu-aware -n5
+ speed3d_r2c cufft double-long 512 512 1024 -no-reorder -a2a -pencils -ingrid 16 1 8 -outgrid 4 8 4 -no-gpu-aware -n5
+ speed3d_r2c cufft double-long 512 512 1024 -no-reorder -a2a -pencils -ingrid 16 1 8 -outgrid 4 8 4 -no-gpu-aware -n5

----------------------------------------------------------------------------- 
heFFTe performance test
----------------------------------------------------------------------------- 
Backend:   cufft
Size:      512x512x1024
MPI ranks:  128
Grids: (16, 1, 8)  (1, 8, 16)  (8, 1, 16)  (8, 16, 1)  (4, 8, 4)  
Time per run: 0.49265 (s)
Performance:  76.2833 GFlops/s
Memory usage: 1120MB/rank
Tolerance:    1e-11
Max error:    4.26742e-15

