time=1.69997 0/4 /pressio/roibin/background/pressio/noop:metrics:copy_compressor_results <int32> = 1
/pressio/roibin/background/pressio/noop:metrics:errors_fatal <int32> = 1
/pressio/roibin/background/pressio/noop:noop:metric <char*> = "noop"
/pressio/roibin/background/pressio/noop:pressio:metric <char*> = "noop"
/pressio/roibin/background/pressio:metrics:copy_compressor_results <int32> = 1
/pressio/roibin/background/pressio:metrics:errors_fatal <int32> = 1
/pressio/roibin/background/pressio:pressio:bound_name <char*> = <empty>
/pressio/roibin/background/pressio:pressio:compressor <char*> = "noop"
/pressio/roibin/background/pressio:pressio:metric <char*> = "noop"
/pressio/roibin/background/pressio:pressio:reset_mode <bool> = <empty>
/pressio/roibin/background:binning:compressor <char*> = "pressio"
/pressio/roibin/background:binning:metric <char*> = "noop"
/pressio/roibin/background:binning:nthreads <uint32> = 3
/pressio/roibin/background:binning:shape <data> = data{ type=double dims={3, } has_data=[2, 2, 1, ]}
/pressio/roibin/background:metrics:copy_compressor_results <int32> = 1
/pressio/roibin/background:metrics:errors_fatal <int32> = 1
/pressio/roibin/background:pressio:metric <char*> = "noop"
/pressio/roibin/background:pressio:nthreads <uint32> = 3
/pressio/roibin/roi:fpzip:has_header <int32> = 0
/pressio/roibin/roi:fpzip:metric <char*> = "noop"
/pressio/roibin/roi:fpzip:prec <int32> = 0
/pressio/roibin/roi:metrics:copy_compressor_results <int32> = 1
/pressio/roibin/roi:metrics:errors_fatal <int32> = 1
/pressio/roibin/roi:pressio:metric <char*> = "noop"
/pressio/roibin:metrics:copy_compressor_results <int32> = 1
/pressio/roibin:metrics:errors_fatal <int32> = 1
/pressio/roibin:pressio:metric <char*> = "noop"
/pressio/roibin:pressio:nthreads <uint32> = 1
/pressio/roibin:roibin:background <char*> = "binning"
/pressio/roibin:roibin:centers <data> = data{ type=uint64_t dims={} has_data=false}
/pressio/roibin:roibin:metric <char*> = "noop"
/pressio/roibin:roibin:nthreads <uint32> = 1
/pressio/roibin:roibin:roi <char*> = "fpzip"
/pressio/roibin:roibin:roi_size <data> = data{ type=double dims={3, } has_data=[8, 8, 0, ]}
/pressio/roibin:roibin:roi_strategy <char*> = "coordinates"
/pressio:metrics:copy_compressor_results <int32> = 1
/pressio:metrics:errors_fatal <int32> = 1
/pressio:pressio:bound_name <char*> = <empty>
/pressio:pressio:compressor <char*> = "roibin"
/pressio:pressio:metric <char*> = "noop"
/pressio:pressio:reset_mode <bool> = <empty>

time=1.70003 0/4 global data_dims{130, 1480, 1552}
time=1.70003 0/4 global peakx_dims{130, 2048}
time=1.70004 0/4 global peaky_dims{130, 2048}
time=1.70004 0/4 global npeaks{130}
time=1.70005 0/4 processing 0 4
time=5.20153 0/4 processing 4 8
time=7.07866 0/4 processing 8 12
time=8.99166 0/4 processing 12 16
time=11.5236 0/4 processing 16 20
time=15.2796 0/4 processing 20 24
time=18.6716 0/4 processing 24 28
time=22.0316 0/4 processing 28 32
time=25.3916 0/4 processing 32 36
time=29.1676 0/4 processing 36 40
time=32.6836 0/4 processing 40 44
time=35.4071 0/4 processing 44 48
time=38.7876 0/4 processing 48 52
time=42.6796 0/4 processing 52 56
time=45.7356 0/4 processing 56 60
time=48.1116 0/4 processing 60 64
time=51.8636 0/4 processing 64 68
time=55.0596 0/4 processing 68 72
time=58.4502 0/4 processing 72 76
time=60.5769 0/4 processing 76 80
time=63.4156 0/4 processing 80 84
time=65.3956 0/4 processing 84 88
time=69.2156 0/4 processing 88 92
time=70.7556 0/4 processing 92 96
time=74.1076 0/4 processing 96 100
time=77.2993 0/4 processing 100 104
time=78.9716 0/4 processing 104 108
time=81.1476 0/4 processing 108 112
time=85.0566 0/4 processing 112 116
time=88.4676 0/4 processing 116 120
time=92.1103 0/4 processing 120 124
time=94.3396 0/4 processing 124 128
time=97.7156 0/4 processing 128 132
global_cr=3.88512
wallclock_ms=97299
compress_ms=424
compress_bandwidth_GBps=2.86037
wallclock_bandwidth_GBps=0.0124646
