time=0.0759886 0/2 /pressio/roibin/background/blosc:blosc:blocksize <uint32> = 0
/pressio/roibin/background/blosc:blosc:clevel <int32> = 6
/pressio/roibin/background/blosc:blosc:compressor <char*> = "zstd"
/pressio/roibin/background/blosc:blosc:doshuffle <int32> = 1
/pressio/roibin/background/blosc:blosc:metric <char*> = "noop"
/pressio/roibin/background/blosc:blosc:numinternalthreads <int32> = 3
/pressio/roibin/background/blosc:metrics:copy_compressor_results <int32> = 1
/pressio/roibin/background/blosc:metrics:errors_fatal <int32> = 1
/pressio/roibin/background/blosc:pressio:lossless <int32> = 6
/pressio/roibin/background/blosc:pressio:metric <char*> = "noop"
/pressio/roibin/background/blosc:pressio:nthreads <uint32> = 3
/pressio/roibin/background:binning:compressor <char*> = "blosc"
/pressio/roibin/background:binning:metric <char*> = "noop"
/pressio/roibin/background:binning:nthreads <uint32> = 3
/pressio/roibin/background:binning:shape <data> = data{ type=double dims={3, } has_data=[2, 2, 1, ]}
/pressio/roibin/background:metrics:copy_compressor_results <int32> = 1
/pressio/roibin/background:metrics:errors_fatal <int32> = 1
/pressio/roibin/background:pressio:metric <char*> = "noop"
/pressio/roibin/background:pressio:nthreads <uint32> = 3
/pressio/roibin/roi:blosc:blocksize <uint32> = 0
/pressio/roibin/roi:blosc:clevel <int32> = 6
/pressio/roibin/roi:blosc:compressor <char*> = "zstd"
/pressio/roibin/roi:blosc:doshuffle <int32> = 1
/pressio/roibin/roi:blosc:metric <char*> = "noop"
/pressio/roibin/roi:blosc:numinternalthreads <int32> = 3
/pressio/roibin/roi:metrics:copy_compressor_results <int32> = 1
/pressio/roibin/roi:metrics:errors_fatal <int32> = 1
/pressio/roibin/roi:pressio:lossless <int32> = 6
/pressio/roibin/roi:pressio:metric <char*> = "noop"
/pressio/roibin/roi:pressio:nthreads <uint32> = 3
/pressio/roibin:metrics:copy_compressor_results <int32> = 1
/pressio/roibin:metrics:errors_fatal <int32> = 1
/pressio/roibin:pressio:metric <char*> = "noop"
/pressio/roibin:pressio:nthreads <uint32> = 1
/pressio/roibin:roibin:background <char*> = "binning"
/pressio/roibin:roibin:centers <data> = data{ type=uint64_t dims={} has_data=false}
/pressio/roibin:roibin:metric <char*> = "noop"
/pressio/roibin:roibin:nthreads <uint32> = 1
/pressio/roibin:roibin:roi <char*> = "blosc"
/pressio/roibin:roibin:roi_size <data> = data{ type=double dims={3, } has_data=[8, 8, 0, ]}
/pressio/roibin:roibin:roi_strategy <char*> = "coordinates"
/pressio:metrics:copy_compressor_results <int32> = 1
/pressio:metrics:errors_fatal <int32> = 1
/pressio:pressio:bound_name <char*> = <empty>
/pressio:pressio:compressor <char*> = "roibin"
/pressio:pressio:metric <char*> = "noop"
/pressio:pressio:reset_mode <bool> = <empty>

time=0.0760525 0/2 global data_dims{130, 1480, 1552}
time=0.0760582 0/2 global peakx_dims{130, 2048}
time=0.0760621 0/2 global peaky_dims{130, 2048}
time=0.076066 0/2 global npeaks{130}
time=0.0760721 0/2 processing 0 2
time=0.4753 0/2 processing 2 4
time=0.887312 0/2 processing 4 6
time=1.69921 0/2 processing 6 8
time=2.49961 0/2 processing 8 10
time=3.21519 0/2 processing 10 12
time=4.1952 0/2 processing 12 14
time=4.87517 0/2 processing 14 16
time=5.58316 0/2 processing 16 18
time=6.29124 0/2 processing 18 20
time=7.11862 0/2 processing 20 22
time=7.85922 0/2 processing 22 24
time=8.56908 0/2 processing 24 26
time=9.5771 0/2 processing 26 28
time=10.2472 0/2 processing 28 30
time=11.0605 0/2 processing 30 32
time=11.9232 0/2 processing 32 34
time=12.4192 0/2 processing 34 36
time=13.1873 0/2 processing 36 38
time=13.8568 0/2 processing 38 40
time=14.6072 0/2 processing 40 42
time=15.4953 0/2 processing 42 44
time=16.2766 0/2 processing 44 46
time=16.9072 0/2 processing 46 48
time=17.7792 0/2 processing 48 50
time=18.5312 0/2 processing 50 52
time=19.3088 0/2 processing 52 54
time=19.7633 0/2 processing 54 56
time=20.3592 0/2 processing 56 58
time=21.3152 0/2 processing 58 60
time=22.0113 0/2 processing 60 62
time=22.6313 0/2 processing 62 64
time=23.2473 0/2 processing 64 66
time=23.6802 0/2 processing 66 68
time=24.2034 0/2 processing 68 70
time=24.8398 0/2 processing 70 72
time=25.6645 0/2 processing 72 74
time=26.5192 0/2 processing 74 76
time=27.2472 0/2 processing 76 78
time=27.9862 0/2 processing 78 80
time=28.8912 0/2 processing 80 82
time=29.3152 0/2 processing 82 84
time=30.4472 0/2 processing 84 86
time=31.2209 0/2 processing 86 88
time=31.7112 0/2 processing 88 90
time=32.4803 0/2 processing 90 92
time=33.2324 0/2 processing 92 94
time=34.0352 0/2 processing 94 96
time=34.6192 0/2 processing 96 98
time=35.3161 0/2 processing 98 100
time=36.0992 0/2 processing 100 102
time=37.1032 0/2 processing 102 104
time=38.0513 0/2 processing 104 106
time=38.7952 0/2 processing 106 108
time=39.5491 0/2 processing 108 110
time=40.3194 0/2 processing 110 112
time=41.1918 0/2 processing 112 114
time=42.0872 0/2 processing 114 116
time=42.8643 0/2 processing 116 118
time=43.5672 0/2 processing 118 120
time=44.3959 0/2 processing 120 122
time=45.3112 0/2 processing 122 124
time=45.8772 0/2 processing 124 126
time=46.6434 0/2 processing 126 128
time=47.3316 0/2 processing 128 130
global_cr=4.87413
wallclock_ms=48047
compress_ms=9032
compress_bandwidth_GBps=0.132243
wallclock_bandwidth_GBps=0.0248594
