“RANK= 1 LOCAL_RANK= 1 gpu= 2”
“RANK= 2 LOCAL_RANK= 2 gpu= 1”
“RANK= 3 LOCAL_RANK= 3 gpu= 0”
“RANK= 0 LOCAL_RANK= 0 gpu= 3”
+ '[' -z '' ']'
+ case "$-" in
Shell debugging temporarily silenced: export LMOD_SH_DBG_ON=1 for this output (/usr/share/lmod/lmod/init/bash)
+ __lmod_vx=x
+ '[' -n x ']'
+ set +x
Shell debugging restarted
+ '[' -z '' ']'
+ case "$-" in
+ __lmod_vx=x
+ '[' -n x ']'
+ set +x
+ unset __lmod_vx
+ '[' -z '' ']'
+ case "$-" in
+ __lmod_vx=x
+ '[' -n x ']'
+ set +x
+ '[' -z '' ']'
+ case "$-" in
+ __lmod_vx=x
+ '[' -n x ']'
+ set +x
Shell debugging temporarily silenced: export LMOD_SH_DBG_ON=1 for this output (/usr/share/lmod/lmod/init/bash)
Shell debugging temporarily silenced: export LMOD_SH_DBG_ON=1 for this output (/usr/share/lmod/lmod/init/bash)
Shell debugging temporarily silenced: export LMOD_SH_DBG_ON=1 for this output (/usr/share/lmod/lmod/init/bash)
Shell debugging restarted
+ unset __lmod_vx
+ speed3d_r2c cufft double-long 1024 1024 1024 -a2av -p2p_pl -pencils -r2c_dir 2 -ingrid 4 1 1 -no-gpu-aware -n5
Shell debugging restarted
+ unset __lmod_vx
+ speed3d_r2c cufft double-long 1024 1024 1024 -a2av -p2p_pl -pencils -r2c_dir 2 -ingrid 4 1 1 -no-gpu-aware -n5
Shell debugging restarted
+ unset __lmod_vx
+ speed3d_r2c cufft double-long 1024 1024 1024 -a2av -p2p_pl -pencils -r2c_dir 2 -ingrid 4 1 1 -no-gpu-aware -n5
+ speed3d_r2c cufft double-long 1024 1024 1024 -a2av -p2p_pl -pencils -r2c_dir 2 -ingrid 4 1 1 -no-gpu-aware -n5

----------------------------------------------------------------------------- 
heFFTe performance test
----------------------------------------------------------------------------- 
Backend:   cufft
Size:      1024x1024x1024
MPI ranks:    4
Grids: (4, 1, 1)  -  -  (1, 2, 2)  -  
Time per run: 1.42753 (s)
Performance:  112.825 GFlops/s
Memory usage: 12316MB/rank
Tolerance:    1e-11
Max error:    6.21725e-15

