time=0.41753 0/2 /pressio/roibin/background/pressio/qoz:metrics:copy_compressor_results <int32> = 1
/pressio/roibin/background/pressio/qoz:metrics:errors_fatal <int32> = 1
/pressio/roibin/background/pressio/qoz:pressio:abs <double> = 90
/pressio/roibin/background/pressio/qoz:pressio:metric <char*> = "noop"
/pressio/roibin/background/pressio/qoz:pressio:rel <double> = <empty>
/pressio/roibin/background/pressio/qoz:qoz:abs_error_bound <double> = 90
/pressio/roibin/background/pressio/qoz:qoz:algorithm <uint8> = 1
/pressio/roibin/background/pressio/qoz:qoz:algorithm_str <char*> = <empty>
/pressio/roibin/background/pressio/qoz:qoz:encoder <uint8> = 1
/pressio/roibin/background/pressio/qoz:qoz:error_bound_mode <uint8> = 0
/pressio/roibin/background/pressio/qoz:qoz:error_bound_mode_str <char*> = <empty>
/pressio/roibin/background/pressio/qoz:qoz:interp_algo <uint8> = 1
/pressio/roibin/background/pressio/qoz:qoz:interp_block_size <int32> = 32
/pressio/roibin/background/pressio/qoz:qoz:interp_direction <uint8> = 0
/pressio/roibin/background/pressio/qoz:qoz:intrep_algo_str <char*> = <empty>
/pressio/roibin/background/pressio/qoz:qoz:l2_norm_error_bound <double> = 0
/pressio/roibin/background/pressio/qoz:qoz:lorenzo <bool> = true
/pressio/roibin/background/pressio/qoz:qoz:lorenzo2 <bool> = false
/pressio/roibin/background/pressio/qoz:qoz:lossless <uint8> = 1
/pressio/roibin/background/pressio/qoz:qoz:maxstep <uint64> = 8
/pressio/roibin/background/pressio/qoz:qoz:metric <char*> = "noop"
/pressio/roibin/background/pressio/qoz:qoz:openmp <bool> = false
/pressio/roibin/background/pressio/qoz:qoz:pred_dim <int32> = 0
/pressio/roibin/background/pressio/qoz:qoz:psnr_error_bound <double> = 0
/pressio/roibin/background/pressio/qoz:qoz:quant_bin_size <int32> = 65536
/pressio/roibin/background/pressio/qoz:qoz:regression <bool> = true
/pressio/roibin/background/pressio/qoz:qoz:regression2 <bool> = false
/pressio/roibin/background/pressio/qoz:qoz:rel_error_bound <double> = -1
/pressio/roibin/background/pressio/qoz:qoz:stride <int32> = 6
/pressio/roibin/background/pressio/qoz:qoz:test_lorenzo <int32> = 0
/pressio/roibin/background/pressio/qoz:qoz:turning_target <uint8> = 0
/pressio/roibin/background/pressio/qoz:qoz:turning_target_str <char*> = <empty>
/pressio/roibin/background/pressio/qoz:qoz:use_qoz <bool> = true
/pressio/roibin/background/pressio:metrics:copy_compressor_results <int32> = 1
/pressio/roibin/background/pressio:metrics:errors_fatal <int32> = 1
/pressio/roibin/background/pressio:pressio:abs <double> = 90
/pressio/roibin/background/pressio:pressio:bound_name <char*> = <empty>
/pressio/roibin/background/pressio:pressio:compressor <char*> = "qoz"
/pressio/roibin/background/pressio:pressio:metric <char*> = "noop"
/pressio/roibin/background/pressio:pressio:rel <double> = <empty>
/pressio/roibin/background/pressio:pressio:reset_mode <bool> = <empty>
/pressio/roibin/background:binning:compressor <char*> = "pressio"
/pressio/roibin/background:binning:metric <char*> = "noop"
/pressio/roibin/background:binning:nthreads <uint32> = 3
/pressio/roibin/background:binning:shape <data> = data{ type=double dims={3, } has_data=[2, 2, 1, ]}
/pressio/roibin/background:metrics:copy_compressor_results <int32> = 1
/pressio/roibin/background:metrics:errors_fatal <int32> = 1
/pressio/roibin/background:pressio:metric <char*> = "noop"
/pressio/roibin/background:pressio:nthreads <uint32> = 3
/pressio/roibin/roi:fpzip:has_header <int32> = 0
/pressio/roibin/roi:fpzip:metric <char*> = "noop"
/pressio/roibin/roi:fpzip:prec <int32> = 0
/pressio/roibin/roi:metrics:copy_compressor_results <int32> = 1
/pressio/roibin/roi:metrics:errors_fatal <int32> = 1
/pressio/roibin/roi:pressio:metric <char*> = "noop"
/pressio/roibin:metrics:copy_compressor_results <int32> = 1
/pressio/roibin:metrics:errors_fatal <int32> = 1
/pressio/roibin:pressio:metric <char*> = "noop"
/pressio/roibin:pressio:nthreads <uint32> = 3
/pressio/roibin:roibin:background <char*> = "binning"
/pressio/roibin:roibin:centers <data> = data{ type=uint64_t dims={} has_data=false}
/pressio/roibin:roibin:metric <char*> = "noop"
/pressio/roibin:roibin:nthreads <uint32> = 3
/pressio/roibin:roibin:roi <char*> = "fpzip"
/pressio/roibin:roibin:roi_size <data> = data{ type=double dims={3, } has_data=[8, 8, 0, ]}
/pressio/roibin:roibin:roi_strategy <char*> = "coordinates"
/pressio:metrics:copy_compressor_results <int32> = 1
/pressio:metrics:errors_fatal <int32> = 1
/pressio:pressio:bound_name <char*> = <empty>
/pressio:pressio:compressor <char*> = "roibin"
/pressio:pressio:metric <char*> = "noop"
/pressio:pressio:reset_mode <bool> = <empty>

time=0.417603 0/2 global data_dims{130, 1480, 1552}
time=0.417607 0/2 global peakx_dims{130, 2048}
time=0.41761 0/2 global peaky_dims{130, 2048}
time=0.417613 0/2 global npeaks{130}
time=0.417617 0/2 processing 0 2
time=3.11311 0/2 processing 2 4
time=5.90851 0/2 processing 4 6
time=8.33457 0/2 processing 6 8
time=10.9051 0/2 processing 8 10
time=13.0495 0/2 processing 10 12
time=15.365 0/2 processing 12 14
time=17.7303 0/2 processing 14 16
time=20.4071 0/2 processing 16 18
time=22.843 0/2 processing 18 20
time=25.4932 0/2 processing 20 22
time=28.5769 0/2 processing 22 24
time=31.3243 0/2 processing 24 26
time=33.6541 0/2 processing 26 28
time=36.2949 0/2 processing 28 30
time=39.1464 0/2 processing 30 32
time=41.6571 0/2 processing 32 34
time=44.11 0/2 processing 34 36
time=46.4953 0/2 processing 36 38
time=49.1263 0/2 processing 38 40
time=51.8437 0/2 processing 40 42
time=54.4371 0/2 processing 42 44
time=57.005 0/2 processing 44 46
time=59.9012 0/2 processing 46 48
time=62.243 0/2 processing 48 50
time=65.0458 0/2 processing 50 52
time=68.3239 0/2 processing 52 54
time=70.9655 0/2 processing 54 56
time=73.4102 0/2 processing 56 58
time=76.3834 0/2 processing 58 60
time=78.7365 0/2 processing 60 62
time=81.5861 0/2 processing 62 64
time=83.4168 0/2 processing 64 66
time=85.1494 0/2 processing 66 68
time=87.8798 0/2 processing 68 70
time=90.4875 0/2 processing 70 72
time=92.9352 0/2 processing 72 74
time=95.8854 0/2 processing 74 76
time=98.58 0/2 processing 76 78
time=101.16 0/2 processing 78 80
time=104.25 0/2 processing 80 82
time=106.744 0/2 processing 82 84
time=109.273 0/2 processing 84 86
time=112.001 0/2 processing 86 88
time=114.903 0/2 processing 88 90
time=118.435 0/2 processing 90 92
time=121.505 0/2 processing 92 94
time=124.628 0/2 processing 94 96
time=127.831 0/2 processing 96 98
time=130.76 0/2 processing 98 100
time=133.636 0/2 processing 100 102
time=136.6 0/2 processing 102 104
time=139.491 0/2 processing 104 106
time=142.409 0/2 processing 106 108
time=145.203 0/2 processing 108 110
time=147.763 0/2 processing 110 112
time=150.284 0/2 processing 112 114
time=153.443 0/2 processing 114 116
time=156.545 0/2 processing 116 118
time=159.356 0/2 processing 118 120
time=161.995 0/2 processing 120 122
time=165.198 0/2 processing 122 124
time=168.115 0/2 processing 124 126
time=169.94 0/2 processing 126 128
time=172.865 0/2 processing 128 130
global_cr=46.8483
wallclock_ms=174522
compress_ms=20831
compress_bandwidth_GBps=0.0573385
wallclock_bandwidth_GBps=0.00684395
