time=2.7883 0/4 /pressio/roibin/background/pressio/noop:metrics:copy_compressor_results <int32> = 1
/pressio/roibin/background/pressio/noop:metrics:errors_fatal <int32> = 1
/pressio/roibin/background/pressio/noop:noop:metric <char*> = "noop"
/pressio/roibin/background/pressio/noop:pressio:metric <char*> = "noop"
/pressio/roibin/background/pressio:metrics:copy_compressor_results <int32> = 1
/pressio/roibin/background/pressio:metrics:errors_fatal <int32> = 1
/pressio/roibin/background/pressio:pressio:bound_name <char*> = <empty>
/pressio/roibin/background/pressio:pressio:compressor <char*> = "noop"
/pressio/roibin/background/pressio:pressio:metric <char*> = "noop"
/pressio/roibin/background/pressio:pressio:reset_mode <bool> = <empty>
/pressio/roibin/background:binning:compressor <char*> = "pressio"
/pressio/roibin/background:binning:metric <char*> = "noop"
/pressio/roibin/background:binning:nthreads <uint32> = 2
/pressio/roibin/background:binning:shape <data> = data{ type=double dims={3, } has_data=[2, 2, 1, ]}
/pressio/roibin/background:metrics:copy_compressor_results <int32> = 1
/pressio/roibin/background:metrics:errors_fatal <int32> = 1
/pressio/roibin/background:pressio:metric <char*> = "noop"
/pressio/roibin/background:pressio:nthreads <uint32> = 2
/pressio/roibin/roi:fpzip:has_header <int32> = 0
/pressio/roibin/roi:fpzip:metric <char*> = "noop"
/pressio/roibin/roi:fpzip:prec <int32> = 0
/pressio/roibin/roi:metrics:copy_compressor_results <int32> = 1
/pressio/roibin/roi:metrics:errors_fatal <int32> = 1
/pressio/roibin/roi:pressio:metric <char*> = "noop"
/pressio/roibin:metrics:copy_compressor_results <int32> = 1
/pressio/roibin:metrics:errors_fatal <int32> = 1
/pressio/roibin:pressio:metric <char*> = "noop"
/pressio/roibin:pressio:nthreads <uint32> = 2
/pressio/roibin:roibin:background <char*> = "binning"
/pressio/roibin:roibin:centers <data> = data{ type=uint64_t dims={} has_data=false}
/pressio/roibin:roibin:metric <char*> = "noop"
/pressio/roibin:roibin:nthreads <uint32> = 2
/pressio/roibin:roibin:roi <char*> = "fpzip"
/pressio/roibin:roibin:roi_size <data> = data{ type=double dims={3, } has_data=[8, 8, 0, ]}
/pressio/roibin:roibin:roi_strategy <char*> = "coordinates"
/pressio:metrics:copy_compressor_results <int32> = 1
/pressio:metrics:errors_fatal <int32> = 1
/pressio:pressio:bound_name <char*> = <empty>
/pressio:pressio:compressor <char*> = "roibin"
/pressio:pressio:metric <char*> = "noop"
/pressio:pressio:reset_mode <bool> = <empty>

time=2.78836 0/4 global data_dims{130, 1480, 1552}
time=2.78837 0/4 global peakx_dims{130, 2048}
time=2.78837 0/4 global peaky_dims{130, 2048}
time=2.78837 0/4 global npeaks{130}
time=2.78838 0/4 processing 0 4
time=7.96387 0/4 processing 4 8
time=14.715 0/4 processing 8 12
time=21.2898 0/4 processing 12 16
time=27.2541 0/4 processing 16 20
time=33.6138 0/4 processing 20 24
time=40.4978 0/4 processing 24 28
time=44.7958 0/4 processing 28 32
time=51.7409 0/4 processing 32 36
time=57.614 0/4 processing 36 40
time=63.9705 0/4 processing 40 44
time=70.2861 0/4 processing 44 48
time=76.9992 0/4 processing 48 52
time=83.1625 0/4 processing 52 56
time=89.7861 0/4 processing 56 60
time=96.7018 0/4 processing 60 64
time=103.396 0/4 processing 64 68
time=110.234 0/4 processing 68 72
time=117.291 0/4 processing 72 76
time=124.366 0/4 processing 76 80
time=131.254 0/4 processing 80 84
time=138.059 0/4 processing 84 88
time=143.619 0/4 processing 88 92
time=147.292 0/4 processing 92 96
time=153.965 0/4 processing 96 100
time=160.484 0/4 processing 100 104
time=165.249 0/4 processing 104 108
time=171.179 0/4 processing 108 112
time=177.731 0/4 processing 112 116
time=184.955 0/4 processing 116 120
time=191.919 0/4 processing 120 124
time=198.598 0/4 processing 124 128
time=203.602 0/4 processing 128 132
global_cr=3.88512
wallclock_ms=204516
compress_ms=473
compress_bandwidth_GBps=2.56405
wallclock_bandwidth_GBps=0.00593007
