time=2.18893 0/2 /pressio/roibin/background/pressio/noop:metrics:copy_compressor_results <int32> = 1
/pressio/roibin/background/pressio/noop:metrics:errors_fatal <int32> = 1
/pressio/roibin/background/pressio/noop:noop:metric <char*> = "noop"
/pressio/roibin/background/pressio/noop:pressio:metric <char*> = "noop"
/pressio/roibin/background/pressio:metrics:copy_compressor_results <int32> = 1
/pressio/roibin/background/pressio:metrics:errors_fatal <int32> = 1
/pressio/roibin/background/pressio:pressio:bound_name <char*> = <empty>
/pressio/roibin/background/pressio:pressio:compressor <char*> = "noop"
/pressio/roibin/background/pressio:pressio:metric <char*> = "noop"
/pressio/roibin/background/pressio:pressio:reset_mode <bool> = <empty>
/pressio/roibin/background:binning:compressor <char*> = "pressio"
/pressio/roibin/background:binning:metric <char*> = "noop"
/pressio/roibin/background:binning:nthreads <uint32> = 1
/pressio/roibin/background:binning:shape <data> = data{ type=double dims={3, } has_data=[2, 2, 1, ]}
/pressio/roibin/background:metrics:copy_compressor_results <int32> = 1
/pressio/roibin/background:metrics:errors_fatal <int32> = 1
/pressio/roibin/background:pressio:metric <char*> = "noop"
/pressio/roibin/background:pressio:nthreads <uint32> = 1
/pressio/roibin/roi:fpzip:has_header <int32> = 0
/pressio/roibin/roi:fpzip:metric <char*> = "noop"
/pressio/roibin/roi:fpzip:prec <int32> = 0
/pressio/roibin/roi:metrics:copy_compressor_results <int32> = 1
/pressio/roibin/roi:metrics:errors_fatal <int32> = 1
/pressio/roibin/roi:pressio:metric <char*> = "noop"
/pressio/roibin:metrics:copy_compressor_results <int32> = 1
/pressio/roibin:metrics:errors_fatal <int32> = 1
/pressio/roibin:pressio:metric <char*> = "noop"
/pressio/roibin:pressio:nthreads <uint32> = 2
/pressio/roibin:roibin:background <char*> = "binning"
/pressio/roibin:roibin:centers <data> = data{ type=uint64_t dims={} has_data=false}
/pressio/roibin:roibin:metric <char*> = "noop"
/pressio/roibin:roibin:nthreads <uint32> = 2
/pressio/roibin:roibin:roi <char*> = "fpzip"
/pressio/roibin:roibin:roi_size <data> = data{ type=double dims={3, } has_data=[8, 8, 0, ]}
/pressio/roibin:roibin:roi_strategy <char*> = "coordinates"
/pressio:metrics:copy_compressor_results <int32> = 1
/pressio:metrics:errors_fatal <int32> = 1
/pressio:pressio:bound_name <char*> = <empty>
/pressio:pressio:compressor <char*> = "roibin"
/pressio:pressio:metric <char*> = "noop"
/pressio:pressio:reset_mode <bool> = <empty>

time=2.18899 0/2 global data_dims{130, 1480, 1552}
time=2.18899 0/2 global peakx_dims{130, 2048}
time=2.18899 0/2 global peaky_dims{130, 2048}
time=2.189 0/2 global npeaks{130}
time=2.189 0/2 processing 0 2
time=13.2122 0/2 processing 2 4
time=22.9509 0/2 processing 4 6
time=30.0796 0/2 processing 6 8
time=43.2591 0/2 processing 8 10
time=50.9511 0/2 processing 10 12
time=58.8507 0/2 processing 12 14
time=66.1589 0/2 processing 14 16
time=73.4605 0/2 processing 16 18
time=82.1424 0/2 processing 18 20
time=88.656 0/2 processing 20 22
time=95.9949 0/2 processing 22 24
time=107.983 0/2 processing 24 26
time=117.301 0/2 processing 26 28
time=124.977 0/2 processing 28 30
time=134.555 0/2 processing 30 32
time=142.211 0/2 processing 32 34
time=149.363 0/2 processing 34 36
time=159.055 0/2 processing 36 38
time=169.055 0/2 processing 38 40
time=177.851 0/2 processing 40 42
time=186.543 0/2 processing 42 44
time=193.866 0/2 processing 44 46
time=201.924 0/2 processing 46 48
time=210.633 0/2 processing 48 50
time=221.487 0/2 processing 50 52
time=229.286 0/2 processing 52 54
time=236.807 0/2 processing 54 56
time=243.314 0/2 processing 56 58
time=249.754 0/2 processing 58 60
time=259.375 0/2 processing 60 62
time=267.265 0/2 processing 62 64
time=274.055 0/2 processing 64 66
time=281.195 0/2 processing 66 68
time=288.423 0/2 processing 68 70
