“RANK= 1 LOCAL_RANK= 1 gpu= 2”
“RANK= 3 LOCAL_RANK= 3 gpu= 0”
“RANK= 2 LOCAL_RANK= 2 gpu= 1”
“RANK= 0 LOCAL_RANK= 0 gpu= 3”
+ '[' -z '' ']'
+ case "$-" in
+ '[' -z '' ']'
+ case "$-" in
+ __lmod_vx=x
+ '[' -n x ']'
+ set +x
Shell debugging temporarily silenced: export LMOD_SH_DBG_ON=1 for this output (/usr/share/lmod/lmod/init/bash)
+ __lmod_vx=x
+ '[' -n x ']'
+ set +x
Shell debugging temporarily silenced: export LMOD_SH_DBG_ON=1 for this output (/usr/share/lmod/lmod/init/bash)
Shell debugging temporarily silenced: export LMOD_SH_DBG_ON=1 for this output (/usr/share/lmod/lmod/init/bash)
+ '[' -z '' ']'
+ case "$-" in
+ __lmod_vx=x
+ '[' -n x ']'
+ set +x
Shell debugging restarted
+ unset __lmod_vx
Shell debugging restarted
+ unset __lmod_vx
Shell debugging restarted
+ unset __lmod_vx
+ speed3d_r2c cufft double 128 128 128 -no-reorder -p2p_pl -pencils
+ speed3d_r2c cufft double 128 128 128 -no-reorder -p2p_pl -pencils
+ speed3d_r2c cufft double 128 128 128 -no-reorder -p2p_pl -pencils
+ '[' -z '' ']'
+ case "$-" in
+ __lmod_vx=x
+ '[' -n x ']'
+ set +x
Shell debugging temporarily silenced: export LMOD_SH_DBG_ON=1 for this output (/usr/share/lmod/lmod/init/bash)
Shell debugging restarted
+ unset __lmod_vx
+ speed3d_r2c cufft double 128 128 128 -no-reorder -p2p_pl -pencils

----------------------------------------------------------------------------- 
heFFTe performance test
----------------------------------------------------------------------------- 
Backend:   cufft
Size:      128x128x128
MPI ranks:    4
Grids: (1, 2, 2)  -  (2, 1, 2)  (2, 2, 1)  (1, 2, 2)  
Time per run: 0.00368886 (s)
Performance:  59.6936 GFlops/s
Memory usage: 24MB/rank
Tolerance:    1e-11
Max error:    3.61169e-15

