“RANK= 1 LOCAL_RANK= 1 gpu= 2”
“RANK= 0 LOCAL_RANK= 0 gpu= 3”
“RANK= 3 LOCAL_RANK= 3 gpu= 0”
“RANK= 2 LOCAL_RANK= 2 gpu= 1”
+ '[' -z '' ']'
+ case "$-" in
+ __lmod_vx=x
+ '[' -z '' ']'
+ case "$-" in
+ __lmod_vx=x
+ '[' -n x ']'
+ set +x
+ '[' -z '' ']'
+ case "$-" in
+ __lmod_vx=x
+ '[' -n x ']'
+ set +x
Shell debugging temporarily silenced: export LMOD_SH_DBG_ON=1 for this output (/usr/share/lmod/lmod/init/bash)
+ '[' -z '' ']'
+ case "$-" in
+ __lmod_vx=x
+ '[' -n x ']'
+ set +x
Shell debugging restarted
+ unset __lmod_vx
“RANK= 4 LOCAL_RANK= 0 gpu= 3”
Shell debugging temporarily silenced: export LMOD_SH_DBG_ON=1 for this output (/usr/share/lmod/lmod/init/bash)
+ '[' -n x ']'
+ set +x
Shell debugging restarted
+ unset __lmod_vx
Shell debugging temporarily silenced: export LMOD_SH_DBG_ON=1 for this output (/usr/share/lmod/lmod/init/bash)
“RANK= 5 LOCAL_RANK= 1 gpu= 2”
Shell debugging restarted
+ unset __lmod_vx
“RANK= 6 LOCAL_RANK= 2 gpu= 1”
Shell debugging temporarily silenced: export LMOD_SH_DBG_ON=1 for this output (/usr/share/lmod/lmod/init/bash)
“RANK= 7 LOCAL_RANK= 3 gpu= 0”
Shell debugging restarted
+ unset __lmod_vx
+ speed3d_r2c cufft float 64 64 64 -a2av -p2p -r2c_dir 0 -ingrid 4 2 1 -n5
+ speed3d_r2c cufft float 64 64 64 -a2av -p2p -r2c_dir 0 -ingrid 4 2 1 -n5
+ speed3d_r2c cufft float 64 64 64 -a2av -p2p -r2c_dir 0 -ingrid 4 2 1 -n5
+ speed3d_r2c cufft float 64 64 64 -a2av -p2p -r2c_dir 0 -ingrid 4 2 1 -n5
+ '[' -z '' ']'
+ case "$-" in
+ __lmod_vx=x
Shell debugging temporarily silenced: export LMOD_SH_DBG_ON=1 for this output (/usr/share/lmod/lmod/init/bash)
+ '[' -n x ']'
+ set +x
+ '[' -z '' ']'
+ case "$-" in
+ __lmod_vx=x
+ '[' -n x ']'
+ set +x
Shell debugging temporarily silenced: export LMOD_SH_DBG_ON=1 for this output (/usr/share/lmod/lmod/init/bash)
+ '[' -z '' ']'
+ case "$-" in
+ __lmod_vx=x
+ '[' -n x ']'
+ set +x
Shell debugging temporarily silenced: export LMOD_SH_DBG_ON=1 for this output (/usr/share/lmod/lmod/init/bash)
+ '[' -z '' ']'
+ case "$-" in
+ __lmod_vx=x
+ '[' -n x ']'
+ set +x
Shell debugging restarted
+ unset __lmod_vx
Shell debugging temporarily silenced: export LMOD_SH_DBG_ON=1 for this output (/usr/share/lmod/lmod/init/bash)
Shell debugging restarted
+ unset __lmod_vx
Shell debugging restarted
+ unset __lmod_vx
Shell debugging restarted
+ unset __lmod_vx
+ speed3d_r2c cufft float 64 64 64 -a2av -p2p -r2c_dir 0 -ingrid 4 2 1 -n5
+ speed3d_r2c cufft float 64 64 64 -a2av -p2p -r2c_dir 0 -ingrid 4 2 1 -n5
+ speed3d_r2c cufft float 64 64 64 -a2av -p2p -r2c_dir 0 -ingrid 4 2 1 -n5
+ speed3d_r2c cufft float 64 64 64 -a2av -p2p -r2c_dir 0 -ingrid 4 2 1 -n5

----------------------------------------------------------------------------- 
heFFTe performance test
----------------------------------------------------------------------------- 
Backend:   cufft
Size:      64x64x64
MPI ranks:    8
Grids: (4, 2, 1)  (1, 2, 4)  (2, 1, 4)  (2, 4, 1)  (2, 2, 2)  
Time per run: 0.00117201 (s)
Performance:  20.1303 GFlops/s
Memory usage: 1MB/rank
Tolerance:    0.0005
Max error:    2.26498e-06

