“RANK= 0 LOCAL_RANK= 0 gpu= 3”
“RANK= 1 LOCAL_RANK= 1 gpu= 2”
“RANK= 2 LOCAL_RANK= 2 gpu= 1”
“RANK= 3 LOCAL_RANK= 3 gpu= 0”
“RANK= 13 LOCAL_RANK= 1 gpu= 2”
“RANK= 12 LOCAL_RANK= 0 gpu= 3”
“RANK= 14 LOCAL_RANK= 2 gpu= 1”
“RANK= 15 LOCAL_RANK= 3 gpu= 0”
“RANK= 8 LOCAL_RANK= 0 gpu= 3”
“RANK= 9 LOCAL_RANK= 1 gpu= 2”
“RANK= 11 LOCAL_RANK= 3 gpu= 0”
“RANK= 10 LOCAL_RANK= 2 gpu= 1”
“RANK= 60 LOCAL_RANK= 0 gpu= 3”
“RANK= 61 LOCAL_RANK= 1 gpu= 2”
“RANK= 63 LOCAL_RANK= 3 gpu= 0”
“RANK= 62 LOCAL_RANK= 2 gpu= 1”
+ '[' -z '' ']'
+ '[' -z '' ']'
+ case "$-" in
+ '[' -z '' ']'
+ case "$-" in
+ __lmod_vx=x
+ '[' -n x ']'
+ set +x
Shell debugging temporarily silenced: export LMOD_SH_DBG_ON=1 for this output (/usr/share/lmod/lmod/init/bash)
Shell debugging temporarily silenced: export LMOD_SH_DBG_ON=1 for this output (/usr/share/lmod/lmod/init/bash)
+ __lmod_vx=x
+ '[' -n x ']'
+ set +x
+ case "$-" in
+ __lmod_vx=x
+ '[' -n x ']'
+ set +x
+ '[' -z '' ']'
+ case "$-" in
+ __lmod_vx=x
+ '[' -n x ']'
+ set +x
Shell debugging temporarily silenced: export LMOD_SH_DBG_ON=1 for this output (/usr/share/lmod/lmod/init/bash)
Shell debugging temporarily silenced: export LMOD_SH_DBG_ON=1 for this output (/usr/share/lmod/lmod/init/bash)
+ '[' -z '' ']'
+ case "$-" in
+ __lmod_vx=x
+ '[' -n x ']'
+ set +x
+ '[' -z '' ']'
+ case "$-" in
+ __lmod_vx=x
+ '[' -n x ']'
+ set +x
+ '[' -z '' ']'
+ case "$-" in
+ __lmod_vx=x
+ '[' -n x ']'
+ set +x
+ '[' -z '' ']'
+ case "$-" in
+ __lmod_vx=x
+ '[' -n x ']'
+ set +x
Shell debugging temporarily silenced: export LMOD_SH_DBG_ON=1 for this output (/usr/share/lmod/lmod/init/bash)
Shell debugging restarted
+ unset __lmod_vx
Shell debugging temporarily silenced: export LMOD_SH_DBG_ON=1 for this output (/usr/share/lmod/lmod/init/bash)
Shell debugging temporarily silenced: export LMOD_SH_DBG_ON=1 for this output (/usr/share/lmod/lmod/init/bash)
Shell debugging restarted
Shell debugging temporarily silenced: export LMOD_SH_DBG_ON=1 for this output (/usr/share/lmod/lmod/init/bash)
+ unset __lmod_vx
Shell debugging restarted
+ unset __lmod_vx
Shell debugging restarted
+ unset __lmod_vx
Shell debugging restarted
+ unset __lmod_vx
+ speed3d_r2c cufft double 512 512 512 -reorder -a2av -p2p_pl -slabs -r2c_dir 1 -ingrid 64 1 1 -outgrid 64 1 1 -n5
Shell debugging restarted
+ unset __lmod_vx
Shell debugging restarted
+ unset __lmod_vx
+ speed3d_r2c cufft double 512 512 512 -reorder -a2av -p2p_pl -slabs -r2c_dir 1 -ingrid 64 1 1 -outgrid 64 1 1 -n5
Shell debugging restarted
+ unset __lmod_vx
+ speed3d_r2c cufft double 512 512 512 -reorder -a2av -p2p_pl -slabs -r2c_dir 1 -ingrid 64 1 1 -outgrid 64 1 1 -n5
+ speed3d_r2c cufft double 512 512 512 -reorder -a2av -p2p_pl -slabs -r2c_dir 1 -ingrid 64 1 1 -outgrid 64 1 1 -n5
+ speed3d_r2c cufft double 512 512 512 -reorder -a2av -p2p_pl -slabs -r2c_dir 1 -ingrid 64 1 1 -outgrid 64 1 1 -n5
+ speed3d_r2c cufft double 512 512 512 -reorder -a2av -p2p_pl -slabs -r2c_dir 1 -ingrid 64 1 1 -outgrid 64 1 1 -n5
+ speed3d_r2c cufft double 512 512 512 -reorder -a2av -p2p_pl -slabs -r2c_dir 1 -ingrid 64 1 1 -outgrid 64 1 1 -n5
+ speed3d_r2c cufft double 512 512 512 -reorder -a2av -p2p_pl -slabs -r2c_dir 1 -ingrid 64 1 1 -outgrid 64 1 1 -n5
+ '[' -z '' ']'
+ '[' -z '' ']'
+ case "$-" in
+ __lmod_vx=x
+ '[' -n x ']'
+ set +x
+ '[' -z '' ']'
+ case "$-" in
+ __lmod_vx=x
+ '[' -n x ']'
+ set +x
+ '[' -z '' ']'
+ case "$-" in
+ __lmod_vx=x
+ '[' -n x ']'
+ set +x
Shell debugging temporarily silenced: export LMOD_SH_DBG_ON=1 for this output (/usr/share/lmod/lmod/init/bash)
+ case "$-" in
+ __lmod_vx=x
+ '[' -n x ']'
+ set +x
Shell debugging temporarily silenced: export LMOD_SH_DBG_ON=1 for this output (/usr/share/lmod/lmod/init/bash)
Shell debugging temporarily silenced: export LMOD_SH_DBG_ON=1 for this output (/usr/share/lmod/lmod/init/bash)
Shell debugging temporarily silenced: export LMOD_SH_DBG_ON=1 for this output (/usr/share/lmod/lmod/init/bash)
Shell debugging restarted
+ unset __lmod_vx
Shell debugging restarted
+ unset __lmod_vx
Shell debugging restarted
+ unset __lmod_vx
Shell debugging restarted
+ unset __lmod_vx
+ speed3d_r2c cufft double 512 512 512 -reorder -a2av -p2p_pl -slabs -r2c_dir 1 -ingrid 64 1 1 -outgrid 64 1 1 -n5
+ speed3d_r2c cufft double 512 512 512 -reorder -a2av -p2p_pl -slabs -r2c_dir 1 -ingrid 64 1 1 -outgrid 64 1 1 -n5
+ speed3d_r2c cufft double 512 512 512 -reorder -a2av -p2p_pl -slabs -r2c_dir 1 -ingrid 64 1 1 -outgrid 64 1 1 -n5
+ speed3d_r2c cufft double 512 512 512 -reorder -a2av -p2p_pl -slabs -r2c_dir 1 -ingrid 64 1 1 -outgrid 64 1 1 -n5
+ '[' -z '' ']'
+ case "$-" in
+ '[' -z '' ']'
+ case "$-" in
+ __lmod_vx=x
+ '[' -n x ']'
+ set +x
Shell debugging temporarily silenced: export LMOD_SH_DBG_ON=1 for this output (/usr/share/lmod/lmod/init/bash)
+ __lmod_vx=x
+ '[' -n x ']'
+ set +x
Shell debugging temporarily silenced: export LMOD_SH_DBG_ON=1 for this output (/usr/share/lmod/lmod/init/bash)
Shell debugging temporarily silenced: export LMOD_SH_DBG_ON=1 for this output (/usr/share/lmod/lmod/init/bash)
+ '[' -z '' ']'
+ case "$-" in
+ __lmod_vx=x
+ '[' -n x ']'
+ set +x
Shell debugging temporarily silenced: export LMOD_SH_DBG_ON=1 for this output (/usr/share/lmod/lmod/init/bash)
+ '[' -z '' ']'
+ case "$-" in
+ __lmod_vx=x
+ '[' -n x ']'
+ set +x
Shell debugging restarted
+ unset __lmod_vx
Shell debugging restarted
+ unset __lmod_vx
Shell debugging restarted
+ unset __lmod_vx
Shell debugging restarted
+ unset __lmod_vx
+ speed3d_r2c cufft double 512 512 512 -reorder -a2av -p2p_pl -slabs -r2c_dir 1 -ingrid 64 1 1 -outgrid 64 1 1 -n5
+ speed3d_r2c cufft double 512 512 512 -reorder -a2av -p2p_pl -slabs -r2c_dir 1 -ingrid 64 1 1 -outgrid 64 1 1 -n5
+ speed3d_r2c cufft double 512 512 512 -reorder -a2av -p2p_pl -slabs -r2c_dir 1 -ingrid 64 1 1 -outgrid 64 1 1 -n5
+ speed3d_r2c cufft double 512 512 512 -reorder -a2av -p2p_pl -slabs -r2c_dir 1 -ingrid 64 1 1 -outgrid 64 1 1 -n5
“RANK= 17 LOCAL_RANK= 1 gpu= 2”
“RANK= 41 LOCAL_RANK= 1 gpu= 2”
“RANK= 18 LOCAL_RANK= 2 gpu= 1”
“RANK= 42 LOCAL_RANK= 2 gpu= 1”
“RANK= 5 LOCAL_RANK= 1 gpu= 2”
“RANK= 16 LOCAL_RANK= 0 gpu= 3”
“RANK= 43 LOCAL_RANK= 3 gpu= 0”
“RANK= 19 LOCAL_RANK= 3 gpu= 0”
“RANK= 40 LOCAL_RANK= 0 gpu= 3”
“RANK= 7 LOCAL_RANK= 3 gpu= 0”
“RANK= 4 LOCAL_RANK= 0 gpu= 3”
“RANK= 6 LOCAL_RANK= 2 gpu= 1”
“RANK= 56 LOCAL_RANK= 0 gpu= 3”
“RANK= 59 LOCAL_RANK= 3 gpu= 0”
“RANK= 25 LOCAL_RANK= 1 gpu= 2”
“RANK= 57 LOCAL_RANK= 1 gpu= 2”
“RANK= 24 LOCAL_RANK= 0 gpu= 3”
“RANK= 27 LOCAL_RANK= 3 gpu= 0”
“RANK= 58 LOCAL_RANK= 2 gpu= 1”
“RANK= 26 LOCAL_RANK= 2 gpu= 1”
“RANK= 48 LOCAL_RANK= 0 gpu= 3”
“RANK= 49 LOCAL_RANK= 1 gpu= 2”
“RANK= 51 LOCAL_RANK= 3 gpu= 0”
“RANK= 50 LOCAL_RANK= 2 gpu= 1”
“RANK= 38 LOCAL_RANK= 2 gpu= 1”
“RANK= 39 LOCAL_RANK= 3 gpu= 0”
“RANK= 36 LOCAL_RANK= 0 gpu= 3”
“RANK= 37 LOCAL_RANK= 1 gpu= 2”
+ '[' -z '' ']'
+ case "$-" in
Shell debugging temporarily silenced: export LMOD_SH_DBG_ON=1 for this output (/usr/share/lmod/lmod/init/bash)
+ '[' -z '' ']'
+ case "$-" in
+ __lmod_vx=x
+ '[' -n x ']'
+ set +x
Shell debugging temporarily silenced: export LMOD_SH_DBG_ON=1 for this output (/usr/share/lmod/lmod/init/bash)
+ __lmod_vx=x
+ '[' -n x ']'
+ set +x
+ '[' -z '' ']'
+ case "$-" in
+ '[' -z '' ']'
+ case "$-" in
+ __lmod_vx=x
Shell debugging temporarily silenced: export LMOD_SH_DBG_ON=1 for this output (/usr/share/lmod/lmod/init/bash)
+ '[' -z '' ']'
+ case "$-" in
+ __lmod_vx=x
Shell debugging temporarily silenced: export LMOD_SH_DBG_ON=1 for this output (/usr/share/lmod/lmod/init/bash)
+ __lmod_vx=x
+ '[' -n x ']'
+ set +x
Shell debugging temporarily silenced: export LMOD_SH_DBG_ON=1 for this output (/usr/share/lmod/lmod/init/bash)
+ '[' -n x ']'
+ set +x
+ '[' -z '' ']'
+ case "$-" in
+ __lmod_vx=x
+ '[' -n x ']'
+ set +x
+ '[' -n x ']'
+ set +x
+ '[' -z '' ']'
+ case "$-" in
+ __lmod_vx=x
Shell debugging temporarily silenced: export LMOD_SH_DBG_ON=1 for this output (/usr/share/lmod/lmod/init/bash)
Shell debugging temporarily silenced: export LMOD_SH_DBG_ON=1 for this output (/usr/share/lmod/lmod/init/bash)
Shell debugging restarted
+ unset __lmod_vx
+ '[' -z '' ']'
+ case "$-" in
+ __lmod_vx=x
+ '[' -n x ']'
+ set +x
“RANK= 54 LOCAL_RANK= 2 gpu= 1”
+ '[' -z '' ']'
+ case "$-" in
+ __lmod_vx=x
+ '[' -n x ']'
+ set +x
+ '[' -z '' ']'
+ case "$-" in
+ __lmod_vx=x
+ '[' -n x ']'
+ set +x
+ '[' -z '' ']'
+ case "$-" in
Shell debugging temporarily silenced: export LMOD_SH_DBG_ON=1 for this output (/usr/share/lmod/lmod/init/bash)
“RANK= 52 LOCAL_RANK= 0 gpu= 3”
Shell debugging restarted
+ unset __lmod_vx
Shell debugging temporarily silenced: export LMOD_SH_DBG_ON=1 for this output (/usr/share/lmod/lmod/init/bash)
Shell debugging temporarily silenced: export LMOD_SH_DBG_ON=1 for this output (/usr/share/lmod/lmod/init/bash)
Shell debugging restarted
+ unset __lmod_vx
“RANK= 55 LOCAL_RANK= 3 gpu= 0”
+ '[' -z '' ']'
Shell debugging temporarily silenced: export LMOD_SH_DBG_ON=1 for this output (/usr/share/lmod/lmod/init/bash)
+ '[' -n x ']'
+ set +x
+ __lmod_vx=x
+ '[' -n x ']'
+ set +x
Shell debugging restarted
“RANK= 53 LOCAL_RANK= 1 gpu= 2”
Shell debugging temporarily silenced: export LMOD_SH_DBG_ON=1 for this output (/usr/share/lmod/lmod/init/bash)
+ '[' -z '' ']'
+ case "$-" in
+ __lmod_vx=x
+ '[' -n x ']'
+ set +x
Shell debugging temporarily silenced: export LMOD_SH_DBG_ON=1 for this output (/usr/share/lmod/lmod/init/bash)
“RANK= 21 LOCAL_RANK= 1 gpu= 2”
Shell debugging restarted
“RANK= 32 LOCAL_RANK= 0 gpu= 3”
Shell debugging restarted
+ unset __lmod_vx
+ case "$-" in
+ __lmod_vx=x
+ '[' -n x ']'
+ set +x
Shell debugging temporarily silenced: export LMOD_SH_DBG_ON=1 for this output (/usr/share/lmod/lmod/init/bash)
Shell debugging restarted
+ unset __lmod_vx
“RANK= 20 LOCAL_RANK= 0 gpu= 3”
+ unset __lmod_vx
“RANK= 35 LOCAL_RANK= 3 gpu= 0”
+ unset __lmod_vx
+ '[' -z '' ']'
+ case "$-" in
+ __lmod_vx=x
+ '[' -n x ']'
+ set +x
+ '[' -z '' ']'
+ case "$-" in
+ __lmod_vx=x
+ '[' -n x ']'
+ set +x
Shell debugging restarted
“RANK= 23 LOCAL_RANK= 3 gpu= 0”
+ '[' -z '' ']'
+ case "$-" in
+ __lmod_vx=x
+ '[' -n x ']'
+ set +x
“RANK= 34 LOCAL_RANK= 2 gpu= 1”
Shell debugging restarted
+ unset __lmod_vx
+ '[' -z '' ']'
+ case "$-" in
Shell debugging temporarily silenced: export LMOD_SH_DBG_ON=1 for this output (/usr/share/lmod/lmod/init/bash)
Shell debugging restarted
+ unset __lmod_vx
Shell debugging restarted
+ unset __lmod_vx
“RANK= 22 LOCAL_RANK= 2 gpu= 1”
+ '[' -z '' ']'
“RANK= 33 LOCAL_RANK= 1 gpu= 2”
+ '[' -z '' ']'
+ case "$-" in
+ speed3d_r2c cufft double 512 512 512 -reorder -a2av -p2p_pl -slabs -r2c_dir 1 -ingrid 64 1 1 -outgrid 64 1 1 -n5
Shell debugging temporarily silenced: export LMOD_SH_DBG_ON=1 for this output (/usr/share/lmod/lmod/init/bash)
+ '[' -z '' ']'
+ case "$-" in
+ __lmod_vx=x
+ '[' -n x ']'
+ set +x
Shell debugging restarted
+ unset __lmod_vx
+ unset __lmod_vx
+ speed3d_r2c cufft double 512 512 512 -reorder -a2av -p2p_pl -slabs -r2c_dir 1 -ingrid 64 1 1 -outgrid 64 1 1 -n5
Shell debugging temporarily silenced: export LMOD_SH_DBG_ON=1 for this output (/usr/share/lmod/lmod/init/bash)
Shell debugging temporarily silenced: export LMOD_SH_DBG_ON=1 for this output (/usr/share/lmod/lmod/init/bash)
+ speed3d_r2c cufft double 512 512 512 -reorder -a2av -p2p_pl -slabs -r2c_dir 1 -ingrid 64 1 1 -outgrid 64 1 1 -n5
+ __lmod_vx=x
+ '[' -n x ']'
+ set +x
Shell debugging temporarily silenced: export LMOD_SH_DBG_ON=1 for this output (/usr/share/lmod/lmod/init/bash)
Shell debugging restarted
+ unset __lmod_vx
+ speed3d_r2c cufft double 512 512 512 -reorder -a2av -p2p_pl -slabs -r2c_dir 1 -ingrid 64 1 1 -outgrid 64 1 1 -n5
Shell debugging temporarily silenced: export LMOD_SH_DBG_ON=1 for this output (/usr/share/lmod/lmod/init/bash)
+ __lmod_vx=x
+ '[' -n x ']'
+ set +x
+ speed3d_r2c cufft double 512 512 512 -reorder -a2av -p2p_pl -slabs -r2c_dir 1 -ingrid 64 1 1 -outgrid 64 1 1 -n5
+ '[' -z '' ']'
+ case "$-" in
+ __lmod_vx=x
+ '[' -n x ']'
+ set +x
Shell debugging restarted
+ unset __lmod_vx
+ speed3d_r2c cufft double 512 512 512 -reorder -a2av -p2p_pl -slabs -r2c_dir 1 -ingrid 64 1 1 -outgrid 64 1 1 -n5
+ speed3d_r2c cufft double 512 512 512 -reorder -a2av -p2p_pl -slabs -r2c_dir 1 -ingrid 64 1 1 -outgrid 64 1 1 -n5
+ case "$-" in
+ __lmod_vx=x
+ '[' -n x ']'
+ set +x
Shell debugging temporarily silenced: export LMOD_SH_DBG_ON=1 for this output (/usr/share/lmod/lmod/init/bash)
+ speed3d_r2c cufft double 512 512 512 -reorder -a2av -p2p_pl -slabs -r2c_dir 1 -ingrid 64 1 1 -outgrid 64 1 1 -n5
+ '[' -z '' ']'
+ case "$-" in
+ __lmod_vx=x
+ '[' -n x ']'
+ set +x
Shell debugging restarted
+ unset __lmod_vx
+ speed3d_r2c cufft double 512 512 512 -reorder -a2av -p2p_pl -slabs -r2c_dir 1 -ingrid 64 1 1 -outgrid 64 1 1 -n5
+ speed3d_r2c cufft double 512 512 512 -reorder -a2av -p2p_pl -slabs -r2c_dir 1 -ingrid 64 1 1 -outgrid 64 1 1 -n5
+ '[' -z '' ']'
+ case "$-" in
+ '[' -z '' ']'
+ case "$-" in
+ __lmod_vx=x
+ '[' -n x ']'
+ set +x
Shell debugging temporarily silenced: export LMOD_SH_DBG_ON=1 for this output (/usr/share/lmod/lmod/init/bash)
Shell debugging restarted
+ unset __lmod_vx
+ speed3d_r2c cufft double 512 512 512 -reorder -a2av -p2p_pl -slabs -r2c_dir 1 -ingrid 64 1 1 -outgrid 64 1 1 -n5
Shell debugging temporarily silenced: export LMOD_SH_DBG_ON=1 for this output (/usr/share/lmod/lmod/init/bash)
Shell debugging restarted
+ unset __lmod_vx
Shell debugging temporarily silenced: export LMOD_SH_DBG_ON=1 for this output (/usr/share/lmod/lmod/init/bash)
Shell debugging temporarily silenced: export LMOD_SH_DBG_ON=1 for this output (/usr/share/lmod/lmod/init/bash)
+ speed3d_r2c cufft double 512 512 512 -reorder -a2av -p2p_pl -slabs -r2c_dir 1 -ingrid 64 1 1 -outgrid 64 1 1 -n5
+ __lmod_vx=x
+ '[' -n x ']'
+ set +x
+ '[' -z '' ']'
+ case "$-" in
+ __lmod_vx=x
+ '[' -n x ']'
+ set +x
Shell debugging temporarily silenced: export LMOD_SH_DBG_ON=1 for this output (/usr/share/lmod/lmod/init/bash)
+ '[' -z '' ']'
+ case "$-" in
+ __lmod_vx=x
+ '[' -n x ']'
+ set +x
Shell debugging restarted
+ unset __lmod_vx
Shell debugging temporarily silenced: export LMOD_SH_DBG_ON=1 for this output (/usr/share/lmod/lmod/init/bash)
+ '[' -z '' ']'
+ case "$-" in
+ __lmod_vx=x
+ '[' -n x ']'
+ set +x
+ speed3d_r2c cufft double 512 512 512 -reorder -a2av -p2p_pl -slabs -r2c_dir 1 -ingrid 64 1 1 -outgrid 64 1 1 -n5
Shell debugging restarted
+ '[' -z '' ']'
+ case "$-" in
+ __lmod_vx=x
+ '[' -n x ']'
+ set +x
Shell debugging restarted
+ unset __lmod_vx
Shell debugging restarted
+ unset __lmod_vx
+ unset __lmod_vx
Shell debugging temporarily silenced: export LMOD_SH_DBG_ON=1 for this output (/usr/share/lmod/lmod/init/bash)
Shell debugging restarted
+ unset __lmod_vx
+ speed3d_r2c cufft double 512 512 512 -reorder -a2av -p2p_pl -slabs -r2c_dir 1 -ingrid 64 1 1 -outgrid 64 1 1 -n5
+ speed3d_r2c cufft double 512 512 512 -reorder -a2av -p2p_pl -slabs -r2c_dir 1 -ingrid 64 1 1 -outgrid 64 1 1 -n5
Shell debugging restarted
+ unset __lmod_vx
Shell debugging restarted
+ unset __lmod_vx
+ speed3d_r2c cufft double 512 512 512 -reorder -a2av -p2p_pl -slabs -r2c_dir 1 -ingrid 64 1 1 -outgrid 64 1 1 -n5
+ speed3d_r2c cufft double 512 512 512 -reorder -a2av -p2p_pl -slabs -r2c_dir 1 -ingrid 64 1 1 -outgrid 64 1 1 -n5
Shell debugging restarted
Shell debugging restarted
+ unset __lmod_vx
+ speed3d_r2c cufft double 512 512 512 -reorder -a2av -p2p_pl -slabs -r2c_dir 1 -ingrid 64 1 1 -outgrid 64 1 1 -n5
Shell debugging restarted
+ unset __lmod_vx
+ speed3d_r2c cufft double 512 512 512 -reorder -a2av -p2p_pl -slabs -r2c_dir 1 -ingrid 64 1 1 -outgrid 64 1 1 -n5
+ speed3d_r2c cufft double 512 512 512 -reorder -a2av -p2p_pl -slabs -r2c_dir 1 -ingrid 64 1 1 -outgrid 64 1 1 -n5
+ speed3d_r2c cufft double 512 512 512 -reorder -a2av -p2p_pl -slabs -r2c_dir 1 -ingrid 64 1 1 -outgrid 64 1 1 -n5
Shell debugging restarted
+ unset __lmod_vx
+ speed3d_r2c cufft double 512 512 512 -reorder -a2av -p2p_pl -slabs -r2c_dir 1 -ingrid 64 1 1 -outgrid 64 1 1 -n5
+ speed3d_r2c cufft double 512 512 512 -reorder -a2av -p2p_pl -slabs -r2c_dir 1 -ingrid 64 1 1 -outgrid 64 1 1 -n5
+ speed3d_r2c cufft double 512 512 512 -reorder -a2av -p2p_pl -slabs -r2c_dir 1 -ingrid 64 1 1 -outgrid 64 1 1 -n5
+ unset __lmod_vx
+ speed3d_r2c cufft double 512 512 512 -reorder -a2av -p2p_pl -slabs -r2c_dir 1 -ingrid 64 1 1 -outgrid 64 1 1 -n5
+ speed3d_r2c cufft double 512 512 512 -reorder -a2av -p2p_pl -slabs -r2c_dir 1 -ingrid 64 1 1 -outgrid 64 1 1 -n5
+ '[' -z '' ']'
+ case "$-" in
+ __lmod_vx=x
+ '[' -n x ']'
+ '[' -z '' ']'
+ case "$-" in
+ speed3d_r2c cufft double 512 512 512 -reorder -a2av -p2p_pl -slabs -r2c_dir 1 -ingrid 64 1 1 -outgrid 64 1 1 -n5
+ speed3d_r2c cufft double 512 512 512 -reorder -a2av -p2p_pl -slabs -r2c_dir 1 -ingrid 64 1 1 -outgrid 64 1 1 -n5
+ '[' -z '' ']'
+ case "$-" in
+ __lmod_vx=x
+ '[' -z '' ']'
+ case "$-" in
+ __lmod_vx=x
+ '[' -z '' ']'
+ case "$-" in
Shell debugging temporarily silenced: export LMOD_SH_DBG_ON=1 for this output (/usr/share/lmod/lmod/init/bash)
Shell debugging temporarily silenced: export LMOD_SH_DBG_ON=1 for this output (/usr/share/lmod/lmod/init/bash)
Shell debugging temporarily silenced: export LMOD_SH_DBG_ON=1 for this output (/usr/share/lmod/lmod/init/bash)
+ set +x
+ __lmod_vx=x
+ '[' -n x ']'
+ set +x
+ '[' -z '' ']'
+ case "$-" in
+ __lmod_vx=x
+ '[' -n x ']'
+ set +x
Shell debugging temporarily silenced: export LMOD_SH_DBG_ON=1 for this output (/usr/share/lmod/lmod/init/bash)
+ '[' -z '' ']'
+ case "$-" in
+ __lmod_vx=x
+ '[' -n x ']'
+ set +x
Shell debugging temporarily silenced: export LMOD_SH_DBG_ON=1 for this output (/usr/share/lmod/lmod/init/bash)
+ '[' -n x ']'
+ set +x
+ '[' -z '' ']'
+ case "$-" in
+ __lmod_vx=x
+ '[' -n x ']'
+ set +x
+ __lmod_vx=x
+ '[' -n x ']'
+ set +x
Shell debugging restarted
+ unset __lmod_vx
Shell debugging temporarily silenced: export LMOD_SH_DBG_ON=1 for this output (/usr/share/lmod/lmod/init/bash)
Shell debugging temporarily silenced: export LMOD_SH_DBG_ON=1 for this output (/usr/share/lmod/lmod/init/bash)
Shell debugging temporarily silenced: export LMOD_SH_DBG_ON=1 for this output (/usr/share/lmod/lmod/init/bash)
+ '[' -n x ']'
+ set +x
+ '[' -z '' ']'
+ case "$-" in
+ __lmod_vx=x
+ '[' -n x ']'
+ set +x
+ '[' -z '' ']'
+ case "$-" in
+ __lmod_vx=x
+ '[' -n x ']'
+ set +x
Shell debugging restarted
+ unset __lmod_vx
Shell debugging temporarily silenced: export LMOD_SH_DBG_ON=1 for this output (/usr/share/lmod/lmod/init/bash)
Shell debugging temporarily silenced: export LMOD_SH_DBG_ON=1 for this output (/usr/share/lmod/lmod/init/bash)
Shell debugging temporarily silenced: export LMOD_SH_DBG_ON=1 for this output (/usr/share/lmod/lmod/init/bash)
Shell debugging temporarily silenced: export LMOD_SH_DBG_ON=1 for this output (/usr/share/lmod/lmod/init/bash)
+ '[' -z '' ']'
+ case "$-" in
+ __lmod_vx=x
+ '[' -n x ']'
+ set +x
+ '[' -z '' ']'
+ case "$-" in
+ __lmod_vx=x
+ '[' -n x ']'
+ set +x
Shell debugging restarted
+ unset __lmod_vx
Shell debugging restarted
+ unset __lmod_vx
Shell debugging restarted
+ unset __lmod_vx
Shell debugging restarted
+ unset __lmod_vx
Shell debugging restarted
Shell debugging restarted
+ unset __lmod_vx
+ speed3d_r2c cufft double 512 512 512 -reorder -a2av -p2p_pl -slabs -r2c_dir 1 -ingrid 64 1 1 -outgrid 64 1 1 -n5
+ unset __lmod_vx
Shell debugging restarted
+ unset __lmod_vx
“RANK= 47 LOCAL_RANK= 3 gpu= 0”
+ speed3d_r2c cufft double 512 512 512 -reorder -a2av -p2p_pl -slabs -r2c_dir 1 -ingrid 64 1 1 -outgrid 64 1 1 -n5
Shell debugging restarted
+ unset __lmod_vx
Shell debugging restarted
+ unset __lmod_vx
“RANK= 46 LOCAL_RANK= 2 gpu= 1”
+ speed3d_r2c cufft double 512 512 512 -reorder -a2av -p2p_pl -slabs -r2c_dir 1 -ingrid 64 1 1 -outgrid 64 1 1 -n5
Shell debugging restarted
+ unset __lmod_vx
+ speed3d_r2c cufft double 512 512 512 -reorder -a2av -p2p_pl -slabs -r2c_dir 1 -ingrid 64 1 1 -outgrid 64 1 1 -n5
“RANK= 44 LOCAL_RANK= 0 gpu= 3”
+ speed3d_r2c cufft double 512 512 512 -reorder -a2av -p2p_pl -slabs -r2c_dir 1 -ingrid 64 1 1 -outgrid 64 1 1 -n5
+ speed3d_r2c cufft double 512 512 512 -reorder -a2av -p2p_pl -slabs -r2c_dir 1 -ingrid 64 1 1 -outgrid 64 1 1 -n5
+ speed3d_r2c cufft double 512 512 512 -reorder -a2av -p2p_pl -slabs -r2c_dir 1 -ingrid 64 1 1 -outgrid 64 1 1 -n5
“RANK= 45 LOCAL_RANK= 1 gpu= 2”
+ speed3d_r2c cufft double 512 512 512 -reorder -a2av -p2p_pl -slabs -r2c_dir 1 -ingrid 64 1 1 -outgrid 64 1 1 -n5
+ speed3d_r2c cufft double 512 512 512 -reorder -a2av -p2p_pl -slabs -r2c_dir 1 -ingrid 64 1 1 -outgrid 64 1 1 -n5
+ speed3d_r2c cufft double 512 512 512 -reorder -a2av -p2p_pl -slabs -r2c_dir 1 -ingrid 64 1 1 -outgrid 64 1 1 -n5
+ speed3d_r2c cufft double 512 512 512 -reorder -a2av -p2p_pl -slabs -r2c_dir 1 -ingrid 64 1 1 -outgrid 64 1 1 -n5
+ speed3d_r2c cufft double 512 512 512 -reorder -a2av -p2p_pl -slabs -r2c_dir 1 -ingrid 64 1 1 -outgrid 64 1 1 -n5
+ '[' -z '' ']'
+ case "$-" in
+ __lmod_vx=x
Shell debugging temporarily silenced: export LMOD_SH_DBG_ON=1 for this output (/usr/share/lmod/lmod/init/bash)
+ '[' -n x ']'
+ set +x
Shell debugging temporarily silenced: export LMOD_SH_DBG_ON=1 for this output (/usr/share/lmod/lmod/init/bash)
+ '[' -z '' ']'
+ case "$-" in
+ __lmod_vx=x
+ '[' -n x ']'
+ set +x
Shell debugging temporarily silenced: export LMOD_SH_DBG_ON=1 for this output (/usr/share/lmod/lmod/init/bash)
+ '[' -z '' ']'
+ case "$-" in
+ __lmod_vx=x
+ '[' -n x ']'
+ set +x
Shell debugging temporarily silenced: export LMOD_SH_DBG_ON=1 for this output (/usr/share/lmod/lmod/init/bash)
+ '[' -z '' ']'
+ case "$-" in
+ __lmod_vx=x
+ '[' -n x ']'
+ set +x
Shell debugging restarted
+ unset __lmod_vx
Shell debugging restarted
+ unset __lmod_vx
Shell debugging restarted
+ unset __lmod_vx
Shell debugging restarted
+ unset __lmod_vx
+ speed3d_r2c cufft double 512 512 512 -reorder -a2av -p2p_pl -slabs -r2c_dir 1 -ingrid 64 1 1 -outgrid 64 1 1 -n5
+ speed3d_r2c cufft double 512 512 512 -reorder -a2av -p2p_pl -slabs -r2c_dir 1 -ingrid 64 1 1 -outgrid 64 1 1 -n5
+ speed3d_r2c cufft double 512 512 512 -reorder -a2av -p2p_pl -slabs -r2c_dir 1 -ingrid 64 1 1 -outgrid 64 1 1 -n5
+ speed3d_r2c cufft double 512 512 512 -reorder -a2av -p2p_pl -slabs -r2c_dir 1 -ingrid 64 1 1 -outgrid 64 1 1 -n5
“RANK= 28 LOCAL_RANK= 0 gpu= 3”
“RANK= 29 LOCAL_RANK= 1 gpu= 2”
“RANK= 30 LOCAL_RANK= 2 gpu= 1”
“RANK= 31 LOCAL_RANK= 3 gpu= 0”
+ '[' -z '' ']'
+ case "$-" in
Shell debugging temporarily silenced: export LMOD_SH_DBG_ON=1 for this output (/usr/share/lmod/lmod/init/bash)
+ __lmod_vx=x
+ '[' -n x ']'
+ set +x
+ '[' -z '' ']'
+ case "$-" in
+ __lmod_vx=x
+ '[' -z '' ']'
+ case "$-" in
+ __lmod_vx=x
+ '[' -n x ']'
+ set +x
Shell debugging temporarily silenced: export LMOD_SH_DBG_ON=1 for this output (/usr/share/lmod/lmod/init/bash)
+ '[' -z '' ']'
+ case "$-" in
+ __lmod_vx=x
+ '[' -n x ']'
+ set +x
Shell debugging temporarily silenced: export LMOD_SH_DBG_ON=1 for this output (/usr/share/lmod/lmod/init/bash)
+ '[' -n x ']'
+ set +x
Shell debugging temporarily silenced: export LMOD_SH_DBG_ON=1 for this output (/usr/share/lmod/lmod/init/bash)
Shell debugging restarted
+ unset __lmod_vx
Shell debugging restarted
+ unset __lmod_vx
Shell debugging restarted
+ unset __lmod_vx
Shell debugging restarted
+ unset __lmod_vx
+ speed3d_r2c cufft double 512 512 512 -reorder -a2av -p2p_pl -slabs -r2c_dir 1 -ingrid 64 1 1 -outgrid 64 1 1 -n5
+ speed3d_r2c cufft double 512 512 512 -reorder -a2av -p2p_pl -slabs -r2c_dir 1 -ingrid 64 1 1 -outgrid 64 1 1 -n5
+ speed3d_r2c cufft double 512 512 512 -reorder -a2av -p2p_pl -slabs -r2c_dir 1 -ingrid 64 1 1 -outgrid 64 1 1 -n5
+ speed3d_r2c cufft double 512 512 512 -reorder -a2av -p2p_pl -slabs -r2c_dir 1 -ingrid 64 1 1 -outgrid 64 1 1 -n5
MPICH ERROR [Rank 33] [job id 56d46a9b-3822-41dc-b3ad-9eb393209bb1] [Fri Nov  3 04:33:56 2023] [x3004c0s13b0n0] - Abort(203009935) (rank 33 in comm 0): Fatal error in PMPI_Isend: Other MPI error, error stack:
PMPI_Isend(161)................: MPI_Isend(buf=0x15144cd90000, count=16384, dtype=0x4c001041, dest=24, tag=0, MPI_COMM_WORLD, request=0x1862e88) failed
MPID_Isend(578)................: 
MPIDI_Progress_test(80)........: 
MPIDI_OFI_handle_cq_error(1059): OFI poll failed (ofi_events.c:1061:MPIDI_OFI_handle_cq_error:Input/output error - remote access error)

aborting job:
Fatal error in PMPI_Isend: Other MPI error, error stack:
PMPI_Isend(161)................: MPI_Isend(buf=0x15144cd90000, count=16384, dtype=0x4c001041, dest=24, tag=0, MPI_COMM_WORLD, request=0x1862e88) failed
MPID_Isend(578)................: 
MPIDI_Progress_test(80)........: 
MPIDI_OFI_handle_cq_error(1059): OFI poll failed (ofi_events.c:1061:MPIDI_OFI_handle_cq_error:Input/output error - remote access error)
MPICH ERROR [Rank 37] [job id 56d46a9b-3822-41dc-b3ad-9eb393209bb1] [Fri Nov  3 04:33:56 2023] [x3004c0s13b1n0] - Abort(941207439) (rank 37 in comm 0): Fatal error in PMPI_Isend: Other MPI error, error stack:
PMPI_Isend(161)................: MPI_Isend(buf=0x147000a50000, count=16384, dtype=0x4c001041, dest=15, tag=0, MPI_COMM_WORLD, request=0x1f5de54) failed
MPID_Isend(578)................: 
MPIDI_Progress_test(80)........: 
MPIDI_OFI_handle_cq_error(1059): OFI poll failed (ofi_events.c:1061:MPIDI_OFI_handle_cq_error:Input/output error - remote access error)

aborting job:
Fatal error in PMPI_Isend: Other MPI error, error stack:
PMPI_Isend(161)................: MPI_Isend(buf=0x147000a50000, count=16384, dtype=0x4c001041, dest=15, tag=0, MPI_COMM_WORLD, request=0x1f5de54) failed
MPID_Isend(578)................: 
MPIDI_Progress_test(80)........: 
MPIDI_OFI_handle_cq_error(1059): OFI poll failed (ofi_events.c:1061:MPIDI_OFI_handle_cq_error:Input/output error - remote access error)
MPICH ERROR [Rank 36] [job id 56d46a9b-3822-41dc-b3ad-9eb393209bb1] [Fri Nov  3 04:33:56 2023] [x3004c0s13b1n0] - Abort(672805263) (rank 36 in comm 0): Fatal error in PMPI_Waitany: Other MPI error, error stack:
PMPI_Waitany(277)..............: MPI_Waitany(count=63, req_array=0xe9ada0, index=0x7fff11556fd4, status=0x1) failed
PMPI_Waitany(245)..............: 
MPIDI_Progress_test(80)........: 
MPIDI_OFI_handle_cq_error(1059): OFI poll failed (ofi_events.c:1061:MPIDI_OFI_handle_cq_error:Input/output error - remote access error)

aborting job:
Fatal error in PMPI_Waitany: Other MPI error, error stack:
PMPI_Waitany(277)..............: MPI_Waitany(count=63, req_array=0xe9ada0, index=0x7fff11556fd4, status=0x1) failed
PMPI_Waitany(245)..............: 
MPIDI_Progress_test(80)........: 
MPIDI_OFI_handle_cq_error(1059): OFI poll failed (ofi_events.c:1061:MPIDI_OFI_handle_cq_error:Input/output error - remote access error)
MPICH ERROR [Rank 32] [job id 56d46a9b-3822-41dc-b3ad-9eb393209bb1] [Fri Nov  3 04:33:56 2023] [x3004c0s13b0n0] - Abort(337260943) (rank 32 in comm 0): Fatal error in PMPI_Waitany: Other MPI error, error stack:
PMPI_Waitany(277)..............: MPI_Waitany(count=63, req_array=0x2685c20, index=0x7ffddafa89f4, status=0x1) failed
PMPI_Waitany(245)..............: 
MPIDI_Progress_test(80)........: 
MPIDI_OFI_handle_cq_error(1059): OFI poll failed (ofi_events.c:1061:MPIDI_OFI_handle_cq_error:Input/output error - remote access error)

aborting job:
Fatal error in PMPI_Waitany: Other MPI error, error stack:
PMPI_Waitany(277)..............: MPI_Waitany(count=63, req_array=0x2685c20, index=0x7ffddafa89f4, status=0x1) failed
PMPI_Waitany(245)..............: 
MPIDI_Progress_test(80)........: 
MPIDI_OFI_handle_cq_error(1059): OFI poll failed (ofi_events.c:1061:MPIDI_OFI_handle_cq_error:Input/output error - remote access error)
MPICH ERROR [Rank 41] [job id 56d46a9b-3822-41dc-b3ad-9eb393209bb1] [Fri Nov  3 04:33:56 2023] [x3004c0s19b0n0] - Abort(739914127) (rank 41 in comm 0): Fatal error in PMPI_Waitany: Other MPI error, error stack:
PMPI_Waitany(277)..............: MPI_Waitany(count=63, req_array=0x23c2ca0, index=0x7fffaba8c224, status=0x1) failed
PMPI_Waitany(245)..............: 
MPIDI_Progress_test(80)........: 
MPIDI_OFI_handle_cq_error(1059): OFI poll failed (ofi_events.c:1061:MPIDI_OFI_handle_cq_error:Input/output error - remote access error)

aborting job:
Fatal error in PMPI_Waitany: Other MPI error, error stack:
PMPI_Waitany(277)..............: MPI_Waitany(count=63, req_array=0x23c2ca0, index=0x7fffaba8c224, status=0x1) failed
PMPI_Waitany(245)..............: 
MPIDI_Progress_test(80)........: 
MPIDI_OFI_handle_cq_error(1059): OFI poll failed (ofi_events.c:1061:MPIDI_OFI_handle_cq_error:Input/output error - remote access error)
MPICH ERROR [Rank 40] [job id 56d46a9b-3822-41dc-b3ad-9eb393209bb1] [Fri Nov  3 04:33:56 2023] [x3004c0s19b0n0] - Abort(404369807) (rank 40 in comm 0): Fatal error in PMPI_Waitany: Other MPI error, error stack:
PMPI_Waitany(277)..............: MPI_Waitany(count=63, req_array=0xd88e80, index=0x7ffde8b44e14, status=0x1) failed
PMPI_Waitany(245)..............: 
MPIDI_Progress_test(80)........: 
MPIDI_OFI_handle_cq_error(1059): OFI poll failed (ofi_events.c:1061:MPIDI_OFI_handle_cq_error:Input/output error - remote access error)

aborting job:
Fatal error in PMPI_Waitany: Other MPI error, error stack:
PMPI_Waitany(277)..............: MPI_Waitany(count=63, req_array=0xd88e80, index=0x7ffde8b44e14, status=0x1) failed
PMPI_Waitany(245)..............: 
MPIDI_Progress_test(80)........: 
MPIDI_OFI_handle_cq_error(1059): OFI poll failed (ofi_events.c:1061:MPIDI_OFI_handle_cq_error:Input/output error - remote access error)
MPICH ERROR [Rank 56] [job id 56d46a9b-3822-41dc-b3ad-9eb393209bb1] [Fri Nov  3 04:33:56 2023] [x3004c0s25b0n0] - Abort(941240719) (rank 56 in comm 0): Fatal error in PMPI_Waitany: Other MPI error, error stack:
PMPI_Waitany(277)..............: MPI_Waitany(count=63, req_array=0x18dbc20, index=0x7fffea7b6384, status=0x1) failed
PMPI_Waitany(245)..............: 
MPIDI_Progress_test(80)........: 
MPIDI_OFI_handle_cq_error(1059): OFI poll failed (ofi_events.c:1061:MPIDI_OFI_handle_cq_error:Input/output error - remote access error)

aborting job:
Fatal error in PMPI_Waitany: Other MPI error, error stack:
PMPI_Waitany(277)..............: MPI_Waitany(count=63, req_array=0x18dbc20, index=0x7fffea7b6384, status=0x1) failed
PMPI_Waitany(245)..............: 
MPIDI_Progress_test(80)........: 
MPIDI_OFI_handle_cq_error(1059): OFI poll failed (ofi_events.c:1061:MPIDI_OFI_handle_cq_error:Input/output error - remote access error)
MPICH ERROR [Rank 60] [job id 56d46a9b-3822-41dc-b3ad-9eb393209bb1] [Fri Nov  3 04:33:56 2023] [x3004c0s25b1n0] - Abort(404369807) (rank 60 in comm 0): Fatal error in PMPI_Waitany: Other MPI error, error stack:
PMPI_Waitany(277)..............: MPI_Waitany(count=63, req_array=0xf3fd30, index=0x7ffdb18d4324, status=0x1) failed
PMPI_Waitany(245)..............: 
MPIDI_Progress_test(80)........: 
MPIDI_OFI_handle_cq_error(1059): OFI poll failed (ofi_events.c:1061:MPIDI_OFI_handle_cq_error:Input/output error - remote access error)

aborting job:
Fatal error in PMPI_Waitany: Other MPI error, error stack:
PMPI_Waitany(277)..............: MPI_Waitany(count=63, req_array=0xf3fd30, index=0x7ffdb18d4324, status=0x1) failed
PMPI_Waitany(245)..............: 
MPIDI_Progress_test(80)........: 
MPIDI_OFI_handle_cq_error(1059): OFI poll failed (ofi_events.c:1061:MPIDI_OFI_handle_cq_error:Input/output error - remote access error)
MPICH ERROR [Rank 44] [job id 56d46a9b-3822-41dc-b3ad-9eb393209bb1] [Fri Nov  3 04:33:56 2023] [x3004c0s19b1n0] - Abort(672805263) (rank 44 in comm 0): Fatal error in PMPI_Waitany: Other MPI error, error stack:
PMPI_Waitany(277)..............: MPI_Waitany(count=63, req_array=0x1fe7d40, index=0x7ffc75dcb214, status=0x1) failed
PMPI_Waitany(245)..............: 
MPIDI_Progress_test(80)........: 
MPIDI_OFI_handle_cq_error(1059): OFI poll failed (ofi_events.c:1061:MPIDI_OFI_handle_cq_error:Input/output error - remote access error)

aborting job:
Fatal error in PMPI_Waitany: Other MPI error, error stack:
PMPI_Waitany(277)..............: MPI_Waitany(count=63, req_array=0x1fe7d40, index=0x7ffc75dcb214, status=0x1) failed
PMPI_Waitany(245)..............: 
MPIDI_Progress_test(80)........: 
MPIDI_OFI_handle_cq_error(1059): OFI poll failed (ofi_events.c:1061:MPIDI_OFI_handle_cq_error:Input/output error - remote access error)
MPICH ERROR [Rank 45] [job id 56d46a9b-3822-41dc-b3ad-9eb393209bb1] [Fri Nov  3 04:33:56 2023] [x3004c0s19b1n0] - Abort(605663119) (rank 45 in comm 0): Fatal error in PMPI_Isend: Other MPI error, error stack:
PMPI_Isend(161)................: MPI_Isend(buf=0x14e770240000, count=16384, dtype=0x4c001041, dest=55, tag=0, MPI_COMM_WORLD, request=0x1fccdd4) failed
MPID_Isend(578)................: 
MPIDI_Progress_test(80)........: 
MPIDI_OFI_handle_cq_error(1059): OFI poll failed (ofi_events.c:1061:MPIDI_OFI_handle_cq_error:Input/output error - remote access error)

aborting job:
Fatal error in PMPI_Isend: Other MPI error, error stack:
PMPI_Isend(161)................: MPI_Isend(buf=0x14e770240000, count=16384, dtype=0x4c001041, dest=55, tag=0, MPI_COMM_WORLD, request=0x1fccdd4) failed
MPID_Isend(578)................: 
MPIDI_Progress_test(80)........: 
MPIDI_OFI_handle_cq_error(1059): OFI poll failed (ofi_events.c:1061:MPIDI_OFI_handle_cq_error:Input/output error - remote access error)
MPICH ERROR [Rank 47] [job id 56d46a9b-3822-41dc-b3ad-9eb393209bb1] [Fri Nov  3 04:33:56 2023] [x3004c0s19b1n0] - Abort(874098575) (rank 47 in comm 0): Fatal error in PMPI_Isend: Other MPI error, error stack:
PMPI_Isend(161)................: MPI_Isend(buf=0x15044c200000, count=16384, dtype=0x4c001041, dest=56, tag=0, MPI_COMM_WORLD, request=0xe91dd0) failed
MPID_Isend(578)................: 
MPIDI_Progress_test(80)........: 
MPIDI_OFI_handle_cq_error(1059): OFI poll failed (ofi_events.c:1061:MPIDI_OFI_handle_cq_error:Input/output error - remote access error)

aborting job:
Fatal error in PMPI_Isend: Other MPI error, error stack:
PMPI_Isend(161)................: MPI_Isend(buf=0x15044c200000, count=16384, dtype=0x4c001041, dest=56, tag=0, MPI_COMM_WORLD, request=0xe91dd0) failed
MPID_Isend(578)................: 
MPIDI_Progress_test(80)........: 
MPIDI_OFI_handle_cq_error(1059): OFI poll failed (ofi_events.c:1061:MPIDI_OFI_handle_cq_error:Input/output error - remote access error)
MPICH ERROR [Rank 57] [job id 56d46a9b-3822-41dc-b3ad-9eb393209bb1] [Fri Nov  3 04:33:56 2023] [x3004c0s25b0n0] - Abort(337227663) (rank 57 in comm 0): Fatal error in PMPI_Isend: Other MPI error, error stack:
PMPI_Isend(161)................: MPI_Isend(buf=0x1466ee140000, count=16384, dtype=0x4c001041, dest=63, tag=0, MPI_COMM_WORLD, request=0x1789dc4) failed
MPID_Isend(578)................: 
MPIDI_Progress_test(80)........: 
MPIDI_OFI_handle_cq_error(1059): OFI poll failed (ofi_events.c:1061:MPIDI_OFI_handle_cq_error:Input/output error - remote access error)

aborting job:
Fatal error in PMPI_Isend: Other MPI error, error stack:
PMPI_Isend(161)................: MPI_Isend(buf=0x1466ee140000, count=16384, dtype=0x4c001041, dest=63, tag=0, MPI_COMM_WORLD, request=0x1789dc4) failed
MPID_Isend(578)................: 
MPIDI_Progress_test(80)........: 
MPIDI_OFI_handle_cq_error(1059): OFI poll failed (ofi_events.c:1061:MPIDI_OFI_handle_cq_error:Input/output error - remote access error)
MPICH ERROR [Rank 48] [job id 56d46a9b-3822-41dc-b3ad-9eb393209bb1] [Fri Nov  3 04:33:56 2023] [x3004c0s1b0n0] - Abort(337260943) (rank 48 in comm 0): Fatal error in PMPI_Waitany: Other MPI error, error stack:
PMPI_Waitany(277)..............: MPI_Waitany(count=63, req_array=0x7b6d90, index=0x7ffc9e709044, status=0x1) failed
PMPI_Waitany(245)..............: 
MPIDI_Progress_test(80)........: 
MPIDI_OFI_handle_cq_error(1059): OFI poll failed (ofi_events.c:1061:MPIDI_OFI_handle_cq_error:Input/output error - remote access error)

aborting job:
Fatal error in PMPI_Waitany: Other MPI error, error stack:
PMPI_Waitany(277)..............: MPI_Waitany(count=63, req_array=0x7b6d90, index=0x7ffc9e709044, status=0x1) failed
PMPI_Waitany(245)..............: 
MPIDI_Progress_test(80)........: 
MPIDI_OFI_handle_cq_error(1059): OFI poll failed (ofi_events.c:1061:MPIDI_OFI_handle_cq_error:Input/output error - remote access error)
MPICH ERROR [Rank 49] [job id 56d46a9b-3822-41dc-b3ad-9eb393209bb1] [Fri Nov  3 04:33:56 2023] [x3004c0s1b0n0] - Abort(739880847) (rank 49 in comm 0): Fatal error in PMPI_Isend: Other MPI error, error stack:
PMPI_Isend(161)................: MPI_Isend(buf=0x1481e63c2000, count=16896, dtype=0x4c001041, dest=1, tag=0, MPI_COMM_WORLD, request=0xa57dec) failed
MPID_Isend(578)................: 
MPIDI_Progress_test(80)........: 
MPIDI_OFI_handle_cq_error(1059): OFI poll failed (ofi_events.c:1061:MPIDI_OFI_handle_cq_error:Input/output error - remote access error)

aborting job:
Fatal error in PMPI_Isend: Other MPI error, error stack:
PMPI_Isend(161)................: MPI_Isend(buf=0x1481e63c2000, count=16896, dtype=0x4c001041, dest=1, tag=0, MPI_COMM_WORLD, request=0xa57dec) failed
MPID_Isend(578)................: 
MPIDI_Progress_test(80)........: 
MPIDI_OFI_handle_cq_error(1059): OFI poll failed (ofi_events.c:1061:MPIDI_OFI_handle_cq_error:Input/output error - remote access error)
MPICH ERROR [Rank 52] [job id 56d46a9b-3822-41dc-b3ad-9eb393209bb1] [Fri Nov  3 04:33:56 2023] [x3004c0s1b1n0] - Abort(1008349583) (rank 52 in comm 0): Fatal error in PMPI_Waitany: Other MPI error, error stack:
PMPI_Waitany(277)..............: MPI_Waitany(count=63, req_array=0x2149c20, index=0x7ffc97391d24, status=0x1) failed
PMPI_Waitany(245)..............: 
MPIDI_Progress_test(80)........: 
MPIDI_OFI_handle_cq_error(1059): OFI poll failed (ofi_events.c:1061:MPIDI_OFI_handle_cq_error:Input/output error - remote access error)

aborting job:
Fatal error in PMPI_Waitany: Other MPI error, error stack:
PMPI_Waitany(277)..............: MPI_Waitany(count=63, req_array=0x2149c20, index=0x7ffc97391d24, status=0x1) failed
PMPI_Waitany(245)..............: 
MPIDI_Progress_test(80)........: 
MPIDI_OFI_handle_cq_error(1059): OFI poll failed (ofi_events.c:1061:MPIDI_OFI_handle_cq_error:Input/output error - remote access error)
MPICH ERROR [Rank 53] [job id 56d46a9b-3822-41dc-b3ad-9eb393209bb1] [Fri Nov  3 04:33:56 2023] [x3004c0s1b1n0] - Abort(135901071) (rank 53 in comm 0): Fatal error in PMPI_Isend: Other MPI error, error stack:
PMPI_Isend(161)................: MPI_Isend(buf=0x14cdca2c2000, count=16896, dtype=0x4c001041, dest=1, tag=0, MPI_COMM_WORLD, request=0x1923ddc) failed
MPID_Isend(578)................: 
MPIDI_Progress_test(80)........: 
MPIDI_OFI_handle_cq_error(1059): OFI poll failed (ofi_events.c:1061:MPIDI_OFI_handle_cq_error:Input/output error - remote access error)

aborting job:
Fatal error in PMPI_Isend: Other MPI error, error stack:
PMPI_Isend(161)................: MPI_Isend(buf=0x14cdca2c2000, count=16896, dtype=0x4c001041, dest=1, tag=0, MPI_COMM_WORLD, request=0x1923ddc) failed
MPID_Isend(578)................: 
MPIDI_Progress_test(80)........: 
MPIDI_OFI_handle_cq_error(1059): OFI poll failed (ofi_events.c:1061:MPIDI_OFI_handle_cq_error:Input/output error - remote access error)
MPICH ERROR [Rank 50] [job id 56d46a9b-3822-41dc-b3ad-9eb393209bb1] [Fri Nov  3 04:33:56 2023] [x3004c0s1b0n0] - Abort(605663119) (rank 50 in comm 0): Fatal error in PMPI_Isend: Other MPI error, error stack:
PMPI_Isend(161)................: MPI_Isend(buf=0x1491e62c0000, count=16384, dtype=0x4c001041, dest=62, tag=0, MPI_COMM_WORLD, request=0x1419ddc) failed
MPID_Isend(578)................: 
MPIDI_Progress_test(80)........: 
MPIDI_OFI_handle_cq_error(1059): OFI poll failed (ofi_events.c:1061:MPIDI_OFI_handle_cq_error:Input/output error - remote access error)

aborting job:
Fatal error in PMPI_Isend: Other MPI error, error stack:
PMPI_Isend(161)................: MPI_Isend(buf=0x1491e62c0000, count=16384, dtype=0x4c001041, dest=62, tag=0, MPI_COMM_WORLD, request=0x1419ddc) failed
MPID_Isend(578)................: 
MPIDI_Progress_test(80)........: 
MPIDI_OFI_handle_cq_error(1059): OFI poll failed (ofi_events.c:1061:MPIDI_OFI_handle_cq_error:Input/output error - remote access error)
MPICH ERROR [Rank 54] [job id 56d46a9b-3822-41dc-b3ad-9eb393209bb1] [Fri Nov  3 04:33:56 2023] [x3004c0s1b1n0] - Abort(471445391) (rank 54 in comm 0): Fatal error in PMPI_Isend: Other MPI error, error stack:
PMPI_Isend(161)................: MPI_Isend(buf=0x1540802c4000, count=16896, dtype=0x4c001041, dest=2, tag=0, MPI_COMM_WORLD, request=0x24deddc) failed
MPID_Isend(578)................: 
MPIDI_Progress_test(80)........: 
MPIDI_OFI_handle_cq_error(1059): OFI poll failed (ofi_events.c:1061:MPIDI_OFI_handle_cq_error:Input/output error - remote access error)

aborting job:
Fatal error in PMPI_Isend: Other MPI error, error stack:
PMPI_Isend(161)................: MPI_Isend(buf=0x1540802c4000, count=16896, dtype=0x4c001041, dest=2, tag=0, MPI_COMM_WORLD, request=0x24deddc) failed
MPID_Isend(578)................: 
MPIDI_Progress_test(80)........: 
MPIDI_OFI_handle_cq_error(1059): OFI poll failed (ofi_events.c:1061:MPIDI_OFI_handle_cq_error:Input/output error - remote access error)
MPICH ERROR [Rank 11] [job id 56d46a9b-3822-41dc-b3ad-9eb393209bb1] [Fri Nov  3 04:33:56 2023] [x3003c0s31b0n0] - Abort(941207439) (rank 11 in comm 0): Fatal error in PMPI_Isend: Other MPI error, error stack:
PMPI_Isend(161)................: MPI_Isend(buf=0x155180e08000, count=16896, dtype=0x4c001041, dest=4, tag=0, MPI_COMM_WORLD, request=0x25a3e90) failed
MPID_Isend(578)................: 
MPIDI_Progress_test(80)........: 
MPIDI_OFI_handle_cq_error(1059): OFI poll failed (ofi_events.c:1061:MPIDI_OFI_handle_cq_error:Input/output error - remote access error)

aborting job:
Fatal error in PMPI_Isend: Other MPI error, error stack:
PMPI_Isend(161)................: MPI_Isend(buf=0x155180e08000, count=16896, dtype=0x4c001041, dest=4, tag=0, MPI_COMM_WORLD, request=0x25a3e90) failed
MPID_Isend(578)................: 
MPIDI_Progress_test(80)........: 
MPIDI_OFI_handle_cq_error(1059): OFI poll failed (ofi_events.c:1061:MPIDI_OFI_handle_cq_error:Input/output error - remote access error)
MPICH ERROR [Rank 20] [job id 56d46a9b-3822-41dc-b3ad-9eb393209bb1] [Fri Nov  3 04:33:56 2023] [x3003c0s37b1n0] - Abort(404894095) (rank 20 in comm 0): Fatal error in PMPI_Waitany: Other MPI error, error stack:
PMPI_Waitany(277)..............: MPI_Waitany(count=63, req_array=0x217dc60, index=0x7ffd7fbe6944, status=0x1) failed
PMPI_Waitany(245)..............: 
MPIR_Waitany_impl(97)..........: 
MPIDI_Progress_test(80)........: 
MPIDI_OFI_handle_cq_error(1059): OFI poll failed (ofi_events.c:1061:MPIDI_OFI_handle_cq_error:Input/output error - remote access error)

aborting job:
Fatal error in PMPI_Waitany: Other MPI error, error stack:
PMPI_Waitany(277)..............: MPI_Waitany(count=63, req_array=0x217dc60, index=0x7ffd7fbe6944, status=0x1) failed
PMPI_Waitany(245)..............: 
MPIR_Waitany_impl(97)..........: 
MPIDI_Progress_test(80)........: 
MPIDI_OFI_handle_cq_error(1059): OFI poll failed (ofi_events.c:1061:MPIDI_OFI_handle_cq_error:Input/output error - remote access error)
MPICH ERROR [Rank 24] [job id 56d46a9b-3822-41dc-b3ad-9eb393209bb1] [Fri Nov  3 04:33:56 2023] [x3003c0s7b0n0] - Abort(203043215) (rank 24 in comm 0): Fatal error in PMPI_Waitany: Other MPI error, error stack:
PMPI_Waitany(277)..............: MPI_Waitany(count=63, req_array=0x1a01c20, index=0x7ffd648371f4, status=0x1) failed
PMPI_Waitany(245)..............: 
MPIDI_Progress_test(80)........: 
MPIDI_OFI_handle_cq_error(1059): OFI poll failed (ofi_events.c:1061:MPIDI_OFI_handle_cq_error:Input/output error - remote access error)

aborting job:
Fatal error in PMPI_Waitany: Other MPI error, error stack:
PMPI_Waitany(277)..............: MPI_Waitany(count=63, req_array=0x1a01c20, index=0x7ffd648371f4, status=0x1) failed
PMPI_Waitany(245)..............: 
MPIDI_Progress_test(80)........: 
MPIDI_OFI_handle_cq_error(1059): OFI poll failed (ofi_events.c:1061:MPIDI_OFI_handle_cq_error:Input/output error - remote access error)
MPICH ERROR [Rank 58] [job id 56d46a9b-3822-41dc-b3ad-9eb393209bb1] [Fri Nov  3 04:33:56 2023] [x3004c0s25b0n0] - Abort(337227663) (rank 58 in comm 0): Fatal error in PMPI_Isend: Other MPI error, error stack:
PMPI_Isend(161)................: MPI_Isend(buf=0x145d46140000, count=16896, dtype=0x4c001041, dest=0, tag=0, MPI_COMM_WORLD, request=0x1fd2dc4) failed
MPID_Isend(578)................: 
MPIDI_Progress_test(80)........: 
MPIDI_OFI_handle_cq_error(1059): OFI poll failed (ofi_events.c:1061:MPIDI_OFI_handle_cq_error:Input/output error - remote access error)

aborting job:
Fatal error in PMPI_Isend: Other MPI error, error stack:
PMPI_Isend(161)................: MPI_Isend(buf=0x145d46140000, count=16896, dtype=0x4c001041, dest=0, tag=0, MPI_COMM_WORLD, request=0x1fd2dc4) failed
MPID_Isend(578)................: 
MPIDI_Progress_test(80)........: 
MPIDI_OFI_handle_cq_error(1059): OFI poll failed (ofi_events.c:1061:MPIDI_OFI_handle_cq_error:Input/output error - remote access error)
MPICH ERROR [Rank 10] [job id 56d46a9b-3822-41dc-b3ad-9eb393209bb1] [Fri Nov  3 04:33:56 2023] [x3003c0s31b0n0] - Abort(672771983) (rank 10 in comm 0): Fatal error in PMPI_Isend: Other MPI error, error stack:
PMPI_Isend(161)................: MPI_Isend(buf=0x14f9a0780000, count=16384, dtype=0x4c001041, dest=41, tag=0, MPI_COMM_WORLD, request=0x1225e28) failed
MPID_Isend(578)................: 
MPIDI_Progress_test(80)........: 
MPIDI_OFI_handle_cq_error(1059): OFI poll failed (ofi_events.c:1061:MPIDI_OFI_handle_cq_error:Input/output error - remote access error)

aborting job:
Fatal error in PMPI_Isend: Other MPI error, error stack:
PMPI_Isend(161)................: MPI_Isend(buf=0x14f9a0780000, count=16384, dtype=0x4c001041, dest=41, tag=0, MPI_COMM_WORLD, request=0x1225e28) failed
MPID_Isend(578)................: 
MPIDI_Progress_test(80)........: 
MPIDI_OFI_handle_cq_error(1059): OFI poll failed (ofi_events.c:1061:MPIDI_OFI_handle_cq_error:Input/output error - remote access error)
MPICH ERROR [Rank 16] [job id 56d46a9b-3822-41dc-b3ad-9eb393209bb1] [Fri Nov  3 04:33:56 2023] [x3003c0s37b0n0] - Abort(807547279) (rank 16 in comm 0): Fatal error in PMPI_Waitany: Other MPI error, error stack:
PMPI_Waitany(277)..............: MPI_Waitany(count=63, req_array=0x2135e70, index=0x7ffec1fdb664, status=0x1) failed
PMPI_Waitany(245)..............: 
MPIR_Waitany_impl(97)..........: 
MPIDI_Progress_test(80)........: 
MPIDI_OFI_handle_cq_error(1059): OFI poll failed (ofi_events.c:1061:MPIDI_OFI_handle_cq_error:Input/output error - remote access error)

aborting job:
Fatal error in PMPI_Waitany: Other MPI error, error stack:
PMPI_Waitany(277)..............: MPI_Waitany(count=63, req_array=0x2135e70, index=0x7ffec1fdb664, status=0x1) failed
PMPI_Waitany(245)..............: 
MPIR_Waitany_impl(97)..........: 
MPIDI_Progress_test(80)........: 
MPIDI_OFI_handle_cq_error(1059): OFI poll failed (ofi_events.c:1061:MPIDI_OFI_handle_cq_error:Input/output error - remote access error)
MPICH ERROR [Rank 12] [job id 56d46a9b-3822-41dc-b3ad-9eb393209bb1] [Fri Nov  3 04:33:56 2023] [x3003c0s31b1n0] - Abort(1008349583) (rank 12 in comm 0): Fatal error in PMPI_Waitany: Other MPI error, error stack:
PMPI_Waitany(277)..............: MPI_Waitany(count=63, req_array=0x206ec20, index=0x7fffb3af6a04, status=0x1) failed
PMPI_Waitany(245)..............: 
MPIDI_Progress_test(80)........: 
MPIDI_OFI_handle_cq_error(1059): OFI poll failed (ofi_events.c:1061:MPIDI_OFI_handle_cq_error:Input/output error - remote access error)

aborting job:
Fatal error in PMPI_Waitany: Other MPI error, error stack:
PMPI_Waitany(277)..............: MPI_Waitany(count=63, req_array=0x206ec20, index=0x7fffb3af6a04, status=0x1) failed
PMPI_Waitany(245)..............: 
MPIDI_Progress_test(80)........: 
MPIDI_OFI_handle_cq_error(1059): OFI poll failed (ofi_events.c:1061:MPIDI_OFI_handle_cq_error:Input/output error - remote access error)
MPICH ERROR [Rank 17] [job id 56d46a9b-3822-41dc-b3ad-9eb393209bb1] [Fri Nov  3 04:33:56 2023] [x3003c0s37b0n0] - Abort(605663119) (rank 17 in comm 0): Fatal error in PMPI_Isend: Other MPI error, error stack:
PMPI_Isend(161)................: MPI_Isend(buf=0x14b8ac1c0000, count=16384, dtype=0x4c001041, dest=25, tag=0, MPI_COMM_WORLD, request=0x23bbdcc) failed
MPID_Isend(578)................: 
MPIDI_Progress_test(80)........: 
MPIDI_OFI_handle_cq_error(1059): OFI poll failed (ofi_events.c:1061:MPIDI_OFI_handle_cq_error:Input/output error - remote access error)

aborting job:
Fatal error in PMPI_Isend: Other MPI error, error stack:
PMPI_Isend(161)................: MPI_Isend(buf=0x14b8ac1c0000, count=16384, dtype=0x4c001041, dest=25, tag=0, MPI_COMM_WORLD, request=0x23bbdcc) failed
MPID_Isend(578)................: 
MPIDI_Progress_test(80)........: 
MPIDI_OFI_handle_cq_error(1059): OFI poll failed (ofi_events.c:1061:MPIDI_OFI_handle_cq_error:Input/output error - remote access error)
MPICH ERROR [Rank 39] [job id 56d46a9b-3822-41dc-b3ad-9eb393209bb1] [Fri Nov  3 04:33:56 2023] [x3004c0s13b1n0] - Abort(404336527) (rank 39 in comm 0): Fatal error in PMPI_Isend: Other MPI error, error stack:
PMPI_Isend(161)................: MPI_Isend(buf=0x14dd46040000, count=16384, dtype=0x4c001041, dest=41, tag=0, MPI_COMM_WORLD, request=0x88ddb4) failed
MPID_Isend(578)................: 
MPIDI_Progress_test(80)........: 
MPIDI_OFI_handle_cq_error(1059): OFI poll failed (ofi_events.c:1061:MPIDI_OFI_handle_cq_error:Input/output error - remote access error)

aborting job:
Fatal error in PMPI_Isend: Other MPI error, error stack:
PMPI_Isend(161)................: MPI_Isend(buf=0x14dd46040000, count=16384, dtype=0x4c001041, dest=41, tag=0, MPI_COMM_WORLD, request=0x88ddb4) failed
MPID_Isend(578)................: 
MPIDI_Progress_test(80)........: 
MPIDI_OFI_handle_cq_error(1059): OFI poll failed (ofi_events.c:1061:MPIDI_OFI_handle_cq_error:Input/output error - remote access error)
MPICH ERROR [Rank 25] [job id 56d46a9b-3822-41dc-b3ad-9eb393209bb1] [Fri Nov  3 04:33:56 2023] [x3003c0s7b0n0] - Abort(941207439) (rank 25 in comm 0): Fatal error in PMPI_Isend: Other MPI error, error stack:
PMPI_Isend(161)................: MPI_Isend(buf=0x146e7c840000, count=16384, dtype=0x4c001041, dest=59, tag=0, MPI_COMM_WORLD, request=0x1f96e34) failed
MPID_Isend(578)................: 
MPIDI_Progress_test(80)........: 
MPIDI_OFI_handle_cq_error(1059): OFI poll failed (ofi_events.c:1061:MPIDI_OFI_handle_cq_error:Input/output error - remote access error)

aborting job:
Fatal error in PMPI_Isend: Other MPI error, error stack:
PMPI_Isend(161)................: MPI_Isend(buf=0x146e7c840000, count=16384, dtype=0x4c001041, dest=59, tag=0, MPI_COMM_WORLD, request=0x1f96e34) failed
MPID_Isend(578)................: 
MPIDI_Progress_test(80)........: 
MPIDI_OFI_handle_cq_error(1059): OFI poll failed (ofi_events.c:1061:MPIDI_OFI_handle_cq_error:Input/output error - remote access error)
MPICH ERROR [Rank 28] [job id 56d46a9b-3822-41dc-b3ad-9eb393209bb1] [Fri Nov  3 04:33:56 2023] [x3003c0s7b1n0] - Abort(471478671) (rank 28 in comm 0): Fatal error in PMPI_Waitany: Other MPI error, error stack:
PMPI_Waitany(277)..............: MPI_Waitany(count=63, req_array=0xa16e50, index=0x7fff29fd1bc4, status=0x1) failed
PMPI_Waitany(245)..............: 
MPIDI_Progress_test(80)........: 
MPIDI_OFI_handle_cq_error(1059): OFI poll failed (ofi_events.c:1061:MPIDI_OFI_handle_cq_error:Input/output error - remote access error)

aborting job:
Fatal error in PMPI_Waitany: Other MPI error, error stack:
PMPI_Waitany(277)..............: MPI_Waitany(count=63, req_array=0xa16e50, index=0x7fff29fd1bc4, status=0x1) failed
PMPI_Waitany(245)..............: 
MPIDI_Progress_test(80)........: 
MPIDI_OFI_handle_cq_error(1059): OFI poll failed (ofi_events.c:1061:MPIDI_OFI_handle_cq_error:Input/output error - remote access error)
MPICH ERROR [Rank 0] [job id 56d46a9b-3822-41dc-b3ad-9eb393209bb1] [Fri Nov  3 04:33:56 2023] [x3003c0s25b0n0] - Abort(471478671) (rank 0 in comm 0): Fatal error in PMPI_Waitany: Other MPI error, error stack:
PMPI_Waitany(277)..............: MPI_Waitany(count=63, req_array=0x23d0c20, index=0x7ffe929f0bd4, status=0x1) failed
PMPI_Waitany(245)..............: 
MPIDI_Progress_test(80)........: 
MPIDI_OFI_handle_cq_error(1059): OFI poll failed (ofi_events.c:1061:MPIDI_OFI_handle_cq_error:Input/output error - remote access error)

aborting job:
Fatal error in PMPI_Waitany: Other MPI error, error stack:
PMPI_Waitany(277)..............: MPI_Waitany(count=63, req_array=0x23d0c20, index=0x7ffe929f0bd4, status=0x1) failed
PMPI_Waitany(245)..............: 
MPIDI_Progress_test(80)........: 
MPIDI_OFI_handle_cq_error(1059): OFI poll failed (ofi_events.c:1061:MPIDI_OFI_handle_cq_error:Input/output error - remote access error)
MPICH ERROR [Rank 29] [job id 56d46a9b-3822-41dc-b3ad-9eb393209bb1] [Fri Nov  3 04:33:56 2023] [x3003c0s7b1n0] - Abort(203567503) (rank 29 in comm 0): Fatal error in PMPI_Waitany: Other MPI error, error stack:
PMPI_Waitany(277)..............: MPI_Waitany(count=63, req_array=0x2290ca0, index=0x7ffe3c54b714, status=0x1) failed
PMPI_Waitany(245)..............: 
MPIR_Waitany_impl(97)..........: 
MPIDI_Progress_test(80)........: 
MPIDI_OFI_handle_cq_error(1059): OFI poll failed (ofi_events.c:1061:MPIDI_OFI_handle_cq_error:Input/output error - remote access error)

aborting job:
Fatal error in PMPI_Waitany: Other MPI error, error stack:
PMPI_Waitany(277)..............: MPI_Waitany(count=63, req_array=0x2290ca0, index=0x7ffe3c54b714, status=0x1) failed
PMPI_Waitany(245)..............: 
MPIR_Waitany_impl(97)..........: 
MPIDI_Progress_test(80)........: 
MPIDI_OFI_handle_cq_error(1059): OFI poll failed (ofi_events.c:1061:MPIDI_OFI_handle_cq_error:Input/output error - remote access error)
MPICH ERROR [Rank 38] [job id 56d46a9b-3822-41dc-b3ad-9eb393209bb1] [Fri Nov  3 04:33:56 2023] [x3004c0s13b1n0] - Abort(672771983) (rank 38 in comm 0): Fatal error in PMPI_Isend: Other MPI error, error stack:
PMPI_Isend(161)................: MPI_Isend(buf=0x14921e040000, count=16384, dtype=0x4c001041, dest=40, tag=0, MPI_COMM_WORLD, request=0x1dcbdb4) failed
MPID_Isend(578)................: 
MPIDI_Progress_test(80)........: 
MPIDI_OFI_handle_cq_error(1059): OFI poll failed (ofi_events.c:1061:MPIDI_OFI_handle_cq_error:Input/output error - remote access error)

aborting job:
Fatal error in PMPI_Isend: Other MPI error, error stack:
PMPI_Isend(161)................: MPI_Isend(buf=0x14921e040000, count=16384, dtype=0x4c001041, dest=40, tag=0, MPI_COMM_WORLD, request=0x1dcbdb4) failed
MPID_Isend(578)................: 
MPIDI_Progress_test(80)........: 
MPIDI_OFI_handle_cq_error(1059): OFI poll failed (ofi_events.c:1061:MPIDI_OFI_handle_cq_error:Input/output error - remote access error)
MPICH ERROR [Rank 35] [job id 56d46a9b-3822-41dc-b3ad-9eb393209bb1] [Fri Nov  3 04:33:56 2023] [x3004c0s13b0n0] - Abort(471445391) (rank 35 in comm 0): Fatal error in PMPI_Isend: Other MPI error, error stack:
PMPI_Isend(161)................: MPI_Isend(buf=0x14c370040000, count=16384, dtype=0x4c001041, dest=37, tag=0, MPI_COMM_WORLD, request=0x9d8db4) failed
MPID_Isend(578)................: 
MPIDI_Progress_test(80)........: 
MPIDI_OFI_handle_cq_error(1059): OFI poll failed (ofi_events.c:1061:MPIDI_OFI_handle_cq_error:Input/output error - remote access error)

aborting job:
Fatal error in PMPI_Isend: Other MPI error, error stack:
PMPI_Isend(161)................: MPI_Isend(buf=0x14c370040000, count=16384, dtype=0x4c001041, dest=37, tag=0, MPI_COMM_WORLD, request=0x9d8db4) failed
MPID_Isend(578)................: 
MPIDI_Progress_test(80)........: 
MPIDI_OFI_handle_cq_error(1059): OFI poll failed (ofi_events.c:1061:MPIDI_OFI_handle_cq_error:Input/output error - remote access error)
MPICH ERROR [Rank 43] [job id 56d46a9b-3822-41dc-b3ad-9eb393209bb1] [Fri Nov  3 04:33:56 2023] [x3004c0s19b0n0] - Abort(806989711) (rank 43 in comm 0): Fatal error in PMPI_Isend: Other MPI error, error stack:
PMPI_Isend(161)................: MPI_Isend(buf=0x14b14c040000, count=16384, dtype=0x4c001041, dest=45, tag=0, MPI_COMM_WORLD, request=0x1b83db4) failed
MPID_Isend(578)................: 
MPIDI_Progress_test(80)........: 
MPIDI_OFI_handle_cq_error(1059): OFI poll failed (ofi_events.c:1061:MPIDI_OFI_handle_cq_error:Input/output error - remote access error)

aborting job:
Fatal error in PMPI_Isend: Other MPI error, error stack:
PMPI_Isend(161)................: MPI_Isend(buf=0x14b14c040000, count=16384, dtype=0x4c001041, dest=45, tag=0, MPI_COMM_WORLD, request=0x1b83db4) failed
MPID_Isend(578)................: 
MPIDI_Progress_test(80)........: 
MPIDI_OFI_handle_cq_error(1059): OFI poll failed (ofi_events.c:1061:MPIDI_OFI_handle_cq_error:Input/output error - remote access error)
MPICH ERROR [Rank 21] [job id 56d46a9b-3822-41dc-b3ad-9eb393209bb1] [Fri Nov  3 04:33:56 2023] [x3003c0s37b1n0] - Abort(135901071) (rank 21 in comm 0): Fatal error in PMPI_Isend: Other MPI error, error stack:
PMPI_Isend(161)................: MPI_Isend(buf=0x14c81e180000, count=16384, dtype=0x4c001041, dest=28, tag=0, MPI_COMM_WORLD, request=0x1269dc8) failed
MPID_Isend(578)................: 
MPIDI_Progress_test(80)........: 
MPIDI_OFI_handle_cq_error(1059): OFI poll failed (ofi_events.c:1061:MPIDI_OFI_handle_cq_error:Input/output error - remote access error)

aborting job:
Fatal error in PMPI_Isend: Other MPI error, error stack:
PMPI_Isend(161)................: MPI_Isend(buf=0x14c81e180000, count=16384, dtype=0x4c001041, dest=28, tag=0, MPI_COMM_WORLD, request=0x1269dc8) failed
MPID_Isend(578)................: 
MPIDI_Progress_test(80)........: 
MPIDI_OFI_handle_cq_error(1059): OFI poll failed (ofi_events.c:1061:MPIDI_OFI_handle_cq_error:Input/output error - remote access error)
MPICH ERROR [Rank 34] [job id 56d46a9b-3822-41dc-b3ad-9eb393209bb1] [Fri Nov  3 04:33:56 2023] [x3004c0s13b0n0] - Abort(404336527) (rank 34 in comm 0): Fatal error in PMPI_Isend: Other MPI error, error stack:
PMPI_Isend(161)................: MPI_Isend(buf=0x14a1c6040000, count=16384, dtype=0x4c001041, dest=36, tag=0, MPI_COMM_WORLD, request=0x2489db4) failed
MPID_Isend(578)................: 
MPIDI_Progress_test(80)........: 
MPIDI_OFI_handle_cq_error(1059): OFI poll failed (ofi_events.c:1061:MPIDI_OFI_handle_cq_error:Input/output error - remote access error)

aborting job:
Fatal error in PMPI_Isend: Other MPI error, error stack:
PMPI_Isend(161)................: MPI_Isend(buf=0x14a1c6040000, count=16384, dtype=0x4c001041, dest=36, tag=0, MPI_COMM_WORLD, request=0x2489db4) failed
MPID_Isend(578)................: 
MPIDI_Progress_test(80)........: 
MPIDI_OFI_handle_cq_error(1059): OFI poll failed (ofi_events.c:1061:MPIDI_OFI_handle_cq_error:Input/output error - remote access error)
MPICH ERROR [Rank 13] [job id 56d46a9b-3822-41dc-b3ad-9eb393209bb1] [Fri Nov  3 04:33:56 2023] [x3003c0s31b1n0] - Abort(404336527) (rank 13 in comm 0): Fatal error in PMPI_Isend: Other MPI error, error stack:
PMPI_Isend(161)................: MPI_Isend(buf=0x146f4e180000, count=16384, dtype=0x4c001041, dest=20, tag=0, MPI_COMM_WORLD, request=0x21f1dc8) failed
MPID_Isend(578)................: 
MPIDI_Progress_test(80)........: 
MPIDI_OFI_handle_cq_error(1059): OFI poll failed (ofi_events.c:1061:MPIDI_OFI_handle_cq_error:Input/output error - remote access error)

aborting job:
Fatal error in PMPI_Isend: Other MPI error, error stack:
PMPI_Isend(161)................: MPI_Isend(buf=0x146f4e180000, count=16384, dtype=0x4c001041, dest=20, tag=0, MPI_COMM_WORLD, request=0x21f1dc8) failed
MPID_Isend(578)................: 
MPIDI_Progress_test(80)........: 
MPIDI_OFI_handle_cq_error(1059): OFI poll failed (ofi_events.c:1061:MPIDI_OFI_handle_cq_error:Input/output error - remote access error)
MPICH ERROR [Rank 42] [job id 56d46a9b-3822-41dc-b3ad-9eb393209bb1] [Fri Nov  3 04:33:56 2023] [x3004c0s19b0n0] - Abort(1683343) (rank 42 in comm 0): Fatal error in PMPI_Isend: Other MPI error, error stack:
PMPI_Isend(161)................: MPI_Isend(buf=0x149b76040000, count=16384, dtype=0x4c001041, dest=44, tag=0, MPI_COMM_WORLD, request=0x993db4) failed
MPID_Isend(578)................: 
MPIDI_Progress_test(80)........: 
MPIDI_OFI_handle_cq_error(1059): OFI poll failed (ofi_events.c:1061:MPIDI_OFI_handle_cq_error:Input/output error - remote access error)

aborting job:
Fatal error in PMPI_Isend: Other MPI error, error stack:
PMPI_Isend(161)................: MPI_Isend(buf=0x149b76040000, count=16384, dtype=0x4c001041, dest=44, tag=0, MPI_COMM_WORLD, request=0x993db4) failed
MPID_Isend(578)................: 
MPIDI_Progress_test(80)........: 
MPIDI_OFI_handle_cq_error(1059): OFI poll failed (ofi_events.c:1061:MPIDI_OFI_handle_cq_error:Input/output error - remote access error)
MPICH ERROR [Rank 30] [job id 56d46a9b-3822-41dc-b3ad-9eb393209bb1] [Fri Nov  3 04:33:56 2023] [x3003c0s7b1n0] - Abort(270118799) (rank 30 in comm 0): Fatal error in PMPI_Isend: Other MPI error, error stack:
PMPI_Isend(161)................: MPI_Isend(buf=0x152b963c0000, count=16384, dtype=0x4c001041, dest=46, tag=0, MPI_COMM_WORLD, request=0xaccdec) failed
MPID_Isend(578)................: 
MPIDI_Progress_test(80)........: 
MPIDI_OFI_handle_cq_error(1059): OFI poll failed (ofi_events.c:1061:MPIDI_OFI_handle_cq_error:Input/output error - remote access error)

aborting job:
Fatal error in PMPI_Isend: Other MPI error, error stack:
PMPI_Isend(161)................: MPI_Isend(buf=0x152b963c0000, count=16384, dtype=0x4c001041, dest=46, tag=0, MPI_COMM_WORLD, request=0xaccdec) failed
MPID_Isend(578)................: 
MPIDI_Progress_test(80)........: 
MPIDI_OFI_handle_cq_error(1059): OFI poll failed (ofi_events.c:1061:MPIDI_OFI_handle_cq_error:Input/output error - remote access error)
MPICH ERROR [Rank 14] [job id 56d46a9b-3822-41dc-b3ad-9eb393209bb1] [Fri Nov  3 04:33:56 2023] [x3003c0s31b1n0] - Abort(806989711) (rank 14 in comm 0): Fatal error in PMPI_Isend: Other MPI error, error stack:
PMPI_Isend(161)................: MPI_Isend(buf=0x154c00140000, count=16384, dtype=0x4c001041, dest=20, tag=0, MPI_COMM_WORLD, request=0x97edc4) failed
MPID_Isend(578)................: 
MPIDI_Progress_test(80)........: 
MPIDI_OFI_handle_cq_error(1059): OFI poll failed (ofi_events.c:1061:MPIDI_OFI_handle_cq_error:Input/output error - remote access error)

aborting job:
Fatal error in PMPI_Isend: Other MPI error, error stack:
PMPI_Isend(161)................: MPI_Isend(buf=0x154c00140000, count=16384, dtype=0x4c001041, dest=20, tag=0, MPI_COMM_WORLD, request=0x97edc4) failed
MPID_Isend(578)................: 
MPIDI_Progress_test(80)........: 
MPIDI_OFI_handle_cq_error(1059): OFI poll failed (ofi_events.c:1061:MPIDI_OFI_handle_cq_error:Input/output error - remote access error)
MPICH ERROR [Rank 26] [job id 56d46a9b-3822-41dc-b3ad-9eb393209bb1] [Fri Nov  3 04:33:56 2023] [x3003c0s7b0n0] - Abort(605663119) (rank 26 in comm 0): Fatal error in PMPI_Isend: Other MPI error, error stack:
PMPI_Isend(161)................: MPI_Isend(buf=0x14f180280000, count=16384, dtype=0x4c001041, dest=37, tag=0, MPI_COMM_WORLD, request=0x1215dd8) failed
MPID_Isend(578)................: 
MPIDI_Progress_test(80)........: 
MPIDI_OFI_handle_cq_error(1059): OFI poll failed (ofi_events.c:1061:MPIDI_OFI_handle_cq_error:Input/output error - remote access error)

aborting job:
Fatal error in PMPI_Isend: Other MPI error, error stack:
PMPI_Isend(161)................: MPI_Isend(buf=0x14f180280000, count=16384, dtype=0x4c001041, dest=37, tag=0, MPI_COMM_WORLD, request=0x1215dd8) failed
MPID_Isend(578)................: 
MPIDI_Progress_test(80)........: 
MPIDI_OFI_handle_cq_error(1059): OFI poll failed (ofi_events.c:1061:MPIDI_OFI_handle_cq_error:Input/output error - remote access error)
MPICH ERROR [Rank 63] [job id 56d46a9b-3822-41dc-b3ad-9eb393209bb1] [Fri Nov  3 04:33:56 2023] [x3004c0s25b1n0] - Abort(471445391) (rank 63 in comm 0): Fatal error in PMPI_Isend: Other MPI error, error stack:
PMPI_Isend(161)................: MPI_Isend(buf=0x149d203d0000, count=16384, dtype=0x4c001041, dest=15, tag=0, MPI_COMM_WORLD, request=0x2448dec) failed
MPID_Isend(578)................: 
MPIDI_Progress_test(80)........: 
MPIDI_OFI_handle_cq_error(1059): OFI poll failed (ofi_events.c:1061:MPIDI_OFI_handle_cq_error:Input/output error - remote access error)

aborting job:
Fatal error in PMPI_Isend: Other MPI error, error stack:
PMPI_Isend(161)................: MPI_Isend(buf=0x149d203d0000, count=16384, dtype=0x4c001041, dest=15, tag=0, MPI_COMM_WORLD, request=0x2448dec) failed
MPID_Isend(578)................: 
MPIDI_Progress_test(80)........: 
MPIDI_OFI_handle_cq_error(1059): OFI poll failed (ofi_events.c:1061:MPIDI_OFI_handle_cq_error:Input/output error - remote access error)
MPICH ERROR [Rank 1] [job id 56d46a9b-3822-41dc-b3ad-9eb393209bb1] [Fri Nov  3 04:33:56 2023] [x3003c0s25b0n0] - Abort(672771983) (rank 1 in comm 0): Fatal error in PMPI_Isend: Other MPI error, error stack:
PMPI_Isend(161)................: MPI_Isend(buf=0x14d8ec30c000, count=16384, dtype=0x4c001041, dest=14, tag=0, MPI_COMM_WORLD, request=0x189cde0) failed
MPID_Isend(578)................: 
MPIDI_Progress_test(80)........: 
MPIDI_OFI_handle_cq_error(1059): OFI poll failed (ofi_events.c:1061:MPIDI_OFI_handle_cq_error:Input/output error - remote access error)

aborting job:
Fatal error in PMPI_Isend: Other MPI error, error stack:
PMPI_Isend(161)................: MPI_Isend(buf=0x14d8ec30c000, count=16384, dtype=0x4c001041, dest=14, tag=0, MPI_COMM_WORLD, request=0x189cde0) failed
MPID_Isend(578)................: 
MPIDI_Progress_test(80)........: 
MPIDI_OFI_handle_cq_error(1059): OFI poll failed (ofi_events.c:1061:MPIDI_OFI_handle_cq_error:Input/output error - remote access error)
MPICH ERROR [Rank 51] [job id 56d46a9b-3822-41dc-b3ad-9eb393209bb1] [Fri Nov  3 04:33:56 2023] [x3004c0s1b0n0] - Abort(1008349583) (rank 51 in comm 0): Fatal error in PMPI_Waitany: Other MPI error, error stack:
PMPI_Waitany(277)..............: MPI_Waitany(count=63, req_array=0x19ebca0, index=0x7fff9c83b5b4, status=0x1) failed
PMPI_Waitany(245)..............: 
MPIDI_Progress_test(80)........: 
MPIDI_OFI_handle_cq_error(1059): OFI poll failed (ofi_events.c:1061:MPIDI_OFI_handle_cq_error:Input/output error - remote access error)

aborting job:
Fatal error in PMPI_Waitany: Other MPI error, error stack:
PMPI_Waitany(277)..............: MPI_Waitany(count=63, req_array=0x19ebca0, index=0x7fff9c83b5b4, status=0x1) failed
PMPI_Waitany(245)..............: 
MPIDI_Progress_test(80)........: 
MPIDI_OFI_handle_cq_error(1059): OFI poll failed (ofi_events.c:1061:MPIDI_OFI_handle_cq_error:Input/output error - remote access error)
MPICH ERROR [Rank 61] [job id 56d46a9b-3822-41dc-b3ad-9eb393209bb1] [Fri Nov  3 04:33:56 2023] [x3004c0s25b1n0] - Abort(68792207) (rank 61 in comm 0): Fatal error in PMPI_Isend: Other MPI error, error stack:
PMPI_Isend(161)................: MPI_Isend(buf=0x149470104000, count=16896, dtype=0x4c001041, dest=2, tag=0, MPI_COMM_WORLD, request=0x1997dc0) failed
MPID_Isend(578)................: 
MPIDI_Progress_test(80)........: 
MPIDI_OFI_handle_cq_error(1059): OFI poll failed (ofi_events.c:1061:MPIDI_OFI_handle_cq_error:Input/output error - remote access error)

aborting job:
Fatal error in PMPI_Isend: Other MPI error, error stack:
PMPI_Isend(161)................: MPI_Isend(buf=0x149470104000, count=16896, dtype=0x4c001041, dest=2, tag=0, MPI_COMM_WORLD, request=0x1997dc0) failed
MPID_Isend(578)................: 
MPIDI_Progress_test(80)........: 
MPIDI_OFI_handle_cq_error(1059): OFI poll failed (ofi_events.c:1061:MPIDI_OFI_handle_cq_error:Input/output error - remote access error)
MPICH ERROR [Rank 4] [job id 56d46a9b-3822-41dc-b3ad-9eb393209bb1] [Fri Nov  3 04:33:56 2023] [x3003c0s25b1n0] - Abort(739914127) (rank 4 in comm 0): Fatal error in PMPI_Waitany: Other MPI error, error stack:
PMPI_Waitany(277)..............: MPI_Waitany(count=63, req_array=0x20e9c70, index=0x7ffc2c4bc6f4, status=0x1) failed
PMPI_Waitany(245)..............: 
MPIDI_Progress_test(80)........: 
MPIDI_OFI_handle_cq_error(1059): OFI poll failed (ofi_events.c:1061:MPIDI_OFI_handle_cq_error:Input/output error - remote access error)

aborting job:
Fatal error in PMPI_Waitany: Other MPI error, error stack:
PMPI_Waitany(277)..............: MPI_Waitany(count=63, req_array=0x20e9c70, index=0x7ffc2c4bc6f4, status=0x1) failed
PMPI_Waitany(245)..............: 
MPIDI_Progress_test(80)........: 
MPIDI_OFI_handle_cq_error(1059): OFI poll failed (ofi_events.c:1061:MPIDI_OFI_handle_cq_error:Input/output error - remote access error)
MPICH ERROR [Rank 55] [job id 56d46a9b-3822-41dc-b3ad-9eb393209bb1] [Fri Nov  3 04:33:56 2023] [x3004c0s1b1n0] - Abort(404369807) (rank 55 in comm 0): Fatal error in PMPI_Waitany: Other MPI error, error stack:
PMPI_Waitany(277)..............: MPI_Waitany(count=63, req_array=0x2533ca0, index=0x7ffeb5df37a4, status=0x1) failed
PMPI_Waitany(245)..............: 
MPIDI_Progress_test(80)........: 
MPIDI_OFI_handle_cq_error(1059): OFI poll failed (ofi_events.c:1061:MPIDI_OFI_handle_cq_error:Input/output error - remote access error)

aborting job:
Fatal error in PMPI_Waitany: Other MPI error, error stack:
PMPI_Waitany(277)..............: MPI_Waitany(count=63, req_array=0x2533ca0, index=0x7ffeb5df37a4, status=0x1) failed
PMPI_Waitany(245)..............: 
MPIDI_Progress_test(80)........: 
MPIDI_OFI_handle_cq_error(1059): OFI poll failed (ofi_events.c:1061:MPIDI_OFI_handle_cq_error:Input/output error - remote access error)
MPICH ERROR [Rank 59] [job id 56d46a9b-3822-41dc-b3ad-9eb393209bb1] [Fri Nov  3 04:33:56 2023] [x3004c0s25b0n0] - Abort(672805263) (rank 59 in comm 0): Fatal error in PMPI_Waitany: Other MPI error, error stack:
PMPI_Waitany(277)..............: MPI_Waitany(count=63, req_array=0x185eca0, index=0x7ffef118a634, status=0x1) failed
PMPI_Waitany(245)..............: 
MPIDI_Progress_test(80)........: 
MPIDI_OFI_handle_cq_error(1059): OFI poll failed (ofi_events.c:1061:MPIDI_OFI_handle_cq_error:Input/output error - remote access error)

aborting job:
Fatal error in PMPI_Waitany: Other MPI error, error stack:
PMPI_Waitany(277)..............: MPI_Waitany(count=63, req_array=0x185eca0, index=0x7ffef118a634, status=0x1) failed
PMPI_Waitany(245)..............: 
MPIDI_Progress_test(80)........: 
MPIDI_OFI_handle_cq_error(1059): OFI poll failed (ofi_events.c:1061:MPIDI_OFI_handle_cq_error:Input/output error - remote access error)
MPICH ERROR [Rank 46] [job id 56d46a9b-3822-41dc-b3ad-9eb393209bb1] [Fri Nov  3 04:33:56 2023] [x3004c0s19b1n0] - Abort(337227663) (rank 46 in comm 0): Fatal error in PMPI_Isend: Other MPI error, error stack:
PMPI_Isend(161)................: MPI_Isend(buf=0x147120000000, count=16384, dtype=0x4c001041, dest=47, tag=0, MPI_COMM_WORLD, request=0x1831db0) failed
MPID_Isend(578)................: 
MPIDI_Progress_test(80)........: 
MPIDI_OFI_handle_cq_error(1059): OFI poll failed (ofi_events.c:1061:MPIDI_OFI_handle_cq_error:Input/output error - remote access error)

aborting job:
Fatal error in PMPI_Isend: Other MPI error, error stack:
PMPI_Isend(161)................: MPI_Isend(buf=0x147120000000, count=16384, dtype=0x4c001041, dest=47, tag=0, MPI_COMM_WORLD, request=0x1831db0) failed
MPID_Isend(578)................: 
MPIDI_Progress_test(80)........: 
MPIDI_OFI_handle_cq_error(1059): OFI poll failed (ofi_events.c:1061:MPIDI_OFI_handle_cq_error:Input/output error - remote access error)
MPICH ERROR [Rank 22] [job id 56d46a9b-3822-41dc-b3ad-9eb393209bb1] [Fri Nov  3 04:33:56 2023] [x3003c0s37b1n0] - Abort(404336527) (rank 22 in comm 0): Fatal error in PMPI_Isend: Other MPI error, error stack:
PMPI_Isend(161)................: MPI_Isend(buf=0x14b45c280000, count=16384, dtype=0x4c001041, dest=33, tag=0, MPI_COMM_WORLD, request=0x1c16dd8) failed
MPID_Isend(578)................: 
MPIDI_Progress_test(80)........: 
MPIDI_OFI_handle_cq_error(1059): OFI poll failed (ofi_events.c:1061:MPIDI_OFI_handle_cq_error:Input/output error - remote access error)

aborting job:
Fatal error in PMPI_Isend: Other MPI error, error stack:
PMPI_Isend(161)................: MPI_Isend(buf=0x14b45c280000, count=16384, dtype=0x4c001041, dest=33, tag=0, MPI_COMM_WORLD, request=0x1c16dd8) failed
MPID_Isend(578)................: 
MPIDI_Progress_test(80)........: 
MPIDI_OFI_handle_cq_error(1059): OFI poll failed (ofi_events.c:1061:MPIDI_OFI_handle_cq_error:Input/output error - remote access error)
MPICH ERROR [Rank 5] [job id 56d46a9b-3822-41dc-b3ad-9eb393209bb1] [Fri Nov  3 04:33:56 2023] [x3003c0s25b1n0] - Abort(605663119) (rank 5 in comm 0): Fatal error in PMPI_Isend: Other MPI error, error stack:
PMPI_Isend(161)................: MPI_Isend(buf=0x14ffdc3c4000, count=16384, dtype=0x4c001041, dest=21, tag=0, MPI_COMM_WORLD, request=0x16d5dec) failed
MPID_Isend(578)................: 
MPIDI_Progress_test(80)........: 
MPIDI_OFI_handle_cq_error(1059): OFI poll failed (ofi_events.c:1061:MPIDI_OFI_handle_cq_error:Input/output error - remote access error)

aborting job:
Fatal error in PMPI_Isend: Other MPI error, error stack:
PMPI_Isend(161)................: MPI_Isend(buf=0x14ffdc3c4000, count=16384, dtype=0x4c001041, dest=21, tag=0, MPI_COMM_WORLD, request=0x16d5dec) failed
MPID_Isend(578)................: 
MPIDI_Progress_test(80)........: 
MPIDI_OFI_handle_cq_error(1059): OFI poll failed (ofi_events.c:1061:MPIDI_OFI_handle_cq_error:Input/output error - remote access error)
MPICH ERROR [Rank 18] [job id 56d46a9b-3822-41dc-b3ad-9eb393209bb1] [Fri Nov  3 04:33:56 2023] [x3003c0s37b0n0] - Abort(806989711) (rank 18 in comm 0): Fatal error in PMPI_Isend: Other MPI error, error stack:
PMPI_Isend(161)................: MPI_Isend(buf=0x152b26200000, count=16384, dtype=0x4c001041, dest=27, tag=0, MPI_COMM_WORLD, request=0x94bdd0) failed
MPID_Isend(578)................: 
MPIDI_Progress_test(80)........: 
MPIDI_OFI_handle_cq_error(1059): OFI poll failed (ofi_events.c:1061:MPIDI_OFI_handle_cq_error:Input/output error - remote access error)

aborting job:
Fatal error in PMPI_Isend: Other MPI error, error stack:
PMPI_Isend(161)................: MPI_Isend(buf=0x152b26200000, count=16384, dtype=0x4c001041, dest=27, tag=0, MPI_COMM_WORLD, request=0x94bdd0) failed
MPID_Isend(578)................: 
MPIDI_Progress_test(80)........: 
MPIDI_OFI_handle_cq_error(1059): OFI poll failed (ofi_events.c:1061:MPIDI_OFI_handle_cq_error:Input/output error - remote access error)
MPICH ERROR [Rank 2] [job id 56d46a9b-3822-41dc-b3ad-9eb393209bb1] [Fri Nov  3 04:33:56 2023] [x3003c0s25b0n0] - Abort(605663119) (rank 2 in comm 0): Fatal error in PMPI_Isend: Other MPI error, error stack:
PMPI_Isend(161)................: MPI_Isend(buf=0x148e9028a000, count=16384, dtype=0x4c001041, dest=13, tag=0, MPI_COMM_WORLD, request=0x896dd8) failed
MPID_Isend(578)................: 
MPIDI_Progress_test(80)........: 
MPIDI_OFI_handle_cq_error(1059): OFI poll failed (ofi_events.c:1061:MPIDI_OFI_handle_cq_error:Input/output error - remote access error)

aborting job:
Fatal error in PMPI_Isend: Other MPI error, error stack:
PMPI_Isend(161)................: MPI_Isend(buf=0x148e9028a000, count=16384, dtype=0x4c001041, dest=13, tag=0, MPI_COMM_WORLD, request=0x896dd8) failed
MPID_Isend(578)................: 
MPIDI_Progress_test(80)........: 
MPIDI_OFI_handle_cq_error(1059): OFI poll failed (ofi_events.c:1061:MPIDI_OFI_handle_cq_error:Input/output error - remote access error)
MPICH ERROR [Rank 62] [job id 56d46a9b-3822-41dc-b3ad-9eb393209bb1] [Fri Nov  3 04:33:56 2023] [x3004c0s25b1n0] - Abort(672771983) (rank 62 in comm 0): Fatal error in PMPI_Isend: Other MPI error, error stack:
PMPI_Isend(161)................: MPI_Isend(buf=0x14f87e410000, count=16384, dtype=0x4c001041, dest=15, tag=0, MPI_COMM_WORLD, request=0x932df0) failed
MPID_Isend(578)................: 
MPIDI_Progress_test(80)........: 
MPIDI_OFI_handle_cq_error(1059): OFI poll failed (ofi_events.c:1061:MPIDI_OFI_handle_cq_error:Input/output error - remote access error)

aborting job:
Fatal error in PMPI_Isend: Other MPI error, error stack:
PMPI_Isend(161)................: MPI_Isend(buf=0x14f87e410000, count=16384, dtype=0x4c001041, dest=15, tag=0, MPI_COMM_WORLD, request=0x932df0) failed
MPID_Isend(578)................: 
MPIDI_Progress_test(80)........: 
MPIDI_OFI_handle_cq_error(1059): OFI poll failed (ofi_events.c:1061:MPIDI_OFI_handle_cq_error:Input/output error - remote access error)
MPICH ERROR [Rank 6] [job id 56d46a9b-3822-41dc-b3ad-9eb393209bb1] [Fri Nov  3 04:33:56 2023] [x3003c0s25b1n0] - Abort(135901071) (rank 6 in comm 0): Fatal error in PMPI_Isend: Other MPI error, error stack:
PMPI_Isend(161)................: MPI_Isend(buf=0x14ac803c2000, count=16384, dtype=0x4c001041, dest=22, tag=0, MPI_COMM_WORLD, request=0x227fdec) failed
MPID_Isend(578)................: 
MPIDI_Progress_test(80)........: 
MPIDI_OFI_handle_cq_error(1059): OFI poll failed (ofi_events.c:1061:MPIDI_OFI_handle_cq_error:Input/output error - remote access error)

aborting job:
Fatal error in PMPI_Isend: Other MPI error, error stack:
PMPI_Isend(161)................: MPI_Isend(buf=0x14ac803c2000, count=16384, dtype=0x4c001041, dest=22, tag=0, MPI_COMM_WORLD, request=0x227fdec) failed
MPID_Isend(578)................: 
MPIDI_Progress_test(80)........: 
MPIDI_OFI_handle_cq_error(1059): OFI poll failed (ofi_events.c:1061:MPIDI_OFI_handle_cq_error:Input/output error - remote access error)
MPICH ERROR [Rank 31] [job id 56d46a9b-3822-41dc-b3ad-9eb393209bb1] [Fri Nov  3 04:33:56 2023] [x3003c0s7b1n0] - Abort(739914127) (rank 31 in comm 0): Fatal error in PMPI_Waitany: Other MPI error, error stack:
PMPI_Waitany(277)..............: MPI_Waitany(count=63, req_array=0x1207ca0, index=0x7ffe82e4f654, status=0x1) failed
PMPI_Waitany(245)..............: 
MPIDI_Progress_test(80)........: 
MPIDI_OFI_handle_cq_error(1059): OFI poll failed (ofi_events.c:1061:MPIDI_OFI_handle_cq_error:Input/output error - remote access error)

aborting job:
Fatal error in PMPI_Waitany: Other MPI error, error stack:
PMPI_Waitany(277)..............: MPI_Waitany(count=63, req_array=0x1207ca0, index=0x7ffe82e4f654, status=0x1) failed
PMPI_Waitany(245)..............: 
MPIDI_Progress_test(80)........: 
MPIDI_OFI_handle_cq_error(1059): OFI poll failed (ofi_events.c:1061:MPIDI_OFI_handle_cq_error:Input/output error - remote access error)
MPICH ERROR [Rank 15] [job id 56d46a9b-3822-41dc-b3ad-9eb393209bb1] [Fri Nov  3 04:33:56 2023] [x3003c0s31b1n0] - Abort(337260943) (rank 15 in comm 0): Fatal error in PMPI_Waitany: Other MPI error, error stack:
PMPI_Waitany(277)..............: MPI_Waitany(count=63, req_array=0x1372ca0, index=0x7fff5a34b384, status=0x1) failed
PMPI_Waitany(245)..............: 
MPIDI_Progress_test(80)........: 
MPIDI_OFI_handle_cq_error(1059): OFI poll failed (ofi_events.c:1061:MPIDI_OFI_handle_cq_error:Input/output error - remote access error)

aborting job:
Fatal error in PMPI_Waitany: Other MPI error, error stack:
PMPI_Waitany(277)..............: MPI_Waitany(count=63, req_array=0x1372ca0, index=0x7fff5a34b384, status=0x1) failed
PMPI_Waitany(245)..............: 
MPIDI_Progress_test(80)........: 
MPIDI_OFI_handle_cq_error(1059): OFI poll failed (ofi_events.c:1061:MPIDI_OFI_handle_cq_error:Input/output error - remote access error)
MPICH ERROR [Rank 23] [job id 56d46a9b-3822-41dc-b3ad-9eb393209bb1] [Fri Nov  3 04:33:56 2023] [x3003c0s37b1n0] - Abort(605696399) (rank 23 in comm 0): Fatal error in PMPI_Waitany: Other MPI error, error stack:
PMPI_Waitany(277)..............: MPI_Waitany(count=63, req_array=0x9c7ca0, index=0x7ffc77bd8694, status=0x1) failed
PMPI_Waitany(245)..............: 
MPIDI_Progress_test(80)........: 
MPIDI_OFI_handle_cq_error(1059): OFI poll failed (ofi_events.c:1061:MPIDI_OFI_handle_cq_error:Input/output error - remote access error)

aborting job:
Fatal error in PMPI_Waitany: Other MPI error, error stack:
PMPI_Waitany(277)..............: MPI_Waitany(count=63, req_array=0x9c7ca0, index=0x7ffc77bd8694, status=0x1) failed
PMPI_Waitany(245)..............: 
MPIDI_Progress_test(80)........: 
MPIDI_OFI_handle_cq_error(1059): OFI poll failed (ofi_events.c:1061:MPIDI_OFI_handle_cq_error:Input/output error - remote access error)
MPICH ERROR [Rank 19] [job id 56d46a9b-3822-41dc-b3ad-9eb393209bb1] [Fri Nov  3 04:33:56 2023] [x3003c0s37b0n0] - Abort(1716623) (rank 19 in comm 0): Fatal error in PMPI_Waitany: Other MPI error, error stack:
PMPI_Waitany(277)..............: MPI_Waitany(count=63, req_array=0x1824ca0, index=0x7ffddade1334, status=0x1) failed
PMPI_Waitany(245)..............: 
MPIDI_Progress_test(80)........: 
MPIDI_OFI_handle_cq_error(1059): OFI poll failed (ofi_events.c:1061:MPIDI_OFI_handle_cq_error:Input/output error - remote access error)

aborting job:
Fatal error in PMPI_Waitany: Other MPI error, error stack:
PMPI_Waitany(277)..............: MPI_Waitany(count=63, req_array=0x1824ca0, index=0x7ffddade1334, status=0x1) failed
PMPI_Waitany(245)..............: 
MPIDI_Progress_test(80)........: 
MPIDI_OFI_handle_cq_error(1059): OFI poll failed (ofi_events.c:1061:MPIDI_OFI_handle_cq_error:Input/output error - remote access error)
MPICH ERROR [Rank 3] [job id 56d46a9b-3822-41dc-b3ad-9eb393209bb1] [Fri Nov  3 04:33:56 2023] [x3003c0s25b0n0] - Abort(404369807) (rank 3 in comm 0): Fatal error in PMPI_Waitany: Other MPI error, error stack:
PMPI_Waitany(277)..............: MPI_Waitany(count=63, req_array=0x2683ca0, index=0x7ffdb8389d54, status=0x1) failed
PMPI_Waitany(245)..............: 
MPIDI_Progress_test(80)........: 
MPIDI_OFI_handle_cq_error(1059): OFI poll failed (ofi_events.c:1061:MPIDI_OFI_handle_cq_error:Input/output error - remote access error)

aborting job:
Fatal error in PMPI_Waitany: Other MPI error, error stack:
PMPI_Waitany(277)..............: MPI_Waitany(count=63, req_array=0x2683ca0, index=0x7ffdb8389d54, status=0x1) failed
PMPI_Waitany(245)..............: 
MPIDI_Progress_test(80)........: 
MPIDI_OFI_handle_cq_error(1059): OFI poll failed (ofi_events.c:1061:MPIDI_OFI_handle_cq_error:Input/output error - remote access error)
MPICH ERROR [Rank 27] [job id 56d46a9b-3822-41dc-b3ad-9eb393209bb1] [Fri Nov  3 04:33:56 2023] [x3003c0s7b0n0] - Abort(941240719) (rank 27 in comm 0): Fatal error in PMPI_Waitany: Other MPI error, error stack:
PMPI_Waitany(277)..............: MPI_Waitany(count=63, req_array=0x1a4eca0, index=0x7ffe2ebcd1e4, status=0x1) failed
PMPI_Waitany(245)..............: 
MPIDI_Progress_test(80)........: 
MPIDI_OFI_handle_cq_error(1059): OFI poll failed (ofi_events.c:1061:MPIDI_OFI_handle_cq_error:Input/output error - remote access error)

aborting job:
Fatal error in PMPI_Waitany: Other MPI error, error stack:
PMPI_Waitany(277)..............: MPI_Waitany(count=63, req_array=0x1a4eca0, index=0x7ffe2ebcd1e4, status=0x1) failed
PMPI_Waitany(245)..............: 
MPIDI_Progress_test(80)........: 
MPIDI_OFI_handle_cq_error(1059): OFI poll failed (ofi_events.c:1061:MPIDI_OFI_handle_cq_error:Input/output error - remote access error)
MPICH ERROR [Rank 7] [job id 56d46a9b-3822-41dc-b3ad-9eb393209bb1] [Fri Nov  3 04:33:56 2023] [x3003c0s25b1n0] - Abort(739914127) (rank 7 in comm 0): Fatal error in PMPI_Waitany: Other MPI error, error stack:
PMPI_Waitany(277)..............: MPI_Waitany(count=63, req_array=0x20fdca0, index=0x7ffdd64755d4, status=0x1) failed
PMPI_Waitany(245)..............: 
MPIDI_Progress_test(80)........: 
MPIDI_OFI_handle_cq_error(1059): OFI poll failed (ofi_events.c:1061:MPIDI_OFI_handle_cq_error:Input/output error - remote access error)

aborting job:
Fatal error in PMPI_Waitany: Other MPI error, error stack:
PMPI_Waitany(277)..............: MPI_Waitany(count=63, req_array=0x20fdca0, index=0x7ffdd64755d4, status=0x1) failed
PMPI_Waitany(245)..............: 
MPIDI_Progress_test(80)........: 
MPIDI_OFI_handle_cq_error(1059): OFI poll failed (ofi_events.c:1061:MPIDI_OFI_handle_cq_error:Input/output error - remote access error)
x3004c0s13b1n0.hsn.cm.polaris.alcf.anl.gov: rank 37 exited with code 255
