time=0.351165 0/2 /pressio/roibin/background/pressio/sz:metrics:copy_compressor_results <int32> = 1
/pressio/roibin/background/pressio/sz:metrics:errors_fatal <int32> = 1
/pressio/roibin/background/pressio/sz:pressio:abs <double> = 90
/pressio/roibin/background/pressio/sz:pressio:lossless <int32> = <empty>
/pressio/roibin/background/pressio/sz:pressio:metric <char*> = "noop"
/pressio/roibin/background/pressio/sz:pressio:pw_rel <double> = <empty>
/pressio/roibin/background/pressio/sz:pressio:rel <double> = <empty>
/pressio/roibin/background/pressio/sz:sz:abs_err_bound <double> = 90
/pressio/roibin/background/pressio/sz:sz:accelerate_pw_rel_compression <int32> = 1
/pressio/roibin/background/pressio/sz:sz:app <char*> = "SZ"
/pressio/roibin/background/pressio/sz:sz:config_file <char*> = <empty>
/pressio/roibin/background/pressio/sz:sz:config_struct <void*> = <empty>
/pressio/roibin/background/pressio/sz:sz:data_type <double> = <empty>
/pressio/roibin/background/pressio/sz:sz:error_bound_mode <int32> = 0
/pressio/roibin/background/pressio/sz:sz:error_bound_mode_str <char*> = <empty>
/pressio/roibin/background/pressio/sz:sz:exafel:bin_size <uint32> = 0
/pressio/roibin/background/pressio/sz:sz:exafel:calib_panel <data> = data{ type=byte dims={} has_data=false}
/pressio/roibin/background/pressio/sz:sz:exafel:num_peaks <uint32> = 0
/pressio/roibin/background/pressio/sz:sz:exafel:peak_size <uint32> = 0
/pressio/roibin/background/pressio/sz:sz:exafel:peaks_cols <data> = data{ type=byte dims={} has_data=false}
/pressio/roibin/background/pressio/sz:sz:exafel:peaks_rows <data> = data{ type=byte dims={} has_data=false}
/pressio/roibin/background/pressio/sz:sz:exafel:peaks_segs <data> = data{ type=byte dims={} has_data=false}
/pressio/roibin/background/pressio/sz:sz:exafel:sz_dim <uint32> = 0
/pressio/roibin/background/pressio/sz:sz:exafel:tolerance <double> = 0
/pressio/roibin/background/pressio/sz:sz:gzip_mode <int32> = 3
/pressio/roibin/background/pressio/sz:sz:lossless_compressor <int32> = 1
/pressio/roibin/background/pressio/sz:sz:max_quant_intervals <uint32> = 65536
/pressio/roibin/background/pressio/sz:sz:metric <char*> = "noop"
/pressio/roibin/background/pressio/sz:sz:pred_threshold <float> = 0.99
/pressio/roibin/background/pressio/sz:sz:prediction_mode <int32> = <empty>
/pressio/roibin/background/pressio/sz:sz:protect_value_range <int32> = 0
/pressio/roibin/background/pressio/sz:sz:psnr_err_bound <double> = 90
/pressio/roibin/background/pressio/sz:sz:pw_rel_err_bound <double> = 0.001
/pressio/roibin/background/pressio/sz:sz:quantization_intervals <uint32> = 0
/pressio/roibin/background/pressio/sz:sz:rel_err_bound <double> = 0.0001
/pressio/roibin/background/pressio/sz:sz:sample_distance <int32> = 100
/pressio/roibin/background/pressio/sz:sz:segment_size <int32> = 36
/pressio/roibin/background/pressio/sz:sz:snapshot_cmpr_step <int32> = 5
/pressio/roibin/background/pressio/sz:sz:sol_id <int32> = 101
/pressio/roibin/background/pressio/sz:sz:sz_mode <int32> = 1
/pressio/roibin/background/pressio/sz:sz:user_params <void*> = false
/pressio/roibin/background/pressio:metrics:copy_compressor_results <int32> = 1
/pressio/roibin/background/pressio:metrics:errors_fatal <int32> = 1
/pressio/roibin/background/pressio:pressio:abs <double> = 90
/pressio/roibin/background/pressio:pressio:bound_name <char*> = <empty>
/pressio/roibin/background/pressio:pressio:compressor <char*> = "sz"
/pressio/roibin/background/pressio:pressio:metric <char*> = "noop"
/pressio/roibin/background/pressio:pressio:rel <double> = <empty>
/pressio/roibin/background/pressio:pressio:reset_mode <bool> = <empty>
/pressio/roibin/background:binning:compressor <char*> = "pressio"
/pressio/roibin/background:binning:metric <char*> = "noop"
/pressio/roibin/background:binning:nthreads <uint32> = 1
/pressio/roibin/background:binning:shape <data> = data{ type=double dims={3, } has_data=[2, 2, 1, ]}
/pressio/roibin/background:metrics:copy_compressor_results <int32> = 1
/pressio/roibin/background:metrics:errors_fatal <int32> = 1
/pressio/roibin/background:pressio:metric <char*> = "noop"
/pressio/roibin/background:pressio:nthreads <uint32> = 1
/pressio/roibin/roi:fpzip:has_header <int32> = 0
/pressio/roibin/roi:fpzip:metric <char*> = "noop"
/pressio/roibin/roi:fpzip:prec <int32> = 0
/pressio/roibin/roi:metrics:copy_compressor_results <int32> = 1
/pressio/roibin/roi:metrics:errors_fatal <int32> = 1
/pressio/roibin/roi:pressio:metric <char*> = "noop"
/pressio/roibin:metrics:copy_compressor_results <int32> = 1
/pressio/roibin:metrics:errors_fatal <int32> = 1
/pressio/roibin:pressio:metric <char*> = "noop"
/pressio/roibin:pressio:nthreads <uint32> = 4
/pressio/roibin:roibin:background <char*> = "binning"
/pressio/roibin:roibin:centers <data> = data{ type=uint64_t dims={} has_data=false}
/pressio/roibin:roibin:metric <char*> = "noop"
/pressio/roibin:roibin:nthreads <uint32> = 4
/pressio/roibin:roibin:roi <char*> = "fpzip"
/pressio/roibin:roibin:roi_size <data> = data{ type=double dims={3, } has_data=[8, 8, 0, ]}
/pressio/roibin:roibin:roi_strategy <char*> = "coordinates"
/pressio:metrics:copy_compressor_results <int32> = 1
/pressio:metrics:errors_fatal <int32> = 1
/pressio:pressio:bound_name <char*> = <empty>
/pressio:pressio:compressor <char*> = "roibin"
/pressio:pressio:metric <char*> = "noop"
/pressio:pressio:reset_mode <bool> = <empty>

time=0.351225 0/2 global data_dims{130, 1480, 1552}
time=0.35123 0/2 global peakx_dims{130, 2048}
time=0.351232 0/2 global peaky_dims{130, 2048}
time=0.351234 0/2 global npeaks{130}
time=0.351238 0/2 processing 0 2
time=1.11968 0/2 processing 2 4
time=1.89326 0/2 processing 4 6
time=2.58884 0/2 processing 6 8
time=3.18359 0/2 processing 8 10
time=4.08206 0/2 processing 10 12
time=4.69409 0/2 processing 12 14
time=5.05815 0/2 processing 14 16
time=5.7501 0/2 processing 16 18
time=6.39018 0/2 processing 18 20
time=6.8981 0/2 processing 20 22
time=7.4861 0/2 processing 22 24
time=8.28608 0/2 processing 24 26
time=9.3422 0/2 processing 26 28
time=9.9821 0/2 processing 28 30
time=10.6593 0/2 processing 30 32
time=11.3383 0/2 processing 32 34
time=12.0381 0/2 processing 34 36
time=12.8581 0/2 processing 36 38
time=13.5667 0/2 processing 38 40
time=14.1381 0/2 processing 40 42
time=14.7781 0/2 processing 42 44
time=15.6022 0/2 processing 44 46
time=16.2709 0/2 processing 46 48
time=17.1741 0/2 processing 48 50
time=17.7581 0/2 processing 50 52
time=18.5341 0/2 processing 52 54
time=19.1437 0/2 processing 54 56
time=19.717 0/2 processing 56 58
time=20.3359 0/2 processing 58 60
time=20.9501 0/2 processing 60 62
time=21.6701 0/2 processing 62 64
time=22.3141 0/2 processing 64 66
time=23.0684 0/2 processing 66 68
time=23.8182 0/2 processing 68 70
time=24.3823 0/2 processing 70 72
time=25.1261 0/2 processing 72 74
time=25.9781 0/2 processing 74 76
time=26.7197 0/2 processing 76 78
time=27.3561 0/2 processing 78 80
time=28.0299 0/2 processing 80 82
time=28.6581 0/2 processing 82 84
time=29.2941 0/2 processing 84 86
time=29.8165 0/2 processing 86 88
time=30.1341 0/2 processing 88 90
time=30.9261 0/2 processing 90 92
time=31.7242 0/2 processing 92 94
time=32.6221 0/2 processing 94 96
time=33.3742 0/2 processing 96 98
time=34.1542 0/2 processing 98 100
time=34.9222 0/2 processing 100 102
time=35.5262 0/2 processing 102 104
time=36.2141 0/2 processing 104 106
time=37.2897 0/2 processing 106 108
time=38.0167 0/2 processing 108 110
time=38.7861 0/2 processing 110 112
time=39.5301 0/2 processing 112 114
time=40.2701 0/2 processing 114 116
time=40.9882 0/2 processing 116 118
time=41.5767 0/2 processing 118 120
time=42.2631 0/2 processing 120 122
time=42.8942 0/2 processing 122 124
time=43.6861 0/2 processing 124 126
time=44.4581 0/2 processing 126 128
time=45.1781 0/2 processing 128 130
global_cr=62.309
wallclock_ms=45146
compress_ms=5292
compress_bandwidth_GBps=0.225703
wallclock_bandwidth_GBps=0.0264568
