time=0.136065 0/2 /pressio/roibin/background/pressio/sz:metrics:copy_compressor_results <int32> = 1
/pressio/roibin/background/pressio/sz:metrics:errors_fatal <int32> = 1
/pressio/roibin/background/pressio/sz:pressio:abs <double> = 90
/pressio/roibin/background/pressio/sz:pressio:lossless <int32> = <empty>
/pressio/roibin/background/pressio/sz:pressio:metric <char*> = "noop"
/pressio/roibin/background/pressio/sz:pressio:pw_rel <double> = <empty>
/pressio/roibin/background/pressio/sz:pressio:rel <double> = <empty>
/pressio/roibin/background/pressio/sz:sz:abs_err_bound <double> = 90
/pressio/roibin/background/pressio/sz:sz:accelerate_pw_rel_compression <int32> = 1
/pressio/roibin/background/pressio/sz:sz:app <char*> = "SZ"
/pressio/roibin/background/pressio/sz:sz:config_file <char*> = <empty>
/pressio/roibin/background/pressio/sz:sz:config_struct <void*> = <empty>
/pressio/roibin/background/pressio/sz:sz:data_type <double> = <empty>
/pressio/roibin/background/pressio/sz:sz:error_bound_mode <int32> = 0
/pressio/roibin/background/pressio/sz:sz:error_bound_mode_str <char*> = <empty>
/pressio/roibin/background/pressio/sz:sz:exafel:bin_size <uint32> = 0
/pressio/roibin/background/pressio/sz:sz:exafel:calib_panel <data> = data{ type=byte dims={} has_data=false}
/pressio/roibin/background/pressio/sz:sz:exafel:num_peaks <uint32> = 0
/pressio/roibin/background/pressio/sz:sz:exafel:peak_size <uint32> = 0
/pressio/roibin/background/pressio/sz:sz:exafel:peaks_cols <data> = data{ type=byte dims={} has_data=false}
/pressio/roibin/background/pressio/sz:sz:exafel:peaks_rows <data> = data{ type=byte dims={} has_data=false}
/pressio/roibin/background/pressio/sz:sz:exafel:peaks_segs <data> = data{ type=byte dims={} has_data=false}
/pressio/roibin/background/pressio/sz:sz:exafel:sz_dim <uint32> = 0
/pressio/roibin/background/pressio/sz:sz:exafel:tolerance <double> = 0
/pressio/roibin/background/pressio/sz:sz:gzip_mode <int32> = 3
/pressio/roibin/background/pressio/sz:sz:lossless_compressor <int32> = 1
/pressio/roibin/background/pressio/sz:sz:max_quant_intervals <uint32> = 65536
/pressio/roibin/background/pressio/sz:sz:metric <char*> = "noop"
/pressio/roibin/background/pressio/sz:sz:pred_threshold <float> = 0.99
/pressio/roibin/background/pressio/sz:sz:prediction_mode <int32> = <empty>
/pressio/roibin/background/pressio/sz:sz:protect_value_range <int32> = 0
/pressio/roibin/background/pressio/sz:sz:psnr_err_bound <double> = 90
/pressio/roibin/background/pressio/sz:sz:pw_rel_err_bound <double> = 0.001
/pressio/roibin/background/pressio/sz:sz:quantization_intervals <uint32> = 0
/pressio/roibin/background/pressio/sz:sz:rel_err_bound <double> = 0.0001
/pressio/roibin/background/pressio/sz:sz:sample_distance <int32> = 100
/pressio/roibin/background/pressio/sz:sz:segment_size <int32> = 36
/pressio/roibin/background/pressio/sz:sz:snapshot_cmpr_step <int32> = 5
/pressio/roibin/background/pressio/sz:sz:sol_id <int32> = 101
/pressio/roibin/background/pressio/sz:sz:sz_mode <int32> = 1
/pressio/roibin/background/pressio/sz:sz:user_params <void*> = false
/pressio/roibin/background/pressio:metrics:copy_compressor_results <int32> = 1
/pressio/roibin/background/pressio:metrics:errors_fatal <int32> = 1
/pressio/roibin/background/pressio:pressio:abs <double> = 90
/pressio/roibin/background/pressio:pressio:bound_name <char*> = <empty>
/pressio/roibin/background/pressio:pressio:compressor <char*> = "sz"
/pressio/roibin/background/pressio:pressio:metric <char*> = "noop"
/pressio/roibin/background/pressio:pressio:rel <double> = <empty>
/pressio/roibin/background/pressio:pressio:reset_mode <bool> = <empty>
/pressio/roibin/background:binning:compressor <char*> = "pressio"
/pressio/roibin/background:binning:metric <char*> = "noop"
/pressio/roibin/background:binning:nthreads <uint32> = 4
/pressio/roibin/background:binning:shape <data> = data{ type=double dims={3, } has_data=[2, 2, 1, ]}
/pressio/roibin/background:metrics:copy_compressor_results <int32> = 1
/pressio/roibin/background:metrics:errors_fatal <int32> = 1
/pressio/roibin/background:pressio:metric <char*> = "noop"
/pressio/roibin/background:pressio:nthreads <uint32> = 4
/pressio/roibin/roi:fpzip:has_header <int32> = 0
/pressio/roibin/roi:fpzip:metric <char*> = "noop"
/pressio/roibin/roi:fpzip:prec <int32> = 0
/pressio/roibin/roi:metrics:copy_compressor_results <int32> = 1
/pressio/roibin/roi:metrics:errors_fatal <int32> = 1
/pressio/roibin/roi:pressio:metric <char*> = "noop"
/pressio/roibin:metrics:copy_compressor_results <int32> = 1
/pressio/roibin:metrics:errors_fatal <int32> = 1
/pressio/roibin:pressio:metric <char*> = "noop"
/pressio/roibin:pressio:nthreads <uint32> = 2
/pressio/roibin:roibin:background <char*> = "binning"
/pressio/roibin:roibin:centers <data> = data{ type=uint64_t dims={} has_data=false}
/pressio/roibin:roibin:metric <char*> = "noop"
/pressio/roibin:roibin:nthreads <uint32> = 2
/pressio/roibin:roibin:roi <char*> = "fpzip"
/pressio/roibin:roibin:roi_size <data> = data{ type=double dims={3, } has_data=[8, 8, 0, ]}
/pressio/roibin:roibin:roi_strategy <char*> = "coordinates"
/pressio:metrics:copy_compressor_results <int32> = 1
/pressio:metrics:errors_fatal <int32> = 1
/pressio:pressio:bound_name <char*> = <empty>
/pressio:pressio:compressor <char*> = "roibin"
/pressio:pressio:metric <char*> = "noop"
/pressio:pressio:reset_mode <bool> = <empty>

time=0.136138 0/2 global data_dims{130, 1480, 1552}
time=0.136144 0/2 global peakx_dims{130, 2048}
time=0.136147 0/2 global peaky_dims{130, 2048}
time=0.136149 0/2 global npeaks{130}
time=0.136153 0/2 processing 0 2
time=0.713219 0/2 processing 2 4
time=1.27209 0/2 processing 4 6
time=1.91107 0/2 processing 6 8
time=2.2314 0/2 processing 8 10
time=2.82004 0/2 processing 10 12
time=3.59386 0/2 processing 12 14
time=3.96715 0/2 processing 14 16
time=4.50474 0/2 processing 16 18
time=5.1523 0/2 processing 18 20
time=5.62707 0/2 processing 20 22
time=6.27107 0/2 processing 22 24
time=6.80861 0/2 processing 24 26
time=7.36783 0/2 processing 26 28
time=7.99251 0/2 processing 28 30
time=8.62713 0/2 processing 30 32
time=8.98783 0/2 processing 32 34
time=9.68372 0/2 processing 34 36
time=10.2124 0/2 processing 36 38
time=10.809 0/2 processing 38 40
time=11.2361 0/2 processing 40 42
time=11.7712 0/2 processing 42 44
time=12.4286 0/2 processing 44 46
time=12.9439 0/2 processing 46 48
time=13.5207 0/2 processing 48 50
time=14.0126 0/2 processing 50 52
time=14.5848 0/2 processing 52 54
time=14.9397 0/2 processing 54 56
time=15.4871 0/2 processing 56 58
time=15.8226 0/2 processing 58 60
time=16.4271 0/2 processing 60 62
time=16.9911 0/2 processing 62 64
time=17.4725 0/2 processing 64 66
time=18.0551 0/2 processing 66 68
time=18.6128 0/2 processing 68 70
time=19.2351 0/2 processing 70 72
time=19.8204 0/2 processing 72 74
time=20.4647 0/2 processing 74 76
time=21.0211 0/2 processing 76 78
time=21.6351 0/2 processing 78 80
time=22.3111 0/2 processing 80 82
time=22.7391 0/2 processing 82 84
time=23.1751 0/2 processing 84 86
time=23.4565 0/2 processing 86 88
time=23.6751 0/2 processing 88 90
time=24.1671 0/2 processing 90 92
time=24.7528 0/2 processing 92 94
time=25.1471 0/2 processing 94 96
time=25.9887 0/2 processing 96 98
time=26.6391 0/2 processing 98 100
time=27.2031 0/2 processing 100 102
time=27.8088 0/2 processing 102 104
time=28.4208 0/2 processing 104 106
time=28.8843 0/2 processing 106 108
time=29.5111 0/2 processing 108 110
time=30.1031 0/2 processing 110 112
time=30.6897 0/2 processing 112 114
time=31.4751 0/2 processing 114 116
time=32.1471 0/2 processing 116 118
time=32.6172 0/2 processing 118 120
time=32.9903 0/2 processing 120 122
time=33.6157 0/2 processing 122 124
time=34.1994 0/2 processing 124 126
time=34.5528 0/2 processing 126 128
time=34.7831 0/2 processing 128 130
global_cr=62.309
wallclock_ms=34942
compress_ms=4402
compress_bandwidth_GBps=0.271336
wallclock_bandwidth_GBps=0.0341829
