tmp_files/7260fd74-e25d-4536-8ccd-0a07cbac1ba6.sh: line 3: 121235 Segmentation fault      speed3d_r2c fftw float 1400 1400 1400 -reorder -a2av -r2c_dir 1 -ingrid 32 16 8 -outgrid 2048 2 1 -n5
tmp_files/7260fd74-e25d-4536-8ccd-0a07cbac1ba6.sh: line 3: 37406 Segmentation fault      speed3d_r2c fftw float 1400 1400 1400 -reorder -a2av -r2c_dir 1 -ingrid 32 16 8 -outgrid 2048 2 1 -n5
tmp_files/7260fd74-e25d-4536-8ccd-0a07cbac1ba6.sh: line 3: 37412 Segmentation fault      speed3d_r2c fftw float 1400 1400 1400 -reorder -a2av -r2c_dir 1 -ingrid 32 16 8 -outgrid 2048 2 1 -n5
[NID 01434] 2023-10-12 04:50:08 Apid 28864186: initiated application termination
tmp_files/7260fd74-e25d-4536-8ccd-0a07cbac1ba6.sh: line 3: 37415 Segmentation fault      speed3d_r2c fftw float 1400 1400 1400 -reorder -a2av -r2c_dir 1 -ingrid 32 16 8 -outgrid 2048 2 1 -n5
tmp_files/7260fd74-e25d-4536-8ccd-0a07cbac1ba6.sh: line 3: 37409 Segmentation fault      speed3d_r2c fftw float 1400 1400 1400 -reorder -a2av -r2c_dir 1 -ingrid 32 16 8 -outgrid 2048 2 1 -n5
tmp_files/7260fd74-e25d-4536-8ccd-0a07cbac1ba6.sh: line 3: 37414 Segmentation fault      speed3d_r2c fftw float 1400 1400 1400 -reorder -a2av -r2c_dir 1 -ingrid 32 16 8 -outgrid 2048 2 1 -n5
tmp_files/7260fd74-e25d-4536-8ccd-0a07cbac1ba6.sh: line 3: 37407 Segmentation fault      speed3d_r2c fftw float 1400 1400 1400 -reorder -a2av -r2c_dir 1 -ingrid 32 16 8 -outgrid 2048 2 1 -n5
tmp_files/7260fd74-e25d-4536-8ccd-0a07cbac1ba6.sh: line 3: 37411 Segmentation fault      speed3d_r2c fftw float 1400 1400 1400 -reorder -a2av -r2c_dir 1 -ingrid 32 16 8 -outgrid 2048 2 1 -n5
tmp_files/7260fd74-e25d-4536-8ccd-0a07cbac1ba6.sh: line 3: 37410 Segmentation fault      speed3d_r2c fftw float 1400 1400 1400 -reorder -a2av -r2c_dir 1 -ingrid 32 16 8 -outgrid 2048 2 1 -n5
tmp_files/7260fd74-e25d-4536-8ccd-0a07cbac1ba6.sh: line 3: 121239 Segmentation fault      speed3d_r2c fftw float 1400 1400 1400 -reorder -a2av -r2c_dir 1 -ingrid 32 16 8 -outgrid 2048 2 1 -n5
tmp_files/7260fd74-e25d-4536-8ccd-0a07cbac1ba6.sh: line 3: 121238 Segmentation fault      speed3d_r2c fftw float 1400 1400 1400 -reorder -a2av -r2c_dir 1 -ingrid 32 16 8 -outgrid 2048 2 1 -n5
tmp_files/7260fd74-e25d-4536-8ccd-0a07cbac1ba6.sh: line 3: 121240 Segmentation fault      speed3d_r2c fftw float 1400 1400 1400 -reorder -a2av -r2c_dir 1 -ingrid 32 16 8 -outgrid 2048 2 1 -n5
tmp_files/7260fd74-e25d-4536-8ccd-0a07cbac1ba6.sh: line 3: 121241 Segmentation fault      speed3d_r2c fftw float 1400 1400 1400 -reorder -a2av -r2c_dir 1 -ingrid 32 16 8 -outgrid 2048 2 1 -n5
tmp_files/7260fd74-e25d-4536-8ccd-0a07cbac1ba6.sh: line 3: 121236 Segmentation fault      speed3d_r2c fftw float 1400 1400 1400 -reorder -a2av -r2c_dir 1 -ingrid 32 16 8 -outgrid 2048 2 1 -n5
tmp_files/7260fd74-e25d-4536-8ccd-0a07cbac1ba6.sh: line 3: 121237 Segmentation fault      speed3d_r2c fftw float 1400 1400 1400 -reorder -a2av -r2c_dir 1 -ingrid 32 16 8 -outgrid 2048 2 1 -n5
tmp_files/7260fd74-e25d-4536-8ccd-0a07cbac1ba6.sh: line 3: 121233 Segmentation fault      speed3d_r2c fftw float 1400 1400 1400 -reorder -a2av -r2c_dir 1 -ingrid 32 16 8 -outgrid 2048 2 1 -n5
Application 28864186 exit codes: 139
Application 28864186 exit signals: Killed
Application 28864186 resources: utime ~478s, stime ~232s, Rss ~82552, inblocks ~10728, outblocks ~0
