“RANK= 1 LOCAL_RANK= 1 gpu= 2”
“RANK= 0 LOCAL_RANK= 0 gpu= 3”
“RANK= 2 LOCAL_RANK= 2 gpu= 1”
“RANK= 3 LOCAL_RANK= 3 gpu= 0”
“RANK= 4 LOCAL_RANK= 0 gpu= 3”
“RANK= 5 LOCAL_RANK= 1 gpu= 2”
“RANK= 7 LOCAL_RANK= 3 gpu= 0”
“RANK= 6 LOCAL_RANK= 2 gpu= 1”
+ '[' -z '' ']'
+ case "$-" in
Shell debugging temporarily silenced: export LMOD_SH_DBG_ON=1 for this output (/usr/share/lmod/lmod/init/bash)
+ __lmod_vx=x
+ '[' -n x ']'
+ set +x
+ '[' -z '' ']'
+ case "$-" in
+ __lmod_vx=x
+ '[' -z '' ']'
+ case "$-" in
+ __lmod_vx=x
+ '[' -n x ']'
+ set +x
Shell debugging restarted
+ unset __lmod_vx
Shell debugging temporarily silenced: export LMOD_SH_DBG_ON=1 for this output (/usr/share/lmod/lmod/init/bash)
+ '[' -n x ']'
+ set +x
Shell debugging temporarily silenced: export LMOD_SH_DBG_ON=1 for this output (/usr/share/lmod/lmod/init/bash)
Shell debugging temporarily silenced: export LMOD_SH_DBG_ON=1 for this output (/usr/share/lmod/lmod/init/bash)
+ '[' -z '' ']'
+ case "$-" in
+ __lmod_vx=x
+ '[' -n x ']'
+ set +x
Shell debugging restarted
+ unset __lmod_vx
Shell debugging restarted
+ unset __lmod_vx
+ speed3d_r2c cufft float-long 1024 1024 1024 -reorder -a2a -p2p_pl -slabs -r2c_dir 2 -ingrid 2 2 2 -no-gpu-aware -n5
+ speed3d_r2c cufft float-long 1024 1024 1024 -reorder -a2a -p2p_pl -slabs -r2c_dir 2 -ingrid 2 2 2 -no-gpu-aware -n5
+ speed3d_r2c cufft float-long 1024 1024 1024 -reorder -a2a -p2p_pl -slabs -r2c_dir 2 -ingrid 2 2 2 -no-gpu-aware -n5
Shell debugging restarted
+ unset __lmod_vx
+ speed3d_r2c cufft float-long 1024 1024 1024 -reorder -a2a -p2p_pl -slabs -r2c_dir 2 -ingrid 2 2 2 -no-gpu-aware -n5
+ '[' -z '' ']'
+ case "$-" in
+ __lmod_vx=x
Shell debugging temporarily silenced: export LMOD_SH_DBG_ON=1 for this output (/usr/share/lmod/lmod/init/bash)
+ '[' -n x ']'
+ set +x
+ '[' -z '' ']'
+ case "$-" in
+ __lmod_vx=x
+ '[' -n x ']'
+ set +x
+ '[' -z '' ']'
+ case "$-" in
+ __lmod_vx=x
+ '[' -n x ']'
+ set +x
Shell debugging temporarily silenced: export LMOD_SH_DBG_ON=1 for this output (/usr/share/lmod/lmod/init/bash)
Shell debugging temporarily silenced: export LMOD_SH_DBG_ON=1 for this output (/usr/share/lmod/lmod/init/bash)
Shell debugging restarted
+ unset __lmod_vx
Shell debugging temporarily silenced: export LMOD_SH_DBG_ON=1 for this output (/usr/share/lmod/lmod/init/bash)
+ '[' -z '' ']'
+ case "$-" in
+ __lmod_vx=x
+ '[' -n x ']'
+ set +x
Shell debugging restarted
+ unset __lmod_vx
Shell debugging restarted
+ unset __lmod_vx
Shell debugging restarted
+ unset __lmod_vx
+ speed3d_r2c cufft float-long 1024 1024 1024 -reorder -a2a -p2p_pl -slabs -r2c_dir 2 -ingrid 2 2 2 -no-gpu-aware -n5
+ speed3d_r2c cufft float-long 1024 1024 1024 -reorder -a2a -p2p_pl -slabs -r2c_dir 2 -ingrid 2 2 2 -no-gpu-aware -n5
+ speed3d_r2c cufft float-long 1024 1024 1024 -reorder -a2a -p2p_pl -slabs -r2c_dir 2 -ingrid 2 2 2 -no-gpu-aware -n5
+ speed3d_r2c cufft float-long 1024 1024 1024 -reorder -a2a -p2p_pl -slabs -r2c_dir 2 -ingrid 2 2 2 -no-gpu-aware -n5

----------------------------------------------------------------------------- 
heFFTe performance test
----------------------------------------------------------------------------- 
Backend:   cufft
Size:      1024x1024x1024
MPI ranks:    8
Grids: (2, 2, 2)  (1, 8, 1)  -  (2, 1, 4)  (2, 2, 2)  
Time per run: 0.307562 (s)
Performance:  523.671 GFlops/s
Memory usage: 4102MB/rank
Tolerance:    0.0005
Max error:    1.07884e-05

