“RANK= 5 LOCAL_RANK= 1 gpu= 2”
“RANK= 4 LOCAL_RANK= 0 gpu= 3”
“RANK= 6 LOCAL_RANK= 2 gpu= 1”
“RANK= 7 LOCAL_RANK= 3 gpu= 0”
“RANK= 1 LOCAL_RANK= 1 gpu= 2”
“RANK= 0 LOCAL_RANK= 0 gpu= 3”
“RANK= 3 LOCAL_RANK= 3 gpu= 0”
“RANK= 2 LOCAL_RANK= 2 gpu= 1”
+ '[' -z '' ']'
+ case "$-" in
+ __lmod_vx=x
Shell debugging temporarily silenced: export LMOD_SH_DBG_ON=1 for this output (/usr/share/lmod/lmod/init/bash)
+ '[' -n x ']'
+ set +x
+ '[' -z '' ']'
+ case "$-" in
+ __lmod_vx=x
+ '[' -z '' ']'
+ case "$-" in
+ __lmod_vx=x
+ '[' -z '' ']'
Shell debugging restarted
+ unset __lmod_vx
+ case "$-" in
+ __lmod_vx=x
+ '[' -n x ']'
+ set +x
Shell debugging temporarily silenced: export LMOD_SH_DBG_ON=1 for this output (/usr/share/lmod/lmod/init/bash)
Shell debugging temporarily silenced: export LMOD_SH_DBG_ON=1 for this output (/usr/share/lmod/lmod/init/bash)
+ '[' -n x ']'
+ set +x
+ '[' -z '' ']'
+ case "$-" in
Shell debugging temporarily silenced: export LMOD_SH_DBG_ON=1 for this output (/usr/share/lmod/lmod/init/bash)
Shell debugging temporarily silenced: export LMOD_SH_DBG_ON=1 for this output (/usr/share/lmod/lmod/init/bash)
+ '[' -z '' ']'
+ case "$-" in
+ __lmod_vx=x
+ '[' -n x ']'
+ set +x
+ __lmod_vx=x
+ '[' -n x ']'
+ set +x
Shell debugging temporarily silenced: export LMOD_SH_DBG_ON=1 for this output (/usr/share/lmod/lmod/init/bash)
+ '[' -z '' ']'
+ case "$-" in
+ __lmod_vx=x
+ '[' -n x ']'
+ set +x
+ '[' -n x ']'
+ set +x
+ '[' -z '' ']'
+ case "$-" in
+ __lmod_vx=x
+ '[' -n x ']'
+ set +x
Shell debugging restarted
+ unset __lmod_vx
Shell debugging restarted
+ unset __lmod_vx
+ speed3d_r2c cufft float-long 1024 1024 1024 -no-reorder -a2av -p2p_pl -slabs -r2c_dir 2 -ingrid 4 2 1 -outgrid 4 2 1 -no-gpu-aware -n5
Shell debugging temporarily silenced: export LMOD_SH_DBG_ON=1 for this output (/usr/share/lmod/lmod/init/bash)
Shell debugging restarted
+ unset __lmod_vx
Shell debugging temporarily silenced: export LMOD_SH_DBG_ON=1 for this output (/usr/share/lmod/lmod/init/bash)
Shell debugging restarted
+ unset __lmod_vx
Shell debugging restarted
+ unset __lmod_vx
+ speed3d_r2c cufft float-long 1024 1024 1024 -no-reorder -a2av -p2p_pl -slabs -r2c_dir 2 -ingrid 4 2 1 -outgrid 4 2 1 -no-gpu-aware -n5
Shell debugging restarted
+ unset __lmod_vx
+ speed3d_r2c cufft float-long 1024 1024 1024 -no-reorder -a2av -p2p_pl -slabs -r2c_dir 2 -ingrid 4 2 1 -outgrid 4 2 1 -no-gpu-aware -n5
Shell debugging restarted
+ unset __lmod_vx
+ speed3d_r2c cufft float-long 1024 1024 1024 -no-reorder -a2av -p2p_pl -slabs -r2c_dir 2 -ingrid 4 2 1 -outgrid 4 2 1 -no-gpu-aware -n5
+ speed3d_r2c cufft float-long 1024 1024 1024 -no-reorder -a2av -p2p_pl -slabs -r2c_dir 2 -ingrid 4 2 1 -outgrid 4 2 1 -no-gpu-aware -n5
+ speed3d_r2c cufft float-long 1024 1024 1024 -no-reorder -a2av -p2p_pl -slabs -r2c_dir 2 -ingrid 4 2 1 -outgrid 4 2 1 -no-gpu-aware -n5
+ speed3d_r2c cufft float-long 1024 1024 1024 -no-reorder -a2av -p2p_pl -slabs -r2c_dir 2 -ingrid 4 2 1 -outgrid 4 2 1 -no-gpu-aware -n5
+ speed3d_r2c cufft float-long 1024 1024 1024 -no-reorder -a2av -p2p_pl -slabs -r2c_dir 2 -ingrid 4 2 1 -outgrid 4 2 1 -no-gpu-aware -n5

----------------------------------------------------------------------------- 
heFFTe performance test
----------------------------------------------------------------------------- 
Backend:   cufft
Size:      1024x1024x1024
MPI ranks:    8
Grids: (4, 2, 1)  -  (1, 1, 8)  -  (4, 2, 1)  
Time per run: 0.304621 (s)
Performance:  528.727 GFlops/s
Memory usage: 3090MB/rank
Tolerance:    0.0005
Max error:    9.22009e-06

