.//tmp_files/380.sh: line 3: 75312 Segmentation fault      speed3d_r2c fftw float-long 1024 1024 1024 -no-reorder -a2a -r2c_dir 0 -ingrid 2048 1 1 -outgrid 2048 1 1 -no-gpu-aware -n5
[NID 01499] 2023-11-06 09:23:24 Apid 28966053: initiated application termination
.//tmp_files/380.sh: line 3: 74106 Segmentation fault      speed3d_r2c fftw float-long 1024 1024 1024 -no-reorder -a2a -r2c_dir 0 -ingrid 2048 1 1 -outgrid 2048 1 1 -no-gpu-aware -n5
.//tmp_files/380.sh: line 3: 74110 Segmentation fault      speed3d_r2c fftw float-long 1024 1024 1024 -no-reorder -a2a -r2c_dir 0 -ingrid 2048 1 1 -outgrid 2048 1 1 -no-gpu-aware -n5
.//tmp_files/380.sh: line 3: 74157 Segmentation fault      speed3d_r2c fftw float-long 1024 1024 1024 -no-reorder -a2a -r2c_dir 0 -ingrid 2048 1 1 -outgrid 2048 1 1 -no-gpu-aware -n5
.//tmp_files/380.sh: line 3: 74091 Segmentation fault      speed3d_r2c fftw float-long 1024 1024 1024 -no-reorder -a2a -r2c_dir 0 -ingrid 2048 1 1 -outgrid 2048 1 1 -no-gpu-aware -n5
.//tmp_files/380.sh: line 3: 75378 Segmentation fault      speed3d_r2c fftw float-long 1024 1024 1024 -no-reorder -a2a -r2c_dir 0 -ingrid 2048 1 1 -outgrid 2048 1 1 -no-gpu-aware -n5
.//tmp_files/380.sh: line 3: 75382 Segmentation fault      speed3d_r2c fftw float-long 1024 1024 1024 -no-reorder -a2a -r2c_dir 0 -ingrid 2048 1 1 -outgrid 2048 1 1 -no-gpu-aware -n5
.//tmp_files/380.sh: line 3: 75316 Segmentation fault      speed3d_r2c fftw float-long 1024 1024 1024 -no-reorder -a2a -r2c_dir 0 -ingrid 2048 1 1 -outgrid 2048 1 1 -no-gpu-aware -n5
.//tmp_files/380.sh: line 3: 75343 Segmentation fault      speed3d_r2c fftw float-long 1024 1024 1024 -no-reorder -a2a -r2c_dir 0 -ingrid 2048 1 1 -outgrid 2048 1 1 -no-gpu-aware -n5
.//tmp_files/380.sh: line 3: 75376 Segmentation fault      speed3d_r2c fftw float-long 1024 1024 1024 -no-reorder -a2a -r2c_dir 0 -ingrid 2048 1 1 -outgrid 2048 1 1 -no-gpu-aware -n5
.//tmp_files/380.sh: line 3: 75350 Segmentation fault      speed3d_r2c fftw float-long 1024 1024 1024 -no-reorder -a2a -r2c_dir 0 -ingrid 2048 1 1 -outgrid 2048 1 1 -no-gpu-aware -n5
.//tmp_files/380.sh: line 3: 75330 Segmentation fault      speed3d_r2c fftw float-long 1024 1024 1024 -no-reorder -a2a -r2c_dir 0 -ingrid 2048 1 1 -outgrid 2048 1 1 -no-gpu-aware -n5
.//tmp_files/380.sh: line 3: 74097 Segmentation fault      speed3d_r2c fftw float-long 1024 1024 1024 -no-reorder -a2a -r2c_dir 0 -ingrid 2048 1 1 -outgrid 2048 1 1 -no-gpu-aware -n5
.//tmp_files/380.sh: line 3: 74147 Segmentation fault      speed3d_r2c fftw float-long 1024 1024 1024 -no-reorder -a2a -r2c_dir 0 -ingrid 2048 1 1 -outgrid 2048 1 1 -no-gpu-aware -n5
.//tmp_files/380.sh: line 3: 74136 Segmentation fault      speed3d_r2c fftw float-long 1024 1024 1024 -no-reorder -a2a -r2c_dir 0 -ingrid 2048 1 1 -outgrid 2048 1 1 -no-gpu-aware -n5
.//tmp_files/380.sh: line 3: 74238 Segmentation fault      speed3d_r2c fftw float-long 1024 1024 1024 -no-reorder -a2a -r2c_dir 0 -ingrid 2048 1 1 -outgrid 2048 1 1 -no-gpu-aware -n5
.//tmp_files/380.sh: line 3: 74089 Segmentation fault      speed3d_r2c fftw float-long 1024 1024 1024 -no-reorder -a2a -r2c_dir 0 -ingrid 2048 1 1 -outgrid 2048 1 1 -no-gpu-aware -n5
.//tmp_files/380.sh: line 3: 75359 Segmentation fault      speed3d_r2c fftw float-long 1024 1024 1024 -no-reorder -a2a -r2c_dir 0 -ingrid 2048 1 1 -outgrid 2048 1 1 -no-gpu-aware -n5
.//tmp_files/380.sh: line 3: 75360 Segmentation fault      speed3d_r2c fftw float-long 1024 1024 1024 -no-reorder -a2a -r2c_dir 0 -ingrid 2048 1 1 -outgrid 2048 1 1 -no-gpu-aware -n5
.//tmp_files/380.sh: line 3: 75339 Segmentation fault      speed3d_r2c fftw float-long 1024 1024 1024 -no-reorder -a2a -r2c_dir 0 -ingrid 2048 1 1 -outgrid 2048 1 1 -no-gpu-aware -n5
.//tmp_files/380.sh: line 3: 75340 Segmentation fault      speed3d_r2c fftw float-long 1024 1024 1024 -no-reorder -a2a -r2c_dir 0 -ingrid 2048 1 1 -outgrid 2048 1 1 -no-gpu-aware -n5
.//tmp_files/380.sh: line 3: 75387 Segmentation fault      speed3d_r2c fftw float-long 1024 1024 1024 -no-reorder -a2a -r2c_dir 0 -ingrid 2048 1 1 -outgrid 2048 1 1 -no-gpu-aware -n5
.//tmp_files/380.sh: line 3: 75386 Segmentation fault      speed3d_r2c fftw float-long 1024 1024 1024 -no-reorder -a2a -r2c_dir 0 -ingrid 2048 1 1 -outgrid 2048 1 1 -no-gpu-aware -n5
.//tmp_files/380.sh: line 3: 75382 Segmentation fault      speed3d_r2c fftw float-long 1024 1024 1024 -no-reorder -a2a -r2c_dir 0 -ingrid 2048 1 1 -outgrid 2048 1 1 -no-gpu-aware -n5
.//tmp_files/380.sh: line 3: 74156 Segmentation fault      speed3d_r2c fftw float-long 1024 1024 1024 -no-reorder -a2a -r2c_dir 0 -ingrid 2048 1 1 -outgrid 2048 1 1 -no-gpu-aware -n5
.//tmp_files/380.sh: line 3: 74085 Segmentation fault      speed3d_r2c fftw float-long 1024 1024 1024 -no-reorder -a2a -r2c_dir 0 -ingrid 2048 1 1 -outgrid 2048 1 1 -no-gpu-aware -n5
.//tmp_files/380.sh: line 3: 74103 Segmentation fault      speed3d_r2c fftw float-long 1024 1024 1024 -no-reorder -a2a -r2c_dir 0 -ingrid 2048 1 1 -outgrid 2048 1 1 -no-gpu-aware -n5
.//tmp_files/380.sh: line 3: 74102 Segmentation fault      speed3d_r2c fftw float-long 1024 1024 1024 -no-reorder -a2a -r2c_dir 0 -ingrid 2048 1 1 -outgrid 2048 1 1 -no-gpu-aware -n5
.//tmp_files/380.sh: line 3: 74158 Segmentation fault      speed3d_r2c fftw float-long 1024 1024 1024 -no-reorder -a2a -r2c_dir 0 -ingrid 2048 1 1 -outgrid 2048 1 1 -no-gpu-aware -n5
.//tmp_files/380.sh: line 3: 75372 Segmentation fault      speed3d_r2c fftw float-long 1024 1024 1024 -no-reorder -a2a -r2c_dir 0 -ingrid 2048 1 1 -outgrid 2048 1 1 -no-gpu-aware -n5
.//tmp_files/380.sh: line 3: 75317 Segmentation fault      speed3d_r2c fftw float-long 1024 1024 1024 -no-reorder -a2a -r2c_dir 0 -ingrid 2048 1 1 -outgrid 2048 1 1 -no-gpu-aware -n5
.//tmp_files/380.sh: line 3: 75318 Segmentation fault      speed3d_r2c fftw float-long 1024 1024 1024 -no-reorder -a2a -r2c_dir 0 -ingrid 2048 1 1 -outgrid 2048 1 1 -no-gpu-aware -n5
.//tmp_files/380.sh: line 3: 75319 Segmentation fault      speed3d_r2c fftw float-long 1024 1024 1024 -no-reorder -a2a -r2c_dir 0 -ingrid 2048 1 1 -outgrid 2048 1 1 -no-gpu-aware -n5
.//tmp_files/380.sh: line 3: 75334 Segmentation fault      speed3d_r2c fftw float-long 1024 1024 1024 -no-reorder -a2a -r2c_dir 0 -ingrid 2048 1 1 -outgrid 2048 1 1 -no-gpu-aware -n5
.//tmp_files/380.sh: line 3: 75322 Segmentation fault      speed3d_r2c fftw float-long 1024 1024 1024 -no-reorder -a2a -r2c_dir 0 -ingrid 2048 1 1 -outgrid 2048 1 1 -no-gpu-aware -n5
.//tmp_files/380.sh: line 3: 75305 Segmentation fault      speed3d_r2c fftw float-long 1024 1024 1024 -no-reorder -a2a -r2c_dir 0 -ingrid 2048 1 1 -outgrid 2048 1 1 -no-gpu-aware -n5
.//tmp_files/380.sh: line 3: 75355 Segmentation fault      speed3d_r2c fftw float-long 1024 1024 1024 -no-reorder -a2a -r2c_dir 0 -ingrid 2048 1 1 -outgrid 2048 1 1 -no-gpu-aware -n5
.//tmp_files/380.sh: line 3: 75359 Segmentation fault      speed3d_r2c fftw float-long 1024 1024 1024 -no-reorder -a2a -r2c_dir 0 -ingrid 2048 1 1 -outgrid 2048 1 1 -no-gpu-aware -n5
.//tmp_files/380.sh: line 3: 75389 Segmentation fault      speed3d_r2c fftw float-long 1024 1024 1024 -no-reorder -a2a -r2c_dir 0 -ingrid 2048 1 1 -outgrid 2048 1 1 -no-gpu-aware -n5
.//tmp_files/380.sh: line 3: 74108 Segmentation fault      speed3d_r2c fftw float-long 1024 1024 1024 -no-reorder -a2a -r2c_dir 0 -ingrid 2048 1 1 -outgrid 2048 1 1 -no-gpu-aware -n5
.//tmp_files/380.sh: line 3: 74131 Segmentation fault      speed3d_r2c fftw float-long 1024 1024 1024 -no-reorder -a2a -r2c_dir 0 -ingrid 2048 1 1 -outgrid 2048 1 1 -no-gpu-aware -n5
.//tmp_files/380.sh: line 3: 74084 Segmentation fault      speed3d_r2c fftw float-long 1024 1024 1024 -no-reorder -a2a -r2c_dir 0 -ingrid 2048 1 1 -outgrid 2048 1 1 -no-gpu-aware -n5
.//tmp_files/380.sh: line 3: 74123 Segmentation fault      speed3d_r2c fftw float-long 1024 1024 1024 -no-reorder -a2a -r2c_dir 0 -ingrid 2048 1 1 -outgrid 2048 1 1 -no-gpu-aware -n5
.//tmp_files/380.sh: line 3: 74072 Segmentation fault      speed3d_r2c fftw float-long 1024 1024 1024 -no-reorder -a2a -r2c_dir 0 -ingrid 2048 1 1 -outgrid 2048 1 1 -no-gpu-aware -n5
.//tmp_files/380.sh: line 3: 74093 Segmentation fault      speed3d_r2c fftw float-long 1024 1024 1024 -no-reorder -a2a -r2c_dir 0 -ingrid 2048 1 1 -outgrid 2048 1 1 -no-gpu-aware -n5
.//tmp_files/380.sh: line 3: 74137 Segmentation fault      speed3d_r2c fftw float-long 1024 1024 1024 -no-reorder -a2a -r2c_dir 0 -ingrid 2048 1 1 -outgrid 2048 1 1 -no-gpu-aware -n5
.//tmp_files/380.sh: line 3: 74116 Segmentation fault      speed3d_r2c fftw float-long 1024 1024 1024 -no-reorder -a2a -r2c_dir 0 -ingrid 2048 1 1 -outgrid 2048 1 1 -no-gpu-aware -n5
.//tmp_files/380.sh: line 3: 74147 Segmentation fault      speed3d_r2c fftw float-long 1024 1024 1024 -no-reorder -a2a -r2c_dir 0 -ingrid 2048 1 1 -outgrid 2048 1 1 -no-gpu-aware -n5
.//tmp_files/380.sh: line 3: 74139 Segmentation fault      speed3d_r2c fftw float-long 1024 1024 1024 -no-reorder -a2a -r2c_dir 0 -ingrid 2048 1 1 -outgrid 2048 1 1 -no-gpu-aware -n5
.//tmp_files/380.sh: line 3: 74096 Segmentation fault      speed3d_r2c fftw float-long 1024 1024 1024 -no-reorder -a2a -r2c_dir 0 -ingrid 2048 1 1 -outgrid 2048 1 1 -no-gpu-aware -n5
.//tmp_files/380.sh: line 3: 74081 Segmentation fault      speed3d_r2c fftw float-long 1024 1024 1024 -no-reorder -a2a -r2c_dir 0 -ingrid 2048 1 1 -outgrid 2048 1 1 -no-gpu-aware -n5
.//tmp_files/380.sh: line 3: 74112 Segmentation fault      speed3d_r2c fftw float-long 1024 1024 1024 -no-reorder -a2a -r2c_dir 0 -ingrid 2048 1 1 -outgrid 2048 1 1 -no-gpu-aware -n5
.//tmp_files/380.sh: line 3: 74137 Segmentation fault      speed3d_r2c fftw float-long 1024 1024 1024 -no-reorder -a2a -r2c_dir 0 -ingrid 2048 1 1 -outgrid 2048 1 1 -no-gpu-aware -n5
.//tmp_files/380.sh: line 3: 75329 Segmentation fault      speed3d_r2c fftw float-long 1024 1024 1024 -no-reorder -a2a -r2c_dir 0 -ingrid 2048 1 1 -outgrid 2048 1 1 -no-gpu-aware -n5
.//tmp_files/380.sh: line 3: 75325 Segmentation fault      speed3d_r2c fftw float-long 1024 1024 1024 -no-reorder -a2a -r2c_dir 0 -ingrid 2048 1 1 -outgrid 2048 1 1 -no-gpu-aware -n5
.//tmp_files/380.sh: line 3: 75320 Segmentation fault      speed3d_r2c fftw float-long 1024 1024 1024 -no-reorder -a2a -r2c_dir 0 -ingrid 2048 1 1 -outgrid 2048 1 1 -no-gpu-aware -n5
.//tmp_files/380.sh: line 3: 75381 Segmentation fault      speed3d_r2c fftw float-long 1024 1024 1024 -no-reorder -a2a -r2c_dir 0 -ingrid 2048 1 1 -outgrid 2048 1 1 -no-gpu-aware -n5
.//tmp_files/380.sh: line 3: 75423 Segmentation fault      speed3d_r2c fftw float-long 1024 1024 1024 -no-reorder -a2a -r2c_dir 0 -ingrid 2048 1 1 -outgrid 2048 1 1 -no-gpu-aware -n5
.//tmp_files/380.sh: line 3: 75377 Segmentation fault      speed3d_r2c fftw float-long 1024 1024 1024 -no-reorder -a2a -r2c_dir 0 -ingrid 2048 1 1 -outgrid 2048 1 1 -no-gpu-aware -n5
.//tmp_files/380.sh: line 3: 75323 Segmentation fault      speed3d_r2c fftw float-long 1024 1024 1024 -no-reorder -a2a -r2c_dir 0 -ingrid 2048 1 1 -outgrid 2048 1 1 -no-gpu-aware -n5
.//tmp_files/380.sh: line 3: 74151 Segmentation fault      speed3d_r2c fftw float-long 1024 1024 1024 -no-reorder -a2a -r2c_dir 0 -ingrid 2048 1 1 -outgrid 2048 1 1 -no-gpu-aware -n5
.//tmp_files/380.sh: line 3: 74154 Segmentation fault      speed3d_r2c fftw float-long 1024 1024 1024 -no-reorder -a2a -r2c_dir 0 -ingrid 2048 1 1 -outgrid 2048 1 1 -no-gpu-aware -n5
.//tmp_files/380.sh: line 3: 74167 Segmentation fault      speed3d_r2c fftw float-long 1024 1024 1024 -no-reorder -a2a -r2c_dir 0 -ingrid 2048 1 1 -outgrid 2048 1 1 -no-gpu-aware -n5
.//tmp_files/380.sh: line 3: 74143 Segmentation fault      speed3d_r2c fftw float-long 1024 1024 1024 -no-reorder -a2a -r2c_dir 0 -ingrid 2048 1 1 -outgrid 2048 1 1 -no-gpu-aware -n5
.//tmp_files/380.sh: line 3: 74116 Segmentation fault      speed3d_r2c fftw float-long 1024 1024 1024 -no-reorder -a2a -r2c_dir 0 -ingrid 2048 1 1 -outgrid 2048 1 1 -no-gpu-aware -n5
.//tmp_files/380.sh: line 3: 74076 Segmentation fault      speed3d_r2c fftw float-long 1024 1024 1024 -no-reorder -a2a -r2c_dir 0 -ingrid 2048 1 1 -outgrid 2048 1 1 -no-gpu-aware -n5
.//tmp_files/380.sh: line 3: 74137 Segmentation fault      speed3d_r2c fftw float-long 1024 1024 1024 -no-reorder -a2a -r2c_dir 0 -ingrid 2048 1 1 -outgrid 2048 1 1 -no-gpu-aware -n5
.//tmp_files/380.sh: line 3: 74093 Segmentation fault      speed3d_r2c fftw float-long 1024 1024 1024 -no-reorder -a2a -r2c_dir 0 -ingrid 2048 1 1 -outgrid 2048 1 1 -no-gpu-aware -n5
.//tmp_files/380.sh: line 3: 74076 Segmentation fault      speed3d_r2c fftw float-long 1024 1024 1024 -no-reorder -a2a -r2c_dir 0 -ingrid 2048 1 1 -outgrid 2048 1 1 -no-gpu-aware -n5
.//tmp_files/380.sh: line 3: 74125 Segmentation fault      speed3d_r2c fftw float-long 1024 1024 1024 -no-reorder -a2a -r2c_dir 0 -ingrid 2048 1 1 -outgrid 2048 1 1 -no-gpu-aware -n5
.//tmp_files/380.sh: line 3: 74151 Segmentation fault      speed3d_r2c fftw float-long 1024 1024 1024 -no-reorder -a2a -r2c_dir 0 -ingrid 2048 1 1 -outgrid 2048 1 1 -no-gpu-aware -n5
.//tmp_files/380.sh: line 3: 75387 Segmentation fault      speed3d_r2c fftw float-long 1024 1024 1024 -no-reorder -a2a -r2c_dir 0 -ingrid 2048 1 1 -outgrid 2048 1 1 -no-gpu-aware -n5
.//tmp_files/380.sh: line 3: 75351 Segmentation fault      speed3d_r2c fftw float-long 1024 1024 1024 -no-reorder -a2a -r2c_dir 0 -ingrid 2048 1 1 -outgrid 2048 1 1 -no-gpu-aware -n5
.//tmp_files/380.sh: line 3: 75349 Segmentation fault      speed3d_r2c fftw float-long 1024 1024 1024 -no-reorder -a2a -r2c_dir 0 -ingrid 2048 1 1 -outgrid 2048 1 1 -no-gpu-aware -n5
.//tmp_files/380.sh: line 3: 75328 Segmentation fault      speed3d_r2c fftw float-long 1024 1024 1024 -no-reorder -a2a -r2c_dir 0 -ingrid 2048 1 1 -outgrid 2048 1 1 -no-gpu-aware -n5
.//tmp_files/380.sh: line 3: 75309 Segmentation fault      speed3d_r2c fftw float-long 1024 1024 1024 -no-reorder -a2a -r2c_dir 0 -ingrid 2048 1 1 -outgrid 2048 1 1 -no-gpu-aware -n5
.//tmp_files/380.sh: line 3: 75345 Segmentation fault      speed3d_r2c fftw float-long 1024 1024 1024 -no-reorder -a2a -r2c_dir 0 -ingrid 2048 1 1 -outgrid 2048 1 1 -no-gpu-aware -n5
.//tmp_files/380.sh: line 3: 75393 Segmentation fault      speed3d_r2c fftw float-long 1024 1024 1024 -no-reorder -a2a -r2c_dir 0 -ingrid 2048 1 1 -outgrid 2048 1 1 -no-gpu-aware -n5
.//tmp_files/380.sh: line 3: 75391 Segmentation fault      speed3d_r2c fftw float-long 1024 1024 1024 -no-reorder -a2a -r2c_dir 0 -ingrid 2048 1 1 -outgrid 2048 1 1 -no-gpu-aware -n5
.//tmp_files/380.sh: line 3: 75392 Segmentation fault      speed3d_r2c fftw float-long 1024 1024 1024 -no-reorder -a2a -r2c_dir 0 -ingrid 2048 1 1 -outgrid 2048 1 1 -no-gpu-aware -n5
.//tmp_files/380.sh: line 3: 75385 Segmentation fault      speed3d_r2c fftw float-long 1024 1024 1024 -no-reorder -a2a -r2c_dir 0 -ingrid 2048 1 1 -outgrid 2048 1 1 -no-gpu-aware -n5
.//tmp_files/380.sh: line 3: 75396 Segmentation fault      speed3d_r2c fftw float-long 1024 1024 1024 -no-reorder -a2a -r2c_dir 0 -ingrid 2048 1 1 -outgrid 2048 1 1 -no-gpu-aware -n5
.//tmp_files/380.sh: line 3: 75394 .//tmp_files/380.sh: line 3: 75332 Segmentation fault      speed3d_r2c fftw float-long 1024 1024 1024 -no-reorder -a2a -r2c_dir 0 -ingrid 2048 1 1 -outgrid 2048 1 1 -no-gpu-aware -n5
.//tmp_files/380.sh: line 3: 75285 Segmentation fault      speed3d_r2c fftw float-long 1024 1024 1024 -no-reorder -a2a -r2c_dir 0 -ingrid 2048 1 1 -outgrid 2048 1 1 -no-gpu-aware -n5
.//tmp_files/380.sh: line 3: 75302 Segmentation fault      speed3d_r2c fftw float-long 1024 1024 1024 -no-reorder -a2a -r2c_dir 0 -ingrid 2048 1 1 -outgrid 2048 1 1 -no-gpu-aware -n5
.//tmp_files/380.sh: line 3: 75317 Segmentation fault      speed3d_r2c fftw float-long 1024 1024 1024 -no-reorder -a2a -r2c_dir 0 -ingrid 2048 1 1 -outgrid 2048 1 1 -no-gpu-aware -n5
.//tmp_files/380.sh: line 3: 75336 Segmentation fault      speed3d_r2c fftw float-long 1024 1024 1024 -no-reorder -a2a -r2c_dir 0 -ingrid 2048 1 1 -outgrid 2048 1 1 -no-gpu-aware -n5
.//tmp_files/380.sh: line 3: 75334 Segmentation fault      speed3d_r2c fftw float-long 1024 1024 1024 -no-reorder -a2a -r2c_dir 0 -ingrid 2048 1 1 -outgrid 2048 1 1 -no-gpu-aware -n5
.//tmp_files/380.sh: line 3: 75377 Segmentation fault      speed3d_r2c fftw float-long 1024 1024 1024 -no-reorder -a2a -r2c_dir 0 -ingrid 2048 1 1 -outgrid 2048 1 1 -no-gpu-aware -n5
.//tmp_files/380.sh: line 3: 83420 Segmentation fault      speed3d_r2c fftw float-long 1024 1024 1024 -no-reorder -a2a -r2c_dir 0 -ingrid 2048 1 1 -outgrid 2048 1 1 -no-gpu-aware -n5
.//tmp_files/380.sh: line 3: 83514 Segmentation fault      speed3d_r2c fftw float-long 1024 1024 1024 -no-reorder -a2a -r2c_dir 0 -ingrid 2048 1 1 -outgrid 2048 1 1 -no-gpu-aware -n5
.//tmp_files/380.sh: line 3: 83511 Segmentation fault      speed3d_r2c fftw float-long 1024 1024 1024 -no-reorder -a2a -r2c_dir 0 -ingrid 2048 1 1 -outgrid 2048 1 1 -no-gpu-aware -n5
.//tmp_files/380.sh: line 3: 83519 Segmentation fault      speed3d_r2c fftw float-long 1024 1024 1024 -no-reorder -a2a -r2c_dir 0 -ingrid 2048 1 1 -outgrid 2048 1 1 -no-gpu-aware -n5
.//tmp_files/380.sh: line 3: 83521 Segmentation fault      speed3d_r2c fftw float-long 1024 1024 1024 -no-reorder -a2a -r2c_dir 0 -ingrid 2048 1 1 -outgrid 2048 1 1 -no-gpu-aware -n5
.//tmp_files/380.sh: line 3: 83520 Segmentation fault      speed3d_r2c fftw float-long 1024 1024 1024 -no-reorder -a2a -r2c_dir 0 -ingrid 2048 1 1 -outgrid 2048 1 1 -no-gpu-aware -n5
.//tmp_files/380.sh: line 3: 75390 Segmentation fault      speed3d_r2c fftw float-long 1024 1024 1024 -no-reorder -a2a -r2c_dir 0 -ingrid 2048 1 1 -outgrid 2048 1 1 -no-gpu-aware -n5
.//tmp_files/380.sh: line 3: 75394 Segmentation fault      speed3d_r2c fftw float-long 1024 1024 1024 -no-reorder -a2a -r2c_dir 0 -ingrid 2048 1 1 -outgrid 2048 1 1 -no-gpu-aware -n5
.//tmp_files/380.sh: line 3: 75436 Segmentation fault      speed3d_r2c fftw float-long 1024 1024 1024 -no-reorder -a2a -r2c_dir 0 -ingrid 2048 1 1 -outgrid 2048 1 1 -no-gpu-aware -n5
.//tmp_files/380.sh: line 3: 75360 Segmentation fault      speed3d_r2c fftw float-long 1024 1024 1024 -no-reorder -a2a -r2c_dir 0 -ingrid 2048 1 1 -outgrid 2048 1 1 -no-gpu-aware -n5
Segmentation fault      speed3d_r2c fftw float-long 1024 1024 1024 -no-reorder -a2a -r2c_dir 0 -ingrid 2048 1 1 -outgrid 2048 1 1 -no-gpu-aware -n5
.//tmp_files/380.sh: line 3: 75338 Segmentation fault      speed3d_r2c fftw float-long 1024 1024 1024 -no-reorder -a2a -r2c_dir 0 -ingrid 2048 1 1 -outgrid 2048 1 1 -no-gpu-aware -n5
.//tmp_files/380.sh: line 3: 75314 Segmentation fault      speed3d_r2c fftw float-long 1024 1024 1024 -no-reorder -a2a -r2c_dir 0 -ingrid 2048 1 1 -outgrid 2048 1 1 -no-gpu-aware -n5
.//tmp_files/380.sh: line 3: 75315 Segmentation fault      speed3d_r2c fftw float-long 1024 1024 1024 -no-reorder -a2a -r2c_dir 0 -ingrid 2048 1 1 -outgrid 2048 1 1 -no-gpu-aware -n5
.//tmp_files/380.sh: line 3: 75390 Segmentation fault      speed3d_r2c fftw float-long 1024 1024 1024 -no-reorder -a2a -r2c_dir 0 -ingrid 2048 1 1 -outgrid 2048 1 1 -no-gpu-aware -n5
.//tmp_files/380.sh: line 3: 75376 Segmentation fault      speed3d_r2c fftw float-long 1024 1024 1024 -no-reorder -a2a -r2c_dir 0 -ingrid 2048 1 1 -outgrid 2048 1 1 -no-gpu-aware -n5
.//tmp_files/380.sh: line 3: 75375 Segmentation fault      speed3d_r2c fftw float-long 1024 1024 1024 -no-reorder -a2a -r2c_dir 0 -ingrid 2048 1 1 -outgrid 2048 1 1 -no-gpu-aware -n5
.//tmp_files/380.sh: line 3: 75340 Segmentation fault      speed3d_r2c fftw float-long 1024 1024 1024 -no-reorder -a2a -r2c_dir 0 -ingrid 2048 1 1 -outgrid 2048 1 1 -no-gpu-aware -n5
.//tmp_files/380.sh: line 3: 75358 Segmentation fault      speed3d_r2c fftw float-long 1024 1024 1024 -no-reorder -a2a -r2c_dir 0 -ingrid 2048 1 1 -outgrid 2048 1 1 -no-gpu-aware -n5
.//tmp_files/380.sh: line 3: 75356 Segmentation fault      speed3d_r2c fftw float-long 1024 1024 1024 -no-reorder -a2a -r2c_dir 0 -ingrid 2048 1 1 -outgrid 2048 1 1 -no-gpu-aware -n5
.//tmp_files/380.sh: line 3: 75379 Segmentation fault      speed3d_r2c fftw float-long 1024 1024 1024 -no-reorder -a2a -r2c_dir 0 -ingrid 2048 1 1 -outgrid 2048 1 1 -no-gpu-aware -n5
.//tmp_files/380.sh: line 3: 74131 Segmentation fault      speed3d_r2c fftw float-long 1024 1024 1024 -no-reorder -a2a -r2c_dir 0 -ingrid 2048 1 1 -outgrid 2048 1 1 -no-gpu-aware -n5
.//tmp_files/380.sh: line 3: 74202 Segmentation fault      speed3d_r2c fftw float-long 1024 1024 1024 -no-reorder -a2a -r2c_dir 0 -ingrid 2048 1 1 -outgrid 2048 1 1 -no-gpu-aware -n5
.//tmp_files/380.sh: line 3: 74127 Segmentation fault      speed3d_r2c fftw float-long 1024 1024 1024 -no-reorder -a2a -r2c_dir 0 -ingrid 2048 1 1 -outgrid 2048 1 1 -no-gpu-aware -n5
.//tmp_files/380.sh: line 3: 74122 Segmentation fault      speed3d_r2c fftw float-long 1024 1024 1024 -no-reorder -a2a -r2c_dir 0 -ingrid 2048 1 1 -outgrid 2048 1 1 -no-gpu-aware -n5
.//tmp_files/380.sh: line 3: 74119 Segmentation fault      speed3d_r2c fftw float-long 1024 1024 1024 -no-reorder -a2a -r2c_dir 0 -ingrid 2048 1 1 -outgrid 2048 1 1 -no-gpu-aware -n5
.//tmp_files/380.sh: line 3: 74075 Segmentation fault      speed3d_r2c fftw float-long 1024 1024 1024 -no-reorder -a2a -r2c_dir 0 -ingrid 2048 1 1 -outgrid 2048 1 1 -no-gpu-aware -n5
.//tmp_files/380.sh: line 3: 74135 Segmentation fault      speed3d_r2c fftw float-long 1024 1024 1024 -no-reorder -a2a -r2c_dir 0 -ingrid 2048 1 1 -outgrid 2048 1 1 -no-gpu-aware -n5
.//tmp_files/380.sh: line 3: 74088 Segmentation fault      speed3d_r2c fftw float-long 1024 1024 1024 -no-reorder -a2a -r2c_dir 0 -ingrid 2048 1 1 -outgrid 2048 1 1 -no-gpu-aware -n5
.//tmp_files/380.sh: line 3: 74086 Segmentation fault      speed3d_r2c fftw float-long 1024 1024 1024 -no-reorder -a2a -r2c_dir 0 -ingrid 2048 1 1 -outgrid 2048 1 1 -no-gpu-aware -n5
.//tmp_files/380.sh: line 3: 74078 Segmentation fault      speed3d_r2c fftw float-long 1024 1024 1024 -no-reorder -a2a -r2c_dir 0 -ingrid 2048 1 1 -outgrid 2048 1 1 -no-gpu-aware -n5
.//tmp_files/380.sh: line 3: 74146 Segmentation fault      speed3d_r2c fftw float-long 1024 1024 1024 -no-reorder -a2a -r2c_dir 0 -ingrid 2048 1 1 -outgrid 2048 1 1 -no-gpu-aware -n5
.//tmp_files/380.sh: line 3: 74143 Segmentation fault      speed3d_r2c fftw float-long 1024 1024 1024 -no-reorder -a2a -r2c_dir 0 -ingrid 2048 1 1 -outgrid 2048 1 1 -no-gpu-aware -n5
.//tmp_files/380.sh: line 3: 74177 Segmentation fault      speed3d_r2c fftw float-long 1024 1024 1024 -no-reorder -a2a -r2c_dir 0 -ingrid 2048 1 1 -outgrid 2048 1 1 -no-gpu-aware -n5
.//tmp_files/380.sh: line 3: 74173 Segmentation fault      speed3d_r2c fftw float-long 1024 1024 1024 -no-reorder -a2a -r2c_dir 0 -ingrid 2048 1 1 -outgrid 2048 1 1 -no-gpu-aware -n5
.//tmp_files/380.sh: line 3: 74114 Segmentation fault      speed3d_r2c fftw float-long 1024 1024 1024 -no-reorder -a2a -r2c_dir 0 -ingrid 2048 1 1 -outgrid 2048 1 1 -no-gpu-aware -n5
.//tmp_files/380.sh: line 3: 74073 Segmentation fault      speed3d_r2c fftw float-long 1024 1024 1024 -no-reorder -a2a -r2c_dir 0 -ingrid 2048 1 1 -outgrid 2048 1 1 -no-gpu-aware -n5
.//tmp_files/380.sh: line 3: 74104 Segmentation fault      speed3d_r2c fftw float-long 1024 1024 1024 -no-reorder -a2a -r2c_dir 0 -ingrid 2048 1 1 -outgrid 2048 1 1 -no-gpu-aware -n5
.//tmp_files/380.sh: line 3: 74191 Segmentation fault      speed3d_r2c fftw float-long 1024 1024 1024 -no-reorder -a2a -r2c_dir 0 -ingrid 2048 1 1 -outgrid 2048 1 1 -no-gpu-aware -n5
.//tmp_files/380.sh: line 3: 75359 Segmentation fault      speed3d_r2c fftw float-long 1024 1024 1024 -no-reorder -a2a -r2c_dir 0 -ingrid 2048 1 1 -outgrid 2048 1 1 -no-gpu-aware -n5
.//tmp_files/380.sh: line 3: 75369 Segmentation fault      speed3d_r2c fftw float-long 1024 1024 1024 -no-reorder -a2a -r2c_dir 0 -ingrid 2048 1 1 -outgrid 2048 1 1 -no-gpu-aware -n5
.//tmp_files/380.sh: line 3: 75362 Segmentation fault      speed3d_r2c fftw float-long 1024 1024 1024 -no-reorder -a2a -r2c_dir 0 -ingrid 2048 1 1 -outgrid 2048 1 1 -no-gpu-aware -n5
.//tmp_files/380.sh: line 3: 75364 Segmentation fault      speed3d_r2c fftw float-long 1024 1024 1024 -no-reorder -a2a -r2c_dir 0 -ingrid 2048 1 1 -outgrid 2048 1 1 -no-gpu-aware -n5
.//tmp_files/380.sh: line 3: 75380 Segmentation fault      speed3d_r2c fftw float-long 1024 1024 1024 -no-reorder -a2a -r2c_dir 0 -ingrid 2048 1 1 -outgrid 2048 1 1 -no-gpu-aware -n5
.//tmp_files/380.sh: line 3: 75370 Segmentation fault      speed3d_r2c fftw float-long 1024 1024 1024 -no-reorder -a2a -r2c_dir 0 -ingrid 2048 1 1 -outgrid 2048 1 1 -no-gpu-aware -n5
.//tmp_files/380.sh: line 3: 75374 Segmentation fault      speed3d_r2c fftw float-long 1024 1024 1024 -no-reorder -a2a -r2c_dir 0 -ingrid 2048 1 1 -outgrid 2048 1 1 -no-gpu-aware -n5
.//tmp_files/380.sh: line 3: 75379 Segmentation fault      speed3d_r2c fftw float-long 1024 1024 1024 -no-reorder -a2a -r2c_dir 0 -ingrid 2048 1 1 -outgrid 2048 1 1 -no-gpu-aware -n5
.//tmp_files/380.sh: line 3: 75378 Segmentation fault      speed3d_r2c fftw float-long 1024 1024 1024 -no-reorder -a2a -r2c_dir 0 -ingrid 2048 1 1 -outgrid 2048 1 1 -no-gpu-aware -n5
.//tmp_files/380.sh: line 3: 75372 Segmentation fault      speed3d_r2c fftw float-long 1024 1024 1024 -no-reorder -a2a -r2c_dir 0 -ingrid 2048 1 1 -outgrid 2048 1 1 -no-gpu-aware -n5
.//tmp_files/380.sh: line 3: 75366 Segmentation fault      speed3d_r2c fftw float-long 1024 1024 1024 -no-reorder -a2a -r2c_dir 0 -ingrid 2048 1 1 -outgrid 2048 1 1 -no-gpu-aware -n5
.//tmp_files/380.sh: line 3: 75368 .//tmp_files/380.sh: line 3: 75368 Segmentation fault      speed3d_r2c fftw float-long 1024 1024 1024 -no-reorder -a2a -r2c_dir 0 -ingrid 2048 1 1 -outgrid 2048 1 1 -no-gpu-aware -n5
.//tmp_files/380.sh: line 3: 83439 Segmentation fault      speed3d_r2c fftw float-long 1024 1024 1024 -no-reorder -a2a -r2c_dir 0 -ingrid 2048 1 1 -outgrid 2048 1 1 -no-gpu-aware -n5
Segmentation fault      speed3d_r2c fftw float-long 1024 1024 1024 -no-reorder -a2a -r2c_dir 0 -ingrid 2048 1 1 -outgrid 2048 1 1 -no-gpu-aware -n5
.//tmp_files/380.sh: line 3: 74133 Segmentation fault      speed3d_r2c fftw float-long 1024 1024 1024 -no-reorder -a2a -r2c_dir 0 -ingrid 2048 1 1 -outgrid 2048 1 1 -no-gpu-aware -n5
.//tmp_files/380.sh: line 3: 74144 Segmentation fault      speed3d_r2c fftw float-long 1024 1024 1024 -no-reorder -a2a -r2c_dir 0 -ingrid 2048 1 1 -outgrid 2048 1 1 -no-gpu-aware -n5
Application 28966053 exit codes: 139
Application 28966053 exit signals: Killed
Application 28966053 resources: utime ~725s, stime ~180s, Rss ~85592, inblocks ~266582, outblocks ~0
