.//tmp_files/7359.sh: line 3: 80186 Segmentation fault      speed3d_r2c fftw float-long 1024 1024 1024 -reorder -pencils -r2c_dir 0 -ingrid 2048 1 1 -outgrid 2048 1 1 -no-gpu-aware -n5
[NID 01500] 2023-11-06 09:34:19 Apid 28966180: initiated application termination
.//tmp_files/7359.sh: line 3: 81399 Segmentation fault      speed3d_r2c fftw float-long 1024 1024 1024 -reorder -pencils -r2c_dir 0 -ingrid 2048 1 1 -outgrid 2048 1 1 -no-gpu-aware -n5
.//tmp_files/7359.sh: line 3: 81377 Segmentation fault      speed3d_r2c fftw float-long 1024 1024 1024 -reorder -pencils -r2c_dir 0 -ingrid 2048 1 1 -outgrid 2048 1 1 -no-gpu-aware -n5
.//tmp_files/7359.sh: line 3: 81378 Segmentation fault      speed3d_r2c fftw float-long 1024 1024 1024 -reorder -pencils -r2c_dir 0 -ingrid 2048 1 1 -outgrid 2048 1 1 -no-gpu-aware -n5
.//tmp_files/7359.sh: line 3: 80291 Segmentation fault      speed3d_r2c fftw float-long 1024 1024 1024 -reorder -pencils -r2c_dir 0 -ingrid 2048 1 1 -outgrid 2048 1 1 -no-gpu-aware -n5
.//tmp_files/7359.sh: line 3: 80208 Segmentation fault      speed3d_r2c fftw float-long 1024 1024 1024 -reorder -pencils -r2c_dir 0 -ingrid 2048 1 1 -outgrid 2048 1 1 -no-gpu-aware -n5
.//tmp_files/7359.sh: line 3: 81391 Segmentation fault      speed3d_r2c fftw float-long 1024 1024 1024 -reorder -pencils -r2c_dir 0 -ingrid 2048 1 1 -outgrid 2048 1 1 -no-gpu-aware -n5
.//tmp_files/7359.sh: line 3: 80187 Segmentation fault      speed3d_r2c fftw float-long 1024 1024 1024 -reorder -pencils -r2c_dir 0 -ingrid 2048 1 1 -outgrid 2048 1 1 -no-gpu-aware -n5
.//tmp_files/7359.sh: line 3: 81417 Segmentation fault      speed3d_r2c fftw float-long 1024 1024 1024 -reorder -pencils -r2c_dir 0 -ingrid 2048 1 1 -outgrid 2048 1 1 -no-gpu-aware -n5
.//tmp_files/7359.sh: line 3: 81474 Segmentation fault      speed3d_r2c fftw float-long 1024 1024 1024 -reorder -pencils -r2c_dir 0 -ingrid 2048 1 1 -outgrid 2048 1 1 -no-gpu-aware -n5
.//tmp_files/7359.sh: line 3: 81404 Segmentation fault      speed3d_r2c fftw float-long 1024 1024 1024 -reorder -pencils -r2c_dir 0 -ingrid 2048 1 1 -outgrid 2048 1 1 -no-gpu-aware -n5
.//tmp_files/7359.sh: line 3: 80181 Segmentation fault      speed3d_r2c fftw float-long 1024 1024 1024 -reorder -pencils -r2c_dir 0 -ingrid 2048 1 1 -outgrid 2048 1 1 -no-gpu-aware -n5
.//tmp_files/7359.sh: line 3: 80201 Segmentation fault      speed3d_r2c fftw float-long 1024 1024 1024 -reorder -pencils -r2c_dir 0 -ingrid 2048 1 1 -outgrid 2048 1 1 -no-gpu-aware -n5
.//tmp_files/7359.sh: line 3: 80171 Segmentation fault      speed3d_r2c fftw float-long 1024 1024 1024 -reorder -pencils -r2c_dir 0 -ingrid 2048 1 1 -outgrid 2048 1 1 -no-gpu-aware -n5
.//tmp_files/7359.sh: line 3: 80217 Segmentation fault      speed3d_r2c fftw float-long 1024 1024 1024 -reorder -pencils -r2c_dir 0 -ingrid 2048 1 1 -outgrid 2048 1 1 -no-gpu-aware -n5
.//tmp_files/7359.sh: line 3: 80224 Segmentation fault      speed3d_r2c fftw float-long 1024 1024 1024 -reorder -pencils -r2c_dir 0 -ingrid 2048 1 1 -outgrid 2048 1 1 -no-gpu-aware -n5
.//tmp_files/7359.sh: line 3: 81396 Segmentation fault      speed3d_r2c fftw float-long 1024 1024 1024 -reorder -pencils -r2c_dir 0 -ingrid 2048 1 1 -outgrid 2048 1 1 -no-gpu-aware -n5
.//tmp_files/7359.sh: line 3: 81460 Segmentation fault      speed3d_r2c fftw float-long 1024 1024 1024 -reorder -pencils -r2c_dir 0 -ingrid 2048 1 1 -outgrid 2048 1 1 -no-gpu-aware -n5
.//tmp_files/7359.sh: line 3: 81426 Segmentation fault      speed3d_r2c fftw float-long 1024 1024 1024 -reorder -pencils -r2c_dir 0 -ingrid 2048 1 1 -outgrid 2048 1 1 -no-gpu-aware -n5
.//tmp_files/7359.sh: line 3: 81470 Segmentation fault      speed3d_r2c fftw float-long 1024 1024 1024 -reorder -pencils -r2c_dir 0 -ingrid 2048 1 1 -outgrid 2048 1 1 -no-gpu-aware -n5
.//tmp_files/7359.sh: line 3: 81446 Segmentation fault      speed3d_r2c fftw float-long 1024 1024 1024 -reorder -pencils -r2c_dir 0 -ingrid 2048 1 1 -outgrid 2048 1 1 -no-gpu-aware -n5
.//tmp_files/7359.sh: line 3: 81407 Segmentation fault      speed3d_r2c fftw float-long 1024 1024 1024 -reorder -pencils -r2c_dir 0 -ingrid 2048 1 1 -outgrid 2048 1 1 -no-gpu-aware -n5
.//tmp_files/7359.sh: line 3: 80201 Segmentation fault      speed3d_r2c fftw float-long 1024 1024 1024 -reorder -pencils -r2c_dir 0 -ingrid 2048 1 1 -outgrid 2048 1 1 -no-gpu-aware -n5
.//tmp_files/7359.sh: line 3: 80206 Segmentation fault      speed3d_r2c fftw float-long 1024 1024 1024 -reorder -pencils -r2c_dir 0 -ingrid 2048 1 1 -outgrid 2048 1 1 -no-gpu-aware -n5
.//tmp_files/7359.sh: line 3: 80193 Segmentation fault      speed3d_r2c fftw float-long 1024 1024 1024 -reorder -pencils -r2c_dir 0 -ingrid 2048 1 1 -outgrid 2048 1 1 -no-gpu-aware -n5
.//tmp_files/7359.sh: line 3: 81415 Segmentation fault      speed3d_r2c fftw float-long 1024 1024 1024 -reorder -pencils -r2c_dir 0 -ingrid 2048 1 1 -outgrid 2048 1 1 -no-gpu-aware -n5
.//tmp_files/7359.sh: line 3: 80199 Segmentation fault      speed3d_r2c fftw float-long 1024 1024 1024 -reorder -pencils -r2c_dir 0 -ingrid 2048 1 1 -outgrid 2048 1 1 -no-gpu-aware -n5
.//tmp_files/7359.sh: line 3: 80203 Segmentation fault      speed3d_r2c fftw float-long 1024 1024 1024 -reorder -pencils -r2c_dir 0 -ingrid 2048 1 1 -outgrid 2048 1 1 -no-gpu-aware -n5
.//tmp_files/7359.sh: line 3: 80260 Segmentation fault      speed3d_r2c fftw float-long 1024 1024 1024 -reorder -pencils -r2c_dir 0 -ingrid 2048 1 1 -outgrid 2048 1 1 -no-gpu-aware -n5
.//tmp_files/7359.sh: line 3: 80210 Segmentation fault      speed3d_r2c fftw float-long 1024 1024 1024 -reorder -pencils -r2c_dir 0 -ingrid 2048 1 1 -outgrid 2048 1 1 -no-gpu-aware -n5
.//tmp_files/7359.sh: line 3: 80205 Segmentation fault      speed3d_r2c fftw float-long 1024 1024 1024 -reorder -pencils -r2c_dir 0 -ingrid 2048 1 1 -outgrid 2048 1 1 -no-gpu-aware -n5
.//tmp_files/7359.sh: line 3: 80254 Segmentation fault      speed3d_r2c fftw float-long 1024 1024 1024 -reorder -pencils -r2c_dir 0 -ingrid 2048 1 1 -outgrid 2048 1 1 -no-gpu-aware -n5
.//tmp_files/7359.sh: line 3: 80230 Segmentation fault      speed3d_r2c fftw float-long 1024 1024 1024 -reorder -pencils -r2c_dir 0 -ingrid 2048 1 1 -outgrid 2048 1 1 -no-gpu-aware -n5
.//tmp_files/7359.sh: line 3: 81467 Segmentation fault      speed3d_r2c fftw float-long 1024 1024 1024 -reorder -pencils -r2c_dir 0 -ingrid 2048 1 1 -outgrid 2048 1 1 -no-gpu-aware -n5
.//tmp_files/7359.sh: line 3: 81399 Segmentation fault      speed3d_r2c fftw float-long 1024 1024 1024 -reorder -pencils -r2c_dir 0 -ingrid 2048 1 1 -outgrid 2048 1 1 -no-gpu-aware -n5
.//tmp_files/7359.sh: line 3: 81417 Segmentation fault      speed3d_r2c fftw float-long 1024 1024 1024 -reorder -pencils -r2c_dir 0 -ingrid 2048 1 1 -outgrid 2048 1 1 -no-gpu-aware -n5
.//tmp_files/7359.sh: line 3: 81383 Segmentation fault      speed3d_r2c fftw float-long 1024 1024 1024 -reorder -pencils -r2c_dir 0 -ingrid 2048 1 1 -outgrid 2048 1 1 -no-gpu-aware -n5
.//tmp_files/7359.sh: line 3: 81451 Segmentation fault      speed3d_r2c fftw float-long 1024 1024 1024 -reorder -pencils -r2c_dir 0 -ingrid 2048 1 1 -outgrid 2048 1 1 -no-gpu-aware -n5
.//tmp_files/7359.sh: line 3: 81425 Segmentation fault      speed3d_r2c fftw float-long 1024 1024 1024 -reorder -pencils -r2c_dir 0 -ingrid 2048 1 1 -outgrid 2048 1 1 -no-gpu-aware -n5
.//tmp_files/7359.sh: line 3: 81427 Segmentation fault      speed3d_r2c fftw float-long 1024 1024 1024 -reorder -pencils -r2c_dir 0 -ingrid 2048 1 1 -outgrid 2048 1 1 -no-gpu-aware -n5
.//tmp_files/7359.sh: line 3: 81386 Segmentation fault      speed3d_r2c fftw float-long 1024 1024 1024 -reorder -pencils -r2c_dir 0 -ingrid 2048 1 1 -outgrid 2048 1 1 -no-gpu-aware -n5
.//tmp_files/7359.sh: line 3: 81407 Segmentation fault      speed3d_r2c fftw float-long 1024 1024 1024 -reorder -pencils -r2c_dir 0 -ingrid 2048 1 1 -outgrid 2048 1 1 -no-gpu-aware -n5
.//tmp_files/7359.sh: line 3: 81460 Segmentation fault      speed3d_r2c fftw float-long 1024 1024 1024 -reorder -pencils -r2c_dir 0 -ingrid 2048 1 1 -outgrid 2048 1 1 -no-gpu-aware -n5
.//tmp_files/7359.sh: line 3: 81404 Segmentation fault      speed3d_r2c fftw float-long 1024 1024 1024 -reorder -pencils -r2c_dir 0 -ingrid 2048 1 1 -outgrid 2048 1 1 -no-gpu-aware -n5
.//tmp_files/7359.sh: line 3: 81396 Segmentation fault      speed3d_r2c fftw float-long 1024 1024 1024 -reorder -pencils -r2c_dir 0 -ingrid 2048 1 1 -outgrid 2048 1 1 -no-gpu-aware -n5
.//tmp_files/7359.sh: line 3: 81393 Segmentation fault      speed3d_r2c fftw float-long 1024 1024 1024 -reorder -pencils -r2c_dir 0 -ingrid 2048 1 1 -outgrid 2048 1 1 -no-gpu-aware -n5
.//tmp_files/7359.sh: line 3: 81415 Segmentation fault      speed3d_r2c fftw float-long 1024 1024 1024 -reorder -pencils -r2c_dir 0 -ingrid 2048 1 1 -outgrid 2048 1 1 -no-gpu-aware -n5
.//tmp_files/7359.sh: line 3: 81390 Segmentation fault      speed3d_r2c fftw float-long 1024 1024 1024 -reorder -pencils -r2c_dir 0 -ingrid 2048 1 1 -outgrid 2048 1 1 -no-gpu-aware -n5
.//tmp_files/7359.sh: line 3: 81409 Segmentation fault      speed3d_r2c fftw float-long 1024 1024 1024 -reorder -pencils -r2c_dir 0 -ingrid 2048 1 1 -outgrid 2048 1 1 -no-gpu-aware -n5
.//tmp_files/7359.sh: line 3: 81459 Segmentation fault      speed3d_r2c fftw float-long 1024 1024 1024 -reorder -pencils -r2c_dir 0 -ingrid 2048 1 1 -outgrid 2048 1 1 -no-gpu-aware -n5
.//tmp_files/7359.sh: line 3: 81422 Segmentation fault      speed3d_r2c fftw float-long 1024 1024 1024 -reorder -pencils -r2c_dir 0 -ingrid 2048 1 1 -outgrid 2048 1 1 -no-gpu-aware -n5
.//tmp_files/7359.sh: line 3: 81348 Segmentation fault      speed3d_r2c fftw float-long 1024 1024 1024 -reorder -pencils -r2c_dir 0 -ingrid 2048 1 1 -outgrid 2048 1 1 -no-gpu-aware -n5
.//tmp_files/7359.sh: line 3: 81426 Segmentation fault      speed3d_r2c fftw float-long 1024 1024 1024 -reorder -pencils -r2c_dir 0 -ingrid 2048 1 1 -outgrid 2048 1 1 -no-gpu-aware -n5
.//tmp_files/7359.sh: line 3: 81452 Segmentation fault      speed3d_r2c fftw float-long 1024 1024 1024 -reorder -pencils -r2c_dir 0 -ingrid 2048 1 1 -outgrid 2048 1 1 -no-gpu-aware -n5
.//tmp_files/7359.sh: line 3: 81400 Segmentation fault      speed3d_r2c fftw float-long 1024 1024 1024 -reorder -pencils -r2c_dir 0 -ingrid 2048 1 1 -outgrid 2048 1 1 -no-gpu-aware -n5
.//tmp_files/7359.sh: line 3: 81455 Segmentation fault      speed3d_r2c fftw float-long 1024 1024 1024 -reorder -pencils -r2c_dir 0 -ingrid 2048 1 1 -outgrid 2048 1 1 -no-gpu-aware -n5
.//tmp_files/7359.sh: line 3: 81429 Segmentation fault      speed3d_r2c fftw float-long 1024 1024 1024 -reorder -pencils -r2c_dir 0 -ingrid 2048 1 1 -outgrid 2048 1 1 -no-gpu-aware -n5
.//tmp_files/7359.sh: line 3: 81435 Segmentation fault      speed3d_r2c fftw float-long 1024 1024 1024 -reorder -pencils -r2c_dir 0 -ingrid 2048 1 1 -outgrid 2048 1 1 -no-gpu-aware -n5
.//tmp_files/7359.sh: line 3: 81384 Segmentation fault      speed3d_r2c fftw float-long 1024 1024 1024 -reorder -pencils -r2c_dir 0 -ingrid 2048 1 1 -outgrid 2048 1 1 -no-gpu-aware -n5
.//tmp_files/7359.sh: line 3: 81457 Segmentation fault      speed3d_r2c fftw float-long 1024 1024 1024 -reorder -pencils -r2c_dir 0 -ingrid 2048 1 1 -outgrid 2048 1 1 -no-gpu-aware -n5
.//tmp_files/7359.sh: line 3: 81456 Segmentation fault      speed3d_r2c fftw float-long 1024 1024 1024 -reorder -pencils -r2c_dir 0 -ingrid 2048 1 1 -outgrid 2048 1 1 -no-gpu-aware -n5
.//tmp_files/7359.sh: line 3: 81411 Segmentation fault      speed3d_r2c fftw float-long 1024 1024 1024 -reorder -pencils -r2c_dir 0 -ingrid 2048 1 1 -outgrid 2048 1 1 -no-gpu-aware -n5
.//tmp_files/7359.sh: line 3: 81420 Segmentation fault      speed3d_r2c fftw float-long 1024 1024 1024 -reorder -pencils -r2c_dir 0 -ingrid 2048 1 1 -outgrid 2048 1 1 -no-gpu-aware -n5
.//tmp_files/7359.sh: line 3: 81421 Segmentation fault      speed3d_r2c fftw float-long 1024 1024 1024 -reorder -pencils -r2c_dir 0 -ingrid 2048 1 1 -outgrid 2048 1 1 -no-gpu-aware -n5
.//tmp_files/7359.sh: line 3: 81448 Segmentation fault      speed3d_r2c fftw float-long 1024 1024 1024 -reorder -pencils -r2c_dir 0 -ingrid 2048 1 1 -outgrid 2048 1 1 -no-gpu-aware -n5
.//tmp_files/.//tmp_files/7359.sh: line 3: 80214 Segmentation fault      speed3d_r2c fftw float-long 1024 1024 1024 -reorder -pencils -r2c_dir 0 -ingrid 2048 1 1 -outgrid 2048 1 1 -no-gpu-aware -n5
.//tmp_files/7359.sh: line 3: 80207 Segmentation fault      speed3d_r2c fftw float-long 1024 1024 1024 -reorder -pencils -r2c_dir 0 -ingrid 2048 1 1 -outgrid 2048 1 1 -no-gpu-aware -n5
.//tmp_files/7359.sh: line 3: 80358 Segmentation fault      speed3d_r2c fftw float-long 1024 1024 1024 -reorder -pencils -r2c_dir 0 -ingrid 2048 1 1 -outgrid 2048 1 1 -no-gpu-aware -n5
.//tmp_files/7359.sh: line 3: 80349 Segmentation fault      speed3d_r2c fftw float-long 1024 1024 1024 -reorder -pencils -r2c_dir 0 -ingrid 2048 1 1 -outgrid 2048 1 1 -no-gpu-aware -n5
.//tmp_files/7359.sh: line 3: 80355 Segmentation fault      speed3d_r2c fftw float-long 1024 1024 1024 -reorder -pencils -r2c_dir 0 -ingrid 2048 1 1 -outgrid 2048 1 1 -no-gpu-aware -n5
.//tmp_files/7359.sh: line 3: 80284 Segmentation fault      speed3d_r2c fftw float-long 1024 1024 1024 -reorder -pencils -r2c_dir 0 -ingrid 2048 1 1 -outgrid 2048 1 1 -no-gpu-aware -n5
.//tmp_files/7359.sh: line 3: 80353 Segmentation fault      speed3d_r2c fftw float-long 1024 1024 1024 -reorder -pencils -r2c_dir 0 -ingrid 2048 1 1 -outgrid 2048 1 1 -no-gpu-aware -n5
.//tmp_files/7359.sh: line 3: 80300 Segmentation fault      speed3d_r2c fftw float-long 1024 1024 1024 -reorder -pencils -r2c_dir 0 -ingrid 2048 1 1 -outgrid 2048 1 1 -no-gpu-aware -n5
.//tmp_files/7359.sh: line 3: 80369 Segmentation fault      speed3d_r2c fftw float-long 1024 1024 1024 -reorder -pencils -r2c_dir 0 -ingrid 2048 1 1 -outgrid 2048 1 1 -no-gpu-aware -n5
.//tmp_files/7359.sh: line 3: 80285 Segmentation fault      speed3d_r2c fftw float-long 1024 1024 1024 -reorder -pencils -r2c_dir 0 -ingrid 2048 1 1 -outgrid 2048 1 1 -no-gpu-aware -n5
.//tmp_files/7359.sh: line 3: 80308 Segmentation fault      speed3d_r2c fftw float-long 1024 1024 1024 -reorder -pencils -r2c_dir 0 -ingrid 2048 1 1 -outgrid 2048 1 1 -no-gpu-aware -n5
.//tmp_files/7359.sh: line 3: 80292 Segmentation fault      speed3d_r2c fftw float-long 1024 1024 1024 -reorder -pencils -r2c_dir 0 -ingrid 2048 1 1 -outgrid 2048 1 1 -no-gpu-aware -n5
.//tmp_files/7359.sh: line 3: 80364 Segmentation fault      speed3d_r2c fftw float-long 1024 1024 1024 -reorder -pencils -r2c_dir 0 -ingrid 2048 1 1 -outgrid 2048 1 1 -no-gpu-aware -n5
.//tmp_files/.//tmp_files/7359.sh: line 3: 80253 Segmentation fault      speed3d_r2c fftw float-long 1024 1024 1024 -reorder -pencils -r2c_dir 0 -ingrid 2048 1 1 -outgrid 2048 1 1 -no-gpu-aware -n5
.//tmp_files/7359.sh: line 3: 80262 Segmentation fault      speed3d_r2c fftw float-long 1024 1024 1024 -reorder -pencils -r2c_dir 0 -ingrid 2048 1 1 -outgrid 2048 1 1 -no-gpu-aware -n5
.//tmp_files/7359.sh: line 3: 80261 Segmentation fault      speed3d_r2c fftw float-long 1024 1024 1024 -reorder -pencils -r2c_dir 0 -ingrid 2048 1 1 -outgrid 2048 1 1 -no-gpu-aware -n5
.//tmp_files/7359.sh: line 3: 80253 Segmentation fault      speed3d_r2c fftw float-long 1024 1024 1024 -reorder -pencils -r2c_dir 0 -ingrid 2048 1 1 -outgrid 2048 1 1 -no-gpu-aware -n5
.//tmp_files/7359.sh: line 3: 80247 Segmentation fault      speed3d_r2c fftw float-long 1024 1024 1024 -reorder -pencils -r2c_dir 0 -ingrid 2048 1 1 -outgrid 2048 1 1 -no-gpu-aware -n5
.//tmp_files/7359.sh: line 3: 80237 Segmentation fault      speed3d_r2c fftw float-long 1024 1024 1024 -reorder -pencils -r2c_dir 0 -ingrid 2048 1 1 -outgrid 2048 1 1 -no-gpu-aware -n5
.//tmp_files/7359.sh: line 3: 80245 Segmentation fault      speed3d_r2c fftw float-long 1024 1024 1024 -reorder -pencils -r2c_dir 0 -ingrid 2048 1 1 -outgrid 2048 1 1 -no-gpu-aware -n5
.//tmp_files/7359.sh: line 3: 80225 Segmentation fault      speed3d_r2c fftw float-long 1024 1024 1024 -reorder -pencils -r2c_dir 0 -ingrid 2048 1 1 -outgrid 2048 1 1 -no-gpu-aware -n5
.//tmp_files/7359.sh: line 3: 80246 Segmentation fault      speed3d_r2c fftw float-long 1024 1024 1024 -reorder -pencils -r2c_dir 0 -ingrid 2048 1 1 -outgrid 2048 1 1 -no-gpu-aware -n5
.//tmp_files/7359.sh: line 3: 80243 Segmentation fault      speed3d_r2c fftw float-long 1024 1024 1024 -reorder -pencils -r2c_dir 0 -ingrid 2048 1 1 -outgrid 2048 1 1 -no-gpu-aware -n5
.//tmp_files/7359.sh: line 3: 80193 Segmentation fault      speed3d_r2c fftw float-long 1024 1024 1024 -reorder -pencils -r2c_dir 0 -ingrid 2048 1 1 -outgrid 2048 1 1 -no-gpu-aware -n5
.//tmp_files/7359.sh: line 3: 80246 Segmentation fault      speed3d_r2c fftw float-long 1024 1024 1024 -reorder -pencils -r2c_dir 0 -ingrid 2048 1 1 -outgrid 2048 1 1 -no-gpu-aware -n5
.//tmp_files/7359.sh: line 3: 80268 Segmentation fault      speed3d_r2c fftw float-long 1024 1024 1024 -reorder -pencils -r2c_dir 0 -ingrid 2048 1 1 -outgrid 2048 1 1 -no-gpu-aware -n5
.//tmp_files/7359.sh: line 3: 80264 Segmentation fault      speed3d_r2c fftw float-long 1024 1024 1024 -reorder -pencils -r2c_dir 0 -ingrid 2048 1 1 -outgrid 2048 1 1 -no-gpu-aware -n5
.//tmp_files/7359.sh: line 3: 80187 Segmentation fault      speed3d_r2c fftw float-long 1024 1024 1024 -reorder -pencils -r2c_dir 0 -ingrid 2048 1 1 -outgrid 2048 1 1 -no-gpu-aware -n5
.//tmp_files/7359.sh: line 3: 80199 Segmentation fault      speed3d_r2c fftw float-long 1024 1024 1024 -reorder -pencils -r2c_dir 0 -ingrid 2048 1 1 -outgrid 2048 1 1 -no-gpu-aware -n5
.//tmp_files/7359.sh: line 3: 80201 Segmentation fault      speed3d_r2c fftw float-long 1024 1024 1024 -reorder -pencils -r2c_dir 0 -ingrid 2048 1 1 -outgrid 2048 1 1 -no-gpu-aware -n5
.//tmp_files/7359.sh: line 3: 80197 Segmentation fault      speed3d_r2c fftw float-long 1024 1024 1024 -reorder -pencils -r2c_dir 0 -ingrid 2048 1 1 -outgrid 2048 1 1 -no-gpu-aware -n5
.//tmp_files/7359.sh: line 3: 80262 Segmentation fault      speed3d_r2c fftw float-long 1024 1024 1024 -reorder -pencils -r2c_dir 0 -ingrid 2048 1 1 -outgrid 2048 1 1 -no-gpu-aware -n5
.//tmp_files/7359.sh: line 3: 80186 Segmentation fault      speed3d_r2c fftw float-long 1024 1024 1024 -reorder -pencils -r2c_dir 0 -ingrid 2048 1 1 -outgrid 2048 1 1 -no-gpu-aware -n5
.//tmp_files/7359.sh: line 3: 80195 Segmentation fault      speed3d_r2c fftw float-long 1024 1024 1024 -reorder -pencils -r2c_dir 0 -ingrid 2048 1 1 -outgrid 2048 1 1 -no-gpu-aware -n5
.//tmp_files/.//tmp_files/7359.sh: line 3: 80195 Segmentation fault      speed3d_r2c fftw float-long 1024 1024 1024 -reorder -pencils -r2c_dir 0 -ingrid 2048 1 1 -outgrid 2048 1 1 -no-gpu-aware -n5
.//tmp_files/7359.sh: line 3: 80264 Segmentation fault      speed3d_r2c fftw float-long 1024 1024 1024 -reorder -pencils -r2c_dir 0 -ingrid 2048 1 1 -outgrid 2048 1 1 -no-gpu-aware -n5
.//tmp_files/7359.sh: line 3: 80249 Segmentation fault      speed3d_r2c fftw float-long 1024 1024 1024 -reorder -pencils -r2c_dir 0 -ingrid 2048 1 1 -outgrid 2048 1 1 -no-gpu-aware -n5
.//tmp_files/7359.sh: line 3: 80251 Segmentation fault      speed3d_r2c fftw float-long 1024 1024 1024 -reorder -pencils -r2c_dir 0 -ingrid 2048 1 1 -outgrid 2048 1 1 -no-gpu-aware -n5
.//tmp_files/7359.sh: line 3: 80258 Segmentation fault      speed3d_r2c fftw float-long 1024 1024 1024 -reorder -pencils -r2c_dir 0 -ingrid 2048 1 1 -outgrid 2048 1 1 -no-gpu-aware -n5
.//tmp_files/7359.sh: line 3: 80245 Segmentation fault      speed3d_r2c fftw float-long 1024 1024 1024 -reorder -pencils -r2c_dir 0 -ingrid 2048 1 1 -outgrid 2048 1 1 -no-gpu-aware -n5
.//tmp_files/7359.sh: line 3: 80248 Segmentation fault      speed3d_r2c fftw float-long 1024 1024 1024 -reorder -pencils -r2c_dir 0 -ingrid 2048 1 1 -outgrid 2048 1 1 -no-gpu-aware -n5
.//tmp_files/7359.sh: line 3: 80253 Segmentation fault      speed3d_r2c fftw float-long 1024 1024 1024 -reorder -pencils -r2c_dir 0 -ingrid 2048 1 1 -outgrid 2048 1 1 -no-gpu-aware -n5
.//tmp_files/7359.sh: line 3: 80252 Segmentation fault      speed3d_r2c fftw float-long 1024 1024 1024 -reorder -pencils -r2c_dir 0 -ingrid 2048 1 1 -outgrid 2048 1 1 -no-gpu-aware -n5
.//tmp_files/7359.sh: line 3: 81466 Segmentation fault      speed3d_r2c fftw float-long 1024 1024 1024 -reorder -pencils -r2c_dir 0 -ingrid 2048 1 1 -outgrid 2048 1 1 -no-gpu-aware -n5
.//tmp_files/7359.sh: line 3: 81450 Segmentation fault      speed3d_r2c fftw float-long 1024 1024 1024 -reorder -pencils -r2c_dir 0 -ingrid 2048 1 1 -outgrid 2048 1 1 -no-gpu-aware -n5
.//tmp_files/7359.sh: line 3: 81461 Segmentation fault      speed3d_r2c fftw float-long 1024 1024 1024 -reorder -pencils -r2c_dir 0 -ingrid 2048 1 1 -outgrid 2048 1 1 -no-gpu-aware -n5
.//tmp_files/7359.sh: line 3: 81464 Segmentation fault      speed3d_r2c fftw float-long 1024 1024 1024 -reorder -pencils -r2c_dir 0 -ingrid 2048 1 1 -outgrid 2048 1 1 -no-gpu-aware -n5
.//tmp_files/7359.sh: line 3: 81460 Segmentation fault      speed3d_r2c fftw float-long 1024 1024 1024 -reorder -pencils -r2c_dir 0 -ingrid 2048 1 1 -outgrid 2048 1 1 -no-gpu-aware -n5
.//tmp_files/7359.sh: line 3: 81467 Segmentation fault      speed3d_r2c fftw float-long 1024 1024 1024 -reorder -pencils -r2c_dir 0 -ingrid 2048 1 1 -outgrid 2048 1 1 -no-gpu-aware -n5
.//tmp_files/7359.sh: line 3: 81440 Segmentation fault      speed3d_r2c fftw float-long 1024 1024 1024 -reorder -pencils -r2c_dir 0 -ingrid 2048 1 1 -outgrid 2048 1 1 -no-gpu-aware -n5
.//tmp_files/7359.sh: line 3: 81449 Segmentation fault      speed3d_r2c fftw float-long 1024 1024 1024 -reorder -pencils -r2c_dir 0 -ingrid 2048 1 1 -outgrid 2048 1 1 -no-gpu-aware -n5
.//tmp_files/7359.sh: line 3: 81448 Segmentation fault      speed3d_r2c fftw float-long 1024 1024 1024 -reorder -pencils -r2c_dir 0 -ingrid 2048 1 1 -outgrid 2048 1 1 -no-gpu-aware -n5
.//tmp_files/7359.sh: line 3: 81445 Segmentation fault      speed3d_r2c fftw float-long 1024 1024 1024 -reorder -pencils -r2c_dir 0 -ingrid 2048 1 1 -outgrid 2048 1 1 -no-gpu-aware -n5
.//tmp_files/7359.sh: line 3: 81442 Segmentation fault      speed3d_r2c fftw float-long 1024 1024 1024 -reorder -pencils -r2c_dir 0 -ingrid 2048 1 1 -outgrid 2048 1 1 -no-gpu-aware -n5
.//tmp_files/7359.sh: line 3: 81451 Segmentation fault      speed3d_r2c fftw float-long 1024 1024 1024 -reorder -pencils -r2c_dir 0 -ingrid 2048 1 1 -outgrid 2048 1 1 -no-gpu-aware -n5
.//tmp_files/7359.sh: line 3: 81450 Segmentation fault      speed3d_r2c fftw float-long 1024 1024 1024 -reorder -pencils -r2c_dir 0 -ingrid 2048 1 1 -outgrid 2048 1 1 -no-gpu-aware -n5
7359.sh: line 3: 81383 Segmentation fault      speed3d_r2c fftw float-long 1024 1024 1024 -reorder -pencils -r2c_dir 0 -ingrid 2048 1 1 -outgrid 2048 1 1 -no-gpu-aware -n5
.//tmp_files/7359.sh: line 3: 81412 Segmentation fault      speed3d_r2c fftw float-long 1024 1024 1024 -reorder -pencils -r2c_dir 0 -ingrid 2048 1 1 -outgrid 2048 1 1 -no-gpu-aware -n5
.//tmp_files/7359.sh: line 3: 81403 Segmentation fault      speed3d_r2c fftw float-long 1024 1024 1024 -reorder -pencils -r2c_dir 0 -ingrid 2048 1 1 -outgrid 2048 1 1 -no-gpu-aware -n5
.//tmp_files/7359.sh: line 3: 81408 Segmentation fault      speed3d_r2c fftw float-long 1024 1024 1024 -reorder -pencils -r2c_dir 0 -ingrid 2048 1 1 -outgrid 2048 1 1 -no-gpu-aware -n5
.//tmp_files/7359.sh: line 3: 81387 Segmentation fault      speed3d_r2c fftw float-long 1024 1024 1024 -reorder -pencils -r2c_dir 0 -ingrid 2048 1 1 -outgrid 2048 1 1 -no-gpu-aware -n5
.//tmp_files/7359.sh: line 3: 81443 Segmentation fault      speed3d_r2c fftw float-long 1024 1024 1024 -reorder -pencils -r2c_dir 0 -ingrid 2048 1 1 -outgrid 2048 1 1 -no-gpu-aware -n5
.//tmp_files/7359.sh: line 3: 81450 Segmentation fault      speed3d_r2c fftw float-long 1024 1024 1024 -reorder -pencils -r2c_dir 0 -ingrid 2048 1 1 -outgrid 2048 1 1 -no-gpu-aware -n5
.//tmp_files/7359.sh: line 3: 81425 Segmentation fault      speed3d_r2c fftw float-long 1024 1024 1024 -reorder -pencils -r2c_dir 0 -ingrid 2048 1 1 -outgrid 2048 1 1 -no-gpu-aware -n5
.//tmp_files/7359.sh: line 3: 81523 Segmentation fault      speed3d_r2c fftw float-long 1024 1024 1024 -reorder -pencils -r2c_dir 0 -ingrid 2048 1 1 -outgrid 2048 1 1 -no-gpu-aware -n5
.//tmp_files/7359.sh: line 3: 81468 Segmentation fault      speed3d_r2c fftw float-long 1024 1024 1024 -reorder -pencils -r2c_dir 0 -ingrid 2048 1 1 -outgrid 2048 1 1 -no-gpu-aware -n5
.//tmp_files/7359.sh: line 3: 81447 Segmentation fault      speed3d_r2c fftw float-long 1024 1024 1024 -reorder -pencils -r2c_dir 0 -ingrid 2048 1 1 -outgrid 2048 1 1 -no-gpu-aware -n5
.//tmp_files/7359.sh: line 3: 81345 Segmentation fault      speed3d_r2c fftw float-long 1024 1024 1024 -reorder -pencils -r2c_dir 0 -ingrid 2048 1 1 -outgrid 2048 1 1 -no-gpu-aware -n5
.//tmp_files/7359.sh: line 3: 81427 Segmentation fault      speed3d_r2c fftw float-long 1024 1024 1024 -reorder -pencils -r2c_dir 0 -ingrid 2048 1 1 -outgrid 2048 1 1 -no-gpu-aware -n5
.//tmp_files/7359.sh: line 3: 81388 Segmentation fault      speed3d_r2c fftw float-long 1024 1024 1024 -reorder -pencils -r2c_dir 0 -ingrid 2048 1 1 -outgrid 2048 1 1 -no-gpu-aware -n5
.//tmp_files/7359.sh: line 3: 81374 Segmentation fault      speed3d_r2c fftw float-long 1024 1024 1024 -reorder -pencils -r2c_dir 0 -ingrid 2048 1 1 -outgrid 2048 1 1 -no-gpu-aware -n5
.//tmp_files/7359.sh: line 3: 81421 Segmentation fault      speed3d_r2c fftw float-long 1024 1024 1024 -reorder -pencils -r2c_dir 0 -ingrid 2048 1 1 -outgrid 2048 1 1 -no-gpu-aware -n5
.//tmp_files/7359.sh: line 3: 81373 Segmentation fault      speed3d_r2c fftw float-long 1024 1024 1024 -reorder -pencils -r2c_dir 0 -ingrid 2048 1 1 -outgrid 2048 1 1 -no-gpu-aware -n5
.//tmp_files/7359.sh: line 3: 81507 Segmentation fault      speed3d_r2c fftw float-long 1024 1024 1024 -reorder -pencils -r2c_dir 0 -ingrid 2048 1 1 -outgrid 2048 1 1 -no-gpu-aware -n5
.//tmp_files/7359.sh: line 3: 81519 Segmentation fault      speed3d_r2c fftw float-long 1024 1024 1024 -reorder -pencils -r2c_dir 0 -ingrid 2048 1 1 -outgrid 2048 1 1 -no-gpu-aware -n5
.//tmp_files/7359.sh: line 3: 81517 Segmentation fault      speed3d_r2c fftw float-long 1024 1024 1024 -reorder -pencils -r2c_dir 0 -ingrid 2048 1 1 -outgrid 2048 1 1 -no-gpu-aware -n5
.//tmp_files/7359.sh: line 3: 81402 Segmentation fault      speed3d_r2c fftw float-long 1024 1024 1024 -reorder -pencils -r2c_dir 0 -ingrid 2048 1 1 -outgrid 2048 1 1 -no-gpu-aware -n5
.//tmp_files/7359.sh: line 3: 80212 Segmentation fault      speed3d_r2c fftw float-long 1024 1024 1024 -reorder -pencils -r2c_dir 0 -ingrid 2048 1 1 -outgrid 2048 1 1 -no-gpu-aware -n5
.//tmp_files/7359.sh: line 3: 80256 Segmentation fault      speed3d_r2c fftw float-long 1024 1024 1024 -reorder -pencils -r2c_dir 0 -ingrid 2048 1 1 -outgrid 2048 1 1 -no-gpu-aware -n5
.//tmp_files/7359.sh: line 3: 80255 Segmentation fault      speed3d_r2c fftw float-long 1024 1024 1024 -reorder -pencils -r2c_dir 0 -ingrid 2048 1 1 -outgrid 2048 1 1 -no-gpu-aware -n5
.//tmp_files/7359.sh: line 3: 80199 Segmentation fault      speed3d_r2c fftw float-long 1024 1024 1024 -reorder -pencils -r2c_dir 0 -ingrid 2048 1 1 -outgrid 2048 1 1 -no-gpu-aware -n5
.//tmp_files/7359.sh: line 3: 80259 Segmentation fault      speed3d_r2c fftw float-long 1024 1024 1024 -reorder -pencils -r2c_dir 0 -ingrid 2048 1 1 -outgrid 2048 1 1 -no-gpu-aware -n5
.//tmp_files/7359.sh: line 3: 80264 Segmentation fault      speed3d_r2c fftw float-long 1024 1024 1024 -reorder -pencils -r2c_dir 0 -ingrid 2048 1 1 -outgrid 2048 1 1 -no-gpu-aware -n5
.//tmp_files/7359.sh: line 3: 80222 Segmentation fault      speed3d_r2c fftw float-long 1024 1024 1024 -reorder -pencils -r2c_dir 0 -ingrid 2048 1 1 -outgrid 2048 1 1 -no-gpu-aware -n5
.//tmp_files/7359.sh: line 3: 80257 Segmentation fault      speed3d_r2c fftw float-long 1024 1024 1024 -reorder -pencils -r2c_dir 0 -ingrid 2048 1 1 -outgrid 2048 1 1 -no-gpu-aware -n5
.//tmp_files/7359.sh: line 3: 80166 Segmentation fault      speed3d_r2c fftw float-long 1024 1024 1024 -reorder -pencils -r2c_dir 0 -ingrid 2048 1 1 -outgrid 2048 1 1 -no-gpu-aware -n5
.//tmp_files/7359.sh: line 3: 80170 Segmentation fault      speed3d_r2c fftw float-long 1024 1024 1024 -reorder -pencils -r2c_dir 0 -ingrid 2048 1 1 -outgrid 2048 1 1 -no-gpu-aware -n5
.//tmp_files/7359.sh: line 3: 80188 Segmentation fault      speed3d_r2c fftw float-long 1024 1024 1024 -reorder -pencils -r2c_dir 0 -ingrid 2048 1 1 -outgrid 2048 1 1 -no-gpu-aware -n5
.//tmp_files/7359.sh: line 3: 80198 Segmentation fault      speed3d_r2c fftw float-long 1024 1024 1024 -reorder -pencils -r2c_dir 0 -ingrid 2048 1 1 -outgrid 2048 1 1 -no-gpu-aware -n5
.//tmp_files/7359.sh: line 3: 80178 Segmentation fault      speed3d_r2c fftw float-long 1024 1024 1024 -reorder -pencils -r2c_dir 0 -ingrid 2048 1 1 -outgrid 2048 1 1 -no-gpu-aware -n5
.//tmp_files/7359.sh: line 3: 80167 Segmentation fault      speed3d_r2c fftw float-long 1024 1024 1024 -reorder -pencils -r2c_dir 0 -ingrid 2048 1 1 -outgrid 2048 1 1 -no-gpu-aware -n5
.//tmp_files/7359.sh: line 3: 80203 Segmentation fault      speed3d_r2c fftw float-long 1024 1024 1024 -reorder -pencils -r2c_dir 0 -ingrid 2048 1 1 -outgrid 2048 1 1 -no-gpu-aware -n5
.//tmp_files/7359.sh: line 3: 80214 Segmentation fault      speed3d_r2c fftw float-long 1024 1024 1024 -reorder -pencils -r2c_dir 0 -ingrid 2048 1 1 -outgrid 2048 1 1 -no-gpu-aware -n5
.//tmp_files/7359.sh: line 3: 80207 Segmentation fault      speed3d_r2c fftw float-long 1024 1024 1024 -reorder -pencils -r2c_dir 0 -ingrid 2048 1 1 -outgrid 2048 1 1 -no-gpu-aware -n5
.//tmp_files/7359.sh: line 3: 80258 Segmentation fault      speed3d_r2c fftw float-long 1024 1024 1024 -reorder -pencils -r2c_dir 0 -ingrid 2048 1 1 -outgrid 2048 1 1 -no-gpu-aware -n5
.//tmp_files/7359.sh: line 3: 80254 Segmentation fault      speed3d_r2c fftw float-long 1024 1024 1024 -reorder -pencils -r2c_dir 0 -ingrid 2048 1 1 -outgrid 2048 1 1 -no-gpu-aware -n5
.//tmp_files/7359.sh: line 3: 80178 Segmentation fault      speed3d_r2c fftw float-long 1024 1024 1024 -reorder -pencils -r2c_dir 0 -ingrid 2048 1 1 -outgrid 2048 1 1 -no-gpu-aware -n5
.//tmp_files/7359.sh: line 3: 80244 Segmentation fault      speed3d_r2c fftw float-long 1024 1024 1024 -reorder -pencils -r2c_dir 0 -ingrid 2048 1 1 -outgrid 2048 1 1 -no-gpu-aware -n5
.//tmp_files/7359.sh: line 3: 80246 Segmentation fault      speed3d_r2c fftw float-long 1024 1024 1024 -reorder -pencils -r2c_dir 0 -ingrid 2048 1 1 -outgrid 2048 1 1 -no-gpu-aware -n5
.//tmp_files/7359.sh: line 3: 80262 Segmentation fault      speed3d_r2c fftw float-long 1024 1024 1024 -reorder -pencils -r2c_dir 0 -ingrid 2048 1 1 -outgrid 2048 1 1 -no-gpu-aware -n5
.//tmp_files/7359.sh: line 3: 80260 Segmentation fault      speed3d_r2c fftw float-long 1024 1024 1024 -reorder -pencils -r2c_dir 0 -ingrid 2048 1 1 -outgrid 2048 1 1 -no-gpu-aware -n5
.//tmp_files/7359.sh: line 3: 80243 Segmentation fault      speed3d_r2c fftw float-long 1024 1024 1024 -reorder -pencils -r2c_dir 0 -ingrid 2048 1 1 -outgrid 2048 1 1 -no-gpu-aware -n5
.//tmp_files/7359.sh: line 3: 80265 Segmentation fault      speed3d_r2c fftw float-long 1024 1024 1024 -reorder -pencils -r2c_dir 0 -ingrid 2048 1 1 -outgrid 2048 1 1 -no-gpu-aware -n5
.//tmp_files/7359.sh: line 3: 80263 Segmentation fault      speed3d_r2c fftw float-long 1024 1024 1024 -reorder -pencils -r2c_dir 0 -ingrid 2048 1 1 -outgrid 2048 1 1 -no-gpu-aware -n5
.//tmp_files/7359.sh: line 3: 80242 Segmentation fault      speed3d_r2c fftw float-long 1024 1024 1024 -reorder -pencils -r2c_dir 0 -ingrid 2048 1 1 -outgrid 2048 1 1 -no-gpu-aware -n5
.//tmp_files/7359.sh: line 3: 81508 Segmentation fault      speed3d_r2c fftw float-long 1024 1024 1024 -reorder -pencils -r2c_dir 0 -ingrid 2048 1 1 -outgrid 2048 1 1 -no-gpu-aware -n5
.//tmp_files/7359.sh: line 3: 81475 Segmentation fault      speed3d_r2c fftw float-long 1024 1024 1024 -reorder -pencils -r2c_dir 0 -ingrid 2048 1 1 -outgrid 2048 1 1 -no-gpu-aware -n5
.//tmp_files/7359.sh: line 3: 81445 Segmentation fault      speed3d_r2c fftw float-long 1024 1024 1024 -reorder -pencils -r2c_dir 0 -ingrid 2048 1 1 -outgrid 2048 1 1 -no-gpu-aware -n5
.//tmp_files/7359.sh: line 3: 81450 Segmentation fault      speed3d_r2c fftw float-long 1024 1024 1024 -reorder -pencils -r2c_dir 0 -ingrid 2048 1 1 -outgrid 2048 1 1 -no-gpu-aware -n5
.//tmp_files/7359.sh: line 3: 81454 Segmentation fault      speed3d_r2c fftw float-long 1024 1024 1024 -reorder -pencils -r2c_dir 0 -ingrid 2048 1 1 -outgrid 2048 1 1 -no-gpu-aware -n5
.//tmp_files/7359.sh: line 3: 81442 Segmentation fault      speed3d_r2c fftw float-long 1024 1024 1024 -reorder -pencils -r2c_dir 0 -ingrid 2048 1 1 -outgrid 2048 1 1 -no-gpu-aware -n5
.//tmp_files/7359.sh: line 3: 81443 Segmentation fault      speed3d_r2c fftw float-long 1024 1024 1024 -reorder -pencils -r2c_dir 0 -ingrid 2048 1 1 -outgrid 2048 1 1 -no-gpu-aware -n5
.//tmp_files/7359.sh: line 3: 81483 Segmentation fault      speed3d_r2c fftw float-long 1024 1024 1024 -reorder -pencils -r2c_dir 0 -ingrid 2048 1 1 -outgrid 2048 1 1 -no-gpu-aware -n5
.//tmp_files/7359.sh: line 3: 81514 Segmentation fault      speed3d_r2c fftw float-long 1024 1024 1024 -reorder -pencils -r2c_dir 0 -ingrid 2048 1 1 -outgrid 2048 1 1 -no-gpu-aware -n5
.//tmp_files/7359.sh: line 3: 81499 Segmentation fault      speed3d_r2c fftw float-long 1024 1024 1024 -reorder -pencils -r2c_dir 0 -ingrid 2048 1 1 -outgrid 2048 1 1 -no-gpu-aware -n5
.//tmp_files/7359.sh: line 3: 81498 Segmentation fault      speed3d_r2c fftw float-long 1024 1024 1024 -reorder -pencils -r2c_dir 0 -ingrid 2048 1 1 -outgrid 2048 1 1 -no-gpu-aware -n5
.//tmp_files/7359.sh: line 3: 81516 Segmentation fault      speed3d_r2c fftw float-long 1024 1024 1024 -reorder -pencils -r2c_dir 0 -ingrid 2048 1 1 -outgrid 2048 1 1 -no-gpu-aware -n5
.//tmp_files/7359.sh: line 3: 81524 Segmentation fault      speed3d_r2c fftw float-long 1024 1024 1024 -reorder -pencils -r2c_dir 0 -ingrid 2048 1 1 -outgrid 2048 1 1 -no-gpu-aware -n5
7359.sh: line 3: 80267 Segmentation fault      speed3d_r2c fftw float-long 1024 1024 1024 -reorder -pencils -r2c_dir 0 -ingrid 2048 1 1 -outgrid 2048 1 1 -no-gpu-aware -n5
.//tmp_files/7359.sh: line 3: 80252 Segmentation fault      speed3d_r2c fftw float-long 1024 1024 1024 -reorder -pencils -r2c_dir 0 -ingrid 2048 1 1 -outgrid 2048 1 1 -no-gpu-aware -n5
.//tmp_files/7359.sh: line 3: 80250 Segmentation fault      speed3d_r2c fftw float-long 1024 1024 1024 -reorder -pencils -r2c_dir 0 -ingrid 2048 1 1 -outgrid 2048 1 1 -no-gpu-aware -n5
.//tmp_files/7359.sh: line 3: 80245 Segmentation fault      speed3d_r2c fftw float-long 1024 1024 1024 -reorder -pencils -r2c_dir 0 -ingrid 2048 1 1 -outgrid 2048 1 1 -no-gpu-aware -n5
7359.sh: line 3: 80366 Segmentation fault      speed3d_r2c fftw float-long 1024 1024 1024 -reorder -pencils -r2c_dir 0 -ingrid 2048 1 1 -outgrid 2048 1 1 -no-gpu-aware -n5
.//tmp_files/7359.sh: line 3: 80362 Segmentation fault      speed3d_r2c fftw float-long 1024 1024 1024 -reorder -pencils -r2c_dir 0 -ingrid 2048 1 1 -outgrid 2048 1 1 -no-gpu-aware -n5
Application 28966180 exit codes: 139
Application 28966180 exit signals: Killed
Application 28966180 resources: utime ~773s, stime ~175s, Rss ~54196, inblocks ~322132, outblocks ~0
