.//tmp_files/9378.sh: line 3: 77880 Segmentation fault      speed3d_r2c fftw float-long 1024 1024 1024 -reorder -a2av -r2c_dir 0 -ingrid 2048 1 1 -outgrid 2048 1 1 -no-gpu-aware -n5
.//tmp_files/9378.sh: line 3: 77974 Segmentation fault      speed3d_r2c fftw float-long 1024 1024 1024 -reorder -a2av -r2c_dir 0 -ingrid 2048 1 1 -outgrid 2048 1 1 -no-gpu-aware -n5
.//tmp_files/9378.sh: line 3: 77858 Segmentation fault      speed3d_r2c fftw float-long 1024 1024 1024 -reorder -a2av -r2c_dir 0 -ingrid 2048 1 1 -outgrid 2048 1 1 -no-gpu-aware -n5
[NID 01762] 2023-11-06 09:31:41 Apid 28966140: initiated application termination
.//tmp_files/9378.sh: line 3: 77874 Segmentation fault      speed3d_r2c fftw float-long 1024 1024 1024 -reorder -a2av -r2c_dir 0 -ingrid 2048 1 1 -outgrid 2048 1 1 -no-gpu-aware -n5
.//tmp_files/9378.sh: line 3: 77899 Segmentation fault      speed3d_r2c fftw float-long 1024 1024 1024 -reorder -a2av -r2c_dir 0 -ingrid 2048 1 1 -outgrid 2048 1 1 -no-gpu-aware -n5
.//tmp_files/9378.sh: line 3: 77898 Segmentation fault      speed3d_r2c fftw float-long 1024 1024 1024 -reorder -a2av -r2c_dir 0 -ingrid 2048 1 1 -outgrid 2048 1 1 -no-gpu-aware -n5
.//tmp_files/9378.sh: line 3: 77877 Segmentation fault      speed3d_r2c fftw float-long 1024 1024 1024 -reorder -a2av -r2c_dir 0 -ingrid 2048 1 1 -outgrid 2048 1 1 -no-gpu-aware -n5
.//tmp_files/9378.sh: line 3: 77840 Segmentation fault      speed3d_r2c fftw float-long 1024 1024 1024 -reorder -a2av -r2c_dir 0 -ingrid 2048 1 1 -outgrid 2048 1 1 -no-gpu-aware -n5
.//tmp_files/9378.sh: line 3: 77884 Segmentation fault      speed3d_r2c fftw float-long 1024 1024 1024 -reorder -a2av -r2c_dir 0 -ingrid 2048 1 1 -outgrid 2048 1 1 -no-gpu-aware -n5
.//tmp_files/9378.sh: line 3: 77890 Segmentation fault      speed3d_r2c fftw float-long 1024 1024 1024 -reorder -a2av -r2c_dir 0 -ingrid 2048 1 1 -outgrid 2048 1 1 -no-gpu-aware -n5
.//tmp_files/9378.sh: line 3: 77897 Segmentation fault      speed3d_r2c fftw float-long 1024 1024 1024 -reorder -a2av -r2c_dir 0 -ingrid 2048 1 1 -outgrid 2048 1 1 -no-gpu-aware -n5
.//tmp_files/9378.sh: line 3: 77905 Segmentation fault      speed3d_r2c fftw float-long 1024 1024 1024 -reorder -a2av -r2c_dir 0 -ingrid 2048 1 1 -outgrid 2048 1 1 -no-gpu-aware -n5
.//tmp_files/9378.sh: line 3: 77895 Segmentation fault      speed3d_r2c fftw float-long 1024 1024 1024 -reorder -a2av -r2c_dir 0 -ingrid 2048 1 1 -outgrid 2048 1 1 -no-gpu-aware -n5
.//tmp_files/9378.sh: line 3: 77891 Segmentation fault      speed3d_r2c fftw float-long 1024 1024 1024 -reorder -a2av -r2c_dir 0 -ingrid 2048 1 1 -outgrid 2048 1 1 -no-gpu-aware -n5
.//tmp_files/9378.sh: line 3: 77938 Segmentation fault      speed3d_r2c fftw float-long 1024 1024 1024 -reorder -a2av -r2c_dir 0 -ingrid 2048 1 1 -outgrid 2048 1 1 -no-gpu-aware -n5
.//tmp_files/9378.sh: line 3: 77864 Segmentation fault      speed3d_r2c fftw float-long 1024 1024 1024 -reorder -a2av -r2c_dir 0 -ingrid 2048 1 1 -outgrid 2048 1 1 -no-gpu-aware -n5
.//tmp_files/9378.sh: line 3: 77849 Segmentation fault      speed3d_r2c fftw float-long 1024 1024 1024 -reorder -a2av -r2c_dir 0 -ingrid 2048 1 1 -outgrid 2048 1 1 -no-gpu-aware -n5
.//tmp_files/9378.sh: line 3: 77925 Segmentation fault      speed3d_r2c fftw float-long 1024 1024 1024 -reorder -a2av -r2c_dir 0 -ingrid 2048 1 1 -outgrid 2048 1 1 -no-gpu-aware -n5
.//tmp_files/9378.sh: line 3: 77888 Segmentation fault      speed3d_r2c fftw float-long 1024 1024 1024 -reorder -a2av -r2c_dir 0 -ingrid 2048 1 1 -outgrid 2048 1 1 -no-gpu-aware -n5
.//tmp_files/9378.sh: line 3: 77860 Segmentation fault      speed3d_r2c fftw float-long 1024 1024 1024 -reorder -a2av -r2c_dir 0 -ingrid 2048 1 1 -outgrid 2048 1 1 -no-gpu-aware -n5
.//tmp_files/9378.sh: line 3: 77897 Segmentation fault      speed3d_r2c fftw float-long 1024 1024 1024 -reorder -a2av -r2c_dir 0 -ingrid 2048 1 1 -outgrid 2048 1 1 -no-gpu-aware -n5
.//tmp_files/9378.sh: line 3: 77917 Segmentation fault      speed3d_r2c fftw float-long 1024 1024 1024 -reorder -a2av -r2c_dir 0 -ingrid 2048 1 1 -outgrid 2048 1 1 -no-gpu-aware -n5
.//tmp_files/9378.sh: line 3: 77901 Segmentation fault      speed3d_r2c fftw float-long 1024 1024 1024 -reorder -a2av -r2c_dir 0 -ingrid 2048 1 1 -outgrid 2048 1 1 -no-gpu-aware -n5
.//tmp_files/9378.sh: line 3: 77925 Segmentation fault      speed3d_r2c fftw float-long 1024 1024 1024 -reorder -a2av -r2c_dir 0 -ingrid 2048 1 1 -outgrid 2048 1 1 -no-gpu-aware -n5
.//tmp_files/9378.sh: line 3: 77946 Segmentation fault      speed3d_r2c fftw float-long 1024 1024 1024 -reorder -a2av -r2c_dir 0 -ingrid 2048 1 1 -outgrid 2048 1 1 -no-gpu-aware -n5
.//tmp_files/9378.sh: line 3: 77890 Segmentation fault      speed3d_r2c fftw float-long 1024 1024 1024 -reorder -a2av -r2c_dir 0 -ingrid 2048 1 1 -outgrid 2048 1 1 -no-gpu-aware -n5
.//tmp_files/9378.sh: line 3: 77896 Segmentation fault      speed3d_r2c fftw float-long 1024 1024 1024 -reorder -a2av -r2c_dir 0 -ingrid 2048 1 1 -outgrid 2048 1 1 -no-gpu-aware -n5
.//tmp_files/9378.sh: line 3: 77905 Segmentation fault      speed3d_r2c fftw float-long 1024 1024 1024 -reorder -a2av -r2c_dir 0 -ingrid 2048 1 1 -outgrid 2048 1 1 -no-gpu-aware -n5
.//tmp_files/9378.sh: line 3: 77930 Segmentation fault      speed3d_r2c fftw float-long 1024 1024 1024 -reorder -a2av -r2c_dir 0 -ingrid 2048 1 1 -outgrid 2048 1 1 -no-gpu-aware -n5
.//tmp_files/9378.sh: line 3: 77908 Segmentation fault      speed3d_r2c fftw float-long 1024 1024 1024 -reorder -a2av -r2c_dir 0 -ingrid 2048 1 1 -outgrid 2048 1 1 -no-gpu-aware -n5
.//tmp_files/9378.sh: line 3: 77866 Segmentation fault      speed3d_r2c fftw float-long 1024 1024 1024 -reorder -a2av -r2c_dir 0 -ingrid 2048 1 1 -outgrid 2048 1 1 -no-gpu-aware -n5
.//tmp_files/9378.sh: line 3: 77867 Segmentation fault      speed3d_r2c fftw float-long 1024 1024 1024 -reorder -a2av -r2c_dir 0 -ingrid 2048 1 1 -outgrid 2048 1 1 -no-gpu-aware -n5
.//tmp_files/9378.sh: line 3: 77830 Segmentation fault      speed3d_r2c fftw float-long 1024 1024 1024 -reorder -a2av -r2c_dir 0 -ingrid 2048 1 1 -outgrid 2048 1 1 -no-gpu-aware -n5
.//tmp_files/9378.sh: line 3: 77870 Segmentation fault      speed3d_r2c fftw float-long 1024 1024 1024 -reorder -a2av -r2c_dir 0 -ingrid 2048 1 1 -outgrid 2048 1 1 -no-gpu-aware -n5
.//tmp_files/9378.sh: line 3: 77870 Segmentation fault      speed3d_r2c fftw float-long 1024 1024 1024 -reorder -a2av -r2c_dir 0 -ingrid 2048 1 1 -outgrid 2048 1 1 -no-gpu-aware -n5
.//tmp_files/9378.sh: line 3: 77903 Segmentation fault      speed3d_r2c fftw float-long 1024 1024 1024 -reorder -a2av -r2c_dir 0 -ingrid 2048 1 1 -outgrid 2048 1 1 -no-gpu-aware -n5
.//tmp_files/9378.sh: line 3: 77920 Segmentation fault      speed3d_r2c fftw float-long 1024 1024 1024 -reorder -a2av -r2c_dir 0 -ingrid 2048 1 1 -outgrid 2048 1 1 -no-gpu-aware -n5
.//tmp_files/9378.sh: line 3: 77891 Segmentation fault      speed3d_r2c fftw float-long 1024 1024 1024 -reorder -a2av -r2c_dir 0 -ingrid 2048 1 1 -outgrid 2048 1 1 -no-gpu-aware -n5
.//tmp_files/9378.sh: line 3: 77955 Segmentation fault      speed3d_r2c fftw float-long 1024 1024 1024 -reorder -a2av -r2c_dir 0 -ingrid 2048 1 1 -outgrid 2048 1 1 -no-gpu-aware -n5
.//tmp_files/9378.sh: line 3: 77956 Segmentation fault      speed3d_r2c fftw float-long 1024 1024 1024 -reorder -a2av -r2c_dir 0 -ingrid 2048 1 1 -outgrid 2048 1 1 -no-gpu-aware -n5
.//tmp_files/9378.sh: line 3: 77892 Segmentation fault      speed3d_r2c fftw float-long 1024 1024 1024 -reorder -a2av -r2c_dir 0 -ingrid 2048 1 1 -outgrid 2048 1 1 -no-gpu-aware -n5
.//tmp_files/9378.sh: line 3: 77893 Segmentation fault      speed3d_r2c fftw float-long 1024 1024 1024 -reorder -a2av -r2c_dir 0 -ingrid 2048 1 1 -outgrid 2048 1 1 -no-gpu-aware -n5
.//tmp_files/9378.sh: line 3: 77904 Segmentation fault      speed3d_r2c fftw float-long 1024 1024 1024 -reorder -a2av -r2c_dir 0 -ingrid 2048 1 1 -outgrid 2048 1 1 -no-gpu-aware -n5
.//tmp_files/9378.sh: line 3: 77840 Segmentation fault      speed3d_r2c fftw float-long 1024 1024 1024 -reorder -a2av -r2c_dir 0 -ingrid 2048 1 1 -outgrid 2048 1 1 -no-gpu-aware -n5
.//tmp_files/9378.sh: line 3: 77829 Segmentation fault      speed3d_r2c fftw float-long 1024 1024 1024 -reorder -a2av -r2c_dir 0 -ingrid 2048 1 1 -outgrid 2048 1 1 -no-gpu-aware -n5
.//tmp_files/9378.sh: line 3: 77872 Segmentation fault      speed3d_r2c fftw float-long 1024 1024 1024 -reorder -a2av -r2c_dir 0 -ingrid 2048 1 1 -outgrid 2048 1 1 -no-gpu-aware -n5
.//tmp_files/9378.sh: line 3: 77875 Segmentation fault      speed3d_r2c fftw float-long 1024 1024 1024 -reorder -a2av -r2c_dir 0 -ingrid 2048 1 1 -outgrid 2048 1 1 -no-gpu-aware -n5
.//tmp_files/9378.sh: line 3: 77853 Segmentation fault      speed3d_r2c fftw float-long 1024 1024 1024 -reorder -a2av -r2c_dir 0 -ingrid 2048 1 1 -outgrid 2048 1 1 -no-gpu-aware -n5
.//tmp_files/9378.sh: line 3: 77902 Segmentation fault      speed3d_r2c fftw float-long 1024 1024 1024 -reorder -a2av -r2c_dir 0 -ingrid 2048 1 1 -outgrid 2048 1 1 -no-gpu-aware -n5
.//tmp_files/9378.sh: line 3: 77905 Segmentation fault      speed3d_r2c fftw float-long 1024 1024 1024 -reorder -a2av -r2c_dir 0 -ingrid 2048 1 1 -outgrid 2048 1 1 -no-gpu-aware -n5
.//tmp_files/9378.sh: line 3: 77906 Segmentation fault      speed3d_r2c fftw float-long 1024 1024 1024 -reorder -a2av -r2c_dir 0 -ingrid 2048 1 1 -outgrid 2048 1 1 -no-gpu-aware -n5
.//tmp_files/9378.sh: line 3: 77866 Segmentation fault      speed3d_r2c fftw float-long 1024 1024 1024 -reorder -a2av -r2c_dir 0 -ingrid 2048 1 1 -outgrid 2048 1 1 -no-gpu-aware -n5
.//tmp_files/9378.sh: line 3: 77875 Segmentation fault      speed3d_r2c fftw float-long 1024 1024 1024 -reorder -a2av -r2c_dir 0 -ingrid 2048 1 1 -outgrid 2048 1 1 -no-gpu-aware -n5
.//tmp_files/9378.sh: line 3: 77877 Segmentation fault      speed3d_r2c fftw float-long 1024 1024 1024 -reorder -a2av -r2c_dir 0 -ingrid 2048 1 1 -outgrid 2048 1 1 -no-gpu-aware -n5
.//tmp_files/9378.sh: line 3: 77889 Segmentation fault      speed3d_r2c fftw float-long 1024 1024 1024 -reorder -a2av -r2c_dir 0 -ingrid 2048 1 1 -outgrid 2048 1 1 -no-gpu-aware -n5
.//tmp_files/9378.sh: line 3: 77902 Segmentation fault      speed3d_r2c fftw float-long 1024 1024 1024 -reorder -a2av -r2c_dir 0 -ingrid 2048 1 1 -outgrid 2048 1 1 -no-gpu-aware -n5
.//tmp_files/9378.sh: line 3: 77933 Segmentation fault      speed3d_r2c fftw float-long 1024 1024 1024 -reorder -a2av -r2c_dir 0 -ingrid 2048 1 1 -outgrid 2048 1 1 -no-gpu-aware -n5
.//tmp_files/9378.sh: line 3: 77939 Segmentation fault      speed3d_r2c fftw float-long 1024 1024 1024 -reorder -a2av -r2c_dir 0 -ingrid 2048 1 1 -outgrid 2048 1 1 -no-gpu-aware -n5
.//tmp_files/9378.sh: line 3: 77966 Segmentation fault      speed3d_r2c fftw float-long 1024 1024 1024 -reorder -a2av -r2c_dir 0 -ingrid 2048 1 1 -outgrid 2048 1 1 -no-gpu-aware -n5
.//tmp_files/9378.sh: line 3: 77929 Segmentation fault      speed3d_r2c fftw float-long 1024 1024 1024 -reorder -a2av -r2c_dir 0 -ingrid 2048 1 1 -outgrid 2048 1 1 -no-gpu-aware -n5
.//tmp_files/9378.sh: line 3: 77937 Segmentation fault      speed3d_r2c fftw float-long 1024 1024 1024 -reorder -a2av -r2c_dir 0 -ingrid 2048 1 1 -outgrid 2048 1 1 -no-gpu-aware -n5
.//tmp_files/9378.sh: line 3: 77928 Segmentation fault      speed3d_r2c fftw float-long 1024 1024 1024 -reorder -a2av -r2c_dir 0 -ingrid 2048 1 1 -outgrid 2048 1 1 -no-gpu-aware -n5
.//tmp_files/9378.sh: line 3: 77931 Segmentation fault      speed3d_r2c fftw float-long 1024 1024 1024 -reorder -a2av -r2c_dir 0 -ingrid 2048 1 1 -outgrid 2048 1 1 -no-gpu-aware -n5
.//tmp_files/9378.sh: line 3: 77940 Segmentation fault      speed3d_r2c fftw float-long 1024 1024 1024 -reorder -a2av -r2c_dir 0 -ingrid 2048 1 1 -outgrid 2048 1 1 -no-gpu-aware -n5
.//tmp_files/9378.sh: line 3: 77861 Segmentation fault      speed3d_r2c fftw float-long 1024 1024 1024 -reorder -a2av -r2c_dir 0 -ingrid 2048 1 1 -outgrid 2048 1 1 -no-gpu-aware -n5
.//tmp_files/9378.sh: line 3: 77836 Segmentation fault      speed3d_r2c fftw float-long 1024 1024 1024 -reorder -a2av -r2c_dir 0 -ingrid 2048 1 1 -outgrid 2048 1 1 -no-gpu-aware -n5
.//tmp_files/9378.sh: line 3: 77896 Segmentation fault      speed3d_r2c fftw float-long 1024 1024 1024 -reorder -a2av -r2c_dir 0 -ingrid 2048 1 1 -outgrid 2048 1 1 -no-gpu-aware -n5
.//tmp_files/9378.sh: line 3: 77909 Segmentation fault      speed3d_r2c fftw float-long 1024 1024 1024 -reorder -a2av -r2c_dir 0 -ingrid 2048 1 1 -outgrid 2048 1 1 -no-gpu-aware -n5
.//tmp_files/9378.sh: line 3: 77899 Segmentation fault      speed3d_r2c fftw float-long 1024 1024 1024 -reorder -a2av -r2c_dir 0 -ingrid 2048 1 1 -outgrid 2048 1 1 -no-gpu-aware -n5
.//tmp_files/9378.sh: line 3: 77911 Segmentation fault      speed3d_r2c fftw float-long 1024 1024 1024 -reorder -a2av -r2c_dir 0 -ingrid 2048 1 1 -outgrid 2048 1 1 -no-gpu-aware -n5
.//tmp_files/9378.sh: line 3: 77901 Segmentation fault      speed3d_r2c fftw float-long 1024 1024 1024 -reorder -a2av -r2c_dir 0 -ingrid 2048 1 1 -outgrid 2048 1 1 -no-gpu-aware -n5
.//tmp_files/9378.sh: line 3: 77841 Segmentation fault      speed3d_r2c fftw float-long 1024 1024 1024 -reorder -a2av -r2c_dir 0 -ingrid 2048 1 1 -outgrid 2048 1 1 -no-gpu-aware -n5
.//tmp_files/9378.sh: line 3: 77890 Segmentation fault      speed3d_r2c fftw float-long 1024 1024 1024 -reorder -a2av -r2c_dir 0 -ingrid 2048 1 1 -outgrid 2048 1 1 -no-gpu-aware -n5
.//tmp_files/9378.sh: line 3: 77923 Segmentation fault      speed3d_r2c fftw float-long 1024 1024 1024 -reorder -a2av -r2c_dir 0 -ingrid 2048 1 1 -outgrid 2048 1 1 -no-gpu-aware -n5
.//tmp_files/9378.sh: line 3: 77922 Segmentation fault      speed3d_r2c fftw float-long 1024 1024 1024 -reorder -a2av -r2c_dir 0 -ingrid 2048 1 1 -outgrid 2048 1 1 -no-gpu-aware -n5
.//tmp_files/9378.sh: line 3: 77921 Segmentation fault      speed3d_r2c fftw float-long 1024 1024 1024 -reorder -a2av -r2c_dir 0 -ingrid 2048 1 1 -outgrid 2048 1 1 -no-gpu-aware -n5
.//tmp_files/9378.sh: line 3: 77891 Segmentation fault      speed3d_r2c fftw float-long 1024 1024 1024 -reorder -a2av -r2c_dir 0 -ingrid 2048 1 1 -outgrid 2048 1 1 -no-gpu-aware -n5
.//tmp_files/9378.sh: line 3: 77862 Segmentation fault      speed3d_r2c fftw float-long 1024 1024 1024 -reorder -a2av -r2c_dir 0 -ingrid 2048 1 1 -outgrid 2048 1 1 -no-gpu-aware -n5
.//tmp_files/9378.sh: line 3: 77881 Segmentation fault      speed3d_r2c fftw float-long 1024 1024 1024 -reorder -a2av -r2c_dir 0 -ingrid 2048 1 1 -outgrid 2048 1 1 -no-gpu-aware -n5
.//tmp_files/9378.sh: line 3: 77952 Segmentation fault      speed3d_r2c fftw float-long 1024 1024 1024 -reorder -a2av -r2c_dir 0 -ingrid 2048 1 1 -outgrid 2048 1 1 -no-gpu-aware -n5
.//tmp_files/9378.sh: line 3: 77891 Segmentation fault      speed3d_r2c fftw float-long 1024 1024 1024 -reorder -a2av -r2c_dir 0 -ingrid 2048 1 1 -outgrid 2048 1 1 -no-gpu-aware -n5
.//tmp_files/9378.sh: line 3: 77887 Segmentation fault      speed3d_r2c fftw float-long 1024 1024 1024 -reorder -a2av -r2c_dir 0 -ingrid 2048 1 1 -outgrid 2048 1 1 -no-gpu-aware -n5
.//tmp_files/9378.sh: line 3: 77936 Segmentation fault      speed3d_r2c fftw float-long 1024 1024 1024 -reorder -a2av -r2c_dir 0 -ingrid 2048 1 1 -outgrid 2048 1 1 -no-gpu-aware -n5
.//tmp_files/9378.sh: line 3: 77961 Segmentation fault      speed3d_r2c fftw float-long 1024 1024 1024 -reorder -a2av -r2c_dir 0 -ingrid 2048 1 1 -outgrid 2048 1 1 -no-gpu-aware -n5
.//tmp_files/9378.sh: line 3: 77883 Segmentation fault      speed3d_r2c fftw float-long 1024 1024 1024 -reorder -a2av -r2c_dir 0 -ingrid 2048 1 1 -outgrid 2048 1 1 -no-gpu-aware -n5
.//tmp_files/9378.sh: line 3: 77926 Segmentation fault      speed3d_r2c fftw float-long 1024 1024 1024 -reorder -a2av -r2c_dir 0 -ingrid 2048 1 1 -outgrid 2048 1 1 -no-gpu-aware -n5
.//tmp_files/9378.sh: line 3: 77928 Segmentation fault      speed3d_r2c fftw float-long 1024 1024 1024 -reorder -a2av -r2c_dir 0 -ingrid 2048 1 1 -outgrid 2048 1 1 -no-gpu-aware -n5
.//tmp_files/9378.sh: line 3: 77913 Segmentation fault      speed3d_r2c fftw float-long 1024 1024 1024 -reorder -a2av -r2c_dir 0 -ingrid 2048 1 1 -outgrid 2048 1 1 -no-gpu-aware -n5
.//tmp_files/9378.sh: line 3: 77953 Segmentation fault      speed3d_r2c fftw float-long 1024 1024 1024 -reorder -a2av -r2c_dir 0 -ingrid 2048 1 1 -outgrid 2048 1 1 -no-gpu-aware -n5
.//tmp_files/9378.sh: line 3: 77909 Segmentation fault      speed3d_r2c fftw float-long 1024 1024 1024 -reorder -a2av -r2c_dir 0 -ingrid 2048 1 1 -outgrid 2048 1 1 -no-gpu-aware -n5
.//tmp_files/9378.sh: line 3: 77920 Segmentation fault      speed3d_r2c fftw float-long 1024 1024 1024 -reorder -a2av -r2c_dir 0 -ingrid 2048 1 1 -outgrid 2048 1 1 -no-gpu-aware -n5
.//tmp_files/9378.sh: line 3: 77988 Segmentation fault      speed3d_r2c fftw float-long 1024 1024 1024 -reorder -a2av -r2c_dir 0 -ingrid 2048 1 1 -outgrid 2048 1 1 -no-gpu-aware -n5
.//tmp_files/9378.sh: line 3: 77983 Segmentation fault      speed3d_r2c fftw float-long 1024 1024 1024 -reorder -a2av -r2c_dir 0 -ingrid 2048 1 1 -outgrid 2048 1 1 -no-gpu-aware -n5
.//tmp_files/9378.sh: line 3: 77951 Segmentation fault      speed3d_r2c fftw float-long 1024 1024 1024 -reorder -a2av -r2c_dir 0 -ingrid 2048 1 1 -outgrid 2048 1 1 -no-gpu-aware -n5
.//tmp_files/9378.sh: line 3: 77925 Segmentation fault      speed3d_r2c fftw float-long 1024 1024 1024 -reorder -a2av -r2c_dir 0 -ingrid 2048 1 1 -outgrid 2048 1 1 -no-gpu-aware -n5
.//tmp_files/9378.sh: line 3: 77973 Segmentation fault      speed3d_r2c fftw float-long 1024 1024 1024 -reorder -a2av -r2c_dir 0 -ingrid 2048 1 1 -outgrid 2048 1 1 -no-gpu-aware -n5
.//tmp_files/9378.sh: line 3: 77947 Segmentati.//tmp_files/9378.sh: line 3: 77961 Segmentation fault      speed3d_r2c fftw float-long 1024 1024 1024 -reorder -a2av -r2c_dir 0 -ingrid 2048 1 1 -outgrid 2048 1 1 -no-gpu-aware -n5
.//tmp_files/9378.sh: line 3: 77898 Segmentation fault      speed3d_r2c fftw float-long 1024 1024 1024 -reorder -a2av -r2c_dir 0 -ingrid 2048 1 1 -outgrid 2048 1 1 -no-gpu-aware -n5
.//tmp_files/9378.sh: line 3: 77965 Segmentation fault      speed3d_r2c fftw float-long 1024 1024 1024 -reorder -a2av -r2c_dir 0 -ingrid 2048 1 1 -outgrid 2048 1 1 -no-gpu-aware -n5
.//tmp_files/9378.sh: line 3: 77912 Segmentation fault      speed3d_r2c fftw float-long 1024 1024 1024 -reorder -a2av -r2c_dir 0 -ingrid 2048 1 1 -outgrid 2048 1 1 -no-gpu-aware -n5
.//tmp_files/9378.sh: line 3: 77929 Segmentation fault      speed3d_r2c fftw float-long 1024 1024 1024 -reorder -a2av -r2c_dir 0 -ingrid 2048 1 1 -outgrid 2048 1 1 -no-gpu-aware -n5
.//tmp_files/9378.sh: line 3: 77928 Segmentation fault      speed3d_r2c fftw float-long 1024 1024 1024 -reorder -a2av -r2c_dir 0 -ingrid 2048 1 1 -outgrid 2048 1 1 -no-gpu-aware -n5
.//tmp_files/9378.sh: line 3: 77926 Segmentation fault      speed3d_r2c fftw float-long 1024 1024 1024 -reorder -a2av -r2c_dir 0 -ingrid 2048 1 1 -outgrid 2048 1 1 -no-gpu-aware -n5
.//tmp_files/9378.sh: line 3: 77920 Segmentation fault      speed3d_r2c fftw float-long 1024 1024 1024 -reorder -a2av -r2c_dir 0 -ingrid 2048 1 1 -outgrid 2048 1 1 -no-gpu-aware -n5
.//tmp_files/9378.sh: line 3: 77858 Segmentation fault      speed3d_r2c fftw float-long 1024 1024 1024 -reorder -a2av -r2c_dir 0 -ingrid 2048 1 1 -outgrid 2048 1 1 -no-gpu-aware -n5
.//tmp_files/9378.sh: line 3: 77853 Segmentation fault      speed3d_r2c fftw float-long 1024 1024 1024 -reorder -a2av -r2c_dir 0 -ingrid 2048 1 1 -outgrid 2048 1 1 -no-gpu-aware -n5
.//tmp_files/9378.sh: line 3: 77850 Segmentation fault      speed3d_r2c fftw float-long 1024 1024 1024 -reorder -a2av -r2c_dir 0 -ingrid 2048 1 1 -outgrid 2048 1 1 -no-gpu-aware -n5
.//tmp_files/9378.sh: line 3: 77852 Segmentation fault      speed3d_r2c fftw float-long 1024 1024 1024 -reorder -a2av -r2c_dir 0 -ingrid 2048 1 1 -outgrid 2048 1 1 -no-gpu-aware -n5
.//tmp_files/9378.sh: line 3: 77877 Segmentation fault      speed3d_r2c fftw float-long 1024 1024 1024 -reorder -a2av -r2c_dir 0 -ingrid 2048 1 1 -outgrid 2048 1 1 -no-gpu-aware -n5
.//tmp_files/9378.sh: line 3: 77929 Segmentation fault      speed3d_r2c fftw float-long 1024 1024 1024 -reorder -a2av -r2c_dir 0 -ingrid 2048 1 1 -outgrid 2048 1 1 -no-gpu-aware -n5
.//tmp_files/9378.sh: line 3: 77857 Segmentation fault      speed3d_r2c fftw float-long 1024 1024 1024 -reorder -a2av -r2c_dir 0 -ingrid 2048 1 1 -outgrid 2048 1 1 -no-gpu-aware -n5
.//tmp_files/9378.sh: line 3: 77886 Segmentation fault      speed3d_r2c fftw float-long 1024 1024 1024 -reorder -a2av -r2c_dir 0 -ingrid 2048 1 1 -outgrid 2048 1 1 -no-gpu-aware -n5
.//tmp_files/9378.sh: line 3: 77884 Segmentation fault      speed3d_r2c fftw float-long 1024 1024 1024 -reorder -a2av -r2c_dir 0 -ingrid 2048 1 1 -outgrid 2048 1 1 -no-gpu-aware -n5
.//tmp_files/9378.sh: line 3: 77914 Segmentati.//tmp_files/9378.sh: line 3: 77930 Segmentation fault      speed3d_r2c fftw float-long 1024 1024 1024 -reorder -a2av -r2c_dir 0 -ingrid 2048 1 1 -outgrid 2048 1 1 -no-gpu-aware -n5
.//tmp_files/9378.sh: line 3: 77855 Segmentation fault      speed3d_r2c fftw float-long 1024 1024 1024 -reorder -a2av -r2c_dir 0 -ingrid 2048 1 1 -outgrid 2048 1 1 -no-gpu-aware -n5
.//tmp_files/9378.sh: line 3: 77918 Segmentation fault      speed3d_r2c fftw float-long 1024 1024 1024 -reorder -a2av -r2c_dir 0 -ingrid 2048 1 1 -outgrid 2048 1 1 -no-gpu-aware -n5
.//tmp_files/9378.sh: line 3: 77914 Segmentation fault      speed3d_r2c fftw float-long 1024 1024 1024 -reorder -a2av -r2c_dir 0 -ingrid 2048 1 1 -outgrid 2048 1 1 -no-gpu-aware -n5
.//tmp_files/9378.sh: line 3: 77922 Segmentation fault      speed3d_r2c fftw float-long 1024 1024 1024 -reorder -a2av -r2c_dir 0 -ingrid 2048 1 1 -outgrid 2048 1 1 -no-gpu-aware -n5
.//tmp_files/9378.sh: line 3: 77875 Segmentation fault      speed3d_r2c fftw float-long 1024 1024 1024 -reorder -a2av -r2c_dir 0 -ingrid 2048 1 1 -outgrid 2048 1 1 -no-gpu-aware -n5
.//tmp_files/9378.sh: line 3: 77879 Segmentation fault      speed3d_r2c fftw float-long 1024 1024 1024 -reorder -a2av -r2c_dir 0 -ingrid 2048 1 1 -outgrid 2048 1 1 -no-gpu-aware -n5
.//tmp_files/9378.sh: line 3: 77916 Segmentation fault      speed3d_r2c fftw float-long 1024 1024 1024 -reorder -a2av -r2c_dir 0 -ingrid 2048 1 1 -outgrid 2048 1 1 -no-gpu-aware -n5
.//tmp_files/9378.sh: line 3: 77924 Segmentation fault      speed3d_r2c fftw float-long 1024 1024 1024 -reorder -a2av -r2c_dir 0 -ingrid 2048 1 1 -outgrid 2048 1 1 -no-gpu-aware -n5
.//tmp_files/9378.sh: line 3: 77917 Segmentation fault      speed3d_r2c fftw float-long 1024 1024 1024 -reorder -a2av -r2c_dir 0 -ingrid 2048 1 1 -outgrid 2048 1 1 -no-gpu-aware -n5
.//tmp_files/9378.sh: line 3: 77925 Segmentation fault      speed3d_r2c fftw float-long 1024 1024 1024 -reorder -a2av -r2c_dir 0 -ingrid 2048 1 1 -outgrid 2048 1 1 -no-gpu-aware -n5
.//tmp_files/9378.sh: line 3: 77919 Segmentation fault      speed3d_r2c fftw float-long 1024 1024 1024 -reorder -a2av -r2c_dir 0 -ingrid 2048 1 1 -outgrid 2048 1 1 -no-gpu-aware -n5
.//tmp_files/9378.sh: line 3: 77920 Segmentati.//tmp_files/9378.sh: line 3: 77873 Segmentation fault      speed3d_r2c fftw float-long 1024 1024 1024 -reorder -a2av -r2c_dir 0 -ingrid 2048 1 1 -outgrid 2048 1 1 -no-gpu-aware -n5
.//tmp_files/9378.sh: line 3: 77923 Segmentation fault      speed3d_r2c fftw float-long 1024 1024 1024 -reorder -a2av -r2c_dir 0 -ingrid 2048 1 1 -outgrid 2048 1 1 -no-gpu-aware -n5
.//tmp_files/9378.sh: line 3: 77951 Segmentation fault      speed3d_r2c fftw float-long 1024 1024 1024 -reorder -a2av -r2c_dir 0 -ingrid 2048 1 1 -outgrid 2048 1 1 -no-gpu-aware -n5
.//tmp_files/9378.sh: line 3: 78014 Segmentation fault      speed3d_r2c fftw float-long 1024 1024 1024 -reorder -a2av -r2c_dir 0 -ingrid 2048 1 1 -outgrid 2048 1 1 -no-gpu-aware -n5
.//tmp_files/9378.sh: line 3: 77826 Segmentation fault      speed3d_r2c fftw float-long 1024 1024 1024 -reorder -a2av -r2c_dir 0 -ingrid 2048 1 1 -outgrid 2048 1 1 -no-gpu-aware -n5
.//tmp_files/9378.sh: line 3: 77899 Segmentation fault      speed3d_r2c fftw float-long 1024 1024 1024 -reorder -a2av -r2c_dir 0 -ingrid 2048 1 1 -outgrid 2048 1 1 -no-gpu-aware -n5
.//tmp_files/9378.sh: line 3: 77876 Segmentation fault      speed3d_r2c fftw float-long 1024 1024 1024 -reorder -a2av -r2c_dir 0 -ingrid 2048 1 1 -outgrid 2048 1 1 -no-gpu-aware -n5
.//tmp_files/9378.sh: line 3: 77913 Segmentation fault      speed3d_r2c fftw float-long 1024 1024 1024 -reorder -a2av -r2c_dir 0 -ingrid 2048 1 1 -outgrid 2048 1 1 -no-gpu-aware -n5
.//tmp_files/9378.sh: line 3: 77896 Segmentation fault      speed3d_r2c fftw float-long 1024 1024 1024 -reorder -a2av -r2c_dir 0 -ingrid 2048 1 1 -outgrid 2048 1 1 -no-gpu-aware -n5
.//tmp_files/9378.sh: line 3: 77917 Segmentation fault      speed3d_r2c fftw float-long 1024 1024 1024 -reorder -a2av -r2c_dir 0 -ingrid 2048 1 1 -outgrid 2048 1 1 -no-gpu-aware -n5
.//tmp_files/9378.sh: line 3: 77920 Segmentation fault      speed3d_r2c fftw float-long 1024 1024 1024 -reorder -a2av -r2c_dir 0 -ingrid 2048 1 1 -outgrid 2048 1 1 -no-gpu-aware -n5
.//tmp_files/9378.sh: line 3: 77855 Segmentation fault      speed3d_r2c fftw float-long 1024 1024 1024 -reorder -a2av -r2c_dir 0 -ingrid 2048 1 1 -outgrid 2048 1 1 -no-gpu-aware -n5
.//tmp_files/9378.sh: line 3: 77925 Segmentation fault      speed3d_r2c fftw float-long 1024 1024 1024 -reorder -a2av -r2c_dir 0 -ingrid 2048 1 1 -outgrid 2048 1 1 -no-gpu-aware -n5
.//tmp_files/9378.sh: line 3: 77893 Segmentation fault      speed3d_r2c fftw float-long 1024 1024 1024 -reorder -a2av -r2c_dir 0 -ingrid 2048 1 1 -outgrid 2048 1 1 -no-gpu-aware -n5
.//tmp_files/9378.sh: line 3: 78003 Segmentation fault      speed3d_r2c fftw float-long 1024 1024 1024 -reorder -a2av -r2c_dir 0 -ingrid 2048 1 1 -outgrid 2048 1 1 -no-gpu-aware -n5
.//tmp_files/9378.sh: line 3: 77936 Segmentation fault      speed3d_r2c fftw float-long 1024 1024 1024 -reorder -a2av -r2c_dir 0 -ingrid 2048 1 1 -outgrid 2048 1 1 -no-gpu-aware -n5
.//tmp_files/9378.sh: line 3: 77863 Segmentation fault      speed3d_r2c fftw float-long 1024 1024 1024 -reorder -a2av -r2c_dir 0 -ingrid 2048 1 1 -outgrid 2048 1 1 -no-gpu-aware -n5
.//tmp_files/9378.sh: line 3: 77932 Segmentation fault      speed3d_r2c fftw float-long 1024 1024 1024 -reorder -a2av -r2c_dir 0 -ingrid 2048 1 1 -outgrid 2048 1 1 -no-gpu-aware -n5
.//tmp_files/9378.sh: line 3: 77886 Segmentation fault      speed3d_r2c fftw float-long 1024 1024 1024 -reorder -a2av -r2c_dir 0 -ingrid 2048 1 1 -outgrid 2048 1 1 -no-gpu-aware -n5
.//tmp_files/9378.sh: line 3: 77941 Segmentation fault      speed3d_r2c fftw float-long 1024 1024 1024 -reorder -a2av -r2c_dir 0 -ingrid 2048 1 1 -outgrid 2048 1 1 -no-gpu-aware -n5
.//tmp_files/9378.sh: line 3: 77871 Segmentation fault      speed3d_r2c fftw float-long 1024 1024 1024 -reorder -a2av -r2c_dir 0 -ingrid 2048 1 1 -outgrid 2048 1 1 -no-gpu-aware -n5
.//tmp_files/9378.sh: line 3: 77862 Segmentation fault      speed3d_r2c fftw float-long 1024 1024 1024 -reorder -a2av -r2c_dir 0 -ingrid 2048 1 1 -outgrid 2048 1 1 -no-gpu-aware -n5
.//tmp_files/9378.sh: line 3: 77898 Segmentation fault      speed3d_r2c fftw float-long 1024 1024 1024 -reorder -a2av -r2c_dir 0 -ingrid 2048 1 1 -outgrid 2048 1 1 -no-gpu-aware -n5
.//tmp_files/9378.sh: line 3: 77908 Segmentation fault      speed3d_r2c fftw float-long 1024 1024 1024 -reorder -a2av -r2c_dir 0 -ingrid 2048 1 1 -outgrid 2048 1 1 -no-gpu-aware -n5
.//tmp_files/9378.sh: line 3: 77906 Segmentation fault      speed3d_r2c fftw float-long 1024 1024 1024 -reorder -a2av -r2c_dir 0 -ingrid 2048 1 1 -outgrid 2048 1 1 -no-gpu-aware -n5
.//tmp_files/9378.sh: line 3: 77879 Segmentation fault      speed3d_r2c fftw float-long 1024 1024 1024 -reorder -a2av -r2c_dir 0 -ingrid 2048 1 1 -outgrid 2048 1 1 -no-gpu-aware -n5
.//tmp_files/9378.sh: line 3: 77860 Segmentation fault      speed3d_r2c fftw float-long 1024 1024 1024 -reorder -a2av -r2c_dir 0 -ingrid 2048 1 1 -outgrid 2048 1 1 -no-gpu-aware -n5
.//tmp_files/9378.sh: line 3: 77878 Segmentation fault      speed3d_r2c fftw float-long 1024 1024 1024 -reorder -a2av -r2c_dir 0 -ingrid 2048 1 1 -outgrid 2048 1 1 -no-gpu-aware -n5
.//tmp_files/9378.sh: line 3: 77918 Segmentation fault      speed3d_r2c fftw float-long 1024 1024 1024 -reorder -a2av -r2c_dir 0 -ingrid 2048 1 1 -outgrid 2048 1 1 -no-gpu-aware -n5
.//tmp_files/9378.sh: line 3: 77947 Segmentation fault      speed3d_r2c fftw float-long 1024 1024 1024 -reorder -a2av -r2c_dir 0 -ingrid 2048 1 1 -outgrid 2048 1 1 -no-gpu-aware -n5
.//tmp_files/9378.sh: line 3: 77955 Segmentation fault      speed3d_r2c fftw float-long 1024 1024 1024 -reorder -a2av -r2c_dir 0 -ingrid 2048 1 1 -outgrid 2048 1 1 -no-gpu-aware -n5
.//tmp_files/9378.sh: line 3: 77906 Segmentation fault      speed3d_r2c fftw float-long 1024 1024 1024 -reorder -a2av -r2c_dir 0 -ingrid 2048 1 1 -outgrid 2048 1 1 -no-gpu-aware -n5
.//tmp_files/9378.sh: line 3: 77905 Segmentation fault      speed3d_r2c fftw float-long 1024 1024 1024 -reorder -a2av -r2c_dir 0 -ingrid 2048 1 1 -outgrid 2048 1 1 -no-gpu-aware -n5
.//tmp_files/9378.sh: line 3: 77919 Segmentation fault      speed3d_r2c fftw float-long 1024 1024 1024 -reorder -a2av -r2c_dir 0 -ingrid 2048 1 1 -outgrid 2048 1 1 -no-gpu-aware -n5
.//tmp_files/9378.sh: line 3: 77925 Segmentation fault      speed3d_r2c fftw float-long 1024 1024 1024 -reorder -a2av -r2c_dir 0 -ingrid 2048 1 1 -outgrid 2048 1 1 -no-gpu-aware -n5
.//tmp_files/9378.sh: line 3: 77922 Segmentation fault      speed3d_r2c fftw float-long 1024 1024 1024 -reorder -a2av -r2c_dir 0 -ingrid 2048 1 1 -outgrid 2048 1 1 -no-gpu-aware -n5
.//tmp_files/9378.sh: line 3: 77908 Segmentation fault      speed3d_r2c fftw float-long 1024 1024 1024 -reorder -a2av -r2c_dir 0 -ingrid 2048 1 1 -outgrid 2048 1 1 -no-gpu-aware -n5
.//tmp_files/9378.sh: line 3: 77973 Segmentation fault      speed3d_r2c fftw float-long 1024 1024 1024 -reorder -a2av -r2c_dir 0 -ingrid 2048 1 1 -outgrid 2048 1 1 -no-gpu-aware -n5
.//tmp_files/9378.sh: line 3: 77967 Segmentation fault      speed3d_r2c fftw float-long 1024 1024 1024 -reorder -a2av -r2c_dir 0 -ingrid 2048 1 1 -outgrid 2048 1 1 -no-gpu-aware -n5
.//tmp_files/9378.sh: line 3: 77916 Segmentation fault      speed3d_r2c fftw float-long 1024 1024 1024 -reorder -a2av -r2c_dir 0 -ingrid 2048 1 1 -outgrid 2048 1 1 -no-gpu-aware -n5
.//tmp_files/9378.sh: line 3: 77895 Segmentation fault      speed3d_r2c fftw float-long 1024 1024 1024 -reorder -a2av -r2c_dir 0 -ingrid 2048 1 1 -outgrid 2048 1 1 -no-gpu-aware -n5
.//tmp_files/9378.sh: line 3: 77964 Segmentation fault      speed3d_r2c fftw float-long 1024 1024 1024 -reorder -a2av -r2c_dir 0 -ingrid 2048 1 1 -outgrid 2048 1 1 -no-gpu-aware -n5
.//tmp_files/9378.sh: line 3: 77908 Segmentation fault      speed3d_r2c fftw float-long 1024 1024 1024 -reorder -a2av -r2c_dir 0 -ingrid 2048 1 1 -outgrid 2048 1 1 -no-gpu-aware -n5
.//tmp_files/9378.sh: line 3: 77901 Segmentation fault      speed3d_r2c fftw float-long 1024 1024 1024 -reorder -a2av -r2c_dir 0 -ingrid 2048 1 1 -outgrid 2048 1 1 -no-gpu-aware -n5
.//tmp_files/9378.sh: line 3: 77909 Segmentation fault      speed3d_r2c fftw float-long 1024 1024 1024 -reorder -a2av -r2c_dir 0 -ingrid 2048 1 1 -outgrid 2048 1 1 -no-gpu-aware -n5
.//tmp_files/9378.sh: line 3: 77914 Segmentation fault      speed3d_r2c fftw float-long 1024 1024 1024 -reorder -a2av -r2c_dir 0 -ingrid 2048 1 1 -outgrid 2048 1 1 -no-gpu-aware -n5
.//tmp_files/9378.sh: line 3: 77945 Segmentation fault      speed3d_r2c fftw float-long 1024 1024 1024 -reorder -a2av -r2c_dir 0 -ingrid 2048 1 1 -outgrid 2048 1 1 -no-gpu-aware -n5
.//tmp_files/9378.sh: line 3: 77946 Segmentation fault      speed3d_r2c fftw float-long 1024 1024 1024 -reorder -a2av -r2c_dir 0 -ingrid 2048 1 1 -outgrid 2048 1 1 -no-gpu-aware -n5
.//tmp_files/9378.sh: line 3: 77933 Segmentation fault      speed3d_r2c fftw float-long 1024 1024 1024 -reorder -a2av -r2c_dir 0 -ingrid 2048 1 1 -outgrid 2048 1 1 -no-gpu-aware -n5
.//tmp_files/9378.sh: line 3: 77937 Segmentation fault      speed3d_r2c fftw float-long 1024 1024 1024 -reorder -a2av -r2c_dir 0 -ingrid 2048 1 1 -outgrid 2048 1 1 -no-gpu-aware -n5
.//tmp_files/9378.sh: line 3: 77941 Segmentation fault      speed3d_r2c fftw float-long 1024 1024 1024 -reorder -a2av -r2c_dir 0 -ingrid 2048 1 1 -outgrid 2048 1 1 -no-gpu-aware -n5
.//tmp_files/9378.sh: line 3: 77942 Segmentation fault      speed3d_r2c fftw float-long 1024 1024 1024 -reorder -a2av -r2c_dir 0 -ingrid 2048 1 1 -outgrid 2048 1 1 -no-gpu-aware -n5
.//tmp_files/9378.sh: line 3: 77929 Segmentation fault      speed3d_r2c fftw float-long 1024 1024 1024 -reorder -a2av -r2c_dir 0 -ingrid 2048 1 1 -outgrid 2048 1 1 -no-gpu-aware -n5
.//tmp_files/9378.sh: line 3: 77939 Segmentation fault      speed3d_r2c fftw float-long 1024 1024 1024 -reorder -a2av -r2c_dir 0 -ingrid 2048 1 1 -outgrid 2048 1 1 -no-gpu-aware -n5
.//tmp_files/9378.sh: line 3: 77940 Segmentation fault      speed3d_r2c fftw float-long 1024 1024 1024 -reorder -a2av -r2c_dir 0 -ingrid 2048 1 1 -outgrid 2048 1 1 -no-gpu-aware -n5
.//tmp_files/9378.sh: line 3: 77902 Segmentation fault      speed3d_r2c fftw float-long 1024 1024 1024 -reorder -a2av -r2c_dir 0 -ingrid 2048 1 1 -outgrid 2048 1 1 -no-gpu-aware -n5
.//tmp_files/9378.sh: line 3: 77920 Segmentation fault      speed3d_r2c fftw float-long 1024 1024 1024 -reorder -a2av -r2c_dir 0 -ingrid 2048 1 1 -outgrid 2048 1 1 -no-gpu-aware -n5
.//tmp_files/9378.sh: line 3: 77934 Segmentation fault      speed3d_r2c fftw float-long 1024 1024 1024 -reorder -a2av -r2c_dir 0 -ingrid 2048 1 1 -outgrid 2048 1 1 -no-gpu-aware -n5
.//tmp_files/9378.sh: line 3: 77905 Segmentation fault      speed3d_r2c fftw float-long 1024 1024 1024 -reorder -a2av -r2c_dir 0 -ingrid 2048 1 1 -outgrid 2048 1 1 -no-gpu-aware -n5
.//tmp_files/9378.sh: line 3: 77948 Segmentation fault      speed3d_r2c fftw float-long 1024 1024 1024 -reorder -a2av -r2c_dir 0 -ingrid 2048 1 1 -outgrid 2048 1 1 -no-gpu-aware -n5
.//tmp_files/9378.sh: line 3: 77906 Segmentation fault      speed3d_r2c fftw float-long 1024 1024 1024 -reorder -a2av -r2c_dir 0 -ingrid 2048 1 1 -outgrid 2048 1 1 -no-gpu-aware -n5
.//tmp_files/9378.sh: line 3: 77971 Segmentation fault      speed3d_r2c fftw float-long 1024 1024 1024 -reorder -a2av -r2c_dir 0 -ingrid 2048 1 1 -outgrid 2048 1 1 -no-gpu-aware -n5
.//tmp_files/9378.sh: line 3: 77967 Segmentation fault      speed3d_r2c fftw float-long 1024 1024 1024 -reorder -a2av -r2c_dir 0 -ingrid 2048 1 1 -outgrid 2048 1 1 -no-gpu-aware -n5
.//tmp_files/9378.sh: line 3: 77937 Segmentation fault      speed3d_r2c fftw float-long 1024 1024 1024 -reorder -a2av -r2c_dir 0 -ingrid 2048 1 1 -outgrid 2048 1 1 -no-gpu-aware -n5
.//tmp_files/9378.sh: line 3: 77907 Segmentation fault      speed3d_r2c fftw float-long 1024 1024 1024 -reorder -a2av -r2c_dir 0 -ingrid 2048 1 1 -outgrid 2048 1 1 -no-gpu-aware -n5
.//tmp_files/9378.sh: line 3: 77957 Segmentation fault      speed3d_r2c fftw float-long 1024 1024 1024 -reorder -a2av -r2c_dir 0 -ingrid 2048 1 1 -outgrid 2048 1 1 -no-gpu-aware -n5
.//tmp_files/9378.sh: line 3: 77945 Segmentation fault      speed3d_r2c fftw float-long 1024 1024 1024 -reorder -a2av -r2c_dir 0 -ingrid 2048 1 1 -outgrid 2048 1 1 -no-gpu-aware -n5
.//tmp_files/9378.sh: line 3: 77947 Segmentati.//tmp_files/9378.sh: line 3: 77890 Segmentation fault      speed3d_r2c fftw float-long 1024 1024 1024 -reorder -a2av -r2c_dir 0 -ingrid 2048 1 1 -outgrid 2048 1 1 -no-gpu-aware -n5
.//tmp_files/9378.sh: line 3: 77873 Segmentation fault      speed3d_r2c fftw float-long 1024 1024 1024 -reorder -a2av -r2c_dir 0 -ingrid 2048 1 1 -outgrid 2048 1 1 -no-gpu-aware -n5
.//tmp_files/9378.sh: line 3: 77998 Segmentation fault      speed3d_r2c fftw float-long 1024 1024 1024 -reorder -a2av -r2c_dir 0 -ingrid 2048 1 1 -outgrid 2048 1 1 -no-gpu-aware -n5
.//tmp_files/9378.sh: line 3: 77961 Segmentation fault      speed3d_r2c fftw float-long 1024 1024 1024 -reorder -a2av -r2c_dir 0 -ingrid 2048 1 1 -outgrid 2048 1 1 -no-gpu-aware -n5
.//tmp_files/9378.sh: line 3: 77966 Segmentation fault      speed3d_r2c fftw float-long 1024 1024 1024 -reorder -a2av -r2c_dir 0 -ingrid 2048 1 1 -outgrid 2048 1 1 -no-gpu-aware -n5
.//tmp_files/9378.sh: line 3: 78022 Segmentation fault      speed3d_r2c fftw float-long 1024 1024 1024 -reorder -a2av -r2c_dir 0 -ingrid 2048 1 1 -outgrid 2048 1 1 -no-gpu-aware -n5
.//tmp_files/9378.sh: line 3: 77827 Segmentation fault      speed3d_r2c fftw float-long 1024 1024 1024 -reorder -a2av -r2c_dir 0 -ingrid 2048 1 1 -outgrid 2048 1 1 -no-gpu-aware -n5
.//tmp_files/9378.sh: line 3: 77895 Segmentation fault      speed3d_r2c fftw float-long 1024 1024 1024 -reorder -a2av -r2c_dir 0 -ingrid 2048 1 1 -outgrid 2048 1 1 -no-gpu-aware -n5
.//tmp_files/9378.sh: line 3: 77886 Segmentation fault      speed3d_r2c fftw float-long 1024 1024 1024 -reorder -a2av -r2c_dir 0 -ingrid 2048 1 1 -outgrid 2048 1 1 -no-gpu-aware -n5
.//tmp_files/9378.sh: line 3: 77923 Segmentation fault      speed3d_r2c fftw float-long 1024 1024 1024 -reorder -a2av -r2c_dir 0 -ingrid 2048 1 1 -outgrid 2048 1 1 -no-gpu-aware -n5
.//tmp_files/9378.sh: line 3: 77872 Segmentation fault      speed3d_r2c fftw float-long 1024 1024 1024 -reorder -a2av -r2c_dir 0 -ingrid 2048 1 1 -outgrid 2048 1 1 -no-gpu-aware -n5
.//tmp_files/9378.sh: line 3: 77922 Segmentation fault      speed3d_r2c fftw float-long 1024 1024 1024 -reorder -a2av -r2c_dir 0 -ingrid 2048 1 1 -outgrid 2048 1 1 -no-gpu-aware -n5
.//tmp_files/9378.sh: line 3: 77930 Segmentation fault      speed3d_r2c fftw float-long 1024 1024 1024 -reorder -a2av -r2c_dir 0 -ingrid 2048 1 1 -outgrid 2048 1 1 -no-gpu-aware -n5
.//tmp_files/9378.sh: line 3: 77908 Segmentation fault      speed3d_r2c fftw float-long 1024 1024 1024 -reorder -a2av -r2c_dir 0 -ingrid 2048 1 1 -outgrid 2048 1 1 -no-gpu-aware -n5
.//tmp_files/9378.sh: line 3: 77894 Segmentation fault      speed3d_r2c fftw float-long 1024 1024 1024 -reorder -a2av -r2c_dir 0 -ingrid 2048 1 1 -outgrid 2048 1 1 -no-gpu-aware -n5
.//tmp_files/9378.sh: line 3: 77887 Segmentation fault      speed3d_r2c fftw float-long 1024 1024 1024 -reorder -a2av -r2c_dir 0 -ingrid 2048 1 1 -outgrid 2048 1 1 -no-gpu-aware -n5
.//tmp_files/9378.sh: line 3: 77898 Segmentation fault      speed3d_r2c fftw float-long 1024 1024 1024 -reorder -a2av -r2c_dir 0 -ingrid 2048 1 1 -outgrid 2048 1 1 -no-gpu-aware -n5
.//tmp_files/9378.sh: line 3: 77859 Segmentation fault      speed3d_r2c fftw float-long 1024 1024 1024 -reorder -a2av -r2c_dir 0 -ingrid 2048 1 1 -outgrid 2048 1 1 -no-gpu-aware -n5
.//tmp_files/9378.sh: line 3: 77856 Segmentation fault      speed3d_r2c fftw float-long 1024 1024 1024 -reorder -a2av -r2c_dir 0 -ingrid 2048 1 1 -outgrid 2048 1 1 -no-gpu-aware -n5
.//tmp_files/9378.sh: line 3: 77864 Segmentation fault      speed3d_r2c fftw float-long 1024 1024 1024 -reorder -a2av -r2c_dir 0 -ingrid 2048 1 1 -outgrid 2048 1 1 -no-gpu-aware -n5
.//tmp_files/9378.sh: line 3: 77996 Segmentation fault      speed3d_r2c fftw float-long 1024 1024 1024 -reorder -a2av -r2c_dir 0 -ingrid 2048 1 1 -outgrid 2048 1 1 -no-gpu-aware -n5
.//tmp_files/9378.sh: line 3: 78025 Segmentation fault      speed3d_r2c fftw float-long 1024 1024 1024 -reorder -a2av -r2c_dir 0 -ingrid 2048 1 1 -outgrid 2048 1 1 -no-gpu-aware -n5
.//tmp_files/9378.sh: line 3: 77992 Segmentation fault      speed3d_r2c fftw float-long 1024 1024 1024 -reorder -a2av -r2c_dir 0 -ingrid 2048 1 1 -outgrid 2048 1 1 -no-gpu-aware -n5
.//tmp_files/9378.sh: line 3: 77912 Segmentation fault      speed3d_r2c fftw float-long 1024 1024 1024 -reorder -a2av -r2c_dir 0 -ingrid 2048 1 1 -outgrid 2048 1 1 -no-gpu-aware -n5
on fault      speed3d_r2c fftw float-long 1024 1024 1024 -reorder -a2av -r2c_dir 0 -ingrid 2048 1 1 -outgrid 2048 1 1 -no-gpu-aware -n5
.//tmp_files/9378.sh: line 3: 77956 Segmentation fault      speed3d_r2c fftw float-long 1024 1024 1024 -reorder -a2av -r2c_dir 0 -ingrid 2048 1 1 -outgrid 2048 1 1 -no-gpu-aware -n5
.//tmp_files/9378.sh: line 3: 77953 Segmentation fault      speed3d_r2c fftw float-long 1024 1024 1024 -reorder -a2av -r2c_dir 0 -ingrid 2048 1 1 -outgrid 2048 1 1 -no-gpu-aware -n5
.//tmp_files/9378.sh: line 3: 77978 Segmentation fault      speed3d_r2c fftw float-long 1024 1024 1024 -reorder -a2av -r2c_dir 0 -ingrid 2048 1 1 -outgrid 2048 1 1 -no-gpu-aware -n5
.//tmp_files/9378.sh: line 3: 77965 Segmentation fault      speed3d_r2c fftw float-long 1024 1024 1024 -reorder -a2av -r2c_dir 0 -ingrid 2048 1 1 -outgrid 2048 1 1 -no-gpu-aware -n5
.//tmp_files/9378.sh: line 3: 77969 Segmentation fault      speed3d_r2c fftw float-long 1024 1024 1024 -reorder -a2av -r2c_dir 0 -ingrid 2048 1 1 -outgrid 2048 1 1 -no-gpu-aware -n5
.//tmp_files/9378.sh: line 3: 77888 Segmentation fault      speed3d_r2c fftw float-long 1024 1024 1024 -reorder -a2av -r2c_dir 0 -ingrid 2048 1 1 -outgrid 2048 1 1 -no-gpu-aware -n5
.//tmp_files/9378.sh: line 3: 77919 Segmentation fault      speed3d_r2c fftw float-long 1024 1024 1024 -reorder -a2av -r2c_dir 0 -ingrid 2048 1 1 -outgrid 2048 1 1 -no-gpu-aware -n5
.//tmp_files/9378.sh: line 3: 77911 Segmentation fault      speed3d_r2c fftw float-long 1024 1024 1024 -reorder -a2av -r2c_dir 0 -ingrid 2048 1 1 -outgrid 2048 1 1 -no-gpu-aware -n5
.//tmp_files/9378.sh: line 3: 77889 Segmentation fault      speed3d_r2c fftw float-long 1024 1024 1024 -reorder -a2av -r2c_dir 0 -ingrid 2048 1 1 -outgrid 2048 1 1 -no-gpu-aware -n5
.//tmp_files/9378.sh: line 3: 77884 Segmentation fault      speed3d_r2c fftw float-long 1024 1024 1024 -reorder -a2av -r2c_dir 0 -ingrid 2048 1 1 -outgrid 2048 1 1 -no-gpu-aware -n5
.//tmp_files/9378.sh: line 3: 77896 Segmentation fault      speed3d_r2c fftw float-long 1024 1024 1024 -reorder -a2av -r2c_dir 0 -ingrid 2048 1 1 -outgrid 2048 1 1 -no-gpu-aware -n5
.//tmp_files/9378.sh: line 3: 77954 Segmentation fault      speed3d_r2c fftw float-long 1024 1024 1024 -reorder -a2av -r2c_dir 0 -ingrid 2048 1 1 -outgrid 2048 1 1 -no-gpu-aware -n5
.//tmp_files/9378.sh: line 3: 77945 Segmentation fault      speed3d_r2c fftw float-long 1024 1024 1024 -reorder -a2av -r2c_dir 0 -ingrid 2048 1 1 -outgrid 2048 1 1 -no-gpu-aware -n5
.//tmp_files/9378.sh: line 3: 77885 Segmentation fault      speed3d_r2c fftw float-long 1024 1024 1024 -reorder -a2av -r2c_dir 0 -ingrid 2048 1 1 -outgrid 2048 1 1 -no-gpu-aware -n5
.//tmp_files/9378.sh: line 3: 77963 Segmentation fault      speed3d_r2c fftw float-long 1024 1024 1024 -reorder -a2av -r2c_dir 0 -ingrid 2048 1 1 -outgrid 2048 1 1 -no-gpu-aware -n5
.//tmp_files/9378.sh: line 3: 77914 Segmentation fault      speed3d_r2c fftw float-long 1024 1024 1024 -reorder -a2av -r2c_dir 0 -ingrid 2048 1 1 -outgrid 2048 1 1 -no-gpu-aware -n5
.//tmp_files/9378.sh: line 3: 77947 Segmentation fault      speed3d_r2c fftw float-long 1024 1024 1024 -reorder -a2av -r2c_dir 0 -ingrid 2048 1 1 -outgrid 2048 1 1 -no-gpu-aware -n5
.//tmp_files/9378.sh: line 3: 77950 Segmentation fault      speed3d_r2c fftw float-long 1024 1024 1024 -reorder -a2av -r2c_dir 0 -ingrid 2048 1 1 -outgrid 2048 1 1 -no-gpu-aware -n5
.//tmp_files/9378.sh: line 3: 77954 Segmentation fault      speed3d_r2c fftw float-long 1024 1024 1024 -reorder -a2av -r2c_dir 0 -ingrid 2048 1 1 -outgrid 2048 1 1 -no-gpu-aware -n5
.//tmp_files/9378.sh: line 3: 77922 Segmentation fault      speed3d_r2c fftw float-long 1024 1024 1024 -reorder -a2av -r2c_dir 0 -ingrid 2048 1 1 -outgrid 2048 1 1 -no-gpu-aware -n5
.//tmp_files/9378.sh: line 3: 77939 Segmentation fault      speed3d_r2c fftw float-long 1024 1024 1024 -reorder -a2av -r2c_dir 0 -ingrid 2048 1 1 -outgrid 2048 1 1 -no-gpu-aware -n5
.//tmp_files/9378.sh: line 3: 77856 Segmentation fault      speed3d_r2c fftw float-long 1024 1024 1024 -reorder -a2av -r2c_dir 0 -ingrid 2048 1 1 -outgrid 2048 1 1 -no-gpu-aware -n5
.//tmp_files/9378.sh: line 3: 77897 Segmentation fault      speed3d_r2c fftw float-long 1024 1024 1024 -reorder -a2av -r2c_dir 0 -ingrid 2048 1 1 -outgrid 2048 1 1 -no-gpu-aware -n5
.//tmp_files/9378.sh: line 3: 77945 Segmentation fault      speed3d_r2c fftw float-long 1024 1024 1024 -reorder -a2av -r2c_dir 0 -ingrid 2048 1 1 -outgrid 2048 1 1 -no-gpu-aware -n5
.//tmp_files/9378.sh: line 3: 77983 Segmentation fault      speed3d_r2c fftw float-long 1024 1024 1024 -reorder -a2av -r2c_dir 0 -ingrid 2048 1 1 -outgrid 2048 1 1 -no-gpu-aware -n5
.//tmp_files/9378.sh: line 3: 77846 Segmentation fault      speed3d_r2c fftw float-long 1024 1024 1024 -reorder -a2av -r2c_dir 0 -ingrid 2048 1 1 -outgrid 2048 1 1 -no-gpu-aware -n5
.//tmp_files/9378.sh: line 3: 77895 Segmentation fault      speed3d_r2c fftw float-long 1024 1024 1024 -reorder -a2av -r2c_dir 0 -ingrid 2048 1 1 -outgrid 2048 1 1 -no-gpu-aware -n5
.//tmp_files/9378.sh: line 3: 77927 Segmentation fault      speed3d_r2c fftw float-long 1024 1024 1024 -reorder -a2av -r2c_dir 0 -ingrid 2048 1 1 -outgrid 2048 1 1 -no-gpu-aware -n5
.//tmp_files/9378.sh: line 3: 77918 Segmentation fault      speed3d_r2c fftw float-long 1024 1024 1024 -reorder -a2av -r2c_dir 0 -ingrid 2048 1 1 -outgrid 2048 1 1 -no-gpu-aware -n5
.//tmp_files/9378.sh: line 3: 77887 Segmentation fault      speed3d_r2c fftw float-long 1024 1024 1024 -reorder -a2av -r2c_dir 0 -ingrid 2048 1 1 -outgrid 2048 1 1 -no-gpu-aware -n5
.//tmp_files/9378.sh: line 3: 77879 Segmentation fault      speed3d_r2c fftw float-long 1024 1024 1024 -reorder -a2av -r2c_dir 0 -ingrid 2048 1 1 -outgrid 2048 1 1 -no-gpu-aware -n5
.//tmp_files/9378.sh: line 3: 77864 Segmentation fault      speed3d_r2c fftw float-long 1024 1024 1024 -reorder -a2av -r2c_dir 0 -ingrid 2048 1 1 -outgrid 2048 1 1 -no-gpu-aware -n5
.//tmp_files/9378.sh: line 3: 77906 Segmentation fault      speed3d_r2c fftw float-long 1024 1024 1024 -reorder -a2av -r2c_dir 0 -ingrid 2048 1 1 -outgrid 2048 1 1 -no-gpu-aware -n5
.//tmp_files/9378.sh: line 3: 77866 Segmentation fault      speed3d_r2c fftw float-long 1024 1024 1024 -reorder -a2av -r2c_dir 0 -ingrid 2048 1 1 -outgrid 2048 1 1 -no-gpu-aware -n5
.//tmp_files/9378.sh: line 3: 77956 Segmentation fault      speed3d_r2c fftw float-long 1024 1024 1024 -reorder -a2av -r2c_dir 0 -ingrid 2048 1 1 -outgrid 2048 1 1 -no-gpu-aware -n5
.//tmp_files/9378.sh: line 3: 77913 Segmentation fault      speed3d_r2c fftw float-long 1024 1024 1024 -reorder -a2av -r2c_dir 0 -ingrid 2048 1 1 -outgrid 2048 1 1 -no-gpu-aware -n5
.//tmp_files/9378.sh: line 3: 77940 Segmentation fault      speed3d_r2c fftw float-long 1024 1024 1024 -reorder -a2av -r2c_dir 0 -ingrid 2048 1 1 -outgrid 2048 1 1 -no-gpu-aware -n5
.//tmp_files/9378.sh: line 3: 77924 Segmentation fault      speed3d_r2c fftw float-long 1024 1024 1024 -reorder -a2av -r2c_dir 0 -ingrid 2048 1 1 -outgrid 2048 1 1 -no-gpu-aware -n5
.//tmp_files/9378.sh: line 3: 77923 Segmentation fault      speed3d_r2c fftw float-long 1024 1024 1024 -reorder -a2av -r2c_dir 0 -ingrid 2048 1 1 -outgrid 2048 1 1 -no-gpu-aware -n5
.//tmp_files/9378.sh: line 3: 77892 Segmentation fault      speed3d_r2c fftw float-long 1024 1024 1024 -reorder -a2av -r2c_dir 0 -ingrid 2048 1 1 -outgrid 2048 1 1 -no-gpu-aware -n5
.//tmp_files/9378.sh: line 3: 77945 Segmentation fault      speed3d_r2c fftw float-long 1024 1024 1024 -reorder -a2av -r2c_dir 0 -ingrid 2048 1 1 -outgrid 2048 1 1 -no-gpu-aware -n5
.//tmp_files/9378.sh: line 3: 77943 Segmentation fault      speed3d_r2c fftw float-long 1024 1024 1024 -reorder -a2av -r2c_dir 0 -ingrid 2048 1 1 -outgrid 2048 1 1 -no-gpu-aware -n5
.//tmp_files/9378.sh: line 3: 77952 Segmentation fault      speed3d_r2c fftw float-long 1024 1024 1024 -reorder -a2av -r2c_dir 0 -ingrid 2048 1 1 -outgrid 2048 1 1 -no-gpu-aware -n5
.//tmp_files/9378.sh: line 3: 77917 Segmentation fault      speed3d_r2c fftw float-long 1024 1024 1024 -reorder -a2av -r2c_dir 0 -ingrid 2048 1 1 -outgrid 2048 1 1 -no-gpu-aware -n5
.//tmp_files/9378.sh: line 3: 77944 Segmentation fault      speed3d_r2c fftw float-long 1024 1024 1024 -reorder -a2av -r2c_dir 0 -ingrid 2048 1 1 -outgrid 2048 1 1 -no-gpu-aware -n5
.//tmp_files/9378.sh: line 3: 77951 Segmentation fault      speed3d_r2c fftw float-long 1024 1024 1024 -reorder -a2av -r2c_dir 0 -ingrid 2048 1 1 -outgrid 2048 1 1 -no-gpu-aware -n5
.//tmp_files/9378.sh: line 3: 77936 Segmentation fault      speed3d_r2c fftw float-long 1024 1024 1024 -reorder -a2av -r2c_dir 0 -ingrid 2048 1 1 -outgrid 2048 1 1 -no-gpu-aware -n5
.//tmp_files/9378.sh: line 3: 77879 Segmentation fault      speed3d_r2c fftw float-long 1024 1024 1024 -reorder -a2av -r2c_dir 0 -ingrid 2048 1 1 -outgrid 2048 1 1 -no-gpu-aware -n5
.//tmp_files/9378.sh: line 3: 77883 Segmentation fault      speed3d_r2c fftw float-long 1024 1024 1024 -reorder -a2av -r2c_dir 0 -ingrid 2048 1 1 -outgrid 2048 1 1 -no-gpu-aware -n5
.//tmp_files/9378.sh: line 3: 77884 Segmentation fault      speed3d_r2c fftw float-long 1024 1024 1024 -reorder -a2av -r2c_dir 0 -ingrid 2048 1 1 -outgrid 2048 1 1 -no-gpu-aware -n5
.//tmp_files/9378.sh: line 3: 77908 Segmentation fault      speed3d_r2c fftw float-long 1024 1024 1024 -reorder -a2av -r2c_dir 0 -ingrid 2048 1 1 -outgrid 2048 1 1 -no-gpu-aware -n5
.//tmp_files/9378.sh: line 3: 77889 Segmentation fault      speed3d_r2c fftw float-long 1024 1024 1024 -reorder -a2av -r2c_dir 0 -ingrid 2048 1 1 -outgrid 2048 1 1 -no-gpu-aware -n5
.//tmp_files/9378.sh: line 3: 77895 Segmentation fault      speed3d_r2c fftw float-long 1024 1024 1024 -reorder -a2av -r2c_dir 0 -ingrid 2048 1 1 -outgrid 2048 1 1 -no-gpu-aware -n5
.//tmp_files/9378.sh: line 3: 77938 Segmentation fault      speed3d_r2c fftw float-long 1024 1024 1024 -reorder -a2av -r2c_dir 0 -ingrid 2048 1 1 -outgrid 2048 1 1 -no-gpu-aware -n5
.//tmp_files/9378.sh: line 3: 77944 Segmentation fault      speed3d_r2c fftw float-long 1024 1024 1024 -reorder -a2av -r2c_dir 0 -ingrid 2048 1 1 -outgrid 2048 1 1 -no-gpu-aware -n5
.//tmp_files/9378.sh: line 3: 77921 Segmentation fault      speed3d_r2c fftw float-long 1024 1024 1024 -reorder -a2av -r2c_dir 0 -ingrid 2048 1 1 -outgrid 2048 1 1 -no-gpu-aware -n5
.//tmp_files/9378.sh: line 3: 77878 Segmentation fault      speed3d_r2c fftw float-long 1024 1024 1024 -reorder -a2av -r2c_dir 0 -ingrid 2048 1 1 -outgrid 2048 1 1 -no-gpu-aware -n5
.//tmp_files/9378.sh: line 3: 77881 Segmentation fault      speed3d_r2c fftw float-long 1024 1024 1024 -reorder -a2av -r2c_dir 0 -ingrid 2048 1 1 -outgrid 2048 1 1 -no-gpu-aware -n5
.//tmp_files/9378.sh: line 3: 77939 Segmentation fault      speed3d_r2c fftw float-long 1024 1024 1024 -reorder -a2av -r2c_dir 0 -ingrid 2048 1 1 -outgrid 2048 1 1 -no-gpu-aware -n5
.//tmp_files/9378.sh: line 3: 78020 Segmentation fault      speed3d_r2c fftw float-long 1024 1024 1024 -reorder -a2av -r2c_dir 0 -ingrid 2048 1 1 -outgrid 2048 1 1 -no-gpu-aware -n5
.//tmp_files/9378.sh: line 3: 77990 Segmentation fault      speed3d_r2c fftw float-long 1024 1024 1024 -reorder -a2av -r2c_dir 0 -ingrid 2048 1 1 -outgrid 2048 1 1 -no-gpu-aware -n5
.//tmp_files/9378.sh: line 3: 77924 Segmentation fault      speed3d_r2c fftw float-long 1024 1024 1024 -reorder -a2av -r2c_dir 0 -ingrid 2048 1 1 -outgrid 2048 1 1 -no-gpu-aware -n5
.//tmp_files/9378.sh: line 3: 77867 Segmentation fault      speed3d_r2c fftw float-long 1024 1024 1024 -reorder -a2av -r2c_dir 0 -ingrid 2048 1 1 -outgrid 2048 1 1 -no-gpu-aware -n5
.//tmp_files/9378.sh: line 3: 77893 Segmentation fault      speed3d_r2c fftw float-long 1024 1024 1024 -reorder -a2av -r2c_dir 0 -ingrid 2048 1 1 -outgrid 2048 1 1 -no-gpu-aware -n5
.//tmp_files/9378.sh: line 3: 77859 Segmentation fault      speed3d_r2c fftw float-long 1024 1024 1024 -reorder -a2av -r2c_dir 0 -ingrid 2048 1 1 -outgrid 2048 1 1 -no-gpu-aware -n5
.//tmp_files/9378.sh: line 3: 77925 Segmentation fault      speed3d_r2c fftw float-long 1024 1024 1024 -reorder -a2av -r2c_dir 0 -ingrid 2048 1 1 -outgrid 2048 1 1 -no-gpu-aware -n5
.//tmp_files/9378.sh: line 3: 77931 Segmentation fault      speed3d_r2c fftw float-long 1024 1024 1024 -reorder -a2av -r2c_dir 0 -ingrid 2048 1 1 -outgrid 2048 1 1 -no-gpu-aware -n5
.//tmp_files/9378.sh: line 3: 77898 Segmentation fault      speed3d_r2c fftw float-long 1024 1024 1024 -reorder -a2av -r2c_dir 0 -ingrid 2048 1 1 -outgrid 2048 1 1 -no-gpu-aware -n5
.//tmp_files/9378.sh: line 3: 77900 Segmentation fault      speed3d_r2c fftw float-long 1024 1024 1024 -reorder -a2av -r2c_dir 0 -ingrid 2048 1 1 -outgrid 2048 1 1 -no-gpu-aware -n5
.//tmp_files/9378.sh: line 3: 77890 Segmentation fault      speed3d_r2c fftw float-long 1024 1024 1024 -reorder -a2av -r2c_dir 0 -ingrid 2048 1 1 -outgrid 2048 1 1 -no-gpu-aware -n5
.//tmp_files/9378.sh: line 3: 77894 Segmentation fault      speed3d_r2c fftw float-long 1024 1024 1024 -reorder -a2av -r2c_dir 0 -ingrid 2048 1 1 -outgrid 2048 1 1 -no-gpu-aware -n5
.//tmp_files/9378.sh: line 3: 77968 Segmentation fault      speed3d_r2c fftw float-long 1024 1024 1024 -reorder -a2av -r2c_dir 0 -ingrid 2048 1 1 -outgrid 2048 1 1 -no-gpu-aware -n5
.//tmp_files/9378.sh: line 3: 77891 Segmentation fault      speed3d_r2c fftw float-long 1024 1024 1024 -reorder -a2av -r2c_dir 0 -ingrid 2048 1 1 -outgrid 2048 1 1 -no-gpu-aware -n5
.//tmp_files/9378.sh: line 3: 77864 Segmentation fault      speed3d_r2c fftw float-long 1024 1024 1024 -reorder -a2av -r2c_dir 0 -ingrid 2048 1 1 -outgrid 2048 1 1 -no-gpu-aware -n5
.//tmp_files/9378.sh: line 3: 77885 Segmentation fault      speed3d_r2c fftw float-long 1024 1024 1024 -reorder -a2av -r2c_dir 0 -ingrid 2048 1 1 -outgrid 2048 1 1 -no-gpu-aware -n5
.//tmp_files/9378.sh: line 3: 77953 Segmentation fault      speed3d_r2c fftw float-long 1024 1024 1024 -reorder -a2av -r2c_dir 0 -ingrid 2048 1 1 -outgrid 2048 1 1 -no-gpu-aware -n5
.//tmp_files/9378.sh: line 3: 77899 Segmentation fault      speed3d_r2c fftw float-long 1024 1024 1024 -reorder -a2av -r2c_dir 0 -ingrid 2048 1 1 -outgrid 2048 1 1 -no-gpu-aware -n5
.//tmp_files/9378.sh: line 3: 77935 Segmentation fault      speed3d_r2c fftw float-long 1024 1024 1024 -reorder -a2av -r2c_dir 0 -ingrid 2048 1 1 -outgrid 2048 1 1 -no-gpu-aware -n5
.//tmp_files/9378.sh: line 3: 77958 Segmentation fault      speed3d_r2c fftw float-long 1024 1024 1024 -reorder -a2av -r2c_dir 0 -ingrid 2048 1 1 -outgrid 2048 1 1 -no-gpu-aware -n5
.//tmp_files/9378.sh: line 3: 77906 Segmentation fault      speed3d_r2c fftw float-long 1024 1024 1024 -reorder -a2av -r2c_dir 0 -ingrid 2048 1 1 -outgrid 2048 1 1 -no-gpu-aware -n5
.//tmp_files/9378.sh: line 3: 77912 Segmentation fault      speed3d_r2c fftw float-long 1024 1024 1024 -reorder -a2av -r2c_dir 0 -ingrid 2048 1 1 -outgrid 2048 1 1 -no-gpu-aware -n5
.//tmp_files/9378.sh: line 3: 77957 Segmentation fault      speed3d_r2c fftw float-long 1024 1024 1024 -reorder -a2av -r2c_dir 0 -ingrid 2048 1 1 -outgrid 2048 1 1 -no-gpu-aware -n5
.//tmp_files/9378.sh: line 3: 77895 Segmentation fault      speed3d_r2c fftw float-long 1024 1024 1024 -reorder -a2av -r2c_dir 0 -ingrid 2048 1 1 -outgrid 2048 1 1 -no-gpu-aware -n5
.//tmp_files/9378.sh: line 3: 77876 Segmentation fault      speed3d_r2c fftw float-long 1024 1024 1024 -reorder -a2av -r2c_dir 0 -ingrid 2048 1 1 -outgrid 2048 1 1 -no-gpu-aware -n5
.//tmp_files/9378.sh: line 3: 77931 Segmentation fault      speed3d_r2c fftw float-long 1024 1024 1024 -reorder -a2av -r2c_dir 0 -ingrid 2048 1 1 -outgrid 2048 1 1 -no-gpu-aware -n5
.//tmp_files/9378.sh: line 3: 77930 Segmentation fault      speed3d_r2c fftw float-long 1024 1024 1024 -reorder -a2av -r2c_dir 0 -ingrid 2048 1 1 -outgrid 2048 1 1 -no-gpu-aware -n5
.//tmp_files/9378.sh: line 3: 77935 Segmentation fault      speed3d_r2c fftw float-long 1024 1024 1024 -reorder -a2av -r2c_dir 0 -ingrid 2048 1 1 -outgrid 2048 1 1 -no-gpu-aware -n5
.//tmp_files/9378.sh: line 3: 77910 Segmentation fault      speed3d_r2c fftw float-long 1024 1024 1024 -reorder -a2av -r2c_dir 0 -ingrid 2048 1 1 -outgrid 2048 1 1 -no-gpu-aware -n5
.//tmp_files/9378.sh: line 3: 77972 Segmentation fault      speed3d_r2c fftw float-long 1024 1024 1024 -reorder -a2av -r2c_dir 0 -ingrid 2048 1 1 -outgrid 2048 1 1 -no-gpu-aware -n5
.//tmp_files/9378.sh: line 3: 77960 Segmentation fault      speed3d_r2c fftw float-long 1024 1024 1024 -reorder -a2av -r2c_dir 0 -ingrid 2048 1 1 -outgrid 2048 1 1 -no-gpu-aware -n5
.//tmp_files/9378.sh: line 3: 77979 Segmentation fault      speed3d_r2c fftw float-long 1024 1024 1024 -reorder -a2av -r2c_dir 0 -ingrid 2048 1 1 -outgrid 2048 1 1 -no-gpu-aware -n5
.//tmp_files/9378.sh: line 3: 77982 Segmentation fault      speed3d_r2c fftw float-long 1024 1024 1024 -reorder -a2av -r2c_dir 0 -ingrid 2048 1 1 -outgrid 2048 1 1 -no-gpu-aware -n5
.//tmp_files/9378.sh: line 3: 77997 Segmentation fault      speed3d_r2c fftw float-long 1024 1024 1024 -reorder -a2av -r2c_dir 0 -ingrid 2048 1 1 -outgrid 2048 1 1 -no-gpu-aware -n5
.//tmp_files/9378.sh: line 3: 77999 Segmentation fault      speed3d_r2c fftw float-long 1024 1024 1024 -reorder -a2av -r2c_dir 0 -ingrid 2048 1 1 -outgrid 2048 1 1 -no-gpu-aware -n5
.//tmp_files/9378.sh: line 3: 78026 Segmentation fault      speed3d_r2c fftw float-long 1024 1024 1024 -reorder -a2av -r2c_dir 0 -ingrid 2048 1 1 -outgrid 2048 1 1 -no-gpu-aware -n5
.//tmp_files/9378.sh: line 3: 78021 Segmentation fault      speed3d_r2c fftw float-long 1024 1024 1024 -reorder -a2av -r2c_dir 0 -ingrid 2048 1 1 -outgrid 2048 1 1 -no-gpu-aware -n5
.//tmp_files/9378.sh: line 3: 78024 Segmentation fault      speed3d_r2c fftw float-long 1024 1024 1024 -reorder -a2av -r2c_dir 0 -ingrid 2048 1 1 -outgrid 2048 1 1 -no-gpu-aware -n5
.//tmp_files/9378.sh: line 3: 77988 Segmentation fault      speed3d_r2c fftw float-long 1024 1024 1024 -reorder -a2av -r2c_dir 0 -ingrid 2048 1 1 -outgrid 2048 1 1 -no-gpu-aware -n5
.//tmp_files/9378.sh: line 3: 77989 Segmentation fault      speed3d_r2c fftw float-long 1024 1024 1024 -reorder -a2av -r2c_dir 0 -ingrid 2048 1 1 -outgrid 2048 1 1 -no-gpu-aware -n5
.//tmp_files/9378.sh: line 3: 77964 Segmentati.//tmp_files/9378.sh: line 3: 77860 Segmentation fault      speed3d_r2c fftw float-long 1024 1024 1024 -reorder -a2av -r2c_dir 0 -ingrid 2048 1 1 -outgrid 2048 1 1 -no-gpu-aware -n5
.//tmp_files/9378.sh: line 3: 77862 Segmentation fault      speed3d_r2c fftw float-long 1024 1024 1024 -reorder -a2av -r2c_dir 0 -ingrid 2048 1 1 -outgrid 2048 1 1 -no-gpu-aware -n5
.//tmp_files/9378.sh: line 3: 77868 Segmentation fault      speed3d_r2c fftw float-long 1024 1024 1024 -reorder -a2av -r2c_dir 0 -ingrid 2048 1 1 -outgrid 2048 1 1 -no-gpu-aware -n5
.//tmp_files/9378.sh: line 3: 77864 Segmentation fault      speed3d_r2c fftw float-long 1024 1024 1024 -reorder -a2av -r2c_dir 0 -ingrid 2048 1 1 -outgrid 2048 1 1 -no-gpu-aware -n5
.//tmp_files/9378.sh: line 3: 77929 Segmentation fault      speed3d_r2c fftw float-long 1024 1024 1024 -reorder -a2av -r2c_dir 0 -ingrid 2048 1 1 -outgrid 2048 1 1 -no-gpu-aware -n5
on fault      speed3d_r2c fftw float-long 1024 1024 1024 -reorder -a2av -r2c_dir 0 -ingrid 2048 1 1 -outgrid 2048 1 1 -no-gpu-aware -n5
.//tmp_files/9378.sh: line 3: 77907 Segmentation fault      speed3d_r2c fftw float-long 1024 1024 1024 -reorder -a2av -r2c_dir 0 -ingrid 2048 1 1 -outgrid 2048 1 1 -no-gpu-aware -n5
.//tmp_files/9378.sh: line 3: 77894 Segmentation fault      speed3d_r2c fftw float-long 1024 1024 1024 -reorder -a2av -r2c_dir 0 -ingrid 2048 1 1 -outgrid 2048 1 1 -no-gpu-aware -n5
.//tmp_files/9378.sh: line 3: 77881 Segmentation fault      speed3d_r2c fftw float-long 1024 1024 1024 -reorder -a2av -r2c_dir 0 -ingrid 2048 1 1 -outgrid 2048 1 1 -no-gpu-aware -n5
.//tmp_files/9378.sh: line 3: 77904 Segmentation fault      speed3d_r2c fftw float-long 1024 1024 1024 -reorder -a2av -r2c_dir 0 -ingrid 2048 1 1 -outgrid 2048 1 1 -no-gpu-aware -n5
.//tmp_files/9378.sh: line 3: 77861 Segmentation fault      speed3d_r2c fftw float-long 1024 1024 1024 -reorder -a2av -r2c_dir 0 -ingrid 2048 1 1 -outgrid 2048 1 1 -no-gpu-aware -n5
.//tmp_files/9378.sh: line 3: 77859 Segmentation fault      speed3d_r2c fftw float-long 1024 1024 1024 -reorder -a2av -r2c_dir 0 -ingrid 2048 1 1 -outgrid 2048 1 1 -no-gpu-aware -n5
.//tmp_files/9378.sh: line 3: 77862 Segmentation fault      speed3d_r2c fftw float-long 1024 1024 1024 -reorder -a2av -r2c_dir 0 -ingrid 2048 1 1 -outgrid 2048 1 1 -no-gpu-aware -n5
.//tmp_files/9378.sh: line 3: 77927 Segmentation fault      speed3d_r2c fftw float-long 1024 1024 1024 -reorder -a2av -r2c_dir 0 -ingrid 2048 1 1 -outgrid 2048 1 1 -no-gpu-aware -n5
.//tmp_files/9378.sh: line 3: 77925 Segmentation fault      speed3d_r2c fftw float-long 1024 1024 1024 -reorder -a2av -r2c_dir 0 -ingrid 2048 1 1 -outgrid 2048 1 1 -no-gpu-aware -n5
.//tmp_files/9378.sh: line 3: 77900 Segmentation fault      speed3d_r2c fftw float-long 1024 1024 1024 -reorder -a2av -r2c_dir 0 -ingrid 2048 1 1 -outgrid 2048 1 1 -no-gpu-aware -n5
.//tmp_files/9378.sh: line 3: 77871 Segmentation fault      speed3d_r2c fftw float-long 1024 1024 1024 -reorder -a2av -r2c_dir 0 -ingrid 2048 1 1 -outgrid 2048 1 1 -no-gpu-aware -n5
.//tmp_files/9378.sh: line 3: 77872 Segmentation fault      speed3d_r2c fftw float-long 1024 1024 1024 -reorder -a2av -r2c_dir 0 -ingrid 2048 1 1 -outgrid 2048 1 1 -no-gpu-aware -n5
.//tmp_files/9378.sh: line 3: 77952 Segmentation fault      speed3d_r2c fftw float-long 1024 1024 1024 -reorder -a2av -r2c_dir 0 -ingrid 2048 1 1 -outgrid 2048 1 1 -no-gpu-aware -n5
.//tmp_files/9378.sh: line 3: 77921 Segmentation fault      speed3d_r2c fftw float-long 1024 1024 1024 -reorder -a2av -r2c_dir 0 -ingrid 2048 1 1 -outgrid 2048 1 1 -no-gpu-aware -n5
.//tmp_files/9378.sh: line 3: 77928 Segmentation fault      speed3d_r2c fftw float-long 1024 1024 1024 -reorder -a2av -r2c_dir 0 -ingrid 2048 1 1 -outgrid 2048 1 1 -no-gpu-aware -n5
.//tmp_files/9378.sh: line 3: 77877 Segmentation fault      speed3d_r2c fftw float-long 1024 1024 1024 -reorder -a2av -r2c_dir 0 -ingrid 2048 1 1 -outgrid 2048 1 1 -no-gpu-aware -n5
.//tmp_files/9378.sh: line 3: 77865 Segmentation fault      speed3d_r2c fftw float-long 1024 1024 1024 -reorder -a2av -r2c_dir 0 -ingrid 2048 1 1 -outgrid 2048 1 1 -no-gpu-aware -n5
.//tmp_files/9378.sh: line 3: 77913 Segmentation fault      speed3d_r2c fftw float-long 1024 1024 1024 -reorder -a2av -r2c_dir 0 -ingrid 2048 1 1 -outgrid 2048 1 1 -no-gpu-aware -n5
.//tmp_files/9378.sh: line 3: 77914 Segmentation fault      speed3d_r2c fftw float-long 1024 1024 1024 -reorder -a2av -r2c_dir 0 -ingrid 2048 1 1 -outgrid 2048 1 1 -no-gpu-aware -n5
.//tmp_files/9378.sh: line 3: 77891 Segmentation fault      speed3d_r2c fftw float-long 1024 1024 1024 -reorder -a2av -r2c_dir 0 -ingrid 2048 1 1 -outgrid 2048 1 1 -no-gpu-aware -n5
.//tmp_files/9378.sh: line 3: 77879 Segmentation fault      speed3d_r2c fftw float-long 1024 1024 1024 -reorder -a2av -r2c_dir 0 -ingrid 2048 1 1 -outgrid 2048 1 1 -no-gpu-aware -n5
.//tmp_files/9378.sh: line 3: 77889 Segmentation fault      speed3d_r2c fftw float-long 1024 1024 1024 -reorder -a2av -r2c_dir 0 -ingrid 2048 1 1 -outgrid 2048 1 1 -no-gpu-aware -n5
.//tmp_files/9378.sh: line 3: 77920 Segmentation fault      speed3d_r2c fftw float-long 1024 1024 1024 -reorder -a2av -r2c_dir 0 -ingrid 2048 1 1 -outgrid 2048 1 1 -no-gpu-aware -n5
.//tmp_files/9378.sh: line 3: 77924 Segmentation fault      speed3d_r2c fftw float-long 1024 1024 1024 -reorder -a2av -r2c_dir 0 -ingrid 2048 1 1 -outgrid 2048 1 1 -no-gpu-aware -n5
.//tmp_files/9378.sh: line 3: 77926 Segmentation fault      speed3d_r2c fftw float-long 1024 1024 1024 -reorder -a2av -r2c_dir 0 -ingrid 2048 1 1 -outgrid 2048 1 1 -no-gpu-aware -n5
.//tmp_files/9378.sh: line 3: 77886 Segmentation fault      speed3d_r2c fftw float-long 1024 1024 1024 -reorder -a2av -r2c_dir 0 -ingrid 2048 1 1 -outgrid 2048 1 1 -no-gpu-aware -n5
.//tmp_files/9378.sh: line 3: 77887 Segmentation fault      speed3d_r2c fftw float-long 1024 1024 1024 -reorder -a2av -r2c_dir 0 -ingrid 2048 1 1 -outgrid 2048 1 1 -no-gpu-aware -n5
.//tmp_files/9378.sh: line 3: 77869 Segmentation fault      speed3d_r2c fftw float-long 1024 1024 1024 -reorder -a2av -r2c_dir 0 -ingrid 2048 1 1 -outgrid 2048 1 1 -no-gpu-aware -n5
.//tmp_files/9378.sh: line 3: 77922 Segmentation fault      speed3d_r2c fftw float-long 1024 1024 1024 -reorder -a2av -r2c_dir 0 -ingrid 2048 1 1 -outgrid 2048 1 1 -no-gpu-aware -n5
.//tmp_files/9378.sh: line 3: 77921 Segmentation fault      speed3d_r2c fftw float-long 1024 1024 1024 -reorder -a2av -r2c_dir 0 -ingrid 2048 1 1 -outgrid 2048 1 1 -no-gpu-aware -n5
.//tmp_files/9378.sh: line 3: 77905 Segmentation fault      speed3d_r2c fftw float-long 1024 1024 1024 -reorder -a2av -r2c_dir 0 -ingrid 2048 1 1 -outgrid 2048 1 1 -no-gpu-aware -n5
.//tmp_files/9378.sh: line 3: 77857 Segmentation fault      speed3d_r2c fftw float-long 1024 1024 1024 -reorder -a2av -r2c_dir 0 -ingrid 2048 1 1 -outgrid 2048 1 1 -no-gpu-aware -n5
.//tmp_files/9378.sh: line 3: 77929 Segmentation fault      speed3d_r2c fftw float-long 1024 1024 1024 -reorder -a2av -r2c_dir 0 -ingrid 2048 1 1 -outgrid 2048 1 1 -no-gpu-aware -n5
.//tmp_files/9378.sh: line 3: 77928 Segmentation fault      speed3d_r2c fftw float-long 1024 1024 1024 -reorder -a2av -r2c_dir 0 -ingrid 2048 1 1 -outgrid 2048 1 1 -no-gpu-aware -n5
.//tmp_files/9378.sh: line 3: 77866 Segmentation fault      speed3d_r2c fftw float-long 1024 1024 1024 -reorder -a2av -r2c_dir 0 -ingrid 2048 1 1 -outgrid 2048 1 1 -no-gpu-aware -n5
.//tmp_files/9378.sh: line 3: 77882 Segmentation fault      speed3d_r2c fftw float-long 1024 1024 1024 -reorder -a2av -r2c_dir 0 -ingrid 2048 1 1 -outgrid 2048 1 1 -no-gpu-aware -n5
.//tmp_files/9378.sh: line 3: 77896 Segmentation fault      speed3d_r2c fftw float-long 1024 1024 1024 -reorder -a2av -r2c_dir 0 -ingrid 2048 1 1 -outgrid 2048 1 1 -no-gpu-aware -n5
.//tmp_files/9378.sh: line 3: 77873 Segmentation fault      speed3d_r2c fftw float-long 1024 1024 1024 -reorder -a2av -r2c_dir 0 -ingrid 2048 1 1 -outgrid 2048 1 1 -no-gpu-aware -n5
.//tmp_files/9378.sh: line 3: 77868 Segmentation fault      speed3d_r2c fftw float-long 1024 1024 1024 -reorder -a2av -r2c_dir 0 -ingrid 2048 1 1 -outgrid 2048 1 1 -no-gpu-aware -n5
.//tmp_files/9378.sh: line 3: 77890 Segmentation fault      speed3d_r2c fftw float-long 1024 1024 1024 -reorder -a2av -r2c_dir 0 -ingrid 2048 1 1 -outgrid 2048 1 1 -no-gpu-aware -n5
.//tmp_files/9378.sh: line 3: 77884 Segmentation fault      speed3d_r2c fftw float-long 1024 1024 1024 -reorder -a2av -r2c_dir 0 -ingrid 2048 1 1 -outgrid 2048 1 1 -no-gpu-aware -n5
.//tmp_files/9378.sh: line 3: 77875 Segmentation fault      speed3d_r2c fftw float-long 1024 1024 1024 -reorder -a2av -r2c_dir 0 -ingrid 2048 1 1 -outgrid 2048 1 1 -no-gpu-aware -n5
.//tmp_files/9378.sh: line 3: 77858 Segmentation fault      speed3d_r2c fftw float-long 1024 1024 1024 -reorder -a2av -r2c_dir 0 -ingrid 2048 1 1 -outgrid 2048 1 1 -no-gpu-aware -n5
.//tmp_files/9378.sh: line 3: 77860 Segmentation fault      speed3d_r2c fftw float-long 1024 1024 1024 -reorder -a2av -r2c_dir 0 -ingrid 2048 1 1 -outgrid 2048 1 1 -no-gpu-aware -n5
.//tmp_files/9378.sh: line 3: 77899 Segmentation fault      speed3d_r2c fftw float-long 1024 1024 1024 -reorder -a2av -r2c_dir 0 -ingrid 2048 1 1 -outgrid 2048 1 1 -no-gpu-aware -n5
.//tmp_files/9378.sh: line 3: 77898 Segmentation fault      speed3d_r2c fftw float-long 1024 1024 1024 -reorder -a2av -r2c_dir 0 -ingrid 2048 1 1 -outgrid 2048 1 1 -no-gpu-aware -n5
on fault      speed3d_r2c fftw float-long 1024 1024 1024 -reorder -a2av -r2c_dir 0 -ingrid 2048 1 1 -outgrid 2048 1 1 -no-gpu-aware -n5
.//tmp_files/9378.sh: line 3: 77915 Segmentation fault      speed3d_r2c fftw float-long 1024 1024 1024 -reorder -a2av -r2c_dir 0 -ingrid 2048 1 1 -outgrid 2048 1 1 -no-gpu-aware -n5
.//tmp_files/9378.sh: line 3: 77933 Segmentation fault      speed3d_r2c fftw float-long 1024 1024 1024 -reorder -a2av -r2c_dir 0 -ingrid 2048 1 1 -outgrid 2048 1 1 -no-gpu-aware -n5
.//tmp_files/9378.sh: line 3: 77913 Segmentation fault      speed3d_r2c fftw float-long 1024 1024 1024 -reorder -a2av -r2c_dir 0 -ingrid 2048 1 1 -outgrid 2048 1 1 -no-gpu-aware -n5
.//tmp_files/9378.sh: line 3: 77916 Segmentation fault      speed3d_r2c fftw float-long 1024 1024 1024 -reorder -a2av -r2c_dir 0 -ingrid 2048 1 1 -outgrid 2048 1 1 -no-gpu-aware -n5
.//tmp_files/9378.sh: line 3: 77934 Segmentation fault      speed3d_r2c fftw float-long 1024 1024 1024 -reorder -a2av -r2c_dir 0 -ingrid 2048 1 1 -outgrid 2048 1 1 -no-gpu-aware -n5
.//tmp_files/9378.sh: line 3: 77927 Segmentation fault      speed3d_r2c fftw float-long 1024 1024 1024 -reorder -a2av -r2c_dir 0 -ingrid 2048 1 1 -outgrid 2048 1 1 -no-gpu-aware -n5
.//tmp_files/9378.sh: line 3: 77875 Segmentation fault      speed3d_r2c fftw float-long 1024 1024 1024 -reorder -a2av -r2c_dir 0 -ingrid 2048 1 1 -outgrid 2048 1 1 -no-gpu-aware -n5
.//tmp_files/9378.sh: line 3: 77851 Segmentation fault      speed3d_r2c fftw float-long 1024 1024 1024 -reorder -a2av -r2c_dir 0 -ingrid 2048 1 1 -outgrid 2048 1 1 -no-gpu-aware -n5
.//tmp_files/9378.sh: line 3: 77921 Segmentation fault      speed3d_r2c fftw float-long 1024 1024 1024 -reorder -a2av -r2c_dir 0 -ingrid 2048 1 1 -outgrid 2048 1 1 -no-gpu-aware -n5
.//tmp_files/9378.sh: line 3: 77918 Segmentation fault      speed3d_r2c fftw float-long 1024 1024 1024 -reorder -a2av -r2c_dir 0 -ingrid 2048 1 1 -outgrid 2048 1 1 -no-gpu-aware -n5
.//tmp_files/9378.sh: line 3: 77923 Segmentation fault      speed3d_r2c fftw float-long 1024on fault      speed3d_r2c fftw float-long 1024 1024 1024 -reorder -a2av -r2c_dir 0 -ingrid 2048 1 1 -outgrid 2048 1 1 -no-gpu-aware -n5
.//tmp_files/9378.sh: line 3: 77909 Segmentation fault      speed3d_r2c fftw float-long 1024 1024 1024 -reorder -a2av -r2c_dir 0 -ingrid 2048 1 1 -outgrid 2048 1 1 -no-gpu-aware -n5
.//tmp_files/9378.sh: line 3: 77921 Segmentation fault      speed3d_r2c fftw float-long 1024 1024 1024 -reorder -a2av -r2c_dir 0 -ingrid 2048 1 1 -outgrid 2048 1 1 -no-gpu-aware -n5
 1024 1024 -reorder -a2av -r2c_dir 0 -ingrid 2048 1 1 -outgrid 2048 1 1 -no-gpu-aware -n5
.//tmp_files/9378.sh: line 3: 77901 Segmentation fault      speed3d_r2c fftw float-long 1024 1024 1024 -reorder -a2av -r2c_dir 0 -ingrid 2048 1 1 -outgrid 2048 1 1 -no-gpu-aware -n5
.//tmp_files/9378.sh: line 3: 77865 Segmentation fault      speed3d_r2c fftw float-long 1024 1024 1024 -reorder -a2av -r2c_dir 0 -ingrid 2048 1 1 -outgrid 2048 1 1 -no-gpu-aware -n5
.//tmp_files/9378.sh: line 3: 77883 Segmentation fault      speed3d_r2c fftw float-long 1024 1024 1024 -reorder -a2av -r2c_dir 0 -ingrid 2048 1 1 -outgrid 2048 1 1 -no-gpu-aware -n5
on fault      speed3d_r2c fftw float-long 1024 1024 1024 -reorder -a2av -r2c_dir 0 -ingrid 2048 1 1 -outgrid 2048 1 1 -no-gpu-aware -n5
.//tmp_files/9378.sh: line 3: 77944 Segmentation fault      speed3d_r2c fftw float-long 1024 1024 1024 -reorder -a2av -r2c_dir 0 -ingrid 2048 1 1 -outgrid 2048 1 1 -no-gpu-aware -n5
.//tmp_files/9378.sh: line 3: 77935 Segmentation fault      speed3d_r2c fftw float-long 1024 1024 1024 -reorder -a2av -r2c_dir 0 -ingrid 2048 1 1 -outgrid 2048 1 1 -no-gpu-aware -n5
.//tmp_files/9378.sh: line 3: 77911 Segmentation fault      speed3d_r2c fftw float-long 1024 1024 1024 -reorder -a2av -r2c_dir 0 -ingrid 2048 1 1 -outgrid 2048 1 1 -no-gpu-aware -n5
.//tmp_files/9378.sh: line 3: 77940 Segmentation fault      speed3d_r2c fftw float-long 1024 1024 1024 -reorder -a2av -r2c_dir 0 -ingrid 2048 1 1 -outgrid 2048 1 1 -no-gpu-aware -n5
.//tmp_files/9378.sh: line 3: 77942 Segmentation fault      speed3d_r2c fftw float-long 1024 1024 1024 -reorder -a2av -r2c_dir 0 -ingrid 2048 1 1 -outgrid 2048 1 1 -no-gpu-aware -n5
.//tmp_files/9378.sh: line 3: 77932 Segmentation fault      speed3d_r2c fftw float-long 1024 1024 1024 -reorder -a2av -r2c_dir 0 -ingrid 2048 1 1 -outgrid 2048 1 1 -no-gpu-aware -n5
.//tmp_files/9378.sh: line 3: 77985 Segmentation fault      speed3d_r2c fftw float-long 1024 1024 1024 -reorder -a2av -r2c_dir 0 -ingrid 2048 1 1 -outgrid 2048 1 1 -no-gpu-aware -n5
.//tmp_files/9378.sh: line 3: 77977 Segmentation fault      speed3d_r2c fftw float-long 1024 1024 1024 -reorder -a2av -r2c_dir 0 -ingrid 2048 1 1 -outgrid 2048 1 1 -no-gpu-aware -n5
.//tmp_files/9378.sh: line 3: 77971 Segmentation fault      speed3d_r2c fftw float-long 1024 1024 1024 -reorder -a2av -r2c_dir 0 -ingrid 2048 1 1 -outgrid 2048 1 1 -no-gpu-aware -n5
.//tmp_files/9378.sh: line 3: 77967 Segmentation fault      speed3d_r2c fftw float-long 1024 1024 1024 -reorder -a2av -r2c_dir 0 -ingrid 2048 1 1 -outgrid 2048 1 1 -no-gpu-aware -n5
.//tmp_files/9378.sh: line 3: 77968 Segmentation fault      speed3d_r2c fftw float-long 1024 1024 1024 -reorder -a2av -r2c_dir 0 -ingrid 2048 1 1 -outgrid 2048 1 1 -no-gpu-aware -n5
.//tmp_files/9378.sh: line 3: 77984 Segmentation fault      speed3d_r2c fftw float-long 1024 1024 1024 -reorder -a2av -r2c_dir 0 -ingrid 2048 1 1 -outgrid 2048 1 1 -no-gpu-aware -n5
Application 28966140 exit codes: 139
Application 28966140 exit signals: Killed
Application 28966140 resources: utime ~1533s, stime ~251s, Rss ~56448, inblocks ~705318, outblocks ~0
