“RANK= 40 LOCAL_RANK= 0 gpu= 3”
“RANK= 41 LOCAL_RANK= 1 gpu= 2”
“RANK= 43 LOCAL_RANK= 3 gpu= 0”
“RANK= 42 LOCAL_RANK= 2 gpu= 1”
“RANK= 20 LOCAL_RANK= 0 gpu= 3”
“RANK= 23 LOCAL_RANK= 3 gpu= 0”
“RANK= 36 LOCAL_RANK= 0 gpu= 3”
“RANK= 32 LOCAL_RANK= 0 gpu= 3”
“RANK= 0 LOCAL_RANK= 0 gpu= 3”
“RANK= 21 LOCAL_RANK= 1 gpu= 2”
“RANK= 1 LOCAL_RANK= 1 gpu= 2”
“RANK= 22 LOCAL_RANK= 2 gpu= 1”
“RANK= 37 LOCAL_RANK= 1 gpu= 2”
“RANK= 2 LOCAL_RANK= 2 gpu= 1”
“RANK= 33 LOCAL_RANK= 1 gpu= 2”
“RANK= 39 LOCAL_RANK= 3 gpu= 0”
“RANK= 3 LOCAL_RANK= 3 gpu= 0”
“RANK= 38 LOCAL_RANK= 2 gpu= 1”
“RANK= 35 LOCAL_RANK= 3 gpu= 0”
“RANK= 34 LOCAL_RANK= 2 gpu= 1”
“RANK= 19 LOCAL_RANK= 3 gpu= 0”
“RANK= 44 LOCAL_RANK= 0 gpu= 3”
“RANK= 16 LOCAL_RANK= 0 gpu= 3”
“RANK= 17 LOCAL_RANK= 1 gpu= 2”
“RANK= 18 LOCAL_RANK= 2 gpu= 1”
“RANK= 46 LOCAL_RANK= 2 gpu= 1”
+ '[' -z '' ']'
+ case "$-" in
+ __lmod_vx=x
+ '[' -z '' ']'
+ case "$-" in
+ __lmod_vx=x
+ '[' -n x ']'
+ set +x
Shell debugging temporarily silenced: export LMOD_SH_DBG_ON=1 for this output (/usr/share/lmod/lmod/init/bash)
“RANK= 45 LOCAL_RANK= 1 gpu= 2”
+ '[' -n x ']'
+ set +x
“RANK= 47 LOCAL_RANK= 3 gpu= 0”
Shell debugging temporarily silenced: export LMOD_SH_DBG_ON=1 for this output (/usr/share/lmod/lmod/init/bash)
+ '[' -z '' ']'
+ case "$-" in
+ __lmod_vx=x
+ '[' -n x ']'
+ set +x
Shell debugging temporarily silenced: export LMOD_SH_DBG_ON=1 for this output (/usr/share/lmod/lmod/init/bash)
+ '[' -z '' ']'
+ case "$-" in
+ __lmod_vx=x
+ '[' -n x ']'
+ set +x
Shell debugging restarted
+ unset __lmod_vx
Shell debugging restarted
+ unset __lmod_vx
Shell debugging temporarily silenced: export LMOD_SH_DBG_ON=1 for this output (/usr/share/lmod/lmod/init/bash)
Shell debugging restarted
+ unset __lmod_vx
Shell debugging restarted
+ unset __lmod_vx
+ speed3d_r2c cufft double 256 256 256 -reorder -p2p_pl -r2c_dir 2 -ingrid 16 2 2 -n5
+ speed3d_r2c cufft double 256 256 256 -reorder -p2p_pl -r2c_dir 2 -ingrid 16 2 2 -n5
+ speed3d_r2c cufft double 256 256 256 -reorder -p2p_pl -r2c_dir 2 -ingrid 16 2 2 -n5
+ speed3d_r2c cufft double 256 256 256 -reorder -p2p_pl -r2c_dir 2 -ingrid 16 2 2 -n5
+ '[' -z '' ']'
+ case "$-" in
+ '[' -z '' ']'
+ case "$-" in
+ __lmod_vx=x
Shell debugging temporarily silenced: export LMOD_SH_DBG_ON=1 for this output (/usr/share/lmod/lmod/init/bash)
+ __lmod_vx=x
+ '[' -n x ']'
+ set +x
Shell debugging temporarily silenced: export LMOD_SH_DBG_ON=1 for this output (/usr/share/lmod/lmod/init/bash)
Shell debugging temporarily silenced: export LMOD_SH_DBG_ON=1 for this output (/usr/share/lmod/lmod/init/bash)
+ '[' -n x ']'
+ set +x
+ '[' -z '' ']'
+ case "$-" in
+ __lmod_vx=x
+ '[' -n x ']'
+ set +x
Shell debugging restarted
+ '[' -z '' ']'
+ case "$-" in
+ __lmod_vx=x
+ '[' -n x ']'
+ set +x
+ '[' -z '' ']'
+ case "$-" in
+ __lmod_vx=x
+ '[' -n x ']'
+ set +x
Shell debugging temporarily silenced: export LMOD_SH_DBG_ON=1 for this output (/usr/share/lmod/lmod/init/bash)
+ '[' -z '' ']'
+ case "$-" in
+ __lmod_vx=x
+ '[' -n x ']'
+ set +x
+ '[' -z '' ']'
+ case "$-" in
+ __lmod_vx=x
+ '[' -n x ']'
+ set +x
+ '[' -z '' ']'
+ case "$-" in
+ unset __lmod_vx
+ '[' -z '' ']'
+ case "$-" in
Shell debugging temporarily silenced: export LMOD_SH_DBG_ON=1 for this output (/usr/share/lmod/lmod/init/bash)
Shell debugging temporarily silenced: export LMOD_SH_DBG_ON=1 for this output (/usr/share/lmod/lmod/init/bash)
Shell debugging temporarily silenced: export LMOD_SH_DBG_ON=1 for this output (/usr/share/lmod/lmod/init/bash)
Shell debugging temporarily silenced: export LMOD_SH_DBG_ON=1 for this output (/usr/share/lmod/lmod/init/bash)
Shell debugging restarted
+ unset __lmod_vx
+ __lmod_vx=x
+ '[' -n x ']'
+ set +x
Shell debugging temporarily silenced: export LMOD_SH_DBG_ON=1 for this output (/usr/share/lmod/lmod/init/bash)
+ '[' -z '' ']'
+ case "$-" in
+ __lmod_vx=x
+ __lmod_vx=x
+ '[' -n x ']'
+ set +x
Shell debugging restarted
+ unset __lmod_vx
+ '[' -z '' ']'
+ case "$-" in
+ __lmod_vx=x
+ '[' -n x ']'
+ set +x
+ '[' -z '' ']'
+ case "$-" in
+ __lmod_vx=x
+ '[' -n x ']'
+ set +x
Shell debugging temporarily silenced: export LMOD_SH_DBG_ON=1 for this output (/usr/share/lmod/lmod/init/bash)
Shell debugging restarted
+ unset __lmod_vx
Shell debugging restarted
+ unset __lmod_vx
Shell debugging temporarily silenced: export LMOD_SH_DBG_ON=1 for this output (/usr/share/lmod/lmod/init/bash)
Shell debugging temporarily silenced: export LMOD_SH_DBG_ON=1 for this output (/usr/share/lmod/lmod/init/bash)
+ '[' -z '' ']'
+ case "$-" in
+ '[' -n x ']'
+ set +x
+ '[' -z '' ']'
+ case "$-" in
Shell debugging restarted
+ unset __lmod_vx
+ '[' -z '' ']'
+ case "$-" in
+ __lmod_vx=x
+ '[' -n x ']'
+ set +x
+ speed3d_r2c cufft double 256 256 256 -reorder -p2p_pl -r2c_dir 2 -ingrid 16 2 2 -n5
Shell debugging temporarily silenced: export LMOD_SH_DBG_ON=1 for this output (/usr/share/lmod/lmod/init/bash)
Shell debugging temporarily silenced: export LMOD_SH_DBG_ON=1 for this output (/usr/share/lmod/lmod/init/bash)
+ __lmod_vx=x
+ '[' -n x ']'
+ set +x
+ speed3d_r2c cufft double 256 256 256 -reorder -p2p_pl -r2c_dir 2 -ingrid 16 2 2 -n5
Shell debugging temporarily silenced: export LMOD_SH_DBG_ON=1 for this output (/usr/share/lmod/lmod/init/bash)
Shell debugging restarted
+ unset __lmod_vx
+ __lmod_vx=x
+ '[' -n x ']'
+ set +x
+ '[' -z '' ']'
+ case "$-" in
+ __lmod_vx=x
+ '[' -n x ']'
+ set +x
Shell debugging temporarily silenced: export LMOD_SH_DBG_ON=1 for this output (/usr/share/lmod/lmod/init/bash)
+ speed3d_r2c cufft double 256 256 256 -reorder -p2p_pl -r2c_dir 2 -ingrid 16 2 2 -n5
Shell debugging temporarily silenced: export LMOD_SH_DBG_ON=1 for this output (/usr/share/lmod/lmod/init/bash)
Shell debugging restarted
+ unset __lmod_vx
Shell debugging temporarily silenced: export LMOD_SH_DBG_ON=1 for this output (/usr/share/lmod/lmod/init/bash)
+ '[' -z '' ']'
“RANK= 12 LOCAL_RANK= 0 gpu= 3”
+ '[' -z '' ']'
+ case "$-" in
+ __lmod_vx=x
+ '[' -n x ']'
+ set +x
+ speed3d_r2c cufft double 256 256 256 -reorder -p2p_pl -r2c_dir 2 -ingrid 16 2 2 -n5
+ '[' -z '' ']'
+ case "$-" in
+ __lmod_vx=x
+ '[' -n x ']'
+ set +x
+ speed3d_r2c cufft double 256 256 256 -reorder -p2p_pl -r2c_dir 2 -ingrid 16 2 2 -n5
+ '[' -z '' ']'
+ case "$-" in
+ __lmod_vx=x
+ '[' -n x ']'
+ set +x
Shell debugging restarted
“RANK= 48 LOCAL_RANK= 0 gpu= 3”
Shell debugging temporarily silenced: export LMOD_SH_DBG_ON=1 for this output (/usr/share/lmod/lmod/init/bash)
“RANK= 8 LOCAL_RANK= 0 gpu= 3”
Shell debugging temporarily silenced: export LMOD_SH_DBG_ON=1 for this output (/usr/share/lmod/lmod/init/bash)
+ speed3d_r2c cufft double 256 256 256 -reorder -p2p_pl -r2c_dir 2 -ingrid 16 2 2 -n5
Shell debugging restarted
+ unset __lmod_vx
+ speed3d_r2c cufft double 256 256 256 -reorder -p2p_pl -r2c_dir 2 -ingrid 16 2 2 -n5
Shell debugging temporarily silenced: export LMOD_SH_DBG_ON=1 for this output (/usr/share/lmod/lmod/init/bash)
“RANK= 49 LOCAL_RANK= 1 gpu= 2”
+ '[' -z '' ']'
+ case "$-" in
+ __lmod_vx=x
+ '[' -n x ']'
+ set +x
“RANK= 9 LOCAL_RANK= 1 gpu= 2”
“RANK= 13 LOCAL_RANK= 1 gpu= 2”
+ speed3d_r2c cufft double 256 256 256 -reorder -p2p_pl -r2c_dir 2 -ingrid 16 2 2 -n5
Shell debugging restarted
+ unset __lmod_vx
Shell debugging restarted
+ unset __lmod_vx
+ '[' -z '' ']'
+ case "$-" in
+ __lmod_vx=x
+ '[' -n x ']'
+ set +x
Shell debugging restarted
+ unset __lmod_vx
“RANK= 50 LOCAL_RANK= 2 gpu= 1”
“RANK= 52 LOCAL_RANK= 0 gpu= 3”
Shell debugging restarted
+ unset __lmod_vx
“RANK= 11 LOCAL_RANK= 3 gpu= 0”
“RANK= 14 LOCAL_RANK= 2 gpu= 1”
+ '[' -z '' ']'
+ case "$-" in
+ __lmod_vx=x
+ '[' -n x ']'
+ set +x
Shell debugging restarted
+ unset __lmod_vx
+ speed3d_r2c cufft double 256 256 256 -reorder -p2p_pl -r2c_dir 2 -ingrid 16 2 2 -n5
Shell debugging restarted
+ unset __lmod_vx
“RANK= 51 LOCAL_RANK= 3 gpu= 0”
“RANK= 53 LOCAL_RANK= 1 gpu= 2”
“RANK= 56 LOCAL_RANK= 0 gpu= 3”
Shell debugging temporarily silenced: export LMOD_SH_DBG_ON=1 for this output (/usr/share/lmod/lmod/init/bash)
“RANK= 10 LOCAL_RANK= 2 gpu= 1”
“RANK= 15 LOCAL_RANK= 3 gpu= 0”
Shell debugging restarted
+ unset __lmod_vx
“RANK= 28 LOCAL_RANK= 0 gpu= 3”
Shell debugging restarted
+ unset __lmod_vx
Shell debugging temporarily silenced: export LMOD_SH_DBG_ON=1 for this output (/usr/share/lmod/lmod/init/bash)
“RANK= 54 LOCAL_RANK= 2 gpu= 1”
“RANK= 59 LOCAL_RANK= 3 gpu= 0”
+ case "$-" in
+ __lmod_vx=x
+ '[' -n x ']'
+ set +x
Shell debugging restarted
+ unset __lmod_vx
“RANK= 29 LOCAL_RANK= 1 gpu= 2”
+ speed3d_r2c cufft double 256 256 256 -reorder -p2p_pl -r2c_dir 2 -ingrid 16 2 2 -n5
+ '[' -z '' ']'
+ case "$-" in
+ __lmod_vx=x
+ '[' -n x ']'
+ set +x
Shell debugging restarted
+ unset __lmod_vx
“RANK= 55 LOCAL_RANK= 3 gpu= 0”
“RANK= 57 LOCAL_RANK= 1 gpu= 2”
Shell debugging restarted
+ unset __lmod_vx
Shell debugging temporarily silenced: export LMOD_SH_DBG_ON=1 for this output (/usr/share/lmod/lmod/init/bash)
“RANK= 30 LOCAL_RANK= 2 gpu= 1”
+ speed3d_r2c cufft double 256 256 256 -reorder -p2p_pl -r2c_dir 2 -ingrid 16 2 2 -n5
+ unset __lmod_vx
“RANK= 58 LOCAL_RANK= 2 gpu= 1”
Shell debugging restarted
+ unset __lmod_vx
+ speed3d_r2c cufft double 256 256 256 -reorder -p2p_pl -r2c_dir 2 -ingrid 16 2 2 -n5
“RANK= 31 LOCAL_RANK= 3 gpu= 0”
+ speed3d_r2c cufft double 256 256 256 -reorder -p2p_pl -r2c_dir 2 -ingrid 16 2 2 -n5
+ speed3d_r2c cufft double 256 256 256 -reorder -p2p_pl -r2c_dir 2 -ingrid 16 2 2 -n5
Shell debugging restarted
+ unset __lmod_vx
+ speed3d_r2c cufft double 256 256 256 -reorder -p2p_pl -r2c_dir 2 -ingrid 16 2 2 -n5
+ speed3d_r2c cufft double 256 256 256 -reorder -p2p_pl -r2c_dir 2 -ingrid 16 2 2 -n5
+ speed3d_r2c cufft double 256 256 256 -reorder -p2p_pl -r2c_dir 2 -ingrid 16 2 2 -n5
+ speed3d_r2c cufft double 256 256 256 -reorder -p2p_pl -r2c_dir 2 -ingrid 16 2 2 -n5
“RANK= 5 LOCAL_RANK= 1 gpu= 2”
Shell debugging restarted
+ unset __lmod_vx
+ speed3d_r2c cufft double 256 256 256 -reorder -p2p_pl -r2c_dir 2 -ingrid 16 2 2 -n5
“RANK= 60 LOCAL_RANK= 0 gpu= 3”
+ speed3d_r2c cufft double 256 256 256 -reorder -p2p_pl -r2c_dir 2 -ingrid 16 2 2 -n5
“RANK= 6 LOCAL_RANK= 2 gpu= 1”
+ speed3d_r2c cufft double 256 256 256 -reorder -p2p_pl -r2c_dir 2 -ingrid 16 2 2 -n5
+ speed3d_r2c cufft double 256 256 256 -reorder -p2p_pl -r2c_dir 2 -ingrid 16 2 2 -n5
“RANK= 61 LOCAL_RANK= 1 gpu= 2”
+ speed3d_r2c cufft double 256 256 256 -reorder -p2p_pl -r2c_dir 2 -ingrid 16 2 2 -n5
“RANK= 7 LOCAL_RANK= 3 gpu= 0”
“RANK= 62 LOCAL_RANK= 2 gpu= 1”
+ speed3d_r2c cufft double 256 256 256 -reorder -p2p_pl -r2c_dir 2 -ingrid 16 2 2 -n5
“RANK= 4 LOCAL_RANK= 0 gpu= 3”
“RANK= 63 LOCAL_RANK= 3 gpu= 0”
+ '[' -z '' ']'
+ case "$-" in
+ '[' -z '' ']'
+ case "$-" in
Shell debugging temporarily silenced: export LMOD_SH_DBG_ON=1 for this output (/usr/share/lmod/lmod/init/bash)
Shell debugging temporarily silenced: export LMOD_SH_DBG_ON=1 for this output (/usr/share/lmod/lmod/init/bash)
+ '[' -z '' ']'
+ case "$-" in
+ __lmod_vx=x
+ '[' -n x ']'
+ set +x
+ __lmod_vx=x
+ '[' -n x ']'
+ set +x
+ '[' -z '' ']'
+ case "$-" in
+ __lmod_vx=x
Shell debugging temporarily silenced: export LMOD_SH_DBG_ON=1 for this output (/usr/share/lmod/lmod/init/bash)
Shell debugging restarted
Shell debugging temporarily silenced: export LMOD_SH_DBG_ON=1 for this output (/usr/share/lmod/lmod/init/bash)
+ __lmod_vx=x
+ '[' -n x ']'
+ set +x
+ '[' -z '' ']'
+ case "$-" in
+ __lmod_vx=x
+ '[' -n x ']'
+ set +x
+ '[' -n x ']'
+ set +x
Shell debugging temporarily silenced: export LMOD_SH_DBG_ON=1 for this output (/usr/share/lmod/lmod/init/bash)
+ unset __lmod_vx
Shell debugging restarted
+ unset __lmod_vx
+ '[' -z '' ']'
+ case "$-" in
+ __lmod_vx=x
+ '[' -n x ']'
+ set +x
Shell debugging temporarily silenced: export LMOD_SH_DBG_ON=1 for this output (/usr/share/lmod/lmod/init/bash)
Shell debugging temporarily silenced: export LMOD_SH_DBG_ON=1 for this output (/usr/share/lmod/lmod/init/bash)
Shell debugging restarted
+ '[' -z '' ']'
+ case "$-" in
+ __lmod_vx=x
+ '[' -n x ']'
+ set +x
+ '[' -z '' ']'
+ case "$-" in
+ __lmod_vx=x
+ '[' -z '' ']'
+ case "$-" in
+ __lmod_vx=x
+ '[' -n x ']'
+ set +x
Shell debugging restarted
+ unset __lmod_vx
Shell debugging temporarily silenced: export LMOD_SH_DBG_ON=1 for this output (/usr/share/lmod/lmod/init/bash)
+ '[' -z '' ']'
+ case "$-" in
+ __lmod_vx=x
Shell debugging temporarily silenced: export LMOD_SH_DBG_ON=1 for this output (/usr/share/lmod/lmod/init/bash)
Shell debugging temporarily silenced: export LMOD_SH_DBG_ON=1 for this output (/usr/share/lmod/lmod/init/bash)
+ unset __lmod_vx
+ '[' -z '' ']'
+ case "$-" in
+ __lmod_vx=x
+ '[' -n x ']'
+ set +x
Shell debugging temporarily silenced: export LMOD_SH_DBG_ON=1 for this output (/usr/share/lmod/lmod/init/bash)
+ '[' -n x ']'
+ set +x
+ '[' -z '' ']'
+ case "$-" in
+ __lmod_vx=x
+ '[' -n x ']'
+ set +x
Shell debugging restarted
+ unset __lmod_vx
Shell debugging temporarily silenced: export LMOD_SH_DBG_ON=1 for this output (/usr/share/lmod/lmod/init/bash)
+ '[' -n x ']'
+ set +x
Shell debugging restarted
+ unset __lmod_vx
Shell debugging temporarily silenced: export LMOD_SH_DBG_ON=1 for this output (/usr/share/lmod/lmod/init/bash)
+ '[' -z '' ']'
+ case "$-" in
+ __lmod_vx=x
+ '[' -n x ']'
+ set +x
Shell debugging restarted
+ '[' -z '' ']'
+ '[' -z '' ']'
+ case "$-" in
+ __lmod_vx=x
+ '[' -z '' ']'
+ case "$-" in
+ __lmod_vx=x
+ '[' -n x ']'
+ set +x
Shell debugging temporarily silenced: export LMOD_SH_DBG_ON=1 for this output (/usr/share/lmod/lmod/init/bash)
+ '[' -z '' ']'
+ case "$-" in
+ speed3d_r2c cufft double 256 256 256 -reorder -p2p_pl -r2c_dir 2 -ingrid 16 2 2 -n5
+ case "$-" in
+ __lmod_vx=x
+ '[' -n x ']'
+ set +x
Shell debugging temporarily silenced: export LMOD_SH_DBG_ON=1 for this output (/usr/share/lmod/lmod/init/bash)
Shell debugging restarted
+ speed3d_r2c cufft double 256 256 256 -reorder -p2p_pl -r2c_dir 2 -ingrid 16 2 2 -n5
+ '[' -z '' ']'
+ case "$-" in
+ __lmod_vx=x
+ '[' -n x ']'
+ unset __lmod_vx
+ speed3d_r2c cufft double 256 256 256 -reorder -p2p_pl -r2c_dir 2 -ingrid 16 2 2 -n5
+ '[' -z '' ']'
+ case "$-" in
+ __lmod_vx=x
+ '[' -n x ']'
+ set +x
+ '[' -z '' ']'
+ case "$-" in
+ __lmod_vx=x
+ '[' -n x ']'
+ set +x
Shell debugging restarted
+ unset __lmod_vx
+ speed3d_r2c cufft double 256 256 256 -reorder -p2p_pl -r2c_dir 2 -ingrid 16 2 2 -n5
+ speed3d_r2c cufft double 256 256 256 -reorder -p2p_pl -r2c_dir 2 -ingrid 16 2 2 -n5
Shell debugging temporarily silenced: export LMOD_SH_DBG_ON=1 for this output (/usr/share/lmod/lmod/init/bash)
Shell debugging restarted
+ unset __lmod_vx
Shell debugging temporarily silenced: export LMOD_SH_DBG_ON=1 for this output (/usr/share/lmod/lmod/init/bash)
Shell debugging temporarily silenced: export LMOD_SH_DBG_ON=1 for this output (/usr/share/lmod/lmod/init/bash)
+ speed3d_r2c cufft double 256 256 256 -reorder -p2p_pl -r2c_dir 2 -ingrid 16 2 2 -n5
Shell debugging restarted
+ unset __lmod_vx
+ __lmod_vx=x
+ '[' -n x ']'
+ set +x
Shell debugging restarted
+ unset __lmod_vx
Shell debugging temporarily silenced: export LMOD_SH_DBG_ON=1 for this output (/usr/share/lmod/lmod/init/bash)
+ '[' -n x ']'
+ set +x
+ '[' -z '' ']'
+ case "$-" in
+ __lmod_vx=x
Shell debugging restarted
+ unset __lmod_vx
+ speed3d_r2c cufft double 256 256 256 -reorder -p2p_pl -r2c_dir 2 -ingrid 16 2 2 -n5
+ speed3d_r2c cufft double 256 256 256 -reorder -p2p_pl -r2c_dir 2 -ingrid 16 2 2 -n5
+ '[' -z '' ']'
+ case "$-" in
+ __lmod_vx=x
+ '[' -n x ']'
+ speed3d_r2c cufft double 256 256 256 -reorder -p2p_pl -r2c_dir 2 -ingrid 16 2 2 -n5
Shell debugging restarted
+ unset __lmod_vx
+ '[' -z '' ']'
+ case "$-" in
+ __lmod_vx=x
+ '[' -n x ']'
+ set +x
+ '[' -z '' ']'
+ case "$-" in
Shell debugging temporarily silenced: export LMOD_SH_DBG_ON=1 for this output (/usr/share/lmod/lmod/init/bash)
+ unset __lmod_vx
+ speed3d_r2c cufft double 256 256 256 -reorder -p2p_pl -r2c_dir 2 -ingrid 16 2 2 -n5
+ speed3d_r2c cufft double 256 256 256 -reorder -p2p_pl -r2c_dir 2 -ingrid 16 2 2 -n5
Shell debugging temporarily silenced: export LMOD_SH_DBG_ON=1 for this output (/usr/share/lmod/lmod/init/bash)
+ speed3d_r2c cufft double 256 256 256 -reorder -p2p_pl -r2c_dir 2 -ingrid 16 2 2 -n5
+ '[' -z '' ']'
+ case "$-" in
+ __lmod_vx=x
+ '[' -n x ']'
+ speed3d_r2c cufft double 256 256 256 -reorder -p2p_pl -r2c_dir 2 -ingrid 16 2 2 -n5
Shell debugging temporarily silenced: export LMOD_SH_DBG_ON=1 for this output (/usr/share/lmod/lmod/init/bash)
+ '[' -n x ']'
+ set +x
+ set +x
Shell debugging temporarily silenced: export LMOD_SH_DBG_ON=1 for this output (/usr/share/lmod/lmod/init/bash)
Shell debugging temporarily silenced: export LMOD_SH_DBG_ON=1 for this output (/usr/share/lmod/lmod/init/bash)
+ __lmod_vx=x
+ '[' -n x ']'
+ set +x
Shell debugging restarted
+ unset __lmod_vx
Shell debugging temporarily silenced: export LMOD_SH_DBG_ON=1 for this output (/usr/share/lmod/lmod/init/bash)
+ set +x
Shell debugging restarted
+ unset __lmod_vx
Shell debugging restarted
+ unset __lmod_vx
+ speed3d_r2c cufft double 256 256 256 -reorder -p2p_pl -r2c_dir 2 -ingrid 16 2 2 -n5
+ '[' -z '' ']'
+ case "$-" in
+ __lmod_vx=x
+ '[' -n x ']'
+ set +x
Shell debugging restarted
+ unset __lmod_vx
Shell debugging restarted
+ unset __lmod_vx
+ '[' -z '' ']'
+ case "$-" in
+ __lmod_vx=x
+ '[' -z '' ']'
+ case "$-" in
+ __lmod_vx=x
Shell debugging temporarily silenced: export LMOD_SH_DBG_ON=1 for this output (/usr/share/lmod/lmod/init/bash)
Shell debugging restarted
+ unset __lmod_vx
+ speed3d_r2c cufft double 256 256 256 -reorder -p2p_pl -r2c_dir 2 -ingrid 16 2 2 -n5
+ '[' -z '' ']'
+ case "$-" in
+ __lmod_vx=x
+ '[' -n x ']'
+ set +x
Shell debugging temporarily silenced: export LMOD_SH_DBG_ON=1 for this output (/usr/share/lmod/lmod/init/bash)
+ set +x
+ speed3d_r2c cufft double 256 256 256 -reorder -p2p_pl -r2c_dir 2 -ingrid 16 2 2 -n5
+ speed3d_r2c cufft double 256 256 256 -reorder -p2p_pl -r2c_dir 2 -ingrid 16 2 2 -n5
Shell debugging temporarily silenced: export LMOD_SH_DBG_ON=1 for this output (/usr/share/lmod/lmod/init/bash)
+ '[' -z '' ']'
+ case "$-" in
+ __lmod_vx=x
+ '[' -n x ']'
+ set +x
Shell debugging restarted
+ unset __lmod_vx
+ speed3d_r2c cufft double 256 256 256 -reorder -p2p_pl -r2c_dir 2 -ingrid 16 2 2 -n5
Shell debugging restarted
+ unset __lmod_vx
+ '[' -n x ']'
+ set +x
Shell debugging temporarily silenced: export LMOD_SH_DBG_ON=1 for this output (/usr/share/lmod/lmod/init/bash)
Shell debugging restarted
+ unset __lmod_vx
Shell debugging restarted
+ unset __lmod_vx
+ speed3d_r2c cufft double 256 256 256 -reorder -p2p_pl -r2c_dir 2 -ingrid 16 2 2 -n5
+ speed3d_r2c cufft double 256 256 256 -reorder -p2p_pl -r2c_dir 2 -ingrid 16 2 2 -n5
Shell debugging temporarily silenced: export LMOD_SH_DBG_ON=1 for this output (/usr/share/lmod/lmod/init/bash)
+ '[' -z '' ']'
+ case "$-" in
+ __lmod_vx=x
+ '[' -n x ']'
+ set +x
Shell debugging restarted
+ unset __lmod_vx
+ speed3d_r2c cufft double 256 256 256 -reorder -p2p_pl -r2c_dir 2 -ingrid 16 2 2 -n5
+ '[' -z '' ']'
+ case "$-" in
+ __lmod_vx=x
+ '[' -n x ']'
+ set +x
Shell debugging temporarily silenced: export LMOD_SH_DBG_ON=1 for this output (/usr/share/lmod/lmod/init/bash)
Shell debugging restarted
+ unset __lmod_vx
Shell debugging temporarily silenced: export LMOD_SH_DBG_ON=1 for this output (/usr/share/lmod/lmod/init/bash)
+ '[' -n x ']'
+ set +x
+ speed3d_r2c cufft double 256 256 256 -reorder -p2p_pl -r2c_dir 2 -ingrid 16 2 2 -n5
Shell debugging restarted
+ unset __lmod_vx
Shell debugging restarted
+ unset __lmod_vx
+ speed3d_r2c cufft double 256 256 256 -reorder -p2p_pl -r2c_dir 2 -ingrid 16 2 2 -n5
+ speed3d_r2c cufft double 256 256 256 -reorder -p2p_pl -r2c_dir 2 -ingrid 16 2 2 -n5
Shell debugging restarted
+ unset __lmod_vx
+ speed3d_r2c cufft double 256 256 256 -reorder -p2p_pl -r2c_dir 2 -ingrid 16 2 2 -n5
+ speed3d_r2c cufft double 256 256 256 -reorder -p2p_pl -r2c_dir 2 -ingrid 16 2 2 -n5
Shell debugging restarted
+ unset __lmod_vx
+ speed3d_r2c cufft double 256 256 256 -reorder -p2p_pl -r2c_dir 2 -ingrid 16 2 2 -n5
Shell debugging restarted
+ unset __lmod_vx
+ speed3d_r2c cufft double 256 256 256 -reorder -p2p_pl -r2c_dir 2 -ingrid 16 2 2 -n5
+ speed3d_r2c cufft double 256 256 256 -reorder -p2p_pl -r2c_dir 2 -ingrid 16 2 2 -n5
+ speed3d_r2c cufft double 256 256 256 -reorder -p2p_pl -r2c_dir 2 -ingrid 16 2 2 -n5
+ speed3d_r2c cufft double 256 256 256 -reorder -p2p_pl -r2c_dir 2 -ingrid 16 2 2 -n5
Shell debugging restarted
+ unset __lmod_vx
+ speed3d_r2c cufft double 256 256 256 -reorder -p2p_pl -r2c_dir 2 -ingrid 16 2 2 -n5
“RANK= 24 LOCAL_RANK= 0 gpu= 3”
“RANK= 27 LOCAL_RANK= 3 gpu= 0”
“RANK= 25 LOCAL_RANK= 1 gpu= 2”
“RANK= 26 LOCAL_RANK= 2 gpu= 1”
+ '[' -z '' ']'
+ case "$-" in
+ __lmod_vx=x
Shell debugging temporarily silenced: export LMOD_SH_DBG_ON=1 for this output (/usr/share/lmod/lmod/init/bash)
+ '[' -n x ']'
+ set +x
Shell debugging restarted
+ unset __lmod_vx
+ '[' -z '' ']'
+ case "$-" in
+ __lmod_vx=x
Shell debugging temporarily silenced: export LMOD_SH_DBG_ON=1 for this output (/usr/share/lmod/lmod/init/bash)
+ '[' -z '' ']'
+ case "$-" in
+ __lmod_vx=x
+ '[' -n x ']'
+ set +x
+ '[' -z '' ']'
+ case "$-" in
+ __lmod_vx=x
+ '[' -n x ']'
+ set +x
Shell debugging temporarily silenced: export LMOD_SH_DBG_ON=1 for this output (/usr/share/lmod/lmod/init/bash)
+ '[' -n x ']'
+ set +x
Shell debugging restarted
+ unset __lmod_vx
Shell debugging restarted
+ unset __lmod_vx
+ speed3d_r2c cufft double 256 256 256 -reorder -p2p_pl -r2c_dir 2 -ingrid 16 2 2 -n5
+ speed3d_r2c cufft double 256 256 256 -reorder -p2p_pl -r2c_dir 2 -ingrid 16 2 2 -n5
Shell debugging temporarily silenced: export LMOD_SH_DBG_ON=1 for this output (/usr/share/lmod/lmod/init/bash)
+ speed3d_r2c cufft double 256 256 256 -reorder -p2p_pl -r2c_dir 2 -ingrid 16 2 2 -n5
Shell debugging restarted
+ unset __lmod_vx
+ speed3d_r2c cufft double 256 256 256 -reorder -p2p_pl -r2c_dir 2 -ingrid 16 2 2 -n5
MPICH ERROR [Rank 4] [job id 127b7668-5df3-4c80-b104-f738fd606188] [Fri Aug  4 06:17:51 2023] [x3108c0s37b0n0] - Abort(69349775) (rank 4 in comm 0): Fatal error in PMPI_Waitany: Other MPI error, error stack:
PMPI_Waitany(277)..............: MPI_Waitany(count=7, req_array=0x1e6bef0, index=0x7ffe25a13ad4, status=0x1) failed
PMPI_Waitany(245)..............: 
MPIR_Waitany_impl(97)..........: 
MPIDI_Progress_test(80)........: 
MPIDI_OFI_handle_cq_error(1059): OFI poll failed (ofi_events.c:1061:MPIDI_OFI_handle_cq_error:Input/output error - remote access error)

aborting job:
Fatal error in PMPI_Waitany: Other MPI error, error stack:
PMPI_Waitany(277)..............: MPI_Waitany(count=7, req_array=0x1e6bef0, index=0x7ffe25a13ad4, status=0x1) failed
PMPI_Waitany(245)..............: 
MPIR_Waitany_impl(97)..........: 
MPIDI_Progress_test(80)........: 
MPIDI_OFI_handle_cq_error(1059): OFI poll failed (ofi_events.c:1061:MPIDI_OFI_handle_cq_error:Input/output error - remote access error)
MPICH ERROR [Rank 49] [job id 127b7668-5df3-4c80-b104-f738fd606188] [Fri Aug  4 06:17:51 2023] [x3111c0s37b1n0] - Abort(404894095) (rank 49 in comm 0): Fatal error in PMPI_Waitany: Other MPI error, error stack:
PMPI_Waitany(277)..............: MPI_Waitany(count=7, req_array=0x2041ec0, index=0x7ffc14253304, status=0x1) failed
PMPI_Waitany(245)..............: 
MPIR_Waitany_impl(97)..........: 
MPIDI_Progress_test(80)........: 
MPIDI_OFI_handle_cq_error(1059): OFI poll failed (ofi_events.c:1061:MPIDI_OFI_handle_cq_error:Input/output error - remote access error)

aborting job:
Fatal error in PMPI_Waitany: Other MPI error, error stack:
PMPI_Waitany(277)..............: MPI_Waitany(count=7, req_array=0x2041ec0, index=0x7ffc14253304, status=0x1) failed
PMPI_Waitany(245)..............: 
MPIR_Waitany_impl(97)..........: 
MPIDI_Progress_test(80)........: 
MPIDI_OFI_handle_cq_error(1059): OFI poll failed (ofi_events.c:1061:MPIDI_OFI_handle_cq_error:Input/output error - remote access error)
MPICH ERROR [Rank 37] [job id 127b7668-5df3-4c80-b104-f738fd606188] [Fri Aug  4 06:17:51 2023] [x3111c0s31b0n0] - Abort(807022991) (rank 37 in comm 0): Fatal error in PMPI_Waitany: Other MPI error, error stack:
PMPI_Waitany(277)..............: MPI_Waitany(count=7, req_array=0xd8cec0, index=0x7ffd36c56f24, status=0x1) failed
PMPI_Waitany(245)..............: 
MPIDI_Progress_test(80)........: 
MPIDI_OFI_handle_cq_error(1059): OFI poll failed (ofi_events.c:1061:MPIDI_OFI_handle_cq_error:Input/output error - remote access error)

aborting job:
Fatal error in PMPI_Waitany: Other MPI error, error stack:
PMPI_Waitany(277)..............: MPI_Waitany(count=7, req_array=0xd8cec0, index=0x7ffd36c56f24, status=0x1) failed
PMPI_Waitany(245)..............: 
MPIDI_Progress_test(80)........: 
MPIDI_OFI_handle_cq_error(1059): OFI poll failed (ofi_events.c:1061:MPIDI_OFI_handle_cq_error:Input/output error - remote access error)
MPICH ERROR [Rank 36] [job id 127b7668-5df3-4c80-b104-f738fd606188] [Fri Aug  4 06:17:51 2023] [x3111c0s31b0n0] - Abort(739914127) (rank 36 in comm 0): Fatal error in PMPI_Waitany: Other MPI error, error stack:
PMPI_Waitany(277)..............: MPI_Waitany(count=7, req_array=0x179df30, index=0x7ffd6c6d77f4, status=0x1) failed
PMPI_Waitany(245)..............: 
MPIDI_Progress_test(80)........: 
MPIDI_OFI_handle_cq_error(1059): OFI poll failed (ofi_events.c:1061:MPIDI_OFI_handle_cq_error:Input/output error - remote access error)

aborting job:
Fatal error in PMPI_Waitany: Other MPI error, error stack:
PMPI_Waitany(277)..............: MPI_Waitany(count=7, req_array=0x179df30, index=0x7ffd6c6d77f4, status=0x1) failed
PMPI_Waitany(245)..............: 
MPIDI_Progress_test(80)........: 
MPIDI_OFI_handle_cq_error(1059): OFI poll failed (ofi_events.c:1061:MPIDI_OFI_handle_cq_error:Input/output error - remote access error)
MPICH ERROR [Rank 16] [job id 127b7668-5df3-4c80-b104-f738fd606188] [Fri Aug  4 06:17:51 2023] [x3108c0s7b1n0] - Abort(270676367) (rank 16 in comm 0): Fatal error in PMPI_Waitany: Other MPI error, error stack:
PMPI_Waitany(277)..............: MPI_Waitany(count=7, req_array=0x2318e30, index=0x7ffe0eb604f4, status=0x1) failed
PMPI_Waitany(245)..............: 
MPIR_Waitany_impl(97)..........: 
MPIDI_Progress_test(80)........: 
MPIDI_OFI_handle_cq_error(1059): OFI poll failed (ofi_events.c:1061:MPIDI_OFI_handle_cq_error:Input/output error - remote access error)

aborting job:
Fatal error in PMPI_Waitany: Other MPI error, error stack:
PMPI_Waitany(277)..............: MPI_Waitany(count=7, req_array=0x2318e30, index=0x7ffe0eb604f4, status=0x1) failed
PMPI_Waitany(245)..............: 
MPIR_Waitany_impl(97)..........: 
MPIDI_Progress_test(80)........: 
MPIDI_OFI_handle_cq_error(1059): OFI poll failed (ofi_events.c:1061:MPIDI_OFI_handle_cq_error:Input/output error - remote access error)
MPICH ERROR [Rank 17] [job id 127b7668-5df3-4c80-b104-f738fd606188] [Fri Aug  4 06:17:51 2023] [x3108c0s7b1n0] - Abort(941240719) (rank 17 in comm 0): Fatal error in PMPI_Waitany: Other MPI error, error stack:
PMPI_Waitany(277)..............: MPI_Waitany(count=7, req_array=0x2107ec0, index=0x7ffe2ea41ec4, status=0x1) failed
PMPI_Waitany(245)..............: 
MPIDI_Progress_test(80)........: 
MPIDI_OFI_handle_cq_error(1059): OFI poll failed (ofi_events.c:1061:MPIDI_OFI_handle_cq_error:Input/output error - remote access error)

aborting job:
Fatal error in PMPI_Waitany: Other MPI error, error stack:
PMPI_Waitany(277)..............: MPI_Waitany(count=7, req_array=0x2107ec0, index=0x7ffe2ea41ec4, status=0x1) failed
PMPI_Waitany(245)..............: 
MPIDI_Progress_test(80)........: 
MPIDI_OFI_handle_cq_error(1059): OFI poll failed (ofi_events.c:1061:MPIDI_OFI_handle_cq_error:Input/output error - remote access error)
MPICH ERROR [Rank 53] [job id 127b7668-5df3-4c80-b104-f738fd606188] [Fri Aug  4 06:17:51 2023] [x3111c0s7b1n0] - Abort(1008349583) (rank 53 in comm 0): Fatal error in PMPI_Waitany: Other MPI error, error stack:
PMPI_Waitany(277)..............: MPI_Waitany(count=7, req_array=0xb6eec0, index=0x7ffd61a3d324, status=0x1) failed
PMPI_Waitany(245)..............: 
MPIDI_Progress_test(80)........: 
MPIDI_OFI_handle_cq_error(1059): OFI poll failed (ofi_events.c:1061:MPIDI_OFI_handle_cq_error:Input/output error - remote access error)

aborting job:
Fatal error in PMPI_Waitany: Other MPI error, error stack:
PMPI_Waitany(277)..............: MPI_Waitany(count=7, req_array=0xb6eec0, index=0x7ffd61a3d324, status=0x1) failed
PMPI_Waitany(245)..............: 
MPIDI_Progress_test(80)........: 
MPIDI_OFI_handle_cq_error(1059): OFI poll failed (ofi_events.c:1061:MPIDI_OFI_handle_cq_error:Input/output error - remote access error)
MPICH ERROR [Rank 5] [job id 127b7668-5df3-4c80-b104-f738fd606188] [Fri Aug  4 06:17:51 2023] [x3108c0s37b0n0] - Abort(941240719) (rank 5 in comm 0): Fatal error in PMPI_Waitany: Other MPI error, error stack:
PMPI_Waitany(277)..............: MPI_Waitany(count=7, req_array=0xbf8ec0, index=0x7ffc2645c854, status=0x1) failed
PMPI_Waitany(245)..............: 
MPIDI_Progress_test(80)........: 
MPIDI_OFI_handle_cq_error(1059): OFI poll failed (ofi_events.c:1061:MPIDI_OFI_handle_cq_error:Input/output error - remote access error)

aborting job:
Fatal error in PMPI_Waitany: Other MPI error, error stack:
PMPI_Waitany(277)..............: MPI_Waitany(count=7, req_array=0xbf8ec0, index=0x7ffc2645c854, status=0x1) failed
PMPI_Waitany(245)..............: 
MPIDI_Progress_test(80)........: 
MPIDI_OFI_handle_cq_error(1059): OFI poll failed (ofi_events.c:1061:MPIDI_OFI_handle_cq_error:Input/output error - remote access error)
MPICH ERROR [Rank 46] [job id 127b7668-5df3-4c80-b104-f738fd606188] [Fri Aug  4 06:17:51 2023] [x3111c0s37b0n0] - Abort(203567503) (rank 46 in comm 0): Fatal error in PMPI_Waitany: Other MPI error, error stack:
PMPI_Waitany(277)..............: MPI_Waitany(count=7, req_array=0x1f25ec0, index=0x7ffcc7cb17a4, status=0x1) failed
PMPI_Waitany(245)..............: 
MPIR_Waitany_impl(97)..........: 
MPIDI_Progress_test(80)........: 
MPIDI_OFI_handle_cq_error(1059): OFI poll failed (ofi_events.c:1061:MPIDI_OFI_handle_cq_error:Input/output error - remote access error)

aborting job:
Fatal error in PMPI_Waitany: Other MPI error, error stack:
PMPI_Waitany(277)..............: MPI_Waitany(count=7, req_array=0x1f25ec0, index=0x7ffcc7cb17a4, status=0x1) failed
PMPI_Waitany(245)..............: 
MPIR_Waitany_impl(97)..........: 
MPIDI_Progress_test(80)........: 
MPIDI_OFI_handle_cq_error(1059): OFI poll failed (ofi_events.c:1061:MPIDI_OFI_handle_cq_error:Input/output error - remote access error)
MPICH ERROR [Rank 11] [job id 127b7668-5df3-4c80-b104-f738fd606188] [Fri Aug  4 06:17:51 2023] [x3108c0s37b1n0] - Abort(270152079) (rank 11 in comm 0): Fatal error in PMPI_Waitany: Other MPI error, error stack:
PMPI_Waitany(277)..............: MPI_Waitany(count=7, req_array=0x251cec0, index=0x7fff0336cd64, status=0x1) failed
PMPI_Waitany(245)..............: 
MPIDI_Progress_test(80)........: 
MPIDI_OFI_handle_cq_error(1059): OFI poll failed (ofi_events.c:1061:MPIDI_OFI_handle_cq_error:Input/output error - remote access error)

aborting job:
Fatal error in PMPI_Waitany: Other MPI error, error stack:
PMPI_Waitany(277)..............: MPI_Waitany(count=7, req_array=0x251cec0, index=0x7fff0336cd64, status=0x1) failed
PMPI_Waitany(245)..............: 
MPIDI_Progress_test(80)........: 
MPIDI_OFI_handle_cq_error(1059): OFI poll failed (ofi_events.c:1061:MPIDI_OFI_handle_cq_error:Input/output error - remote access error)
MPICH ERROR [Rank 47] [job id 127b7668-5df3-4c80-b104-f738fd606188] [Fri Aug  4 06:17:51 2023] [x3111c0s37b0n0] - Abort(874131855) (rank 47 in comm 0): Fatal error in PMPI_Waitany: Other MPI error, error stack:
PMPI_Waitany(277)..............: MPI_Waitany(count=7, req_array=0x7e5ec0, index=0x7fffb1c64844, status=0x1) failed
PMPI_Waitany(245)..............: 
MPIDI_Progress_test(80)........: 
MPIDI_OFI_handle_cq_error(1059): OFI poll failed (ofi_events.c:1061:MPIDI_OFI_handle_cq_error:Input/output error - remote access error)

aborting job:
Fatal error in PMPI_Waitany: Other MPI error, error stack:
PMPI_Waitany(277)..............: MPI_Waitany(count=7, req_array=0x7e5ec0, index=0x7fffb1c64844, status=0x1) failed
PMPI_Waitany(245)..............: 
MPIDI_Progress_test(80)........: 
MPIDI_OFI_handle_cq_error(1059): OFI poll failed (ofi_events.c:1061:MPIDI_OFI_handle_cq_error:Input/output error - remote access error)
MPICH ERROR [Rank 31] [job id 127b7668-5df3-4c80-b104-f738fd606188] [Fri Aug  4 06:17:51 2023] [x3111c0s25b0n0] - Abort(941765007) (rank 31 in comm 0): Fatal error in PMPI_Waitany: Other MPI error, error stack:
PMPI_Waitany(277)..............: MPI_Waitany(count=7, req_array=0x2272ec0, index=0x7fff7b649054, status=0x1) failed
PMPI_Waitany(245)..............: 
MPIR_Waitany_impl(97)..........: 
MPIDI_Progress_test(80)........: 
MPIDI_OFI_handle_cq_error(1059): OFI poll failed (ofi_events.c:1061:MPIDI_OFI_handle_cq_error:Input/output error - remote access error)

aborting job:
Fatal error in PMPI_Waitany: Other MPI error, error stack:
PMPI_Waitany(277)..............: MPI_Waitany(count=7, req_array=0x2272ec0, index=0x7fff7b649054, status=0x1) failed
PMPI_Waitany(245)..............: 
MPIR_Waitany_impl(97)..........: 
MPIDI_Progress_test(80)........: 
MPIDI_OFI_handle_cq_error(1059): OFI poll failed (ofi_events.c:1061:MPIDI_OFI_handle_cq_error:Input/output error - remote access error)
MPICH ERROR [Rank 30] [job id 127b7668-5df3-4c80-b104-f738fd606188] [Fri Aug  4 06:17:51 2023] [x3111c0s25b0n0] - Abort(673329551) (rank 30 in comm 0): Fatal error in PMPI_Waitany: Other MPI error, error stack:
PMPI_Waitany(277)..............: MPI_Waitany(count=7, req_array=0xcd1ec0, index=0x7ffdc5f79514, status=0x1) failed
PMPI_Waitany(245)..............: 
MPIR_Waitany_impl(97)..........: 
MPIDI_Progress_test(80)........: 
MPIDI_OFI_handle_cq_error(1059): OFI poll failed (ofi_events.c:1061:MPIDI_OFI_handle_cq_error:Input/output error - remote access error)

aborting job:
Fatal error in PMPI_Waitany: Other MPI error, error stack:
PMPI_Waitany(277)..............: MPI_Waitany(count=7, req_array=0xcd1ec0, index=0x7ffdc5f79514, status=0x1) failed
PMPI_Waitany(245)..............: 
MPIR_Waitany_impl(97)..........: 
MPIDI_Progress_test(80)........: 
MPIDI_OFI_handle_cq_error(1059): OFI poll failed (ofi_events.c:1061:MPIDI_OFI_handle_cq_error:Input/output error - remote access error)
MPICH ERROR [Rank 58] [job id 127b7668-5df3-4c80-b104-f738fd606188] [Fri Aug  4 06:17:51 2023] [x3112c0s13b0n0] - Abort(136458639) (rank 58 in comm 0): Fatal error in PMPI_Waitany: Other MPI error, error stack:
PMPI_Waitany(277)..............: MPI_Waitany(count=7, req_array=0x20e7ec0, index=0x7ffcaf6987b4, status=0x1) failed
PMPI_Waitany(245)..............: 
MPIR_Waitany_impl(97)..........: 
MPIDI_Progress_test(80)........: 
MPIDI_OFI_handle_cq_error(1059): OFI poll failed (ofi_events.c:1061:MPIDI_OFI_handle_cq_error:Input/output error - remote access error)

aborting job:
Fatal error in PMPI_Waitany: Other MPI error, error stack:
PMPI_Waitany(277)..............: MPI_Waitany(count=7, req_array=0x20e7ec0, index=0x7ffcaf6987b4, status=0x1) failed
PMPI_Waitany(245)..............: 
MPIR_Waitany_impl(97)..........: 
MPIDI_Progress_test(80)........: 
MPIDI_OFI_handle_cq_error(1059): OFI poll failed (ofi_events.c:1061:MPIDI_OFI_handle_cq_error:Input/output error - remote access error)
MPICH ERROR [Rank 59] [job id 127b7668-5df3-4c80-b104-f738fd606188] [Fri Aug  4 06:17:51 2023] [x3112c0s13b0n0] - Abort(740438415) (rank 59 in comm 0): Fatal error in PMPI_Waitany: Other MPI error, error stack:
PMPI_Waitany(277)..............: MPI_Waitany(count=7, req_array=0x22e4ec0, index=0x7ffe5c355194, status=0x1) failed
PMPI_Waitany(245)..............: 
MPIR_Waitany_impl(97)..........: 
MPIDI_Progress_test(80)........: 
MPIDI_OFI_handle_cq_error(1059): OFI poll failed (ofi_events.c:1061:MPIDI_OFI_handle_cq_error:Input/output error - remote access error)

aborting job:
Fatal error in PMPI_Waitany: Other MPI error, error stack:
PMPI_Waitany(277)..............: MPI_Waitany(count=7, req_array=0x22e4ec0, index=0x7ffe5c355194, status=0x1) failed
PMPI_Waitany(245)..............: 
MPIR_Waitany_impl(97)..........: 
MPIDI_Progress_test(80)........: 
MPIDI_OFI_handle_cq_error(1059): OFI poll failed (ofi_events.c:1061:MPIDI_OFI_handle_cq_error:Input/output error - remote access error)
MPICH ERROR [Rank 15] [job id 127b7668-5df3-4c80-b104-f738fd606188] [Fri Aug  4 06:17:51 2023] [x3108c0s7b0n0] - Abort(270152079) (rank 15 in comm 0): Fatal error in PMPI_Waitany: Other MPI error, error stack:
PMPI_Waitany(277)..............: MPI_Waitany(count=7, req_array=0x1de7ec0, index=0x7ffe1b8faa14, status=0x1) failed
PMPI_Waitany(245)..............: 
MPIDI_Progress_test(80)........: 
MPIDI_OFI_handle_cq_error(1059): OFI poll failed (ofi_events.c:1061:MPIDI_OFI_handle_cq_error:Input/output error - remote access error)

aborting job:
Fatal error in PMPI_Waitany: Other MPI error, error stack:
PMPI_Waitany(277)..............: MPI_Waitany(count=7, req_array=0x1de7ec0, index=0x7ffe1b8faa14, status=0x1) failed
PMPI_Waitany(245)..............: 
MPIDI_Progress_test(80)........: 
MPIDI_OFI_handle_cq_error(1059): OFI poll failed (ofi_events.c:1061:MPIDI_OFI_handle_cq_error:Input/output error - remote access error)
MPICH ERROR [Rank 52] [job id 127b7668-5df3-4c80-b104-f738fd606188] [Fri Aug  4 06:17:51 2023] [x3111c0s7b1n0] - Abort(673329551) (rank 52 in comm 0): Fatal error in PMPI_Waitany: Other MPI error, error stack:
PMPI_Waitany(277)..............: MPI_Waitany(count=7, req_array=0x1d17f10, index=0x7fff05a56944, status=0x1) failed
PMPI_Waitany(245)..............: 
MPIR_Waitany_impl(97)..........: 
MPIDI_Progress_test(80)........: 
MPIDI_OFI_handle_cq_error(1059): OFI poll failed (ofi_events.c:1061:MPIDI_OFI_handle_cq_error:Input/output error - remote invalid request error)

aborting job:
Fatal error in PMPI_Waitany: Other MPI error, error stack:
PMPI_Waitany(277)..............: MPI_Waitany(count=7, req_array=0x1d17f10, index=0x7fff05a56944, status=0x1) failed
PMPI_Waitany(245)..............: 
MPIR_Waitany_impl(97)..........: 
MPIDI_Progress_test(80)........: 
MPIDI_OFI_handle_cq_error(1059): OFI poll failed (ofi_events.c:1061:MPIDI_OFI_handle_cq_error:Input/output error - remote invalid request error)
MPICH ERROR [Rank 48] [job id 127b7668-5df3-4c80-b104-f738fd606188] [Fri Aug  4 06:17:51 2023] [x3111c0s37b1n0] - Abort(472002959) (rank 48 in comm 0): Fatal error in PMPI_Waitany: Other MPI error, error stack:
PMPI_Waitany(277)..............: MPI_Waitany(count=7, req_array=0x226be40, index=0x7ffeede56024, status=0x1) failed
PMPI_Waitany(245)..............: 
MPIR_Waitany_impl(97)..........: 
MPIDI_Progress_test(80)........: 
MPIDI_OFI_handle_cq_error(1059): OFI poll failed (ofi_events.c:1061:MPIDI_OFI_handle_cq_error:Input/output error - remote access error)

aborting job:
Fatal error in PMPI_Waitany: Other MPI error, error stack:
PMPI_Waitany(277)..............: MPI_Waitany(count=7, req_array=0x226be40, index=0x7ffeede56024, status=0x1) failed
PMPI_Waitany(245)..............: 
MPIR_Waitany_impl(97)..........: 
MPIDI_Progress_test(80)........: 
MPIDI_OFI_handle_cq_error(1059): OFI poll failed (ofi_events.c:1061:MPIDI_OFI_handle_cq_error:Input/output error - remote access error)
MPICH ERROR [Rank 10] [job id 127b7668-5df3-4c80-b104-f738fd606188] [Fri Aug  4 06:17:51 2023] [x3108c0s37b1n0] - Abort(2240911) (rank 10 in comm 0): Fatal error in PMPI_Waitany: Other MPI error, error stack:
PMPI_Waitany(277)..............: MPI_Waitany(count=7, req_array=0x1b9bec0, index=0x7ffd9885b3a4, status=0x1) failed
PMPI_Waitany(245)..............: 
MPIR_Waitany_impl(97)..........: 
MPIDI_Progress_test(80)........: 
MPIDI_OFI_handle_cq_error(1059): OFI poll failed (ofi_events.c:1061:MPIDI_OFI_handle_cq_error:Input/output error - remote access error)

aborting job:
Fatal error in PMPI_Waitany: Other MPI error, error stack:
PMPI_Waitany(277)..............: MPI_Waitany(count=7, req_array=0x1b9bec0, index=0x7ffd9885b3a4, status=0x1) failed
PMPI_Waitany(245)..............: 
MPIR_Waitany_impl(97)..........: 
MPIDI_Progress_test(80)........: 
MPIDI_OFI_handle_cq_error(1059): OFI poll failed (ofi_events.c:1061:MPIDI_OFI_handle_cq_error:Input/output error - remote access error)
MPICH ERROR [Rank 32] [job id 127b7668-5df3-4c80-b104-f738fd606188] [Fri Aug  4 06:17:51 2023] [x3111c0s25b1n0] - Abort(739880847) (rank 32 in comm 0): Fatal error in PMPI_Isend: Other MPI error, error stack:
PMPI_Isend(161)................: MPI_Isend(buf=0x146413488000, count=17408, dtype=0x4c001041, dest=49, tag=0, MPI_COMM_WORLD, request=0x2001e18) failed
MPID_Isend(578)................: 
MPIDI_Progress_test(80)........: 
MPIDI_OFI_handle_cq_error(1059): OFI poll failed (ofi_events.c:1061:MPIDI_OFI_handle_cq_error:Input/output error - remote access error)

aborting job:
Fatal error in PMPI_Isend: Other MPI error, error stack:
PMPI_Isend(161)................: MPI_Isend(buf=0x146413488000, count=17408, dtype=0x4c001041, dest=49, tag=0, MPI_COMM_WORLD, request=0x2001e18) failed
MPID_Isend(578)................: 
MPIDI_Progress_test(80)........: 
MPIDI_OFI_handle_cq_error(1059): OFI poll failed (ofi_events.c:1061:MPIDI_OFI_handle_cq_error:Input/output error - remote access error)
MPICH ERROR [Rank 26] [job id 127b7668-5df3-4c80-b104-f738fd606188] [Fri Aug  4 06:17:51 2023] [x3111c0s1b1n0] - Abort(68825487) (rank 26 in comm 0): Fatal error in PMPI_Waitany: Other MPI error, error stack:
PMPI_Waitany(277)..............: MPI_Waitany(count=7, req_array=0x2239ec0, index=0x7ffd61131614, status=0x1) failed
PMPI_Waitany(245)..............: 
MPIDI_Progress_test(80)........: 
MPIDI_OFI_handle_cq_error(1059): OFI poll failed (ofi_events.c:1061:MPIDI_OFI_handle_cq_error:Input/output error - remote access error)

aborting job:
Fatal error in PMPI_Waitany: Other MPI error, error stack:
PMPI_Waitany(277)..............: MPI_Waitany(count=7, req_array=0x2239ec0, index=0x7ffd61131614, status=0x1) failed
PMPI_Waitany(245)..............: 
MPIDI_Progress_test(80)........: 
MPIDI_OFI_handle_cq_error(1059): OFI poll failed (ofi_events.c:1061:MPIDI_OFI_handle_cq_error:Input/output error - remote access error)
MPICH ERROR [Rank 27] [job id 127b7668-5df3-4c80-b104-f738fd606188] [Fri Aug  4 06:17:51 2023] [x3111c0s1b1n0] - Abort(807547279) (rank 27 in comm 0): Fatal error in PMPI_Waitany: Other MPI error, error stack:
PMPI_Waitany(277)..............: MPI_Waitany(count=7, req_array=0x1169ec0, index=0x7ffc7b531d84, status=0x1) failed
PMPI_Waitany(245)..............: 
MPIR_Waitany_impl(97)..........: 
MPIDI_Progress_test(80)........: 
MPIDI_OFI_handle_cq_error(1059): OFI poll failed (ofi_events.c:1061:MPIDI_OFI_handle_cq_error:Input/output error - remote access error)

aborting job:
Fatal error in PMPI_Waitany: Other MPI error, error stack:
PMPI_Waitany(277)..............: MPI_Waitany(count=7, req_array=0x1169ec0, index=0x7ffc7b531d84, status=0x1) failed
PMPI_Waitany(245)..............: 
MPIR_Waitany_impl(97)..........: 
MPIDI_Progress_test(80)........: 
MPIDI_OFI_handle_cq_error(1059): OFI poll failed (ofi_events.c:1061:MPIDI_OFI_handle_cq_error:Input/output error - remote access error)
MPICH ERROR [Rank 33] [job id 127b7668-5df3-4c80-b104-f738fd606188] [Fri Aug  4 06:17:51 2023] [x3111c0s25b1n0] - Abort(472002959) (rank 33 in comm 0): Fatal error in PMPI_Waitany: Other MPI error, error stack:
PMPI_Waitany(277)..............: MPI_Waitany(count=7, req_array=0x26f7ec0, index=0x7ffec7bf9dd4, status=0x1) failed
PMPI_Waitany(245)..............: 
MPIR_Waitany_impl(97)..........: 
MPIDI_Progress_test(80)........: 
MPIDI_OFI_handle_cq_error(1059): OFI poll failed (ofi_events.c:1061:MPIDI_OFI_handle_cq_error:Input/output error - remote access error)

aborting job:
Fatal error in PMPI_Waitany: Other MPI error, error stack:
PMPI_Waitany(277)..............: MPI_Waitany(count=7, req_array=0x26f7ec0, index=0x7ffec7bf9dd4, status=0x1) failed
PMPI_Waitany(245)..............: 
MPIR_Waitany_impl(97)..........: 
MPIDI_Progress_test(80)........: 
MPIDI_OFI_handle_cq_error(1059): OFI poll failed (ofi_events.c:1061:MPIDI_OFI_handle_cq_error:Input/output error - remote access error)
MPICH ERROR [Rank 14] [job id 127b7668-5df3-4c80-b104-f738fd606188] [Fri Aug  4 06:17:51 2023] [x3108c0s7b0n0] - Abort(270676367) (rank 14 in comm 0): Fatal error in PMPI_Waitany: Other MPI error, error stack:
PMPI_Waitany(277)..............: MPI_Waitany(count=7, req_array=0xd80ec0, index=0x7fffb7a60444, status=0x1) failed
PMPI_Waitany(245)..............: 
MPIR_Waitany_impl(97)..........: 
MPIDI_Progress_test(80)........: 
MPIDI_OFI_handle_cq_error(1059): OFI poll failed (ofi_events.c:1061:MPIDI_OFI_handle_cq_error:Input/output error - remote access error)

aborting job:
Fatal error in PMPI_Waitany: Other MPI error, error stack:
PMPI_Waitany(277)..............: MPI_Waitany(count=7, req_array=0xd80ec0, index=0x7fffb7a60444, status=0x1) failed
PMPI_Waitany(245)..............: 
MPIR_Waitany_impl(97)..........: 
MPIDI_Progress_test(80)........: 
MPIDI_OFI_handle_cq_error(1059): OFI poll failed (ofi_events.c:1061:MPIDI_OFI_handle_cq_error:Input/output error - remote access error)
x3108c0s37b0n0.hsn.cm.polaris.alcf.anl.gov: rank 4 exited with code 255
