“RANK= 12 LOCAL_RANK= 0 gpu= 3”
“RANK= 13 LOCAL_RANK= 1 gpu= 2”
“RANK= 4 LOCAL_RANK= 0 gpu= 3”
“RANK= 14 LOCAL_RANK= 2 gpu= 1”
“RANK= 15 LOCAL_RANK= 3 gpu= 0”
“RANK= 5 LOCAL_RANK= 1 gpu= 2”
“RANK= 6 LOCAL_RANK= 2 gpu= 1”
“RANK= 7 LOCAL_RANK= 3 gpu= 0”
+ '[' -z '' ']'
+ case "$-" in
+ __lmod_vx=x
Shell debugging temporarily silenced: export LMOD_SH_DBG_ON=1 for this output (/usr/share/lmod/lmod/init/bash)
+ '[' -n x ']'
+ set +x
+ '[' -z '' ']'
+ case "$-" in
+ __lmod_vx=x
Shell debugging temporarily silenced: export LMOD_SH_DBG_ON=1 for this output (/usr/share/lmod/lmod/init/bash)
+ '[' -n x ']'
+ set +x
+ '[' -z '' ']'
+ case "$-" in
+ __lmod_vx=x
+ '[' -n x ']'
+ set +x
Shell debugging restarted
+ unset __lmod_vx
Shell debugging restarted
+ unset __lmod_vx
Shell debugging temporarily silenced: export LMOD_SH_DBG_ON=1 for this output (/usr/share/lmod/lmod/init/bash)
+ speed3d_r2c cufft float 64 64 64 -p2p -slabs -r2c_dir 2 -ingrid 4 2 2
+ speed3d_r2c cufft float 64 64 64 -p2p -slabs -r2c_dir 2 -ingrid 4 2 2
Shell debugging temporarily silenced: export LMOD_SH_DBG_ON=1 for this output (/usr/share/lmod/lmod/init/bash)
+ '[' -z '' ']'
+ case "$-" in
+ __lmod_vx=x
+ '[' -n x ']'
+ set +x
+ '[' -z '' ']'
+ case "$-" in
+ __lmod_vx=x
+ '[' -z '' ']'
+ case "$-" in
+ __lmod_vx=x
+ '[' -n x ']'
+ set +x
Shell debugging restarted
+ unset __lmod_vx
Shell debugging temporarily silenced: export LMOD_SH_DBG_ON=1 for this output (/usr/share/lmod/lmod/init/bash)
+ speed3d_r2c cufft float 64 64 64 -p2p -slabs -r2c_dir 2 -ingrid 4 2 2
+ '[' -n x ']'
+ set +x
Shell debugging restarted
+ unset __lmod_vx
Shell debugging temporarily silenced: export LMOD_SH_DBG_ON=1 for this output (/usr/share/lmod/lmod/init/bash)
+ speed3d_r2c cufft float 64 64 64 -p2p -slabs -r2c_dir 2 -ingrid 4 2 2
+ '[' -z '' ']'
+ case "$-" in
+ __lmod_vx=x
+ '[' -n x ']'
+ set +x
Shell debugging restarted
+ unset __lmod_vx
+ speed3d_r2c cufft float 64 64 64 -p2p -slabs -r2c_dir 2 -ingrid 4 2 2
Shell debugging restarted
+ unset __lmod_vx
+ speed3d_r2c cufft float 64 64 64 -p2p -slabs -r2c_dir 2 -ingrid 4 2 2
Shell debugging temporarily silenced: export LMOD_SH_DBG_ON=1 for this output (/usr/share/lmod/lmod/init/bash)
+ '[' -z '' ']'
+ case "$-" in
Shell debugging restarted
Shell debugging temporarily silenced: export LMOD_SH_DBG_ON=1 for this output (/usr/share/lmod/lmod/init/bash)
+ unset __lmod_vx
+ __lmod_vx=x
+ '[' -n x ']'
+ set +x
+ speed3d_r2c cufft float 64 64 64 -p2p -slabs -r2c_dir 2 -ingrid 4 2 2
Shell debugging restarted
+ unset __lmod_vx
+ speed3d_r2c cufft float 64 64 64 -p2p -slabs -r2c_dir 2 -ingrid 4 2 2
“RANK= 8 LOCAL_RANK= 0 gpu= 3”
“RANK= 9 LOCAL_RANK= 1 gpu= 2”
“RANK= 10 LOCAL_RANK= 2 gpu= 1”
“RANK= 11 LOCAL_RANK= 3 gpu= 0”
+ '[' -z '' ']'
+ case "$-" in
+ __lmod_vx=x
+ '[' -n x ']'
Shell debugging temporarily silenced: export LMOD_SH_DBG_ON=1 for this output (/usr/share/lmod/lmod/init/bash)
+ set +x
+ '[' -z '' ']'
+ case "$-" in
Shell debugging restarted
+ unset __lmod_vx
Shell debugging temporarily silenced: export LMOD_SH_DBG_ON=1 for this output (/usr/share/lmod/lmod/init/bash)
+ __lmod_vx=x
+ '[' -n x ']'
+ set +x
Shell debugging temporarily silenced: export LMOD_SH_DBG_ON=1 for this output (/usr/share/lmod/lmod/init/bash)
+ '[' -z '' ']'
+ case "$-" in
+ __lmod_vx=x
+ '[' -n x ']'
+ set +x
+ '[' -z '' ']'
+ case "$-" in
+ __lmod_vx=x
+ '[' -n x ']'
+ set +x
Shell debugging temporarily silenced: export LMOD_SH_DBG_ON=1 for this output (/usr/share/lmod/lmod/init/bash)
+ speed3d_r2c cufft float 64 64 64 -p2p -slabs -r2c_dir 2 -ingrid 4 2 2
Shell debugging restarted
+ unset __lmod_vx
Shell debugging restarted
+ unset __lmod_vx
+ speed3d_r2c cufft float 64 64 64 -p2p -slabs -r2c_dir 2 -ingrid 4 2 2
+ speed3d_r2c cufft float 64 64 64 -p2p -slabs -r2c_dir 2 -ingrid 4 2 2
Shell debugging restarted
+ unset __lmod_vx
+ speed3d_r2c cufft float 64 64 64 -p2p -slabs -r2c_dir 2 -ingrid 4 2 2
“RANK= 2 LOCAL_RANK= 2 gpu= 1”
“RANK= 1 LOCAL_RANK= 1 gpu= 2”
“RANK= 0 LOCAL_RANK= 0 gpu= 3”
“RANK= 3 LOCAL_RANK= 3 gpu= 0”
+ '[' -z '' ']'
+ case "$-" in
+ __lmod_vx=x
Shell debugging temporarily silenced: export LMOD_SH_DBG_ON=1 for this output (/usr/share/lmod/lmod/init/bash)
+ '[' -n x ']'
+ set +x
Shell debugging restarted
+ unset __lmod_vx
+ '[' -z '' ']'
+ case "$-" in
+ __lmod_vx=x
+ '[' -n x ']'
+ set +x
Shell debugging temporarily silenced: export LMOD_SH_DBG_ON=1 for this output (/usr/share/lmod/lmod/init/bash)
+ '[' -z '' ']'
+ case "$-" in
+ __lmod_vx=x
Shell debugging temporarily silenced: export LMOD_SH_DBG_ON=1 for this output (/usr/share/lmod/lmod/init/bash)
+ '[' -n x ']'
+ set +x
Shell debugging temporarily silenced: export LMOD_SH_DBG_ON=1 for this output (/usr/share/lmod/lmod/init/bash)
+ '[' -z '' ']'
+ case "$-" in
+ __lmod_vx=x
+ '[' -n x ']'
+ set +x
Shell debugging restarted
+ unset __lmod_vx
+ speed3d_r2c cufft float 64 64 64 -p2p -slabs -r2c_dir 2 -ingrid 4 2 2
Shell debugging restarted
+ unset __lmod_vx
+ speed3d_r2c cufft float 64 64 64 -p2p -slabs -r2c_dir 2 -ingrid 4 2 2
+ speed3d_r2c cufft float 64 64 64 -p2p -slabs -r2c_dir 2 -ingrid 4 2 2
Shell debugging restarted
+ unset __lmod_vx
+ speed3d_r2c cufft float 64 64 64 -p2p -slabs -r2c_dir 2 -ingrid 4 2 2

----------------------------------------------------------------------------- 
heFFTe performance test
----------------------------------------------------------------------------- 
Backend:   cufft
Size:      64x64x64
MPI ranks:   16
Grids: (4, 2, 2)  (1, 16, 1)  -  (4, 1, 4)  (2, 2, 4)  
Time per run: 0.00818613 (s)
Performance:  2.88207 GFlops/s
Memory usage: 0MB/rank
Tolerance:    0.0005
Max error:    2.20537e-06

