“RANK= 0 LOCAL_RANK= 0 gpu= 3”
“RANK= 1 LOCAL_RANK= 1 gpu= 2”
“RANK= 2 LOCAL_RANK= 2 gpu= 1”
“RANK= 3 LOCAL_RANK= 3 gpu= 0”
+ '[' -z '' ']'
+ case "$-" in
+ '[' -z '' ']'
+ case "$-" in
+ __lmod_vx=x
+ '[' -n x ']'
+ set +x
+ '[' -z '' ']'
+ case "$-" in
+ __lmod_vx=x
+ '[' -n x ']'
+ set +x
Shell debugging temporarily silenced: export LMOD_SH_DBG_ON=1 for this output (/usr/share/lmod/lmod/init/bash)
+ __lmod_vx=x
+ '[' -n x ']'
+ set +x
Shell debugging temporarily silenced: export LMOD_SH_DBG_ON=1 for this output (/usr/share/lmod/lmod/init/bash)
+ '[' -z '' ']'
+ case "$-" in
+ __lmod_vx=x
+ '[' -n x ']'
+ set +x
Shell debugging temporarily silenced: export LMOD_SH_DBG_ON=1 for this output (/usr/share/lmod/lmod/init/bash)
Shell debugging temporarily silenced: export LMOD_SH_DBG_ON=1 for this output (/usr/share/lmod/lmod/init/bash)
Shell debugging restarted
+ unset __lmod_vx
Shell debugging restarted
+ unset __lmod_vx
Shell debugging restarted
+ unset __lmod_vx
Shell debugging restarted
+ unset __lmod_vx
+ speed3d_r2c cufft double 64 64 64 -a2a -p2p -ingrid 4 2 1 -n5
+ speed3d_r2c cufft double 64 64 64 -a2a -p2p -ingrid 4 2 1 -n5
+ speed3d_r2c cufft double 64 64 64 -a2a -p2p -ingrid 4 2 1 -n5
+ speed3d_r2c cufft double 64 64 64 -a2a -p2p -ingrid 4 2 1 -n5
“RANK= 5 LOCAL_RANK= 1 gpu= 2”
“RANK= 4 LOCAL_RANK= 0 gpu= 3”
“RANK= 6 LOCAL_RANK= 2 gpu= 1”
“RANK= 7 LOCAL_RANK= 3 gpu= 0”
+ '[' -z '' ']'
+ case "$-" in
Shell debugging temporarily silenced: export LMOD_SH_DBG_ON=1 for this output (/usr/share/lmod/lmod/init/bash)
+ __lmod_vx=x
+ '[' -n x ']'
+ set +x
Shell debugging restarted
+ unset __lmod_vx
+ '[' -z '' ']'
+ case "$-" in
+ __lmod_vx=x
+ '[' -z '' ']'
+ case "$-" in
+ __lmod_vx=x
+ '[' -n x ']'
+ set +x
+ '[' -z '' ']'
+ case "$-" in
+ __lmod_vx=x
+ '[' -n x ']'
+ set +x
Shell debugging temporarily silenced: export LMOD_SH_DBG_ON=1 for this output (/usr/share/lmod/lmod/init/bash)
+ '[' -n x ']'
+ set +x
Shell debugging temporarily silenced: export LMOD_SH_DBG_ON=1 for this output (/usr/share/lmod/lmod/init/bash)
Shell debugging temporarily silenced: export LMOD_SH_DBG_ON=1 for this output (/usr/share/lmod/lmod/init/bash)
+ speed3d_r2c cufft double 64 64 64 -a2a -p2p -ingrid 4 2 1 -n5
Shell debugging restarted
+ unset __lmod_vx
Shell debugging restarted
+ unset __lmod_vx
+ speed3d_r2c cufft double 64 64 64 -a2a -p2p -ingrid 4 2 1 -n5
+ speed3d_r2c cufft double 64 64 64 -a2a -p2p -ingrid 4 2 1 -n5
Shell debugging restarted
+ unset __lmod_vx
+ speed3d_r2c cufft double 64 64 64 -a2a -p2p -ingrid 4 2 1 -n5

----------------------------------------------------------------------------- 
heFFTe performance test
----------------------------------------------------------------------------- 
Backend:   cufft
Size:      64x64x64
MPI ranks:    8
Grids: (4, 2, 1)  (1, 2, 4)  (2, 1, 4)  (2, 4, 1)  (2, 2, 2)  
Time per run: 0.00160242 (s)
Performance:  14.7234 GFlops/s
Memory usage: 2MB/rank
Tolerance:    1e-11
Max error:    2.35922e-15

