time=4.6092 0/2 /pressio/roibin/background/pressio/zfp:metrics:copy_compressor_results <int32> = 1
/pressio/roibin/background/pressio/zfp:metrics:errors_fatal <int32> = 1
/pressio/roibin/background/pressio/zfp:pressio:abs <double> = <empty>
/pressio/roibin/background/pressio/zfp:pressio:lossless <int32> = <empty>
/pressio/roibin/background/pressio/zfp:pressio:metric <char*> = "noop"
/pressio/roibin/background/pressio/zfp:pressio:nthreads <uint32> = 0
/pressio/roibin/background/pressio/zfp:zfp:accuracy <double> = <empty>
/pressio/roibin/background/pressio/zfp:zfp:dims <uint32> = <empty>
/pressio/roibin/background/pressio/zfp:zfp:execution <int32> = 0
/pressio/roibin/background/pressio/zfp:zfp:execution_name <char*> = <empty>
/pressio/roibin/background/pressio/zfp:zfp:maxbits <uint32> = 16658
/pressio/roibin/background/pressio/zfp:zfp:maxprec <uint32> = 64
/pressio/roibin/background/pressio/zfp:zfp:metric <char*> = "noop"
/pressio/roibin/background/pressio/zfp:zfp:minbits <uint32> = 1
/pressio/roibin/background/pressio/zfp:zfp:minexp <int32> = 6
/pressio/roibin/background/pressio/zfp:zfp:mode <uint32> = <empty>
/pressio/roibin/background/pressio/zfp:zfp:omp_chunk_size <uint32> = 0
/pressio/roibin/background/pressio/zfp:zfp:omp_threads <uint32> = 0
/pressio/roibin/background/pressio/zfp:zfp:precision <uint32> = <empty>
/pressio/roibin/background/pressio/zfp:zfp:rate <double> = <empty>
/pressio/roibin/background/pressio/zfp:zfp:reversible <uint32> = <empty>
/pressio/roibin/background/pressio/zfp:zfp:type <uint32> = <empty>
/pressio/roibin/background/pressio/zfp:zfp:wra <int32> = <empty>
/pressio/roibin/background/pressio:metrics:copy_compressor_results <int32> = 1
/pressio/roibin/background/pressio:metrics:errors_fatal <int32> = 1
/pressio/roibin/background/pressio:pressio:abs <double> = 90
/pressio/roibin/background/pressio:pressio:bound_name <char*> = <empty>
/pressio/roibin/background/pressio:pressio:compressor <char*> = "zfp"
/pressio/roibin/background/pressio:pressio:metric <char*> = "noop"
/pressio/roibin/background/pressio:pressio:rel <double> = <empty>
/pressio/roibin/background/pressio:pressio:reset_mode <bool> = <empty>
/pressio/roibin/background:binning:compressor <char*> = "pressio"
/pressio/roibin/background:binning:metric <char*> = "noop"
/pressio/roibin/background:binning:nthreads <uint32> = 2
/pressio/roibin/background:binning:shape <data> = data{ type=double dims={3, } has_data=[2, 2, 1, ]}
/pressio/roibin/background:metrics:copy_compressor_results <int32> = 1
/pressio/roibin/background:metrics:errors_fatal <int32> = 1
/pressio/roibin/background:pressio:metric <char*> = "noop"
/pressio/roibin/background:pressio:nthreads <uint32> = 2
/pressio/roibin/roi:fpzip:has_header <int32> = 0
/pressio/roibin/roi:fpzip:metric <char*> = "noop"
/pressio/roibin/roi:fpzip:prec <int32> = 0
/pressio/roibin/roi:metrics:copy_compressor_results <int32> = 1
/pressio/roibin/roi:metrics:errors_fatal <int32> = 1
/pressio/roibin/roi:pressio:metric <char*> = "noop"
/pressio/roibin:metrics:copy_compressor_results <int32> = 1
/pressio/roibin:metrics:errors_fatal <int32> = 1
/pressio/roibin:pressio:metric <char*> = "noop"
/pressio/roibin:pressio:nthreads <uint32> = 1
/pressio/roibin:roibin:background <char*> = "binning"
/pressio/roibin:roibin:centers <data> = data{ type=uint64_t dims={} has_data=false}
/pressio/roibin:roibin:metric <char*> = "noop"
/pressio/roibin:roibin:nthreads <uint32> = 1
/pressio/roibin:roibin:roi <char*> = "fpzip"
/pressio/roibin:roibin:roi_size <data> = data{ type=double dims={3, } has_data=[8, 8, 0, ]}
/pressio/roibin:roibin:roi_strategy <char*> = "coordinates"
/pressio:metrics:copy_compressor_results <int32> = 1
/pressio:metrics:errors_fatal <int32> = 1
/pressio:pressio:bound_name <char*> = <empty>
/pressio:pressio:compressor <char*> = "roibin"
/pressio:pressio:metric <char*> = "noop"
/pressio:pressio:reset_mode <bool> = <empty>

time=4.60927 0/2 global data_dims{130, 1480, 1552}
time=4.60927 0/2 global peakx_dims{130, 2048}
time=4.60927 0/2 global peaky_dims{130, 2048}
time=4.60927 0/2 global npeaks{130}
time=4.60928 0/2 processing 0 2
time=11.2669 0/2 processing 2 4
time=18.9956 0/2 processing 4 6
time=26.5444 0/2 processing 6 8
time=33.2076 0/2 processing 8 10
time=38.4718 0/2 processing 10 12
time=44.6036 0/2 processing 12 14
time=51.8438 0/2 processing 14 16
time=58.3818 0/2 processing 16 18
time=65.2957 0/2 processing 18 20
time=71.2088 0/2 processing 20 22
time=78.0835 0/2 processing 22 24
time=84.2276 0/2 processing 24 26
time=92.3615 0/2 processing 26 28
time=98.3537 0/2 processing 28 30
time=103.96 0/2 processing 30 32
time=110.088 0/2 processing 32 34
time=116.228 0/2 processing 34 36
time=121.896 0/2 processing 36 38
time=128.076 0/2 processing 38 40
time=133.92 0/2 processing 40 42
time=140.579 0/2 processing 42 44
time=146.055 0/2 processing 44 46
time=152.112 0/2 processing 46 48
time=158.69 0/2 processing 48 50
time=164.352 0/2 processing 50 52
time=170.103 0/2 processing 52 54
time=176.507 0/2 processing 54 56
time=183.232 0/2 processing 56 58
time=190.395 0/2 processing 58 60
time=196.332 0/2 processing 60 62
time=203.513 0/2 processing 62 64
time=208.127 0/2 processing 64 66
time=214.992 0/2 processing 66 68
time=220.648 0/2 processing 68 70
time=226.789 0/2 processing 70 72
time=232.429 0/2 processing 72 74
time=237.78 0/2 processing 74 76
time=243.564 0/2 processing 76 78
time=249.036 0/2 processing 78 80
time=256.969 0/2 processing 80 82
time=263.856 0/2 processing 82 84
time=271.55 0/2 processing 84 86
time=279.808 0/2 processing 86 88
time=287.04 0/2 processing 88 90
time=293.437 0/2 processing 90 92
