“RANK= 16 LOCAL_RANK= 0 gpu= 3”
“RANK= 17 LOCAL_RANK= 1 gpu= 2”
“RANK= 19 LOCAL_RANK= 3 gpu= 0”
“RANK= 18 LOCAL_RANK= 2 gpu= 1”
+ '[' -z '' ']'
+ case "$-" in
Shell debugging temporarily silenced: export LMOD_SH_DBG_ON=1 for this output (/usr/share/lmod/lmod/init/bash)
+ __lmod_vx=x
+ '[' -n x ']'
+ set +x
“RANK= 24 LOCAL_RANK= 0 gpu= 3”
“RANK= 4 LOCAL_RANK= 0 gpu= 3”
Shell debugging restarted
+ unset __lmod_vx
“RANK= 27 LOCAL_RANK= 3 gpu= 0”
“RANK= 7 LOCAL_RANK= 3 gpu= 0”
+ '[' -z '' ']'
+ case "$-" in
+ __lmod_vx=x
“RANK= 5 LOCAL_RANK= 1 gpu= 2”
Shell debugging temporarily silenced: export LMOD_SH_DBG_ON=1 for this output (/usr/share/lmod/lmod/init/bash)
“RANK= 6 LOCAL_RANK= 2 gpu= 1”
+ '[' -z '' ']'
+ case "$-" in
+ __lmod_vx=x
+ '[' -n x ']'
+ set +x
Shell debugging temporarily silenced: export LMOD_SH_DBG_ON=1 for this output (/usr/share/lmod/lmod/init/bash)
“RANK= 25 LOCAL_RANK= 1 gpu= 2”
+ '[' -n x ']'
+ set +x
Shell debugging temporarily silenced: export LMOD_SH_DBG_ON=1 for this output (/usr/share/lmod/lmod/init/bash)
+ '[' -z '' ']'
+ case "$-" in
+ __lmod_vx=x
+ '[' -n x ']'
+ set +x
Shell debugging restarted
+ unset __lmod_vx
+ speed3d_r2c cufft double 64 64 64 -a2a -r2c_dir 0 -outgrid 4 4 2 -n5
Shell debugging restarted
+ unset __lmod_vx
+ speed3d_r2c cufft double 64 64 64 -a2a -r2c_dir 0 -outgrid 4 4 2 -n5
Shell debugging restarted
+ unset __lmod_vx
+ speed3d_r2c cufft double 64 64 64 -a2a -r2c_dir 0 -outgrid 4 4 2 -n5
“RANK= 28 LOCAL_RANK= 0 gpu= 3”
+ speed3d_r2c cufft double 64 64 64 -a2a -r2c_dir 0 -outgrid 4 4 2 -n5
“RANK= 26 LOCAL_RANK= 2 gpu= 1”
“RANK= 29 LOCAL_RANK= 1 gpu= 2”
“RANK= 31 LOCAL_RANK= 3 gpu= 0”
“RANK= 30 LOCAL_RANK= 2 gpu= 1”
“RANK= 8 LOCAL_RANK= 0 gpu= 3”
“RANK= 10 LOCAL_RANK= 2 gpu= 1”
“RANK= 11 LOCAL_RANK= 3 gpu= 0”
“RANK= 9 LOCAL_RANK= 1 gpu= 2”
+ '[' -z '' ']'
+ case "$-" in
+ '[' -z '' ']'
+ case "$-" in
+ __lmod_vx=x
Shell debugging temporarily silenced: export LMOD_SH_DBG_ON=1 for this output (/usr/share/lmod/lmod/init/bash)
Shell debugging temporarily silenced: export LMOD_SH_DBG_ON=1 for this output (/usr/share/lmod/lmod/init/bash)
+ '[' -n x ']'
+ set +x
+ __lmod_vx=x
+ '[' -n x ']'
+ set +x
+ '[' -z '' ']'
+ case "$-" in
+ '[' -z '' ']'
+ case "$-" in
+ '[' -z '' ']'
+ case "$-" in
+ __lmod_vx=x
Shell debugging temporarily silenced: export LMOD_SH_DBG_ON=1 for this output (/usr/share/lmod/lmod/init/bash)
Shell debugging temporarily silenced: export LMOD_SH_DBG_ON=1 for this output (/usr/share/lmod/lmod/init/bash)
+ __lmod_vx=x
+ '[' -n x ']'
+ set +x
+ __lmod_vx=x
+ '[' -n x ']'
+ set +x
Shell debugging temporarily silenced: export LMOD_SH_DBG_ON=1 for this output (/usr/share/lmod/lmod/init/bash)
Shell debugging temporarily silenced: export LMOD_SH_DBG_ON=1 for this output (/usr/share/lmod/lmod/init/bash)
+ '[' -z '' ']'
+ case "$-" in
+ __lmod_vx=x
+ '[' -n x ']'
+ set +x
+ '[' -n x ']'
+ set +x
Shell debugging restarted
+ unset __lmod_vx
Shell debugging temporarily silenced: export LMOD_SH_DBG_ON=1 for this output (/usr/share/lmod/lmod/init/bash)
Shell debugging restarted
+ unset __lmod_vx
+ '[' -z '' ']'
+ case "$-" in
+ __lmod_vx=x
+ '[' -n x ']'
+ set +x
Shell debugging restarted
+ unset __lmod_vx
Shell debugging restarted
+ unset __lmod_vx
+ speed3d_r2c cufft double 64 64 64 -a2a -r2c_dir 0 -outgrid 4 4 2 -n5
Shell debugging restarted
+ unset __lmod_vx
+ speed3d_r2c cufft double 64 64 64 -a2a -r2c_dir 0 -outgrid 4 4 2 -n5
Shell debugging restarted
+ unset __lmod_vx
+ speed3d_r2c cufft double 64 64 64 -a2a -r2c_dir 0 -outgrid 4 4 2 -n5
Shell debugging restarted
+ unset __lmod_vx
+ speed3d_r2c cufft double 64 64 64 -a2a -r2c_dir 0 -outgrid 4 4 2 -n5
+ '[' -z '' ']'
+ case "$-" in
+ speed3d_r2c cufft double 64 64 64 -a2a -r2c_dir 0 -outgrid 4 4 2 -n5
Shell debugging temporarily silenced: export LMOD_SH_DBG_ON=1 for this output (/usr/share/lmod/lmod/init/bash)
+ speed3d_r2c cufft double 64 64 64 -a2a -r2c_dir 0 -outgrid 4 4 2 -n5
+ __lmod_vx=x
+ '[' -n x ']'
+ set +x
+ speed3d_r2c cufft double 64 64 64 -a2a -r2c_dir 0 -outgrid 4 4 2 -n5
Shell debugging restarted
+ unset __lmod_vx
+ speed3d_r2c cufft double 64 64 64 -a2a -r2c_dir 0 -outgrid 4 4 2 -n5
+ '[' -z '' ']'
+ case "$-" in
+ __lmod_vx=x
Shell debugging temporarily silenced: export LMOD_SH_DBG_ON=1 for this output (/usr/share/lmod/lmod/init/bash)
+ '[' -z '' ']'
+ case "$-" in
+ '[' -n x ']'
+ set +x
Shell debugging temporarily silenced: export LMOD_SH_DBG_ON=1 for this output (/usr/share/lmod/lmod/init/bash)
+ '[' -z '' ']'
+ case "$-" in
+ __lmod_vx=x
+ '[' -n x ']'
+ __lmod_vx=x
+ '[' -n x ']'
+ set +x
Shell debugging restarted
+ unset __lmod_vx
Shell debugging restarted
+ unset __lmod_vx
Shell debugging temporarily silenced: export LMOD_SH_DBG_ON=1 for this output (/usr/share/lmod/lmod/init/bash)
+ '[' -z '' ']'
+ case "$-" in
+ __lmod_vx=x
+ set +x
Shell debugging temporarily silenced: export LMOD_SH_DBG_ON=1 for this output (/usr/share/lmod/lmod/init/bash)
Shell debugging restarted
+ unset __lmod_vx
+ '[' -n x ']'
+ set +x
+ '[' -z '' ']'
+ case "$-" in
+ __lmod_vx=x
+ '[' -n x ']'
+ set +x
+ speed3d_r2c cufft double 64 64 64 -a2a -r2c_dir 0 -outgrid 4 4 2 -n5
+ '[' -z '' ']'
+ case "$-" in
+ __lmod_vx=x
+ '[' -n x ']'
+ set +x
Shell debugging restarted
+ unset __lmod_vx
“RANK= 13 LOCAL_RANK= 1 gpu= 2”
“RANK= 20 LOCAL_RANK= 0 gpu= 3”
Shell debugging temporarily silenced: export LMOD_SH_DBG_ON=1 for this output (/usr/share/lmod/lmod/init/bash)
“RANK= 15 LOCAL_RANK= 3 gpu= 0”
Shell debugging temporarily silenced: export LMOD_SH_DBG_ON=1 for this output (/usr/share/lmod/lmod/init/bash)
+ '[' -z '' ']'
+ case "$-" in
+ __lmod_vx=x
“RANK= 12 LOCAL_RANK= 0 gpu= 3”
+ speed3d_r2c cufft double 64 64 64 -a2a -r2c_dir 0 -outgrid 4 4 2 -n5
Shell debugging temporarily silenced: export LMOD_SH_DBG_ON=1 for this output (/usr/share/lmod/lmod/init/bash)
“RANK= 14 LOCAL_RANK= 2 gpu= 1”
“RANK= 21 LOCAL_RANK= 1 gpu= 2”
+ speed3d_r2c cufft double 64 64 64 -a2a -r2c_dir 0 -outgrid 4 4 2 -n5
+ '[' -n x ']'
+ set +x
“RANK= 23 LOCAL_RANK= 3 gpu= 0”
Shell debugging restarted
+ unset __lmod_vx
+ speed3d_r2c cufft double 64 64 64 -a2a -r2c_dir 0 -outgrid 4 4 2 -n5
+ '[' -z '' ']'
+ case "$-" in
+ __lmod_vx=x
+ '[' -n x ']'
+ set +x
Shell debugging restarted
+ unset __lmod_vx
+ speed3d_r2c cufft double 64 64 64 -a2a -r2c_dir 0 -outgrid 4 4 2 -n5
Shell debugging temporarily silenced: export LMOD_SH_DBG_ON=1 for this output (/usr/share/lmod/lmod/init/bash)
Shell debugging restarted
+ unset __lmod_vx
“RANK= 0 LOCAL_RANK= 0 gpu= 3”
Shell debugging restarted
+ unset __lmod_vx
“RANK= 2 LOCAL_RANK= 2 gpu= 1”
+ speed3d_r2c cufft double 64 64 64 -a2a -r2c_dir 0 -outgrid 4 4 2 -n5
+ speed3d_r2c cufft double 64 64 64 -a2a -r2c_dir 0 -outgrid 4 4 2 -n5
+ speed3d_r2c cufft double 64 64 64 -a2a -r2c_dir 0 -outgrid 4 4 2 -n5
“RANK= 1 LOCAL_RANK= 1 gpu= 2”
“RANK= 3 LOCAL_RANK= 3 gpu= 0”
“RANK= 22 LOCAL_RANK= 2 gpu= 1”
+ '[' -z '' ']'
+ case "$-" in
+ __lmod_vx=x
Shell debugging temporarily silenced: export LMOD_SH_DBG_ON=1 for this output (/usr/share/lmod/lmod/init/bash)
+ '[' -n x ']'
+ set +x
Shell debugging temporarily silenced: export LMOD_SH_DBG_ON=1 for this output (/usr/share/lmod/lmod/init/bash)
+ '[' -z '' ']'
+ case "$-" in
+ __lmod_vx=x
+ '[' -n x ']'
+ set +x
Shell debugging temporarily silenced: export LMOD_SH_DBG_ON=1 for this output (/usr/share/lmod/lmod/init/bash)
+ '[' -z '' ']'
+ case "$-" in
+ __lmod_vx=x
+ '[' -n x ']'
+ set +x
+ '[' -z '' ']'
+ case "$-" in
Shell debugging restarted
+ unset __lmod_vx
+ '[' -z '' ']'
+ case "$-" in
+ __lmod_vx=x
+ '[' -n x ']'
+ set +x
Shell debugging restarted
+ unset __lmod_vx
Shell debugging temporarily silenced: export LMOD_SH_DBG_ON=1 for this output (/usr/share/lmod/lmod/init/bash)
Shell debugging restarted
+ unset __lmod_vx
+ __lmod_vx=x
+ '[' -n x ']'
+ set +x
Shell debugging temporarily silenced: export LMOD_SH_DBG_ON=1 for this output (/usr/share/lmod/lmod/init/bash)
Shell debugging restarted
+ unset __lmod_vx
+ speed3d_r2c cufft double 64 64 64 -a2a -r2c_dir 0 -outgrid 4 4 2 -n5
Shell debugging restarted
+ unset __lmod_vx
+ speed3d_r2c cufft double 64 64 64 -a2a -r2c_dir 0 -outgrid 4 4 2 -n5
+ '[' -z '' ']'
+ case "$-" in
+ speed3d_r2c cufft double 64 64 64 -a2a -r2c_dir 0 -outgrid 4 4 2 -n5
Shell debugging temporarily silenced: export LMOD_SH_DBG_ON=1 for this output (/usr/share/lmod/lmod/init/bash)
+ __lmod_vx=x
+ '[' -n x ']'
+ set +x
+ speed3d_r2c cufft double 64 64 64 -a2a -r2c_dir 0 -outgrid 4 4 2 -n5
+ '[' -z '' ']'
+ case "$-" in
+ __lmod_vx=x
Shell debugging temporarily silenced: export LMOD_SH_DBG_ON=1 for this output (/usr/share/lmod/lmod/init/bash)
Shell debugging restarted
+ unset __lmod_vx
+ '[' -n x ']'
+ set +x
+ speed3d_r2c cufft double 64 64 64 -a2a -r2c_dir 0 -outgrid 4 4 2 -n5
+ speed3d_r2c cufft double 64 64 64 -a2a -r2c_dir 0 -outgrid 4 4 2 -n5
Shell debugging restarted
+ unset __lmod_vx
+ speed3d_r2c cufft double 64 64 64 -a2a -r2c_dir 0 -outgrid 4 4 2 -n5
+ '[' -z '' ']'
+ case "$-" in
Shell debugging temporarily silenced: export LMOD_SH_DBG_ON=1 for this output (/usr/share/lmod/lmod/init/bash)
+ __lmod_vx=x
+ '[' -n x ']'
+ set +x
Shell debugging restarted
+ unset __lmod_vx
+ speed3d_r2c cufft double 64 64 64 -a2a -r2c_dir 0 -outgrid 4 4 2 -n5
+ '[' -z '' ']'
+ case "$-" in
+ __lmod_vx=x
+ '[' -z '' ']'
+ case "$-" in
+ __lmod_vx=x
+ '[' -n x ']'
+ set +x
Shell debugging temporarily silenced: export LMOD_SH_DBG_ON=1 for this output (/usr/share/lmod/lmod/init/bash)
+ '[' -n x ']'
+ set +x
Shell debugging temporarily silenced: export LMOD_SH_DBG_ON=1 for this output (/usr/share/lmod/lmod/init/bash)
+ '[' -z '' ']'
+ case "$-" in
+ __lmod_vx=x
+ '[' -n x ']'
+ set +x
Shell debugging temporarily silenced: export LMOD_SH_DBG_ON=1 for this output (/usr/share/lmod/lmod/init/bash)
+ '[' -z '' ']'
+ case "$-" in
+ __lmod_vx=x
+ '[' -n x ']'
+ set +x
Shell debugging temporarily silenced: export LMOD_SH_DBG_ON=1 for this output (/usr/share/lmod/lmod/init/bash)
Shell debugging restarted
+ unset __lmod_vx
Shell debugging restarted
+ unset __lmod_vx
Shell debugging restarted
+ unset __lmod_vx
Shell debugging restarted
+ unset __lmod_vx
+ speed3d_r2c cufft double 64 64 64 -a2a -r2c_dir 0 -outgrid 4 4 2 -n5
+ speed3d_r2c cufft double 64 64 64 -a2a -r2c_dir 0 -outgrid 4 4 2 -n5
+ speed3d_r2c cufft double 64 64 64 -a2a -r2c_dir 0 -outgrid 4 4 2 -n5
+ speed3d_r2c cufft double 64 64 64 -a2a -r2c_dir 0 -outgrid 4 4 2 -n5
MPICH ERROR [Rank 1] [job id 972cef6c-13a3-48b0-9b80-4a5494ba662b] [Fri Jul 28 01:26:54 2023] [x3016c0s13b0n0] - Abort(540088719) (rank 1 in comm 0): Fatal error in PMPI_Alltoall: Other MPI error, error stack:
PMPI_Alltoall(433)...............: MPI_Alltoall(sbuf=0x14c0c3a00000, scount=2304, dtype=0x4c001041, rbuf=0x14c0c3b20000, rcount=2304, datatype=dtype=0x4c001041, comm=comm=0xc4000009) failed
MPIR_CRAY_Alltoall_throttled(471): 
MPIR_Waitall(167)................: 
MPIR_Waitall_impl(51)............: 
MPID_Progress_wait(184)..........: 
MPIDI_Progress_test(80)..........: 
MPIDI_OFI_handle_cq_error(1059)..: OFI poll failed (ofi_events.c:1061:MPIDI_OFI_handle_cq_error:Input/output error - remote access error)

aborting job:
Fatal error in PMPI_Alltoall: Other MPI error, error stack:
PMPI_Alltoall(433)...............: MPI_Alltoall(sbuf=0x14c0c3a00000, scount=2304, dtype=0x4c001041, rbuf=0x14c0c3b20000, rcount=2304, datatype=dtype=0x4c001041, comm=comm=0xc4000009) failed
MPIR_CRAY_Alltoall_throttled(471): 
MPIR_Waitall(167)................: 
MPIR_Waitall_impl(51)............: 
MPID_Progress_wait(184)..........: 
MPIDI_Progress_test(80)..........: 
MPIDI_OFI_handle_cq_error(1059)..: OFI poll failed (ofi_events.c:1061:MPIDI_OFI_handle_cq_error:Input/output error - remote access error)
MPICH ERROR [Rank 7] [job id 972cef6c-13a3-48b0-9b80-4a5494ba662b] [Fri Jul 28 01:26:54 2023] [x3016c0s13b1n0] - Abort(674306447) (rank 7 in comm 0): Fatal error in PMPI_Alltoall: Other MPI error, error stack:
PMPI_Alltoall(433)...............: MPI_Alltoall(sbuf=0x148083a00000, scount=2304, dtype=0x4c001041, rbuf=0x148083b20000, rcount=2304, datatype=dtype=0x4c001041, comm=comm=0xc4000007) failed
MPIR_CRAY_Alltoall_throttled(471): 
MPIR_Waitall(167)................: 
MPIR_Waitall_impl(51)............: 
MPID_Progress_wait(184)..........: 
MPIDI_Progress_test(80)..........: 
MPIDI_OFI_handle_cq_error(1059)..: OFI poll failed (ofi_events.c:1061:MPIDI_OFI_handle_cq_error:Input/output error - remote access error)

aborting job:
Fatal error in PMPI_Alltoall: Other MPI error, error stack:
PMPI_Alltoall(433)...............: MPI_Alltoall(sbuf=0x148083a00000, scount=2304, dtype=0x4c001041, rbuf=0x148083b20000, rcount=2304, datatype=dtype=0x4c001041, comm=comm=0xc4000007) failed
MPIR_CRAY_Alltoall_throttled(471): 
MPIR_Waitall(167)................: 
MPIR_Waitall_impl(51)............: 
MPID_Progress_wait(184)..........: 
MPIDI_Progress_test(80)..........: 
MPIDI_OFI_handle_cq_error(1059)..: OFI poll failed (ofi_events.c:1061:MPIDI_OFI_handle_cq_error:Input/output error - remote access error)
MPICH ERROR [Rank 15] [job id 972cef6c-13a3-48b0-9b80-4a5494ba662b] [Fri Jul 28 01:26:54 2023] [x3016c0s19b1n0] - Abort(674306447) (rank 15 in comm 0): Fatal error in PMPI_Alltoall: Other MPI error, error stack:
PMPI_Alltoall(433)...............: MPI_Alltoall(sbuf=0x151f9ba00000, scount=2304, dtype=0x4c001041, rbuf=0x151f9bb20000, rcount=2304, datatype=dtype=0x4c001041, comm=comm=0xc4000007) failed
MPIR_CRAY_Alltoall_throttled(471): 
MPIR_Waitall(167)................: 
MPIR_Waitall_impl(51)............: 
MPID_Progress_wait(184)..........: 
MPIDI_Progress_test(80)..........: 
MPIDI_OFI_handle_cq_error(1059)..: OFI poll failed (ofi_events.c:1061:MPIDI_OFI_handle_cq_error:Input/output error - local protection error)

aborting job:
Fatal error in PMPI_Alltoall: Other MPI error, error stack:
PMPI_Alltoall(433)...............: MPI_Alltoall(sbuf=0x151f9ba00000, scount=2304, dtype=0x4c001041, rbuf=0x151f9bb20000, rcount=2304, datatype=dtype=0x4c001041, comm=comm=0xc4000007) failed
MPIR_CRAY_Alltoall_throttled(471): 
MPIR_Waitall(167)................: 
MPIR_Waitall_impl(51)............: 
MPID_Progress_wait(184)..........: 
MPIDI_Progress_test(80)..........: 
MPIDI_OFI_handle_cq_error(1059)..: OFI poll failed (ofi_events.c:1061:MPIDI_OFI_handle_cq_error:Input/output error - local protection error)
MPICH ERROR [Rank 4] [job id 972cef6c-13a3-48b0-9b80-4a5494ba662b] [Fri Jul 28 01:26:54 2023] [x3016c0s13b1n0] - Abort(338762127) (rank 4 in comm 0): Fatal error in PMPI_Alltoall: Other MPI error, error stack:
PMPI_Alltoall(433)...............: MPI_Alltoall(sbuf=0x14c40ba00000, scount=2304, dtype=0x4c001041, rbuf=0x14c40bb20000, rcount=2304, datatype=dtype=0x4c001041, comm=comm=0xc400000f) failed
MPIR_CRAY_Alltoall_throttled(471): 
MPIR_Waitall(167)................: 
MPIR_Waitall_impl(51)............: 
MPID_Progress_wait(184)..........: 
MPIDI_Progress_test(80)..........: 
MPIDI_OFI_handle_cq_error(1059)..: OFI poll failed (ofi_events.c:1061:MPIDI_OFI_handle_cq_error:Input/output error - remote access error)

aborting job:
Fatal error in PMPI_Alltoall: Other MPI error, error stack:
PMPI_Alltoall(433)...............: MPI_Alltoall(sbuf=0x14c40ba00000, scount=2304, dtype=0x4c001041, rbuf=0x14c40bb20000, rcount=2304, datatype=dtype=0x4c001041, comm=comm=0xc400000f) failed
MPIR_CRAY_Alltoall_throttled(471): 
MPIR_Waitall(167)................: 
MPIR_Waitall_impl(51)............: 
MPID_Progress_wait(184)..........: 
MPIDI_Progress_test(80)..........: 
MPIDI_OFI_handle_cq_error(1059)..: OFI poll failed (ofi_events.c:1061:MPIDI_OFI_handle_cq_error:Input/output error - remote access error)
MPICH ERROR [Rank 30] [job id 972cef6c-13a3-48b0-9b80-4a5494ba662b] [Fri Jul 28 01:26:54 2023] [x3016c0s25b1n0] - Abort(204544399) (rank 30 in comm 0): Fatal error in PMPI_Alltoall: Other MPI error, error stack:
PMPI_Alltoall(433)...............: MPI_Alltoall(sbuf=0x14f8a3a00000, scount=2304, dtype=0x4c001041, rbuf=0x14f8a3b20000, rcount=2304, datatype=dtype=0x4c001041, comm=comm=0xc400000b) failed
MPIR_CRAY_Alltoall_throttled(471): 
MPIR_Waitall(167)................: 
MPIR_Waitall_impl(51)............: 
MPID_Progress_wait(184)..........: 
MPIDI_Progress_test(80)..........: 
MPIDI_OFI_handle_cq_error(1059)..: OFI poll failed (ofi_events.c:1061:MPIDI_OFI_handle_cq_error:Input/output error - remote access error)

aborting job:
Fatal error in PMPI_Alltoall: Other MPI error, error stack:
PMPI_Alltoall(433)...............: MPI_Alltoall(sbuf=0x14f8a3a00000, scount=2304, dtype=0x4c001041, rbuf=0x14f8a3b20000, rcount=2304, datatype=dtype=0x4c001041, comm=comm=0xc400000b) failed
MPIR_CRAY_Alltoall_throttled(471): 
MPIR_Waitall(167)................: 
MPIR_Waitall_impl(51)............: 
MPID_Progress_wait(184)..........: 
MPIDI_Progress_test(80)..........: 
MPIDI_OFI_handle_cq_error(1059)..: OFI poll failed (ofi_events.c:1061:MPIDI_OFI_handle_cq_error:Input/output error - remote access error)
MPICH ERROR [Rank 28] [job id 972cef6c-13a3-48b0-9b80-4a5494ba662b] [Fri Jul 28 01:26:54 2023] [x3016c0s25b1n0] - Abort(741415311) (rank 28 in comm 0): Fatal error in PMPI_Alltoall: Other MPI error, error stack:
PMPI_Alltoall(433)...............: MPI_Alltoall(sbuf=0x14aee1a00000, scount=2304, dtype=0x4c001041, rbuf=0x14aee1b20000, rcount=2304, datatype=dtype=0x4c001041, comm=comm=0xc400000f) failed
MPIR_CRAY_Alltoall_throttled(471): 
MPIR_Waitall(167)................: 
MPIR_Waitall_impl(51)............: 
MPID_Progress_wait(184)..........: 
MPIDI_Progress_test(80)..........: 
MPIDI_OFI_handle_cq_error(1059)..: OFI poll failed (ofi_events.c:1061:MPIDI_OFI_handle_cq_error:Input/output error - remote access error)

aborting job:
Fatal error in PMPI_Alltoall: Other MPI error, error stack:
PMPI_Alltoall(433)...............: MPI_Alltoall(sbuf=0x14aee1a00000, scount=2304, dtype=0x4c001041, rbuf=0x14aee1b20000, rcount=2304, datatype=dtype=0x4c001041, comm=comm=0xc400000f) failed
MPIR_CRAY_Alltoall_throttled(471): 
MPIR_Waitall(167)................: 
MPIR_Waitall_impl(51)............: 
MPID_Progress_wait(184)..........: 
MPIDI_Progress_test(80)..........: 
MPIDI_OFI_handle_cq_error(1059)..: OFI poll failed (ofi_events.c:1061:MPIDI_OFI_handle_cq_error:Input/output error - remote access error)
MPICH ERROR [Rank 3] [job id 972cef6c-13a3-48b0-9b80-4a5494ba662b] [Fri Jul 28 01:26:54 2023] [x3016c0s13b0n0] - Abort(271653263) (rank 3 in comm 0): Fatal error in PMPI_Alltoall: Other MPI error, error stack:
PMPI_Alltoall(433)...............: MPI_Alltoall(sbuf=0x14ed61a00000, scount=2304, dtype=0x4c001041, rbuf=0x14ed61b20000, rcount=2304, datatype=dtype=0x4c001041, comm=comm=0xc4000007) failed
MPIR_CRAY_Alltoall_throttled(471): 
MPIR_Waitall(167)................: 
MPIR_Waitall_impl(51)............: 
MPID_Progress_wait(184)..........: 
MPIDI_Progress_test(80)..........: 
MPIDI_OFI_handle_cq_error(1059)..: OFI poll failed (ofi_events.c:1061:MPIDI_OFI_handle_cq_error:Input/output error - remote access error)

aborting job:
Fatal error in PMPI_Alltoall: Other MPI error, error stack:
PMPI_Alltoall(433)...............: MPI_Alltoall(sbuf=0x14ed61a00000, scount=2304, dtype=0x4c001041, rbuf=0x14ed61b20000, rcount=2304, datatype=dtype=0x4c001041, comm=comm=0xc4000007) failed
MPIR_CRAY_Alltoall_throttled(471): 
MPIR_Waitall(167)................: 
MPIR_Waitall_impl(51)............: 
MPID_Progress_wait(184)..........: 
MPIDI_Progress_test(80)..........: 
MPIDI_OFI_handle_cq_error(1059)..: OFI poll failed (ofi_events.c:1061:MPIDI_OFI_handle_cq_error:Input/output error - remote access error)
MPICH ERROR [Rank 6] [job id 972cef6c-13a3-48b0-9b80-4a5494ba662b] [Fri Jul 28 01:26:54 2023] [x3016c0s13b1n0] - Abort(204544399) (rank 6 in comm 0): Fatal error in PMPI_Alltoall: Other MPI error, error stack:
PMPI_Alltoall(433)...............: MPI_Alltoall(sbuf=0x147003a00000, scount=2304, dtype=0x4c001041, rbuf=0x147003b20000, rcount=2304, datatype=dtype=0x4c001041, comm=comm=0xc400000b) failed
MPIR_CRAY_Alltoall_throttled(471): 
MPIR_Waitall(167)................: 
MPIR_Waitall_impl(51)............: 
MPID_Progress_wait(184)..........: 
MPIDI_Progress_test(80)..........: 
MPIDI_OFI_handle_cq_error(1059)..: OFI poll failed (ofi_events.c:1061:MPIDI_OFI_handle_cq_error:Input/output error - remote access error)

aborting job:
Fatal error in PMPI_Alltoall: Other MPI error, error stack:
PMPI_Alltoall(433)...............: MPI_Alltoall(sbuf=0x147003a00000, scount=2304, dtype=0x4c001041, rbuf=0x147003b20000, rcount=2304, datatype=dtype=0x4c001041, comm=comm=0xc400000b) failed
MPIR_CRAY_Alltoall_throttled(471): 
MPIR_Waitall(167)................: 
MPIR_Waitall_impl(51)............: 
MPID_Progress_wait(184)..........: 
MPIDI_Progress_test(80)..........: 
MPIDI_OFI_handle_cq_error(1059)..: OFI poll failed (ofi_events.c:1061:MPIDI_OFI_handle_cq_error:Input/output error - remote access error)
MPICH ERROR [Rank 5] [job id 972cef6c-13a3-48b0-9b80-4a5494ba662b] [Fri Jul 28 01:26:54 2023] [x3016c0s13b1n0] - Abort(405870991) (rank 5 in comm 0): Fatal error in PMPI_Alltoall: Other MPI error, error stack:
PMPI_Alltoall(433)...............: MPI_Alltoall(sbuf=0x14f5b3a00000, scount=2304, dtype=0x4c001041, rbuf=0x14f5b3b20000, rcount=2304, datatype=dtype=0x4c001041, comm=comm=0xc4000009) failed
MPIR_CRAY_Alltoall_throttled(471): 
MPIR_Waitall(167)................: 
MPIR_Waitall_impl(51)............: 
MPID_Progress_wait(184)..........: 
MPIDI_Progress_test(80)..........: 
MPIDI_OFI_handle_cq_error(1059)..: OFI poll failed (ofi_events.c:1061:MPIDI_OFI_handle_cq_error:Input/output error - remote access error)

aborting job:
Fatal error in PMPI_Alltoall: Other MPI error, error stack:
PMPI_Alltoall(433)...............: MPI_Alltoall(sbuf=0x14f5b3a00000, scount=2304, dtype=0x4c001041, rbuf=0x14f5b3b20000, rcount=2304, datatype=dtype=0x4c001041, comm=comm=0xc4000009) failed
MPIR_CRAY_Alltoall_throttled(471): 
MPIR_Waitall(167)................: 
MPIR_Waitall_impl(51)............: 
MPID_Progress_wait(184)..........: 
MPIDI_Progress_test(80)..........: 
MPIDI_OFI_handle_cq_error(1059)..: OFI poll failed (ofi_events.c:1061:MPIDI_OFI_handle_cq_error:Input/output error - remote access error)
MPICH ERROR [Rank 31] [job id 972cef6c-13a3-48b0-9b80-4a5494ba662b] [Fri Jul 28 01:26:54 2023] [x3016c0s25b1n0] - Abort(540088719) (rank 31 in comm 0): Fatal error in PMPI_Alltoall: Other MPI error, error stack:
PMPI_Alltoall(433)...............: MPI_Alltoall(sbuf=0x147c53a00000, scount=2304, dtype=0x4c001041, rbuf=0x147c53b20000, rcount=2304, datatype=dtype=0x4c001041, comm=comm=0xc4000007) failed
MPIR_CRAY_Alltoall_throttled(471): 
MPIR_Waitall(167)................: 
MPIR_Waitall_impl(51)............: 
MPID_Progress_wait(184)..........: 
MPIDI_Progress_test(80)..........: 
MPIDI_OFI_handle_cq_error(1059)..: OFI poll failed (ofi_events.c:1061:MPIDI_OFI_handle_cq_error:Input/output error - remote access error)

aborting job:
Fatal error in PMPI_Alltoall: Other MPI error, error stack:
PMPI_Alltoall(433)...............: MPI_Alltoall(sbuf=0x147c53a00000, scount=2304, dtype=0x4c001041, rbuf=0x147c53b20000, rcount=2304, datatype=dtype=0x4c001041, comm=comm=0xc4000007) failed
MPIR_CRAY_Alltoall_throttled(471): 
MPIR_Waitall(167)................: 
MPIR_Waitall_impl(51)............: 
MPID_Progress_wait(184)..........: 
MPIDI_Progress_test(80)..........: 
MPIDI_OFI_handle_cq_error(1059)..: OFI poll failed (ofi_events.c:1061:MPIDI_OFI_handle_cq_error:Input/output error - remote access error)
MPICH ERROR [Rank 0] [job id 972cef6c-13a3-48b0-9b80-4a5494ba662b] [Fri Jul 28 01:26:54 2023] [x3016c0s13b0n0] - Abort(875633039) (rank 0 in comm 0): Fatal error in PMPI_Alltoall: Other MPI error, error stack:
PMPI_Alltoall(433)...............: MPI_Alltoall(sbuf=0x147a3ba00000, scount=2304, dtype=0x4c001041, rbuf=0x147a3bb20000, rcount=2304, datatype=dtype=0x4c001041, comm=comm=0xc400000f) failed
MPIR_CRAY_Alltoall_throttled(471): 
MPIR_Waitall(167)................: 
MPIR_Waitall_impl(51)............: 
MPID_Progress_wait(184)..........: 
MPIDI_Progress_test(80)..........: 
MPIDI_OFI_handle_cq_error(1059)..: OFI poll failed (ofi_events.c:1061:MPIDI_OFI_handle_cq_error:Input/output error - remote access error)

aborting job:
Fatal error in PMPI_Alltoall: Other MPI error, error stack:
PMPI_Alltoall(433)...............: MPI_Alltoall(sbuf=0x147a3ba00000, scount=2304, dtype=0x4c001041, rbuf=0x147a3bb20000, rcount=2304, datatype=dtype=0x4c001041, comm=comm=0xc400000f) failed
MPIR_CRAY_Alltoall_throttled(471): 
MPIR_Waitall(167)................: 
MPIR_Waitall_impl(51)............: 
MPID_Progress_wait(184)..........: 
MPIDI_Progress_test(80)..........: 
MPIDI_OFI_handle_cq_error(1059)..: OFI poll failed (ofi_events.c:1061:MPIDI_OFI_handle_cq_error:Input/output error - remote access error)
MPICH ERROR [Rank 12] [job id 972cef6c-13a3-48b0-9b80-4a5494ba662b] [Fri Jul 28 01:26:54 2023] [x3016c0s19b1n0] - Abort(741415311) (rank 12 in comm 0): Fatal error in PMPI_Alltoall: Other MPI error, error stack:
PMPI_Alltoall(433)...............: MPI_Alltoall(sbuf=0x14a713a00000, scount=2304, dtype=0x4c001041, rbuf=0x14a713b20000, rcount=2304, datatype=dtype=0x4c001041, comm=comm=0xc400000f) failed
MPIR_CRAY_Alltoall_throttled(471): 
MPIR_Waitall(167)................: 
MPIR_Waitall_impl(51)............: 
MPID_Progress_wait(184)..........: 
MPIDI_Progress_test(80)..........: 
MPIDI_OFI_handle_cq_error(1059)..: OFI poll failed (ofi_events.c:1061:MPIDI_OFI_handle_cq_error:Input/output error - remote access error)

aborting job:
Fatal error in PMPI_Alltoall: Other MPI error, error stack:
PMPI_Alltoall(433)...............: MPI_Alltoall(sbuf=0x14a713a00000, scount=2304, dtype=0x4c001041, rbuf=0x14a713b20000, rcount=2304, datatype=dtype=0x4c001041, comm=comm=0xc400000f) failed
MPIR_CRAY_Alltoall_throttled(471): 
MPIR_Waitall(167)................: 
MPIR_Waitall_impl(51)............: 
MPID_Progress_wait(184)..........: 
MPIDI_Progress_test(80)..........: 
MPIDI_OFI_handle_cq_error(1059)..: OFI poll failed (ofi_events.c:1061:MPIDI_OFI_handle_cq_error:Input/output error - remote access error)
MPICH ERROR [Rank 2] [job id 972cef6c-13a3-48b0-9b80-4a5494ba662b] [Fri Jul 28 01:26:54 2023] [x3016c0s13b0n0] - Abort(607197583) (rank 2 in comm 0): Fatal error in PMPI_Alltoall: Other MPI error, error stack:
PMPI_Alltoall(433)...............: MPI_Alltoall(sbuf=0x149103a00000, scount=2304, dtype=0x4c001041, rbuf=0x149103b20000, rcount=2304, datatype=dtype=0x4c001041, comm=comm=0xc400000b) failed
MPIR_CRAY_Alltoall_throttled(471): 
MPIR_Waitall(167)................: 
MPIR_Waitall_impl(51)............: 
MPID_Progress_wait(184)..........: 
MPIDI_Progress_test(80)..........: 
MPIDI_OFI_handle_cq_error(1059)..: OFI poll failed (ofi_events.c:1061:MPIDI_OFI_handle_cq_error:Input/output error - remote access error)

aborting job:
Fatal error in PMPI_Alltoall: Other MPI error, error stack:
PMPI_Alltoall(433)...............: MPI_Alltoall(sbuf=0x149103a00000, scount=2304, dtype=0x4c001041, rbuf=0x149103b20000, rcount=2304, datatype=dtype=0x4c001041, comm=comm=0xc400000b) failed
MPIR_CRAY_Alltoall_throttled(471): 
MPIR_Waitall(167)................: 
MPIR_Waitall_impl(51)............: 
MPID_Progress_wait(184)..........: 
MPIDI_Progress_test(80)..........: 
MPIDI_OFI_handle_cq_error(1059)..: OFI poll failed (ofi_events.c:1061:MPIDI_OFI_handle_cq_error:Input/output error - remote access error)
MPICH ERROR [Rank 29] [job id 972cef6c-13a3-48b0-9b80-4a5494ba662b] [Fri Jul 28 01:26:54 2023] [x3016c0s25b1n0] - Abort(3217807) (rank 29 in comm 0): Fatal error in PMPI_Alltoall: Other MPI error, error stack:
PMPI_Alltoall(433)...............: MPI_Alltoall(sbuf=0x14df83a00000, scount=2304, dtype=0x4c001041, rbuf=0x14df83b20000, rcount=2304, datatype=dtype=0x4c001041, comm=comm=0xc4000009) failed
MPIR_CRAY_Alltoall_throttled(471): 
MPIR_Waitall(167)................: 
MPIR_Waitall_impl(51)............: 
MPID_Progress_wait(184)..........: 
MPIDI_Progress_test(80)..........: 
MPIDI_OFI_handle_cq_error(1059)..: OFI poll failed (ofi_events.c:1061:MPIDI_OFI_handle_cq_error:Input/output error - remote access error)

aborting job:
Fatal error in PMPI_Alltoall: Other MPI error, error stack:
PMPI_Alltoall(433)...............: MPI_Alltoall(sbuf=0x14df83a00000, scount=2304, dtype=0x4c001041, rbuf=0x14df83b20000, rcount=2304, datatype=dtype=0x4c001041, comm=comm=0xc4000009) failed
MPIR_CRAY_Alltoall_throttled(471): 
MPIR_Waitall(167)................: 
MPIR_Waitall_impl(51)............: 
MPID_Progress_wait(184)..........: 
MPIDI_Progress_test(80)..........: 
MPIDI_OFI_handle_cq_error(1059)..: OFI poll failed (ofi_events.c:1061:MPIDI_OFI_handle_cq_error:Input/output error - remote access error)
MPICH ERROR [Rank 14] [job id 972cef6c-13a3-48b0-9b80-4a5494ba662b] [Fri Jul 28 01:26:54 2023] [x3016c0s19b1n0] - Abort(472979855) (rank 14 in comm 0): Fatal error in PMPI_Alltoall: Other MPI error, error stack:
PMPI_Alltoall(433)...............: MPI_Alltoall(sbuf=0x14e3c1a00000, scount=2304, dtype=0x4c001041, rbuf=0x14e3c1b20000, rcount=2304, datatype=dtype=0x4c001041, comm=comm=0xc400000b) failed
MPIR_CRAY_Alltoall_throttled(471): 
MPIR_Waitall(167)................: 
MPIR_Waitall_impl(51)............: 
MPID_Progress_wait(184)..........: 
MPIDI_Progress_test(80)..........: 
MPIDI_OFI_handle_cq_error(1059)..: OFI poll failed (ofi_events.c:1061:MPIDI_OFI_handle_cq_error:Input/output error - remote access error)

aborting job:
Fatal error in PMPI_Alltoall: Other MPI error, error stack:
PMPI_Alltoall(433)...............: MPI_Alltoall(sbuf=0x14e3c1a00000, scount=2304, dtype=0x4c001041, rbuf=0x14e3c1b20000, rcount=2304, datatype=dtype=0x4c001041, comm=comm=0xc400000b) failed
MPIR_CRAY_Alltoall_throttled(471): 
MPIR_Waitall(167)................: 
MPIR_Waitall_impl(51)............: 
MPID_Progress_wait(184)..........: 
MPIDI_Progress_test(80)..........: 
MPIDI_OFI_handle_cq_error(1059)..: OFI poll failed (ofi_events.c:1061:MPIDI_OFI_handle_cq_error:Input/output error - remote access error)
MPICH ERROR [Rank 19] [job id 972cef6c-13a3-48b0-9b80-4a5494ba662b] [Fri Jul 28 01:26:54 2023] [x3016c0s1b0n0] - Abort(3217807) (rank 19 in comm 0): Fatal error in PMPI_Alltoall: Other MPI error, error stack:
PMPI_Alltoall(433)...............: MPI_Alltoall(sbuf=0x14fb33a00000, scount=2304, dtype=0x4c001041, rbuf=0x14fb33b20000, rcount=2304, datatype=dtype=0x4c001041, comm=comm=0xc4000007) failed
MPIR_CRAY_Alltoall_throttled(471): 
MPIR_Waitall(167)................: 
MPIR_Waitall_impl(51)............: 
MPID_Progress_wait(184)..........: 
MPIDI_Progress_test(80)..........: 
MPIDI_OFI_handle_cq_error(1059)..: OFI poll failed (ofi_events.c:1061:MPIDI_OFI_handle_cq_error:Input/output error - remote access error)

aborting job:
Fatal error in PMPI_Alltoall: Other MPI error, error stack:
PMPI_Alltoall(433)...............: MPI_Alltoall(sbuf=0x14fb33a00000, scount=2304, dtype=0x4c001041, rbuf=0x14fb33b20000, rcount=2304, datatype=dtype=0x4c001041, comm=comm=0xc4000007) failed
MPIR_CRAY_Alltoall_throttled(471): 
MPIR_Waitall(167)................: 
MPIR_Waitall_impl(51)............: 
MPID_Progress_wait(184)..........: 
MPIDI_Progress_test(80)..........: 
MPIDI_OFI_handle_cq_error(1059)..: OFI poll failed (ofi_events.c:1061:MPIDI_OFI_handle_cq_error:Input/output error - remote access error)
MPICH ERROR [Rank 26] [job id 972cef6c-13a3-48b0-9b80-4a5494ba662b] [Fri Jul 28 01:26:54 2023] [x3016c0s25b0n0] - Abort(472979855) (rank 26 in comm 0): Fatal error in PMPI_Alltoall: Other MPI error, error stack:
PMPI_Alltoall(433)...............: MPI_Alltoall(sbuf=0x151e41a00000, scount=2304, dtype=0x4c001041, rbuf=0x151e41b20000, rcount=2304, datatype=dtype=0x4c001041, comm=comm=0xc400000b) failed
MPIR_CRAY_Alltoall_throttled(471): 
MPIR_Waitall(167)................: 
MPIR_Waitall_impl(51)............: 
MPID_Progress_wait(184)..........: 
MPIDI_Progress_test(80)..........: 
MPIDI_OFI_handle_cq_error(1059)..: OFI poll failed (ofi_events.c:1061:MPIDI_OFI_handle_cq_error:Input/output error - remote access error)

aborting job:
Fatal error in PMPI_Alltoall: Other MPI error, error stack:
PMPI_Alltoall(433)...............: MPI_Alltoall(sbuf=0x151e41a00000, scount=2304, dtype=0x4c001041, rbuf=0x151e41b20000, rcount=2304, datatype=dtype=0x4c001041, comm=comm=0xc400000b) failed
MPIR_CRAY_Alltoall_throttled(471): 
MPIR_Waitall(167)................: 
MPIR_Waitall_impl(51)............: 
MPID_Progress_wait(184)..........: 
MPIDI_Progress_test(80)..........: 
MPIDI_OFI_handle_cq_error(1059)..: OFI poll failed (ofi_events.c:1061:MPIDI_OFI_handle_cq_error:Input/output error - remote access error)
MPICH ERROR [Rank 23] [job id 972cef6c-13a3-48b0-9b80-4a5494ba662b] [Fri Jul 28 01:26:54 2023] [x3016c0s1b1n0] - Abort(808524175) (rank 23 in comm 0): Fatal error in PMPI_Alltoall: Other MPI error, error stack:
PMPI_Alltoall(433)...............: MPI_Alltoall(sbuf=0x147401a00000, scount=2304, dtype=0x4c001041, rbuf=0x147401b20000, rcount=2304, datatype=dtype=0x4c001041, comm=comm=0xc4000007) failed
MPIR_CRAY_Alltoall_throttled(471): 
MPIR_Waitall(167)................: 
MPIR_Waitall_impl(51)............: 
MPID_Progress_wait(184)..........: 
MPIDI_Progress_test(80)..........: 
MPIDI_OFI_handle_cq_error(1059)..: OFI poll failed (ofi_events.c:1061:MPIDI_OFI_handle_cq_error:Input/output error - remote access error)

aborting job:
Fatal error in PMPI_Alltoall: Other MPI error, error stack:
PMPI_Alltoall(433)...............: MPI_Alltoall(sbuf=0x147401a00000, scount=2304, dtype=0x4c001041, rbuf=0x147401b20000, rcount=2304, datatype=dtype=0x4c001041, comm=comm=0xc4000007) failed
MPIR_CRAY_Alltoall_throttled(471): 
MPIR_Waitall(167)................: 
MPIR_Waitall_impl(51)............: 
MPID_Progress_wait(184)..........: 
MPIDI_Progress_test(80)..........: 
MPIDI_OFI_handle_cq_error(1059)..: OFI poll failed (ofi_events.c:1061:MPIDI_OFI_handle_cq_error:Input/output error - remote access error)
MPICH ERROR [Rank 13] [job id 972cef6c-13a3-48b0-9b80-4a5494ba662b] [Fri Jul 28 01:26:54 2023] [x3016c0s19b1n0] - Abort(3217807) (rank 13 in comm 0): Fatal error in PMPI_Alltoall: Other MPI error, error stack:
PMPI_Alltoall(433)...............: MPI_Alltoall(sbuf=0x1468d3a00000, scount=2304, dtype=0x4c001041, rbuf=0x1468d3b20000, rcount=2304, datatype=dtype=0x4c001041, comm=comm=0xc4000009) failed
MPIR_CRAY_Alltoall_throttled(471): 
MPIR_Waitall(167)................: 
MPIR_Waitall_impl(51)............: 
MPID_Progress_wait(184)..........: 
MPIDI_Progress_test(80)..........: 
MPIDI_OFI_handle_cq_error(1059)..: OFI poll failed (ofi_events.c:1061:MPIDI_OFI_handle_cq_error:Input/output error - remote access error)

aborting job:
Fatal error in PMPI_Alltoall: Other MPI error, error stack:
PMPI_Alltoall(433)...............: MPI_Alltoall(sbuf=0x1468d3a00000, scount=2304, dtype=0x4c001041, rbuf=0x1468d3b20000, rcount=2304, datatype=dtype=0x4c001041, comm=comm=0xc4000009) failed
MPIR_CRAY_Alltoall_throttled(471): 
MPIR_Waitall(167)................: 
MPIR_Waitall_impl(51)............: 
MPID_Progress_wait(184)..........: 
MPIDI_Progress_test(80)..........: 
MPIDI_OFI_handle_cq_error(1059)..: OFI poll failed (ofi_events.c:1061:MPIDI_OFI_handle_cq_error:Input/output error - remote access error)
MPICH ERROR [Rank 11] [job id 972cef6c-13a3-48b0-9b80-4a5494ba662b] [Fri Jul 28 01:26:54 2023] [x3016c0s19b0n0] - Abort(3217807) (rank 11 in comm 0): Fatal error in PMPI_Alltoall: Other MPI error, error stack:
PMPI_Alltoall(433)...............: MPI_Alltoall(sbuf=0x1535b3a00000, scount=2304, dtype=0x4c001041, rbuf=0x1535b3b20000, rcount=2304, datatype=dtype=0x4c001041, comm=comm=0xc4000007) failed
MPIR_CRAY_Alltoall_throttled(471): 
MPIR_Waitall(167)................: 
MPIR_Waitall_impl(51)............: 
MPID_Progress_wait(184)..........: 
MPIDI_Progress_test(80)..........: 
MPIDI_OFI_handle_cq_error(1059)..: OFI poll failed (ofi_events.c:1061:MPIDI_OFI_handle_cq_error:Input/output error - remote access error)

aborting job:
Fatal error in PMPI_Alltoall: Other MPI error, error stack:
PMPI_Alltoall(433)...............: MPI_Alltoall(sbuf=0x1535b3a00000, scount=2304, dtype=0x4c001041, rbuf=0x1535b3b20000, rcount=2304, datatype=dtype=0x4c001041, comm=comm=0xc4000007) failed
MPIR_CRAY_Alltoall_throttled(471): 
MPIR_Waitall(167)................: 
MPIR_Waitall_impl(51)............: 
MPID_Progress_wait(184)..........: 
MPIDI_Progress_test(80)..........: 
MPIDI_OFI_handle_cq_error(1059)..: OFI poll failed (ofi_events.c:1061:MPIDI_OFI_handle_cq_error:Input/output error - remote access error)
MPICH ERROR [Rank 10] [job id 972cef6c-13a3-48b0-9b80-4a5494ba662b] [Fri Jul 28 01:26:54 2023] [x3016c0s19b0n0] - Abort(70326671) (rank 10 in comm 0): Fatal error in PMPI_Alltoall: Other MPI error, error stack:
PMPI_Alltoall(433)...............: MPI_Alltoall(sbuf=0x150a43a00000, scount=2304, dtype=0x4c001041, rbuf=0x150a43b20000, rcount=2304, datatype=dtype=0x4c001041, comm=comm=0xc400000b) failed
MPIR_CRAY_Alltoall_throttled(471): 
MPIR_Waitall(167)................: 
MPIR_Waitall_impl(51)............: 
MPID_Progress_wait(184)..........: 
MPIDI_Progress_test(80)..........: 
MPIDI_OFI_handle_cq_error(1059)..: OFI poll failed (ofi_events.c:1061:MPIDI_OFI_handle_cq_error:Input/output error - local protection error)

aborting job:
Fatal error in PMPI_Alltoall: Other MPI error, error stack:
PMPI_Alltoall(433)...............: MPI_Alltoall(sbuf=0x150a43a00000, scount=2304, dtype=0x4c001041, rbuf=0x150a43b20000, rcount=2304, datatype=dtype=0x4c001041, comm=comm=0xc400000b) failed
MPIR_CRAY_Alltoall_throttled(471): 
MPIR_Waitall(167)................: 
MPIR_Waitall_impl(51)............: 
MPID_Progress_wait(184)..........: 
MPIDI_Progress_test(80)..........: 
MPIDI_OFI_handle_cq_error(1059)..: OFI poll failed (ofi_events.c:1061:MPIDI_OFI_handle_cq_error:Input/output error - local protection error)
MPICH ERROR [Rank 17] [job id 972cef6c-13a3-48b0-9b80-4a5494ba662b] [Fri Jul 28 01:26:54 2023] [x3016c0s1b0n0] - Abort(405870991) (rank 17 in comm 0): Fatal error in PMPI_Alltoall: Other MPI error, error stack:
PMPI_Alltoall(433)...............: MPI_Alltoall(sbuf=0x14c65ba00000, scount=2304, dtype=0x4c001041, rbuf=0x14c65bb20000, rcount=2304, datatype=dtype=0x4c001041, comm=comm=0xc4000009) failed
MPIR_CRAY_Alltoall_throttled(471): 
MPIR_Waitall(167)................: 
MPIR_Waitall_impl(51)............: 
MPID_Progress_wait(184)..........: 
MPIDI_Progress_test(80)..........: 
MPIDI_OFI_handle_cq_error(1059)..: OFI poll failed (ofi_events.c:1061:MPIDI_OFI_handle_cq_error:Input/output error - remote access error)

aborting job:
Fatal error in PMPI_Alltoall: Other MPI error, error stack:
PMPI_Alltoall(433)...............: MPI_Alltoall(sbuf=0x14c65ba00000, scount=2304, dtype=0x4c001041, rbuf=0x14c65bb20000, rcount=2304, datatype=dtype=0x4c001041, comm=comm=0xc4000009) failed
MPIR_CRAY_Alltoall_throttled(471): 
MPIR_Waitall(167)................: 
MPIR_Waitall_impl(51)............: 
MPID_Progress_wait(184)..........: 
MPIDI_Progress_test(80)..........: 
MPIDI_OFI_handle_cq_error(1059)..: OFI poll failed (ofi_events.c:1061:MPIDI_OFI_handle_cq_error:Input/output error - remote access error)
MPICH ERROR [Rank 24] [job id 972cef6c-13a3-48b0-9b80-4a5494ba662b] [Fri Jul 28 01:26:54 2023] [x3016c0s25b0n0] - Abort(607197583) (rank 24 in comm 0): Fatal error in PMPI_Alltoall: Other MPI error, error stack:
PMPI_Alltoall(433)...............: MPI_Alltoall(sbuf=0x14f5e3a00000, scount=2304, dtype=0x4c001041, rbuf=0x14f5e3b20000, rcount=2304, datatype=dtype=0x4c001041, comm=comm=0xc400000f) failed
MPIR_CRAY_Alltoall_throttled(471): 
MPIR_Waitall(167)................: 
MPIR_Waitall_impl(51)............: 
MPID_Progress_wait(184)..........: 
MPIDI_Progress_test(80)..........: 
MPIDI_OFI_handle_cq_error(1059)..: OFI poll failed (ofi_events.c:1061:MPIDI_OFI_handle_cq_error:Input/output error - remote access error)

aborting job:
Fatal error in PMPI_Alltoall: Other MPI error, error stack:
PMPI_Alltoall(433)...............: MPI_Alltoall(sbuf=0x14f5e3a00000, scount=2304, dtype=0x4c001041, rbuf=0x14f5e3b20000, rcount=2304, datatype=dtype=0x4c001041, comm=comm=0xc400000f) failed
MPIR_CRAY_Alltoall_throttled(471): 
MPIR_Waitall(167)................: 
MPIR_Waitall_impl(51)............: 
MPID_Progress_wait(184)..........: 
MPIDI_Progress_test(80)..........: 
MPIDI_OFI_handle_cq_error(1059)..: OFI poll failed (ofi_events.c:1061:MPIDI_OFI_handle_cq_error:Input/output error - remote access error)
MPICH ERROR [Rank 22] [job id 972cef6c-13a3-48b0-9b80-4a5494ba662b] [Fri Jul 28 01:26:54 2023] [x3016c0s1b1n0] - Abort(875633039) (rank 22 in comm 0): Fatal error in PMPI_Alltoall: Other MPI error, error stack:
PMPI_Alltoall(433)...............: MPI_Alltoall(sbuf=0x150851a00000, scount=2304, dtype=0x4c001041, rbuf=0x150851b20000, rcount=2304, datatype=dtype=0x4c001041, comm=comm=0xc400000b) failed
MPIR_CRAY_Alltoall_throttled(471): 
MPIR_Waitall(167)................: 
MPIR_Waitall_impl(51)............: 
MPID_Progress_wait(184)..........: 
MPIDI_Progress_test(80)..........: 
MPIDI_OFI_handle_cq_error(1059)..: OFI poll failed (ofi_events.c:1061:MPIDI_OFI_handle_cq_error:Input/output error - remote access error)

aborting job:
Fatal error in PMPI_Alltoall: Other MPI error, error stack:
PMPI_Alltoall(433)...............: MPI_Alltoall(sbuf=0x150851a00000, scount=2304, dtype=0x4c001041, rbuf=0x150851b20000, rcount=2304, datatype=dtype=0x4c001041, comm=comm=0xc400000b) failed
MPIR_CRAY_Alltoall_throttled(471): 
MPIR_Waitall(167)................: 
MPIR_Waitall_impl(51)............: 
MPID_Progress_wait(184)..........: 
MPIDI_Progress_test(80)..........: 
MPIDI_OFI_handle_cq_error(1059)..: OFI poll failed (ofi_events.c:1061:MPIDI_OFI_handle_cq_error:Input/output error - remote access error)
MPICH ERROR [Rank 16] [job id 972cef6c-13a3-48b0-9b80-4a5494ba662b] [Fri Jul 28 01:26:54 2023] [x3016c0s1b0n0] - Abort(472979855) (rank 16 in comm 0): Fatal error in PMPI_Alltoall: Other MPI error, error stack:
PMPI_Alltoall(433)...............: MPI_Alltoall(sbuf=0x1542aba00000, scount=2304, dtype=0x4c001041, rbuf=0x1542abb20000, rcount=2304, datatype=dtype=0x4c001041, comm=comm=0xc400000f) failed
MPIR_CRAY_Alltoall_throttled(471): 
MPIR_Waitall(167)................: 
MPIR_Waitall_impl(51)............: 
MPID_Progress_wait(184)..........: 
MPIDI_Progress_test(80)..........: 
MPIDI_OFI_handle_cq_error(1059)..: OFI poll failed (ofi_events.c:1061:MPIDI_OFI_handle_cq_error:Input/output error - remote access error)

aborting job:
Fatal error in PMPI_Alltoall: Other MPI error, error stack:
PMPI_Alltoall(433)...............: MPI_Alltoall(sbuf=0x1542aba00000, scount=2304, dtype=0x4c001041, rbuf=0x1542abb20000, rcount=2304, datatype=dtype=0x4c001041, comm=comm=0xc400000f) failed
MPIR_CRAY_Alltoall_throttled(471): 
MPIR_Waitall(167)................: 
MPIR_Waitall_impl(51)............: 
MPID_Progress_wait(184)..........: 
MPIDI_Progress_test(80)..........: 
MPIDI_OFI_handle_cq_error(1059)..: OFI poll failed (ofi_events.c:1061:MPIDI_OFI_handle_cq_error:Input/output error - remote access error)
MPICH ERROR [Rank 18] [job id 972cef6c-13a3-48b0-9b80-4a5494ba662b] [Fri Jul 28 01:26:54 2023] [x3016c0s1b0n0] - Abort(607197583) (rank 18 in comm 0): Fatal error in PMPI_Alltoall: Other MPI error, error stack:
PMPI_Alltoall(433)...............: MPI_Alltoall(sbuf=0x14e42ba00000, scount=2304, dtype=0x4c001041, rbuf=0x14e42bb20000, rcount=2304, datatype=dtype=0x4c001041, comm=comm=0xc400000b) failed
MPIR_CRAY_Alltoall_throttled(471): 
MPIR_Waitall(167)................: 
MPIR_Waitall_impl(51)............: 
MPID_Progress_wait(184)..........: 
MPIDI_Progress_test(80)..........: 
MPIDI_OFI_handle_cq_error(1059)..: OFI poll failed (ofi_events.c:1061:MPIDI_OFI_handle_cq_error:Input/output error - remote access error)

aborting job:
Fatal error in PMPI_Alltoall: Other MPI error, error stack:
PMPI_Alltoall(433)...............: MPI_Alltoall(sbuf=0x14e42ba00000, scount=2304, dtype=0x4c001041, rbuf=0x14e42bb20000, rcount=2304, datatype=dtype=0x4c001041, comm=comm=0xc400000b) failed
MPIR_CRAY_Alltoall_throttled(471): 
MPIR_Waitall(167)................: 
MPIR_Waitall_impl(51)............: 
MPID_Progress_wait(184)..........: 
MPIDI_Progress_test(80)..........: 
MPIDI_OFI_handle_cq_error(1059)..: OFI poll failed (ofi_events.c:1061:MPIDI_OFI_handle_cq_error:Input/output error - remote access error)
MPICH ERROR [Rank 9] [job id 972cef6c-13a3-48b0-9b80-4a5494ba662b] [Fri Jul 28 01:26:54 2023] [x3016c0s19b0n0] - Abort(674306447) (rank 9 in comm 0): Fatal error in PMPI_Alltoall: Other MPI error, error stack:
PMPI_Alltoall(433)...............: MPI_Alltoall(sbuf=0x151f8ba00000, scount=2304, dtype=0x4c001041, rbuf=0x151f8bb20000, rcount=2304, datatype=dtype=0x4c001041, comm=comm=0xc4000009) failed
MPIR_CRAY_Alltoall_throttled(471): 
MPIR_Waitall(167)................: 
MPIR_Waitall_impl(51)............: 
MPID_Progress_wait(184)..........: 
MPIDI_Progress_test(80)..........: 
MPIDI_OFI_handle_cq_error(1059)..: OFI poll failed (ofi_events.c:1061:MPIDI_OFI_handle_cq_error:Input/output error - remote access error)

aborting job:
Fatal error in PMPI_Alltoall: Other MPI error, error stack:
PMPI_Alltoall(433)...............: MPI_Alltoall(sbuf=0x151f8ba00000, scount=2304, dtype=0x4c001041, rbuf=0x151f8bb20000, rcount=2304, datatype=dtype=0x4c001041, comm=comm=0xc4000009) failed
MPIR_CRAY_Alltoall_throttled(471): 
MPIR_Waitall(167)................: 
MPIR_Waitall_impl(51)............: 
MPID_Progress_wait(184)..........: 
MPIDI_Progress_test(80)..........: 
MPIDI_OFI_handle_cq_error(1059)..: OFI poll failed (ofi_events.c:1061:MPIDI_OFI_handle_cq_error:Input/output error - remote access error)
MPICH ERROR [Rank 21] [job id 972cef6c-13a3-48b0-9b80-4a5494ba662b] [Fri Jul 28 01:26:54 2023] [x3016c0s1b1n0] - Abort(137435535) (rank 21 in comm 0): Fatal error in PMPI_Alltoall: Other MPI error, error stack:
PMPI_Alltoall(433)...............: MPI_Alltoall(sbuf=0x14ef83a00000, scount=2304, dtype=0x4c001041, rbuf=0x14ef83b20000, rcount=2304, datatype=dtype=0x4c001041, comm=comm=0xc4000009) failed
MPIR_CRAY_Alltoall_throttled(471): 
MPIR_Waitall(167)................: 
MPIR_Waitall_impl(51)............: 
MPID_Progress_wait(184)..........: 
MPIDI_Progress_test(80)..........: 
MPIDI_OFI_handle_cq_error(1059)..: OFI poll failed (ofi_events.c:1061:MPIDI_OFI_handle_cq_error:Input/output error - remote access error)

aborting job:
Fatal error in PMPI_Alltoall: Other MPI error, error stack:
PMPI_Alltoall(433)...............: MPI_Alltoall(sbuf=0x14ef83a00000, scount=2304, dtype=0x4c001041, rbuf=0x14ef83b20000, rcount=2304, datatype=dtype=0x4c001041, comm=comm=0xc4000009) failed
MPIR_CRAY_Alltoall_throttled(471): 
MPIR_Waitall(167)................: 
MPIR_Waitall_impl(51)............: 
MPID_Progress_wait(184)..........: 
MPIDI_Progress_test(80)..........: 
MPIDI_OFI_handle_cq_error(1059)..: OFI poll failed (ofi_events.c:1061:MPIDI_OFI_handle_cq_error:Input/output error - remote access error)
MPICH ERROR [Rank 8] [job id 972cef6c-13a3-48b0-9b80-4a5494ba662b] [Fri Jul 28 01:26:54 2023] [x3016c0s19b0n0] - Abort(338762127) (rank 8 in comm 0): Fatal error in PMPI_Alltoall: Other MPI error, error stack:
PMPI_Alltoall(433)...............: MPI_Alltoall(sbuf=0x1484d1a00000, scount=2304, dtype=0x4c001041, rbuf=0x1484d1b20000, rcount=2304, datatype=dtype=0x4c001041, comm=comm=0xc400000f) failed
MPIR_CRAY_Alltoall_throttled(471): 
MPIR_Waitall(167)................: 
MPIR_Waitall_impl(51)............: 
MPID_Progress_wait(184)..........: 
MPIDI_Progress_test(80)..........: 
MPIDI_OFI_handle_cq_error(1059)..: OFI poll failed (ofi_events.c:1061:MPIDI_OFI_handle_cq_error:Input/output error - remote access error)

aborting job:
Fatal error in PMPI_Alltoall: Other MPI error, error stack:
PMPI_Alltoall(433)...............: MPI_Alltoall(sbuf=0x1484d1a00000, scount=2304, dtype=0x4c001041, rbuf=0x1484d1b20000, rcount=2304, datatype=dtype=0x4c001041, comm=comm=0xc400000f) failed
MPIR_CRAY_Alltoall_throttled(471): 
MPIR_Waitall(167)................: 
MPIR_Waitall_impl(51)............: 
MPID_Progress_wait(184)..........: 
MPIDI_Progress_test(80)..........: 
MPIDI_OFI_handle_cq_error(1059)..: OFI poll failed (ofi_events.c:1061:MPIDI_OFI_handle_cq_error:Input/output error - remote access error)
MPICH ERROR [Rank 20] [job id 972cef6c-13a3-48b0-9b80-4a5494ba662b] [Fri Jul 28 01:26:54 2023] [x3016c0s1b1n0] - Abort(741415311) (rank 20 in comm 0): Fatal error in PMPI_Alltoall: Other MPI error, error stack:
PMPI_Alltoall(433)...............: MPI_Alltoall(sbuf=0x14d583a00000, scount=2304, dtype=0x4c001041, rbuf=0x14d583b20000, rcount=2304, datatype=dtype=0x4c001041, comm=comm=0xc400000f) failed
MPIR_CRAY_Alltoall_throttled(471): 
MPIR_Waitall(167)................: 
MPIR_Waitall_impl(51)............: 
MPID_Progress_wait(184)..........: 
MPIDI_Progress_test(80)..........: 
MPIDI_OFI_handle_cq_error(1059)..: OFI poll failed (ofi_events.c:1061:MPIDI_OFI_handle_cq_error:Input/output error - remote access error)

aborting job:
Fatal error in PMPI_Alltoall: Other MPI error, error stack:
PMPI_Alltoall(433)...............: MPI_Alltoall(sbuf=0x14d583a00000, scount=2304, dtype=0x4c001041, rbuf=0x14d583b20000, rcount=2304, datatype=dtype=0x4c001041, comm=comm=0xc400000f) failed
MPIR_CRAY_Alltoall_throttled(471): 
MPIR_Waitall(167)................: 
MPIR_Waitall_impl(51)............: 
MPID_Progress_wait(184)..........: 
MPIDI_Progress_test(80)..........: 
MPIDI_OFI_handle_cq_error(1059)..: OFI poll failed (ofi_events.c:1061:MPIDI_OFI_handle_cq_error:Input/output error - remote access error)
MPICH ERROR [Rank 27] [job id 972cef6c-13a3-48b0-9b80-4a5494ba662b] [Fri Jul 28 01:26:54 2023] [x3016c0s25b0n0] - Abort(271653263) (rank 27 in comm 0): Fatal error in PMPI_Alltoall: Other MPI error, error stack:
PMPI_Alltoall(433)...............: MPI_Alltoall(sbuf=0x14bd73a00000, scount=2304, dtype=0x4c001041, rbuf=0x14bd73b20000, rcount=2304, datatype=dtype=0x4c001041, comm=comm=0xc4000007) failed
MPIR_CRAY_Alltoall_throttled(471): 
MPIR_Waitall(167)................: 
MPIR_Waitall_impl(51)............: 
MPID_Progress_wait(184)..........: 
MPIDI_Progress_test(80)..........: 
MPIDI_OFI_handle_cq_error(1059)..: OFI poll failed (ofi_events.c:1061:MPIDI_OFI_handle_cq_error:Input/output error - remote access error)

aborting job:
Fatal error in PMPI_Alltoall: Other MPI error, error stack:
PMPI_Alltoall(433)...............: MPI_Alltoall(sbuf=0x14bd73a00000, scount=2304, dtype=0x4c001041, rbuf=0x14bd73b20000, rcount=2304, datatype=dtype=0x4c001041, comm=comm=0xc4000007) failed
MPIR_CRAY_Alltoall_throttled(471): 
MPIR_Waitall(167)................: 
MPIR_Waitall_impl(51)............: 
MPID_Progress_wait(184)..........: 
MPIDI_Progress_test(80)..........: 
MPIDI_OFI_handle_cq_error(1059)..: OFI poll failed (ofi_events.c:1061:MPIDI_OFI_handle_cq_error:Input/output error - remote access error)
MPICH ERROR [Rank 25] [job id 972cef6c-13a3-48b0-9b80-4a5494ba662b] [Fri Jul 28 01:26:54 2023] [x3016c0s25b0n0] - Abort(271653263) (rank 25 in comm 0): Fatal error in PMPI_Alltoall: Other MPI error, error stack:
PMPI_Alltoall(433)...............: MPI_Alltoall(sbuf=0x14dfd1a00000, scount=2304, dtype=0x4c001041, rbuf=0x14dfd1b20000, rcount=2304, datatype=dtype=0x4c001041, comm=comm=0xc4000009) failed
MPIR_CRAY_Alltoall_throttled(471): 
MPIR_Waitall(167)................: 
MPIR_Waitall_impl(51)............: 
MPID_Progress_wait(184)..........: 
MPIDI_Progress_test(80)..........: 
MPIDI_OFI_handle_cq_error(1059)..: OFI poll failed (ofi_events.c:1061:MPIDI_OFI_handle_cq_error:Input/output error - remote access error)

aborting job:
Fatal error in PMPI_Alltoall: Other MPI error, error stack:
PMPI_Alltoall(433)...............: MPI_Alltoall(sbuf=0x14dfd1a00000, scount=2304, dtype=0x4c001041, rbuf=0x14dfd1b20000, rcount=2304, datatype=dtype=0x4c001041, comm=comm=0xc4000009) failed
MPIR_CRAY_Alltoall_throttled(471): 
MPIR_Waitall(167)................: 
MPIR_Waitall_impl(51)............: 
MPID_Progress_wait(184)..........: 
MPIDI_Progress_test(80)..........: 
MPIDI_OFI_handle_cq_error(1059)..: OFI poll failed (ofi_events.c:1061:MPIDI_OFI_handle_cq_error:Input/output error - remote access error)
x3016c0s13b1n0.hsn.cm.polaris.alcf.anl.gov: rank 7 exited with code 255
