2023-09-17 12:44:27|18301|INFO|ytopt:46] 

Loading ytopt
--------------
2023-09-17 12:44:27|18301|INFO|ytopt.search.hps.optimizer.optimizer:66] Using skopt.Optimizer with RF base_estimator
2023-09-17 12:45:39|18495|DEBUG|ytopt.search.hps.optimizer.optimizer:165] tell: {'c0': 'roibin_mgardgpu.json', 'p0': 18, 'p1': 4, 'p2': 1} --> ('roibin_mgardgpu.json', 18, 4, 1): evaluated objective: -30.155
2023-09-17 12:45:40|18495|DEBUG|ytopt.search.hps.optimizer.optimizer:124] _ask: ['roibin_mgardgpu.json', 49, 1, 3] lie: 0.0
2023-09-17 12:45:40|18495|DEBUG|ytopt.search.hps.optimizer.optimizer:165] tell: {'c0': 'roibin_mgardgpu.json', 'p0': 30, 'p1': 2, 'p2': 2} --> ('roibin_mgardgpu.json', 30, 2, 2): evaluated objective: -36.186
2023-09-17 12:45:40|18495|DEBUG|ytopt.search.hps.optimizer.optimizer:165] tell: {'c0': 'roibin_mgardgpu.json', 'p0': 42, 'p1': 3, 'p2': 1} --> ('roibin_mgardgpu.json', 42, 3, 1): evaluated objective: -33.6012
2023-09-17 12:45:40|18495|DEBUG|ytopt.search.hps.optimizer.optimizer:124] _ask: ['roibin_mgardgpu.json', 47, 3, 2] lie: 0.0
2023-09-17 12:45:41|18495|DEBUG|ytopt.search.hps.optimizer.optimizer:124] _ask: ['roibin_mgardgpu.json', 32, 1, 4] lie: 0.0
2023-09-17 12:45:41|18495|DEBUG|ytopt.search.hps.optimizer.optimizer:165] tell: {'c0': 'roibin_mgardgpu.json', 'p0': 12, 'p1': 3, 'p2': 3} --> ('roibin_mgardgpu.json', 12, 3, 3): evaluated objective: -38.5588
2023-09-17 12:45:42|18495|DEBUG|ytopt.search.hps.optimizer.optimizer:124] _ask: ['roibin_mgardgpu.json', 18, 3, 3] lie: 0.0
2023-09-17 12:45:55|18495|DEBUG|ytopt.search.hps.optimizer.optimizer:165] tell: {'c0': 'roibin_mgardgpu.json', 'p0': 49, 'p1': 1, 'p2': 3} --> ('roibin_mgardgpu.json', 49, 1, 3): evaluated objective: -29.0381
2023-09-17 12:45:56|18495|DEBUG|ytopt.search.hps.optimizer.optimizer:124] _ask: ['roibin_mgardgpu.json', 8, 3, 2] lie: 0.0
2023-09-17 12:46:50|18495|DEBUG|ytopt.search.hps.optimizer.optimizer:165] tell: {'c0': 'roibin_mgardgpu.json', 'p0': 18, 'p1': 3, 'p2': 3} --> ('roibin_mgardgpu.json', 18, 3, 3): evaluated objective: -29.0381
2023-09-17 12:46:51|18495|DEBUG|ytopt.search.hps.optimizer.optimizer:124] _ask: ['roibin_mgardgpu.json', 25, 4, 4] lie: 0.0
2023-09-17 12:46:51|18495|DEBUG|ytopt.search.hps.optimizer.optimizer:165] tell: {'c0': 'roibin_mgardgpu.json', 'p0': 47, 'p1': 3, 'p2': 2} --> ('roibin_mgardgpu.json', 47, 3, 2): evaluated objective: -26.4279
2023-09-17 12:46:52|18495|DEBUG|ytopt.search.hps.optimizer.optimizer:124] _ask: ['roibin_mgardgpu.json', 2, 4, 2] lie: 0.0
2023-09-17 12:46:52|18495|DEBUG|ytopt.search.hps.optimizer.optimizer:165] tell: {'c0': 'roibin_mgardgpu.json', 'p0': 32, 'p1': 1, 'p2': 4} --> ('roibin_mgardgpu.json', 32, 1, 4): evaluated objective: -34.0882
2023-09-17 12:46:53|18495|DEBUG|ytopt.search.hps.optimizer.optimizer:124] _ask: ['roibin_mgardgpu.json', 28, 3, 4] lie: 0.0
2023-09-17 12:47:15|18495|DEBUG|ytopt.search.hps.optimizer.optimizer:165] tell: {'c0': 'roibin_mgardgpu.json', 'p0': 28, 'p1': 3, 'p2': 4} --> ('roibin_mgardgpu.json', 28, 3, 4): evaluated objective: 2.143
2023-09-17 12:47:16|18495|DEBUG|ytopt.search.hps.optimizer.optimizer:124] _ask: ['roibin_mgardgpu.json', 31, 2, 3] lie: 2.143
2023-09-17 12:47:32|18495|DEBUG|ytopt.search.hps.optimizer.optimizer:165] tell: {'c0': 'roibin_mgardgpu.json', 'p0': 8, 'p1': 3, 'p2': 2} --> ('roibin_mgardgpu.json', 8, 3, 2): evaluated objective: 2.255
2023-09-17 12:47:33|18495|DEBUG|ytopt.search.hps.optimizer.optimizer:124] _ask: ['roibin_mgardgpu.json', 50, 1, 1] lie: 2.255
2023-09-17 12:47:38|18495|DEBUG|ytopt.search.hps.optimizer.optimizer:165] tell: {'c0': 'roibin_mgardgpu.json', 'p0': 25, 'p1': 4, 'p2': 4} --> ('roibin_mgardgpu.json', 25, 4, 4): evaluated objective: -49.0018
2023-09-17 12:47:39|18495|DEBUG|ytopt.search.hps.optimizer.optimizer:124] _ask: ['roibin_mgardgpu.json', 23, 4, 4] lie: 2.255
2023-09-17 12:47:39|18495|DEBUG|ytopt.search.hps.optimizer.optimizer:165] tell: {'c0': 'roibin_mgardgpu.json', 'p0': 2, 'p1': 4, 'p2': 2} --> ('roibin_mgardgpu.json', 2, 4, 2): evaluated objective: -37.3347
2023-09-17 12:47:40|18495|DEBUG|ytopt.search.hps.optimizer.optimizer:124] _ask: ['roibin_mgardgpu.json', 25, 4, 3] lie: 2.255
2023-09-17 12:48:02|18495|DEBUG|ytopt.search.hps.optimizer.optimizer:165] tell: {'c0': 'roibin_mgardgpu.json', 'p0': 31, 'p1': 2, 'p2': 3} --> ('roibin_mgardgpu.json', 31, 2, 3): evaluated objective: -18.6674
2023-09-17 12:48:03|18495|DEBUG|ytopt.search.hps.optimizer.optimizer:124] _ask: ['roibin_mgardgpu.json', 17, 4, 4] lie: 2.255
2023-09-17 12:48:37|18495|DEBUG|ytopt.search.hps.optimizer.optimizer:165] tell: {'c0': 'roibin_mgardgpu.json', 'p0': 50, 'p1': 1, 'p2': 1} --> ('roibin_mgardgpu.json', 50, 1, 1): evaluated objective: -39.8659
2023-09-17 12:48:38|18495|DEBUG|ytopt.search.hps.optimizer.optimizer:124] _ask: ['roibin_mgardgpu.json', 25, 4, 1] lie: 2.255
2023-09-17 12:48:46|18495|DEBUG|ytopt.search.hps.optimizer.optimizer:165] tell: {'c0': 'roibin_mgardgpu.json', 'p0': 23, 'p1': 4, 'p2': 4} --> ('roibin_mgardgpu.json', 23, 4, 4): evaluated objective: -34.5895
2023-09-17 12:48:47|18495|DEBUG|ytopt.search.hps.optimizer.optimizer:124] _ask: ['roibin_mgardgpu.json', 21, 4, 4] lie: 2.255
2023-09-17 12:48:47|18495|DEBUG|ytopt.search.hps.optimizer.optimizer:165] tell: {'c0': 'roibin_mgardgpu.json', 'p0': 25, 'p1': 4, 'p2': 3} --> ('roibin_mgardgpu.json', 25, 4, 3): evaluated objective: -28.001
2023-09-17 12:48:47|18495|DEBUG|ytopt.search.hps.optimizer.optimizer:124] _ask: ['roibin_mgardgpu.json', 24, 4, 4] lie: 2.255
2023-09-17 12:49:00|18495|DEBUG|ytopt.search.hps.optimizer.optimizer:165] tell: {'c0': 'roibin_mgardgpu.json', 'p0': 17, 'p1': 4, 'p2': 4} --> ('roibin_mgardgpu.json', 17, 4, 4): evaluated objective: -22.6162
2023-09-17 12:49:01|18495|DEBUG|ytopt.search.hps.optimizer.optimizer:124] _ask: ['roibin_mgardgpu.json', 26, 4, 4] lie: 2.255
2023-09-17 12:49:42|18495|DEBUG|ytopt.search.hps.optimizer.optimizer:165] tell: {'c0': 'roibin_mgardgpu.json', 'p0': 25, 'p1': 4, 'p2': 1} --> ('roibin_mgardgpu.json', 25, 4, 1): evaluated objective: -35.1058
2023-09-17 12:49:43|18495|DEBUG|ytopt.search.hps.optimizer.optimizer:124] _ask: ['roibin_mgardgpu.json', 25, 4, 2] lie: 2.255
2023-09-17 12:49:53|18495|DEBUG|ytopt.search.hps.optimizer.optimizer:165] tell: {'c0': 'roibin_mgardgpu.json', 'p0': 21, 'p1': 4, 'p2': 4} --> ('roibin_mgardgpu.json', 21, 4, 4): evaluated objective: -40.5532
2023-09-17 12:49:54|18495|DEBUG|ytopt.search.hps.optimizer.optimizer:124] _ask: ['roibin_mgardgpu.json', 22, 4, 4] lie: 2.255
2023-09-17 12:49:55|18495|DEBUG|ytopt.search.hps.optimizer.optimizer:165] tell: {'c0': 'roibin_mgardgpu.json', 'p0': 24, 'p1': 4, 'p2': 4} --> ('roibin_mgardgpu.json', 24, 4, 4): evaluated objective: -39.8659
2023-09-17 12:49:56|18495|DEBUG|ytopt.search.hps.optimizer.optimizer:124] _ask: ['roibin_mgardgpu.json', 24, 2, 4] lie: 2.255
2023-09-17 12:50:05|18495|DEBUG|ytopt.search.hps.optimizer.optimizer:165] tell: {'c0': 'roibin_mgardgpu.json', 'p0': 26, 'p1': 4, 'p2': 4} --> ('roibin_mgardgpu.json', 26, 4, 4): evaluated objective: -29.4011
2023-09-17 12:50:05|18495|DEBUG|ytopt.search.hps.optimizer.optimizer:124] _ask: ['roibin_mgardgpu.json', 27, 4, 4] lie: 2.255
2023-09-17 12:50:50|18495|DEBUG|ytopt.search.hps.optimizer.optimizer:165] tell: {'c0': 'roibin_mgardgpu.json', 'p0': 25, 'p1': 4, 'p2': 2} --> ('roibin_mgardgpu.json', 25, 4, 2): evaluated objective: -31.3612
2023-09-17 12:50:50|18495|DEBUG|ytopt.search.hps.optimizer.optimizer:124] _ask: ['roibin_mgardgpu.json', 25, 3, 1] lie: 2.255
2023-09-17 12:51:08|18495|DEBUG|ytopt.search.hps.optimizer.optimizer:165] tell: {'c0': 'roibin_mgardgpu.json', 'p0': 22, 'p1': 4, 'p2': 4} --> ('roibin_mgardgpu.json', 22, 4, 4): evaluated objective: -39.2015
2023-09-17 12:51:08|18495|DEBUG|ytopt.search.hps.optimizer.optimizer:124] _ask: ['roibin_mgardgpu.json', 57, 4, 4] lie: 2.255
2023-09-17 12:51:09|18495|DEBUG|ytopt.search.hps.optimizer.optimizer:165] tell: {'c0': 'roibin_mgardgpu.json', 'p0': 24, 'p1': 2, 'p2': 4} --> ('roibin_mgardgpu.json', 24, 2, 4): evaluated objective: -20.2766
2023-09-17 12:51:10|18495|DEBUG|ytopt.search.hps.optimizer.optimizer:124] _ask: ['roibin_mgardgpu.json', 26, 4, 3] lie: 2.255
2023-09-17 12:51:13|18495|DEBUG|ytopt.search.hps.optimizer.optimizer:165] tell: {'c0': 'roibin_mgardgpu.json', 'p0': 27, 'p1': 4, 'p2': 4} --> ('roibin_mgardgpu.json', 27, 4, 4): evaluated objective: -39.2015
2023-09-17 12:51:14|18495|DEBUG|ytopt.search.hps.optimizer.optimizer:124] _ask: ['roibin_mgardgpu.json', 38, 4, 4] lie: 2.255
2023-09-17 12:51:51|18495|DEBUG|ytopt.search.hps.optimizer.optimizer:165] tell: {'c0': 'roibin_mgardgpu.json', 'p0': 25, 'p1': 3, 'p2': 1} --> ('roibin_mgardgpu.json', 25, 3, 1): evaluated objective: -33.128
2023-09-17 12:51:51|18495|DEBUG|ytopt.search.hps.optimizer.optimizer:124] _ask: ['roibin_mgardgpu.json', 25, 3, 4] lie: 2.255
2023-09-17 12:52:14|18495|DEBUG|ytopt.search.hps.optimizer.optimizer:165] tell: {'c0': 'roibin_mgardgpu.json', 'p0': 57, 'p1': 4, 'p2': 4} --> ('roibin_mgardgpu.json', 57, 4, 4): evaluated objective: -39.8659
2023-09-17 12:52:15|18495|DEBUG|ytopt.search.hps.optimizer.optimizer:124] _ask: ['roibin_mgardgpu.json', 59, 4, 4] lie: 2.255
2023-09-17 12:52:15|18495|DEBUG|ytopt.search.hps.optimizer.optimizer:165] tell: {'c0': 'roibin_mgardgpu.json', 'p0': 26, 'p1': 4, 'p2': 3} --> ('roibin_mgardgpu.json', 26, 4, 3): evaluated objective: -29.0381
2023-09-17 12:52:16|18495|DEBUG|ytopt.search.hps.optimizer.optimizer:124] _ask: ['roibin_mgardgpu.json', 28, 4, 4] lie: 2.255
2023-09-17 12:52:21|18495|DEBUG|ytopt.search.hps.optimizer.optimizer:165] tell: {'c0': 'roibin_mgardgpu.json', 'p0': 38, 'p1': 4, 'p2': 4} --> ('roibin_mgardgpu.json', 38, 4, 4): evaluated objective: -50.0444
2023-09-17 12:52:22|18495|DEBUG|ytopt.search.hps.optimizer.optimizer:124] _ask: ['roibin_mgardgpu.json', 40, 4, 4] lie: 2.255
2023-09-17 12:52:50|18495|DEBUG|ytopt.search.hps.optimizer.optimizer:165] tell: {'c0': 'roibin_mgardgpu.json', 'p0': 25, 'p1': 3, 'p2': 4} --> ('roibin_mgardgpu.json', 25, 3, 4): evaluated objective: -19.9329
2023-09-17 12:52:51|18495|DEBUG|ytopt.search.hps.optimizer.optimizer:124] _ask: ['roibin_mgardgpu.json', 36, 4, 1] lie: 2.255
2023-09-17 12:53:22|18495|DEBUG|ytopt.search.hps.optimizer.optimizer:165] tell: {'c0': 'roibin_mgardgpu.json', 'p0': 28, 'p1': 4, 'p2': 4} --> ('roibin_mgardgpu.json', 28, 4, 4): evaluated objective: -39.8659
2023-09-17 12:53:23|18495|DEBUG|ytopt.search.hps.optimizer.optimizer:124] _ask: ['roibin_mgardgpu.json', 29, 4, 4] lie: 2.255
2023-09-17 12:53:24|18495|DEBUG|ytopt.search.hps.optimizer.optimizer:165] tell: {'c0': 'roibin_mgardgpu.json', 'p0': 59, 'p1': 4, 'p2': 4} --> ('roibin_mgardgpu.json', 59, 4, 4): evaluated objective: -39.2015
2023-09-17 12:53:25|18495|DEBUG|ytopt.search.hps.optimizer.optimizer:124] _ask: ['roibin_mgardgpu.json', 50, 4, 4] lie: 2.255
2023-09-17 12:53:27|18495|DEBUG|ytopt.search.hps.optimizer.optimizer:165] tell: {'c0': 'roibin_mgardgpu.json', 'p0': 40, 'p1': 4, 'p2': 4} --> ('roibin_mgardgpu.json', 40, 4, 4): evaluated objective: -37.3347
2023-09-17 12:53:28|18495|DEBUG|ytopt.search.hps.optimizer.optimizer:124] _ask: ['roibin_mgardgpu.json', 39, 4, 4] lie: 2.255
2023-09-17 12:53:45|18495|DEBUG|ytopt.search.hps.optimizer.optimizer:165] tell: {'c0': 'roibin_mgardgpu.json', 'p0': 36, 'p1': 4, 'p2': 1} --> ('roibin_mgardgpu.json', 36, 4, 1): evaluated objective: -35.1058
2023-09-17 12:53:45|18495|DEBUG|ytopt.search.hps.optimizer.optimizer:124] _ask: ['roibin_mgardgpu.json', 35, 4, 4] lie: 2.255
2023-09-17 12:54:30|18495|DEBUG|ytopt.search.hps.optimizer.optimizer:165] tell: {'c0': 'roibin_mgardgpu.json', 'p0': 29, 'p1': 4, 'p2': 4} --> ('roibin_mgardgpu.json', 29, 4, 4): evaluated objective: -39.8659
2023-09-17 12:54:30|18495|DEBUG|ytopt.search.hps.optimizer.optimizer:124] _ask: ['roibin_mgardgpu.json', 30, 4, 4] lie: 2.255
2023-09-17 12:54:30|18495|DEBUG|ytopt.search.hps.optimizer.optimizer:165] tell: {'c0': 'roibin_mgardgpu.json', 'p0': 50, 'p1': 4, 'p2': 4} --> ('roibin_mgardgpu.json', 50, 4, 4): evaluated objective: -37.9369
2023-09-17 12:54:31|18495|DEBUG|ytopt.search.hps.optimizer.optimizer:124] _ask: ['roibin_mgardgpu.json', 43, 4, 4] lie: 2.255
2023-09-17 12:54:36|18495|DEBUG|ytopt.search.hps.optimizer.optimizer:165] tell: {'c0': 'roibin_mgardgpu.json', 'p0': 39, 'p1': 4, 'p2': 4} --> ('roibin_mgardgpu.json', 39, 4, 4): evaluated objective: -51.1323
2023-09-17 12:54:37|18495|DEBUG|ytopt.search.hps.optimizer.optimizer:124] _ask: ['roibin_mgardgpu.json', 41, 4, 4] lie: 2.255
2023-09-17 12:54:49|18495|DEBUG|ytopt.search.hps.optimizer.optimizer:165] tell: {'c0': 'roibin_mgardgpu.json', 'p0': 35, 'p1': 4, 'p2': 4} --> ('roibin_mgardgpu.json', 35, 4, 4): evaluated objective: -34.5895
2023-09-17 12:54:50|18495|DEBUG|ytopt.search.hps.optimizer.optimizer:124] _ask: ['roibin_mgardgpu.json', 37, 4, 4] lie: 2.255
2023-09-17 12:55:37|18495|DEBUG|ytopt.search.hps.optimizer.optimizer:165] tell: {'c0': 'roibin_mgardgpu.json', 'p0': 30, 'p1': 4, 'p2': 4} --> ('roibin_mgardgpu.json', 30, 4, 4): evaluated objective: -38.5588
2023-09-17 12:55:37|18495|DEBUG|ytopt.search.hps.optimizer.optimizer:124] _ask: ['roibin_mgardgpu.json', 39, 4, 3] lie: 2.255
2023-09-17 12:55:37|18495|DEBUG|ytopt.search.hps.optimizer.optimizer:165] tell: {'c0': 'roibin_mgardgpu.json', 'p0': 43, 'p1': 4, 'p2': 4} --> ('roibin_mgardgpu.json', 43, 4, 4): evaluated objective: -36.186
2023-09-17 12:55:38|18495|DEBUG|ytopt.search.hps.optimizer.optimizer:124] _ask: ['roibin_mgardgpu.json', 36, 4, 4] lie: 2.255
2023-09-17 12:55:52|18495|DEBUG|ytopt.search.hps.optimizer.optimizer:165] tell: {'c0': 'roibin_mgardgpu.json', 'p0': 41, 'p1': 4, 'p2': 4} --> ('roibin_mgardgpu.json', 41, 4, 4): evaluated objective: -43.5572
2023-09-17 12:55:53|18495|DEBUG|ytopt.search.hps.optimizer.optimizer:124] _ask: ['roibin_mgardgpu.json', 39, 4, 1] lie: 2.255
2023-09-17 12:55:53|18495|DEBUG|ytopt.search.hps.optimizer.optimizer:165] tell: {'c0': 'roibin_mgardgpu.json', 'p0': 37, 'p1': 4, 'p2': 4} --> ('roibin_mgardgpu.json', 37, 4, 4): evaluated objective: -34.5895
2023-09-17 12:55:54|18495|DEBUG|ytopt.search.hps.optimizer.optimizer:124] _ask: ['roibin_mgardgpu.json', 42, 4, 4] lie: 2.255
2023-09-17 12:56:47|18495|DEBUG|ytopt.search.hps.optimizer.optimizer:165] tell: {'c0': 'roibin_mgardgpu.json', 'p0': 39, 'p1': 4, 'p2': 3} --> ('roibin_mgardgpu.json', 39, 4, 3): evaluated objective: -28.3384
2023-09-17 12:56:48|18495|DEBUG|ytopt.search.hps.optimizer.optimizer:124] _ask: ['roibin_mgardgpu.json', 44, 4, 4] lie: 2.255
2023-09-17 12:56:49|18495|DEBUG|ytopt.search.hps.optimizer.optimizer:165] tell: {'c0': 'roibin_mgardgpu.json', 'p0': 36, 'p1': 4, 'p2': 4} --> ('roibin_mgardgpu.json', 36, 4, 4): evaluated objective: -34.5895
2023-09-17 12:56:49|18495|DEBUG|ytopt.search.hps.optimizer.optimizer:124] _ask: ['roibin_mgardgpu.json', 60, 4, 4] lie: 2.255
2023-09-17 12:57:00|18495|DEBUG|ytopt.search.hps.optimizer.optimizer:165] tell: {'c0': 'roibin_mgardgpu.json', 'p0': 39, 'p1': 4, 'p2': 1} --> ('roibin_mgardgpu.json', 39, 4, 1): evaluated objective: -35.6377
2023-09-17 12:57:00|18495|DEBUG|ytopt.search.hps.optimizer.optimizer:124] _ask: ['roibin_mgardgpu.json', 52, 4, 4] lie: 2.255
2023-09-17 12:57:00|18495|DEBUG|ytopt.search.hps.optimizer.optimizer:165] tell: {'c0': 'roibin_mgardgpu.json', 'p0': 42, 'p1': 4, 'p2': 4} --> ('roibin_mgardgpu.json', 42, 4, 4): evaluated objective: -26.1343
2023-09-17 12:57:01|18495|DEBUG|ytopt.search.hps.optimizer.optimizer:124] _ask: ['roibin_mgardgpu.json', 45, 4, 4] lie: 2.255
2023-09-17 12:57:52|18495|DEBUG|ytopt.search.hps.optimizer.optimizer:165] tell: {'c0': 'roibin_mgardgpu.json', 'p0': 44, 'p1': 4, 'p2': 4} --> ('roibin_mgardgpu.json', 44, 4, 4): evaluated objective: -39.8659
2023-09-17 12:57:53|18495|DEBUG|ytopt.search.hps.optimizer.optimizer:124] _ask: ['roibin_mgardgpu.json', 46, 4, 4] lie: 2.255
2023-09-17 12:57:56|18495|DEBUG|ytopt.search.hps.optimizer.optimizer:165] tell: {'c0': 'roibin_mgardgpu.json', 'p0': 60, 'p1': 4, 'p2': 4} --> ('roibin_mgardgpu.json', 60, 4, 4): evaluated objective: -42.7652
2023-09-17 12:57:57|18495|DEBUG|ytopt.search.hps.optimizer.optimizer:124] _ask: ['roibin_mgardgpu.json', 56, 4, 4] lie: 2.255
2023-09-17 12:58:10|18495|DEBUG|ytopt.search.hps.optimizer.optimizer:165] tell: {'c0': 'roibin_mgardgpu.json', 'p0': 52, 'p1': 4, 'p2': 4} --> ('roibin_mgardgpu.json', 52, 4, 4): evaluated objective: -37.3347
2023-09-17 12:58:11|18495|DEBUG|ytopt.search.hps.optimizer.optimizer:124] _ask: ['roibin_mgardgpu.json', 58, 4, 4] lie: 2.255
2023-09-17 12:58:11|18495|DEBUG|ytopt.search.hps.optimizer.optimizer:165] tell: {'c0': 'roibin_mgardgpu.json', 'p0': 45, 'p1': 4, 'p2': 4} --> ('roibin_mgardgpu.json', 45, 4, 4): evaluated objective: -36.7514
2023-09-17 12:58:12|18495|DEBUG|ytopt.search.hps.optimizer.optimizer:124] _ask: ['roibin_mgardgpu.json', 51, 4, 4] lie: 2.255
2023-09-17 12:59:10|18495|DEBUG|ytopt.search.hps.optimizer.optimizer:165] tell: {'c0': 'roibin_mgardgpu.json', 'p0': 56, 'p1': 4, 'p2': 4} --> ('roibin_mgardgpu.json', 56, 4, 4): evaluated objective: -1.66461
2023-09-17 12:59:11|18495|DEBUG|ytopt.search.hps.optimizer.optimizer:124] _ask: ['roibin_mgardgpu.json', 59, 4, 1] lie: 2.255
2023-09-17 12:59:20|18495|DEBUG|ytopt.search.hps.optimizer.optimizer:165] tell: {'c0': 'roibin_mgardgpu.json', 'p0': 58, 'p1': 4, 'p2': 4} --> ('roibin_mgardgpu.json', 58, 4, 4): evaluated objective: -32.2204
2023-09-17 12:59:20|18495|DEBUG|ytopt.search.hps.optimizer.optimizer:124] _ask: ['roibin_mgardgpu.json', 60, 4, 1] lie: 2.255
2023-09-17 12:59:20|18495|DEBUG|ytopt.search.hps.optimizer.optimizer:165] tell: {'c0': 'roibin_mgardgpu.json', 'p0': 46, 'p1': 4, 'p2': 4} --> ('roibin_mgardgpu.json', 46, 4, 4): evaluated objective: -36.7514
2023-09-17 12:59:21|18495|DEBUG|ytopt.search.hps.optimizer.optimizer:124] _ask: ['roibin_mgardgpu.json', 53, 4, 4] lie: 2.255
2023-09-17 12:59:21|18495|DEBUG|ytopt.search.hps.optimizer.optimizer:165] tell: {'c0': 'roibin_mgardgpu.json', 'p0': 51, 'p1': 4, 'p2': 4} --> ('roibin_mgardgpu.json', 51, 4, 4): evaluated objective: -34.0882
2023-09-17 12:59:22|18495|DEBUG|ytopt.search.hps.optimizer.optimizer:124] _ask: ['roibin_mgardgpu.json', 54, 4, 4] lie: 2.255
2023-09-17 13:00:19|18495|DEBUG|ytopt.search.hps.optimizer.optimizer:165] tell: {'c0': 'roibin_mgardgpu.json', 'p0': 59, 'p1': 4, 'p2': 1} --> ('roibin_mgardgpu.json', 59, 4, 1): evaluated objective: -33.128
2023-09-17 13:00:19|18495|DEBUG|ytopt.search.hps.optimizer.optimizer:124] _ask: ['roibin_mgardgpu.json', 60, 4, 3] lie: 2.255
2023-09-17 13:00:29|18495|DEBUG|ytopt.search.hps.optimizer.optimizer:165] tell: {'c0': 'roibin_mgardgpu.json', 'p0': 60, 'p1': 4, 'p2': 1} --> ('roibin_mgardgpu.json', 60, 4, 1): evaluated objective: -19.7654
2023-09-17 13:00:30|18495|DEBUG|ytopt.search.hps.optimizer.optimizer:124] _ask: ['roibin_mgardgpu.json', 59, 4, 2] lie: 2.255
2023-09-17 13:00:30|18495|DEBUG|ytopt.search.hps.optimizer.optimizer:165] tell: {'c0': 'roibin_mgardgpu.json', 'p0': 53, 'p1': 4, 'p2': 4} --> ('roibin_mgardgpu.json', 53, 4, 4): evaluated objective: -30.5466
2023-09-17 13:00:30|18495|DEBUG|ytopt.search.hps.optimizer.optimizer:124] _ask: ['roibin_mgardgpu.json', 55, 4, 4] lie: 2.255
2023-09-17 13:00:30|18495|DEBUG|ytopt.search.hps.optimizer.optimizer:165] tell: {'c0': 'roibin_mgardgpu.json', 'p0': 54, 'p1': 4, 'p2': 4} --> ('roibin_mgardgpu.json', 54, 4, 4): evaluated objective: -39.2015
2023-09-17 13:00:31|18495|DEBUG|ytopt.search.hps.optimizer.optimizer:124] _ask: ['roibin_mgardgpu.json', 60, 1, 4] lie: 2.255
2023-09-17 13:01:19|18495|DEBUG|ytopt.search.hps.optimizer.optimizer:165] tell: {'c0': 'roibin_mgardgpu.json', 'p0': 60, 'p1': 4, 'p2': 3} --> ('roibin_mgardgpu.json', 60, 4, 3): evaluated objective: -25.5662
2023-09-17 13:01:20|18495|DEBUG|ytopt.search.hps.optimizer.optimizer:124] _ask: ['roibin_mgardgpu.json', 1, 4, 4] lie: 2.255
2023-09-17 13:01:40|18495|DEBUG|ytopt.search.hps.optimizer.optimizer:165] tell: {'c0': 'roibin_mgardgpu.json', 'p0': 55, 'p1': 4, 'p2': 4} --> ('roibin_mgardgpu.json', 55, 4, 4): evaluated objective: -36.186
2023-09-17 13:01:41|18495|DEBUG|ytopt.search.hps.optimizer.optimizer:124] _ask: ['roibin_mgardgpu.json', 19, 4, 4] lie: 2.255
2023-09-17 13:01:41|18495|DEBUG|ytopt.search.hps.optimizer.optimizer:165] tell: {'c0': 'roibin_mgardgpu.json', 'p0': 59, 'p1': 4, 'p2': 2} --> ('roibin_mgardgpu.json', 59, 4, 2): evaluated objective: -34.0882
2023-09-17 13:01:42|18495|DEBUG|ytopt.search.hps.optimizer.optimizer:124] _ask: ['roibin_mgardgpu.json', 20, 4, 4] lie: 2.255
2023-09-17 13:01:42|18495|DEBUG|ytopt.search.hps.optimizer.optimizer:165] tell: {'c0': 'roibin_mgardgpu.json', 'p0': 60, 'p1': 1, 'p2': 4} --> ('roibin_mgardgpu.json', 60, 1, 4): evaluated objective: -39.8659
2023-09-17 13:01:42|18495|DEBUG|ytopt.search.hps.optimizer.optimizer:124] _ask: ['roibin_mgardgpu.json', 40, 3, 4] lie: 2.255
2023-09-17 13:02:08|18495|DEBUG|ytopt.search.hps.optimizer.optimizer:165] tell: {'c0': 'roibin_mgardgpu.json', 'p0': 1, 'p1': 4, 'p2': 4} --> ('roibin_mgardgpu.json', 1, 4, 4): evaluated objective: -32.6679
2023-09-17 13:02:09|18495|DEBUG|ytopt.search.hps.optimizer.optimizer:124] _ask: ['roibin_mgardgpu.json', 39, 1, 4] lie: 2.255
2023-09-17 13:02:46|18495|DEBUG|ytopt.search.hps.optimizer.optimizer:165] tell: {'c0': 'roibin_mgardgpu.json', 'p0': 19, 'p1': 4, 'p2': 4} --> ('roibin_mgardgpu.json', 19, 4, 4): evaluated objective: -43.5572
2023-09-17 13:02:47|18495|DEBUG|ytopt.search.hps.optimizer.optimizer:124] _ask: ['roibin_mgardgpu.json', 18, 4, 4] lie: 2.255
2023-09-17 13:02:53|18495|DEBUG|ytopt.search.hps.optimizer.optimizer:165] tell: {'c0': 'roibin_mgardgpu.json', 'p0': 40, 'p1': 3, 'p2': 4} --> ('roibin_mgardgpu.json', 40, 3, 4): evaluated objective: -24.0009
2023-09-17 13:02:54|18495|DEBUG|ytopt.search.hps.optimizer.optimizer:124] _ask: ['roibin_mgardgpu.json', 20, 4, 2] lie: 2.255
2023-09-17 13:02:54|18495|DEBUG|ytopt.search.hps.optimizer.optimizer:165] tell: {'c0': 'roibin_mgardgpu.json', 'p0': 20, 'p1': 4, 'p2': 4} --> ('roibin_mgardgpu.json', 20, 4, 4): evaluated objective: -54.6997
2023-09-17 13:02:54|18495|DEBUG|ytopt.search.hps.optimizer.optimizer:124] _ask: ['roibin_mgardgpu.json', 12, 4, 4] lie: 2.255
2023-09-17 13:03:06|18495|DEBUG|ytopt.search.hps.optimizer.optimizer:165] tell: {'c0': 'roibin_mgardgpu.json', 'p0': 39, 'p1': 1, 'p2': 4} --> ('roibin_mgardgpu.json', 39, 1, 4): evaluated objective: -34.0882
2023-09-17 13:03:07|18495|DEBUG|ytopt.search.hps.optimizer.optimizer:124] _ask: ['roibin_mgardgpu.json', 16, 4, 4] lie: 2.255
2023-09-17 13:03:52|18495|DEBUG|ytopt.search.hps.optimizer.optimizer:165] tell: {'c0': 'roibin_mgardgpu.json', 'p0': 18, 'p1': 4, 'p2': 4} --> ('roibin_mgardgpu.json', 18, 4, 4): evaluated objective: -35.1058
2023-09-17 13:03:53|18495|DEBUG|ytopt.search.hps.optimizer.optimizer:124] _ask: ['roibin_mgardgpu.json', 15, 4, 4] lie: 2.255
2023-09-17 13:04:00|18495|DEBUG|ytopt.search.hps.optimizer.optimizer:165] tell: {'c0': 'roibin_mgardgpu.json', 'p0': 12, 'p1': 4, 'p2': 4} --> ('roibin_mgardgpu.json', 12, 4, 4): evaluated objective: -49.0018
2023-09-17 13:04:01|18495|DEBUG|ytopt.search.hps.optimizer.optimizer:124] _ask: ['roibin_mgardgpu.json', 11, 4, 4] lie: 2.255
2023-09-17 13:04:01|18495|DEBUG|ytopt.search.hps.optimizer.optimizer:165] tell: {'c0': 'roibin_mgardgpu.json', 'p0': 20, 'p1': 4, 'p2': 2} --> ('roibin_mgardgpu.json', 20, 4, 2): evaluated objective: -28.684
2023-09-17 13:04:02|18495|DEBUG|ytopt.search.hps.optimizer.optimizer:124] _ask: ['roibin_mgardgpu.json', 13, 4, 4] lie: 2.255
2023-09-17 13:04:10|18495|DEBUG|ytopt.search.hps.optimizer.optimizer:165] tell: {'c0': 'roibin_mgardgpu.json', 'p0': 16, 'p1': 4, 'p2': 4} --> ('roibin_mgardgpu.json', 16, 4, 4): evaluated objective: -34.5895
2023-09-17 13:04:11|18495|DEBUG|ytopt.search.hps.optimizer.optimizer:124] _ask: ['roibin_mgardgpu.json', 12, 4, 1] lie: 2.255
2023-09-17 13:04:59|18495|DEBUG|ytopt.search.hps.optimizer.optimizer:165] tell: {'c0': 'roibin_mgardgpu.json', 'p0': 15, 'p1': 4, 'p2': 4} --> ('roibin_mgardgpu.json', 15, 4, 4): evaluated objective: -40.5532
2023-09-17 13:05:00|18495|DEBUG|ytopt.search.hps.optimizer.optimizer:124] _ask: ['roibin_mgardgpu.json', 14, 4, 4] lie: 2.255
2023-09-17 13:05:07|18495|DEBUG|ytopt.search.hps.optimizer.optimizer:165] tell: {'c0': 'roibin_mgardgpu.json', 'p0': 11, 'p1': 4, 'p2': 4} --> ('roibin_mgardgpu.json', 11, 4, 4): evaluated objective: -37.9369
2023-09-17 13:05:08|18495|DEBUG|ytopt.search.hps.optimizer.optimizer:124] _ask: ['roibin_mgardgpu.json', 10, 4, 4] lie: 2.255
2023-09-17 13:05:10|18495|DEBUG|ytopt.search.hps.optimizer.optimizer:165] tell: {'c0': 'roibin_mgardgpu.json', 'p0': 13, 'p1': 4, 'p2': 4} --> ('roibin_mgardgpu.json', 13, 4, 4): evaluated objective: -33.6012
2023-09-17 13:05:11|18495|DEBUG|ytopt.search.hps.optimizer.optimizer:124] _ask: ['roibin_mgardgpu.json', 9, 4, 4] lie: 2.255
2023-09-17 13:05:52|18495|DEBUG|ytopt.search.hps.optimizer.optimizer:165] tell: {'c0': 'roibin_mgardgpu.json', 'p0': 12, 'p1': 4, 'p2': 1} --> ('roibin_mgardgpu.json', 12, 4, 1): evaluated objective: 2.255
2023-09-17 13:05:52|18495|DEBUG|ytopt.search.hps.optimizer.optimizer:124] _ask: ['roibin_mgardgpu.json', 12, 4, 3] lie: 2.255
2023-09-17 13:05:56|18495|DEBUG|ytopt.search.hps.optimizer.optimizer:165] tell: {'c0': 'roibin_mgardgpu.json', 'p0': 14, 'p1': 4, 'p2': 4} --> ('roibin_mgardgpu.json', 14, 4, 4): evaluated objective: -49.0018
2023-09-17 13:05:57|18495|DEBUG|ytopt.search.hps.optimizer.optimizer:124] _ask: ['roibin_mgardgpu.json', 12, 1, 1] lie: 2.255
2023-09-17 13:06:01|18495|DEBUG|ytopt.search.hps.optimizer.optimizer:165] tell: {'c0': 'roibin_mgardgpu.json', 'p0': 10, 'p1': 4, 'p2': 4} --> ('roibin_mgardgpu.json', 10, 4, 4): evaluated objective: -36.186
2023-09-17 13:06:02|18495|DEBUG|ytopt.search.hps.optimizer.optimizer:124] _ask: ['roibin_mgardgpu.json', 6, 4, 4] lie: 2.255
2023-09-17 13:06:07|18495|DEBUG|ytopt.search.hps.optimizer.optimizer:165] tell: {'c0': 'roibin_mgardgpu.json', 'p0': 9, 'p1': 4, 'p2': 4} --> ('roibin_mgardgpu.json', 9, 4, 4): evaluated objective: -36.186
2023-09-17 13:06:07|18495|DEBUG|ytopt.search.hps.optimizer.optimizer:124] _ask: ['roibin_mgardgpu.json', 8, 4, 4] lie: 2.255
2023-09-17 13:07:02|18495|DEBUG|ytopt.search.hps.optimizer.optimizer:165] tell: {'c0': 'roibin_mgardgpu.json', 'p0': 12, 'p1': 4, 'p2': 3} --> ('roibin_mgardgpu.json', 12, 4, 3): evaluated objective: -24.7588
2023-09-17 13:07:03|18495|DEBUG|ytopt.search.hps.optimizer.optimizer:124] _ask: ['roibin_mgardgpu.json', 5, 4, 4] lie: 2.255
2023-09-17 13:07:04|18495|DEBUG|ytopt.search.hps.optimizer.optimizer:165] tell: {'c0': 'roibin_mgardgpu.json', 'p0': 12, 'p1': 1, 'p2': 1} --> ('roibin_mgardgpu.json', 12, 1, 1): evaluated objective: -39.2015
2023-09-17 13:07:04|18495|DEBUG|ytopt.search.hps.optimizer.optimizer:124] _ask: ['roibin_mgardgpu.json', 10, 1, 1] lie: 2.255
2023-09-17 13:07:10|18495|DEBUG|ytopt.search.hps.optimizer.optimizer:165] tell: {'c0': 'roibin_mgardgpu.json', 'p0': 6, 'p1': 4, 'p2': 4} --> ('roibin_mgardgpu.json', 6, 4, 4): evaluated objective: -27.0355
2023-09-17 13:07:11|18495|DEBUG|ytopt.search.hps.optimizer.optimizer:124] _ask: ['roibin_mgardgpu.json', 13, 1, 1] lie: 2.255
2023-09-17 13:07:15|18495|DEBUG|ytopt.search.hps.optimizer.optimizer:165] tell: {'c0': 'roibin_mgardgpu.json', 'p0': 8, 'p1': 4, 'p2': 4} --> ('roibin_mgardgpu.json', 8, 4, 4): evaluated objective: -36.7514
2023-09-17 13:07:16|18495|DEBUG|ytopt.search.hps.optimizer.optimizer:124] _ask: ['roibin_mgardgpu.json', 12, 1, 4] lie: 2.255
2023-09-17 13:08:09|18495|DEBUG|ytopt.search.hps.optimizer.optimizer:165] tell: {'c0': 'roibin_mgardgpu.json', 'p0': 5, 'p1': 4, 'p2': 4} --> ('roibin_mgardgpu.json', 5, 4, 4): evaluated objective: -40.5532
2023-09-17 13:08:10|18495|DEBUG|ytopt.search.hps.optimizer.optimizer:124] _ask: ['roibin_mgardgpu.json', 30, 1, 1] lie: 2.255
2023-09-17 13:08:13|18495|DEBUG|ytopt.search.hps.optimizer.optimizer:165] tell: {'c0': 'roibin_mgardgpu.json', 'p0': 10, 'p1': 1, 'p2': 1} --> ('roibin_mgardgpu.json', 10, 1, 1): evaluated objective: -39.8659
2023-09-17 13:08:14|18495|DEBUG|ytopt.search.hps.optimizer.optimizer:124] _ask: ['roibin_mgardgpu.json', 2, 3, 1] lie: 2.255
2023-09-17 13:08:19|18495|DEBUG|ytopt.search.hps.optimizer.optimizer:165] tell: {'c0': 'roibin_mgardgpu.json', 'p0': 13, 'p1': 1, 'p2': 1} --> ('roibin_mgardgpu.json', 13, 1, 1): evaluated objective: -29.4011
2023-09-17 13:08:20|18495|DEBUG|ytopt.search.hps.optimizer.optimizer:124] _ask: ['roibin_mgardgpu.json', 11, 1, 1] lie: 2.255
2023-09-17 13:08:22|18495|DEBUG|ytopt.search.hps.optimizer.optimizer:165] tell: {'c0': 'roibin_mgardgpu.json', 'p0': 12, 'p1': 1, 'p2': 4} --> ('roibin_mgardgpu.json', 12, 1, 4): evaluated objective: -36.186
2023-09-17 13:08:23|18495|DEBUG|ytopt.search.hps.optimizer.optimizer:124] _ask: ['roibin_mgardgpu.json', 11, 1, 4] lie: 2.255
2023-09-17 13:09:17|18495|DEBUG|ytopt.search.hps.optimizer.optimizer:165] tell: {'c0': 'roibin_mgardgpu.json', 'p0': 30, 'p1': 1, 'p2': 1} --> ('roibin_mgardgpu.json', 30, 1, 1): evaluated objective: -39.8659
2023-09-17 13:09:17|18495|DEBUG|ytopt.search.hps.optimizer.optimizer:124] _ask: ['roibin_mgardgpu.json', 12, 1, 2] lie: 2.255
2023-09-17 13:09:23|18495|DEBUG|ytopt.search.hps.optimizer.optimizer:165] tell: {'c0': 'roibin_mgardgpu.json', 'p0': 2, 'p1': 3, 'p2': 1} --> ('roibin_mgardgpu.json', 2, 3, 1): evaluated objective: -33.128
2023-09-17 13:09:23|18495|DEBUG|ytopt.search.hps.optimizer.optimizer:124] _ask: ['roibin_mgardgpu.json', 9, 1, 1] lie: 2.255
2023-09-17 13:09:28|18495|DEBUG|ytopt.search.hps.optimizer.optimizer:165] tell: {'c0': 'roibin_mgardgpu.json', 'p0': 11, 'p1': 1, 'p2': 1} --> ('roibin_mgardgpu.json', 11, 1, 1): evaluated objective: -31.3612
2023-09-17 13:09:29|18495|DEBUG|ytopt.search.hps.optimizer.optimizer:124] _ask: ['roibin_mgardgpu.json', 10, 2, 1] lie: 2.255
2023-09-17 13:09:30|18495|DEBUG|ytopt.search.hps.optimizer.optimizer:165] tell: {'c0': 'roibin_mgardgpu.json', 'p0': 11, 'p1': 1, 'p2': 4} --> ('roibin_mgardgpu.json', 11, 1, 4): evaluated objective: -39.2015
2023-09-17 13:09:31|18495|DEBUG|ytopt.search.hps.optimizer.optimizer:124] _ask: ['roibin_mgardgpu.json', 11, 1, 3] lie: 2.255
2023-09-17 13:10:23|18495|DEBUG|ytopt.search.hps.optimizer.optimizer:165] tell: {'c0': 'roibin_mgardgpu.json', 'p0': 12, 'p1': 1, 'p2': 2} --> ('roibin_mgardgpu.json', 12, 1, 2): evaluated objective: -41.2647
2023-09-17 13:10:23|18495|DEBUG|ytopt.search.hps.optimizer.optimizer:124] _ask: ['roibin_mgardgpu.json', 11, 1, 2] lie: 2.255
2023-09-17 13:10:32|18495|DEBUG|ytopt.search.hps.optimizer.optimizer:165] tell: {'c0': 'roibin_mgardgpu.json', 'p0': 9, 'p1': 1, 'p2': 1} --> ('roibin_mgardgpu.json', 9, 1, 1): evaluated objective: -37.9369
2023-09-17 13:10:33|18495|DEBUG|ytopt.search.hps.optimizer.optimizer:124] _ask: ['roibin_mgardgpu.json', 6, 1, 1] lie: 2.255
2023-09-17 13:10:38|18495|DEBUG|ytopt.search.hps.optimizer.optimizer:165] tell: {'c0': 'roibin_mgardgpu.json', 'p0': 10, 'p1': 2, 'p2': 1} --> ('roibin_mgardgpu.json', 10, 2, 1): evaluated objective: -32.6679
2023-09-17 13:10:38|18495|DEBUG|ytopt.search.hps.optimizer.optimizer:124] _ask: ['roibin_mgardgpu.json', 1, 1, 1] lie: 2.255
2023-09-17 13:10:38|18495|DEBUG|ytopt.search.hps.optimizer.optimizer:165] tell: {'c0': 'roibin_mgardgpu.json', 'p0': 11, 'p1': 1, 'p2': 3} --> ('roibin_mgardgpu.json', 11, 1, 3): evaluated objective: -20.1033
2023-09-17 13:10:39|18495|DEBUG|ytopt.search.hps.optimizer.optimizer:124] _ask: ['roibin_mgardgpu.json', 10, 1, 2] lie: 2.255
2023-09-17 13:11:27|18495|DEBUG|ytopt.search.hps.optimizer.optimizer:165] tell: {'c0': 'roibin_mgardgpu.json', 'p0': 11, 'p1': 1, 'p2': 2} --> ('roibin_mgardgpu.json', 11, 1, 2): evaluated objective: -25.2913
2023-09-17 13:11:28|18495|DEBUG|ytopt.search.hps.optimizer.optimizer:124] _ask: ['roibin_mgardgpu.json', 9, 2, 1] lie: 2.255
2023-09-17 13:11:39|18495|DEBUG|ytopt.search.hps.optimizer.optimizer:165] tell: {'c0': 'roibin_mgardgpu.json', 'p0': 6, 'p1': 1, 'p2': 1} --> ('roibin_mgardgpu.json', 6, 1, 1): evaluated objective: -30.155
2023-09-17 13:11:40|18495|DEBUG|ytopt.search.hps.optimizer.optimizer:124] _ask: ['roibin_mgardgpu.json', 8, 1, 4] lie: 2.255
2023-09-17 13:11:46|18495|DEBUG|ytopt.search.hps.optimizer.optimizer:165] tell: {'c0': 'roibin_mgardgpu.json', 'p0': 10, 'p1': 1, 'p2': 2} --> ('roibin_mgardgpu.json', 10, 1, 2): evaluated objective: -29.0381
2023-09-17 13:11:46|18495|DEBUG|ytopt.search.hps.optimizer.optimizer:124] _ask: ['roibin_mgardgpu.json', 2, 4, 1] lie: 2.255
2023-09-17 13:11:46|18495|DEBUG|ytopt.search.hps.optimizer.optimizer:165] tell: {'c0': 'roibin_mgardgpu.json', 'p0': 1, 'p1': 1, 'p2': 1} --> ('roibin_mgardgpu.json', 1, 1, 1): evaluated objective: -40.5532
2023-09-17 13:11:47|18495|DEBUG|ytopt.search.hps.optimizer.optimizer:124] _ask: ['roibin_mgardgpu.json', 5, 1, 1] lie: 2.255
2023-09-17 13:12:24|18495|DEBUG|ytopt.search.hps.optimizer.optimizer:165] tell: {'c0': 'roibin_mgardgpu.json', 'p0': 9, 'p1': 2, 'p2': 1} --> ('roibin_mgardgpu.json', 9, 2, 1): evaluated objective: -31.785
2023-09-17 13:12:24|18495|DEBUG|ytopt.search.hps.optimizer.optimizer:124] _ask: ['roibin_mgardgpu.json', 2, 1, 1] lie: 2.255
2023-09-17 13:12:46|18495|DEBUG|ytopt.search.hps.optimizer.optimizer:165] tell: {'c0': 'roibin_mgardgpu.json', 'p0': 8, 'p1': 1, 'p2': 4} --> ('roibin_mgardgpu.json', 8, 1, 4): evaluated objective: -34.5895
2023-09-17 13:12:46|18495|DEBUG|ytopt.search.hps.optimizer.optimizer:124] _ask: ['roibin_mgardgpu.json', 8, 1, 1] lie: 2.255
2023-09-17 13:12:52|18495|DEBUG|ytopt.search.hps.optimizer.optimizer:165] tell: {'c0': 'roibin_mgardgpu.json', 'p0': 2, 'p1': 4, 'p2': 1} --> ('roibin_mgardgpu.json', 2, 4, 1): evaluated objective: -39.2015
2023-09-17 13:12:53|18495|DEBUG|ytopt.search.hps.optimizer.optimizer:124] _ask: ['roibin_mgardgpu.json', 3, 4, 1] lie: 2.255
2023-09-17 13:12:53|18495|DEBUG|ytopt.search.hps.optimizer.optimizer:165] tell: {'c0': 'roibin_mgardgpu.json', 'p0': 5, 'p1': 1, 'p2': 1} --> ('roibin_mgardgpu.json', 5, 1, 1): evaluated objective: -50.0444
2023-09-17 13:12:54|18495|DEBUG|ytopt.search.hps.optimizer.optimizer:124] _ask: ['roibin_mgardgpu.json', 4, 1, 1] lie: 2.255
2023-09-17 13:13:22|18495|DEBUG|ytopt.search.hps.optimizer.optimizer:165] tell: {'c0': 'roibin_mgardgpu.json', 'p0': 2, 'p1': 1, 'p2': 1} --> ('roibin_mgardgpu.json', 2, 1, 1): evaluated objective: -39.2015
2023-09-17 13:13:23|18495|DEBUG|ytopt.search.hps.optimizer.optimizer:124] _ask: ['roibin_mgardgpu.json', 2, 2, 1] lie: 2.255
2023-09-17 13:13:55|18495|DEBUG|ytopt.search.hps.optimizer.optimizer:165] tell: {'c0': 'roibin_mgardgpu.json', 'p0': 8, 'p1': 1, 'p2': 1} --> ('roibin_mgardgpu.json', 8, 1, 1): evaluated objective: -27.3498
2023-09-17 13:13:56|18495|DEBUG|ytopt.search.hps.optimizer.optimizer:124] _ask: ['roibin_mgardgpu.json', 3, 1, 1] lie: 2.255
2023-09-17 13:13:59|18495|DEBUG|ytopt.search.hps.optimizer.optimizer:165] tell: {'c0': 'roibin_mgardgpu.json', 'p0': 3, 'p1': 4, 'p2': 1} --> ('roibin_mgardgpu.json', 3, 4, 1): evaluated objective: -33.6012
2023-09-17 13:14:00|18495|DEBUG|ytopt.search.hps.optimizer.optimizer:124] _ask: ['roibin_mgardgpu.json', 7, 1, 1] lie: 2.255
2023-09-17 13:14:00|18495|DEBUG|ytopt.search.hps.optimizer.optimizer:165] tell: {'c0': 'roibin_mgardgpu.json', 'p0': 4, 'p1': 1, 'p2': 1} --> ('roibin_mgardgpu.json', 4, 1, 1): evaluated objective: -40.5532
2023-09-17 13:14:01|18495|DEBUG|ytopt.search.hps.optimizer.optimizer:124] _ask: ['roibin_mgardgpu.json', 5, 1, 2] lie: 2.255
2023-09-17 13:14:23|18495|DEBUG|ytopt.search.hps.optimizer.optimizer:165] tell: {'c0': 'roibin_mgardgpu.json', 'p0': 2, 'p1': 2, 'p2': 1} --> ('roibin_mgardgpu.json', 2, 2, 1): evaluated objective: -39.8659
2023-09-17 13:14:24|18495|DEBUG|ytopt.search.hps.optimizer.optimizer:124] _ask: ['roibin_mgardgpu.json', 4, 2, 1] lie: 2.255
2023-09-17 13:15:02|18495|DEBUG|ytopt.search.hps.optimizer.optimizer:165] tell: {'c0': 'roibin_mgardgpu.json', 'p0': 3, 'p1': 1, 'p2': 1} --> ('roibin_mgardgpu.json', 3, 1, 1): evaluated objective: -39.8659
2023-09-17 13:15:02|18495|DEBUG|ytopt.search.hps.optimizer.optimizer:124] _ask: ['roibin_mgardgpu.json', 3, 1, 2] lie: 2.255
2023-09-17 13:15:07|18495|DEBUG|ytopt.search.hps.optimizer.optimizer:165] tell: {'c0': 'roibin_mgardgpu.json', 'p0': 7, 'p1': 1, 'p2': 1} --> ('roibin_mgardgpu.json', 7, 1, 1): evaluated objective: -37.3347
2023-09-17 13:15:07|18495|DEBUG|ytopt.search.hps.optimizer.optimizer:124] _ask: ['roibin_mgardgpu.json', 3, 2, 1] lie: 2.255
2023-09-17 13:15:07|18495|DEBUG|ytopt.search.hps.optimizer.optimizer:165] tell: {'c0': 'roibin_mgardgpu.json', 'p0': 5, 'p1': 1, 'p2': 2} --> ('roibin_mgardgpu.json', 5, 1, 2): evaluated objective: -34.5895
2023-09-17 13:15:08|18495|DEBUG|ytopt.search.hps.optimizer.optimizer:124] _ask: ['roibin_mgardgpu.json', 1, 2, 1] lie: 2.255
2023-09-17 13:15:17|18495|DEBUG|ytopt.search.hps.optimizer.optimizer:165] tell: {'c0': 'roibin_mgardgpu.json', 'p0': 4, 'p1': 2, 'p2': 1} --> ('roibin_mgardgpu.json', 4, 2, 1): evaluated objective: -31.785
2023-09-17 13:15:18|18495|DEBUG|ytopt.search.hps.optimizer.optimizer:124] _ask: ['roibin_mgardgpu.json', 2, 1, 2] lie: 2.255
2023-09-17 13:16:05|18495|DEBUG|ytopt.search.hps.optimizer.optimizer:165] tell: {'c0': 'roibin_mgardgpu.json', 'p0': 3, 'p1': 1, 'p2': 2} --> ('roibin_mgardgpu.json', 3, 1, 2): evaluated objective: -29.4011
2023-09-17 13:16:06|18495|DEBUG|ytopt.search.hps.optimizer.optimizer:124] _ask: ['roibin_mgardgpu.json', 1, 3, 1] lie: 2.255
2023-09-17 13:16:16|18495|DEBUG|ytopt.search.hps.optimizer.optimizer:165] tell: {'c0': 'roibin_mgardgpu.json', 'p0': 3, 'p1': 2, 'p2': 1} --> ('roibin_mgardgpu.json', 3, 2, 1): evaluated objective: -36.7514
2023-09-17 13:16:16|18495|DEBUG|ytopt.search.hps.optimizer.optimizer:124] _ask: ['roibin_mgardgpu.json', 1, 1, 4] lie: 2.255
2023-09-17 13:16:16|18495|DEBUG|ytopt.search.hps.optimizer.optimizer:165] tell: {'c0': 'roibin_mgardgpu.json', 'p0': 1, 'p1': 2, 'p2': 1} --> ('roibin_mgardgpu.json', 1, 2, 1): evaluated objective: -35.6377
2023-09-17 13:16:17|18495|DEBUG|ytopt.search.hps.optimizer.optimizer:124] _ask: ['roibin_mgardgpu.json', 1, 4, 1] lie: 2.255
2023-09-17 13:16:24|18495|DEBUG|ytopt.search.hps.optimizer.optimizer:165] tell: {'c0': 'roibin_mgardgpu.json', 'p0': 2, 'p1': 1, 'p2': 2} --> ('roibin_mgardgpu.json', 2, 1, 2): evaluated objective: -54.6997
2023-09-17 13:16:24|18495|DEBUG|ytopt.search.hps.optimizer.optimizer:124] _ask: ['roibin_mgardgpu.json', 2, 1, 3] lie: 2.255
2023-09-17 13:17:11|18495|DEBUG|ytopt.search.hps.optimizer.optimizer:165] tell: {'c0': 'roibin_mgardgpu.json', 'p0': 1, 'p1': 3, 'p2': 1} --> ('roibin_mgardgpu.json', 1, 3, 1): evaluated objective: -36.186
2023-09-17 13:17:12|18495|DEBUG|ytopt.search.hps.optimizer.optimizer:124] _ask: ['roibin_mgardgpu.json', 1, 1, 2] lie: 2.255
2023-09-17 13:17:24|18495|DEBUG|ytopt.search.hps.optimizer.optimizer:165] tell: {'c0': 'roibin_mgardgpu.json', 'p0': 1, 'p1': 1, 'p2': 4} --> ('roibin_mgardgpu.json', 1, 1, 4): evaluated objective: -40.5532
2023-09-17 13:17:25|18495|DEBUG|ytopt.search.hps.optimizer.optimizer:124] _ask: ['roibin_mgardgpu.json', 2, 2, 2] lie: 2.255
2023-09-17 13:17:25|18495|DEBUG|ytopt.search.hps.optimizer.optimizer:165] tell: {'c0': 'roibin_mgardgpu.json', 'p0': 1, 'p1': 4, 'p2': 1} --> ('roibin_mgardgpu.json', 1, 4, 1): evaluated objective: -28.684
2023-09-17 13:17:26|18495|DEBUG|ytopt.search.hps.optimizer.optimizer:124] _ask: ['roibin_mgardgpu.json', 4, 1, 2] lie: 2.255
2023-09-17 13:17:31|18495|DEBUG|ytopt.search.hps.optimizer.optimizer:165] tell: {'c0': 'roibin_mgardgpu.json', 'p0': 2, 'p1': 1, 'p2': 3} --> ('roibin_mgardgpu.json', 2, 1, 3): evaluated objective: -34.5895
2023-09-17 13:17:32|18495|DEBUG|ytopt.search.hps.optimizer.optimizer:124] _ask: ['roibin_mgardgpu.json', 1, 1, 3] lie: 2.255
2023-09-17 13:18:13|18495|DEBUG|ytopt.search.hps.optimizer.optimizer:165] tell: {'c0': 'roibin_mgardgpu.json', 'p0': 1, 'p1': 1, 'p2': 2} --> ('roibin_mgardgpu.json', 1, 1, 2): evaluated objective: -34.5895
2023-09-17 13:18:14|18495|DEBUG|ytopt.search.hps.optimizer.optimizer:124] _ask: ['roibin_mgardgpu.json', 3, 1, 3] lie: 2.255
2023-09-17 13:18:31|18495|DEBUG|ytopt.search.hps.optimizer.optimizer:165] tell: {'c0': 'roibin_mgardgpu.json', 'p0': 2, 'p1': 2, 'p2': 2} --> ('roibin_mgardgpu.json', 2, 2, 2): evaluated objective: -33.6012
2023-09-17 13:18:32|18495|DEBUG|ytopt.search.hps.optimizer.optimizer:124] _ask: ['roibin_mgardgpu.json', 1, 2, 2] lie: 2.255
2023-09-17 13:18:32|18495|DEBUG|ytopt.search.hps.optimizer.optimizer:165] tell: {'c0': 'roibin_mgardgpu.json', 'p0': 4, 'p1': 1, 'p2': 2} --> ('roibin_mgardgpu.json', 4, 1, 2): evaluated objective: -29.7733
2023-09-17 13:18:33|18495|DEBUG|ytopt.search.hps.optimizer.optimizer:124] _ask: ['roibin_mgardgpu.json', 2, 3, 2] lie: 2.255
2023-09-17 13:18:37|18495|DEBUG|ytopt.search.hps.optimizer.optimizer:165] tell: {'c0': 'roibin_mgardgpu.json', 'p0': 1, 'p1': 1, 'p2': 3} --> ('roibin_mgardgpu.json', 1, 1, 3): evaluated objective: -60.3099
2023-09-17 13:18:38|18495|DEBUG|ytopt.search.hps.optimizer.optimizer:124] _ask: ['roibin_mgardgpu.json', 1, 2, 3] lie: 2.255
2023-09-17 13:19:09|18495|DEBUG|ytopt.search.hps.optimizer.optimizer:165] tell: {'c0': 'roibin_mgardgpu.json', 'p0': 3, 'p1': 1, 'p2': 3} --> ('roibin_mgardgpu.json', 3, 1, 3): evaluated objective: -36.7514
2023-09-17 13:19:10|18495|DEBUG|ytopt.search.hps.optimizer.optimizer:124] _ask: ['roibin_mgardgpu.json', 2, 1, 4] lie: 2.255
2023-09-17 13:19:37|18495|DEBUG|ytopt.search.hps.optimizer.optimizer:165] tell: {'c0': 'roibin_mgardgpu.json', 'p0': 1, 'p1': 2, 'p2': 2} --> ('roibin_mgardgpu.json', 1, 2, 2): evaluated objective: -34.5895
2023-09-17 13:19:38|18495|DEBUG|ytopt.search.hps.optimizer.optimizer:124] _ask: ['roibin_mgardgpu.json', 3, 1, 4] lie: 2.255
2023-09-17 13:19:39|18495|DEBUG|ytopt.search.hps.optimizer.optimizer:165] tell: {'c0': 'roibin_mgardgpu.json', 'p0': 2, 'p1': 3, 'p2': 2} --> ('roibin_mgardgpu.json', 2, 3, 2): evaluated objective: -25.8471
2023-09-17 13:19:39|18495|DEBUG|ytopt.search.hps.optimizer.optimizer:124] _ask: ['roibin_mgardgpu.json', 5, 1, 4] lie: 2.255
2023-09-17 13:19:44|18495|DEBUG|ytopt.search.hps.optimizer.optimizer:165] tell: {'c0': 'roibin_mgardgpu.json', 'p0': 1, 'p1': 2, 'p2': 3} --> ('roibin_mgardgpu.json', 1, 2, 3): evaluated objective: -21.5788
2023-09-17 13:19:45|18495|DEBUG|ytopt.search.hps.optimizer.optimizer:124] _ask: ['roibin_mgardgpu.json', 1, 2, 4] lie: 2.255
2023-09-17 13:20:09|18495|DEBUG|ytopt.search.hps.optimizer.optimizer:165] tell: {'c0': 'roibin_mgardgpu.json', 'p0': 2, 'p1': 1, 'p2': 4} --> ('roibin_mgardgpu.json', 2, 1, 4): evaluated objective: -39.2015
2023-09-17 13:20:09|18495|DEBUG|ytopt.search.hps.optimizer.optimizer:124] _ask: ['roibin_mgardgpu.json', 4, 1, 4] lie: 2.255
2023-09-17 13:20:45|18495|DEBUG|ytopt.search.hps.optimizer.optimizer:165] tell: {'c0': 'roibin_mgardgpu.json', 'p0': 3, 'p1': 1, 'p2': 4} --> ('roibin_mgardgpu.json', 3, 1, 4): evaluated objective: -34.5895
2023-09-17 13:20:46|18495|DEBUG|ytopt.search.hps.optimizer.optimizer:124] _ask: ['roibin_mgardgpu.json', 7, 1, 4] lie: 2.255
2023-09-17 13:20:47|18495|DEBUG|ytopt.search.hps.optimizer.optimizer:165] tell: {'c0': 'roibin_mgardgpu.json', 'p0': 5, 'p1': 1, 'p2': 4} --> ('roibin_mgardgpu.json', 5, 1, 4): evaluated objective: -28.001
2023-09-17 13:20:48|18495|DEBUG|ytopt.search.hps.optimizer.optimizer:124] _ask: ['roibin_mgardgpu.json', 9, 1, 4] lie: 2.255
2023-09-17 13:20:52|18495|DEBUG|ytopt.search.hps.optimizer.optimizer:165] tell: {'c0': 'roibin_mgardgpu.json', 'p0': 1, 'p1': 2, 'p2': 4} --> ('roibin_mgardgpu.json', 1, 2, 4): evaluated objective: -24.7588
2023-09-17 13:20:53|18495|DEBUG|ytopt.search.hps.optimizer.optimizer:124] _ask: ['roibin_mgardgpu.json', 10, 1, 4] lie: 2.255
2023-09-17 13:21:10|18495|DEBUG|ytopt.search.hps.optimizer.optimizer:165] tell: {'c0': 'roibin_mgardgpu.json', 'p0': 4, 'p1': 1, 'p2': 4} --> ('roibin_mgardgpu.json', 4, 1, 4): evaluated objective: -31.785
2023-09-17 13:21:11|18495|DEBUG|ytopt.search.hps.optimizer.optimizer:124] _ask: ['roibin_mgardgpu.json', 14, 1, 4] lie: 2.255
2023-09-17 13:21:53|18495|DEBUG|ytopt.search.hps.optimizer.optimizer:165] tell: {'c0': 'roibin_mgardgpu.json', 'p0': 9, 'p1': 1, 'p2': 4} --> ('roibin_mgardgpu.json', 9, 1, 4): evaluated objective: -25.2913
2023-09-17 13:21:54|18495|DEBUG|ytopt.search.hps.optimizer.optimizer:124] _ask: ['roibin_mgardgpu.json', 13, 1, 4] lie: 2.255
2023-09-17 13:21:59|18495|DEBUG|ytopt.search.hps.optimizer.optimizer:165] tell: {'c0': 'roibin_mgardgpu.json', 'p0': 10, 'p1': 1, 'p2': 4} --> ('roibin_mgardgpu.json', 10, 1, 4): evaluated objective: -35.1058
2023-09-17 13:22:00|18495|DEBUG|ytopt.search.hps.optimizer.optimizer:124] _ask: ['roibin_mgardgpu.json', 12, 3, 4] lie: 2.255
2023-09-17 13:22:10|18495|DEBUG|ytopt.search.hps.optimizer.optimizer:165] tell: {'c0': 'roibin_mgardgpu.json', 'p0': 7, 'p1': 1, 'p2': 4} --> ('roibin_mgardgpu.json', 7, 1, 4): evaluated objective: -25.5662
2023-09-17 13:22:10|18495|DEBUG|ytopt.search.hps.optimizer.optimizer:124] _ask: ['roibin_mgardgpu.json', 14, 1, 1] lie: 2.255
2023-09-17 13:22:15|18495|DEBUG|ytopt.search.hps.optimizer.optimizer:165] tell: {'c0': 'roibin_mgardgpu.json', 'p0': 14, 'p1': 1, 'p2': 4} --> ('roibin_mgardgpu.json', 14, 1, 4): evaluated objective: -29.7733
2023-09-17 13:22:16|18495|DEBUG|ytopt.search.hps.optimizer.optimizer:124] _ask: ['roibin_mgardgpu.json', 12, 3, 1] lie: 2.255
2023-09-17 13:22:55|18495|DEBUG|ytopt.search.hps.optimizer.optimizer:165] tell: {'c0': 'roibin_mgardgpu.json', 'p0': 13, 'p1': 1, 'p2': 4} --> ('roibin_mgardgpu.json', 13, 1, 4): evaluated objective: -25.5662
2023-09-17 13:22:56|18495|DEBUG|ytopt.search.hps.optimizer.optimizer:124] _ask: ['roibin_mgardgpu.json', 12, 2, 1] lie: 2.255
2023-09-17 13:23:06|18495|DEBUG|ytopt.search.hps.optimizer.optimizer:165] tell: {'c0': 'roibin_mgardgpu.json', 'p0': 12, 'p1': 3, 'p2': 4} --> ('roibin_mgardgpu.json', 12, 3, 4): evaluated objective: -19.4387
2023-09-17 13:23:06|18495|DEBUG|ytopt.search.hps.optimizer.optimizer:124] _ask: ['roibin_mgardgpu.json', 16, 1, 1] lie: 2.255
2023-09-17 13:23:15|18495|DEBUG|ytopt.search.hps.optimizer.optimizer:165] tell: {'c0': 'roibin_mgardgpu.json', 'p0': 14, 'p1': 1, 'p2': 1} --> ('roibin_mgardgpu.json', 14, 1, 1): evaluated objective: -36.7514
2023-09-17 13:23:16|18495|DEBUG|ytopt.search.hps.optimizer.optimizer:124] _ask: ['roibin_mgardgpu.json', 17, 1, 1] lie: 2.255
2023-09-17 13:23:20|18495|DEBUG|ytopt.search.hps.optimizer.optimizer:165] tell: {'c0': 'roibin_mgardgpu.json', 'p0': 12, 'p1': 3, 'p2': 1} --> ('roibin_mgardgpu.json', 12, 3, 1): evaluated objective: -31.785
2023-09-17 13:23:20|18495|DEBUG|ytopt.search.hps.optimizer.optimizer:124] _ask: ['roibin_mgardgpu.json', 15, 1, 1] lie: 2.255
2023-09-17 13:23:58|18495|DEBUG|ytopt.search.hps.optimizer.optimizer:165] tell: {'c0': 'roibin_mgardgpu.json', 'p0': 12, 'p1': 2, 'p2': 1} --> ('roibin_mgardgpu.json', 12, 2, 1): evaluated objective: -35.1058
2023-09-17 13:23:59|18495|DEBUG|ytopt.search.hps.optimizer.optimizer:124] _ask: ['roibin_mgardgpu.json', 29, 1, 1] lie: 2.255
2023-09-17 13:24:13|18495|DEBUG|ytopt.search.hps.optimizer.optimizer:165] tell: {'c0': 'roibin_mgardgpu.json', 'p0': 16, 'p1': 1, 'p2': 1} --> ('roibin_mgardgpu.json', 16, 1, 1): evaluated objective: -42.0016
2023-09-17 13:24:14|18495|DEBUG|ytopt.search.hps.optimizer.optimizer:124] _ask: ['roibin_mgardgpu.json', 15, 2, 1] lie: 2.255
2023-09-17 13:24:22|18495|DEBUG|ytopt.search.hps.optimizer.optimizer:165] tell: {'c0': 'roibin_mgardgpu.json', 'p0': 17, 'p1': 1, 'p2': 1} --> ('roibin_mgardgpu.json', 17, 1, 1): evaluated objective: -35.6377
2023-09-17 13:24:22|18495|DEBUG|ytopt.search.hps.optimizer.optimizer:124] _ask: ['roibin_mgardgpu.json', 19, 1, 1] lie: 2.255
2023-09-17 13:24:27|18495|DEBUG|ytopt.search.hps.optimizer.optimizer:165] tell: {'c0': 'roibin_mgardgpu.json', 'p0': 15, 'p1': 1, 'p2': 1} --> ('roibin_mgardgpu.json', 15, 1, 1): evaluated objective: -26.4279
2023-09-17 13:24:27|18495|DEBUG|ytopt.search.hps.optimizer.optimizer:124] _ask: ['roibin_mgardgpu.json', 18, 1, 1] lie: 2.255
2023-09-17 13:25:01|18495|DEBUG|ytopt.search.hps.optimizer.optimizer:165] tell: {'c0': 'roibin_mgardgpu.json', 'p0': 29, 'p1': 1, 'p2': 1} --> ('roibin_mgardgpu.json', 29, 1, 1): evaluated objective: -24.7588
2023-09-17 13:25:01|18495|DEBUG|ytopt.search.hps.optimizer.optimizer:124] _ask: ['roibin_mgardgpu.json', 17, 1, 2] lie: 2.255
2023-09-17 13:25:18|18495|DEBUG|ytopt.search.hps.optimizer.optimizer:165] tell: {'c0': 'roibin_mgardgpu.json', 'p0': 15, 'p1': 2, 'p2': 1} --> ('roibin_mgardgpu.json', 15, 2, 1): evaluated objective: -33.6012
2023-09-17 13:25:19|18495|DEBUG|ytopt.search.hps.optimizer.optimizer:124] _ask: ['roibin_mgardgpu.json', 17, 2, 1] lie: 2.255
2023-09-17 13:25:28|18495|DEBUG|ytopt.search.hps.optimizer.optimizer:165] tell: {'c0': 'roibin_mgardgpu.json', 'p0': 19, 'p1': 1, 'p2': 1} --> ('roibin_mgardgpu.json', 19, 1, 1): evaluated objective: -31.785
2023-09-17 13:25:28|18495|DEBUG|ytopt.search.hps.optimizer.optimizer:124] _ask: ['roibin_mgardgpu.json', 12, 3, 2] lie: 2.255
2023-09-17 13:25:34|18495|DEBUG|ytopt.search.hps.optimizer.optimizer:165] tell: {'c0': 'roibin_mgardgpu.json', 'p0': 18, 'p1': 1, 'p2': 1} --> ('roibin_mgardgpu.json', 18, 1, 1): evaluated objective: -35.6377
2023-09-17 13:25:34|18495|DEBUG|ytopt.search.hps.optimizer.optimizer:124] _ask: ['roibin_mgardgpu.json', 17, 3, 1] lie: 2.255
2023-09-17 13:26:02|18495|DEBUG|ytopt.search.hps.optimizer.optimizer:165] tell: {'c0': 'roibin_mgardgpu.json', 'p0': 17, 'p1': 1, 'p2': 2} --> ('roibin_mgardgpu.json', 17, 1, 2): evaluated objective: -28.684
2023-09-17 13:26:03|18495|DEBUG|ytopt.search.hps.optimizer.optimizer:124] _ask: ['roibin_mgardgpu.json', 6, 3, 1] lie: 2.255
2023-09-17 13:26:22|18495|DEBUG|ytopt.search.hps.optimizer.optimizer:165] tell: {'c0': 'roibin_mgardgpu.json', 'p0': 17, 'p1': 2, 'p2': 1} --> ('roibin_mgardgpu.json', 17, 2, 1): evaluated objective: -33.6012
2023-09-17 13:26:23|18495|DEBUG|ytopt.search.hps.optimizer.optimizer:124] _ask: ['roibin_mgardgpu.json', 5, 4, 1] lie: 2.255
2023-09-17 13:26:35|18495|DEBUG|ytopt.search.hps.optimizer.optimizer:165] tell: {'c0': 'roibin_mgardgpu.json', 'p0': 12, 'p1': 3, 'p2': 2} --> ('roibin_mgardgpu.json', 12, 3, 2): evaluated objective: -21.9821
2023-09-17 13:26:35|18495|DEBUG|ytopt.search.hps.optimizer.optimizer:124] _ask: ['roibin_mgardgpu.json', 4, 4, 1] lie: 2.255
2023-09-17 13:26:39|18495|DEBUG|ytopt.search.hps.optimizer.optimizer:165] tell: {'c0': 'roibin_mgardgpu.json', 'p0': 17, 'p1': 3, 'p2': 1} --> ('roibin_mgardgpu.json', 17, 3, 1): evaluated objective: -34.0882
2023-09-17 13:26:39|18495|DEBUG|ytopt.search.hps.optimizer.optimizer:124] _ask: ['roibin_mgardgpu.json', 3, 3, 1] lie: 2.255
2023-09-17 13:27:03|18495|DEBUG|ytopt.search.hps.optimizer.optimizer:165] tell: {'c0': 'roibin_mgardgpu.json', 'p0': 6, 'p1': 3, 'p2': 1} --> ('roibin_mgardgpu.json', 6, 3, 1): evaluated objective: -35.6377
2023-09-17 13:27:03|18495|DEBUG|ytopt.search.hps.optimizer.optimizer:124] _ask: ['roibin_mgardgpu.json', 3, 4, 2] lie: 2.255
2023-09-17 13:27:25|18495|DEBUG|ytopt.search.hps.optimizer.optimizer:165] tell: {'c0': 'roibin_mgardgpu.json', 'p0': 5, 'p1': 4, 'p2': 1} --> ('roibin_mgardgpu.json', 5, 4, 1): evaluated objective: -35.1058
2023-09-17 13:27:26|18495|DEBUG|ytopt.search.hps.optimizer.optimizer:124] _ask: ['roibin_mgardgpu.json', 5, 3, 1] lie: 2.255
2023-09-17 13:27:41|18495|DEBUG|ytopt.search.hps.optimizer.optimizer:165] tell: {'c0': 'roibin_mgardgpu.json', 'p0': 4, 'p1': 4, 'p2': 1} --> ('roibin_mgardgpu.json', 4, 4, 1): evaluated objective: -33.6012
2023-09-17 13:27:42|18495|DEBUG|ytopt.search.hps.optimizer.optimizer:124] _ask: ['roibin_mgardgpu.json', 7, 4, 1] lie: 2.255
2023-09-17 13:27:45|18495|DEBUG|ytopt.search.hps.optimizer.optimizer:165] tell: {'c0': 'roibin_mgardgpu.json', 'p0': 3, 'p1': 3, 'p2': 1} --> ('roibin_mgardgpu.json', 3, 3, 1): evaluated objective: -25.2913
2023-09-17 13:27:45|18495|DEBUG|ytopt.search.hps.optimizer.optimizer:124] _ask: ['roibin_mgardgpu.json', 6, 4, 1] lie: 2.255
2023-09-17 13:28:03|18495|DEBUG|ytopt.search.hps.optimizer.optimizer:165] tell: {'c0': 'roibin_mgardgpu.json', 'p0': 3, 'p1': 4, 'p2': 2} --> ('roibin_mgardgpu.json', 3, 4, 2): evaluated objective: -29.4011
2023-09-17 13:28:04|18495|DEBUG|ytopt.search.hps.optimizer.optimizer:124] _ask: ['roibin_mgardgpu.json', 5, 4, 2] lie: 2.255
2023-09-17 13:28:27|18495|DEBUG|ytopt.search.hps.optimizer.optimizer:165] tell: {'c0': 'roibin_mgardgpu.json', 'p0': 5, 'p1': 3, 'p2': 1} --> ('roibin_mgardgpu.json', 5, 3, 1): evaluated objective: -35.1058
2023-09-17 13:28:28|18495|DEBUG|ytopt.search.hps.optimizer.optimizer:124] _ask: ['roibin_mgardgpu.json', 5, 4, 3] lie: 2.255
2023-09-17 13:28:46|18495|DEBUG|ytopt.search.hps.optimizer.optimizer:165] tell: {'c0': 'roibin_mgardgpu.json', 'p0': 7, 'p1': 4, 'p2': 1} --> ('roibin_mgardgpu.json', 7, 4, 1): evaluated objective: -35.1058
2023-09-17 13:28:47|18495|DEBUG|ytopt.search.hps.optimizer.optimizer:124] _ask: ['roibin_mgardgpu.json', 7, 3, 1] lie: 2.255
2023-09-17 13:28:47|18495|DEBUG|ytopt.search.hps.optimizer.optimizer:165] tell: {'c0': 'roibin_mgardgpu.json', 'p0': 6, 'p1': 4, 'p2': 1} --> ('roibin_mgardgpu.json', 6, 4, 1): evaluated objective: -35.6377
2023-09-17 13:28:47|18495|DEBUG|ytopt.search.hps.optimizer.optimizer:124] _ask: ['roibin_mgardgpu.json', 8, 4, 1] lie: 2.255
2023-09-17 13:29:03|18495|DEBUG|ytopt.search.hps.optimizer.optimizer:165] tell: {'c0': 'roibin_mgardgpu.json', 'p0': 5, 'p1': 4, 'p2': 2} --> ('roibin_mgardgpu.json', 5, 4, 2): evaluated objective: -27.0355
2023-09-17 13:29:04|18495|DEBUG|ytopt.search.hps.optimizer.optimizer:124] _ask: ['roibin_mgardgpu.json', 7, 2, 1] lie: 2.255
2023-09-17 13:29:25|18495|DEBUG|ytopt.search.hps.optimizer.optimizer:165] tell: {'c0': 'roibin_mgardgpu.json', 'p0': 5, 'p1': 4, 'p2': 3} --> ('roibin_mgardgpu.json', 5, 4, 3): evaluated objective: -23.7585
2023-09-17 13:29:26|18495|DEBUG|ytopt.search.hps.optimizer.optimizer:124] _ask: ['roibin_mgardgpu.json', 10, 3, 1] lie: 2.255
2023-09-17 13:29:51|18495|DEBUG|ytopt.search.hps.optimizer.optimizer:165] tell: {'c0': 'roibin_mgardgpu.json', 'p0': 7, 'p1': 3, 'p2': 1} --> ('roibin_mgardgpu.json', 7, 3, 1): evaluated objective: -34.0882
2023-09-17 13:29:52|18495|DEBUG|ytopt.search.hps.optimizer.optimizer:124] _ask: ['roibin_mgardgpu.json', 11, 2, 1] lie: 2.255
2023-09-17 13:29:53|18495|DEBUG|ytopt.search.hps.optimizer.optimizer:165] tell: {'c0': 'roibin_mgardgpu.json', 'p0': 8, 'p1': 4, 'p2': 1} --> ('roibin_mgardgpu.json', 8, 4, 1): evaluated objective: -35.1058
2023-09-17 13:29:53|18495|DEBUG|ytopt.search.hps.optimizer.optimizer:124] _ask: ['roibin_mgardgpu.json', 10, 4, 1] lie: 2.255
2023-09-17 13:30:07|18495|DEBUG|ytopt.search.hps.optimizer.optimizer:165] tell: {'c0': 'roibin_mgardgpu.json', 'p0': 7, 'p1': 2, 'p2': 1} --> ('roibin_mgardgpu.json', 7, 2, 1): evaluated objective: -30.155
2023-09-17 13:30:08|18495|DEBUG|ytopt.search.hps.optimizer.optimizer:124] _ask: ['roibin_mgardgpu.json', 9, 4, 1] lie: 2.255
2023-09-17 13:30:27|18495|DEBUG|ytopt.search.hps.optimizer.optimizer:165] tell: {'c0': 'roibin_mgardgpu.json', 'p0': 10, 'p1': 3, 'p2': 1} --> ('roibin_mgardgpu.json', 10, 3, 1): evaluated objective: -28.684
2023-09-17 13:30:27|18495|DEBUG|ytopt.search.hps.optimizer.optimizer:124] _ask: ['roibin_mgardgpu.json', 8, 2, 1] lie: 2.255
2023-09-17 13:30:58|18495|DEBUG|ytopt.search.hps.optimizer.optimizer:165] tell: {'c0': 'roibin_mgardgpu.json', 'p0': 11, 'p1': 2, 'p2': 1} --> ('roibin_mgardgpu.json', 11, 2, 1): evaluated objective: -35.6377
2023-09-17 13:30:59|18495|DEBUG|ytopt.search.hps.optimizer.optimizer:124] _ask: ['roibin_mgardgpu.json', 8, 4, 3] lie: 2.255
2023-09-17 13:30:59|18495|DEBUG|ytopt.search.hps.optimizer.optimizer:165] tell: {'c0': 'roibin_mgardgpu.json', 'p0': 10, 'p1': 4, 'p2': 1} --> ('roibin_mgardgpu.json', 10, 4, 1): evaluated objective: -39.2015
2023-09-17 13:31:00|18495|DEBUG|ytopt.search.hps.optimizer.optimizer:124] _ask: ['roibin_mgardgpu.json', 11, 4, 1] lie: 2.255
2023-09-17 13:31:09|18495|DEBUG|ytopt.search.hps.optimizer.optimizer:165] tell: {'c0': 'roibin_mgardgpu.json', 'p0': 9, 'p1': 4, 'p2': 1} --> ('roibin_mgardgpu.json', 9, 4, 1): evaluated objective: -34.0882
2023-09-17 13:31:10|18495|DEBUG|ytopt.search.hps.optimizer.optimizer:124] _ask: ['roibin_mgardgpu.json', 9, 4, 2] lie: 2.255
2023-09-17 13:31:28|18495|DEBUG|ytopt.search.hps.optimizer.optimizer:165] tell: {'c0': 'roibin_mgardgpu.json', 'p0': 8, 'p1': 2, 'p2': 1} --> ('roibin_mgardgpu.json', 8, 2, 1): evaluated objective: -29.7733
2023-09-17 13:31:29|18495|DEBUG|ytopt.search.hps.optimizer.optimizer:124] _ask: ['roibin_mgardgpu.json', 15, 4, 1] lie: 2.255
2023-09-17 13:32:03|18495|DEBUG|ytopt.search.hps.optimizer.optimizer:165] tell: {'c0': 'roibin_mgardgpu.json', 'p0': 8, 'p1': 4, 'p2': 3} --> ('roibin_mgardgpu.json', 8, 4, 3): evaluated objective: -25.0222
2023-09-17 13:32:04|18495|DEBUG|ytopt.search.hps.optimizer.optimizer:124] _ask: ['roibin_mgardgpu.json', 17, 4, 1] lie: 2.255
2023-09-17 13:32:07|18495|DEBUG|ytopt.search.hps.optimizer.optimizer:165] tell: {'c0': 'roibin_mgardgpu.json', 'p0': 11, 'p1': 4, 'p2': 1} --> ('roibin_mgardgpu.json', 11, 4, 1): evaluated objective: -34.5895
2023-09-17 13:32:07|18495|DEBUG|ytopt.search.hps.optimizer.optimizer:124] _ask: ['roibin_mgardgpu.json', 16, 3, 1] lie: 2.255
2023-09-17 13:32:14|18495|DEBUG|ytopt.search.hps.optimizer.optimizer:165] tell: {'c0': 'roibin_mgardgpu.json', 'p0': 9, 'p1': 4, 'p2': 2} --> ('roibin_mgardgpu.json', 9, 4, 2): evaluated objective: -24.2483
2023-09-17 13:32:15|18495|DEBUG|ytopt.search.hps.optimizer.optimizer:124] _ask: ['roibin_mgardgpu.json', 14, 3, 1] lie: 2.255
2023-09-17 13:32:30|18495|DEBUG|ytopt.search.hps.optimizer.optimizer:165] tell: {'c0': 'roibin_mgardgpu.json', 'p0': 15, 'p1': 4, 'p2': 1} --> ('roibin_mgardgpu.json', 15, 4, 1): evaluated objective: -32.2204
2023-09-17 13:32:31|18495|DEBUG|ytopt.search.hps.optimizer.optimizer:124] _ask: ['roibin_mgardgpu.json', 13, 4, 1] lie: 2.255
2023-09-17 13:33:08|18495|DEBUG|ytopt.search.hps.optimizer.optimizer:165] tell: {'c0': 'roibin_mgardgpu.json', 'p0': 17, 'p1': 4, 'p2': 1} --> ('roibin_mgardgpu.json', 17, 4, 1): evaluated objective: -33.128
2023-09-17 13:33:09|18495|DEBUG|ytopt.search.hps.optimizer.optimizer:124] _ask: ['roibin_mgardgpu.json', 16, 4, 1] lie: 2.255
2023-09-17 13:33:14|18495|DEBUG|ytopt.search.hps.optimizer.optimizer:165] tell: {'c0': 'roibin_mgardgpu.json', 'p0': 16, 'p1': 3, 'p2': 1} --> ('roibin_mgardgpu.json', 16, 3, 1): evaluated objective: -33.6012
2023-09-17 13:33:14|18495|DEBUG|ytopt.search.hps.optimizer.optimizer:124] _ask: ['roibin_mgardgpu.json', 15, 3, 1] lie: 2.255
2023-09-17 13:33:21|18495|DEBUG|ytopt.search.hps.optimizer.optimizer:165] tell: {'c0': 'roibin_mgardgpu.json', 'p0': 14, 'p1': 3, 'p2': 1} --> ('roibin_mgardgpu.json', 14, 3, 1): evaluated objective: -37.3347
2023-09-17 13:33:21|18495|DEBUG|ytopt.search.hps.optimizer.optimizer:124] _ask: ['roibin_mgardgpu.json', 13, 3, 1] lie: 2.255
2023-09-17 13:33:36|18495|DEBUG|ytopt.search.hps.optimizer.optimizer:165] tell: {'c0': 'roibin_mgardgpu.json', 'p0': 13, 'p1': 4, 'p2': 1} --> ('roibin_mgardgpu.json', 13, 4, 1): evaluated objective: -36.7514
2023-09-17 13:33:37|18495|DEBUG|ytopt.search.hps.optimizer.optimizer:124] _ask: ['roibin_mgardgpu.json', 14, 4, 1] lie: 2.255
2023-09-17 13:34:15|18495|DEBUG|ytopt.search.hps.optimizer.optimizer:165] tell: {'c0': 'roibin_mgardgpu.json', 'p0': 16, 'p1': 4, 'p2': 1} --> ('roibin_mgardgpu.json', 16, 4, 1): evaluated objective: -34.5895
2023-09-17 13:34:15|18495|DEBUG|ytopt.search.hps.optimizer.optimizer:124] _ask: ['roibin_mgardgpu.json', 13, 2, 1] lie: 2.255
2023-09-17 13:34:24|18495|DEBUG|ytopt.search.hps.optimizer.optimizer:165] tell: {'c0': 'roibin_mgardgpu.json', 'p0': 15, 'p1': 3, 'p2': 1} --> ('roibin_mgardgpu.json', 15, 3, 1): evaluated objective: -33.128
2023-09-17 13:34:24|18495|DEBUG|ytopt.search.hps.optimizer.optimizer:124] _ask: ['roibin_mgardgpu.json', 14, 2, 1] lie: 2.255
2023-09-17 13:34:27|18495|DEBUG|ytopt.search.hps.optimizer.optimizer:165] tell: {'c0': 'roibin_mgardgpu.json', 'p0': 13, 'p1': 3, 'p2': 1} --> ('roibin_mgardgpu.json', 13, 3, 1): evaluated objective: -33.128
2023-09-17 13:34:28|18495|DEBUG|ytopt.search.hps.optimizer.optimizer:124] _ask: ['roibin_mgardgpu.json', 30, 2, 1] lie: 2.255
2023-09-17 13:34:40|18495|DEBUG|ytopt.search.hps.optimizer.optimizer:165] tell: {'c0': 'roibin_mgardgpu.json', 'p0': 14, 'p1': 4, 'p2': 1} --> ('roibin_mgardgpu.json', 14, 4, 1): evaluated objective: -32.2204
2023-09-17 13:34:40|18495|DEBUG|ytopt.search.hps.optimizer.optimizer:124] _ask: ['roibin_mgardgpu.json', 16, 2, 1] lie: 2.255
2023-09-17 13:35:19|18495|DEBUG|ytopt.search.hps.optimizer.optimizer:165] tell: {'c0': 'roibin_mgardgpu.json', 'p0': 13, 'p1': 2, 'p2': 1} --> ('roibin_mgardgpu.json', 13, 2, 1): evaluated objective: -27.0355
2023-09-17 13:35:20|18495|DEBUG|ytopt.search.hps.optimizer.optimizer:124] _ask: ['roibin_mgardgpu.json', 20, 2, 1] lie: 2.255
2023-09-17 13:35:30|18495|DEBUG|ytopt.search.hps.optimizer.optimizer:165] tell: {'c0': 'roibin_mgardgpu.json', 'p0': 14, 'p1': 2, 'p2': 1} --> ('roibin_mgardgpu.json', 14, 2, 1): evaluated objective: -25.8471
2023-09-17 13:35:31|18495|DEBUG|ytopt.search.hps.optimizer.optimizer:124] _ask: ['roibin_mgardgpu.json', 27, 1, 1] lie: 2.255
2023-09-17 13:35:34|18495|DEBUG|ytopt.search.hps.optimizer.optimizer:165] tell: {'c0': 'roibin_mgardgpu.json', 'p0': 30, 'p1': 2, 'p2': 1} --> ('roibin_mgardgpu.json', 30, 2, 1): evaluated objective: -35.1058
2023-09-17 13:35:34|18495|DEBUG|ytopt.search.hps.optimizer.optimizer:124] _ask: ['roibin_mgardgpu.json', 20, 1, 1] lie: 2.255
2023-09-17 13:35:43|18495|DEBUG|ytopt.search.hps.optimizer.optimizer:165] tell: {'c0': 'roibin_mgardgpu.json', 'p0': 16, 'p1': 2, 'p2': 1} --> ('roibin_mgardgpu.json', 16, 2, 1): evaluated objective: -29.0381
2023-09-17 13:35:43|18495|DEBUG|ytopt.search.hps.optimizer.optimizer:124] _ask: ['roibin_mgardgpu.json', 58, 1, 1] lie: 2.255
2023-09-17 13:36:23|18495|DEBUG|ytopt.search.hps.optimizer.optimizer:165] tell: {'c0': 'roibin_mgardgpu.json', 'p0': 20, 'p1': 2, 'p2': 1} --> ('roibin_mgardgpu.json', 20, 2, 1): evaluated objective: -33.128
2023-09-17 13:36:24|18495|DEBUG|ytopt.search.hps.optimizer.optimizer:124] _ask: ['roibin_mgardgpu.json', 51, 1, 1] lie: 2.255
2023-09-17 13:36:43|18495|DEBUG|ytopt.search.hps.optimizer.optimizer:165] tell: {'c0': 'roibin_mgardgpu.json', 'p0': 27, 'p1': 1, 'p2': 1} --> ('roibin_mgardgpu.json', 27, 1, 1): evaluated objective: -19.2794
2023-09-17 13:36:44|18495|DEBUG|ytopt.search.hps.optimizer.optimizer:124] _ask: ['roibin_mgardgpu.json', 49, 1, 1] lie: 2.255
2023-09-17 13:36:46|18495|DEBUG|ytopt.search.hps.optimizer.optimizer:165] tell: {'c0': 'roibin_mgardgpu.json', 'p0': 58, 'p1': 1, 'p2': 1} --> ('roibin_mgardgpu.json', 58, 1, 1): evaluated objective: -44.379
2023-09-17 13:36:47|18495|DEBUG|ytopt.search.hps.optimizer.optimizer:124] _ask: ['roibin_mgardgpu.json', 60, 1, 1] lie: 2.255
2023-09-17 13:37:04|18495|DEBUG|ytopt.search.hps.optimizer.optimizer:165] tell: {'c0': 'roibin_mgardgpu.json', 'p0': 51, 'p1': 1, 'p2': 1} --> ('roibin_mgardgpu.json', 51, 1, 1): evaluated objective: -52.2686
2023-09-17 13:37:05|18495|DEBUG|ytopt.search.hps.optimizer.optimizer:124] _ask: ['roibin_mgardgpu.json', 52, 1, 1] lie: 2.255
2023-09-17 13:37:14|18495|DEBUG|ytopt.search.hps.optimizer.optimizer:165] tell: {'c0': 'roibin_mgardgpu.json', 'p0': 20, 'p1': 1, 'p2': 1} --> ('roibin_mgardgpu.json', 20, 1, 1): evaluated objective: 2.255
2023-09-17 13:37:15|18495|DEBUG|ytopt.search.hps.optimizer.optimizer:124] _ask: ['roibin_mgardgpu.json', 51, 2, 1] lie: 2.255
2023-09-17 13:37:21|18495|DEBUG|ytopt.search.hps.optimizer.optimizer:165] tell: {'c0': 'roibin_mgardgpu.json', 'p0': 49, 'p1': 1, 'p2': 1} --> ('roibin_mgardgpu.json', 49, 1, 1): evaluated objective: -41.2647
2023-09-17 13:37:22|18495|DEBUG|ytopt.search.hps.optimizer.optimizer:124] _ask: ['roibin_mgardgpu.json', 54, 1, 1] lie: 2.255
2023-09-17 13:37:26|18495|DEBUG|ytopt.search.hps.optimizer.optimizer:165] tell: {'c0': 'roibin_mgardgpu.json', 'p0': 60, 'p1': 1, 'p2': 1} --> ('roibin_mgardgpu.json', 60, 1, 1): evaluated objective: -35.1058
2023-09-17 13:37:27|18495|DEBUG|ytopt.search.hps.optimizer.optimizer:124] _ask: ['roibin_mgardgpu.json', 57, 1, 1] lie: 2.255
2023-09-17 13:38:08|18495|DEBUG|ytopt.search.hps.optimizer.optimizer:165] tell: {'c0': 'roibin_mgardgpu.json', 'p0': 52, 'p1': 1, 'p2': 1} --> ('roibin_mgardgpu.json', 52, 1, 1): evaluated objective: -37.3347
2023-09-17 13:38:08|18495|DEBUG|ytopt.search.hps.optimizer.optimizer:124] _ask: ['roibin_mgardgpu.json', 53, 1, 1] lie: 2.255
2023-09-17 13:38:20|18495|DEBUG|ytopt.search.hps.optimizer.optimizer:165] tell: {'c0': 'roibin_mgardgpu.json', 'p0': 51, 'p1': 2, 'p2': 1} --> ('roibin_mgardgpu.json', 51, 2, 1): evaluated objective: -30.9485
2023-09-17 13:38:21|18495|DEBUG|ytopt.search.hps.optimizer.optimizer:124] _ask: ['roibin_mgardgpu.json', 58, 2, 1] lie: 2.255
2023-09-17 13:38:28|18495|DEBUG|ytopt.search.hps.optimizer.optimizer:165] tell: {'c0': 'roibin_mgardgpu.json', 'p0': 54, 'p1': 1, 'p2': 1} --> ('roibin_mgardgpu.json', 54, 1, 1): evaluated objective: -39.8659
2023-09-17 13:38:28|18495|DEBUG|ytopt.search.hps.optimizer.optimizer:124] _ask: ['roibin_mgardgpu.json', 55, 1, 1] lie: 2.255
