time=1.06367 0/2 /pressio/roibin/background/pressio/qoz:metrics:copy_compressor_results <int32> = 1
/pressio/roibin/background/pressio/qoz:metrics:errors_fatal <int32> = 1
/pressio/roibin/background/pressio/qoz:pressio:abs <double> = 90
/pressio/roibin/background/pressio/qoz:pressio:metric <char*> = "noop"
/pressio/roibin/background/pressio/qoz:pressio:rel <double> = <empty>
/pressio/roibin/background/pressio/qoz:qoz:abs_error_bound <double> = 90
/pressio/roibin/background/pressio/qoz:qoz:algorithm <uint8> = 1
/pressio/roibin/background/pressio/qoz:qoz:algorithm_str <char*> = <empty>
/pressio/roibin/background/pressio/qoz:qoz:encoder <uint8> = 1
/pressio/roibin/background/pressio/qoz:qoz:error_bound_mode <uint8> = 0
/pressio/roibin/background/pressio/qoz:qoz:error_bound_mode_str <char*> = <empty>
/pressio/roibin/background/pressio/qoz:qoz:interp_algo <uint8> = 1
/pressio/roibin/background/pressio/qoz:qoz:interp_block_size <int32> = 32
/pressio/roibin/background/pressio/qoz:qoz:interp_direction <uint8> = 0
/pressio/roibin/background/pressio/qoz:qoz:intrep_algo_str <char*> = <empty>
/pressio/roibin/background/pressio/qoz:qoz:l2_norm_error_bound <double> = 0
/pressio/roibin/background/pressio/qoz:qoz:lorenzo <bool> = true
/pressio/roibin/background/pressio/qoz:qoz:lorenzo2 <bool> = false
/pressio/roibin/background/pressio/qoz:qoz:lossless <uint8> = 1
/pressio/roibin/background/pressio/qoz:qoz:maxstep <uint64> = 8
/pressio/roibin/background/pressio/qoz:qoz:metric <char*> = "noop"
/pressio/roibin/background/pressio/qoz:qoz:openmp <bool> = false
/pressio/roibin/background/pressio/qoz:qoz:pred_dim <int32> = 0
/pressio/roibin/background/pressio/qoz:qoz:psnr_error_bound <double> = 0
/pressio/roibin/background/pressio/qoz:qoz:quant_bin_size <int32> = 65536
/pressio/roibin/background/pressio/qoz:qoz:regression <bool> = true
/pressio/roibin/background/pressio/qoz:qoz:regression2 <bool> = false
/pressio/roibin/background/pressio/qoz:qoz:rel_error_bound <double> = -1
/pressio/roibin/background/pressio/qoz:qoz:stride <int32> = 6
/pressio/roibin/background/pressio/qoz:qoz:test_lorenzo <int32> = 0
/pressio/roibin/background/pressio/qoz:qoz:turning_target <uint8> = 0
/pressio/roibin/background/pressio/qoz:qoz:turning_target_str <char*> = <empty>
/pressio/roibin/background/pressio/qoz:qoz:use_qoz <bool> = true
/pressio/roibin/background/pressio:metrics:copy_compressor_results <int32> = 1
/pressio/roibin/background/pressio:metrics:errors_fatal <int32> = 1
/pressio/roibin/background/pressio:pressio:abs <double> = 90
/pressio/roibin/background/pressio:pressio:bound_name <char*> = <empty>
/pressio/roibin/background/pressio:pressio:compressor <char*> = "qoz"
/pressio/roibin/background/pressio:pressio:metric <char*> = "noop"
/pressio/roibin/background/pressio:pressio:rel <double> = <empty>
/pressio/roibin/background/pressio:pressio:reset_mode <bool> = <empty>
/pressio/roibin/background:binning:compressor <char*> = "pressio"
/pressio/roibin/background:binning:metric <char*> = "noop"
/pressio/roibin/background:binning:nthreads <uint32> = 4
/pressio/roibin/background:binning:shape <data> = data{ type=double dims={3, } has_data=[2, 2, 1, ]}
/pressio/roibin/background:metrics:copy_compressor_results <int32> = 1
/pressio/roibin/background:metrics:errors_fatal <int32> = 1
/pressio/roibin/background:pressio:metric <char*> = "noop"
/pressio/roibin/background:pressio:nthreads <uint32> = 4
/pressio/roibin/roi:fpzip:has_header <int32> = 0
/pressio/roibin/roi:fpzip:metric <char*> = "noop"
/pressio/roibin/roi:fpzip:prec <int32> = 0
/pressio/roibin/roi:metrics:copy_compressor_results <int32> = 1
/pressio/roibin/roi:metrics:errors_fatal <int32> = 1
/pressio/roibin/roi:pressio:metric <char*> = "noop"
/pressio/roibin:metrics:copy_compressor_results <int32> = 1
/pressio/roibin:metrics:errors_fatal <int32> = 1
/pressio/roibin:pressio:metric <char*> = "noop"
/pressio/roibin:pressio:nthreads <uint32> = 1
/pressio/roibin:roibin:background <char*> = "binning"
/pressio/roibin:roibin:centers <data> = data{ type=uint64_t dims={} has_data=false}
/pressio/roibin:roibin:metric <char*> = "noop"
/pressio/roibin:roibin:nthreads <uint32> = 1
/pressio/roibin:roibin:roi <char*> = "fpzip"
/pressio/roibin:roibin:roi_size <data> = data{ type=double dims={3, } has_data=[8, 8, 0, ]}
/pressio/roibin:roibin:roi_strategy <char*> = "coordinates"
/pressio:metrics:copy_compressor_results <int32> = 1
/pressio:metrics:errors_fatal <int32> = 1
/pressio:pressio:bound_name <char*> = <empty>
/pressio:pressio:compressor <char*> = "roibin"
/pressio:pressio:metric <char*> = "noop"
/pressio:pressio:reset_mode <bool> = <empty>

time=1.06375 0/2 global data_dims{130, 1480, 1552}
time=1.06375 0/2 global peakx_dims{130, 2048}
time=1.06376 0/2 global peaky_dims{130, 2048}
time=1.06376 0/2 global npeaks{130}
time=1.06376 0/2 processing 0 2
time=4.41676 0/2 processing 2 4
time=9.96655 0/2 processing 4 6
time=14.0484 0/2 processing 6 8
time=17.231 0/2 processing 8 10
time=20.889 0/2 processing 10 12
time=24.2234 0/2 processing 12 14
time=29.227 0/2 processing 14 16
time=33.3094 0/2 processing 16 18
time=37.2794 0/2 processing 18 20
time=40.7578 0/2 processing 20 22
time=45.003 0/2 processing 22 24
time=48.4672 0/2 processing 24 26
time=52.4088 0/2 processing 26 28
time=56.8736 0/2 processing 28 30
time=61.1948 0/2 processing 30 32
time=65.7671 0/2 processing 32 34
time=70.3034 0/2 processing 34 36
time=74.2626 0/2 processing 36 38
time=77.9349 0/2 processing 38 40
time=81.2227 0/2 processing 40 42
time=84.8714 0/2 processing 42 44
time=88.9627 0/2 processing 44 46
time=92.4675 0/2 processing 46 48
time=97.0412 0/2 processing 48 50
time=102.187 0/2 processing 50 52
time=105.982 0/2 processing 52 54
time=109.899 0/2 processing 54 56
time=113.687 0/2 processing 56 58
time=118.314 0/2 processing 58 60
time=121.93 0/2 processing 60 62
time=125.817 0/2 processing 62 64
time=130.015 0/2 processing 64 66
time=134.59 0/2 processing 66 68
time=138.931 0/2 processing 68 70
time=143.396 0/2 processing 70 72
time=147.129 0/2 processing 72 74
time=151.764 0/2 processing 74 76
time=155.995 0/2 processing 76 78
time=160.478 0/2 processing 78 80
time=165.333 0/2 processing 80 82
time=169.795 0/2 processing 82 84
time=174.01 0/2 processing 84 86
time=178.567 0/2 processing 86 88
time=182.447 0/2 processing 88 90
time=186.596 0/2 processing 90 92
time=190.484 0/2 processing 92 94
time=194.971 0/2 processing 94 96
time=198.89 0/2 processing 96 98
time=203.795 0/2 processing 98 100
time=207.965 0/2 processing 100 102
time=211.629 0/2 processing 102 104
time=216.115 0/2 processing 104 106
time=220.303 0/2 processing 106 108
time=224.862 0/2 processing 108 110
time=228.115 0/2 processing 110 112
time=232.075 0/2 processing 112 114
time=235.951 0/2 processing 114 116
time=239.731 0/2 processing 116 118
time=243.75 0/2 processing 118 120
time=247.231 0/2 processing 120 122
time=251.251 0/2 processing 122 124
time=255.427 0/2 processing 124 126
time=260.202 0/2 processing 126 128
time=263.426 0/2 processing 128 130
global_cr=46.8483
wallclock_ms=266388
compress_ms=31296
compress_bandwidth_GBps=0.0381652
wallclock_bandwidth_GBps=0.00448376
