time=0.956065 0/4 /pressio/roibin/background/pressio/noop:metrics:copy_compressor_results <int32> = 1
/pressio/roibin/background/pressio/noop:metrics:errors_fatal <int32> = 1
/pressio/roibin/background/pressio/noop:noop:metric <char*> = "noop"
/pressio/roibin/background/pressio/noop:pressio:metric <char*> = "noop"
/pressio/roibin/background/pressio:metrics:copy_compressor_results <int32> = 1
/pressio/roibin/background/pressio:metrics:errors_fatal <int32> = 1
/pressio/roibin/background/pressio:pressio:bound_name <char*> = <empty>
/pressio/roibin/background/pressio:pressio:compressor <char*> = "noop"
/pressio/roibin/background/pressio:pressio:metric <char*> = "noop"
/pressio/roibin/background/pressio:pressio:reset_mode <bool> = <empty>
/pressio/roibin/background:binning:compressor <char*> = "pressio"
/pressio/roibin/background:binning:metric <char*> = "noop"
/pressio/roibin/background:binning:nthreads <uint32> = 3
/pressio/roibin/background:binning:shape <data> = data{ type=double dims={3, } has_data=[2, 2, 1, ]}
/pressio/roibin/background:metrics:copy_compressor_results <int32> = 1
/pressio/roibin/background:metrics:errors_fatal <int32> = 1
/pressio/roibin/background:pressio:metric <char*> = "noop"
/pressio/roibin/background:pressio:nthreads <uint32> = 3
/pressio/roibin/roi:fpzip:has_header <int32> = 0
/pressio/roibin/roi:fpzip:metric <char*> = "noop"
/pressio/roibin/roi:fpzip:prec <int32> = 0
/pressio/roibin/roi:metrics:copy_compressor_results <int32> = 1
/pressio/roibin/roi:metrics:errors_fatal <int32> = 1
/pressio/roibin/roi:pressio:metric <char*> = "noop"
/pressio/roibin:metrics:copy_compressor_results <int32> = 1
/pressio/roibin:metrics:errors_fatal <int32> = 1
/pressio/roibin:pressio:metric <char*> = "noop"
/pressio/roibin:pressio:nthreads <uint32> = 1
/pressio/roibin:roibin:background <char*> = "binning"
/pressio/roibin:roibin:centers <data> = data{ type=uint64_t dims={} has_data=false}
/pressio/roibin:roibin:metric <char*> = "noop"
/pressio/roibin:roibin:nthreads <uint32> = 1
/pressio/roibin:roibin:roi <char*> = "fpzip"
/pressio/roibin:roibin:roi_size <data> = data{ type=double dims={3, } has_data=[8, 8, 0, ]}
/pressio/roibin:roibin:roi_strategy <char*> = "coordinates"
/pressio:metrics:copy_compressor_results <int32> = 1
/pressio:metrics:errors_fatal <int32> = 1
/pressio:pressio:bound_name <char*> = <empty>
/pressio:pressio:compressor <char*> = "roibin"
/pressio:pressio:metric <char*> = "noop"
/pressio:pressio:reset_mode <bool> = <empty>

time=0.956129 0/4 global data_dims{130, 1480, 1552}
time=0.956135 0/4 global peakx_dims{130, 2048}
time=0.956139 0/4 global peaky_dims{130, 2048}
time=0.956143 0/4 global npeaks{130}
time=0.956149 0/4 processing 0 4
time=2.11039 0/4 processing 4 8
time=3.97565 0/4 processing 8 12
time=5.91565 0/4 processing 12 16
time=7.59165 0/4 processing 16 20
time=10.0957 0/4 processing 20 24
time=12.9504 0/4 processing 24 28
time=15.8195 0/4 processing 28 32
time=18.2737 0/4 processing 32 36
time=21.2317 0/4 processing 36 40
time=23.6837 0/4 processing 40 44
time=25.1117 0/4 processing 44 48
time=26.3309 0/4 processing 48 52
time=28.8797 0/4 processing 52 56
time=31.3477 0/4 processing 56 60
time=34.1852 0/4 processing 60 64
time=35.4517 0/4 processing 64 68
time=38.4027 0/4 processing 68 72
time=40.0659 0/4 processing 72 76
time=43.1717 0/4 processing 76 80
time=44.8179 0/4 processing 80 84
time=47.2357 0/4 processing 84 88
time=48.5157 0/4 processing 88 92
time=50.4639 0/4 processing 92 96
time=51.8357 0/4 processing 96 100
time=53.7552 0/4 processing 100 104
time=56.2317 0/4 processing 104 108
time=57.8317 0/4 processing 108 112
time=59.0198 0/4 processing 112 116
time=61.3717 0/4 processing 116 120
time=63.7583 0/4 processing 120 124
time=65.8917 0/4 processing 124 128
time=67.5893 0/4 processing 128 132
global_cr=3.88512
wallclock_ms=67383
compress_ms=354
compress_bandwidth_GBps=3.42597
wallclock_bandwidth_GBps=0.0179985
