.//tmp_files/7713.sh: line 3: 74527 Segmentation fault      speed3d_r2c fftw float 128 128 128 -no-reorder -slabs -r2c_dir 0 -ingrid 256 1 1 -outgrid 256 1 1 -n5
.//tmp_files/7713.sh: line 3: 74592 Segmentation fault      speed3d_r2c fftw float 128 128 128 -no-reorder -slabs -r2c_dir 0 -ingrid 256 1 1 -outgrid 256 1 1 -n5
.//tmp_files/7713.sh: line 3: 74555 Segmentation fault      speed3d_r2c fftw float 128 128 128 -no-reorder -slabs -r2c_dir 0 -ingrid 256 1 1 -outgrid 256 1 1 -n5
[NID 01151] 2023-11-06 08:56:56 Apid 28965451: initiated application termination
.//tmp_files/7713.sh: line 3: 74535 Segmentation fault      speed3d_r2c fftw float 128 128 128 -no-reorder -slabs -r2c_dir 0 -ingrid 256 1 1 -outgrid 256 1 1 -n5
.//tmp_files/7713.sh: line 3: 74582 Segmentation fault      speed3d_r2c fftw float 128 128 128 -no-reorder -slabs -r2c_dir 0 -ingrid 256 1 1 -outgrid 256 1 1 -n5
.//tmp_files/7713.sh: line 3: 74566 Segmentation fault      speed3d_r2c fftw float 128 128 128 -no-reorder -slabs -r2c_dir 0 -ingrid 256 1 1 -outgrid 256 1 1 -n5
.//tmp_files/7713.sh: line 3: 74537 Segmentation fault      speed3d_r2c fftw float 128 128 128 -no-reorder -slabs -r2c_dir 0 -ingrid 256 1 1 -outgrid 256 1 1 -n5
.//tmp_files/7713.sh: line 3: 74541 Segmentation fault      speed3d_r2c fftw float 128 128 128 -no-reorder -slabs -r2c_dir 0 -ingrid 256 1 1 -outgrid 256 1 1 -n5
.//tmp_files/7713.sh: line 3: 74519 Segmentation fault      speed3d_r2c fftw float 128 128 128 -no-reorder -slabs -r2c_dir 0 -ingrid 256 1 1 -outgrid 256 1 1 -n5
.//tmp_files/7713.sh: line 3: 74514 Segmentation fault      speed3d_r2c fftw float 128 128 128 -no-reorder -slabs -r2c_dir 0 -ingrid 256 1 1 -outgrid 256 1 1 -n5
.//tmp_files/7713.sh: line 3: 74614 Segmentation fault      speed3d_r2c fftw float 128 128 128 -no-reorder -slabs -r2c_dir 0 -ingrid 256 1 1 -outgrid 256 1 1 -n5
.//tmp_files/7713.sh: line 3: 74606 Segmentation fault      speed3d_r2c fftw float 128 128 128 -no-reorder -slabs -r2c_dir 0 -ingrid 256 1 1 -outgrid 256 1 1 -n5
.//tmp_files/7713.sh: line 3: 74617 Segmentation fault      speed3d_r2c fftw float 128 128 128 -no-reorder -slabs -r2c_dir 0 -ingrid 256 1 1 -outgrid 256 1 1 -n5
.//tmp_files/7713.sh: line 3: 74611 Segmentation fault      speed3d_r2c fftw float 128 128 128 -no-reorder -slabs -r2c_dir 0 -ingrid 256 1 1 -outgrid 256 1 1 -n5
.//tmp_files/7713.sh: line 3: 74562 Segmentation fault      speed3d_r2c fftw float 128 128 128 -no-reorder -slabs -r2c_dir 0 -ingrid 256 1 1 -outgrid 256 1 1 -n5
.//tmp_files/7713.sh: line 3: 74536 Segmentation fault      speed3d_r2c fftw float 128 128 128 -no-reorder -slabs -r2c_dir 0 -ingrid 256 1 1 -outgrid 256 1 1 -n5
.//tmp_files/7713.sh: line 3: 74518 Segmentation fault      speed3d_r2c fftw float 128 128 128 -no-reorder -slabs -r2c_dir 0 -ingrid 256 1 1 -outgrid 256 1 1 -n5
.//tmp_files/7713.sh: line 3: 74529 Segmentation fault      speed3d_r2c fftw float 128 128 128 -no-reorder -slabs -r2c_dir 0 -ingrid 256 1 1 -outgrid 256 1 1 -n5
.//tmp_files/7713.sh: line 3: 74597 Segmentation fault      speed3d_r2c fftw float 128 128 128 -no-reorder -slabs -r2c_dir 0 -ingrid 256 1 1 -outgrid 256 1 1 -n5
.//tmp_files/7713.sh: line 3: 74613 Segmentation fault      speed3d_r2c fftw float 128 128 128 -no-reorder -slabs -r2c_dir 0 -ingrid 256 1 1 -outgrid 256 1 1 -n5
.//tmp_files/7713.sh: line 3: 74559 Segmentation fault      speed3d_r2c fftw float 128 128 128 -no-reorder -slabs -r2c_dir 0 -ingrid 256 1 1 -outgrid 256 1 1 -n5
.//tmp_files/7713.sh: line 3: 74547 Segmentation fault      speed3d_r2c fftw float 128 128 128 -no-reorder -slabs -r2c_dir 0 -ingrid 256 1 1 -outgrid 256 1 1 -n5
.//tmp_files/7713.sh: line 3: 74532 Segmentation fault      speed3d_r2c fftw float 128 128 128 -no-reorder -slabs -r2c_dir 0 -ingrid 256 1 1 -outgrid 256 1 1 -n5
.//tmp_files/7713.sh: line 3: 74554 Segmentation fault      speed3d_r2c fftw float 128 128 128 -no-reorder -slabs -r2c_dir 0 -ingrid 256 1 1 -outgrid 256 1 1 -n5
.//tmp_files/7713.sh: line 3: 74556 Segmentation fault      speed3d_r2c fftw float 128 128 128 -no-reorder -slabs -r2c_dir 0 -ingrid 256 1 1 -outgrid 256 1 1 -n5
.//tmp_files/7713.sh: line 3: 74568 Segmentation fault      speed3d_r2c fftw float 128 128 128 -no-reorder -slabs -r2c_dir 0 -ingrid 256 1 1 -outgrid 256 1 1 -n5
.//tmp_files/7713.sh: line 3: 74584 Segmentation fault      speed3d_r2c fftw float 128 128 128 -no-reorder -slabs -r2c_dir 0 -ingrid 256 1 1 -outgrid 256 1 1 -n5
.//tmp_files/7713.sh: line 3: 74517 Segmentation fault      speed3d_r2c fftw float 128 128 128 -no-reorder -slabs -r2c_dir 0 -ingrid 256 1 1 -outgrid 256 1 1 -n5
.//tmp_files/7713.sh: line 3: 74522 Segmentation fault      speed3d_r2c fftw float 128 128 128 -no-reorder -slabs -r2c_dir 0 -ingrid 256 1 1 -outgrid 256 1 1 -n5
.//tmp_files/7713.sh: line 3: 74520 Segmentation fault      speed3d_r2c fftw float 128 128 128 -no-reorder -slabs -r2c_dir 0 -ingrid 256 1 1 -outgrid 256 1 1 -n5
.//tmp_files/7713.sh: line 3: 74550 Segmentation fault      speed3d_r2c fftw float 128 128 128 -no-reorder -slabs -r2c_dir 0 -ingrid 256 1 1 -outgrid 256 1 1 -n5
.//tmp_files/7713.sh: line 3: 74530 Segmentation fault      speed3d_r2c fftw float 128 128 128 -no-reorder -slabs -r2c_dir 0 -ingrid 256 1 1 -outgrid 256 1 1 -n5
.//tmp_files/7713.sh: line 3: 74536 Segmentation fault      speed3d_r2c fftw float 128 128 128 -no-reorder -slabs -r2c_dir 0 -ingrid 256 1 1 -outgrid 256 1 1 -n5
.//tmp_files/7713.sh: line 3: 74512 Segmentation fault      speed3d_r2c fftw float 128 128 128 -no-reorder -slabs -r2c_dir 0 -ingrid 256 1 1 -outgrid 256 1 1 -n5
.//tmp_files/7713.sh: line 3: 74523 Segmentation fault      speed3d_r2c fftw float 128 128 128 -no-reorder -slabs -r2c_dir 0 -ingrid 256 1 1 -outgrid 256 1 1 -n5
.//tmp_files/7713.sh: line 3: 74516 Segmentation fault      speed3d_r2c fftw float 128 128 128 -no-reorder -slabs -r2c_dir 0 -ingrid 256 1 1 -outgrid 256 1 1 -n5
.//tmp_files/7713.sh: line 3: 74510 Segmentation fault      speed3d_r2c fftw float 128 128 128 -no-reorder -slabs -r2c_dir 0 -ingrid 256 1 1 -outgrid 256 1 1 -n5
.//tmp_files/7713.sh: line 3: 74528 Segmentation fault      speed3d_r2c fftw float 128 128 128 -no-reord.//tmp_files/7713.sh: line 3: 74586 Segmentation fault      speed3d_r2c fftw float 128 128 128 -no-reorder -slabs -r2c_dir 0 -ingrid 256 1 1 -outgrid 256 1 1 -n5
.//tmp_files/7713.sh: line 3: 74545 Segmentation fault      speed3d_r2c fftw float 128 128 128 -no-reorder -slabs -r2c_dir 0 -ingrid 256 1 1 -outgrid 256 1 1 -n5
.//tmp_files/7713.sh: line 3: 74534 Segmentation fault      speed3d_r2c fftw float 128 128 128 -no-reorder -slabs -r2c_dir 0 -ingrid 256 1 1 -outgrid 256 1 1 -n5
.//tmp_files/7713.sh: line 3: 74533 Segmentation fault      speed3d_r2c fftw float 128 128 128 -no-reorder -slabs -r2c_dir 0 -ingrid 256 1 1 -outgrid 256 1 1 -n5
er -slabs -r2c_dir 0 -ingrid 256 1 1 -outgrid 256 1 1 -n5
.//tmp_files/7713.sh: line 3: 74552 Segmentation fault      speed3d_r2c fftw float 128 128 128 -no-reorder -slabs -r2c_dir 0 -ingrid 256 1 1 -outgrid 256 1 1 -n5
.//tmp_files/7713.sh: line 3: 74557 Segmentation fault      speed3d_r2c fftw float 128 128 128 -no-reorder -slabs -r2c_dir 0 -ingrid 256 1 1 -outgrid 256 1 1 -n5
.//tmp_files/7713.sh: line 3: 74513 Segmentation fault      speed3d_r2c fftw float 128 128 128 -no-reorder -slabs -r2c_dir 0 -ingrid 256 1 1 -outgrid 256 1 1 -n5
.//tmp_files/7713.sh: line 3: 74515 Segmentation fault      speed3d_r2c fftw float 128 128 128 -no-reorder -slabs -r2c_dir 0 -ingrid 256 1 1 -outgrid 256 1 1 -n5
.//tmp_files/7713.sh: line 3: 74525 Segmentation fault      speed3d_r2c fftw float 128 128 128 -no-reorder -slabs -r2c_dir 0 -ingrid 256 1 1 -outgrid 256 1 1 -n5
.//tmp_files/7713.sh: line 3: 74509 Segmentation fault      speed3d_r2c fftw float 128 128 128 -no-reorder -slabs -r2c_dir 0 -ingrid 256 1 1 -outgrid 256 1 1 -n5
.//tmp_files/7713.sh: line 3: 74548 Segmentation fault      speed3d_r2c fftw float 128 128 128 -no-reorder -slabs -r2c_dir 0 -ingrid 256 1 1 -outgrid 256 1 1 -n5
.//tmp_files/7713.sh: line 3: 74546 Segmentation fault      speed3d_r2c fftw float 128 128 128 -no-reorder -slabs -r2c_dir 0 -ingrid 256 1 1 -outgrid 256 1 1 -n5
.//tmp_files/7713.sh: line 3: 74569 Segmentation fault      speed3d_r2c fftw float 128 128 128 -no-reorder -slabs -r2c_dir 0 -ingrid 256 1 1 -outgrid 256 1 1 -n5
.//tmp_files/7713.sh: line 3: 74539 Segmentation fault      speed3d_r2c fftw float 128 128 128 -no-reorder -slabs -r2c_dir 0 -ingrid 256 1 1 -outgrid 256 1 1 -n5
.//tmp_files/7713.sh: line 3: 74511 Segmentation fault      speed3d_r2c fftw float 128 128 128 -no-reorder -slabs -r2c_dir 0 -ingrid 256 1 1 -outgrid 256 1 1 -n5
.//tmp_files/7713.sh: line 3: 74531 Segmentation fault      speed3d_r2c fftw float 128 128 128 -no-reorder -slabs -r2c_dir 0 -ingrid 256 1 1 -outgrid 256 1 1 -n5
.//tmp_files/7713.sh: line 3: 74533 Segmentation fault      speed3d_r2c fftw float 128 128 128 -no-reorder -slabs -r2c_dir 0 -ingrid 256 1 1 -outgrid 256 1 1 -n5
.//tmp_files/7713.sh: line 3: 74524 Segmentation fault      speed3d_r2c fftw float 128 128 128 -no-reorder -slabs -r2c_dir 0 -ingrid 256 1 1 -outgrid 256 1 1 -n5
.//tmp_files/7713.sh: line 3: 74540 Segmentation fault      speed3d_r2c fftw float 128 128 128 -no-reorder -slabs -r2c_dir 0 -ingrid 256 1 1 -outgrid 256 1 1 -n5
.//tmp_files/7713.sh: line 3: 74590 Segmentation fault      speed3d_r2c fftw float 128 128 128 -no-reorder -slabs -r2c_dir 0 -ingrid 256 1 1 -outgrid 256 1 1 -n5
.//tmp_files/7713.sh: line 3: 74538 Segmentation fault      speed3d_r2c fftw float 128 128 128 -no-reorder -slabs -r2c_dir 0 -ingrid 256 1 1 -outgrid 256 1 1 -n5
.//tmp_files/7713.sh: line 3: 74583 Segmentation fault      speed3d_r2c fftw float 128 128 128 -no-reorder -slabs -r2c_dir 0 -ingrid 256 1 1 -outgrid 256 1 1 -n5
.//tmp_files/7713.sh: line 3: 74585 Segmentation fault      speed3d_r2c fftw float 128 128 128 -no-reorder -slabs -r2c_dir 0 -ingrid 256 1 1 -outgrid 256 1 1 -n5
.//tmp_files/7713.sh: line 3: 74545 Segmentation fault      speed3d_r2c fftw float 128 128 128 -no-reorder -slabs -r2c_dir 0 -ingrid 256 1 1 -outgrid 256 1 1 -n5
.//tmp_files/7713.sh: line 3: 74575 Segmentation fault      speed3d_r2c fftw float 128 128 128 -no-reorder -slabs -r2c_dir 0 -ingrid 256 1 1 -outgrid 256 1 1 -n5
.//tmp_files/7713.sh: line 3: 74576 Segmentation fault      speed3d_r2c fftw float 128 128 128 -no-reorder -slabs -r2c_dir 0 -ingrid 256 1 1 -outgrid 256 1 1 -n5
.//tmp_files/7713.sh: line 3: 74574 Segmentation fault      speed3d_r2c fftw float 128 128 128 -no-reorder -slabs -r2c_dir 0 -ingrid 256 1 1 -outgrid 256 1 1 -n5
.//tmp_files/7713.sh: line 3: 74573 Segmentation fault      speed3d_r2c fftw float 128 128 128 -no-reorder -slabs -r2c_dir 0 -ingrid 256 1 1 -outgrid 256 1 1 -n5
.//tmp_files/7713.sh: line 3: 74577 Segmentation fault      speed3d_r2c fftw float 128 128 128 -no-reorder -slabs -r2c_dir 0 -ingrid 256 1 1 -outgrid .//tmp_files/7713.sh: line 3: 74561 Segmentation fault      speed3d_r2c fftw float 128 128 128 -no-reorder -slabs -r2c_dir 0 -ingrid 256 1 1 -outgrid 256 1 1 -n5
.//tmp_files/7713.sh: line 3: 74604 Segmentation fault      speed3d_r2c fftw float 128 128 128 -no-reorder -slabs -r2c_dir 0 -ingrid 256 1 1 -outgrid 256 1 1 -n5
.//tmp_files/7713.sh: line 3: 74603 Segmentation fault      speed3d_r2c fftw float 128 128 128 -no-reorder -slabs -r2c_dir 0 -ingrid 256 1 1 -outgrid 256 1 1 -n5
.//tmp_files/7713.sh: line 3: 74532 Segmentation fault      speed3d_r2c fftw float 128 128 128 -no-reorder -slabs -r2c_dir 0 -ingrid 256 1 1 -outgrid 256 1 1 -n5
.//tmp_files/7713.sh: line 3: 74541 Segmentation fault      speed3d_r2c fftw float 128 128 128 -no-reorder -slabs -r2c_dir 0 -ingrid 256 1 1 -outgrid 256 1 1 -n5
.//tmp_files/7713.sh: line 3: 74595 Segmentation fault      speed3d_r2c fftw float 128 128 128 -no-reorder -slabs -r2c_dir 0 -ingrid 256 1 1 -outgrid 256 1 1 -n5
.//tmp_files/7713.sh: line 3: 74587 Segmentation fault      speed3d_r2c fftw float 128 128 128 -no-reorder -slabs -r2c_dir 0 -ingrid 256 1 1 -outgrid 256 1 1 -n5
.//tmp_files/7713.sh: line 3: 74567 Segmentation fault      speed3d_r2c fftw float 128 128 128 -no-reorder -slabs -r2c_dir 0 -ingrid 256 1 1 -outgrid 256 1 1 -n5
.//tmp_files/7713.sh: line 3: 74531 Segmentation fault      speed3d_r2c fftw float 128 128 128 -no-reorder -slabs -r2c_dir 0 -ingrid 256 1 1 -outgrid 256 1 1 -n5
.//tmp_files/7713.sh: line 3: 74537 Segmentation fault      speed3d_r2c fftw float 128 128 128 -no-reorder -slabs -r2c_dir 0 -ingrid 256 1 1 -outgrid 256 1 1 -n5
.//tmp_files/7713.sh: line 3: 74564 Segmentation fault      speed3d_r2c fftw float 128 128 128 -no-reorder -slabs -r2c_dir 0 -ingrid 256 1 1 -outgrid 256 1 1 -n5
.//tmp_files/7713.sh: line 3: 74548 Segmentation fault      speed3d_r2c fftw float 128 128 128 -no-reorder -slabs -r2c_dir 0 -ingrid 256 1 1 -outgrid 256 1 1 -n5
.//tmp_files/7713.sh: line 3: 74558 Segmentation fault      speed3d_r2c fftw float 128 128 128 -no-reorder -slabs -r2c_dir 0 -ingrid 256 1 1 -outgrid 256 1 1 -n5
.//tmp_files/7713.sh: line 3: 74544 Segmentation fault      speed3d_r2c fftw float 128 128 128 -no-reorder -slabs -r2c_dir 0 -ingrid 256 1 1 -outgrid 256 1 1 -n5
.//tmp_files/7713.sh: line 3: 74549 Segmentation fault      speed3d_r2c fftw float 128 128 128 -no-reorder -slabs -r2c_dir 0 -ingrid 256 1 1 -outgrid 256 1 1 -n5
.//tmp_files/7713.sh: line 3: 74599 Segmentation fault      speed3d_r2c fftw float 128 128 128 -no-reorder -slabs -r2c_dir 0 -ingrid 256 1 1 -outgrid 256 1 1 -n5
.//tmp_files/7713.sh: line 3: 74574 Segmentation fault      speed3d_r2c fftw float 128 128 128 -no-reorder -slabs -r2c_dir 0 -ingrid 256 1 1 -outgrid 256 1 1 -n5
.//tmp_files/7713.sh: line 3: 74568 Segmentation fault      speed3d_r2c fftw float 128 128 128 -no-reorder -slabs -r2c_dir 0 -ingrid 256 1 1 -outgrid 256 1 1 -n5
.//tmp_files/7713.sh: line 3: 74605 Segmentation fault      speed3d_r2c fftw float 128 128 128 -no-reorder -slabs -r2c_dir 0 -ingrid 256 1 1 -outgrid 256 1 1 -n5
.//tmp_files/7713.sh: line 3: 74560 Segmentation fault      speed3d_r2c fftw float 128 128 128 -no-reorder -slabs -r2c_dir 0 -ingrid 256 1 1 -outgrid 256 1 1 -n5
.//tmp_files/7713.sh: line 3: 74550 Segmentation fault      speed3d_r2c fftw float 128 128 128 -no-reorder -slabs -r2c_dir 0 -ingrid 256 1 1 -outgrid 256 1 1 -n5
.//tmp_files/7713.sh: line 3: 74566 Segmentation fault      speed3d_r2c fftw float 128 128 128 -no-reord256 1 1 -n5
.//tmp_files/7713.sh: line 3: 74578 Segmentation fault      speed3d_r2c fftw float 128 128 128 -no-reorder -slabs -r2c_dir 0 -ingrid 256 1 1 -outgrid 256 1 1 -n5
.//tmp_files/7713.sh: line 3: 74542 Segmentation fault      speed3d_r2c fftw float 128 128 128 -no-reorder -slabs -r2c_dir 0 -ingrid 256 1 1 -outgrid 256 1 1 -n5
.//tmp_files/7713.sh: line 3: 74591 Segmentation fault      speed3d_r2c fftw float 128 128 128 -no-reorder -slabs -r2c_dir 0 -ingrid 256 1 1 -outgrid 256 1 1 -n5
.//tmp_files/7713.sh: line 3: 74588 Segmentation fault      speed3d_r2c fftw float 128 128 128 -no-reorder -slabs -r2c_dir 0 -ingrid 256 1 1 -outgrid 256 1 1 -n5
.//tmp_files/7713.sh: line 3: 74587 Segmentation fault      speed3d_r2c fftw float 128 128 128 -no-reorder -slabs -r2c_dir 0 -ingrid 256 1 1 -outgrid 256 1 1 -n5
.//tmp_files/7713.sh: line 3: 74580 Segmentation fault      speed3d_r2c fftw float 128 128 128 -no-reorder -slabs -r2c_dir 0 -ingrid 256 1 1 -outgrid 256 1 1 -n5
er -slabs -r2c_dir 0 -ingrid 256 1 1 -outgrid 256 1 1 -n5
.//tmp_files/7713.sh: line 3: 74600 Segmentation fault      speed3d_r2c fftw float 128 128 128 -no-reorder -slabs -r2c_dir 0 -ingrid 256 1 1 -outgrid 256 1 1 -n5
.//tmp_files/7713.sh: line 3: 74557 Segmentation fault      speed3d_r2c fftw float 128 128 128 -no-reorder -slabs -r2c_dir 0 -ingrid 256 1 1 -outgrid 256 1 1 -n5
.//tmp_files/7713.sh: line 3: 74576 Segmentation fault      speed3d_r2c fftw float 128 128 128 -no-reorder -slabs -r2c_dir 0 -ingrid 256 1 1 -outgrid 256 1 1 -n5
.//tmp_files/7713.sh: line 3: 74546 Segmentation fault      speed3d_r2c fftw float 128 128 128 -no-reorder -slabs -r2c_dir 0 -ingrid 256 1 1 -outgrid 256 1 1 -n5
.//tmp_files/7713.sh: line 3: 74539 Segmentation fault      speed3d_r2c fftw float 128 128 128 -no-reorder -slabs -r2c_dir 0 -ingrid 256 1 1 -outgrid 256 1 1 -n5
.//tmp_files/7713.sh: line 3: 74540 Segmentation fault      speed3d_r2c fftw float 128 128 128 -no-reorder -slabs -r2c_dir 0 -ingrid 256 1 1 -outgrid 256 1 1 -n5
.//tmp_files/7713.sh: line 3: 74598 Segmentation fault      speed3d_r2c fftw float 128 128 128 -no-reorder -slabs -r2c_dir 0 -ingrid 256 1 1 -outgrid 256 1 1 -n5
.//tmp_files/7713.sh: line 3: 74556 Segmentation fault      speed3d_r2c fftw float 128 128 128 -no-reorder -slabs -r2c_dir 0 -ingrid 256 1 1 -outgrid 256 1 1 -n5
.//tmp_files/7713.sh: line 3: 74572 Segmentation fault      speed3d_r2c fftw float 128 128 128 -no-reorder -slabs -r2c_dir 0 -ingrid 256 1 1 -outgrid 256 1 1 -n5
.//tmp_files/7713.sh: line 3: 74609 Segmentation fault      speed3d_r2c fftw float 128 128 128 -no-reorder -slabs -r2c_dir 0 -ingrid 256 1 1 -outgrid 256 1 1 -n5
.//tmp_files/7713.sh: line 3: 74563 Segmentation fault      speed3d_r2c fftw float 128 128 128 -no-reorder -slabs -r2c_dir 0 -ingrid 256 1 1 -outgrid 256 1 1 -n5
.//tmp_files/7713.sh: line 3: 74570 Segmentation fault      speed3d_r2c fftw float 128 128 128 -no-reorder -slabs -r2c_dir 0 -ingrid 256 1 1 -outgrid 256 1 1 -n5
.//tmp_files/7713.sh: line 3: 74551 Segmentation fault      speed3d_r2c fftw float 128 128 128 -no-reorder -slabs -r2c_dir 0 -ingrid 256 1 1 -outgrid 256 1 1 -n5
.//tmp_files/7713.sh: line 3: 74610 Segmentation fault      speed3d_r2c fftw float 128 128 128 -no-reorder -slabs -r2c_dir 0 -ingrid 256 1 1 -outgrid 256 1 1 -n5
.//tmp_files/7713.sh: line 3: 74608 Segmentation fault      speed3d_r2c fftw float 128 128 128 -no-reorder -slabs -r2c_dir 0 -ingrid 256 1 1 -outgrid 256 1 1 -n5
.//tmp_files/7713.sh: line 3: 74544 Segmentation fault      speed3d_r2c fftw float 128 128 128 -no-reorder -slabs -r2c_dir 0 -ingrid 256 1 1 -outgrid 256 1 1 -n5
.//tmp_files/7713.sh: line 3: 74581 Segmentation fault      speed3d_r2c fftw float 128 128 128 -no-reorder -slabs -r2c_dir 0 -ingrid 256 1 1 -outgrid 256 1 1 -n5
.//tmp_files/7713.sh: line 3: 74579 Segmentation fault      speed3d_r2c fftw float 128 128 128 -no-reorder -slabs -r2c_dir 0 -ingrid 256 1 1 -outgrid 256 1 1 -n5
.//tmp_files/7713.sh: line 3: 74586 Segmentation fault      speed3d_r2c fftw float 128 128 128 -no-reorder -slabs -r2c_dir 0 -ingrid 256 1 1 -outgrid 256 1 1 -n5
.//tmp_files/7713.sh: line 3: 74538 Segmentation fault      speed3d_r2c fftw float 128 128 128 -no-reorder -slabs -r2c_dir 0 -ingrid 256 1 1 -outgrid 256 1 1 -n5
.//tmp_files/7713.sh: line 3: 74554 Segmentation fault      speed3d_r2c fftw float 128 128 128 -no-reorder -slabs -r2c_dir 0 -ingrid 256 1 1 -outgrid 256 1 1 -n5
.//tmp_files/7713.sh: line 3: 74611 Segmentation fault      speed3d_r2c fftw float 128 128 128 -no-reorder -slabs -r2c_dir 0 -ingrid 256 1 1 -outgrid 256 1 1 -n5
.//tmp_files/7713.sh: line 3: 74565 Segmentation fault      speed3d_r2c fftw float 128 128 128 -no-reorder -slabs -r2c_dir 0 -ingrid 256 1 1 -outgrid 256 1 1 -n5
.//tmp_files/7713.sh: line 3: 74602 Segmentation fault      speed3d_r2c fftw float 128 128 128 -no-reorder -slabs -r2c_dir 0 -ingrid 256 1 1 -outgrid 256 1 1 -n5
.//tmp_files/7713.sh: line 3: 74601 Segmentation fault      speed3d_r2c fftw float 128 128 128 -no-reorder -slabs -r2c_dir 0 -ingrid 256 1 1 -outgrid 256 1 1 -n5
Application 28965451 exit codes: 139
Application 28965451 exit signals: Killed
Application 28965451 resources: utime ~22s, stime ~42s, Rss ~43192, inblocks ~169322, outblocks ~0
