“RANK= 0 LOCAL_RANK= 0 gpu= 3”
“RANK= 1 LOCAL_RANK= 1 gpu= 2”
“RANK= 2 LOCAL_RANK= 2 gpu= 1”
“RANK= 3 LOCAL_RANK= 3 gpu= 0”
“RANK= 28 LOCAL_RANK= 0 gpu= 3”
“RANK= 31 LOCAL_RANK= 3 gpu= 0”
“RANK= 29 LOCAL_RANK= 1 gpu= 2”
“RANK= 30 LOCAL_RANK= 2 gpu= 1”
+ '[' -z '' ']'
+ case "$-" in
+ __lmod_vx=x
Shell debugging temporarily silenced: export LMOD_SH_DBG_ON=1 for this output (/usr/share/lmod/lmod/init/bash)
+ '[' -n x ']'
+ set +x
+ '[' -z '' ']'
+ case "$-" in
+ __lmod_vx=x
+ '[' -n x ']'
+ set +x
Shell debugging temporarily silenced: export LMOD_SH_DBG_ON=1 for this output (/usr/share/lmod/lmod/init/bash)
Shell debugging restarted
+ unset __lmod_vx
+ '[' -z '' ']'
+ case "$-" in
Shell debugging temporarily silenced: export LMOD_SH_DBG_ON=1 for this output (/usr/share/lmod/lmod/init/bash)
+ __lmod_vx=x
+ '[' -n x ']'
+ set +x
Shell debugging restarted
+ unset __lmod_vx
+ '[' -z '' ']'
+ case "$-" in
+ __lmod_vx=x
+ '[' -n x ']'
+ set +x
+ speed3d_r2c cufft float-long 1024 1024 1024 -reorder -a2av -p2p_pl -slabs -r2c_dir 0 -ingrid 32 1 1 -outgrid 8 2 2 -no-gpu-aware -n5
Shell debugging temporarily silenced: export LMOD_SH_DBG_ON=1 for this output (/usr/share/lmod/lmod/init/bash)
Shell debugging restarted
+ unset __lmod_vx
+ speed3d_r2c cufft float-long 1024 1024 1024 -reorder -a2av -p2p_pl -slabs -r2c_dir 0 -ingrid 32 1 1 -outgrid 8 2 2 -no-gpu-aware -n5
+ speed3d_r2c cufft float-long 1024 1024 1024 -reorder -a2av -p2p_pl -slabs -r2c_dir 0 -ingrid 32 1 1 -outgrid 8 2 2 -no-gpu-aware -n5
Shell debugging restarted
+ unset __lmod_vx
+ speed3d_r2c cufft float-long 1024 1024 1024 -reorder -a2av -p2p_pl -slabs -r2c_dir 0 -ingrid 32 1 1 -outgrid 8 2 2 -no-gpu-aware -n5
“RANK= 8 LOCAL_RANK= 0 gpu= 3”
“RANK= 10 LOCAL_RANK= 2 gpu= 1”
“RANK= 11 LOCAL_RANK= 3 gpu= 0”
“RANK= 9 LOCAL_RANK= 1 gpu= 2”
+ '[' -z '' ']'
Shell debugging temporarily silenced: export LMOD_SH_DBG_ON=1 for this output (/usr/share/lmod/lmod/init/bash)
+ case "$-" in
+ __lmod_vx=x
+ '[' -n x ']'
+ set +x
Shell debugging restarted
+ unset __lmod_vx
+ '[' -z '' ']'
+ case "$-" in
+ __lmod_vx=x
+ '[' -z '' ']'
+ case "$-" in
+ __lmod_vx=x
+ '[' -n x ']'
+ set +x
Shell debugging temporarily silenced: export LMOD_SH_DBG_ON=1 for this output (/usr/share/lmod/lmod/init/bash)
+ '[' -z '' ']'
+ case "$-" in
+ __lmod_vx=x
+ '[' -n x ']'
+ set +x
Shell debugging temporarily silenced: export LMOD_SH_DBG_ON=1 for this output (/usr/share/lmod/lmod/init/bash)
+ '[' -n x ']'
+ set +x
Shell debugging temporarily silenced: export LMOD_SH_DBG_ON=1 for this output (/usr/share/lmod/lmod/init/bash)
+ speed3d_r2c cufft float-long 1024 1024 1024 -reorder -a2av -p2p_pl -slabs -r2c_dir 0 -ingrid 32 1 1 -outgrid 8 2 2 -no-gpu-aware -n5
Shell debugging restarted
Shell debugging restarted
+ unset __lmod_vx
Shell debugging restarted
+ unset __lmod_vx
+ speed3d_r2c cufft float-long 1024 1024 1024 -reorder -a2av -p2p_pl -slabs -r2c_dir 0 -ingrid 32 1 1 -outgrid 8 2 2 -no-gpu-aware -n5
+ unset __lmod_vx
+ speed3d_r2c cufft float-long 1024 1024 1024 -reorder -a2av -p2p_pl -slabs -r2c_dir 0 -ingrid 32 1 1 -outgrid 8 2 2 -no-gpu-aware -n5
+ speed3d_r2c cufft float-long 1024 1024 1024 -reorder -a2av -p2p_pl -slabs -r2c_dir 0 -ingrid 32 1 1 -outgrid 8 2 2 -no-gpu-aware -n5
“RANK= 4 LOCAL_RANK= 0 gpu= 3”
“RANK= 7 LOCAL_RANK= 3 gpu= 0”
“RANK= 16 LOCAL_RANK= 0 gpu= 3”
“RANK= 6 LOCAL_RANK= 2 gpu= 1”
“RANK= 19 LOCAL_RANK= 3 gpu= 0”
“RANK= 5 LOCAL_RANK= 1 gpu= 2”
“RANK= 17 LOCAL_RANK= 1 gpu= 2”
“RANK= 18 LOCAL_RANK= 2 gpu= 1”
+ '[' -z '' ']'
+ case "$-" in
+ __lmod_vx=x
Shell debugging temporarily silenced: export LMOD_SH_DBG_ON=1 for this output (/usr/share/lmod/lmod/init/bash)
+ '[' -n x ']'
+ set +x
+ '[' -z '' ']'
+ case "$-" in
+ '[' -z '' ']'
+ case "$-" in
+ __lmod_vx=x
+ '[' -n x ']'
+ set +x
Shell debugging temporarily silenced: export LMOD_SH_DBG_ON=1 for this output (/usr/share/lmod/lmod/init/bash)
+ __lmod_vx=x
+ '[' -n x ']'
+ set +x
Shell debugging temporarily silenced: export LMOD_SH_DBG_ON=1 for this output (/usr/share/lmod/lmod/init/bash)
Shell debugging restarted
+ unset __lmod_vx
Shell debugging temporarily silenced: export LMOD_SH_DBG_ON=1 for this output (/usr/share/lmod/lmod/init/bash)
+ '[' -z '' ']'
+ case "$-" in
+ __lmod_vx=x
+ '[' -n x ']'
+ set +x
Shell debugging restarted
+ unset __lmod_vx
Shell debugging restarted
+ unset __lmod_vx
+ speed3d_r2c cufft float-long 1024 1024 1024 -reorder -a2av -p2p_pl -slabs -r2c_dir 0 -ingrid 32 1 1 -outgrid 8 2 2 -no-gpu-aware -n5
+ speed3d_r2c cufft float-long 1024 1024 1024 -reorder -a2av -p2p_pl -slabs -r2c_dir 0 -ingrid 32 1 1 -outgrid 8 2 2 -no-gpu-aware -n5
+ speed3d_r2c cufft float-long 1024 1024 1024 -reorder -a2av -p2p_pl -slabs -r2c_dir 0 -ingrid 32 1 1 -outgrid 8 2 2 -no-gpu-aware -n5
Shell debugging restarted
+ unset __lmod_vx
+ speed3d_r2c cufft float-long 1024 1024 1024 -reorder -a2av -p2p_pl -slabs -r2c_dir 0 -ingrid 32 1 1 -outgrid 8 2 2 -no-gpu-aware -n5
“RANK= 15 LOCAL_RANK= 3 gpu= 0”
“RANK= 14 LOCAL_RANK= 2 gpu= 1”
“RANK= 13 LOCAL_RANK= 1 gpu= 2”
“RANK= 12 LOCAL_RANK= 0 gpu= 3”
+ '[' -z '' ']'
+ case "$-" in
+ __lmod_vx=x
+ '[' -z '' ']'
+ case "$-" in
+ __lmod_vx=x
Shell debugging temporarily silenced: export LMOD_SH_DBG_ON=1 for this output (/usr/share/lmod/lmod/init/bash)
Shell debugging temporarily silenced: export LMOD_SH_DBG_ON=1 for this output (/usr/share/lmod/lmod/init/bash)
+ '[' -n x ']'
+ set +x
+ '[' -n x ']'
+ set +x
+ '[' -z '' ']'
+ case "$-" in
+ __lmod_vx=x
+ '[' -n x ']'
+ set +x
Shell debugging temporarily silenced: export LMOD_SH_DBG_ON=1 for this output (/usr/share/lmod/lmod/init/bash)
+ '[' -z '' ']'
+ case "$-" in
+ __lmod_vx=x
+ '[' -n x ']'
+ set +x
Shell debugging temporarily silenced: export LMOD_SH_DBG_ON=1 for this output (/usr/share/lmod/lmod/init/bash)
Shell debugging restarted
+ unset __lmod_vx
+ '[' -z '' ']'
Shell debugging temporarily silenced: export LMOD_SH_DBG_ON=1 for this output (/usr/share/lmod/lmod/init/bash)
Shell debugging restarted
+ unset __lmod_vx
+ '[' -z '' ']'
+ case "$-" in
+ __lmod_vx=x
+ '[' -n x ']'
+ set +x
+ '[' -z '' ']'
+ case "$-" in
+ __lmod_vx=x
+ '[' -n x ']'
+ set +x
Shell debugging restarted
+ unset __lmod_vx
Shell debugging temporarily silenced: export LMOD_SH_DBG_ON=1 for this output (/usr/share/lmod/lmod/init/bash)
Shell debugging restarted
+ unset __lmod_vx
+ '[' -z '' ']'
+ case "$-" in
+ __lmod_vx=x
+ '[' -n x ']'
+ set +x
+ speed3d_r2c cufft float-long 1024 1024 1024 -reorder -a2av -p2p_pl -slabs -r2c_dir 0 -ingrid 32 1 1 -outgrid 8 2 2 -no-gpu-aware -n5
+ '[' -z '' ']'
Shell debugging temporarily silenced: export LMOD_SH_DBG_ON=1 for this output (/usr/share/lmod/lmod/init/bash)
+ speed3d_r2c cufft float-long 1024 1024 1024 -reorder -a2av -p2p_pl -slabs -r2c_dir 0 -ingrid 32 1 1 -outgrid 8 2 2 -no-gpu-aware -n5
Shell debugging temporarily silenced: export LMOD_SH_DBG_ON=1 for this output (/usr/share/lmod/lmod/init/bash)
+ case "$-" in
+ __lmod_vx=x
+ '[' -n x ']'
+ set +x
Shell debugging restarted
+ unset __lmod_vx
+ case "$-" in
+ __lmod_vx=x
+ '[' -n x ']'
+ set +x
Shell debugging temporarily silenced: export LMOD_SH_DBG_ON=1 for this output (/usr/share/lmod/lmod/init/bash)
+ speed3d_r2c cufft float-long 1024 1024 1024 -reorder -a2av -p2p_pl -slabs -r2c_dir 0 -ingrid 32 1 1 -outgrid 8 2 2 -no-gpu-aware -n5
Shell debugging restarted
Shell debugging restarted
+ unset __lmod_vx
+ speed3d_r2c cufft float-long 1024 1024 1024 -reorder -a2av -p2p_pl -slabs -r2c_dir 0 -ingrid 32 1 1 -outgrid 8 2 2 -no-gpu-aware -n5
+ unset __lmod_vx
Shell debugging restarted
+ unset __lmod_vx
+ speed3d_r2c cufft float-long 1024 1024 1024 -reorder -a2av -p2p_pl -slabs -r2c_dir 0 -ingrid 32 1 1 -outgrid 8 2 2 -no-gpu-aware -n5
+ '[' -z '' ']'
+ case "$-" in
+ __lmod_vx=x
+ speed3d_r2c cufft float-long 1024 1024 1024 -reorder -a2av -p2p_pl -slabs -r2c_dir 0 -ingrid 32 1 1 -outgrid 8 2 2 -no-gpu-aware -n5
+ '[' -z '' ']'
+ case "$-" in
+ __lmod_vx=x
+ '[' -n x ']'
+ set +x
Shell debugging restarted
+ unset __lmod_vx
+ speed3d_r2c cufft float-long 1024 1024 1024 -reorder -a2av -p2p_pl -slabs -r2c_dir 0 -ingrid 32 1 1 -outgrid 8 2 2 -no-gpu-aware -n5
Shell debugging temporarily silenced: export LMOD_SH_DBG_ON=1 for this output (/usr/share/lmod/lmod/init/bash)
+ speed3d_r2c cufft float-long 1024 1024 1024 -reorder -a2av -p2p_pl -slabs -r2c_dir 0 -ingrid 32 1 1 -outgrid 8 2 2 -no-gpu-aware -n5
+ '[' -n x ']'
+ set +x
“RANK= 20 LOCAL_RANK= 0 gpu= 3”
Shell debugging temporarily silenced: export LMOD_SH_DBG_ON=1 for this output (/usr/share/lmod/lmod/init/bash)
+ speed3d_r2c cufft float-long 1024 1024 1024 -reorder -a2av -p2p_pl -slabs -r2c_dir 0 -ingrid 32 1 1 -outgrid 8 2 2 -no-gpu-aware -n5
“RANK= 22 LOCAL_RANK= 2 gpu= 1”
Shell debugging temporarily silenced: export LMOD_SH_DBG_ON=1 for this output (/usr/share/lmod/lmod/init/bash)
+ '[' -z '' ']'
+ case "$-" in
+ __lmod_vx=x
+ '[' -n x ']'
+ set +x
Shell debugging restarted
+ unset __lmod_vx
“RANK= 21 LOCAL_RANK= 1 gpu= 2”
Shell debugging restarted
“RANK= 23 LOCAL_RANK= 3 gpu= 0”
+ unset __lmod_vx
+ speed3d_r2c cufft float-long 1024 1024 1024 -reorder -a2av -p2p_pl -slabs -r2c_dir 0 -ingrid 32 1 1 -outgrid 8 2 2 -no-gpu-aware -n5
+ speed3d_r2c cufft float-long 1024 1024 1024 -reorder -a2av -p2p_pl -slabs -r2c_dir 0 -ingrid 32 1 1 -outgrid 8 2 2 -no-gpu-aware -n5
Shell debugging restarted
+ unset __lmod_vx
+ speed3d_r2c cufft float-long 1024 1024 1024 -reorder -a2av -p2p_pl -slabs -r2c_dir 0 -ingrid 32 1 1 -outgrid 8 2 2 -no-gpu-aware -n5
“RANK= 24 LOCAL_RANK= 0 gpu= 3”
“RANK= 25 LOCAL_RANK= 1 gpu= 2”
“RANK= 26 LOCAL_RANK= 2 gpu= 1”
+ '[' -z '' ']'
“RANK= 27 LOCAL_RANK= 3 gpu= 0”
Shell debugging temporarily silenced: export LMOD_SH_DBG_ON=1 for this output (/usr/share/lmod/lmod/init/bash)
+ case "$-" in
+ __lmod_vx=x
+ '[' -n x ']'
+ set +x
+ '[' -z '' ']'
+ case "$-" in
+ __lmod_vx=x
Shell debugging temporarily silenced: export LMOD_SH_DBG_ON=1 for this output (/usr/share/lmod/lmod/init/bash)
+ '[' -z '' ']'
+ case "$-" in
+ __lmod_vx=x
+ '[' -n x ']'
+ set +x
Shell debugging restarted
+ unset __lmod_vx
Shell debugging temporarily silenced: export LMOD_SH_DBG_ON=1 for this output (/usr/share/lmod/lmod/init/bash)
+ '[' -n x ']'
+ set +x
Shell debugging restarted
Shell debugging temporarily silenced: export LMOD_SH_DBG_ON=1 for this output (/usr/share/lmod/lmod/init/bash)
+ '[' -z '' ']'
+ case "$-" in
+ __lmod_vx=x
+ '[' -n x ']'
+ set +x
+ speed3d_r2c cufft float-long 1024 1024 1024 -reorder -a2av -p2p_pl -slabs -r2c_dir 0 -ingrid 32 1 1 -outgrid 8 2 2 -no-gpu-aware -n5
Shell debugging restarted
+ unset __lmod_vx
+ speed3d_r2c cufft float-long 1024 1024 1024 -reorder -a2av -p2p_pl -slabs -r2c_dir 0 -ingrid 32 1 1 -outgrid 8 2 2 -no-gpu-aware -n5
+ unset __lmod_vx
+ speed3d_r2c cufft float-long 1024 1024 1024 -reorder -a2av -p2p_pl -slabs -r2c_dir 0 -ingrid 32 1 1 -outgrid 8 2 2 -no-gpu-aware -n5
Shell debugging restarted
+ unset __lmod_vx
+ speed3d_r2c cufft float-long 1024 1024 1024 -reorder -a2av -p2p_pl -slabs -r2c_dir 0 -ingrid 32 1 1 -outgrid 8 2 2 -no-gpu-aware -n5
+ '[' -z '' ']'
+ case "$-" in
Shell debugging temporarily silenced: export LMOD_SH_DBG_ON=1 for this output (/usr/share/lmod/lmod/init/bash)
+ __lmod_vx=x
+ '[' -n x ']'
+ set +x
Shell debugging restarted
+ unset __lmod_vx
+ '[' -z '' ']'
+ case "$-" in
+ __lmod_vx=x
+ '[' -z '' ']'
+ case "$-" in
+ __lmod_vx=x
+ '[' -n x ']'
+ set +x
Shell debugging temporarily silenced: export LMOD_SH_DBG_ON=1 for this output (/usr/share/lmod/lmod/init/bash)
+ '[' -n x ']'
+ set +x
Shell debugging temporarily silenced: export LMOD_SH_DBG_ON=1 for this output (/usr/share/lmod/lmod/init/bash)
+ '[' -z '' ']'
+ case "$-" in
+ __lmod_vx=x
+ '[' -n x ']'
+ set +x
Shell debugging temporarily silenced: export LMOD_SH_DBG_ON=1 for this output (/usr/share/lmod/lmod/init/bash)
+ speed3d_r2c cufft float-long 1024 1024 1024 -reorder -a2av -p2p_pl -slabs -r2c_dir 0 -ingrid 32 1 1 -outgrid 8 2 2 -no-gpu-aware -n5
Shell debugging restarted
+ unset __lmod_vx
Shell debugging restarted
+ unset __lmod_vx
+ speed3d_r2c cufft float-long 1024 1024 1024 -reorder -a2av -p2p_pl -slabs -r2c_dir 0 -ingrid 32 1 1 -outgrid 8 2 2 -no-gpu-aware -n5
+ speed3d_r2c cufft float-long 1024 1024 1024 -reorder -a2av -p2p_pl -slabs -r2c_dir 0 -ingrid 32 1 1 -outgrid 8 2 2 -no-gpu-aware -n5
Shell debugging restarted
+ unset __lmod_vx
+ speed3d_r2c cufft float-long 1024 1024 1024 -reorder -a2av -p2p_pl -slabs -r2c_dir 0 -ingrid 32 1 1 -outgrid 8 2 2 -no-gpu-aware -n5

----------------------------------------------------------------------------- 
heFFTe performance test
----------------------------------------------------------------------------- 
Backend:   cufft
Size:      1024x1024x1024
MPI ranks:   32
Grids: (32, 1, 1)  (1, 1, 32)  -  (4, 8, 1)  (8, 2, 2)  
Time per run: 0.158842 (s)
Performance:  1013.97 GFlops/s
Memory usage: 1027MB/rank
Tolerance:    0.0005
Max error:    8.7209e-06

