“RANK= 20 LOCAL_RANK= 0 gpu= 3”
“RANK= 22 LOCAL_RANK= 2 gpu= 1”
“RANK= 23 LOCAL_RANK= 3 gpu= 0”
“RANK= 21 LOCAL_RANK= 1 gpu= 2”
“RANK= 52 LOCAL_RANK= 0 gpu= 3”
“RANK= 54 LOCAL_RANK= 2 gpu= 1”
“RANK= 55 LOCAL_RANK= 3 gpu= 0”
“RANK= 53 LOCAL_RANK= 1 gpu= 2”
“RANK= 12 LOCAL_RANK= 0 gpu= 3”
“RANK= 13 LOCAL_RANK= 1 gpu= 2”
“RANK= 15 LOCAL_RANK= 3 gpu= 0”
“RANK= 14 LOCAL_RANK= 2 gpu= 1”
“RANK= 8 LOCAL_RANK= 0 gpu= 3”
+ '[' -z '' ']'
+ case "$-" in
+ __lmod_vx=x
+ '[' -n x ']'
Shell debugging temporarily silenced: export LMOD_SH_DBG_ON=1 for this output (/usr/share/lmod/lmod/init/bash)
+ set +x
+ '[' -z '' ']'
+ case "$-" in
+ __lmod_vx=x
+ '[' -z '' ']'
+ case "$-" in
+ __lmod_vx=x
+ '[' -n x ']'
+ set +x
Shell debugging restarted
+ unset __lmod_vx
“RANK= 4 LOCAL_RANK= 0 gpu= 3”
+ '[' -z '' ']'
+ case "$-" in
+ __lmod_vx=x
+ '[' -n x ']'
+ set +x
Shell debugging temporarily silenced: export LMOD_SH_DBG_ON=1 for this output (/usr/share/lmod/lmod/init/bash)
+ '[' -n x ']'
+ set +x
Shell debugging temporarily silenced: export LMOD_SH_DBG_ON=1 for this output (/usr/share/lmod/lmod/init/bash)
Shell debugging temporarily silenced: export LMOD_SH_DBG_ON=1 for this output (/usr/share/lmod/lmod/init/bash)
“RANK= 9 LOCAL_RANK= 1 gpu= 2”
Shell debugging restarted
+ unset __lmod_vx
Shell debugging restarted
+ unset __lmod_vx
+ speed3d_r2c cufft float 512 512 512 -reorder -a2a -p2p_pl -r2c_dir 2 -ingrid 2 2 16 -outgrid 8 8 1 -n5
+ speed3d_r2c cufft float 512 512 512 -reorder -a2a -p2p_pl -r2c_dir 2 -ingrid 2 2 16 -outgrid 8 8 1 -n5
Shell debugging restarted
+ unset __lmod_vx
+ speed3d_r2c cufft float 512 512 512 -reorder -a2a -p2p_pl -r2c_dir 2 -ingrid 2 2 16 -outgrid 8 8 1 -n5
+ speed3d_r2c cufft float 512 512 512 -reorder -a2a -p2p_pl -r2c_dir 2 -ingrid 2 2 16 -outgrid 8 8 1 -n5
“RANK= 10 LOCAL_RANK= 2 gpu= 1”
“RANK= 11 LOCAL_RANK= 3 gpu= 0”
“RANK= 5 LOCAL_RANK= 1 gpu= 2”
“RANK= 6 LOCAL_RANK= 2 gpu= 1”
+ '[' -z '' ']'
+ case "$-" in
+ __lmod_vx=x
Shell debugging temporarily silenced: export LMOD_SH_DBG_ON=1 for this output (/usr/share/lmod/lmod/init/bash)
+ '[' -n x ']'
+ set +x
+ '[' -z '' ']'
+ case "$-" in
+ __lmod_vx=x
“RANK= 7 LOCAL_RANK= 3 gpu= 0”
+ '[' -z '' ']'
+ case "$-" in
+ __lmod_vx=x
+ '[' -n x ']'
+ set +x
Shell debugging temporarily silenced: export LMOD_SH_DBG_ON=1 for this output (/usr/share/lmod/lmod/init/bash)
Shell debugging restarted
+ '[' -n x ']'
+ set +x
+ unset __lmod_vx
Shell debugging temporarily silenced: export LMOD_SH_DBG_ON=1 for this output (/usr/share/lmod/lmod/init/bash)
+ '[' -z '' ']'
+ case "$-" in
+ '[' -z '' ']'
+ case "$-" in
+ __lmod_vx=x
+ '[' -n x ']'
+ set +x
+ '[' -z '' ']'
+ case "$-" in
+ __lmod_vx=x
Shell debugging temporarily silenced: export LMOD_SH_DBG_ON=1 for this output (/usr/share/lmod/lmod/init/bash)
+ '[' -z '' ']'
+ case "$-" in
+ __lmod_vx=x
+ '[' -n x ']'
+ set +x
+ '[' -z '' ']'
+ case "$-" in
+ __lmod_vx=x
+ '[' -n x ']'
+ set +x
Shell debugging temporarily silenced: export LMOD_SH_DBG_ON=1 for this output (/usr/share/lmod/lmod/init/bash)
“RANK= 24 LOCAL_RANK= 0 gpu= 3”
Shell debugging temporarily silenced: export LMOD_SH_DBG_ON=1 for this output (/usr/share/lmod/lmod/init/bash)
“RANK= 60 LOCAL_RANK= 0 gpu= 3”
+ __lmod_vx=x
+ '[' -n x ']'
+ set +x
“RANK= 25 LOCAL_RANK= 1 gpu= 2”
Shell debugging restarted
+ unset __lmod_vx
“RANK= 61 LOCAL_RANK= 1 gpu= 2”
+ speed3d_r2c cufft float 512 512 512 -reorder -a2a -p2p_pl -r2c_dir 2 -ingrid 2 2 16 -outgrid 8 8 1 -n5
“RANK= 27 LOCAL_RANK= 3 gpu= 0”
Shell debugging restarted
+ unset __lmod_vx
“RANK= 62 LOCAL_RANK= 2 gpu= 1”
+ '[' -z '' ']'
+ case "$-" in
Shell debugging temporarily silenced: export LMOD_SH_DBG_ON=1 for this output (/usr/share/lmod/lmod/init/bash)
Shell debugging restarted
+ unset __lmod_vx
“RANK= 63 LOCAL_RANK= 3 gpu= 0”
Shell debugging temporarily silenced: export LMOD_SH_DBG_ON=1 for this output (/usr/share/lmod/lmod/init/bash)
+ '[' -n x ']'
+ set +x
“RANK= 26 LOCAL_RANK= 2 gpu= 1”
Shell debugging restarted
+ unset __lmod_vx
+ __lmod_vx=x
+ '[' -n x ']'
+ set +x
Shell debugging temporarily silenced: export LMOD_SH_DBG_ON=1 for this output (/usr/share/lmod/lmod/init/bash)
+ speed3d_r2c cufft float 512 512 512 -reorder -a2a -p2p_pl -r2c_dir 2 -ingrid 2 2 16 -outgrid 8 8 1 -n5
+ '[' -z '' ']'
+ case "$-" in
Shell debugging restarted
+ speed3d_r2c cufft float 512 512 512 -reorder -a2a -p2p_pl -r2c_dir 2 -ingrid 2 2 16 -outgrid 8 8 1 -n5
Shell debugging restarted
+ unset __lmod_vx
Shell debugging restarted
+ unset __lmod_vx
+ speed3d_r2c cufft float 512 512 512 -reorder -a2a -p2p_pl -r2c_dir 2 -ingrid 2 2 16 -outgrid 8 8 1 -n5
Shell debugging temporarily silenced: export LMOD_SH_DBG_ON=1 for this output (/usr/share/lmod/lmod/init/bash)
Shell debugging restarted
+ unset __lmod_vx
+ speed3d_r2c cufft float 512 512 512 -reorder -a2a -p2p_pl -r2c_dir 2 -ingrid 2 2 16 -outgrid 8 8 1 -n5
+ __lmod_vx=x
+ '[' -n x ']'
+ set +x
+ unset __lmod_vx
+ speed3d_r2c cufft float 512 512 512 -reorder -a2a -p2p_pl -r2c_dir 2 -ingrid 2 2 16 -outgrid 8 8 1 -n5
+ '[' -z '' ']'
+ case "$-" in
+ speed3d_r2c cufft float 512 512 512 -reorder -a2a -p2p_pl -r2c_dir 2 -ingrid 2 2 16 -outgrid 8 8 1 -n5
+ speed3d_r2c cufft float 512 512 512 -reorder -a2a -p2p_pl -r2c_dir 2 -ingrid 2 2 16 -outgrid 8 8 1 -n5
“RANK= 32 LOCAL_RANK= 0 gpu= 3”
Shell debugging temporarily silenced: export LMOD_SH_DBG_ON=1 for this output (/usr/share/lmod/lmod/init/bash)
Shell debugging restarted
+ unset __lmod_vx
+ speed3d_r2c cufft float 512 512 512 -reorder -a2a -p2p_pl -r2c_dir 2 -ingrid 2 2 16 -outgrid 8 8 1 -n5
“RANK= 33 LOCAL_RANK= 1 gpu= 2”
+ __lmod_vx=x
+ '[' -n x ']'
+ set +x
+ '[' -z '' ']'
+ case "$-" in
+ __lmod_vx=x
+ '[' -n x ']'
+ set +x
Shell debugging restarted
+ unset __lmod_vx
+ speed3d_r2c cufft float 512 512 512 -reorder -a2a -p2p_pl -r2c_dir 2 -ingrid 2 2 16 -outgrid 8 8 1 -n5
“RANK= 34 LOCAL_RANK= 2 gpu= 1”
+ '[' -z '' ']'
+ case "$-" in
+ __lmod_vx=x
Shell debugging temporarily silenced: export LMOD_SH_DBG_ON=1 for this output (/usr/share/lmod/lmod/init/bash)
“RANK= 35 LOCAL_RANK= 3 gpu= 0”
Shell debugging temporarily silenced: export LMOD_SH_DBG_ON=1 for this output (/usr/share/lmod/lmod/init/bash)
+ '[' -z '' ']'
+ case "$-" in
+ '[' -n x ']'
+ set +x
+ __lmod_vx=x
+ '[' -n x ']'
+ set +x
+ speed3d_r2c cufft float 512 512 512 -reorder -a2a -p2p_pl -r2c_dir 2 -ingrid 2 2 16 -outgrid 8 8 1 -n5
Shell debugging temporarily silenced: export LMOD_SH_DBG_ON=1 for this output (/usr/share/lmod/lmod/init/bash)
Shell debugging restarted
+ unset __lmod_vx
Shell debugging restarted
+ unset __lmod_vx
Shell debugging temporarily silenced: export LMOD_SH_DBG_ON=1 for this output (/usr/share/lmod/lmod/init/bash)
+ speed3d_r2c cufft float 512 512 512 -reorder -a2a -p2p_pl -r2c_dir 2 -ingrid 2 2 16 -outgrid 8 8 1 -n5
+ '[' -z '' ']'
+ case "$-" in
+ __lmod_vx=x
+ '[' -n x ']'
+ set +x
Shell debugging restarted
+ speed3d_r2c cufft float 512 512 512 -reorder -a2a -p2p_pl -r2c_dir 2 -ingrid 2 2 16 -outgrid 8 8 1 -n5
+ unset __lmod_vx
Shell debugging temporarily silenced: export LMOD_SH_DBG_ON=1 for this output (/usr/share/lmod/lmod/init/bash)
+ speed3d_r2c cufft float 512 512 512 -reorder -a2a -p2p_pl -r2c_dir 2 -ingrid 2 2 16 -outgrid 8 8 1 -n5
+ '[' -z '' ']'
+ case "$-" in
+ __lmod_vx=x
+ '[' -n x ']'
+ set +x
Shell debugging restarted
+ unset __lmod_vx
+ speed3d_r2c cufft float 512 512 512 -reorder -a2a -p2p_pl -r2c_dir 2 -ingrid 2 2 16 -outgrid 8 8 1 -n5
Shell debugging restarted
+ unset __lmod_vx
+ speed3d_r2c cufft float 512 512 512 -reorder -a2a -p2p_pl -r2c_dir 2 -ingrid 2 2 16 -outgrid 8 8 1 -n5
“RANK= 48 LOCAL_RANK= 0 gpu= 3”
+ '[' -z '' ']'
+ case "$-" in
+ __lmod_vx=x
“RANK= 49 LOCAL_RANK= 1 gpu= 2”
Shell debugging temporarily silenced: export LMOD_SH_DBG_ON=1 for this output (/usr/share/lmod/lmod/init/bash)
+ '[' -n x ']'
+ set +x
+ '[' -z '' ']'
+ case "$-" in
+ __lmod_vx=x
“RANK= 50 LOCAL_RANK= 2 gpu= 1”
“RANK= 51 LOCAL_RANK= 3 gpu= 0”
Shell debugging temporarily silenced: export LMOD_SH_DBG_ON=1 for this output (/usr/share/lmod/lmod/init/bash)
+ '[' -n x ']'
+ set +x
+ '[' -z '' ']'
+ case "$-" in
+ __lmod_vx=x
+ '[' -n x ']'
+ set +x
+ '[' -z '' ']'
+ case "$-" in
+ __lmod_vx=x
+ '[' -n x ']'
+ set +x
Shell debugging restarted
+ unset __lmod_vx
+ '[' -z '' ']'
+ case "$-" in
+ __lmod_vx=x
+ '[' -n x ']'
+ set +x
+ '[' -z '' ']'
+ case "$-" in
+ __lmod_vx=x
+ '[' -n x ']'
+ set +x
+ '[' -z '' ']'
+ case "$-" in
+ __lmod_vx=x
+ '[' -n x ']'
+ set +x
Shell debugging temporarily silenced: export LMOD_SH_DBG_ON=1 for this output (/usr/share/lmod/lmod/init/bash)
Shell debugging temporarily silenced: export LMOD_SH_DBG_ON=1 for this output (/usr/share/lmod/lmod/init/bash)
+ '[' -z '' ']'
+ case "$-" in
+ __lmod_vx=x
+ '[' -n x ']'
+ set +x
“RANK= 28 LOCAL_RANK= 0 gpu= 3”
Shell debugging temporarily silenced: export LMOD_SH_DBG_ON=1 for this output (/usr/share/lmod/lmod/init/bash)
Shell debugging temporarily silenced: export LMOD_SH_DBG_ON=1 for this output (/usr/share/lmod/lmod/init/bash)
“RANK= 29 LOCAL_RANK= 1 gpu= 2”
Shell debugging temporarily silenced: export LMOD_SH_DBG_ON=1 for this output (/usr/share/lmod/lmod/init/bash)
Shell debugging temporarily silenced: export LMOD_SH_DBG_ON=1 for this output (/usr/share/lmod/lmod/init/bash)
“RANK= 30 LOCAL_RANK= 2 gpu= 1”
Shell debugging restarted
+ unset __lmod_vx
Shell debugging restarted
“RANK= 31 LOCAL_RANK= 3 gpu= 0”
+ '[' -z '' ']'
Shell debugging restarted
Shell debugging restarted
Shell debugging temporarily silenced: export LMOD_SH_DBG_ON=1 for this output (/usr/share/lmod/lmod/init/bash)
Shell debugging restarted
+ unset __lmod_vx
+ unset __lmod_vx
+ speed3d_r2c cufft float 512 512 512 -reorder -a2a -p2p_pl -r2c_dir 2 -ingrid 2 2 16 -outgrid 8 8 1 -n5
+ case "$-" in
+ __lmod_vx=x
+ '[' -n x ']'
+ set +x
Shell debugging restarted
+ unset __lmod_vx
+ speed3d_r2c cufft float 512 512 512 -reorder -a2a -p2p_pl -r2c_dir 2 -ingrid 2 2 16 -outgrid 8 8 1 -n5
+ '[' -z '' ']'
“RANK= 44 LOCAL_RANK= 0 gpu= 3”
+ unset __lmod_vx
Shell debugging restarted
+ unset __lmod_vx
+ speed3d_r2c cufft float 512 512 512 -reorder -a2a -p2p_pl -r2c_dir 2 -ingrid 2 2 16 -outgrid 8 8 1 -n5
+ case "$-" in
+ __lmod_vx=x
+ '[' -n x ']'
+ set +x
“RANK= 46 LOCAL_RANK= 2 gpu= 1”
+ speed3d_r2c cufft float 512 512 512 -reorder -a2a -p2p_pl -r2c_dir 2 -ingrid 2 2 16 -outgrid 8 8 1 -n5
+ unset __lmod_vx
+ speed3d_r2c cufft float 512 512 512 -reorder -a2a -p2p_pl -r2c_dir 2 -ingrid 2 2 16 -outgrid 8 8 1 -n5
Shell debugging temporarily silenced: export LMOD_SH_DBG_ON=1 for this output (/usr/share/lmod/lmod/init/bash)
+ speed3d_r2c cufft float 512 512 512 -reorder -a2a -p2p_pl -r2c_dir 2 -ingrid 2 2 16 -outgrid 8 8 1 -n5
+ '[' -z '' ']'
+ case "$-" in
+ __lmod_vx=x
+ '[' -n x ']'
+ set +x
+ speed3d_r2c cufft float 512 512 512 -reorder -a2a -p2p_pl -r2c_dir 2 -ingrid 2 2 16 -outgrid 8 8 1 -n5
Shell debugging restarted
+ unset __lmod_vx
+ speed3d_r2c cufft float 512 512 512 -reorder -a2a -p2p_pl -r2c_dir 2 -ingrid 2 2 16 -outgrid 8 8 1 -n5
Shell debugging temporarily silenced: export LMOD_SH_DBG_ON=1 for this output (/usr/share/lmod/lmod/init/bash)
“RANK= 45 LOCAL_RANK= 1 gpu= 2”
+ '[' -z '' ']'
+ case "$-" in
+ __lmod_vx=x
+ '[' -n x ']'
+ set +x
“RANK= 47 LOCAL_RANK= 3 gpu= 0”
Shell debugging restarted
+ unset __lmod_vx
Shell debugging temporarily silenced: export LMOD_SH_DBG_ON=1 for this output (/usr/share/lmod/lmod/init/bash)
+ speed3d_r2c cufft float 512 512 512 -reorder -a2a -p2p_pl -r2c_dir 2 -ingrid 2 2 16 -outgrid 8 8 1 -n5
Shell debugging restarted
+ unset __lmod_vx
+ speed3d_r2c cufft float 512 512 512 -reorder -a2a -p2p_pl -r2c_dir 2 -ingrid 2 2 16 -outgrid 8 8 1 -n5
+ speed3d_r2c cufft float 512 512 512 -reorder -a2a -p2p_pl -r2c_dir 2 -ingrid 2 2 16 -outgrid 8 8 1 -n5
Shell debugging restarted
+ unset __lmod_vx
+ speed3d_r2c cufft float 512 512 512 -reorder -a2a -p2p_pl -r2c_dir 2 -ingrid 2 2 16 -outgrid 8 8 1 -n5
+ '[' -z '' ']'
+ case "$-" in
Shell debugging temporarily silenced: export LMOD_SH_DBG_ON=1 for this output (/usr/share/lmod/lmod/init/bash)
+ __lmod_vx=x
+ '[' -n x ']'
+ set +x
Shell debugging restarted
+ '[' -z '' ']'
+ case "$-" in
+ __lmod_vx=x
+ '[' -n x ']'
+ '[' -z '' ']'
+ case "$-" in
+ __lmod_vx=x
+ '[' -n x ']'
+ set +x
+ unset __lmod_vx
+ '[' -z '' ']'
+ case "$-" in
+ __lmod_vx=x
+ '[' -n x ']'
+ set +x
Shell debugging temporarily silenced: export LMOD_SH_DBG_ON=1 for this output (/usr/share/lmod/lmod/init/bash)
+ set +x
“RANK= 56 LOCAL_RANK= 0 gpu= 3”
Shell debugging temporarily silenced: export LMOD_SH_DBG_ON=1 for this output (/usr/share/lmod/lmod/init/bash)
Shell debugging temporarily silenced: export LMOD_SH_DBG_ON=1 for this output (/usr/share/lmod/lmod/init/bash)
+ speed3d_r2c cufft float 512 512 512 -reorder -a2a -p2p_pl -r2c_dir 2 -ingrid 2 2 16 -outgrid 8 8 1 -n5
“RANK= 57 LOCAL_RANK= 1 gpu= 2”
Shell debugging restarted
+ unset __lmod_vx
Shell debugging restarted
+ unset __lmod_vx
+ speed3d_r2c cufft float 512 512 512 -reorder -a2a -p2p_pl -r2c_dir 2 -ingrid 2 2 16 -outgrid 8 8 1 -n5
Shell debugging restarted
+ unset __lmod_vx
+ speed3d_r2c cufft float 512 512 512 -reorder -a2a -p2p_pl -r2c_dir 2 -ingrid 2 2 16 -outgrid 8 8 1 -n5
+ speed3d_r2c cufft float 512 512 512 -reorder -a2a -p2p_pl -r2c_dir 2 -ingrid 2 2 16 -outgrid 8 8 1 -n5
+ '[' -z '' ']'
+ case "$-" in
+ __lmod_vx=x
Shell debugging temporarily silenced: export LMOD_SH_DBG_ON=1 for this output (/usr/share/lmod/lmod/init/bash)
+ '[' -n x ']'
+ set +x
“RANK= 58 LOCAL_RANK= 2 gpu= 1”
“RANK= 16 LOCAL_RANK= 0 gpu= 3”
Shell debugging restarted
+ '[' -z '' ']'
+ case "$-" in
+ __lmod_vx=x
+ '[' -n x ']'
+ set +x
+ '[' -z '' ']'
+ case "$-" in
+ __lmod_vx=x
+ '[' -n x ']'
+ set +x
+ unset __lmod_vx
“RANK= 59 LOCAL_RANK= 3 gpu= 0”
Shell debugging temporarily silenced: export LMOD_SH_DBG_ON=1 for this output (/usr/share/lmod/lmod/init/bash)
Shell debugging temporarily silenced: export LMOD_SH_DBG_ON=1 for this output (/usr/share/lmod/lmod/init/bash)
Shell debugging temporarily silenced: export LMOD_SH_DBG_ON=1 for this output (/usr/share/lmod/lmod/init/bash)
+ '[' -z '' ']'
+ case "$-" in
+ __lmod_vx=x
+ '[' -n x ']'
+ set +x
+ speed3d_r2c cufft float 512 512 512 -reorder -a2a -p2p_pl -r2c_dir 2 -ingrid 2 2 16 -outgrid 8 8 1 -n5
Shell debugging restarted
+ unset __lmod_vx
Shell debugging restarted
+ unset __lmod_vx
“RANK= 17 LOCAL_RANK= 1 gpu= 2”
+ speed3d_r2c cufft float 512 512 512 -reorder -a2a -p2p_pl -r2c_dir 2 -ingrid 2 2 16 -outgrid 8 8 1 -n5
“RANK= 19 LOCAL_RANK= 3 gpu= 0”
Shell debugging restarted
+ unset __lmod_vx
“RANK= 18 LOCAL_RANK= 2 gpu= 1”
+ speed3d_r2c cufft float 512 512 512 -reorder -a2a -p2p_pl -r2c_dir 2 -ingrid 2 2 16 -outgrid 8 8 1 -n5
+ '[' -z '' ']'
+ case "$-" in
+ __lmod_vx=x
+ speed3d_r2c cufft float 512 512 512 -reorder -a2a -p2p_pl -r2c_dir 2 -ingrid 2 2 16 -outgrid 8 8 1 -n5
Shell debugging temporarily silenced: export LMOD_SH_DBG_ON=1 for this output (/usr/share/lmod/lmod/init/bash)
+ '[' -n x ']'
+ set +x
Shell debugging restarted
+ unset __lmod_vx
+ '[' -z '' ']'
+ case "$-" in
+ __lmod_vx=x
+ '[' -z '' ']'
+ case "$-" in
+ __lmod_vx=x
+ '[' -n x ']'
+ set +x
+ '[' -z '' ']'
+ case "$-" in
+ __lmod_vx=x
+ '[' -n x ']'
+ set +x
Shell debugging temporarily silenced: export LMOD_SH_DBG_ON=1 for this output (/usr/share/lmod/lmod/init/bash)
+ '[' -n x ']'
+ set +x
Shell debugging temporarily silenced: export LMOD_SH_DBG_ON=1 for this output (/usr/share/lmod/lmod/init/bash)
Shell debugging temporarily silenced: export LMOD_SH_DBG_ON=1 for this output (/usr/share/lmod/lmod/init/bash)
+ speed3d_r2c cufft float 512 512 512 -reorder -a2a -p2p_pl -r2c_dir 2 -ingrid 2 2 16 -outgrid 8 8 1 -n5
Shell debugging restarted
+ unset __lmod_vx
Shell debugging restarted
+ unset __lmod_vx
+ speed3d_r2c cufft float 512 512 512 -reorder -a2a -p2p_pl -r2c_dir 2 -ingrid 2 2 16 -outgrid 8 8 1 -n5
Shell debugging restarted
+ unset __lmod_vx
+ speed3d_r2c cufft float 512 512 512 -reorder -a2a -p2p_pl -r2c_dir 2 -ingrid 2 2 16 -outgrid 8 8 1 -n5
+ speed3d_r2c cufft float 512 512 512 -reorder -a2a -p2p_pl -r2c_dir 2 -ingrid 2 2 16 -outgrid 8 8 1 -n5
+ '[' -z '' ']'
+ case "$-" in
+ __lmod_vx=x
+ '[' -n x ']'
Shell debugging temporarily silenced: export LMOD_SH_DBG_ON=1 for this output (/usr/share/lmod/lmod/init/bash)
+ set +x
Shell debugging temporarily silenced: export LMOD_SH_DBG_ON=1 for this output (/usr/share/lmod/lmod/init/bash)
+ '[' -z '' ']'
+ case "$-" in
+ __lmod_vx=x
+ '[' -n x ']'
+ set +x
+ '[' -z '' ']'
+ case "$-" in
+ __lmod_vx=x
+ '[' -n x ']'
+ set +x
Shell debugging restarted
+ unset __lmod_vx
Shell debugging restarted
+ unset __lmod_vx
Shell debugging temporarily silenced: export LMOD_SH_DBG_ON=1 for this output (/usr/share/lmod/lmod/init/bash)
Shell debugging restarted
+ unset __lmod_vx
“RANK= 36 LOCAL_RANK= 0 gpu= 3”
Shell debugging temporarily silenced: export LMOD_SH_DBG_ON=1 for this output (/usr/share/lmod/lmod/init/bash)
+ '[' -z '' ']'
+ case "$-" in
+ __lmod_vx=x
+ '[' -n x ']'
+ set +x
Shell debugging restarted
+ unset __lmod_vx
+ '[' -z '' ']'
+ case "$-" in
+ __lmod_vx=x
+ '[' -n x ']'
+ speed3d_r2c cufft float 512 512 512 -reorder -a2a -p2p_pl -r2c_dir 2 -ingrid 2 2 16 -outgrid 8 8 1 -n5
Shell debugging temporarily silenced: export LMOD_SH_DBG_ON=1 for this output (/usr/share/lmod/lmod/init/bash)
“RANK= 37 LOCAL_RANK= 1 gpu= 2”
+ speed3d_r2c cufft float 512 512 512 -reorder -a2a -p2p_pl -r2c_dir 2 -ingrid 2 2 16 -outgrid 8 8 1 -n5
+ set +x
“RANK= 38 LOCAL_RANK= 2 gpu= 1”
+ speed3d_r2c cufft float 512 512 512 -reorder -a2a -p2p_pl -r2c_dir 2 -ingrid 2 2 16 -outgrid 8 8 1 -n5
+ '[' -z '' ']'
+ case "$-" in
+ __lmod_vx=x
+ '[' -n x ']'
+ set +x
“RANK= 39 LOCAL_RANK= 3 gpu= 0”
+ speed3d_r2c cufft float 512 512 512 -reorder -a2a -p2p_pl -r2c_dir 2 -ingrid 2 2 16 -outgrid 8 8 1 -n5
Shell debugging temporarily silenced: export LMOD_SH_DBG_ON=1 for this output (/usr/share/lmod/lmod/init/bash)
+ '[' -z '' ']'
+ case "$-" in
+ __lmod_vx=x
+ '[' -n x ']'
+ set +x
Shell debugging temporarily silenced: export LMOD_SH_DBG_ON=1 for this output (/usr/share/lmod/lmod/init/bash)
Shell debugging temporarily silenced: export LMOD_SH_DBG_ON=1 for this output (/usr/share/lmod/lmod/init/bash)
+ '[' -z '' ']'
+ case "$-" in
+ __lmod_vx=x
+ '[' -n x ']'
+ set +x
Shell debugging restarted
+ unset __lmod_vx
Shell debugging restarted
+ unset __lmod_vx
Shell debugging restarted
+ unset __lmod_vx
Shell debugging restarted
+ unset __lmod_vx
+ speed3d_r2c cufft float 512 512 512 -reorder -a2a -p2p_pl -r2c_dir 2 -ingrid 2 2 16 -outgrid 8 8 1 -n5
+ speed3d_r2c cufft float 512 512 512 -reorder -a2a -p2p_pl -r2c_dir 2 -ingrid 2 2 16 -outgrid 8 8 1 -n5
+ speed3d_r2c cufft float 512 512 512 -reorder -a2a -p2p_pl -r2c_dir 2 -ingrid 2 2 16 -outgrid 8 8 1 -n5
+ speed3d_r2c cufft float 512 512 512 -reorder -a2a -p2p_pl -r2c_dir 2 -ingrid 2 2 16 -outgrid 8 8 1 -n5
“RANK= 0 LOCAL_RANK= 0 gpu= 3”
+ '[' -z '' ']'
+ case "$-" in
Shell debugging temporarily silenced: export LMOD_SH_DBG_ON=1 for this output (/usr/share/lmod/lmod/init/bash)
+ __lmod_vx=x
+ '[' -n x ']'
+ set +x
“RANK= 2 LOCAL_RANK= 2 gpu= 1”
Shell debugging restarted
+ unset __lmod_vx
+ '[' -z '' ']'
+ case "$-" in
+ __lmod_vx=x
+ '[' -n x ']'
+ set +x
+ '[' -z '' ']'
+ case "$-" in
+ __lmod_vx=x
+ '[' -n x ']'
+ set +x
“RANK= 3 LOCAL_RANK= 3 gpu= 0”
+ '[' -z '' ']'
+ case "$-" in
+ __lmod_vx=x
+ '[' -n x ']'
+ set +x
Shell debugging temporarily silenced: export LMOD_SH_DBG_ON=1 for this output (/usr/share/lmod/lmod/init/bash)
“RANK= 1 LOCAL_RANK= 1 gpu= 2”
Shell debugging temporarily silenced: export LMOD_SH_DBG_ON=1 for this output (/usr/share/lmod/lmod/init/bash)
Shell debugging temporarily silenced: export LMOD_SH_DBG_ON=1 for this output (/usr/share/lmod/lmod/init/bash)
+ speed3d_r2c cufft float 512 512 512 -reorder -a2a -p2p_pl -r2c_dir 2 -ingrid 2 2 16 -outgrid 8 8 1 -n5
Shell debugging restarted
+ unset __lmod_vx
+ speed3d_r2c cufft float 512 512 512 -reorder -a2a -p2p_pl -r2c_dir 2 -ingrid 2 2 16 -outgrid 8 8 1 -n5
Shell debugging restarted
+ unset __lmod_vx
+ speed3d_r2c cufft float 512 512 512 -reorder -a2a -p2p_pl -r2c_dir 2 -ingrid 2 2 16 -outgrid 8 8 1 -n5
Shell debugging restarted
+ unset __lmod_vx
+ speed3d_r2c cufft float 512 512 512 -reorder -a2a -p2p_pl -r2c_dir 2 -ingrid 2 2 16 -outgrid 8 8 1 -n5
+ '[' -z '' ']'
+ case "$-" in
+ __lmod_vx=x
+ '[' -n x ']'
Shell debugging temporarily silenced: export LMOD_SH_DBG_ON=1 for this output (/usr/share/lmod/lmod/init/bash)
+ set +x
+ '[' -z '' ']'
+ case "$-" in
Shell debugging restarted
+ unset __lmod_vx
+ '[' -z '' ']'
+ case "$-" in
+ __lmod_vx=x
+ '[' -n x ']'
+ set +x
Shell debugging temporarily silenced: export LMOD_SH_DBG_ON=1 for this output (/usr/share/lmod/lmod/init/bash)
+ __lmod_vx=x
+ '[' -n x ']'
+ set +x
+ '[' -z '' ']'
+ case "$-" in
+ __lmod_vx=x
+ '[' -n x ']'
+ set +x
Shell debugging temporarily silenced: export LMOD_SH_DBG_ON=1 for this output (/usr/share/lmod/lmod/init/bash)
Shell debugging temporarily silenced: export LMOD_SH_DBG_ON=1 for this output (/usr/share/lmod/lmod/init/bash)
+ speed3d_r2c cufft float 512 512 512 -reorder -a2a -p2p_pl -r2c_dir 2 -ingrid 2 2 16 -outgrid 8 8 1 -n5
Shell debugging restarted
+ unset __lmod_vx
Shell debugging restarted
+ unset __lmod_vx
+ speed3d_r2c cufft float 512 512 512 -reorder -a2a -p2p_pl -r2c_dir 2 -ingrid 2 2 16 -outgrid 8 8 1 -n5
Shell debugging restarted
+ unset __lmod_vx
+ speed3d_r2c cufft float 512 512 512 -reorder -a2a -p2p_pl -r2c_dir 2 -ingrid 2 2 16 -outgrid 8 8 1 -n5
+ speed3d_r2c cufft float 512 512 512 -reorder -a2a -p2p_pl -r2c_dir 2 -ingrid 2 2 16 -outgrid 8 8 1 -n5
“RANK= 40 LOCAL_RANK= 0 gpu= 3”
“RANK= 42 LOCAL_RANK= 2 gpu= 1”
“RANK= 43 LOCAL_RANK= 3 gpu= 0”
“RANK= 41 LOCAL_RANK= 1 gpu= 2”
+ '[' -z '' ']'
+ case "$-" in
+ __lmod_vx=x
Shell debugging temporarily silenced: export LMOD_SH_DBG_ON=1 for this output (/usr/share/lmod/lmod/init/bash)
+ '[' -n x ']'
+ set +x
+ '[' -z '' ']'
+ case "$-" in
+ __lmod_vx=x
+ '[' -z '' ']'
+ case "$-" in
+ __lmod_vx=x
+ '[' -n x ']'
+ set +x
Shell debugging restarted
+ unset __lmod_vx
Shell debugging temporarily silenced: export LMOD_SH_DBG_ON=1 for this output (/usr/share/lmod/lmod/init/bash)
+ '[' -n x ']'
+ set +x
+ '[' -z '' ']'
+ case "$-" in
+ __lmod_vx=x
+ '[' -n x ']'
+ set +x
Shell debugging temporarily silenced: export LMOD_SH_DBG_ON=1 for this output (/usr/share/lmod/lmod/init/bash)
Shell debugging restarted
+ unset __lmod_vx
Shell debugging temporarily silenced: export LMOD_SH_DBG_ON=1 for this output (/usr/share/lmod/lmod/init/bash)
Shell debugging restarted
+ unset __lmod_vx
+ speed3d_r2c cufft float 512 512 512 -reorder -a2a -p2p_pl -r2c_dir 2 -ingrid 2 2 16 -outgrid 8 8 1 -n5
Shell debugging restarted
+ unset __lmod_vx
+ speed3d_r2c cufft float 512 512 512 -reorder -a2a -p2p_pl -r2c_dir 2 -ingrid 2 2 16 -outgrid 8 8 1 -n5
+ speed3d_r2c cufft float 512 512 512 -reorder -a2a -p2p_pl -r2c_dir 2 -ingrid 2 2 16 -outgrid 8 8 1 -n5
+ speed3d_r2c cufft float 512 512 512 -reorder -a2a -p2p_pl -r2c_dir 2 -ingrid 2 2 16 -outgrid 8 8 1 -n5
MPICH ERROR [Rank 51] [job id 95e0e9c0-88ea-43d6-b90d-835dc2833a00] [Sun Nov 12 09:26:10 2023] [x3204c0s7b0n0] - Abort(605696399) (rank 51 in comm 0): Fatal error in PMPI_Waitany: Other MPI error, error stack:
PMPI_Waitany(277)..............: MPI_Waitany(count=8, req_array=0x26d0ce0, index=0x7ffd48a5b6d4, status=0x1) failed
PMPI_Waitany(245)..............: 
MPIDI_Progress_test(80)........: 
MPIDI_OFI_handle_cq_error(1059): OFI poll failed (ofi_events.c:1061:MPIDI_OFI_handle_cq_error:Input/output error - remote access error)

aborting job:
Fatal error in PMPI_Waitany: Other MPI error, error stack:
PMPI_Waitany(277)..............: MPI_Waitany(count=8, req_array=0x26d0ce0, index=0x7ffd48a5b6d4, status=0x1) failed
PMPI_Waitany(245)..............: 
MPIDI_Progress_test(80)........: 
MPIDI_OFI_handle_cq_error(1059): OFI poll failed (ofi_events.c:1061:MPIDI_OFI_handle_cq_error:Input/output error - remote access error)
MPICH ERROR [Rank 23] [job id 95e0e9c0-88ea-43d6-b90d-835dc2833a00] [Sun Nov 12 09:26:10 2023] [x3204c0s1b1n0] - Abort(203567503) (rank 23 in comm 0): Fatal error in PMPI_Waitany: Other MPI error, error stack:
PMPI_Waitany(277)..............: MPI_Waitany(count=8, req_array=0x1415ce0, index=0x7ffea13b6ef4, status=0x1) failed
PMPI_Waitany(245)..............: 
MPIR_Waitany_impl(97)..........: 
MPIDI_Progress_test(80)........: 
MPIDI_OFI_handle_cq_error(1059): OFI poll failed (ofi_events.c:1061:MPIDI_OFI_handle_cq_error:Input/output error - local protection error)

aborting job:
Fatal error in PMPI_Waitany: Other MPI error, error stack:
PMPI_Waitany(277)..............: MPI_Waitany(count=8, req_array=0x1415ce0, index=0x7ffea13b6ef4, status=0x1) failed
PMPI_Waitany(245)..............: 
MPIR_Waitany_impl(97)..........: 
MPIDI_Progress_test(80)........: 
MPIDI_OFI_handle_cq_error(1059): OFI poll failed (ofi_events.c:1061:MPIDI_OFI_handle_cq_error:Input/output error - local protection error)
MPICH ERROR [Rank 63] [job id 95e0e9c0-88ea-43d6-b90d-835dc2833a00] [Sun Nov 12 09:26:10 2023] [x3001c0s13b1n0] - Abort(941765007) (rank 63 in comm 0): Fatal error in PMPI_Waitany: Other MPI error, error stack:
PMPI_Waitany(277)..............: MPI_Waitany(count=7, req_array=0x2374ce0, index=0x7fff406ff264, status=0x1) failed
PMPI_Waitany(245)..............: 
MPIR_Waitany_impl(97)..........: 
MPIDI_Progress_test(80)........: 
MPIDI_OFI_handle_cq_error(1059): OFI poll failed (ofi_events.c:1061:MPIDI_OFI_handle_cq_error:Input/output error - local protection error)

aborting job:
Fatal error in PMPI_Waitany: Other MPI error, error stack:
PMPI_Waitany(277)..............: MPI_Waitany(count=7, req_array=0x2374ce0, index=0x7fff406ff264, status=0x1) failed
PMPI_Waitany(245)..............: 
MPIR_Waitany_impl(97)..........: 
MPIDI_Progress_test(80)........: 
MPIDI_OFI_handle_cq_error(1059): OFI poll failed (ofi_events.c:1061:MPIDI_OFI_handle_cq_error:Input/output error - local protection error)
MPICH ERROR [Rank 32] [job id 95e0e9c0-88ea-43d6-b90d-835dc2833a00] [Sun Nov 12 09:26:10 2023] [x3204c0s31b0n0] - Abort(2240911) (rank 32 in comm 0): Fatal error in PMPI_Waitany: Other MPI error, error stack:
PMPI_Waitany(277)..............: MPI_Waitany(count=8, req_array=0x2002df0, index=0x7ffc9c336314, status=0x1) failed
PMPI_Waitany(245)..............: 
MPIR_Waitany_impl(97)..........: 
MPIDI_Progress_test(80)........: 
MPIDI_OFI_handle_cq_error(1059): OFI poll failed (ofi_events.c:1061:MPIDI_OFI_handle_cq_error:Input/output error - local protection error)

aborting job:
Fatal error in PMPI_Waitany: Other MPI error, error stack:
PMPI_Waitany(277)..............: MPI_Waitany(count=8, req_array=0x2002df0, index=0x7ffc9c336314, status=0x1) failed
PMPI_Waitany(245)..............: 
MPIR_Waitany_impl(97)..........: 
MPIDI_Progress_test(80)........: 
MPIDI_OFI_handle_cq_error(1059): OFI poll failed (ofi_events.c:1061:MPIDI_OFI_handle_cq_error:Input/output error - local protection error)
MPICH ERROR [Rank 31] [job id 95e0e9c0-88ea-43d6-b90d-835dc2833a00] [Sun Nov 12 09:26:10 2023] [x3204c0s25b1n0] - Abort(606220687) (rank 31 in comm 0): Fatal error in PMPI_Waitany: Other MPI error, error stack:
PMPI_Waitany(277)..............: MPI_Waitany(count=8, req_array=0x789ce0, index=0x7ffc9aa03cb4, status=0x1) failed
PMPI_Waitany(245)..............: 
MPIR_Waitany_impl(97)..........: 
MPIDI_Progress_test(80)........: 
MPIDI_OFI_handle_cq_error(1059): OFI poll failed (ofi_events.c:1061:MPIDI_OFI_handle_cq_error:Input/output error - local protection error)

aborting job:
Fatal error in PMPI_Waitany: Other MPI error, error stack:
PMPI_Waitany(277)..............: MPI_Waitany(count=8, req_array=0x789ce0, index=0x7ffc9aa03cb4, status=0x1) failed
PMPI_Waitany(245)..............: 
MPIR_Waitany_impl(97)..........: 
MPIDI_Progress_test(80)........: 
MPIDI_OFI_handle_cq_error(1059): OFI poll failed (ofi_events.c:1061:MPIDI_OFI_handle_cq_error:Input/output error - local protection error)
MPICH ERROR [Rank 4] [job id 95e0e9c0-88ea-43d6-b90d-835dc2833a00] [Sun Nov 12 09:26:10 2023] [x3204c0s13b1n0] - Abort(337260943) (rank 4 in comm 0): Fatal error in PMPI_Waitany: Other MPI error, error stack:
PMPI_Waitany(277)..............: MPI_Waitany(count=8, req_array=0x1c1afc0, index=0x7ffc00e4a4b4, status=0x1) failed
PMPI_Waitany(245)..............: 
MPIDI_Progress_test(80)........: 
MPIDI_OFI_handle_cq_error(1059): OFI poll failed (ofi_events.c:1061:MPIDI_OFI_handle_cq_error:Input/output error - local protection error)

aborting job:
Fatal error in PMPI_Waitany: Other MPI error, error stack:
PMPI_Waitany(277)..............: MPI_Waitany(count=8, req_array=0x1c1afc0, index=0x7ffc00e4a4b4, status=0x1) failed
PMPI_Waitany(245)..............: 
MPIDI_Progress_test(80)........: 
MPIDI_OFI_handle_cq_error(1059): OFI poll failed (ofi_events.c:1061:MPIDI_OFI_handle_cq_error:Input/output error - local protection error)
MPICH ERROR [Rank 12] [job id 95e0e9c0-88ea-43d6-b90d-835dc2833a00] [Sun Nov 12 09:26:10 2023] [x3204c0s19b1n0] - Abort(471478671) (rank 12 in comm 0): Fatal error in PMPI_Waitany: Other MPI error, error stack:
PMPI_Waitany(277)..............: MPI_Waitany(count=8, req_array=0x178ee10, index=0x7ffeb2e0eae4, status=0x1) failed
PMPI_Waitany(245)..............: 
MPIDI_Progress_test(80)........: 
MPIDI_OFI_handle_cq_error(1059): OFI poll failed (ofi_events.c:1061:MPIDI_OFI_handle_cq_error:Input/output error - local protection error)

aborting job:
Fatal error in PMPI_Waitany: Other MPI error, error stack:
PMPI_Waitany(277)..............: MPI_Waitany(count=8, req_array=0x178ee10, index=0x7ffeb2e0eae4, status=0x1) failed
PMPI_Waitany(245)..............: 
MPIDI_Progress_test(80)........: 
MPIDI_OFI_handle_cq_error(1059): OFI poll failed (ofi_events.c:1061:MPIDI_OFI_handle_cq_error:Input/output error - local protection error)
MPICH ERROR [Rank 39] [job id 95e0e9c0-88ea-43d6-b90d-835dc2833a00] [Sun Nov 12 09:26:10 2023] [x3204c0s31b1n0] - Abort(605696399) (rank 39 in comm 0): Fatal error in PMPI_Waitany: Other MPI error, error stack:
PMPI_Waitany(277)..............: MPI_Waitany(count=8, req_array=0x1810ce0, index=0x7ffd8f677594, status=0x1) failed
PMPI_Waitany(245)..............: 
MPIDI_Progress_test(80)........: 
MPIDI_OFI_handle_cq_error(1059): OFI poll failed (ofi_events.c:1061:MPIDI_OFI_handle_cq_error:Input/output error - local protection error)

aborting job:
Fatal error in PMPI_Waitany: Other MPI error, error stack:
PMPI_Waitany(277)..............: MPI_Waitany(count=8, req_array=0x1810ce0, index=0x7ffd8f677594, status=0x1) failed
PMPI_Waitany(245)..............: 
MPIDI_Progress_test(80)........: 
MPIDI_OFI_handle_cq_error(1059): OFI poll failed (ofi_events.c:1061:MPIDI_OFI_handle_cq_error:Input/output error - local protection error)
MPICH ERROR [Rank 59] [job id 95e0e9c0-88ea-43d6-b90d-835dc2833a00] [Sun Nov 12 09:26:10 2023] [x3001c0s13b0n0] - Abort(404894095) (rank 59 in comm 0): Fatal error in PMPI_Waitany: Other MPI error, error stack:
PMPI_Waitany(277)..............: MPI_Waitany(count=8, req_array=0x1c94ce0, index=0x7ffee01d2274, status=0x1) failed
PMPI_Waitany(245)..............: 
MPIR_Waitany_impl(97)..........: 
MPIDI_Progress_test(80)........: 
MPIDI_OFI_handle_cq_error(1059): OFI poll failed (ofi_events.c:1061:MPIDI_OFI_handle_cq_error:Input/output error - remote access error)

aborting job:
Fatal error in PMPI_Waitany: Other MPI error, error stack:
PMPI_Waitany(277)..............: MPI_Waitany(count=8, req_array=0x1c94ce0, index=0x7ffee01d2274, status=0x1) failed
PMPI_Waitany(245)..............: 
MPIR_Waitany_impl(97)..........: 
MPIDI_Progress_test(80)........: 
MPIDI_OFI_handle_cq_error(1059): OFI poll failed (ofi_events.c:1061:MPIDI_OFI_handle_cq_error:Input/output error - remote access error)
MPICH ERROR [Rank 44] [job id 95e0e9c0-88ea-43d6-b90d-835dc2833a00] [Sun Nov 12 09:26:10 2023] [x3204c0s37b1n0] - Abort(673329551) (rank 44 in comm 0): Fatal error in PMPI_Waitany: Other MPI error, error stack:
PMPI_Waitany(277)..............: MPI_Waitany(count=7, req_array=0xef3fa0, index=0x7ffede536eb4, status=0x1) failed
PMPI_Waitany(245)..............: 
MPIR_Waitany_impl(97)..........: 
MPIDI_Progress_test(80)........: 
MPIDI_OFI_handle_cq_error(1059): OFI poll failed (ofi_events.c:1061:MPIDI_OFI_handle_cq_error:Input/output error - remote access error)

aborting job:
Fatal error in PMPI_Waitany: Other MPI error, error stack:
PMPI_Waitany(277)..............: MPI_Waitany(count=7, req_array=0xef3fa0, index=0x7ffede536eb4, status=0x1) failed
PMPI_Waitany(245)..............: 
MPIR_Waitany_impl(97)..........: 
MPIDI_Progress_test(80)........: 
MPIDI_OFI_handle_cq_error(1059): OFI poll failed (ofi_events.c:1061:MPIDI_OFI_handle_cq_error:Input/output error - remote access error)
MPICH ERROR [Rank 40] [job id 95e0e9c0-88ea-43d6-b90d-835dc2833a00] [Sun Nov 12 09:26:10 2023] [x3204c0s37b0n0] - Abort(1008349583) (rank 40 in comm 0): Fatal error in PMPI_Waitany: Other MPI error, error stack:
PMPI_Waitany(277)..............: MPI_Waitany(count=8, req_array=0xeaefe0, index=0x7ffd1479ec54, status=0x1) failed
PMPI_Waitany(245)..............: 
MPIDI_Progress_test(80)........: 
MPIDI_OFI_handle_cq_error(1059): OFI poll failed (ofi_events.c:1061:MPIDI_OFI_handle_cq_error:Input/output error - local protection error)

aborting job:
Fatal error in PMPI_Waitany: Other MPI error, error stack:
PMPI_Waitany(277)..............: MPI_Waitany(count=8, req_array=0xeaefe0, index=0x7ffd1479ec54, status=0x1) failed
PMPI_Waitany(245)..............: 
MPIDI_Progress_test(80)........: 
MPIDI_OFI_handle_cq_error(1059): OFI poll failed (ofi_events.c:1061:MPIDI_OFI_handle_cq_error:Input/output error - local protection error)
MPICH ERROR [Rank 33] [job id 95e0e9c0-88ea-43d6-b90d-835dc2833a00] [Sun Nov 12 09:26:10 2023] [x3204c0s31b0n0] - Abort(337260943) (rank 33 in comm 0): Fatal error in PMPI_Waitany: Other MPI error, error stack:
PMPI_Waitany(277)..............: MPI_Waitany(count=8, req_array=0x18b8ce0, index=0x7ffc9964d134, status=0x1) failed
PMPI_Waitany(245)..............: 
MPIDI_Progress_test(80)........: 
MPIDI_OFI_handle_cq_error(1059): OFI poll failed (ofi_events.c:1061:MPIDI_OFI_handle_cq_error:Input/output error - local protection error)

aborting job:
Fatal error in PMPI_Waitany: Other MPI error, error stack:
PMPI_Waitany(277)..............: MPI_Waitany(count=8, req_array=0x18b8ce0, index=0x7ffc9964d134, status=0x1) failed
PMPI_Waitany(245)..............: 
MPIDI_Progress_test(80)........: 
MPIDI_OFI_handle_cq_error(1059): OFI poll failed (ofi_events.c:1061:MPIDI_OFI_handle_cq_error:Input/output error - local protection error)
MPICH ERROR [Rank 41] [job id 95e0e9c0-88ea-43d6-b90d-835dc2833a00] [Sun Nov 12 09:26:10 2023] [x3204c0s37b0n0] - Abort(874131855) (rank 41 in comm 0): Fatal error in PMPI_Waitany: Other MPI error, error stack:
PMPI_Waitany(277)..............: MPI_Waitany(count=8, req_array=0x12a5ce0, index=0x7ffda71ee024, status=0x1) failed
PMPI_Waitany(245)..............: 
MPIDI_Progress_test(80)........: 
MPIDI_OFI_handle_cq_error(1059): OFI poll failed (ofi_events.c:1061:MPIDI_OFI_handle_cq_error:Input/output error - remote access error)

aborting job:
Fatal error in PMPI_Waitany: Other MPI error, error stack:
PMPI_Waitany(277)..............: MPI_Waitany(count=8, req_array=0x12a5ce0, index=0x7ffda71ee024, status=0x1) failed
PMPI_Waitany(245)..............: 
MPIDI_Progress_test(80)........: 
MPIDI_OFI_handle_cq_error(1059): OFI poll failed (ofi_events.c:1061:MPIDI_OFI_handle_cq_error:Input/output error - remote access error)
MPICH ERROR [Rank 58] [job id 95e0e9c0-88ea-43d6-b90d-835dc2833a00] [Sun Nov 12 09:26:10 2023] [x3001c0s13b0n0] - Abort(2240911) (rank 58 in comm 0): Fatal error in PMPI_Waitany: Other MPI error, error stack:
PMPI_Waitany(277)..............: MPI_Waitany(count=8, req_array=0x18b6ce0, index=0x7ffc97d741a4, status=0x1) failed
PMPI_Waitany(245)..............: 
MPIR_Waitany_impl(97)..........: 
MPIDI_Progress_test(80)........: 
MPIDI_OFI_handle_cq_error(1059): OFI poll failed (ofi_events.c:1061:MPIDI_OFI_handle_cq_error:Input/output error - remote access error)

aborting job:
Fatal error in PMPI_Waitany: Other MPI error, error stack:
PMPI_Waitany(277)..............: MPI_Waitany(count=8, req_array=0x18b6ce0, index=0x7ffc97d741a4, status=0x1) failed
PMPI_Waitany(245)..............: 
MPIR_Waitany_impl(97)..........: 
MPIDI_Progress_test(80)........: 
MPIDI_OFI_handle_cq_error(1059): OFI poll failed (ofi_events.c:1061:MPIDI_OFI_handle_cq_error:Input/output error - remote access error)
MPICH ERROR [Rank 50] [job id 95e0e9c0-88ea-43d6-b90d-835dc2833a00] [Sun Nov 12 09:26:10 2023] [x3204c0s7b0n0] - Abort(807547279) (rank 50 in comm 0): Fatal error in PMPI_Waitany: Other MPI error, error stack:
PMPI_Waitany(277)..............: MPI_Waitany(count=8, req_array=0x26afce0, index=0x7ffff9781d94, status=0x1) failed
PMPI_Waitany(245)..............: 
MPIR_Waitany_impl(97)..........: 
MPIDI_Progress_test(80)........: 
MPIDI_OFI_handle_cq_error(1059): OFI poll failed (ofi_events.c:1061:MPIDI_OFI_handle_cq_error:Input/output error - remote access error)

aborting job:
Fatal error in PMPI_Waitany: Other MPI error, error stack:
PMPI_Waitany(277)..............: MPI_Waitany(count=8, req_array=0x26afce0, index=0x7ffff9781d94, status=0x1) failed
PMPI_Waitany(245)..............: 
MPIR_Waitany_impl(97)..........: 
MPIDI_Progress_test(80)........: 
MPIDI_OFI_handle_cq_error(1059): OFI poll failed (ofi_events.c:1061:MPIDI_OFI_handle_cq_error:Input/output error - remote access error)
MPICH ERROR [Rank 5] [job id 95e0e9c0-88ea-43d6-b90d-835dc2833a00] [Sun Nov 12 09:26:10 2023] [x3204c0s13b1n0] - Abort(203043215) (rank 5 in comm 0): Fatal error in PMPI_Waitany: Other MPI error, error stack:
PMPI_Waitany(277)..............: MPI_Waitany(count=8, req_array=0x14cace0, index=0x7fff24eacf44, status=0x1) failed
PMPI_Waitany(245)..............: 
MPIDI_Progress_test(80)........: 
MPIDI_OFI_handle_cq_error(1059): OFI poll failed (ofi_events.c:1061:MPIDI_OFI_handle_cq_error:Input/output error - local protection error)

aborting job:
Fatal error in PMPI_Waitany: Other MPI error, error stack:
PMPI_Waitany(277)..............: MPI_Waitany(count=8, req_array=0x14cace0, index=0x7fff24eacf44, status=0x1) failed
PMPI_Waitany(245)..............: 
MPIDI_Progress_test(80)........: 
MPIDI_OFI_handle_cq_error(1059): OFI poll failed (ofi_events.c:1061:MPIDI_OFI_handle_cq_error:Input/output error - local protection error)
MPICH ERROR [Rank 62] [job id 95e0e9c0-88ea-43d6-b90d-835dc2833a00] [Sun Nov 12 09:26:10 2023] [x3001c0s13b1n0] - Abort(1008349583) (rank 62 in comm 0): Fatal error in PMPI_Waitany: Other MPI error, error stack:
PMPI_Waitany(277)..............: MPI_Waitany(count=8, req_array=0x1744ce0, index=0x7ffccc8d4924, status=0x1) failed
PMPI_Waitany(245)..............: 
MPIDI_Progress_test(80)........: 
MPIDI_OFI_handle_cq_error(1059): OFI poll failed (ofi_events.c:1061:MPIDI_OFI_handle_cq_error:Input/output error - local protection error)

aborting job:
Fatal error in PMPI_Waitany: Other MPI error, error stack:
PMPI_Waitany(277)..............: MPI_Waitany(count=8, req_array=0x1744ce0, index=0x7ffccc8d4924, status=0x1) failed
PMPI_Waitany(245)..............: 
MPIDI_Progress_test(80)........: 
MPIDI_OFI_handle_cq_error(1059): OFI poll failed (ofi_events.c:1061:MPIDI_OFI_handle_cq_error:Input/output error - local protection error)
MPICH ERROR [Rank 36] [job id 95e0e9c0-88ea-43d6-b90d-835dc2833a00] [Sun Nov 12 09:26:10 2023] [x3204c0s31b1n0] - Abort(874656143) (rank 36 in comm 0): Fatal error in PMPI_Waitany: Other MPI error, error stack:
PMPI_Waitany(277)..............: MPI_Waitany(count=7, req_array=0x10e2f90, index=0x7ffe5fbee174, status=0x1) failed
PMPI_Waitany(245)..............: 
MPIR_Waitany_impl(97)..........: 
MPIDI_Progress_test(80)........: 
MPIDI_OFI_handle_cq_error(1059): OFI poll failed (ofi_events.c:1061:MPIDI_OFI_handle_cq_error:Input/output error - local protection error)

aborting job:
Fatal error in PMPI_Waitany: Other MPI error, error stack:
PMPI_Waitany(277)..............: MPI_Waitany(count=7, req_array=0x10e2f90, index=0x7ffe5fbee174, status=0x1) failed
PMPI_Waitany(245)..............: 
MPIR_Waitany_impl(97)..........: 
MPIDI_Progress_test(80)........: 
MPIDI_OFI_handle_cq_error(1059): OFI poll failed (ofi_events.c:1061:MPIDI_OFI_handle_cq_error:Input/output error - local protection error)
MPICH ERROR [Rank 25] [job id 95e0e9c0-88ea-43d6-b90d-835dc2833a00] [Sun Nov 12 09:26:10 2023] [x3204c0s25b0n0] - Abort(740438415) (rank 25 in comm 0): Fatal error in PMPI_Waitany: Other MPI error, error stack:
PMPI_Waitany(277)..............: MPI_Waitany(count=8, req_array=0x1655ce0, index=0x7ffcfc1ef074, status=0x1) failed
PMPI_Waitany(245)..............: 
MPIR_Waitany_impl(97)..........: 
MPIDI_Progress_test(80)........: 
MPIDI_OFI_handle_cq_error(1059): OFI poll failed (ofi_events.c:1061:MPIDI_OFI_handle_cq_error:Input/output error - local protection error)

aborting job:
Fatal error in PMPI_Waitany: Other MPI error, error stack:
PMPI_Waitany(277)..............: MPI_Waitany(count=8, req_array=0x1655ce0, index=0x7ffcfc1ef074, status=0x1) failed
PMPI_Waitany(245)..............: 
MPIR_Waitany_impl(97)..........: 
MPIDI_Progress_test(80)........: 
MPIDI_OFI_handle_cq_error(1059): OFI poll failed (ofi_events.c:1061:MPIDI_OFI_handle_cq_error:Input/output error - local protection error)
MPICH ERROR [Rank 24] [job id 95e0e9c0-88ea-43d6-b90d-835dc2833a00] [Sun Nov 12 09:26:10 2023] [x3204c0s25b0n0] - Abort(471478671) (rank 24 in comm 0): Fatal error in PMPI_Waitany: Other MPI error, error stack:
PMPI_Waitany(277)..............: MPI_Waitany(count=8, req_array=0x80edf0, index=0x7ffe203e5a84, status=0x1) failed
PMPI_Waitany(245)..............: 
MPIDI_Progress_test(80)........: 
MPIDI_OFI_handle_cq_error(1059): OFI poll failed (ofi_events.c:1061:MPIDI_OFI_handle_cq_error:Input/output error - local protection error)

aborting job:
Fatal error in PMPI_Waitany: Other MPI error, error stack:
PMPI_Waitany(277)..............: MPI_Waitany(count=8, req_array=0x80edf0, index=0x7ffe203e5a84, status=0x1) failed
PMPI_Waitany(245)..............: 
MPIDI_Progress_test(80)........: 
MPIDI_OFI_handle_cq_error(1059): OFI poll failed (ofi_events.c:1061:MPIDI_OFI_handle_cq_error:Input/output error - local protection error)
MPICH ERROR [Rank 13] [job id 95e0e9c0-88ea-43d6-b90d-835dc2833a00] [Sun Nov 12 09:26:10 2023] [x3204c0s19b1n0] - Abort(203043215) (rank 13 in comm 0): Fatal error in PMPI_Waitany: Other MPI error, error stack:
PMPI_Waitany(277)..............: MPI_Waitany(count=8, req_array=0x8d3ce0, index=0x7ffdddbbeb24, status=0x1) failed
PMPI_Waitany(245)..............: 
MPIDI_Progress_test(80)........: 
MPIDI_OFI_handle_cq_error(1059): OFI poll failed (ofi_events.c:1061:MPIDI_OFI_handle_cq_error:Input/output error - local protection error)

aborting job:
Fatal error in PMPI_Waitany: Other MPI error, error stack:
PMPI_Waitany(277)..............: MPI_Waitany(count=8, req_array=0x8d3ce0, index=0x7ffdddbbeb24, status=0x1) failed
PMPI_Waitany(245)..............: 
MPIDI_Progress_test(80)........: 
MPIDI_OFI_handle_cq_error(1059): OFI poll failed (ofi_events.c:1061:MPIDI_OFI_handle_cq_error:Input/output error - local protection error)
MPICH ERROR [Rank 45] [job id 95e0e9c0-88ea-43d6-b90d-835dc2833a00] [Sun Nov 12 09:26:10 2023] [x3204c0s37b1n0] - Abort(337260943) (rank 45 in comm 0): Fatal error in PMPI_Waitany: Other MPI error, error stack:
PMPI_Waitany(277)..............: MPI_Waitany(count=8, req_array=0xcf1ce0, index=0x7fff94cc1064, status=0x1) failed
PMPI_Waitany(245)..............: 
MPIDI_Progress_test(80)........: 
MPIDI_OFI_handle_cq_error(1059): OFI poll failed (ofi_events.c:1061:MPIDI_OFI_handle_cq_error:Input/output error - local protection error)

aborting job:
Fatal error in PMPI_Waitany: Other MPI error, error stack:
PMPI_Waitany(277)..............: MPI_Waitany(count=8, req_array=0xcf1ce0, index=0x7fff94cc1064, status=0x1) failed
PMPI_Waitany(245)..............: 
MPIDI_Progress_test(80)........: 
MPIDI_OFI_handle_cq_error(1059): OFI poll failed (ofi_events.c:1061:MPIDI_OFI_handle_cq_error:Input/output error - local protection error)
MPICH ERROR [Rank 17] [job id 95e0e9c0-88ea-43d6-b90d-835dc2833a00] [Sun Nov 12 09:26:10 2023] [x3204c0s1b0n0] - Abort(203043215) (rank 17 in comm 0): Fatal error in PMPI_Waitany: Other MPI error, error stack:
PMPI_Waitany(277)..............: MPI_Waitany(count=8, req_array=0x241dce0, index=0x7ffee5875ee4, status=0x1) failed
PMPI_Waitany(245)..............: 
MPIDI_Progress_test(80)........: 
MPIDI_OFI_handle_cq_error(1059): OFI poll failed (ofi_events.c:1061:MPIDI_OFI_handle_cq_error:Input/output error - remote access error)

aborting job:
Fatal error in PMPI_Waitany: Other MPI error, error stack:
PMPI_Waitany(277)..............: MPI_Waitany(count=8, req_array=0x241dce0, index=0x7ffee5875ee4, status=0x1) failed
PMPI_Waitany(245)..............: 
MPIDI_Progress_test(80)........: 
MPIDI_OFI_handle_cq_error(1059): OFI poll failed (ofi_events.c:1061:MPIDI_OFI_handle_cq_error:Input/output error - remote access error)
MPICH ERROR [Rank 0] [job id 95e0e9c0-88ea-43d6-b90d-835dc2833a00] [Sun Nov 12 09:26:10 2023] [x3204c0s13b0n0] - Abort(2240911) (rank 0 in comm 0): Fatal error in PMPI_Waitany: Other MPI error, error stack:
PMPI_Waitany(277)..............: MPI_Waitany(count=7, req_array=0x2398da0, index=0x7fffb54ca684, status=0x1) failed
PMPI_Waitany(245)..............: 
MPIR_Waitany_impl(97)..........: 
MPIDI_Progress_test(80)........: 
MPIDI_OFI_handle_cq_error(1059): OFI poll failed (ofi_events.c:1061:MPIDI_OFI_handle_cq_error:Input/output error - local protection error)

aborting job:
Fatal error in PMPI_Waitany: Other MPI error, error stack:
PMPI_Waitany(277)..............: MPI_Waitany(count=7, req_array=0x2398da0, index=0x7fffb54ca684, status=0x1) failed
PMPI_Waitany(245)..............: 
MPIR_Waitany_impl(97)..........: 
MPIDI_Progress_test(80)........: 
MPIDI_OFI_handle_cq_error(1059): OFI poll failed (ofi_events.c:1061:MPIDI_OFI_handle_cq_error:Input/output error - local protection error)
MPICH ERROR [Rank 47] [job id 95e0e9c0-88ea-43d6-b90d-835dc2833a00] [Sun Nov 12 09:26:10 2023] [x3204c0s37b1n0] - Abort(606220687) (rank 47 in comm 0): Fatal error in PMPI_Waitany: Other MPI error, error stack:
PMPI_Waitany(277)..............: MPI_Waitany(count=8, req_array=0xe8ece0, index=0x7ffef42da5a4, status=0x1) failed
PMPI_Waitany(245)..............: 
MPIR_Waitany_impl(97)..........: 
MPIDI_Progress_test(80)........: 
MPIDI_OFI_handle_cq_error(1059): OFI poll failed (ofi_events.c:1061:MPIDI_OFI_handle_cq_error:Input/output error - local protection error)

aborting job:
Fatal error in PMPI_Waitany: Other MPI error, error stack:
PMPI_Waitany(277)..............: MPI_Waitany(count=8, req_array=0xe8ece0, index=0x7ffef42da5a4, status=0x1) failed
PMPI_Waitany(245)..............: 
MPIR_Waitany_impl(97)..........: 
MPIDI_Progress_test(80)........: 
MPIDI_OFI_handle_cq_error(1059): OFI poll failed (ofi_events.c:1061:MPIDI_OFI_handle_cq_error:Input/output error - local protection error)
MPICH ERROR [Rank 8] [job id 95e0e9c0-88ea-43d6-b90d-835dc2833a00] [Sun Nov 12 09:26:10 2023] [x3204c0s19b0n0] - Abort(270676367) (rank 8 in comm 0): Fatal error in PMPI_Waitany: Other MPI error, error stack:
PMPI_Waitany(277)..............: MPI_Waitany(count=7, req_array=0x120ee20, index=0x7fff47fed0c4, status=0x1) failed
PMPI_Waitany(245)..............: 
MPIR_Waitany_impl(97)..........: 
MPIDI_Progress_test(80)........: 
MPIDI_OFI_handle_cq_error(1059): OFI poll failed (ofi_events.c:1061:MPIDI_OFI_handle_cq_error:Input/output error - remote access error)

aborting job:
Fatal error in PMPI_Waitany: Other MPI error, error stack:
PMPI_Waitany(277)..............: MPI_Waitany(count=7, req_array=0x120ee20, index=0x7fff47fed0c4, status=0x1) failed
PMPI_Waitany(245)..............: 
MPIR_Waitany_impl(97)..........: 
MPIDI_Progress_test(80)........: 
MPIDI_OFI_handle_cq_error(1059): OFI poll failed (ofi_events.c:1061:MPIDI_OFI_handle_cq_error:Input/output error - remote access error)
MPICH ERROR [Rank 52] [job id 95e0e9c0-88ea-43d6-b90d-835dc2833a00] [Sun Nov 12 09:26:10 2023] [x3204c0s7b1n0] - Abort(135934351) (rank 52 in comm 0): Fatal error in PMPI_Waitany: Other MPI error, error stack:
PMPI_Waitany(277)..............: MPI_Waitany(count=8, req_array=0x863e50, index=0x7ffd5d6a77b4, status=0x1) failed
PMPI_Waitany(245)..............: 
MPIDI_Progress_test(80)........: 
MPIDI_OFI_handle_cq_error(1059): OFI poll failed (ofi_events.c:1061:MPIDI_OFI_handle_cq_error:Input/output error - remote access error)

aborting job:
Fatal error in PMPI_Waitany: Other MPI error, error stack:
PMPI_Waitany(277)..............: MPI_Waitany(count=8, req_array=0x863e50, index=0x7ffd5d6a77b4, status=0x1) failed
PMPI_Waitany(245)..............: 
MPIDI_Progress_test(80)........: 
MPIDI_OFI_handle_cq_error(1059): OFI poll failed (ofi_events.c:1061:MPIDI_OFI_handle_cq_error:Input/output error - remote access error)
MPICH ERROR [Rank 55] [job id 95e0e9c0-88ea-43d6-b90d-835dc2833a00] [Sun Nov 12 09:26:10 2023] [x3204c0s7b1n0] - Abort(673329551) (rank 55 in comm 0): Fatal error in PMPI_Waitany: Other MPI error, error stack:
PMPI_Waitany(277)..............: MPI_Waitany(count=7, req_array=0x19abce0, index=0x7ffe6a7f51d4, status=0x1) failed
PMPI_Waitany(245)..............: 
MPIR_Waitany_impl(97)..........: 
MPIDI_Progress_test(80)........: 
MPIDI_OFI_handle_cq_error(1059): OFI poll failed (ofi_events.c:1061:MPIDI_OFI_handle_cq_error:Input/output error - remote access error)

aborting job:
Fatal error in PMPI_Waitany: Other MPI error, error stack:
PMPI_Waitany(277)..............: MPI_Waitany(count=7, req_array=0x19abce0, index=0x7ffe6a7f51d4, status=0x1) failed
PMPI_Waitany(245)..............: 
MPIR_Waitany_impl(97)..........: 
MPIDI_Progress_test(80)........: 
MPIDI_OFI_handle_cq_error(1059): OFI poll failed (ofi_events.c:1061:MPIDI_OFI_handle_cq_error:Input/output error - remote access error)
MPICH ERROR [Rank 53] [job id 95e0e9c0-88ea-43d6-b90d-835dc2833a00] [Sun Nov 12 09:26:10 2023] [x3204c0s7b1n0] - Abort(1008349583) (rank 53 in comm 0): Fatal error in PMPI_Waitany: Other MPI error, error stack:
PMPI_Waitany(277)..............: MPI_Waitany(count=8, req_array=0x93ace0, index=0x7ffc1882dd94, status=0x1) failed
PMPI_Waitany(245)..............: 
MPIDI_Progress_test(80)........: 
MPIDI_OFI_handle_cq_error(1059): OFI poll failed (ofi_events.c:1061:MPIDI_OFI_handle_cq_error:Input/output error - remote access error)

aborting job:
Fatal error in PMPI_Waitany: Other MPI error, error stack:
PMPI_Waitany(277)..............: MPI_Waitany(count=8, req_array=0x93ace0, index=0x7ffc1882dd94, status=0x1) failed
PMPI_Waitany(245)..............: 
MPIDI_Progress_test(80)........: 
MPIDI_OFI_handle_cq_error(1059): OFI poll failed (ofi_events.c:1061:MPIDI_OFI_handle_cq_error:Input/output error - remote access error)
MPICH ERROR [Rank 34] [job id 95e0e9c0-88ea-43d6-b90d-835dc2833a00] [Sun Nov 12 09:26:10 2023] [x3204c0s31b0n0] - Abort(203043215) (rank 34 in comm 0): Fatal error in PMPI_Waitany: Other MPI error, error stack:
PMPI_Waitany(277)..............: MPI_Waitany(count=8, req_array=0x943ce0, index=0x7ffff8b921f4, status=0x1) failed
PMPI_Waitany(245)..............: 
MPIDI_Progress_test(80)........: 
MPIDI_OFI_handle_cq_error(1059): OFI poll failed (ofi_events.c:1061:MPIDI_OFI_handle_cq_error:Input/output error - remote access error)

aborting job:
Fatal error in PMPI_Waitany: Other MPI error, error stack:
PMPI_Waitany(277)..............: MPI_Waitany(count=8, req_array=0x943ce0, index=0x7ffff8b921f4, status=0x1) failed
PMPI_Waitany(245)..............: 
MPIDI_Progress_test(80)........: 
MPIDI_OFI_handle_cq_error(1059): OFI poll failed (ofi_events.c:1061:MPIDI_OFI_handle_cq_error:Input/output error - remote access error)
MPICH ERROR [Rank 16] [job id 95e0e9c0-88ea-43d6-b90d-835dc2833a00] [Sun Nov 12 09:26:10 2023] [x3204c0s1b0n0] - Abort(404336527) (rank 16 in comm 0): Fatal error in PMPI_Isend: Other MPI error, error stack:
PMPI_Isend(161)................: MPI_Isend(buf=0x155006208000, count=131072, dtype=0x4c000840, dest=4, tag=0, MPI_COMM_WORLD, request=0x219cfd8) failed
MPID_Isend(578)................: 
MPIDI_Progress_test(80)........: 
MPIDI_OFI_handle_cq_error(1059): OFI poll failed (ofi_events.c:1061:MPIDI_OFI_handle_cq_error:Input/output error - local protection error)

aborting job:
Fatal error in PMPI_Isend: Other MPI error, error stack:
PMPI_Isend(161)................: MPI_Isend(buf=0x155006208000, count=131072, dtype=0x4c000840, dest=4, tag=0, MPI_COMM_WORLD, request=0x219cfd8) failed
MPID_Isend(578)................: 
MPIDI_Progress_test(80)........: 
MPIDI_OFI_handle_cq_error(1059): OFI poll failed (ofi_events.c:1061:MPIDI_OFI_handle_cq_error:Input/output error - local protection error)
MPICH ERROR [Rank 35] [job id 95e0e9c0-88ea-43d6-b90d-835dc2833a00] [Sun Nov 12 09:26:10 2023] [x3204c0s31b0n0] - Abort(874131855) (rank 35 in comm 0): Fatal error in PMPI_Waitany: Other MPI error, error stack:
PMPI_Waitany(277)..............: MPI_Waitany(count=8, req_array=0xb2cce0, index=0x7ffcaf0237e4, status=0x1) failed
PMPI_Waitany(245)..............: 
MPIDI_Progress_test(80)........: 
MPIDI_OFI_handle_cq_error(1059): OFI poll failed (ofi_events.c:1061:MPIDI_OFI_handle_cq_error:Input/output error - local protection error)

aborting job:
Fatal error in PMPI_Waitany: Other MPI error, error stack:
PMPI_Waitany(277)..............: MPI_Waitany(count=8, req_array=0xb2cce0, index=0x7ffcaf0237e4, status=0x1) failed
PMPI_Waitany(245)..............: 
MPIDI_Progress_test(80)........: 
MPIDI_OFI_handle_cq_error(1059): OFI poll failed (ofi_events.c:1061:MPIDI_OFI_handle_cq_error:Input/output error - local protection error)
MPICH ERROR [Rank 2] [job id 95e0e9c0-88ea-43d6-b90d-835dc2833a00] [Sun Nov 12 09:26:10 2023] [x3204c0s13b0n0] - Abort(135901071) (rank 2 in comm 0): Fatal error in PMPI_Isend: Other MPI error, error stack:
PMPI_Isend(161)................: MPI_Isend(buf=0x145826208000, count=131072, dtype=0x4c000840, dest=20, tag=0, MPI_COMM_WORLD, request=0xa20ef8) failed
MPID_Isend(578)................: 
MPIDI_Progress_test(80)........: 
MPIDI_OFI_handle_cq_error(1059): OFI poll failed (ofi_events.c:1061:MPIDI_OFI_handle_cq_error:Input/output error - local protection error)

aborting job:
Fatal error in PMPI_Isend: Other MPI error, error stack:
PMPI_Isend(161)................: MPI_Isend(buf=0x145826208000, count=131072, dtype=0x4c000840, dest=20, tag=0, MPI_COMM_WORLD, request=0xa20ef8) failed
MPID_Isend(578)................: 
MPIDI_Progress_test(80)........: 
MPIDI_OFI_handle_cq_error(1059): OFI poll failed (ofi_events.c:1061:MPIDI_OFI_handle_cq_error:Input/output error - local protection error)
MPICH ERROR [Rank 3] [job id 95e0e9c0-88ea-43d6-b90d-835dc2833a00] [Sun Nov 12 09:26:10 2023] [x3204c0s13b0n0] - Abort(739880847) (rank 3 in comm 0): Fatal error in PMPI_Isend: Other MPI error, error stack:
PMPI_Isend(161)................: MPI_Isend(buf=0x147ed6308000, count=131072, dtype=0x4c000840, dest=23, tag=0, MPI_COMM_WORLD, request=0x190befc) failed
MPID_Isend(578)................: 
MPIDI_Progress_test(80)........: 
MPIDI_OFI_handle_cq_error(1059): OFI poll failed (ofi_events.c:1061:MPIDI_OFI_handle_cq_error:Input/output error - local protection error)

aborting job:
Fatal error in PMPI_Isend: Other MPI error, error stack:
PMPI_Isend(161)................: MPI_Isend(buf=0x147ed6308000, count=131072, dtype=0x4c000840, dest=23, tag=0, MPI_COMM_WORLD, request=0x190befc) failed
MPID_Isend(578)................: 
MPIDI_Progress_test(80)........: 
MPIDI_OFI_handle_cq_error(1059): OFI poll failed (ofi_events.c:1061:MPIDI_OFI_handle_cq_error:Input/output error - local protection error)
MPICH ERROR [Rank 38] [job id 95e0e9c0-88ea-43d6-b90d-835dc2833a00] [Sun Nov 12 09:26:10 2023] [x3204c0s31b1n0] - Abort(404336527) (rank 38 in comm 0): Fatal error in PMPI_Isend: Other MPI error, error stack:
PMPI_Isend(161)................: MPI_Isend(buf=0x15418e000000, count=135168, dtype=0x4c000840, dest=48, tag=0, MPI_COMM_WORLD, request=0x16e1d10) failed
MPID_Isend(578)................: 
MPIDI_Progress_test(80)........: 
MPIDI_OFI_handle_cq_error(1059): OFI poll failed (ofi_events.c:1061:MPIDI_OFI_handle_cq_error:Input/output error - local protection error)

aborting job:
Fatal error in PMPI_Isend: Other MPI error, error stack:
PMPI_Isend(161)................: MPI_Isend(buf=0x15418e000000, count=135168, dtype=0x4c000840, dest=48, tag=0, MPI_COMM_WORLD, request=0x16e1d10) failed
MPID_Isend(578)................: 
MPIDI_Progress_test(80)........: 
MPIDI_OFI_handle_cq_error(1059): OFI poll failed (ofi_events.c:1061:MPIDI_OFI_handle_cq_error:Input/output error - local protection error)
MPICH ERROR [Rank 1] [job id 95e0e9c0-88ea-43d6-b90d-835dc2833a00] [Sun Nov 12 09:26:10 2023] [x3204c0s13b0n0] - Abort(204058511) (rank 1 in comm 0): Fatal error in PMPI_Isend: Other MPI error, error stack:
PMPI_Isend(161)................: MPI_Isend(buf=0x14ca06308000, count=131072, dtype=0x4c000840, dest=7, tag=0, MPI_COMM_WORLD, request=0x8bdefc) failed
MPID_Isend(584)................: 
MPIDI_isend_unsafe(136)........: 
MPIDI_OFI_send_normal(352).....: 
MPIDI_Progress_test(80)........: 
MPIDI_OFI_handle_cq_error(1059): OFI poll failed (ofi_events.c:1061:MPIDI_OFI_handle_cq_error:Input/output error - local protection error)

aborting job:
Fatal error in PMPI_Isend: Other MPI error, error stack:
PMPI_Isend(161)................: MPI_Isend(buf=0x14ca06308000, count=131072, dtype=0x4c000840, dest=7, tag=0, MPI_COMM_WORLD, request=0x8bdefc) failed
MPID_Isend(584)................: 
MPIDI_isend_unsafe(136)........: 
MPIDI_OFI_send_normal(352).....: 
MPIDI_Progress_test(80)........: 
MPIDI_OFI_handle_cq_error(1059): OFI poll failed (ofi_events.c:1061:MPIDI_OFI_handle_cq_error:Input/output error - local protection error)
MPICH ERROR [Rank 6] [job id 95e0e9c0-88ea-43d6-b90d-835dc2833a00] [Sun Nov 12 09:26:10 2023] [x3204c0s13b1n0] - Abort(270152079) (rank 6 in comm 0): Fatal error in PMPI_Waitany: Other MPI error, error stack:
PMPI_Waitany(277)..............: MPI_Waitany(count=8, req_array=0x1c0ace0, index=0x7fff615e3f44, status=0x1) failed
PMPI_Waitany(245)..............: 
MPIDI_Progress_test(80)........: 
MPIDI_OFI_handle_cq_error(1059): OFI poll failed (ofi_events.c:1061:MPIDI_OFI_handle_cq_error:Input/output error - remote access error)

aborting job:
Fatal error in PMPI_Waitany: Other MPI error, error stack:
PMPI_Waitany(277)..............: MPI_Waitany(count=8, req_array=0x1c0ace0, index=0x7fff615e3f44, status=0x1) failed
PMPI_Waitany(245)..............: 
MPIDI_Progress_test(80)........: 
MPIDI_OFI_handle_cq_error(1059): OFI poll failed (ofi_events.c:1061:MPIDI_OFI_handle_cq_error:Input/output error - remote access error)
MPICH ERROR [Rank 7] [job id 95e0e9c0-88ea-43d6-b90d-835dc2833a00] [Sun Nov 12 09:26:10 2023] [x3204c0s13b1n0] - Abort(538587535) (rank 7 in comm 0): Fatal error in PMPI_Waitany: Other MPI error, error stack:
PMPI_Waitany(277)..............: MPI_Waitany(count=8, req_array=0x2126ce0, index=0x7ffcbe4c3954, status=0x1) failed
PMPI_Waitany(245)..............: 
MPIDI_Progress_test(80)........: 
MPIDI_OFI_handle_cq_error(1059): OFI poll failed (ofi_events.c:1061:MPIDI_OFI_handle_cq_error:Input/output error - local protection error)

aborting job:
Fatal error in PMPI_Waitany: Other MPI error, error stack:
PMPI_Waitany(277)..............: MPI_Waitany(count=8, req_array=0x2126ce0, index=0x7ffcbe4c3954, status=0x1) failed
PMPI_Waitany(245)..............: 
MPIDI_Progress_test(80)........: 
MPIDI_OFI_handle_cq_error(1059): OFI poll failed (ofi_events.c:1061:MPIDI_OFI_handle_cq_error:Input/output error - local protection error)
MPICH ERROR [Rank 60] [job id 95e0e9c0-88ea-43d6-b90d-835dc2833a00] [Sun Nov 12 09:26:10 2023] [x3001c0s13b1n0] - Abort(471478671) (rank 60 in comm 0): Fatal error in PMPI_Waitany: Other MPI error, error stack:
PMPI_Waitany(277)..............: MPI_Waitany(count=8, req_array=0x1300e30, index=0x7fff75c5d284, status=0x1) failed
PMPI_Waitany(245)..............: 
MPIDI_Progress_test(80)........: 
MPIDI_OFI_handle_cq_error(1059): OFI poll failed (ofi_events.c:1061:MPIDI_OFI_handle_cq_error:Input/output error - remote access error)

aborting job:
Fatal error in PMPI_Waitany: Other MPI error, error stack:
PMPI_Waitany(277)..............: MPI_Waitany(count=8, req_array=0x1300e30, index=0x7fff75c5d284, status=0x1) failed
PMPI_Waitany(245)..............: 
MPIDI_Progress_test(80)........: 
MPIDI_OFI_handle_cq_error(1059): OFI poll failed (ofi_events.c:1061:MPIDI_OFI_handle_cq_error:Input/output error - remote access error)
MPICH ERROR [Rank 61] [job id 95e0e9c0-88ea-43d6-b90d-835dc2833a00] [Sun Nov 12 09:26:10 2023] [x3001c0s13b1n0] - Abort(673329551) (rank 61 in comm 0): Fatal error in PMPI_Waitany: Other MPI error, error stack:
PMPI_Waitany(277)..............: MPI_Waitany(count=8, req_array=0x78bce0, index=0x7ffeceb71eb4, status=0x1) failed
PMPI_Waitany(245)..............: 
MPIR_Waitany_impl(97)..........: 
MPIDI_Progress_test(80)........: 
MPIDI_OFI_handle_cq_error(1059): OFI poll failed (ofi_events.c:1061:MPIDI_OFI_handle_cq_error:Input/output error - local protection error)

aborting job:
Fatal error in PMPI_Waitany: Other MPI error, error stack:
PMPI_Waitany(277)..............: MPI_Waitany(count=8, req_array=0x78bce0, index=0x7ffeceb71eb4, status=0x1) failed
PMPI_Waitany(245)..............: 
MPIR_Waitany_impl(97)..........: 
MPIDI_Progress_test(80)........: 
MPIDI_OFI_handle_cq_error(1059): OFI poll failed (ofi_events.c:1061:MPIDI_OFI_handle_cq_error:Input/output error - local protection error)
MPICH ERROR [Rank 10] [job id 95e0e9c0-88ea-43d6-b90d-835dc2833a00] [Sun Nov 12 09:26:10 2023] [x3204c0s19b0n0] - Abort(606220687) (rank 10 in comm 0): Fatal error in PMPI_Waitany: Other MPI error, error stack:
PMPI_Waitany(277)..............: MPI_Waitany(count=8, req_array=0x202bce0, index=0x7ffe5c7a6f74, status=0x1) failed
PMPI_Waitany(245)..............: 
MPIR_Waitany_impl(97)..........: 
MPIDI_Progress_test(80)........: 
MPIDI_OFI_handle_cq_error(1059): OFI poll failed (ofi_events.c:1061:MPIDI_OFI_handle_cq_error:Input/output error - remote access error)

aborting job:
Fatal error in PMPI_Waitany: Other MPI error, error stack:
PMPI_Waitany(277)..............: MPI_Waitany(count=8, req_array=0x202bce0, index=0x7ffe5c7a6f74, status=0x1) failed
PMPI_Waitany(245)..............: 
MPIR_Waitany_impl(97)..........: 
MPIDI_Progress_test(80)........: 
MPIDI_OFI_handle_cq_error(1059): OFI poll failed (ofi_events.c:1061:MPIDI_OFI_handle_cq_error:Input/output error - remote access error)
MPICH ERROR [Rank 42] [job id 95e0e9c0-88ea-43d6-b90d-835dc2833a00] [Sun Nov 12 09:26:10 2023] [x3204c0s37b0n0] - Abort(69349775) (rank 42 in comm 0): Fatal error in PMPI_Waitany: Other MPI error, error stack:
PMPI_Waitany(277)..............: MPI_Waitany(count=8, req_array=0xd3dce0, index=0x7ffc3fb2e064, status=0x1) failed
PMPI_Waitany(245)..............: 
MPIR_Waitany_impl(97)..........: 
MPIDI_Progress_test(80)........: 
MPIDI_OFI_handle_cq_error(1059): OFI poll failed (ofi_events.c:1061:MPIDI_OFI_handle_cq_error:Input/output error - remote access error)

aborting job:
Fatal error in PMPI_Waitany: Other MPI error, error stack:
PMPI_Waitany(277)..............: MPI_Waitany(count=8, req_array=0xd3dce0, index=0x7ffc3fb2e064, status=0x1) failed
PMPI_Waitany(245)..............: 
MPIR_Waitany_impl(97)..........: 
MPIDI_Progress_test(80)........: 
MPIDI_OFI_handle_cq_error(1059): OFI poll failed (ofi_events.c:1061:MPIDI_OFI_handle_cq_error:Input/output error - remote access error)
MPICH ERROR [Rank 43] [job id 95e0e9c0-88ea-43d6-b90d-835dc2833a00] [Sun Nov 12 09:26:10 2023] [x3204c0s37b0n0] - Abort(1008349583) (rank 43 in comm 0): Fatal error in PMPI_Waitany: Other MPI error, error stack:
PMPI_Waitany(277)..............: MPI_Waitany(count=8, req_array=0x17b5ce0, index=0x7fffaaca0d54, status=0x1) failed
PMPI_Waitany(245)..............: 
MPIDI_Progress_test(80)........: 
MPIDI_OFI_handle_cq_error(1059): OFI poll failed (ofi_events.c:1061:MPIDI_OFI_handle_cq_error:Input/output error - remote access error)

aborting job:
Fatal error in PMPI_Waitany: Other MPI error, error stack:
PMPI_Waitany(277)..............: MPI_Waitany(count=8, req_array=0x17b5ce0, index=0x7fffaaca0d54, status=0x1) failed
PMPI_Waitany(245)..............: 
MPIDI_Progress_test(80)........: 
MPIDI_OFI_handle_cq_error(1059): OFI poll failed (ofi_events.c:1061:MPIDI_OFI_handle_cq_error:Input/output error - remote access error)
MPICH ERROR [Rank 14] [job id 95e0e9c0-88ea-43d6-b90d-835dc2833a00] [Sun Nov 12 09:26:10 2023] [x3204c0s19b1n0] - Abort(807547279) (rank 14 in comm 0): Fatal error in PMPI_Waitany: Other MPI error, error stack:
PMPI_Waitany(277)..............: MPI_Waitany(count=8, req_array=0x252bce0, index=0x7ffe6eef6054, status=0x1) failed
PMPI_Waitany(245)..............: 
MPIR_Waitany_impl(97)..........: 
MPIDI_Progress_test(80)........: 
MPIDI_OFI_handle_cq_error(1059): OFI poll failed (ofi_events.c:1061:MPIDI_OFI_handle_cq_error:Input/output error - remote access error)

aborting job:
Fatal error in PMPI_Waitany: Other MPI error, error stack:
PMPI_Waitany(277)..............: MPI_Waitany(count=8, req_array=0x252bce0, index=0x7ffe6eef6054, status=0x1) failed
PMPI_Waitany(245)..............: 
MPIR_Waitany_impl(97)..........: 
MPIDI_Progress_test(80)........: 
MPIDI_OFI_handle_cq_error(1059): OFI poll failed (ofi_events.c:1061:MPIDI_OFI_handle_cq_error:Input/output error - remote access error)
MPICH ERROR [Rank 9] [job id 95e0e9c0-88ea-43d6-b90d-835dc2833a00] [Sun Nov 12 09:26:10 2023] [x3204c0s19b0n0] - Abort(740929423) (rank 9 in comm 0): Fatal error in PMPI_Isend: Other MPI error, error stack:
PMPI_Isend(161)................: MPI_Isend(buf=0x14d1c6300000, count=131072, dtype=0x4c000840, dest=15, tag=0, MPI_COMM_WORLD, request=0x88ad1c) failed
MPID_Isend(584)................: 
MPIDI_isend_unsafe(136)........: 
MPIDI_OFI_send_normal(352).....: 
MPIDI_Progress_test(80)........: 
MPIDI_OFI_handle_cq_error(1059): OFI poll failed (ofi_events.c:1061:MPIDI_OFI_handle_cq_error:Input/output error - remote access error)

aborting job:
Fatal error in PMPI_Isend: Other MPI error, error stack:
PMPI_Isend(161)................: MPI_Isend(buf=0x14d1c6300000, count=131072, dtype=0x4c000840, dest=15, tag=0, MPI_COMM_WORLD, request=0x88ad1c) failed
MPID_Isend(584)................: 
MPIDI_isend_unsafe(136)........: 
MPIDI_OFI_send_normal(352).....: 
MPIDI_Progress_test(80)........: 
MPIDI_OFI_handle_cq_error(1059): OFI poll failed (ofi_events.c:1061:MPIDI_OFI_handle_cq_error:Input/output error - remote access error)
MPICH ERROR [Rank 15] [job id 95e0e9c0-88ea-43d6-b90d-835dc2833a00] [Sun Nov 12 09:26:10 2023] [x3204c0s19b1n0] - Abort(941240719) (rank 15 in comm 0): Fatal error in PMPI_Waitany: Other MPI error, error stack:
PMPI_Waitany(277)..............: MPI_Waitany(count=8, req_array=0x1e61ce0, index=0x7ffffe2549a4, status=0x1) failed
PMPI_Waitany(245)..............: 
MPIDI_Progress_test(80)........: 
MPIDI_OFI_handle_cq_error(1059): OFI poll failed (ofi_events.c:1061:MPIDI_OFI_handle_cq_error:Input/output error - remote access error)

aborting job:
Fatal error in PMPI_Waitany: Other MPI error, error stack:
PMPI_Waitany(277)..............: MPI_Waitany(count=8, req_array=0x1e61ce0, index=0x7ffffe2549a4, status=0x1) failed
PMPI_Waitany(245)..............: 
MPIDI_Progress_test(80)........: 
MPIDI_OFI_handle_cq_error(1059): OFI poll failed (ofi_events.c:1061:MPIDI_OFI_handle_cq_error:Input/output error - remote access error)
x3204c0s7b0n0.hsn.cm.polaris.alcf.anl.gov: rank 51 exited with code 255
MPICH ERROR [Rank 49] [job id 95e0e9c0-88ea-43d6-b90d-835dc2833a00] [Sun Nov 12 09:26:10 2023] [x3204c0s7b0n0] - Abort(270152079) (rank 49 in comm 0): Fatal error in PMPI_Waitany: Other MPI error, error stack:
PMPI_Waitany(277)..............: MPI_Waitany(count=8, req_array=0x1943ce0, index=0x7ffd98e414e4, status=0x1) failed
PMPI_Waitany(245)..............: 
MPIDI_Progress_test(80)........: 
MPIDI_OFI_handle_cq_error(1059): OFI poll failed (ofi_events.c:1061:MPIDI_OFI_handle_cq_error:Input/output error - remote access error)

aborting job:
Fatal error in PMPI_Waitany: Other MPI error, error stack:
PMPI_Waitany(277)..............: MPI_Waitany(count=8, req_array=0x1943ce0, index=0x7ffd98e414e4, status=0x1) failed
PMPI_Waitany(245)..............: 
MPIDI_Progress_test(80)........: 
MPIDI_OFI_handle_cq_error(1059): OFI poll failed (ofi_events.c:1061:MPIDI_OFI_handle_cq_error:Input/output error - remote access error)
MPICH ERROR [Rank 18] [job id 95e0e9c0-88ea-43d6-b90d-835dc2833a00] [Sun Nov 12 09:26:10 2023] [x3204c0s1b0n0] - Abort(874131855) (rank 18 in comm 0): Fatal error in PMPI_Waitany: Other MPI error, error stack:
PMPI_Waitany(277)..............: MPI_Waitany(count=8, req_array=0x1d90ce0, index=0x7ffdd853bf44, status=0x1) failed
PMPI_Waitany(245)..............: 
MPIDI_Progress_test(80)........: 
MPIDI_OFI_handle_cq_error(1059): OFI poll failed (ofi_events.c:1061:MPIDI_OFI_handle_cq_error:Input/output error - local protection error)

aborting job:
Fatal error in PMPI_Waitany: Other MPI error, error stack:
PMPI_Waitany(277)..............: MPI_Waitany(count=8, req_array=0x1d90ce0, index=0x7ffdd853bf44, status=0x1) failed
PMPI_Waitany(245)..............: 
MPIDI_Progress_test(80)........: 
MPIDI_OFI_handle_cq_error(1059): OFI poll failed (ofi_events.c:1061:MPIDI_OFI_handle_cq_error:Input/output error - local protection error)
MPICH ERROR [Rank 48] [job id 95e0e9c0-88ea-43d6-b90d-835dc2833a00] [Sun Nov 12 09:26:10 2023] [x3204c0s7b0n0] - Abort(270676367) (rank 48 in comm 0): Fatal error in PMPI_Waitany: Other MPI error, error stack:
PMPI_Waitany(277)..............: MPI_Waitany(count=8, req_array=0xa4af60, index=0x7fff0cd44b84, status=0x1) failed
PMPI_Waitany(245)..............: 
MPIR_Waitany_impl(97)..........: 
MPIDI_Progress_test(80)........: 
MPIDI_OFI_handle_cq_error(1059): OFI poll failed (ofi_events.c:1061:MPIDI_OFI_handle_cq_error:Input/output error - local protection error)

aborting job:
Fatal error in PMPI_Waitany: Other MPI error, error stack:
PMPI_Waitany(277)..............: MPI_Waitany(count=8, req_array=0xa4af60, index=0x7fff0cd44b84, status=0x1) failed
PMPI_Waitany(245)..............: 
MPIR_Waitany_impl(97)..........: 
MPIDI_Progress_test(80)........: 
MPIDI_OFI_handle_cq_error(1059): OFI poll failed (ofi_events.c:1061:MPIDI_OFI_handle_cq_error:Input/output error - local protection error)
MPICH ERROR [Rank 20] [job id 95e0e9c0-88ea-43d6-b90d-835dc2833a00] [Sun Nov 12 09:26:10 2023] [x3204c0s1b1n0] - Abort(874656143) (rank 20 in comm 0): Fatal error in PMPI_Waitany: Other MPI error, error stack:
PMPI_Waitany(277)..............: MPI_Waitany(count=8, req_array=0x1cdef90, index=0x7ffc1d873ca4, status=0x1) failed
PMPI_Waitany(245)..............: 
MPIR_Waitany_impl(97)..........: 
MPIDI_Progress_test(80)........: 
MPIDI_OFI_handle_cq_error(1059): OFI poll failed (ofi_events.c:1061:MPIDI_OFI_handle_cq_error:Input/output error - local protection error)

aborting job:
Fatal error in PMPI_Waitany: Other MPI error, error stack:
PMPI_Waitany(277)..............: MPI_Waitany(count=8, req_array=0x1cdef90, index=0x7ffc1d873ca4, status=0x1) failed
PMPI_Waitany(245)..............: 
MPIR_Waitany_impl(97)..........: 
MPIDI_Progress_test(80)........: 
MPIDI_OFI_handle_cq_error(1059): OFI poll failed (ofi_events.c:1061:MPIDI_OFI_handle_cq_error:Input/output error - local protection error)
MPICH ERROR [Rank 21] [job id 95e0e9c0-88ea-43d6-b90d-835dc2833a00] [Sun Nov 12 09:26:10 2023] [x3204c0s1b1n0] - Abort(2240911) (rank 21 in comm 0): Fatal error in PMPI_Waitany: Other MPI error, error stack:
PMPI_Waitany(277)..............: MPI_Waitany(count=8, req_array=0x142ece0, index=0x7fffd3324124, status=0x1) failed
PMPI_Waitany(245)..............: 
MPIR_Waitany_impl(97)..........: 
MPIDI_Progress_test(80)........: 
MPIDI_OFI_handle_cq_error(1059): OFI poll failed (ofi_events.c:1061:MPIDI_OFI_handle_cq_error:Input/output error - local protection error)

aborting job:
Fatal error in PMPI_Waitany: Other MPI error, error stack:
PMPI_Waitany(277)..............: MPI_Waitany(count=8, req_array=0x142ece0, index=0x7fffd3324124, status=0x1) failed
PMPI_Waitany(245)..............: 
MPIR_Waitany_impl(97)..........: 
MPIDI_Progress_test(80)........: 
MPIDI_OFI_handle_cq_error(1059): OFI poll failed (ofi_events.c:1061:MPIDI_OFI_handle_cq_error:Input/output error - local protection error)
MPICH ERROR [Rank 56] [job id 95e0e9c0-88ea-43d6-b90d-835dc2833a00] [Sun Nov 12 09:26:10 2023] [x3001c0s13b0n0] - Abort(404369807) (rank 56 in comm 0): Fatal error in PMPI_Waitany: Other MPI error, error stack:
PMPI_Waitany(277)..............: MPI_Waitany(count=8, req_array=0x114ae20, index=0x7fff6d67b604, status=0x1) failed
PMPI_Waitany(245)..............: 
MPIDI_Progress_test(80)........: 
MPIDI_OFI_handle_cq_error(1059): OFI poll failed (ofi_events.c:1061:MPIDI_OFI_handle_cq_error:Input/output error - remote access error)

aborting job:
Fatal error in PMPI_Waitany: Other MPI error, error stack:
PMPI_Waitany(277)..............: MPI_Waitany(count=8, req_array=0x114ae20, index=0x7fff6d67b604, status=0x1) failed
PMPI_Waitany(245)..............: 
MPIDI_Progress_test(80)........: 
MPIDI_OFI_handle_cq_error(1059): OFI poll failed (ofi_events.c:1061:MPIDI_OFI_handle_cq_error:Input/output error - remote access error)
MPICH ERROR [Rank 57] [job id 95e0e9c0-88ea-43d6-b90d-835dc2833a00] [Sun Nov 12 09:26:10 2023] [x3001c0s13b0n0] - Abort(68825487) (rank 57 in comm 0): Fatal error in PMPI_Waitany: Other MPI error, error stack:
PMPI_Waitany(277)..............: MPI_Waitany(count=8, req_array=0x15f9ce0, index=0x7ffc6a16fc74, status=0x1) failed
PMPI_Waitany(245)..............: 
MPIDI_Progress_test(80)........: 
MPIDI_OFI_handle_cq_error(1059): OFI poll failed (ofi_events.c:1061:MPIDI_OFI_handle_cq_error:Input/output error - remote access error)

aborting job:
Fatal error in PMPI_Waitany: Other MPI error, error stack:
PMPI_Waitany(277)..............: MPI_Waitany(count=8, req_array=0x15f9ce0, index=0x7ffc6a16fc74, status=0x1) failed
PMPI_Waitany(245)..............: 
MPIDI_Progress_test(80)........: 
MPIDI_OFI_handle_cq_error(1059): OFI poll failed (ofi_events.c:1061:MPIDI_OFI_handle_cq_error:Input/output error - remote access error)
MPICH ERROR [Rank 28] [job id 95e0e9c0-88ea-43d6-b90d-835dc2833a00] [Sun Nov 12 09:26:10 2023] [x3204c0s25b1n0] - Abort(472002959) (rank 28 in comm 0): Fatal error in PMPI_Waitany: Other MPI error, error stack:
PMPI_Waitany(277)..............: MPI_Waitany(count=8, req_array=0x1639fe0, index=0x7ffd8fe12394, status=0x1) failed
PMPI_Waitany(245)..............: 
MPIR_Waitany_impl(97)..........: 
MPIDI_Progress_test(80)........: 
MPIDI_OFI_handle_cq_error(1059): OFI poll failed (ofi_events.c:1061:MPIDI_OFI_handle_cq_error:Input/output error - remote access error)

aborting job:
Fatal error in PMPI_Waitany: Other MPI error, error stack:
PMPI_Waitany(277)..............: MPI_Waitany(count=8, req_array=0x1639fe0, index=0x7ffd8fe12394, status=0x1) failed
PMPI_Waitany(245)..............: 
MPIR_Waitany_impl(97)..........: 
MPIDI_Progress_test(80)........: 
MPIDI_OFI_handle_cq_error(1059): OFI poll failed (ofi_events.c:1061:MPIDI_OFI_handle_cq_error:Input/output error - remote access error)
MPICH ERROR [Rank 29] [job id 95e0e9c0-88ea-43d6-b90d-835dc2833a00] [Sun Nov 12 09:26:10 2023] [x3204c0s25b1n0] - Abort(673329551) (rank 29 in comm 0): Fatal error in PMPI_Waitany: Other MPI error, error stack:
PMPI_Waitany(277)..............: MPI_Waitany(count=8, req_array=0x145dce0, index=0x7ffd37f28ab4, status=0x1) failed
PMPI_Waitany(245)..............: 
MPIR_Waitany_impl(97)..........: 
MPIDI_Progress_test(80)........: 
MPIDI_OFI_handle_cq_error(1059): OFI poll failed (ofi_events.c:1061:MPIDI_OFI_handle_cq_error:Input/output error - remote access error)

aborting job:
Fatal error in PMPI_Waitany: Other MPI error, error stack:
PMPI_Waitany(277)..............: MPI_Waitany(count=8, req_array=0x145dce0, index=0x7ffd37f28ab4, status=0x1) failed
PMPI_Waitany(245)..............: 
MPIR_Waitany_impl(97)..........: 
MPIDI_Progress_test(80)........: 
MPIDI_OFI_handle_cq_error(1059): OFI poll failed (ofi_events.c:1061:MPIDI_OFI_handle_cq_error:Input/output error - remote access error)
MPICH ERROR [Rank 26] [job id 95e0e9c0-88ea-43d6-b90d-835dc2833a00] [Sun Nov 12 09:26:10 2023] [x3204c0s25b0n0] - Abort(672771983) (rank 26 in comm 0): Fatal error in PMPI_Isend: Other MPI error, error stack:
PMPI_Isend(161)................: MPI_Isend(buf=0x148236608000, count=131072, dtype=0x4c000840, dest=24, tag=0, MPI_COMM_WORLD, request=0x7c0d28) failed
MPID_Isend(578)................: 
MPIDI_Progress_test(80)........: 
MPIDI_OFI_handle_cq_error(1059): OFI poll failed (ofi_events.c:1061:MPIDI_OFI_handle_cq_error:Input/output error - remote access error)

aborting job:
Fatal error in PMPI_Isend: Other MPI error, error stack:
PMPI_Isend(161)................: MPI_Isend(buf=0x148236608000, count=131072, dtype=0x4c000840, dest=24, tag=0, MPI_COMM_WORLD, request=0x7c0d28) failed
MPID_Isend(578)................: 
MPIDI_Progress_test(80)........: 
MPIDI_OFI_handle_cq_error(1059): OFI poll failed (ofi_events.c:1061:MPIDI_OFI_handle_cq_error:Input/output error - remote access error)
MPICH ERROR [Rank 46] [job id 95e0e9c0-88ea-43d6-b90d-835dc2833a00] [Sun Nov 12 09:26:10 2023] [x3204c0s37b1n0] - Abort(404369807) (rank 46 in comm 0): Fatal error in PMPI_Waitany: Other MPI error, error stack:
PMPI_Waitany(277)..............: MPI_Waitany(count=8, req_array=0x1e73ce0, index=0x7ffec6d1b244, status=0x1) failed
PMPI_Waitany(245)..............: 
MPIDI_Progress_test(80)........: 
MPIDI_OFI_handle_cq_error(1059): OFI poll failed (ofi_events.c:1061:MPIDI_OFI_handle_cq_error:Input/output error - local protection error)

aborting job:
Fatal error in PMPI_Waitany: Other MPI error, error stack:
PMPI_Waitany(277)..............: MPI_Waitany(count=8, req_array=0x1e73ce0, index=0x7ffec6d1b244, status=0x1) failed
PMPI_Waitany(245)..............: 
MPIDI_Progress_test(80)........: 
MPIDI_OFI_handle_cq_error(1059): OFI poll failed (ofi_events.c:1061:MPIDI_OFI_handle_cq_error:Input/output error - local protection error)
(GTL DEBUG: 37) cuIpcOpenMemHandle: invalid resource handle, CUDA_ERROR_INVALID_HANDLE, line no 272
MPICH ERROR [Rank 37] [job id 95e0e9c0-88ea-43d6-b90d-835dc2833a00] [Sun Nov 12 09:26:10 2023] [x3204c0s31b1n0] - Abort(339322370) (rank 37 in comm 0): Fatal error in PMPI_Irecv: Invalid count, error stack:
PMPI_Irecv(166)......................: MPI_Irecv(buf=0x14aaa6f08000, count=131072, dtype=0x4c000840, src=36, tag=0, MPI_COMM_WORLD, request=0x1dd7cfc) failed
MPID_Irecv(497)......................: 
MPIDI_irecv_unsafe(160)..............: 
MPIDI_SHM_mpi_irecv(462).............: 
MPIDI_SHM_mpi_imrecv(514)............: 
MPIDI_SHM_mmods_try_matched_recv(167): 
MPIDI_CRAY_Common_lmt_handle_recv(44): 
MPIDI_CRAY_Common_lmt_import_mem(218): 
(unknown)(): Invalid count

aborting job:
Fatal error in PMPI_Irecv: Invalid count, error stack:
PMPI_Irecv(166)......................: MPI_Irecv(buf=0x14aaa6f08000, count=131072, dtype=0x4c000840, src=36, tag=0, MPI_COMM_WORLD, request=0x1dd7cfc) failed
MPID_Irecv(497)......................: 
MPIDI_irecv_unsafe(160)..............: 
MPIDI_SHM_mpi_irecv(462).............: 
MPIDI_SHM_mpi_imrecv(514)............: 
MPIDI_SHM_mmods_try_matched_recv(167): 
MPIDI_CRAY_Common_lmt_handle_recv(44): 
MPIDI_CRAY_Common_lmt_import_mem(218): 
(unknown)(): Invalid count
(GTL DEBUG: 54) cuIpcOpenMemHandle: invalid resource handle, CUDA_ERROR_INVALID_HANDLE, line no 272
MPICH ERROR [Rank 54] [job id 95e0e9c0-88ea-43d6-b90d-835dc2833a00] [Sun Nov 12 09:26:11 2023] [x3204c0s7b1n0] - Abort(540648962) (rank 54 in comm 0): Fatal error in PMPI_Irecv: Invalid count, error stack:
PMPI_Irecv(166)......................: MPI_Irecv(buf=0x14eace808000, count=131072, dtype=0x4c000840, src=55, tag=0, MPI_COMM_WORLD, request=0x2580ce0) failed
MPID_Irecv(497)......................: 
MPIDI_irecv_unsafe(160)..............: 
MPIDI_SHM_mpi_irecv(462).............: 
MPIDI_SHM_mpi_imrecv(514)............: 
MPIDI_SHM_mmods_try_matched_recv(167): 
MPIDI_CRAY_Common_lmt_handle_recv(44): 
MPIDI_CRAY_Common_lmt_import_mem(218): 
(unknown)(): Invalid count

aborting job:
Fatal error in PMPI_Irecv: Invalid count, error stack:
PMPI_Irecv(166)......................: MPI_Irecv(buf=0x14eace808000, count=131072, dtype=0x4c000840, src=55, tag=0, MPI_COMM_WORLD, request=0x2580ce0) failed
MPID_Irecv(497)......................: 
MPIDI_irecv_unsafe(160)..............: 
MPIDI_SHM_mpi_irecv(462).............: 
MPIDI_SHM_mpi_imrecv(514)............: 
MPIDI_SHM_mmods_try_matched_recv(167): 
MPIDI_CRAY_Common_lmt_handle_recv(44): 
MPIDI_CRAY_Common_lmt_import_mem(218): 
(unknown)(): Invalid count
