“RANK= 4 LOCAL_RANK= 0 gpu= 3”
“RANK= 5 LOCAL_RANK= 1 gpu= 2”
“RANK= 7 LOCAL_RANK= 3 gpu= 0”
“RANK= 6 LOCAL_RANK= 2 gpu= 1”
+ '[' -z '' ']'
+ case "$-" in
Shell debugging temporarily silenced: export LMOD_SH_DBG_ON=1 for this output (/usr/share/lmod/lmod/init/bash)
+ __lmod_vx=x
+ '[' -n x ']'
+ set +x
+ '[' -z '' ']'
+ case "$-" in
+ __lmod_vx=x
+ '[' -z '' ']'
+ case "$-" in
+ __lmod_vx=x
+ '[' -n x ']'
+ set +x
Shell debugging temporarily silenced: export LMOD_SH_DBG_ON=1 for this output (/usr/share/lmod/lmod/init/bash)
+ '[' -n x ']'
+ set +x
Shell debugging temporarily silenced: export LMOD_SH_DBG_ON=1 for this output (/usr/share/lmod/lmod/init/bash)
Shell debugging restarted
+ unset __lmod_vx
+ '[' -z '' ']'
+ case "$-" in
+ __lmod_vx=x
+ '[' -n x ']'
+ set +x
Shell debugging temporarily silenced: export LMOD_SH_DBG_ON=1 for this output (/usr/share/lmod/lmod/init/bash)
Shell debugging restarted
+ unset __lmod_vx
Shell debugging restarted
+ unset __lmod_vx
+ speed3d_r2c cufft float 256 256 256 -a2a -p2p_pl -ingrid 4 2 1 -outgrid 2 2 2
+ speed3d_r2c cufft float 256 256 256 -a2a -p2p_pl -ingrid 4 2 1 -outgrid 2 2 2
+ speed3d_r2c cufft float 256 256 256 -a2a -p2p_pl -ingrid 4 2 1 -outgrid 2 2 2
Shell debugging restarted
+ unset __lmod_vx
+ speed3d_r2c cufft float 256 256 256 -a2a -p2p_pl -ingrid 4 2 1 -outgrid 2 2 2
“RANK= 1 LOCAL_RANK= 1 gpu= 2”
“RANK= 3 LOCAL_RANK= 3 gpu= 0”
“RANK= 2 LOCAL_RANK= 2 gpu= 1”
+ '[' -z '' ']'
+ case "$-" in
Shell debugging temporarily silenced: export LMOD_SH_DBG_ON=1 for this output (/usr/share/lmod/lmod/init/bash)
+ __lmod_vx=x
+ '[' -n x ']'
+ set +x
+ '[' -z '' ']'
+ case "$-" in
Shell debugging temporarily silenced: export LMOD_SH_DBG_ON=1 for this output (/usr/share/lmod/lmod/init/bash)
+ __lmod_vx=x
+ '[' -n x ']'
+ set +x
Shell debugging restarted
+ unset __lmod_vx
Shell debugging restarted
+ unset __lmod_vx
+ speed3d_r2c cufft float 256 256 256 -a2a -p2p_pl -ingrid 4 2 1 -outgrid 2 2 2
+ speed3d_r2c cufft float 256 256 256 -a2a -p2p_pl -ingrid 4 2 1 -outgrid 2 2 2
+ '[' -z '' ']'
+ case "$-" in
+ __lmod_vx=x
Shell debugging temporarily silenced: export LMOD_SH_DBG_ON=1 for this output (/usr/share/lmod/lmod/init/bash)
+ '[' -n x ']'
+ set +x
Shell debugging restarted
+ unset __lmod_vx
“RANK= 0 LOCAL_RANK= 0 gpu= 3”
+ speed3d_r2c cufft float 256 256 256 -a2a -p2p_pl -ingrid 4 2 1 -outgrid 2 2 2
+ '[' -z '' ']'
+ case "$-" in
+ __lmod_vx=x
Shell debugging temporarily silenced: export LMOD_SH_DBG_ON=1 for this output (/usr/share/lmod/lmod/init/bash)
+ '[' -n x ']'
+ set +x
Shell debugging restarted
+ unset __lmod_vx
+ speed3d_r2c cufft float 256 256 256 -a2a -p2p_pl -ingrid 4 2 1 -outgrid 2 2 2

----------------------------------------------------------------------------- 
heFFTe performance test
----------------------------------------------------------------------------- 
Backend:   cufft
Size:      256x256x256
MPI ranks:    8
Grids: (4, 2, 1)  (1, 2, 4)  (2, 1, 4)  (2, 4, 1)  (2, 2, 2)  
Time per run: 0.00549212 (s)
Performance:  366.574 GFlops/s
Memory usage: 64MB/rank
Tolerance:    0.0005
Max error:    4.76837e-06

