.//tmp_files/5826.sh: line 3: 98586 Segmentation fault      speed3d_r2c fftw float-long 1400 1400 1400 -reorder -a2av -pencils -r2c_dir 0 -ingrid 8192 1 1 -outgrid 8192 1 1 -no-gpu-aware -n5
.//tmp_files/5826.sh: line 3: 98587 Segmentation fault      speed3d_r2c fftw float-long 1400 1400 1400 -reorder -a2av -pencils -r2c_dir 0 -ingrid 8192 1 1 -outgrid 8192 1 1 -no-gpu-aware -n5
[NID 01702] 2023-11-06 11:01:54 Apid 28966798: initiated application termination
.//tmp_files/5826.sh: line 3: 90952 Segmentation fault      speed3d_r2c fftw float-long 1400 1400 1400 -reorder -a2av -pencils -r2c_dir 0 -ingrid 8192 1 1 -outgrid 8192 1 1 -no-gpu-aware -n5
.//tmp_files/5826.sh: line 3: 90910 Segmentation fault      speed3d_r2c fftw float-long 1400 1400 1400 -reorder -a2av -pencils -r2c_dir 0 -ingrid 8192 1 1 -outgrid 8192 1 1 -no-gpu-aware -n5
.//tmp_files/5826.sh: line 3: 91034 Segmentation fault      speed3d_r2c fftw float-long 1400 1400 1400 -reorder -a2av -pencils -r2c_dir 0 -ingrid 8192 1 1 -outgrid 8192 1 1 -no-gpu-aware -n5
.//tmp_files/5826.sh: line 3: 89742 Segmentation fault      speed3d_r2c fftw float-long 1400 1400 1400 -reorder -a2av -pencils -r2c_dir 0 -ingrid 8192 1 1 -outgrid 8192 1 1 -no-gpu-aware -n5
.//tmp_files/5826.sh: line 3: 97388 Segmentation fault      speed3d_r2c fftw float-long 1400 1400 1400 -reorder -a2av -pencils -r2c_dir 0 -ingrid 8192 1 1 -outgrid 8192 1 1 -no-gpu-aware -n5
.//tmp_files/5826.sh: line 3: 97381 Segmentation fault      speed3d_r2c fftw float-long 1400 1400 1400 -reorder -a2av -pencils -r2c_dir 0 -ingrid 8192 1 1 -outgrid 8192 1 1 -no-gpu-aware -n5
.//tmp_files/5826.sh: line 3: 90963 Segmentation fault      speed3d_r2c fftw float-long 1400 1400 1400 -reorder -a2av -pencils -r2c_dir 0 -ingrid 8192 1 1 -outgrid 8192 1 1 -no-gpu-aware -n5
.//tmp_files/5826.sh: line 3: 89495 Segmentation fault      speed3d_r2c fftw float-long 1400 1400 1400 -reorder -a2av -pencils -r2c_dir 0 -ingrid 8192 1 1 -outgrid 8192 1 1 -no-gpu-aware -n5
.//tmp_files/5826.sh: line 3: 89818 Segmentation fault      speed3d_r2c fftw float-long 1400 1400 1400 -reorder -a2av -pencils -r2c_dir 0 -ingrid 8192 1 1 -outgrid 8192 1 1 -no-gpu-aware -n5
.//tmp_files/5826.sh: line 3: 90738 Segmentation fault      speed3d_r2c fftw float-long 1400 1400 1400 -reorder -a2av -pencils -r2c_dir 0 -ingrid 8192 1 1 -outgrid 8192 1 1 -no-gpu-aware -n5
.//tmp_files/5826.sh: line 3: 90965 Segmentation fault      speed3d_r2c fftw float-long 1400 1400 1400 -reorder -a2av -pencils -r2c_dir 0 -ingrid 8192 1 1 -outgrid 8192 1 1 -no-gpu-aware -n5
.//tmp_files/5826.sh: line 3: 90978 Segmentation fault      speed3d_r2c fftw float-long 1400 1400 1400 -reorder -a2av -pencils -r2c_dir 0 -ingrid 8192 1 1 -outgrid 8192 1 1 -no-gpu-aware -n5
.//tmp_files/5826.sh: line 3: 89603 Segmentation fault      speed3d_r2c fftw float-long 1400 1400 1400 -reorder -a2av -pencils -r2c_dir 0 -ingrid 8192 1 1 -outgrid 8192 1 1 -no-gpu-aware -n5
.//tmp_files/5826.sh: line 3: 90870 Segmentation fault      speed3d_r2c fftw float-long 1400 1400 1400 -reorder -a2av -pencils -r2c_dir 0 -ingrid 8192 1 1 -outgrid 8192 1 1 -no-gpu-aware -n5
.//tmp_files/5826.sh: line 3: 90831 Segmentation fault      speed3d_r2c fftw float-long 1400 1400 1400 -reorder -a2av -pencils -r2c_dir 0 -ingrid 8192 1 1 -outgrid 8192 1 1 -no-gpu-aware -n5
.//tmp_files/5826.sh: line 3: 90727 Segmentation fault      speed3d_r2c fftw float-long 1400 1400 1400 -reorder -a2av -pencils -r2c_dir 0 -ingrid 8192 1 1 -outgrid 8192 1 1 -no-gpu-aware -n5
.//tmp_files/5826.sh: line 3: 89813 Segmentation fault      speed3d_r2c fftw float-long 1400 1400 1400 -reorder -a2av -pencils -r2c_dir 0 -ingrid 8192 1 1 -outgrid 8192 1 1 -no-gpu-aware -n5
.//tmp_files/5826.sh: line 3: 89569 Segmentation fault      speed3d_r2c fftw float-long 1400 1400 1400 -reorder -a2av -pencils -r2c_dir 0 -ingrid 8192 1 1 -outgrid 8192 1 1 -no-gpu-aware -n5
.//tmp_files/5826.sh: line 3: 89713 Segmentation fault      speed3d_r2c fftw float-long 1400 1400 1400 -reorder -a2av -pencils -r2c_dir 0 -ingrid 8192 1 1 -outgrid 8192 1 1 -no-gpu-aware -n5
.//tmp_files/5826.sh: line 3: 89807 Segmentation fault      speed3d_r2c fftw float-long 1400 1400 1400 -reorder -a2av -pencils -r2c_dir 0 -ingrid 8192 1 1 -outgrid 8192 1 1 -no-gpu-aware -n5
.//tmp_files/5826.sh: line 3: 89722 Segmentation fault      speed3d_r2c fftw float-long 1400 1400 1400 -reorder -a2av -pencils -r2c_dir 0 -ingrid 8192 1 1 -outgrid 8192 1 1 -no-gpu-aware -n5
.//tmp_files/5826.sh: line 3: 89725 Segmentation fault      speed3d_r2c fftw float-long 1400 1400 1400 -reorder -a2av -pencils -r2c_dir 0 -ingrid 8192 1 1 -outgrid 8192 1 1 -no-gpu-aware -n5
.//tmp_files/5826.sh: line 3: 89684 Segmentation fault      speed3d_r2c fftw float-long 1400 1400 1400 -reorder -a2av -pencils -r2c_dir 0 -ingrid 8192 1 1 -outgrid 8192 1 1 -no-gpu-aware -n5
.//tmp_files/5826.sh: line 3: 90754 Segmentation fault      speed3d_r2c fftw float-long 1400 1400 1400 -reorder -a2av -pencils -r2c_dir 0 -ingrid 8192 1 1 -outgrid 8192 1 1 -no-gpu-aware -n5
.//tmp_files/5826.sh: line 3: 90883 Segmentation fault      speed3d_r2c fftw float-long 1400 1400 1400 -reorder -a2av -pencils -r2c_dir 0 -ingrid 8192 1 1 -outgrid 8192 1 1 -no-gpu-aware -n5
.//tmp_files/5826.sh: line 3: 89714 Segmentation fault      speed3d_r2c fftw float-long 1400 1400 1400 -reorder -a2av -pencils -r2c_dir 0 -ingrid 8192 1 1 -outgrid 8192 1 1 -no-gpu-aware -n5
.//tmp_files/5826.sh: line 3: 90773 Segmentation fault      speed3d_r2c fftw float-long 1400 1400 1400 -reorder -a2av -pencils -r2c_dir 0 -ingrid 8192 1 1 -outgrid 8192 1 1 -no-gpu-aware -n5
.//tmp_files/5826.sh: line 3: 97367 Segmentation fault      speed3d_r2c fftw float-long 1400 1400 1400 -reorder -a2av -pencils -r2c_dir 0 -ingrid 8192 1 1 -outgrid 8192 1 1 -no-gpu-aware -n5
.//tmp_files/5826.sh: line 3: 90912 Segmentation fault      speed3d_r2c fftw float-long 1400 1400 1400 -reorder -a2av -pencils -r2c_dir 0 -ingrid 8192 1 1 -outgrid 8192 1 1 -no-gpu-aware -n5
.//tmp_files/5826.sh: line 3: 89517 Segmentation fault      speed3d_r2c fftw float-long 1400 1400 1400 -reorder -a2av -pencils -r2c_dir 0 -ingrid 8192 1 1 -outgrid 8192 1 1 -no-gpu-aware -n5
.//tmp_files/5826.sh: line 3: 89732 Segmentation fault      speed3d_r2c fftw float-long 1400 1400 1400 -reorder -a2av -pencils -r2c_dir 0 -ingrid 8192 1 1 -outgrid 8192 1 1 -no-gpu-aware -n5
.//tmp_files/5826.sh: line 3: 89718 Segmentation fault      speed3d_r2c fftw float-long 1400 1400 1400 -reorder -a2av -pencils -r2c_dir 0 -ingrid 8192 1 1 -outgrid 8192 1 1 -no-gpu-aware -n5
.//tmp_files/5826.sh: line 3: 89658 Segmentation fault      speed3d_r2c fftw float-long 1400 1400 1400 -reorder -a2av -pencils -r2c_dir 0 -ingrid 8192 1 1 -outgrid 8192 1 1 -no-gpu-aware -n5
.//tmp_files/5826.sh: line 3: 90918 Segmentation fault      speed3d_r2c fftw float-long 1400 1400 1400 -reorder -a2av -pencils -r2c_dir 0 -ingrid 8192 1 1 -outgrid 8192 1 1 -no-gpu-aware -n5
.//tmp_files/5826.sh: line 3: 90906 Segmentation fault      speed3d_r2c fftw float-long 1400 1400 1400 -reorder -a2av -pencils -r2c_dir 0 -ingrid 8192 1 1 -outgrid 8192 1 1 -no-gpu-aware -n5
.//tmp_files/5826.sh: line 3: 90787 Segmentation fault      speed3d_r2c fftw float-long 1400 1400 1400 -reorder -a2av -pencils -r2c_dir 0 -ingrid 8192 1 1 -outgrid 8192 1 1 -no-gpu-aware -n5
.//tmp_files/5826.sh: line 3: 89820 Segmentation fault      speed3d_r2c fftw float-long 1400 1400 1400 -reorder -a2av -pencils -r2c_dir 0 -ingrid 8192 1 1 -outgrid 8192 1 1 -no-gpu-aware -n5
.//tmp_files/5826.sh: line 3: 89620 Segmentation fault      speed3d_r2c fftw float-long 1400 1400 1400 -reorder -a2av -pencils -r2c_dir 0 -ingrid 8192 1 1 -outgrid 8192 1 1 -no-gpu-aware -n5
.//tmp_files/5826.sh: line 3: 97431 Segmentation fault      speed3d_r2c fftw float-long 1400 1400 1400 -reorder -a2av -pencils -r2c_dir 0 -ingrid 8192 1 1 -outgrid 8192 1 1 -no-gpu-aware -n5
.//tmp_files/5826.sh: line 3: 89652 Segmentation fault      speed3d_r2c fftw float-long 1400 1400 1400 -reorder -a2av -pencils -r2c_dir 0 -ingrid 8192 1 1 -outgrid 8192 1 1 -no-gpu-aware -n5
.//tmp_files/5826.sh: line 3: 90775 Segmentation fault      speed3d_r2c fftw float-long 1400 1400 1400 -reorder -a2av -pencils -r2c_dir 0 -ingrid 8192 1 1 -outgrid 8192 1 1 -no-gpu-aware -n5
.//tmp_files/5826.sh: line 3: 90755 Segmentation fault      speed3d_r2c fftw float-long 1400 1400 1400 -reorder -a2av -pencils -r2c_dir 0 -ingrid 8192 1 1 -outgrid 8192 1 1 -no-gpu-aware -n5
.//tmp_files/5826.sh: line 3: 90766 Segmentation fault      speed3d_r2c fftw float-long 1400 1400 1400 -reorder -a2av -pencils -r2c_dir 0 -ingrid 8192 1 1 -outgrid 8192 1 1 -no-gpu-aware -n5
.//tmp_files/5826.sh: line 3: 90767 Segmentation fault      speed3d_r2c fftw float-long 1400 1400 1400 -reorder -a2av -pencils -r2c_dir 0 -ingrid 8192 1 1 -outgrid 8192 1 1 -no-gpu-aware -n5
.//tmp_files/5826.sh: line 3: 90920 Segmentation fault      speed3d_r2c fftw float-long 1400 1400 1400 -reorder -a2av -pencils -r2c_dir 0 -ingrid 8192 1 1 -outgrid 8192 1 1 -no-gpu-aware -n5
.//tmp_files/5826.sh: line 3: 89784 Segmentation fault      speed3d_r2c fftw float-long 1400 1400 1400 -reorder -a2av -pencils -r2c_dir 0 -ingrid 8192 1 1 -outgrid 8192 1 1 -no-gpu-aware -n5
.//tmp_files/5826.sh: line 3: 89693 Segmentation fault      speed3d_r2c fftw float-long 1400 1400 1400 -reorder -a2av -pencils -r2c_dir 0 -ingrid 8192 1 1 -outgrid 8192 1 1 -no-gpu-aware -n5
.//tmp_files/5826.sh: line 3: 89775 Segmentation fault      speed3d_r2c fftw float-long 1400 1400 1400 -reorder -a2av -pencils -r2c_dir 0 -ingrid 8192 1 1 -outgrid 8192 1 1 -no-gpu-aware -n5
.//tmp_files/5826.sh: line 3: 90906 Segmentation fault      speed3d_r2c fftw float-long 1400 1400 1400 -reorder -a2av -pencils -r2c_dir 0 -ingrid 8192 1 1 -outgrid 8192 1 1 -no-gpu-aware -n5
.//tmp_files/5826.sh: line 3: 89745 Segmentation fault      speed3d_r2c fftw float-long 1400 1400 1400 -reorder -a2av -pencils -r2c_dir 0 -ingrid 8192 1 1 -outgrid 8192 1 1 -no-gpu-aware -n5
.//tmp_files/5826.sh: line 3: 89785 Segmentation fault      speed3d_r2c fftw float-long 1400 1400 1400 -reorder -a2av -pencils -r2c_dir 0 -ingrid 8192 1 1 -outgrid 8192 1 1 -no-gpu-aware -n5
.//tmp_files/5826.sh: line 3: 89687 Segmentation fault      speed3d_r2c fftw float-long 1400 1400 1400 -reorder -a2av -pencils -r2c_dir 0 -ingrid 8192 1 1 -outgrid 8192 1 1 -no-gpu-aware -n5
.//tmp_files/5826.sh: line 3: 89717 Segmentation fault      speed3d_r2c fftw float-long 1400 1400 1400 -reorder -a2av -pencils -r2c_dir 0 -ingrid 8192 1 1 -outgrid 8192 1 1 -no-gpu-aware -n5
.//tmp_files/5826.sh: line 3: 90852 Segmentation fault      speed3d_r2c fftw float-long 1400 1400 1400 -reorder -a2av -pencils -r2c_dir 0 -ingrid 8192 1 1 -outgrid 8192 1 1 -no-gpu-aware -n5
.//tmp_files/5826.sh: line 3: 90940 Segmentation fault      speed3d_r2c fftw float-long 1400 1400 1400 -reorder -a2av -pencils -r2c_dir 0 -ingrid 8192 1 1 -outgrid 8192 1 1 -no-gpu-aware -n5
.//tmp_files/5826.sh: line 3: 91007 Segmentation fault      speed3d_r2c fftw float-long 1400 1400 1400 -reorder -a2av -pencils -r2c_dir 0 -ingrid 8192 1 1 -outgrid 8192 1 1 -no-gpu-aware -n5
.//tmp_files/5826.sh: line 3: 90835 Segmentation fault      speed3d_r2c fftw float-long 1400 1400 1400 -reorder -a2av -pencils -r2c_dir 0 -ingrid 8192 1 1 -outgrid 8192 1 1 -no-gpu-aware -n5
.//tmp_files/5826.sh: line 3: 90863 Segmentation fault      speed3d_r2c fftw float-long 1400 1400 1400 -reorder -a2av -pencils -r2c_dir 0 -ingrid 8192 1 1 -outgrid 8192 1 1 -no-gpu-aware -n5
.//tmp_files/5826.sh: line 3: 90861 Segmentation fault      speed3d_r2c fftw float-long 1400 1400 1400 -reorder -a2av -pencils -r2c_dir 0 -ingrid 8192 1 1 -outgrid 8192 1 1 -no-gpu-aware -n5
.//tmp_files/5826.sh: line 3: 97483 Segmentation fault      speed3d_r2c fftw float-long 1400 1400 1400 -reorder -a2av -pencils -r2c_dir 0 -ingrid 8192 1 1 -outgrid 8192 1 1 -no-gpu-aware -n5
.//tmp_files/5826.sh: line 3: 98585 Segmentation fault      speed3d_r2c fftw float-long 1400 1400 1400 -reorder -a2av -pencils -r2c_dir 0 -ingrid 8192 1 1 -outgrid 8192 1 1 -no-gpu-aware -n5
.//tmp_files/5826.sh: line 3: 90841 Segmentation fault      speed3d_r2c fftw float-long 1400 1400 1400 -reorder -a2av -pencils -r2c_dir 0 -ingrid 8192 1 1 -outgrid 8192 1 1 -no-gpu-aware -n5
.//tmp_files/5826.sh: line 3: 89551 Segmentation fault      speed3d_r2c fftw float-long 1400 1400 1400 -reorder -a2av -pencils -r2c_dir 0 -ingrid 8192 1 1 -outgrid 8192 1 1 -no-gpu-aware -n5
.//tmp_files/5826.sh: line 3: 89728 Segmentation fault      speed3d_r2c fftw float-long 1400 1400 1400 -reorder -a2av -pencils -r2c_dir 0 -ingrid 8192 1 1 -outgrid 8192 1 1 -no-gpu-aware -n5
.//tmp_files/5826.sh: line 3: 89759 Segmentation fault      speed3d_r2c fftw float-long 1400 1400 1400 -reorder -a2av -pencils -r2c_dir 0 -ingrid 8192 1 1 -outgrid 8192 1 1 -no-gpu-aware -n5
.//tmp_files/5826.sh: line 3: 89765 Segmentation fault      speed3d_r2c fftw float-long 1400 1400 1400 -reorder -a2av -pencils -r2c_dir 0 -ingrid 8192 1 1 -outgrid 8192 1 1 -no-gpu-aware -n5
.//tmp_files/5826.sh: line 3: 90910 Segmentation fault      speed3d_r2c fftw float-long 1400 1400 1400 -reorder -a2av -pencils -r2c_dir 0 -ingrid 8192 1 1 -outgrid 8192 1 1 -no-gpu-aware -n5
.//tmp_files/5826.sh: line 3: 89769 Segmentation fault      speed3d_r2c fftw float-long 1400 1400 1400 -reorder -a2av -pencils -r2c_dir 0 -ingrid 8192 1 1 -outgrid 8192 1 1 -no-gpu-aware -n5
.//tmp_files/5826.sh: line 3: 89708 Segmentation fault      speed3d_r2c fftw float-long 1400 1400 1400 -reorder -a2av -pencils -r2c_dir 0 -ingrid 8192 1 1 -outgrid 8192 1 1 -no-gpu-aware -n5
.//tmp_files/5826.sh: line 3: 89688 Segmentation fault      speed3d_r2c fftw float-long 1400 1400 1400 -reorder -a2av -pencils -r2c_dir 0 -ingrid 8192 1 1 -outgrid 8192 1 1 -no-gpu-aware -n5
.//tmp_files/5826.sh: line 3: 90927 Segmentation fault      speed3d_r2c fftw float-long 1400 1400 1400 -reorder -a2av -pencils -r2c_dir 0 -ingrid 8192 1 1 -outgrid 8192 1 1 -no-gpu-aware -n5
.//tmp_files/5826.sh: line 3: 90957 Segmentation fault      speed3d_r2c fftw float-long 1400 1400 1400 -reorder -a2av -pencils -r2c_dir 0 -ingrid 8192 1 1 -outgrid 8192 1 1 -no-gpu-aware -n5
.//tmp_files/5826.sh: line 3: 90871 Segmentation fault      speed3d_r2c fftw float-long 1400 1400 1400 -reorder -a2av -pencils -r2c_dir 0 -ingrid 8192 1 1 -outgrid 8192 1 1 -no-gpu-aware -n5
.//tmp_files/5826.sh: line 3: 90725 Segmentation fault      speed3d_r2c fftw float-long 1400 1400 1400 -reorder -a2av -pencils -r2c_dir 0 -ingrid 8192 1 1 -outgrid 8192 1 1 -no-gpu-aware -n5
.//tmp_files/5826.sh: line 3: 90741 Segmentation fault      speed3d_r2c fftw float-long 1400 1400 1400 -reorder -a2av -pencils -r2c_dir 0 -ingrid 8192 1 1 -outgrid 8192 1 1 -no-gpu-aware -n5
.//tmp_files/5826.sh: line 3: 97406 Segmentation fault      speed3d_r2c fftw float-long 1400 1400 1400 -reorder -a2av -pencils -r2c_dir 0 -ingrid 8192 1 1 -outgrid 8192 1 1 -no-gpu-aware -n5
.//tmp_files/5826.sh: line 3: 97376 Segmentation fault      speed3d_r2c fftw float-long 1400 1400 1400 -reorder -a2av -pencils -r2c_dir 0 -ingrid 8192 1 1 -outgrid 8192 1 1 -no-gpu-aware -n5
.//tmp_files/5826.sh: line 3: 97341 Segmentation fault      speed3d_r2c fftw float-long 1400 1400 1400 -reorder -a2av -pencils -r2c_dir 0 -ingrid 8192 1 1 -outgrid 8192 1 1 -no-gpu-aware -n5
.//tmp_files/5826.sh: line 3: 90759 Segmentation fault      speed3d_r2c fftw float-long 1400 1400 1400 -reorder -a2av -pencils -r2c_dir 0 -ingrid 8192 1 1 -outgrid 8192 1 1 -no-gpu-aware -n5
.//tmp_files/5826.sh: line 3: 90838 Segmentation fault      speed3d_r2c fftw float-long 1400 1400 1400 -reorder -a2av -pencils -r2c_dir 0 -ingrid 8192 1 1 -outgrid 8192 1 1 -no-gpu-aware -n5
.//tmp_files/5826.sh: line 3: 90839 Segmentation fault      speed3d_r2c fftw float-long 1400 1400 1400 -reorder -a2av -pencils -r2c_dir 0 -ingrid 8192 1 1 -outgrid 8192 1 1 -no-gpu-aware -n5
.//tmp_files/5826.sh: line 3: 90823 Segmentation fault      speed3d_r2c fftw float-long 1400 1400 1400 -reorder -a2av -pencils -r2c_dir 0 -ingrid 8192 1 1 -outgrid 8192 1 1 -no-gpu-aware -n5
.//tmp_files/5826.sh: line 3: 90928 Segmentation fault      speed3d_r2c fftw float-long 1400 1400 1400 -reorder -a2av -pencils -r2c_dir 0 -ingrid 8192 1 1 -outgrid 8192 1 1 -no-gpu-aware -n5
.//tmp_files/5826.sh: line 3: 90930 Segmentation fault      speed3d_r2c fftw float-long 1400 1400 1400 -reorder -a2av -pencils -r2c_dir 0 -ingrid 8192 1 1 -outgrid 8192 1 1 -no-gpu-aware -n5
.//tmp_files/5826.sh: line 3: 90931 Segmentation fault      speed3d_r2c fftw float-long 1400 1400 1400 -reorder -a2av -pencils -r2c_dir 0 -ingrid 8192 1 1 -outgrid 8192 1 1 -no-gpu-aware -n5
.//tmp_files/5826.sh: line 3: 90904 Segmentation fault      speed3d_r2c fftw float-long 1400 1400 1400 -reorder -a2av -pencils -r2c_dir 0 -ingrid 8192 1 1 -outgrid 8192 1 1 -no-gpu-aware -n5
.//tmp_files/5826.sh: line 3: 90951 Segmentation fault      speed3d_r2c fftw float-long 1400 1400 1400 -reorder -a2av -pencils -r2c_dir 0 -ingrid 8192 1 1 -outgrid 8192 1 1 -no-gpu-aware -n5
.//tmp_files/5826.sh: line 3: 89745 Segmentation fault      speed3d_r2c fftw float-long 1400 1400 1400 -reorder -a2av -pencils -r2c_dir 0 -ingrid 8192 1 1 -outgrid 8192 1 1 -no-gpu-aware -n5
.//tmp_files/5826.sh: line 3: 89762 Segmentation fault      speed3d_r2c fftw float-long 1400 1400 1400 -reorder -a2av -pencils -r2c_dir 0 -ingrid 8192 1 1 -outgrid 8192 1 1 -no-gpu-aware -n5
.//tmp_files/5826.sh: line 3: 90892 Segmentation fault      speed3d_r2c fftw float-long 1400 1400 1400 -reorder -a2av -pencils -r2c_dir 0 -ingrid 8192 1 1 -outgrid 8192 1 1 -no-gpu-aware -n5
.//tmp_files/5826.sh: line 3: 89751 Segmentation fault      speed3d_r2c fftw float-long 1400 1400 1400 -reorder -a2av -pencils -r2c_dir 0 -ingrid 8192 1 1 -outgrid 8192 1 1 -no-gpu-aware -n5
.//tmp_files/5826.sh: line 3: 89803 Segmentation fault      speed3d_r2c fftw float-long 1400 1400 1400 -reorder -a2av -pencils -r2c_dir 0 -ingrid 8192 1 1 -outgrid 8192 1 1 -no-gpu-aware -n5
.//tmp_files/5826.sh: line 3: 96333 Segmentation fault      speed3d_r2c fftw float-long 1400 1400 1400 -reorder -a2av -pencils -r2c_dir 0 -ingrid 8192 1 1 -outgrid 8192 1 1 -no-gpu-aware -n5
.//tmp_files/5826.sh: line 3: 89700 Segmentation fault      speed3d_r2c fftw float-long 1400 1400 1400 -reorder -a2av -pencils -r2c_dir 0 -ingrid 8192 1 1 -outgrid 8192 1 1 -no-gpu-aware -n5
.//tmp_files/5826.sh: line 3: 90925 Segmentation fault      speed3d_r2c fftw float-long 1400 1400 1400 -reorder -a2av -pencils -r2c_dir 0 -ingrid 8192 1 1 -outgrid 8192 1 1 -no-gpu-aware -n5
.//tmp_files/5826.sh: line 3: 89723 Segmentation fault      speed3d_r2c fftw float-long 1400 1400 1400 -reorder -a2av -pencils -r2c_dir 0 -ingrid 8192 1 1 -outgrid 8192 1 1 -no-gpu-aware -n5
.//tmp_files/5826.sh: line 3: 90943 Segmentation fault      speed3d_r2c fftw float-long 1400 1400 1400 -reorder -a2av -pencils -r2c_dir 0 -ingrid 8192 1 1 -outgrid 8192 1 1 -no-gpu-aware -n5
.//tmp_files/5826.sh: line 3: 90943 Segmentation fault      speed3d_r2c fftw float-long 1400 1400 1400 -reorder -a2av -pencils -r2c_dir 0 -ingrid 8192 1 1 -outgrid 8192 1 1 -no-gpu-aware -n5
.//tmp_files/5826.sh: line 3: 89836 Segmentation fault      speed3d_r2c fftw float-long 1400 1400 1400 -reorder -a2av -pencils -r2c_dir 0 -ingrid 8192 1 1 -outgrid 8192 1 1 -no-gpu-aware -n5
.//tmp_files/5826.sh: line 3: 89527 Segmentation fault      speed3d_r2c fftw float-long 1400 1400 1400 -reorder -a2av -pencils -r2c_dir 0 -ingrid 8192 1 1 -outgrid 8192 1 1 -no-gpu-aware -n5
.//tmp_files/5826.sh: line 3: 90779 Segmentation fault      speed3d_r2c fftw float-long 1400 1400 1400 -reorder -a2av -pencils -r2c_dir 0 -ingrid 8192 1 1 -outgrid 8192 1 1 -no-gpu-aware -n5
.//tmp_files/5826.sh: line 3: 90865 Segmentation fault      speed3d_r2c fftw float-long 1400 1400 1400 -reorder -a2av -pencils -r2c_dir 0 -ingrid 8192 1 1 -outgrid 8192 1 1 -no-gpu-aware -n5
.//tmp_files/5826.sh: line 3: 90824 Segmentation fault      speed3d_r2c fftw float-long 1400 1400 1400 -reorder -a2av -pencils -r2c_dir 0 -ingrid 8192 1 1 -outgrid 8192 1 1 -no-gpu-aware -n5
.//tmp_files/5826.sh: line 3: 97403 Segmentation fault      speed3d_r2c fftw float-long 1400 1400 1400 -reorder -a2av -pencils -r2c_dir 0 -ingrid 8192 1 1 -outgrid 8192 1 1 -no-gpu-aware -n5
.//tmp_files/5826.sh: line 3: 90840 Segmentation fault      speed3d_r2c fftw float-long 1400 1400 1400 -reorder -a2av -pencils -r2c_dir 0 -ingrid 8192 1 1 -outgrid 8192 1 1 -no-gpu-aware -n5
.//tmp_files/5826.sh: line 3: 90793 Segmentation fault      speed3d_r2c fftw float-long 1400 1400 1400 -reorder -a2av -pencils -r2c_dir 0 -ingrid 8192 1 1 -outgrid 8192 1 1 -no-gpu-aware -n5
.//tmp_files/5826.sh: line 3: 91004 Segmentation fault      speed3d_r2c fftw float-long 1400 1400 1400 -reorder -a2av -pencils -r2c_dir 0 -ingrid 8192 1 1 -outgrid 8192 1 1 -no-gpu-aware -n5
.//tmp_files/5826.sh: line 3: 90962 Segmentation fault      speed3d_r2c fftw float-long 1400 1400 1400 -reorder -a2av -pencils -r2c_dir 0 -ingrid 8192 1 1 -outgrid 8192 1 1 -no-gpu-aware -n5
.//tmp_files/5826.sh: line 3: 90920 Segmentation fault      speed3d_r2c fftw float-long 1400 1400 1400 -reorder -a2av -pencils -r2c_dir 0 -ingrid 8192 1 1 -outgrid 8192 1 1 -no-gpu-aware -n5
.//tmp_files/5826.sh: line 3: 90944 Segmentation fault      speed3d_r2c fftw float-long 1400 1400 1400 -reorder -a2av -pencils -r2c_dir 0 -ingrid 8192 1 1 -outgrid 8192 1 1 -no-gpu-aware -n5
.//tmp_files/5826.sh: line 3: 90855 Segmentation fault      speed3d_r2c fftw float-long 1400 1400 1400 -reorder -a2av -pencils -r2c_dir 0 -ingrid 8192 1 1 -outgrid 8192 1 1 -no-gpu-aware -n5
.//tmp_files/5826.sh: line 3: 90888 Segmentation fault      speed3d_r2c fftw float-long 1400 1400 1400 -reorder -a2av -pencils -r2c_dir 0 -ingrid 8192 1 1 -outgrid 8192 1 1 -no-gpu-aware -n5
.//tmp_files/5826.sh: line 3: 90912 Segmentation fault      speed3d_r2c fftw float-long 1400 1400 1400 -reorder -a2av -pencils -r2c_dir 0 -ingrid 8192 1 1 -outgrid 8192 1 1 -no-gpu-aware -n5
.//tmp_files/5826.sh: line 3: 90913 Segmentation fault      speed3d_r2c fftw float-long 1400 1400 1400 -reorder -a2av -pencils -r2c_dir 0 -ingrid 8192 1 1 -outgrid 8192 1 1 -no-gpu-aware -n5
.//tmp_files/5826.sh: line 3: 90694 Segmentation fault      speed3d_r2c fftw float-long 1400 1400 1400 -reorder -a2av -pencils -r2c_dir 0 -ingrid 8192 1 1 -outgrid 8192 1 1 -no-gpu-aware -n5
.//tmp_files/5826.sh: line 3: 90687 Segmentation fault      speed3d_r2c fftw float-long 1400 1400 1400 -reorder -a2av -pencils -r2c_dir 0 -ingrid 8192 1 1 -outgrid 8192 1 1 -no-gpu-aware -n5
.//tmp_files/5826.sh: line 3: 90680 Segmentation fault      speed3d_r2c fftw float-long 1400 1400 1400 -reorder -a2av -pencils -r2c_dir 0 -ingrid 8192 1 1 -outgrid 8192 1 1 -no-gpu-aware -n5
.//tmp_files/5826.sh: line 3: 90679 Segmentation fault      speed3d_r2c fftw float-long 1400 1400 1400 -reorder -a2av -pencils -r2c_dir 0 -ingrid 8192 1 1 -outgrid 8192 1 1 -no-gpu-aware -n5
Application 28966798 exit codes: 139
Application 28966798 exit signals: Killed
Application 28966798 resources: utime ~5339s, stime ~494s, Rss ~115208, inblocks ~42674, outblocks ~0
