time=1.16718 0/256 /pressio/roibin/background/pressio/zfp:metrics:copy_compressor_results <int32> = 1
/pressio/roibin/background/pressio/zfp:metrics:errors_fatal <int32> = 1
/pressio/roibin/background/pressio/zfp:pressio:abs <double> = <empty>
/pressio/roibin/background/pressio/zfp:pressio:lossless <int32> = <empty>
/pressio/roibin/background/pressio/zfp:pressio:metric <char*> = "noop"
/pressio/roibin/background/pressio/zfp:pressio:nthreads <uint32> = 0
/pressio/roibin/background/pressio/zfp:zfp:accuracy <double> = <empty>
/pressio/roibin/background/pressio/zfp:zfp:dims <uint32> = <empty>
/pressio/roibin/background/pressio/zfp:zfp:execution <int32> = 0
/pressio/roibin/background/pressio/zfp:zfp:execution_name <char*> = <empty>
/pressio/roibin/background/pressio/zfp:zfp:maxbits <uint32> = 16658
/pressio/roibin/background/pressio/zfp:zfp:maxprec <uint32> = 64
/pressio/roibin/background/pressio/zfp:zfp:metric <char*> = "noop"
/pressio/roibin/background/pressio/zfp:zfp:minbits <uint32> = 1
/pressio/roibin/background/pressio/zfp:zfp:minexp <int32> = -10
/pressio/roibin/background/pressio/zfp:zfp:mode <uint32> = <empty>
/pressio/roibin/background/pressio/zfp:zfp:omp_chunk_size <uint32> = 0
/pressio/roibin/background/pressio/zfp:zfp:omp_threads <uint32> = 0
/pressio/roibin/background/pressio/zfp:zfp:precision <uint32> = <empty>
/pressio/roibin/background/pressio/zfp:zfp:rate <double> = 30
/pressio/roibin/background/pressio/zfp:zfp:reversible <uint32> = <empty>
/pressio/roibin/background/pressio/zfp:zfp:type <uint32> = <empty>
/pressio/roibin/background/pressio/zfp:zfp:wra <int32> = <empty>
/pressio/roibin/background/pressio:metrics:copy_compressor_results <int32> = 1
/pressio/roibin/background/pressio:metrics:errors_fatal <int32> = 1
/pressio/roibin/background/pressio:pressio:abs <double> = <empty>
/pressio/roibin/background/pressio:pressio:bound_name <char*> = <empty>
/pressio/roibin/background/pressio:pressio:compressor <char*> = "zfp"
/pressio/roibin/background/pressio:pressio:metric <char*> = "noop"
/pressio/roibin/background/pressio:pressio:rel <double> = <empty>
/pressio/roibin/background/pressio:pressio:reset_mode <bool> = <empty>
/pressio/roibin/background:binning:compressor <char*> = "pressio"
/pressio/roibin/background:binning:metric <char*> = "noop"
/pressio/roibin/background:binning:nthreads <uint32> = 2
/pressio/roibin/background:binning:shape <data> = data{ type=double dims={3, } has_data=[2, 2, 1, ]}
/pressio/roibin/background:metrics:copy_compressor_results <int32> = 1
/pressio/roibin/background:metrics:errors_fatal <int32> = 1
/pressio/roibin/background:pressio:metric <char*> = "noop"
/pressio/roibin/background:pressio:nthreads <uint32> = 2
/pressio/roibin/roi:fpzip:has_header <int32> = 0
/pressio/roibin/roi:fpzip:metric <char*> = "noop"
/pressio/roibin/roi:fpzip:prec <int32> = 0
/pressio/roibin/roi:metrics:copy_compressor_results <int32> = 1
/pressio/roibin/roi:metrics:errors_fatal <int32> = 1
/pressio/roibin/roi:pressio:metric <char*> = "noop"
/pressio/roibin:metrics:copy_compressor_results <int32> = 1
/pressio/roibin:metrics:errors_fatal <int32> = 1
/pressio/roibin:pressio:metric <char*> = "noop"
/pressio/roibin:pressio:nthreads <uint32> = 1
/pressio/roibin:roibin:background <char*> = "binning"
/pressio/roibin:roibin:centers <data> = data{ type=uint64_t dims={} has_data=false}
/pressio/roibin:roibin:metric <char*> = "noop"
/pressio/roibin:roibin:nthreads <uint32> = 1
/pressio/roibin:roibin:roi <char*> = "fpzip"
/pressio/roibin:roibin:roi_size <data> = data{ type=double dims={3, } has_data=[8, 8, 0, ]}
/pressio/roibin:roibin:roi_strategy <char*> = "coordinates"
/pressio:metrics:copy_compressor_results <int32> = 1
/pressio:metrics:errors_fatal <int32> = 1
/pressio:pressio:bound_name <char*> = <empty>
/pressio:pressio:compressor <char*> = "roibin"
/pressio:pressio:metric <char*> = "noop"
/pressio:pressio:reset_mode <bool> = <empty>

time=1.16726 0/256 global data_dims{130, 1480, 1552}
time=1.16727 0/256 global peakx_dims{130, 2048}
time=1.16727 0/256 global peaky_dims{130, 2048}
time=1.16728 0/256 global npeaks{130}
time=1.16728 0/256 processing 0 256
global_cr=8.01389
wallclock_ms=8667
compress_ms=56
compress_bandwidth_GBps=42.0016
wallclock_bandwidth_GBps=0.271384
