time=0.443537 0/2 /pressio/roibin/background/blosc:blosc:blocksize <uint32> = 0
/pressio/roibin/background/blosc:blosc:clevel <int32> = 9
/pressio/roibin/background/blosc:blosc:compressor <char*> = "zstd"
/pressio/roibin/background/blosc:blosc:doshuffle <int32> = 1
/pressio/roibin/background/blosc:blosc:metric <char*> = "noop"
/pressio/roibin/background/blosc:blosc:numinternalthreads <int32> = 4
/pressio/roibin/background/blosc:metrics:copy_compressor_results <int32> = 1
/pressio/roibin/background/blosc:metrics:errors_fatal <int32> = 1
/pressio/roibin/background/blosc:pressio:lossless <int32> = 9
/pressio/roibin/background/blosc:pressio:metric <char*> = "noop"
/pressio/roibin/background/blosc:pressio:nthreads <uint32> = 4
/pressio/roibin/background:binning:compressor <char*> = "blosc"
/pressio/roibin/background:binning:metric <char*> = "noop"
/pressio/roibin/background:binning:nthreads <uint32> = 3
/pressio/roibin/background:binning:shape <data> = data{ type=double dims={3, } has_data=[2, 2, 1, ]}
/pressio/roibin/background:metrics:copy_compressor_results <int32> = 1
/pressio/roibin/background:metrics:errors_fatal <int32> = 1
/pressio/roibin/background:pressio:metric <char*> = "noop"
/pressio/roibin/background:pressio:nthreads <uint32> = 3
/pressio/roibin/roi:blosc:blocksize <uint32> = 0
/pressio/roibin/roi:blosc:clevel <int32> = 9
/pressio/roibin/roi:blosc:compressor <char*> = "zstd"
/pressio/roibin/roi:blosc:doshuffle <int32> = 1
/pressio/roibin/roi:blosc:metric <char*> = "noop"
/pressio/roibin/roi:blosc:numinternalthreads <int32> = 4
/pressio/roibin/roi:metrics:copy_compressor_results <int32> = 1
/pressio/roibin/roi:metrics:errors_fatal <int32> = 1
/pressio/roibin/roi:pressio:lossless <int32> = 9
/pressio/roibin/roi:pressio:metric <char*> = "noop"
/pressio/roibin/roi:pressio:nthreads <uint32> = 4
/pressio/roibin:metrics:copy_compressor_results <int32> = 1
/pressio/roibin:metrics:errors_fatal <int32> = 1
/pressio/roibin:pressio:metric <char*> = "noop"
/pressio/roibin:pressio:nthreads <uint32> = 1
/pressio/roibin:roibin:background <char*> = "binning"
/pressio/roibin:roibin:centers <data> = data{ type=uint64_t dims={} has_data=false}
/pressio/roibin:roibin:metric <char*> = "noop"
/pressio/roibin:roibin:nthreads <uint32> = 1
/pressio/roibin:roibin:roi <char*> = "blosc"
/pressio/roibin:roibin:roi_size <data> = data{ type=double dims={3, } has_data=[8, 8, 0, ]}
/pressio/roibin:roibin:roi_strategy <char*> = "coordinates"
/pressio:metrics:copy_compressor_results <int32> = 1
/pressio:metrics:errors_fatal <int32> = 1
/pressio:pressio:bound_name <char*> = <empty>
/pressio:pressio:compressor <char*> = "roibin"
/pressio:pressio:metric <char*> = "noop"
/pressio:pressio:reset_mode <bool> = <empty>

time=0.44361 0/2 global data_dims{130, 1480, 1552}
time=0.443616 0/2 global peakx_dims{130, 2048}
time=0.443619 0/2 global peaky_dims{130, 2048}
time=0.443622 0/2 global npeaks{130}
time=0.443629 0/2 processing 0 2
time=2.21374 0/2 processing 2 4
time=3.81339 0/2 processing 4 6
time=5.68712 0/2 processing 6 8
time=7.41911 0/2 processing 8 10
time=9.4071 0/2 processing 10 12
time=11.3071 0/2 processing 12 14
time=13.0777 0/2 processing 14 16
time=14.9928 0/2 processing 16 18
time=16.7113 0/2 processing 18 20
time=18.443 0/2 processing 20 22
time=20.683 0/2 processing 22 24
time=22.1433 0/2 processing 24 26
time=23.6233 0/2 processing 26 28
time=25.2753 0/2 processing 28 30
time=27.1474 0/2 processing 30 32
time=28.9876 0/2 processing 32 34
time=30.6873 0/2 processing 34 36
time=32.2206 0/2 processing 36 38
time=34.1073 0/2 processing 38 40
time=36.3651 0/2 processing 40 42
time=38.023 0/2 processing 42 44
time=39.7433 0/2 processing 44 46
time=41.4393 0/2 processing 46 48
time=42.5671 0/2 processing 48 50
time=44.9248 0/2 processing 50 52
time=46.4851 0/2 processing 52 54
time=48.3994 0/2 processing 54 56
time=50.1031 0/2 processing 56 58
time=51.7074 0/2 processing 58 60
time=53.4711 0/2 processing 60 62
time=54.8031 0/2 processing 62 64
time=56.4071 0/2 processing 64 66
time=58.6135 0/2 processing 66 68
time=59.7278 0/2 processing 68 70
time=61.1793 0/2 processing 70 72
time=62.7857 0/2 processing 72 74
time=64.6911 0/2 processing 74 76
time=66.3119 0/2 processing 76 78
time=67.5909 0/2 processing 78 80
time=68.5073 0/2 processing 80 82
time=69.7671 0/2 processing 82 84
time=71.7431 0/2 processing 84 86
time=73.4376 0/2 processing 86 88
time=74.3939 0/2 processing 88 90
time=76.1874 0/2 processing 90 92
time=77.7111 0/2 processing 92 94
time=79.977 0/2 processing 94 96
time=81.5558 0/2 processing 96 98
time=82.5513 0/2 processing 98 100
time=84.7808 0/2 processing 100 102
time=86.5231 0/2 processing 102 104
time=88.3382 0/2 processing 104 106
time=89.4791 0/2 processing 106 108
time=91.2148 0/2 processing 108 110
time=93.017 0/2 processing 110 112
time=94.6311 0/2 processing 112 114
time=96.2692 0/2 processing 114 116
time=97.6113 0/2 processing 116 118
time=99.5634 0/2 processing 118 120
time=101.411 0/2 processing 120 122
time=102.535 0/2 processing 122 124
time=103.571 0/2 processing 124 126
time=105.459 0/2 processing 126 128
time=106.658 0/2 processing 128 130
global_cr=4.92065
wallclock_ms=107904
compress_ms=63113
compress_bandwidth_GBps=0.0189251
wallclock_bandwidth_GBps=0.0110693
