time=0.121605 0/2 /pressio/roibin/background/blosc:blosc:blocksize <uint32> = 0
/pressio/roibin/background/blosc:blosc:clevel <int32> = 6
/pressio/roibin/background/blosc:blosc:compressor <char*> = "zstd"
/pressio/roibin/background/blosc:blosc:doshuffle <int32> = 1
/pressio/roibin/background/blosc:blosc:metric <char*> = "noop"
/pressio/roibin/background/blosc:blosc:numinternalthreads <int32> = 1
/pressio/roibin/background/blosc:metrics:copy_compressor_results <int32> = 1
/pressio/roibin/background/blosc:metrics:errors_fatal <int32> = 1
/pressio/roibin/background/blosc:pressio:lossless <int32> = 6
/pressio/roibin/background/blosc:pressio:metric <char*> = "noop"
/pressio/roibin/background/blosc:pressio:nthreads <uint32> = 1
/pressio/roibin/background:binning:compressor <char*> = "blosc"
/pressio/roibin/background:binning:metric <char*> = "noop"
/pressio/roibin/background:binning:nthreads <uint32> = 2
/pressio/roibin/background:binning:shape <data> = data{ type=double dims={3, } has_data=[2, 2, 1, ]}
/pressio/roibin/background:metrics:copy_compressor_results <int32> = 1
/pressio/roibin/background:metrics:errors_fatal <int32> = 1
/pressio/roibin/background:pressio:metric <char*> = "noop"
/pressio/roibin/background:pressio:nthreads <uint32> = 2
/pressio/roibin/roi:blosc:blocksize <uint32> = 0
/pressio/roibin/roi:blosc:clevel <int32> = 6
/pressio/roibin/roi:blosc:compressor <char*> = "zstd"
/pressio/roibin/roi:blosc:doshuffle <int32> = 1
/pressio/roibin/roi:blosc:metric <char*> = "noop"
/pressio/roibin/roi:blosc:numinternalthreads <int32> = 1
/pressio/roibin/roi:metrics:copy_compressor_results <int32> = 1
/pressio/roibin/roi:metrics:errors_fatal <int32> = 1
/pressio/roibin/roi:pressio:lossless <int32> = 6
/pressio/roibin/roi:pressio:metric <char*> = "noop"
/pressio/roibin/roi:pressio:nthreads <uint32> = 1
/pressio/roibin:metrics:copy_compressor_results <int32> = 1
/pressio/roibin:metrics:errors_fatal <int32> = 1
/pressio/roibin:pressio:metric <char*> = "noop"
/pressio/roibin:pressio:nthreads <uint32> = 3
/pressio/roibin:roibin:background <char*> = "binning"
/pressio/roibin:roibin:centers <data> = data{ type=uint64_t dims={} has_data=false}
/pressio/roibin:roibin:metric <char*> = "noop"
/pressio/roibin:roibin:nthreads <uint32> = 3
/pressio/roibin:roibin:roi <char*> = "blosc"
/pressio/roibin:roibin:roi_size <data> = data{ type=double dims={3, } has_data=[8, 8, 0, ]}
/pressio/roibin:roibin:roi_strategy <char*> = "coordinates"
/pressio:metrics:copy_compressor_results <int32> = 1
/pressio:metrics:errors_fatal <int32> = 1
/pressio:pressio:bound_name <char*> = <empty>
/pressio:pressio:compressor <char*> = "roibin"
/pressio:pressio:metric <char*> = "noop"
/pressio:pressio:reset_mode <bool> = <empty>

time=0.121669 0/2 global data_dims{130, 1480, 1552}
time=0.121674 0/2 global peakx_dims{130, 2048}
time=0.121678 0/2 global peaky_dims{130, 2048}
time=0.121682 0/2 global npeaks{130}
time=0.121688 0/2 processing 0 2
time=0.573506 0/2 processing 2 4
time=1.08634 0/2 processing 4 6
time=1.76939 0/2 processing 6 8
time=2.44373 0/2 processing 8 10
time=3.05945 0/2 processing 10 12
time=3.87085 0/2 processing 12 14
time=4.23093 0/2 processing 14 16
time=5.0227 0/2 processing 16 18
time=5.51761 0/2 processing 18 20
time=6.09787 0/2 processing 20 22
time=6.55451 0/2 processing 22 24
time=7.43383 0/2 processing 24 26
time=7.81559 0/2 processing 26 28
time=8.49698 0/2 processing 28 30
time=9.17613 0/2 processing 30 32
time=10.2033 0/2 processing 32 34
time=11.0621 0/2 processing 34 36
time=11.8629 0/2 processing 36 38
time=12.4524 0/2 processing 38 40
time=13.4726 0/2 processing 40 42
time=14.1608 0/2 processing 42 44
time=14.9627 0/2 processing 44 46
time=15.8573 0/2 processing 46 48
time=16.8034 0/2 processing 48 50
time=17.2727 0/2 processing 50 52
time=18.727 0/2 processing 52 54
time=19.8817 0/2 processing 54 56
time=21.101 0/2 processing 56 58
time=22.1511 0/2 processing 58 60
time=23.0365 0/2 processing 60 62
time=24.029 0/2 processing 62 64
time=24.9873 0/2 processing 64 66
time=25.7492 0/2 processing 66 68
time=26.5776 0/2 processing 68 70
time=27.2782 0/2 processing 70 72
time=28.1727 0/2 processing 72 74
time=29.0105 0/2 processing 74 76
time=29.8019 0/2 processing 76 78
time=30.6628 0/2 processing 78 80
time=31.5498 0/2 processing 80 82
time=32.0098 0/2 processing 82 84
time=32.9701 0/2 processing 84 86
time=33.9961 0/2 processing 86 88
time=35.1162 0/2 processing 88 90
time=35.85 0/2 processing 90 92
time=36.3308 0/2 processing 92 94
time=37.1884 0/2 processing 94 96
time=38.0706 0/2 processing 96 98
time=38.972 0/2 processing 98 100
time=39.7567 0/2 processing 100 102
time=40.5942 0/2 processing 102 104
time=41.5333 0/2 processing 104 106
time=42.6208 0/2 processing 106 108
time=43.7709 0/2 processing 108 110
time=44.7403 0/2 processing 110 112
time=45.761 0/2 processing 112 114
time=46.7361 0/2 processing 114 116
time=47.9416 0/2 processing 116 118
time=48.9941 0/2 processing 118 120
time=49.8539 0/2 processing 120 122
time=50.6954 0/2 processing 122 124
time=51.6948 0/2 processing 124 126
time=52.5306 0/2 processing 126 128
time=53.551 0/2 processing 128 130
global_cr=4.87413
wallclock_ms=54193
compress_ms=8773
compress_bandwidth_GBps=0.136147
wallclock_bandwidth_GBps=0.0220401
