.//tmp_files/4846.sh: line 3: 105982 Segmentation fault      speed3d_r2c fftw double 1024 1024 1024 -no-reorder -a2av -pencils -r2c_dir 1 -ingrid 32 16 8 -outgrid 4096 1 1
[NID 00219] 2023-07-01 14:54:12 Apid 28418150: initiated application termination
.//tmp_files/4846.sh: line 3: 71668 Segmentation fault      speed3d_r2c fftw double 1024 1024 1024 -no-reorder -a2av -pencils -r2c_dir 1 -ingrid 32 16 8 -outgrid 4096 1 1
.//tmp_files/4846.sh: line 3: 62210 Segmentation fault      speed3d_r2c fftw double 1024 1024 1024 -no-reorder -a2av -pencils -r2c_dir 1 -ingrid 32 16 8 -outgrid 4096 1 1
.//tmp_files/4846.sh: line 3: 61864 Segmentation fault      speed3d_r2c fftw double 1024 1024 1024 -no-reorder -a2av -pencils -r2c_dir 1 -ingrid 32 16 8 -outgrid 4096 1 1
.//tmp_files/4846.sh: line 3: 65244 Segmentation fault      speed3d_r2c fftw double 1024 1024 1024 -no-reorder -a2av -pencils -r2c_dir 1 -ingrid 32 16 8 -outgrid 4096 1 1
.//tmp_files/4846.sh: line 3: 85781 Segmentation fault      speed3d_r2c fftw double 1024 1024 1024 -no-reorder -a2av -pencils -r2c_dir 1 -ingrid 32 16 8 -outgrid 4096 1 1
.//tmp_files/4846.sh: line 3: 82651 Segmentation fault      speed3d_r2c fftw double 1024 1024 1024 -no-reorder -a2av -pencils -r2c_dir 1 -ingrid 32 16 8 -outgrid 4096 1 1
.//tmp_files/4846.sh: line 3: 62086 Segmentation fault      speed3d_r2c fftw double 1024 1024 1024 -no-reorder -a2av -pencils -r2c_dir 1 -ingrid 32 16 8 -outgrid 4096 1 1
.//tmp_files/4846.sh: line 3: 109788 Segmentation fault      speed3d_r2c fftw double 1024 1024 1024 -no-reorder -a2av -pencils -r2c_dir 1 -ingrid 32 16 8 -outgrid 4096 1 1
.//tmp_files/4846.sh: line 3: 109274 Segmentation fault      speed3d_r2c fftw double 1024 1024 1024 -no-reorder -a2av -pencils -r2c_dir 1 -ingrid 32 16 8 -outgrid 4096 1 1
.//tmp_files/4846.sh: line 3: 65003 Segmentation fault      speed3d_r2c fftw double 1024 1024 1024 -no-reorder -a2av -pencils -r2c_dir 1 -ingrid 32 16 8 -outgrid 4096 1 1
.//tmp_files/4846.sh: line 3: 72365 Segmentation fault      speed3d_r2c fftw double 1024 1024 1024 -no-reorder -a2av -pencils -r2c_dir 1 -ingrid 32 16 8 -outgrid 4096 1 1
.//tmp_files/4846.sh: line 3: 62032 Segmentation fault      speed3d_r2c fftw double 1024 1024 1024 -no-reorder -a2av -pencils -r2c_dir 1 -ingrid 32 16 8 -outgrid 4096 1 1
.//tmp_files/4846.sh: line 3: 64759 Segmentation fault      speed3d_r2c fftw double 1024 1024 1024 -no-reorder -a2av -pencils -r2c_dir 1 -ingrid 32 16 8 -outgrid 4096 1 1
.//tmp_files/4846.sh: line 3: 71730 Segmentation fault      speed3d_r2c fftw double 1024 1024 1024 -no-reorder -a2av -pencils -r2c_dir 1 -ingrid 32 16 8 -outgrid 4096 1 1
.//tmp_files/4846.sh: line 3: 96491 Segmentation fault      speed3d_r2c fftw double 1024 1024 1024 -no-reorder -a2av -pencils -r2c_dir 1 -ingrid 32 16 8 -outgrid 4096 1 1
.//tmp_files/4846.sh: line 3: 116134 Segmentation fault      speed3d_r2c fftw double 1024 1024 1024 -no-reorder -a2av -pencils -r2c_dir 1 -ingrid 32 16 8 -outgrid 4096 1 1
.//tmp_files/4846.sh: line 3: 118873 Segmentation fault      speed3d_r2c fftw double 1024 1024 1024 -no-reorder -a2av -pencils -r2c_dir 1 -ingrid 32 16 8 -outgrid 4096 1 1
.//tmp_files/4846.sh: line 3: 71158 Segmentation fault      speed3d_r2c fftw double 1024 1024 1024 -no-reorder -a2av -pencils -r2c_dir 1 -ingrid 32 16 8 -outgrid 4096 1 1
.//tmp_files/4846.sh: line 3: 64727 Segmentation fault      speed3d_r2c fftw double 1024 1024 1024 -no-reorder -a2av -pencils -r2c_dir 1 -ingrid 32 16 8 -outgrid 4096 1 1
.//tmp_files/4846.sh: line 3: 64758 Segmentation fault      speed3d_r2c fftw double 1024 1024 1024 -no-reorder -a2av -pencils -r2c_dir 1 -ingrid 32 16 8 -outgrid 4096 1 1
.//tmp_files/4846.sh: line 3: 111377 Segmentation fault      speed3d_r2c fftw double 1024 1024 1024 -no-reorder -a2av -pencils -r2c_dir 1 -ingrid 32 16 8 -outgrid 4096 1 1
.//tmp_files/4846.sh: line 3: 61670 Segmentation fault      speed3d_r2c fftw double 1024 1024 1024 -no-reorder -a2av -pencils -r2c_dir 1 -ingrid 32 16 8 -outgrid 4096 1 1
.//tmp_files/4846.sh: line 3: 61919 Segmentation fault      speed3d_r2c fftw double 1024 1024 1024 -no-reorder -a2av -pencils -r2c_dir 1 -ingrid 32 16 8 -outgrid 4096 1 1
.//tmp_files/4846.sh: line 3: 85648 Segmentation fault      speed3d_r2c fftw double 1024 1024 1024 -no-reorder -a2av -pencils -r2c_dir 1 -ingrid 32 16 8 -outgrid 4096 1 1
.//tmp_files/4846.sh: line 3: 139294 Segmentation fault      speed3d_r2c fftw double 1024 1024 1024 -no-reorder -a2av -pencils -r2c_dir 1 -ingrid 32 16 8 -outgrid 4096 1 1
.//tmp_files/4846.sh: line 3: 86688 Segmentation fault      speed3d_r2c fftw double 1024 1024 1024 -no-reorder -a2av -pencils -r2c_dir 1 -ingrid 32 16 8 -outgrid 4096 1 1
.//tmp_files/4846.sh: line 3: 64935 Segmentation fault      speed3d_r2c fftw double 1024 1024 1024 -no-reorder -a2av -pencils -r2c_dir 1 -ingrid 32 16 8 -outgrid 4096 1 1
.//tmp_files/4846.sh: line 3: 64539 Segmentation fault      speed3d_r2c fftw double 1024 1024 1024 -no-reorder -a2av -pencils -r2c_dir 1 -ingrid 32 16 8 -outgrid 4096 1 1
.//tmp_files/4846.sh: line 3: 109164 Segmentation fault      speed3d_r2c fftw double 1024 1024 1024 -no-reorder -a2av -pencils -r2c_dir 1 -ingrid 32 16 8 -outgrid 4096 1 1
.//tmp_files/4846.sh: line 3: 109182 Segmentation fault      speed3d_r2c fftw double 1024 1024 1024 -no-reorder -a2av -pencils -r2c_dir 1 -ingrid 32 16 8 -outgrid 4096 1 1
.//tmp_files/4846.sh: line 3: 91338 Segmentation fault      speed3d_r2c fftw double 1024 1024 1024 -no-reorder -a2av -pencils -r2c_dir 1 -ingrid 32 16 8 -outgrid 4096 1 1
.//tmp_files/4846.sh: line 3: 85673 Segmentation fault      speed3d_r2c fftw double 1024 1024 1024 -no-reorder -a2av -pencils -r2c_dir 1 -ingrid 32 16 8 -outgrid 4096 1 1
.//tmp_files/4846.sh: line 3: 109312 Segmentation fault      speed3d_r2c fftw double 1024 1024 1024 -no-reorder -a2av -pencils -r2c_dir 1 -ingrid 32 16 8 -outgrid 4096 1 1
.//tmp_files/4846.sh: line 3: 109189 Segmentation fault      speed3d_r2c fftw double 1024 1024 1024 -no-reorder -a2av -pencils -r2c_dir 1 -ingrid 32 16 8 -outgrid 4096 1 1
.//tmp_files/4846.sh: line 3: 106024 Segmentation fault      speed3d_r2c fftw double 1024 1024 1024 -no-reorder -a2av -pencils -r2c_dir 1 -ingrid 32 16 8 -outgrid 4096 1 1
.//tmp_files/4846.sh: line 3: 106050 Segmentation fault      speed3d_r2c fftw double 1024 1024 1024 -no-reorder -a2av -pencils -r2c_dir 1 -ingrid 32 16 8 -outgrid 4096 1 1
.//tmp_files/4846.sh: line 3: 109116 Segmentation fault      speed3d_r2c fftw double 1024 1024 1024 -no-reorder -a2av -pencils -r2c_dir 1 -ingrid 32 16 8 -outgrid 4096 1 1
.//tmp_files/4846.sh: line 3: 109151 Segmentation fault      speed3d_r2c fftw double 1024 1024 1024 -no-reorder -a2av -pencils -r2c_dir 1 -ingrid 32 16 8 -outgrid 4096 1 1
.//tmp_files/4846.sh: line 3: 109190 Segmentation fault      speed3d_r2c fftw double 1024 1024 1024 -no-reorder -a2av -pencils -r2c_dir 1 -ingrid 32 16 8 -outgrid 4096 1 1
.//tmp_files/4846.sh: line 3: 106069 Segmentation fault      speed3d_r2c fftw double 1024 1024 1024 -no-reorder -a2av -pencils -r2c_dir 1 -ingrid 32 16 8 -outgrid 4096 1 1
.//tmp_files/4846.sh: line 3: 106062 Segmentation fault      speed3d_r2c fftw double 1024 1024 1024 -no-reorder -a2av -pencils -r2c_dir 1 -ingrid 32 16 8 -outgrid 4096 1 1
.//tmp_files/4846.sh: line 3: 95594 Segmentation fault      speed3d_r2c fftw double 1024 1024 1024 -no-reorder -a2av -pencils -r2c_dir 1 -ingrid 32 16 8 -outgrid 4096 1 1
.//tmp_files/4846.sh: line 3: 95593 Segmentation fault      speed3d_r2c fftw double 1024 1024 1024 -no-reorder -a2av -pencils -r2c_dir 1 -ingrid 32 16 8 -outgrid 4096 1 1
.//tmp_files/4846.sh: line 3: 92698 Segmentation fault      speed3d_r2c fftw double 1024 1024 1024 -no-reorder -a2av -pencils -r2c_dir 1 -ingrid 32 16 8 -outgrid 4096 1 1
.//tmp_files/4846.sh: line 3: 92660 Segmentation fault      speed3d_r2c fftw double 1024 1024 1024 -no-reorder -a2av -pencils -r2c_dir 1 -ingrid 32 16 8 -outgrid 4096 1 1
.//tmp_files/4846.sh: line 3: 106019 Segmentation fault      speed3d_r2c fftw double 1024 1024 1024 -no-reorder -a2av -pencils -r2c_dir 1 -ingrid 32 16 8 -outgrid 4096 1 1
.//tmp_files/4846.sh: line 3: 106046 Segmentation fault      speed3d_r2c fftw double 1024 1024 1024 -no-reorder -a2av -pencils -r2c_dir 1 -ingrid 32 16 8 -outgrid 4096 1 1
.//tmp_files/4846.sh: line 3: 106044 Segmentation fault      speed3d_r2c fftw double 1024 1024 1024 -no-reorder -a2av -pencils -r2c_dir 1 -ingrid 32 16 8 -outgrid 4096 1 1
.//tmp_files/4846.sh: line 3: 106053 Segmentation fault      speed3d_r2c fftw double 1024 1024 1024 -no-reorder -a2av -pencils -r2c_dir 1 -ingrid 32 16 8 -outgrid 4096 1 1
.//tmp_files/4846.sh: line 3: 62080 Segmentation fault      speed3d_r2c fftw double 1024 1024 1024 -no-reorder -a2av -pencils -r2c_dir 1 -ingrid 32 16 8 -outgrid 4096 1 1
.//tmp_files/4846.sh: line 3: 62086 Segmentation fault      speed3d_r2c fftw double 1024 1024 1024 -no-reorder -a2av -pencils -r2c_dir 1 -ingrid 32 16 8 -outgrid 4096 1 1
.//tmp_files/4846.sh: line 3: 62089 Segmentation fault      speed3d_r2c fftw double 1024 1024 1024 -no-reorder -a2av -pencils -r2c_dir 1 -ingrid 32 16 8 -outgrid 4096 1 1
.//tmp_files/4846.sh: line 3: 62088 Segmentation fault      speed3d_r2c fftw double 1024 1024 1024 -no-reorder -a2av -pencils -r2c_dir 1 -ingrid 32 16 8 -outgrid 4096 1 1
.//tmp_files/4846.sh: line 3: 62097 Segmentation fault      speed3d_r2c fftw double 1024 1024 1024 -no-reorder -a2av -pencils -r2c_dir 1 -ingrid 32 16 8 -outgrid 4096 1 1
.//tmp_files/4846.sh: line 3: 62096 Segmentation fault      speed3d_r2c fftw double 1024 1024 1024 -no-reorder -a2av -pencils -r2c_dir 1 -ingrid 32 16 8 -outgrid 4096 1 1
.//tmp_files/4846.sh: line 3: 61917 Segmentation fault      speed3d_r2c fftw double 1024 1024 1024 -no-reorder -a2av -pencils -r2c_dir 1 -ingrid 32 16 8 -outgrid 4096 1 1
.//tmp_files/4846.sh: line 3: 61913 Segmentation fault      speed3d_r2c fftw double 1024 1024 1024 -no-reorder -a2av -pencils -r2c_dir 1 -ingrid 32 16 8 -outgrid 4096 1 1
.//tmp_files/4846.sh: line 3: 61921 Segmentation fault      speed3d_r2c fftw double 1024 1024 1024 -no-reorder -a2av -pencils -r2c_dir 1 -ingrid 32 16 8 -outgrid 4096 1 1
.//tmp_files/4846.sh: line 3: 61916 Segmentation fault      speed3d_r2c fftw double 1024 1024 1024 -no-reorder -a2av -pencils -r2c_dir 1 -ingrid 32 16 8 -outgrid 4096 1 1
.//tmp_files/4846.sh: line 3: 109325 Segmentation fault      speed3d_r2c fftw double 1024 1024 1024 -no-reorder -a2av -pencils -r2c_dir 1 -ingrid 32 16 8 -outgrid 4096 1 1
.//tmp_files/4846.sh: line 3: 109337 Segmentation fault      speed3d_r2c fftw double 1024 1024 1024 -no-reorder -a2av -pencils -r2c_dir 1 -ingrid 32 16 8 -outgrid 4096 1 1
.//tmp_files/4846.sh: line 3: 109126 Segmentation fault      speed3d_r2c fftw double 1024 1024 1024 -no-reorder -a2av -pencils -r2c_dir 1 -ingrid 32 16 8 -outgrid 4096 1 1
.//tmp_files/4846.sh: line 3: 109854 Segmentation fault      speed3d_r2c fftw double 1024 1024 1024 -no-reorder -a2av -pencils -r2c_dir 1 -ingrid 32 16 8 -outgrid 4096 1 1
.//tmp_files/4846.sh: line 3: 62140 Segmentation fault      speed3d_r2c fftw double 1024 1024 1024 -no-reorder -a2av -pencils -r2c_dir 1 -ingrid 32 16 8 -outgrid 4096 1 1
.//tmp_files/4846.sh: line 3: 62147 Segmentation fault      speed3d_r2c fftw double 1024 1024 1024 -no-reorder -a2av -pencils -r2c_dir 1 -ingrid 32 16 8 -outgrid 4096 1 1
.//tmp_files/4846.sh: line 3: 62149 Segmentation fault      speed3d_r2c fftw double 1024 1024 1024 -no-reorder -a2av -pencils -r2c_dir 1 -ingrid 32 16 8 -outgrid 4096 1 1
.//tmp_files/4846.sh: line 3: 64824 Segmentation fault      speed3d_r2c fftw double 1024 1024 1024 -no-reorder -a2av -pencils -r2c_dir 1 -ingrid 32 16 8 -outgrid 4096 1 1
.//tmp_files/4846.sh: line 3: 64823 Segmentation fault      speed3d_r2c fftw double 1024 1024 1024 -no-reorder -a2av -pencils -r2c_dir 1 -ingrid 32 16 8 -outgrid 4096 1 1
.//tmp_files/4846.sh: line 3: 65245 Segmentation fault      speed3d_r2c fftw double 1024 1024 1024 -no-reorder -a2av -pencils -r2c_dir 1 -ingrid 32 16 8 -outgrid 4096 1 1
.//tmp_files/4846.sh: line 3: 65293 Segmentation fault      speed3d_r2c fftw double 1024 1024 1024 -no-reorder -a2av -pencils -r2c_dir 1 -ingrid 32 16 8 -outgrid 4096 1 1
.//tmp_files/4846.sh: line 3: 65306 Segmentation fault      speed3d_r2c fftw double 1024 1024 1024 -no-reorder -a2av -pencils -r2c_dir 1 -ingrid 32 16 8 -outgrid 4096 1 1
.//tmp_files/4846.sh: line 3: 65309 Segmentation fault      speed3d_r2c fftw double 1024 1024 1024 -no-reorder -a2av -pencils -r2c_dir 1 -ingrid 32 16 8 -outgrid 4096 1 1
.//tmp_files/4846.sh: line 3: 65298 Segmentation fault      speed3d_r2c fftw double 1024 1024 1024 -no-reorder -a2av -pencils -r2c_dir 1 -ingrid 32 16 8 -outgrid 4096 1 1
.//tmp_files/4846.sh: line 3: 65304 Segmentation fault      speed3d_r2c fftw double 1024 1024 1024 -no-reorder -a2av -pencils -r2c_dir 1 -ingrid 32 16 8 -outgrid 4096 1 1
.//tmp_files/4846.sh: line 3: 65302 Segmentation fault      speed3d_r2c fftw double 1024 1024 1024 -no-reorder -a2av -pencils -r2c_dir 1 -ingrid 32 16 8 -outgrid 4096 1 1
.//tmp_files/4846.sh: line 3: 65301 Segmentation fault      speed3d_r2c fftw double 1024 1024 1024 -no-reorder -a2av -pencils -r2c_dir 1 -ingrid 32 16 8 -outgrid 4096 1 1
.//tmp_files/4846.sh: line 3: 65297 Segmentation fault      speed3d_r2c fftw double 1024 1024 1024 -no-reorder -a2av -pencils -r2c_dir 1 -ingrid 32 16 8 -outgrid 4096 1 1
.//tmp_files/4846.sh: line 3: 65294 Segmentation fault      speed3d_r2c fftw double 1024 1024 1024 -no-reorder -a2av -pencils -r2c_dir 1 -ingrid 32 16 8 -outgrid 4096 1 1
.//tmp_files/4846.sh: line 3: 65292 Segmentation fault      speed3d_r2c fftw double 1024 1024 1024 -no-reorder -a2av -pencils -r2c_dir 1 -ingrid 32 16 8 -outgrid 4096 1 1
.//tmp_files/4846.sh: line 3: 65300 Segmentation fault      speed3d_r2c fftw double 1024 1024 1024 -no-reorder -a2av -pencils -r2c_dir 1 -ingrid 32 16 8 -outgrid 4096 .//tmp_files/4846.sh: line 3: 65083 Segmentation fault      speed3d_r2c fftw double 1024 1024 1024 -no-reorder -a2av -pencils -r2c_dir 1 -ingrid 32 16 8 -outgrid 4096 1 1
.//tmp_files/4846.sh: line 3: 65077 Segmentation fault      speed3d_r2c fftw double 1024 1024 1024 -no-reorder -a2av -pencils -r2c_dir 1 -ingrid 32 16 8 -outgrid 4096 1 1
.//tmp_files/4846.sh: line 3: 65068 Segmentation fault      speed3d_r2c fftw double 1024 1024 1024 -no-reorder -a2av -pencils -r2c_dir 1 -ingrid 32 16 8 -outgrid 4096 1 1
.//tmp_files/4846.sh: line 3: 65079 Segmentation fault      speed3d_r2c fftw double 1024 1024 1024 -no-reorder -a2av -pencils -r2c_dir 1 -ingrid 32 16 8 -outgrid 4096 1 1
.//tmp_files/4846.sh: line 3: 65080 Segmentation fault      speed3d_r2c fftw double 1024 1024 1024 -no-reorder -a2av -pencils -r2c_dir 1 -ingrid 32 16 8 -outgrid 4096 1 1
.//tmp_files/4846.sh: line 3: 64765 Segmentation fault      speed3d_r2c fftw double 1024 1024 1024 -no-reorder -a2av -pencils -r2c_dir 1 -ingrid 32 16 8 -outgrid 4096 1 1
.//tmp_files/4846.sh: line 3: 64800 Segmentation fault      speed3d_r2c fftw double 1024 1024 1024 -no-reorder -a2av -pencils -r2c_dir 1 -ingrid 32 16 8 -outgrid 4096 1 1
.//tmp_files/4846.sh: line 3: 64799 Segmentation fault      speed3d_r2c fftw double 1024 1024 1024 -no-reorder -a2av -pencils -r2c_dir 1 -ingrid 32 16 8 -outgrid 4096 1 1
.//tmp_files/4846.sh: line 3: 64806 Segmentation fault      speed3d_r2c fftw double 1024 1024 1024 -no-reorder -a2av -pencils -r2c_dir 1 -ingrid 32 16 8 -outgrid 4096 1 1
.//tmp_files/4846.sh: line 3: 64805 Segmentation fault      speed3d_r2c fftw double 1024 1024 1024 -no-reorder -a2av -pencils -r2c_dir 1 -ingrid 32 16 8 -outgrid 4096 1 1
.//tmp_files/4846.sh: line 3: 64781 Segmentation fault      speed3d_r2c fftw double 1024 1024 1024 -no-reorder -a2av -pencils -r2c_dir 1 -ingrid 32 16 8 -outgrid 4096 1 1
.//tmp_files/4846.sh: line 3: 64780 Segmentation fault      speed3d_r2c fftw double 1024 1024 1024 -no-reorder -a2av -pencils -r2c_dir 1 -ingrid 32 16 8 -outgrid 4096 1 1
.//tmp_files/4846.sh: line 3: 64825 Segmentation fault      speed3d_r2c fftw double 1024 1024 1024 -no-reorder -a2av -pencils -r2c_dir 1 -ingrid 32 16 8 -outgrid 4096 1 1
.//tmp_files/4846.sh: line 3: 64813 Segmentation fault      speed3d_r2c fftw double 1024 1024 1024 -no-reorder -a2av -pencils -r2c_dir 1 -ingrid 32 16 8 -outgrid 4096 1 1
.//tmp_files/4846.sh: line 3: 64831 Segmentation fault      speed3d_r2c fftw double 1024 1024 1024 -no-reorder -a2av -pencils -r2c_dir 1 -ingrid 32 16 8 -outgrid 4096 1 1
.//tmp_files/4846.sh: line 3: 64832 Segmentation fault      speed3d_r2c fftw double 1024 1024 1024 -no-reorder -a2av -pencils -r2c_dir 1 -ingrid 32 16 8 -outgrid 4096 1 1
.//tmp_files/4846.sh: line 3: 64777 Segmentation fault      speed3d_r2c fftw double 1024 1024 1024 -no-reorder -a2av -pencils -r2c_dir 1 -ingrid 32 16 8 -outgrid 4096 .//tmp_files/4846.sh: line 3: 71187 Segmentation fault      speed3d_r2c fftw double 1024 1024 1024 -no-reorder -a2av -pencils -r2c_dir 1 -ingrid 32 16 8 -outgrid 4096 1 1
.//tmp_files/4846.sh: line 3: 71205 Segmentation fault      speed3d_r2c fftw double 1024 1024 1024 -no-reorder -a2av -pencils -r2c_dir 1 -ingrid 32 16 8 -outgrid 4096 1 1
.//tmp_files/4846.sh: line 3: 71202 Segmentation fault      speed3d_r2c fftw double 1024 1024 1024 -no-reorder -a2av -pencils -r2c_dir 1 -ingrid 32 16 8 -outgrid 4096 1 1
.//tmp_files/4846.sh: line 3: 71707 Segmentation fault      speed3d_r2c fftw double 1024 1024 1024 -no-reorder -a2av -pencils -r2c_dir 1 -ingrid 32 16 8 -outgrid 4096 1 1
.//tmp_files/4846.sh: line 3: 71662 Segmentation fault      speed3d_r2c fftw double 1024 1024 1024 -no-reorder -a2av -pencils -r2c_dir 1 -ingrid 32 16 8 -outgrid 4096 1 1
.//tmp_files/4846.sh: line 3: 71704 Segmentation fault      speed3d_r2c fftw double 1024 1024 1024 -no-reorder -a2av -pencils -r2c_dir 1 -ingrid 32 16 8 -outgrid 4096 1 1
.//tmp_files/4846.sh: line 3: 71706 Segmentation fault      speed3d_r2c fftw double 1024 1024 1024 -no-reorder -a2av -pencils -r2c_dir 1 -ingrid 32 16 8 -outgrid 4096 1 1
.//tmp_files/4846.sh: line 3: 71639 Segmentation fault      speed3d_r2c fftw double 1024 1024 1024 -no-reorder -a2av -pencils -r2c_dir 1 -ingrid 32 16 8 -outgrid 4096 1 1
.//tmp_files/4846.sh: line 3: 71703 Segmentation fault      speed3d_r2c fftw double 1024 1024 1024 -no-reorder -a2av -pencils -r2c_dir 1 -ingrid 32 16 8 -outgrid 4096 1 1
.//tmp_files/4846.sh: line 3: 71656 Segmentation fault      speed3d_r2c fftw double 1024 1024 1024 -no-reorder -a2av -pencils -r2c_dir 1 -ingrid 32 16 8 -outgrid 4096 1 1
.//tmp_files/4846.sh: line 3: 71710 Segmentation fault      speed3d_r2c fftw double 1024 1024 1024 -no-reorder -a2av -pencils -r2c_dir 1 -ingrid 32 16 8 -outgrid 4096 1 1
.//tmp_files/4846.sh: line 3: 71709 Segmentation fault      speed3d_r2c fftw double 1024 1024 1024 -no-reorder -a2av -pencils -r2c_dir 1 -ingrid 32 16 8 -outgrid 4096 1 1
.//tmp_files/4846.sh: line 3: 71640 Segmentation fault      speed3d_r2c fftw double 1024 1024 1024 -no-reorder -a2av -pencils -r2c_dir 1 -ingrid 32 16 8 -outgrid 4096 1 1
.//tmp_files/4846.sh: line 3: 71654 Segmentation fault      speed3d_r2c fftw double 1024 1024 1024 -no-reorder -a2av -pencils -r2c_dir 1 -ingrid 32 16 8 -outgrid 4096 1 1
.//tmp_files/4846.sh: line 3: 71691 Segmentation fault      speed3d_r2c fftw double 1024 1024 1024 -no-reorder -a2av -pencils -r2c_dir 1 -ingrid 32 16 8 -outgrid 4096 .//tmp_files/4846.sh: line 3: 120044 Segmentation fault      speed3d_r2c fftw double 1024 1024 1024 -no-reorder -a2av -pencils -r2c_dir 1 -ingrid 32 16 8 -outgrid 4096 1 1
.//tmp_files/4846.sh: line 3: 120040 Segmentation fault      speed3d_r2c fftw double 1024 1024 1024 -no-reorder -a2av -pencils -r2c_dir 1 -ingrid 32 16 8 -outgrid 4096 1 1
.//tmp_files/4846.sh: line 3: 120034 Segmentation fault      speed3d_r2c fftw double 1024 1024 1024 -no-reorder -a2av -pencils -r2c_dir 1 -ingrid 32 16 8 -outgrid 4096 1 1
.//tmp_files/4846.sh: line 3: 120039 Segmentation fault      speed3d_r2c fftw double 1024 1024 1024 -no-reorder -a2av -pencils -r2c_dir 1 -ingrid 32 16 8 -outgrid 4096 1 1
.//tmp_files/4846.sh: line 3: 120037 Segmentation fault      speed3d_r2c fftw double 1024 1024 1024 -no-reorder -a2av -pencils -r2c_dir 1 -ingrid 32 16 8 -outgrid 4096 1 1
.//tmp_files/4846.sh: line 3: 105983 Segmentation fault      speed3d_r2c fftw double 1024 1024 1024 -no-reorder -a2av -pencils -r2c_dir 1 -ingrid 32 16 8 -outgrid 4096 1 1
.//tmp_files/4846.sh: line 3: 106070 Segmentation fault      speed3d_r2c fftw double 1024 1024 1024 -no-reorder -a2av -pencils -r2c_dir 1 -ingrid 32 16 8 -outgrid 4096 1 1
.//tmp_files/4846.sh: line 3: 106064 Segmentation fault      speed3d_r2c fftw double 1024 1024 1024 -no-reorder -a2av -pencils -r2c_dir 1 -ingrid 32 16 8 -outgrid 4096 1 1
.//tmp_files/4846.sh: line 3: 106060 Segmentation fault      speed3d_r2c fftw double 1024 1024 1024 -no-reorder -a2av -pencils -r2c_dir 1 -ingrid 32 16 8 -outgrid 4096 1 1
.//tmp_files/4846.sh: line 3: 106067 Segmentation fault      speed3d_r2c fftw double 1024 1024 1024 -no-reorder -a2av -pencils -r2c_dir 1 -ingrid 32 16 8 -outgrid 4096 1 1
.//tmp_files/4846.sh: line 3: 106009 Segmentation fault      speed3d_r2c fftw double 1024 1024 1024 -no-reorder -a2av -pencils -r2c_dir 1 -ingrid 32 16 8 -outgrid 4096 1 1
.//tmp_files/4846.sh: line 3: 106058 Segmentation fault      speed3d_r2c fftw double 1024 1024 1024 -no-reorder -a2av -pencils -r2c_dir 1 -ingrid 32 16 8 -outgrid 4096 1 1
.//tmp_files/4846.sh: line 3: 105999 Segmentation fault      speed3d_r2c fftw double 1024 1024 1024 -no-reorder -a2av -pencils -r2c_dir 1 -ingrid 32 16 8 -outgrid 4096 1 1
.//tmp_files/4846.sh: line 3: 106016 Segmentation fault      speed3d_r2c fftw double 1024 1024 1024 -no-reorder -a2av -pencils -r2c_dir 1 -ingrid 32 16 8 -outgrid 4096 1 1
.//tmp_files/4846.sh: line 3: 92686 Segmentation fault      speed3d_r2c fftw double 1024 1024 1024 -no-reorder -a2av -pencils -r2c_dir 1 -ingrid 32 16 8 -outgrid 4096 1 1
.//tmp_files/4846.sh: line 3: 92690 Segmentation fault      speed3d_r2c fftw double 1024 1024 1024 -no-reorder -a2av -pencils -r2c_dir 1 -ingrid 32 16 8 -outgrid 4096 1 1
.//tmp_files/4846.sh: line 3: 92720 Segmentation fault      speed3d_r2c fftw double 1024 1024 1024 -no-reorder -a2av -pencils -r2c_dir 1 -ingrid 32 16 8 -outgrid 4096 1 1
.//tmp_files/4846.sh: line 3: 92713 Segmentation fault      speed3d_r2c fftw double 1024 1024 1024 -no-reorder -a2av -pencils -r2c_dir 1 -ingrid 32 16 8 -outgrid 4096 1 1
.//tmp_files/4846.sh: line 3: 92712 Segmentation fault      speed3d_r2c fftw double 1024 1024 1024 -no-reorder -a2av -pencils -r2c_dir 1 -ingrid 32 16 8 -outgrid 4096 1 1
.//tmp_files/4846.sh: line 3: 92699 Segmentation fault      speed3d_r2c fftw double 1024 1024 1024 -no-reorder -a2av -pencils -r2c_dir 1 -ingrid 32 16 8 -outgrid 4096 1 1
.//tmp_files/4846.sh: line 3: 92711 Segmentation fault      speed3d_r2c fftw double 1024 1024 1024 -no-reorder -a2av -pencils -r2c_dir 1 -ingrid 32 16 8 -outgrid 4096 1 1
.//tmp_files/4846.sh: line 3: 95659 Segmentation fault      speed3d_r2c fftw double 1024 1024 1024 -no-reorder -a2av -pencils -r2c_dir 1 -ingrid 32 16 8 -outgrid 4096 1 1
.//tmp_files/4846.sh: line 3: 95627 Segmentation fault      speed3d_r2c fftw double 1024 1024 1024 -no-reorder -a2av -pencils -r2c_dir 1 -ingrid 32 16 8 -outgrid 4096 1 1
.//tmp_files/4846.sh: line 3: 95625 Segmentation fault      speed3d_r2c fftw double 1024 1024 1024 -no-reorder -a2av -pencils -r2c_dir 1 -ingrid 32 16 8 -outgrid 4096 1 1
.//tmp_files/4846.sh: line 3: 95630 Segmentation fault      speed3d_r2c fftw double 1024 1024 1024 -no-reorder -a2av -pencils -r2c_dir 1 -ingrid 32 16 8 -outgrid 4096 1 1
.//tmp_files/4846.sh: line 3: 95613 Segmentation fault      speed3d_r2c fftw double 1024 1024 1024 -no-reorder -a2av -pencils -r2c_dir 1 -ingrid 32 16 8 -outgrid 4096 1 1
.//tmp_files/4846.sh: line 3: 95631 Segmentation fault      speed3d_r2c fftw double 1024 1024 1024 -no-reorder -a2av -pencils -r2c_dir 1 -ingrid 32 16 8 -outgrid 4096 1 1
.//tmp_files/4846.sh: line 3: 95599 Segmentation fault      speed3d_r2c fftw double 1024 1024 1024 -no-reorder -a2av -pencils -r2c_dir 1 -ingrid 32 16 8 -outgrid 4096 1 1
.//tmp_files/4846.sh: line 3: 95587 Segmentation fault      speed3d_r2c fftw double 1024 1024 1024 -no-reorder -a2av -pencils -r2c_dir 1 -ingrid 32 16 8 -outgrid 4096 1 1
.//tmp_files/4846.sh: line 3: 95596 Segmentation fault      speed3d_r2c fftw double 1024 1024 1024 -no-reorder -a2av -pencils -r2c_dir 1 -ingrid 32 16 8 -outgrid 4096 1 1
.//tmp_files/4846.sh: line 3: 85835 Segmentation fault      speed3d_r2c fftw double 1024 1024 1024 -no-reorder -a2av -pencils -r2c_dir 1 -ingrid 32 16 8 -outgrid 4096 1 1
.//tmp_files/4846.sh: line 3: 85830 Segmentation fault      speed3d_r2c fftw double 1024 1024 1024 -no-reorder -a2av -pencils -r2c_dir 1 -ingrid 32 16 8 -outgrid 4096 1 1
.//tmp_files/4846.sh: line 3: 85852 Segmentation fault      speed3d_r2c fftw double 1024 1024 1024 -no-reorder -a2av -pencils -r2c_dir 1 -ingrid 32 16 8 -outgrid 4096 1 1
.//tmp_files/4846.sh: line 3: 91391 Segmentation fault      speed3d_r2c fftw double 1024 1024 1024 -no-reorder -a2av -pencils -r2c_dir 1 -ingrid 32 16 8 -outgrid 4096 1 1
.//tmp_files/4846.sh: line 3: 91392 Segmentation fault      speed3d_r2c fftw double 1024 1024 1024 -no-reorder -a2av -pencils -r2c_dir 1 -ingrid 32 16 8 -outgrid 4096 1 1
.//tmp_files/4846.sh: line 3: 91399 Segmentation fault      speed3d_r2c fftw double 1024 1024 1024 -no-reorder -a2av -pencils -r2c_dir 1 -ingrid 32 16 8 -outgrid 4096 1 1
.//tmp_files/4846.sh: line 3: 91402 Segmentation fault      speed3d_r2c fftw double 1024 1024 1024 -no-reorder -a2av -pencils -r2c_dir 1 -ingrid 32 16 8 -outgrid 4096 1 1
.//tmp_files/4846.sh: line 3: 91400 Segmentation fault      speed3d_r2c fftw double 1024 1024 1024 -no-reorder -a2av -pencils -r2c_dir 1 -ingrid 32 16 8 -outgrid 4096 1 1
.//tmp_files/4846.sh: line 3: 91409 Segmentation fault      speed3d_r2c fftw double 1024 1024 1024 -no-reorder -a2av -pencils -r2c_dir 1 -ingrid 32 16 8 -outgrid 4096 1 1
.//tmp_files/4846.sh: line 3: 91407 Segmentation fault      speed3d_r2c fftw double 1024 1024 1024 -no-reorder -a2av -pencils -r2c_dir 1 -ingrid 32 16 8 -outgrid 4096 1 1
.//tmp_files/4846.sh: line 3: 91406 Segmentation fault      speed3d_r2c fftw double 1024 1024 1024 -no-reorder -a2av -pencils -r2c_dir 1 -ingrid 32 16 8 -outgrid 4096 1 1
.//tmp_files/4846.sh: line 3: 95601 Segmentation fault      speed3d_r2c fftw double 1024 1024 1024 -no-reorder -a2av -pencils -r2c_dir 1 -ingrid 32 16 8 -outgrid 4096 1 1
.//tmp_files/4846.sh: line 3: 86741 Segmentation fault      speed3d_r2c fftw double 1024 1024 1024 -no-reorder -a2av -pencils -r2c_dir 1 -ingrid 32 16 8 -outgrid 4096 1 1
.//tmp_files/4846.sh: line 3: 86745 Segmentation fault      speed3d_r2c fftw double 1024 1024 1024 -no-reorder -a2av -pencils -r2c_dir 1 -ingrid 32 16 8 -outgrid 4096 1 1
.//tmp_files/4846.sh: line 3: 86750 Segmentation fault      speed3d_r2c fftw double 1024 1024 1024 -no-reorder -a2av -pencils -r2c_dir 1 -ingrid 32 16 8 -outgrid 4096 1 1
.//tmp_files/4846.sh: line 3: 86748 Segmentation fault      speed3d_r2c fftw double 1024 1024 1024 -no-reorder -a2av -pencils -r2c_dir 1 -ingrid 32 16 8 -outgrid 4096 1 1
.//tmp_files/4846.sh: line 3: 86751 Segmentation fault      speed3d_r2c fftw double 1024 1024 1024 -no-reorder -a2av -pencils -r2c_dir 1 -ingrid 32 16 8 -outgrid 4096 1 1
.//tmp_files/4846.sh: line 3: 105992 Segmentation fault      speed3d_r2c fftw double 1024 1024 1024 -no-reorder -a2av -pencils -r2c_dir 1 -ingrid 32 16 8 -outgrid 4096 1 1
.//tmp_files/4846.sh: line 3: 105989 Segmentation fault      speed3d_r2c fftw double 1024 1024 1024 -no-reorder -a2av -pencils -r2c_dir 1 -ingrid 32 16 8 -outgrid 4096 1 1
.//tmp_files/4846.sh: line 3: 117515 Segmentation fault      speed3d_r2c fftw double 1024 1024 1024 -no-reorder -a2av -pencils -r2c_dir 1 -ingrid 32 16 8 -outgrid 4096 1 1
.//tmp_files/4846.sh: line 3: 117594 Segmentation fault      speed3d_r2c fftw double 1024 1024 1024 -no-reorder -a2av -pencils -r2c_dir 1 -ingrid 32 16 8 -outgrid 4096 1 1
.//tmp_files/4846.sh: line 3: 117558 Segmentation fault      speed3d_r2c fftw double 1024 1024 1024 -no-reorder -a2av -pencils -r2c_dir 1 -ingrid 32 16 8 -outgrid 4096 1 1
.//tmp_files/4846.sh: line 3: 117595 Segmentation fault      speed3d_r2c fftw double 1024 1024 1024 -no-reorder -a2av -pencils -r2c_dir 1 -ingrid 32 16 8 -outgrid 4096 1 1
.//tmp_files/4846.sh: line 3: 117593 Segmentation fault      speed3d_r2c fftw double 1024 1024 1024 -no-reorder -a2av -pencils -r2c_dir 1 -ingrid 32 16 8 -outgrid 4096 1 1
.//tmp_files/4846.sh: line 3: 117584 Segmentation fault      speed3d_r2c fftw double 1024 1024 1024 -no-reorder -a2av -pencils -r2c_dir 1 -ingrid 32 16 8 -outgrid 4096 1 1
.//tmp_files/4846.sh: line 3: 117598 Segmentation fault      speed3d_r2c fftw double 1024 1024 1024 -no-reorder -a2av -pencils -r2c_dir 1 -ingrid 32 16 8 -outgrid 4096 1 1
.//tmp_files/4846.sh: line 3: 117587 Segmentation fault      speed3d_r2c fftw double 1024 1024 1024 -no-reorder -a2av -pencils -r2c_dir 1 -ingrid 32 16 8 -outgrid 4096 1 1
.//tmp_files/4846.sh: line 3: 117597 Segmentation fault      speed3d_r2c fftw double 1024 1024 1024 -no-reorder -a2av -pencils -r2c_dir 1 -ingrid 32 16 8 -outgrid 4096 1 1
.//tmp_files/4846.sh: line 3: 117596 Segmentation fault      speed3d_r2c fftw double 1024 1024 1024 -no-reorder -a2av -pencils -r2c_dir 1 -ingrid 32 16 8 -outgrid 4096 1 1
.//tmp_files/4846.sh: line 3: 117589 Segmentation fault      speed3d_r2c fftw double 1024 1024 1024 -no-reorder -a2av -pencils -r2c_dir 1 -ingrid 32 16 8 -outgrid 4096 1 1
.//tmp_files/4846.sh: line 3: 117590 Segmentation fault      speed3d_r2c fftw double 1024 1024 1024 -no-reorder -a2av -pencils -r2c_dir 1 -ingrid 32 16 8 -o.//tmp_files/4846.sh: line 3: 64761 Segmentation fault      speed3d_r2c fftw double 1024 1024 1024 -no-reorder -a2av -pencils -r2c_dir 1 -ingrid 32 16 8 -outgrid 4096 1 1
.//tmp_files/4846.sh: line 3: 64795 Segmentation fault      speed3d_r2c fftw double 1024 1024 1024 -no-reorder -a2av -pencils -r2c_dir 1 -ingrid 32 16 8 -outgrid 4096 1 1
.//tmp_files/4846.sh: line 3: 64775 Segmentation fault      speed3d_r2c fftw double 1024 1024 1024 -no-reorder -a2av -pencils -r2c_dir 1 -ingrid 32 16 8 -outgrid 4096 1 1
.//tmp_files/4846.sh: line 3: 64779 Segmentation fault      speed3d_r2c fftw double 1024 1024 1024 -no-reorder -a2av -pencils -r2c_dir 1 -ingrid 32 16 8 -outgrid 4096 1 1
.//tmp_files/4846.sh: line 3: 64782 Segmentation fault      speed3d_r2c fftw double 1024 1024 1024 -no-reorder -a2av -pencils -r2c_dir 1 -ingrid 32 16 8 -outgrid 4096 1 1
.//tmp_files/4846.sh: line 3: 64794 Segmentation fault      speed3d_r2c fftw double 1024 1024 1024 -no-reorder -a2av -pencils -r2c_dir 1 -ingrid 32 16 8 -outgrid 4096 1 1
.//tmp_files/4846.sh: line 3: 64793 Segmentation fault      speed3d_r2c fftw double 1024 1024 1024 -no-reorder -a2av -pencils -r2c_dir 1 -ingrid 32 16 8 -outgrid 4096 1 1
.//tmp_files/4846.sh: line 3: 64786 Segmentation fault      speed3d_r2c fftw double 1024 1024 1024 -no-reorder -a2av -pencils -r2c_dir 1 -ingrid 32 16 8 -outgrid 4096 1 1
.//tmp_files/4846.sh: line 3: 64785 Segmentation fault      speed3d_r2c fftw double 1024 1024 1024 -no-reorder -a2av -pencils -r2c_dir 1 -ingrid 32 16 8 -outgrid 4096 1 1
.//tmp_files/4846.sh: line 3: 64792 Segmentation fault      speed3d_r2c fftw double 1024 1024 1024 -no-reorder -a2av -pencils -r2c_dir 1 -ingrid 32 16 8 -outgrid 4096 1 1
.//tmp_files/4846.sh: line 3: 64791 Segmentation fault      speed3d_r2c fftw double 1024 1024 1024 -no-reorder -a2av -pencils -r2c_dir 1 -ingrid 32 16 8 -outgrid 4096 1 1
.//tmp_files/4846.sh: line 3: 64796 Segmentation fault      speed3d_r2c fftw double 1024 1024 1024 -no-reorder -a2av -pencils -r2c_dir 1 -ingrid 32 16 8 -outgrid 4096 .//tmp_files/4846.sh: line 3: 109192 Segmentation fault      speed3d_r2c fftw double 1024 1024 1024 -no-reorder -a2av -pencils -r2c_dir 1 -ingrid 32 16 8 -outgrid 4096 1 1
.//tmp_files/4846.sh: line 3: 72422 Segmentation fault      speed3d_r2c fftw double 1024 1024 1024 -no-reorder -a2av -pencils -r2c_dir 1 -ingrid 32 16 8 -outgrid 4096 1 1
.//tmp_files/4846.sh: line 3: 72432 Segmentation fault      speed3d_r2c fftw double 1024 1024 1024 -no-reorder -a2av -pencils -r2c_dir 1 -ingrid 32 16 8 -outgrid 4096 1 1
.//tmp_files/4846.sh: line 3: 72435 Segmentation fault      speed3d_r2c fftw double 1024 1024 1024 -no-reorder -a2av -pencils -r2c_dir 1 -ingrid 32 16 8 -outgrid 4096 1 1
.//tmp_files/4846.sh: line 3: 72436 Segmentation fault      speed3d_r2c fftw double 1024 1024 1024 -no-reorder -a2av -pencils -r2c_dir 1 -ingrid 32 16 8 -outgrid 4096 1 1
.//tmp_files/4846.sh: line 3: 72429 Segmentation fault      speed3d_r2c fftw double 1024 1024 1024 -no-reorder -a2av -pencils -r2c_dir 1 -ingrid 32 16 8 -outgrid 4096 1 1
.//tmp_files/4846.sh: line 3: 72419 Segmentation fault      speed3d_r2c fftw double 1024 1024 1024 -no-reorder -a2av -pencils -r2c_dir 1 -ingrid 32 16 8 -outgrid 4096 1 1
.//tmp_files/4846.sh: line 3: 72428 Segmentation fault      speed3d_r2c fftw double 1024 1024 1024 -no-reorder -a2av -pencils -r2c_dir 1 -ingrid 32 16 8 -outgrid 4096 1 1
.//tmp_files/4846.sh: line 3: 72421 Segmentation fault      speed3d_r2c fftw double 1024 1024 1024 -no-reorder -a2av -pencils -r2c_dir 1 -ingrid 32 16 8 -outgrid 4096 1 1
.//tmp_files/4846.sh: line 3: 72433 Segmentation fault      speed3d_r2c fftw double 1024 1024 1024 -no-reorder -a2av -pencils -r2c_dir 1 -ingrid 32 16 8 -outgrid 4096 1 1
.//tmp_files/4846.sh: line 3: 96562 Segmentation fault      speed3d_r2c fftw double 1024 1024 1024 -no-reorder -a2av -pencils -r2c_dir 1 -ingrid 32 16 8 -outgrid 4096 1 1
.//tmp_files/4846.sh: line 3: 96555 Segmentation fault      speed3d_r2c fftw double 1024 1024 1024 -no-reorder -a2av -pencils -r2c_dir 1 -ingrid 32 16 8 -outgrid 4096 1 1
.//tmp_files/4846.sh: line 3: 96560 Segmentation fault      speed3d_r2c fftw double 1024 1024 1024 -no-reorder -a2av -pencils -r2c_dir 1 -ingrid 32 16 8 -outgrid 4096 1 1
.//tmp_files/4846.sh: line 3: 95653 Segmentation fault      speed3d_r2c fftw double 1024 1024 1024 -no-reorder -a2av -pencils -r2c_dir 1 -ingrid 32 16 8 -outgrid 4096 1 1
.//tmp_files/4846.sh: line 3: 95623 Segmentation fault      speed3d_r2c fftw double 1024 1024 1024 -no-reorder -a2av -pencils -r2c_dir 1 -ingrid 32 16 8 -outgrid 4096 1 1
.//tmp_files/4846.sh: line 3: 95608 Segmentation fault      speed3d_r2c fftw double 1024 1024 1024 -no-reorder -a2av -pencils -r2c_dir 1 -ingrid 32 16 8 -outgrid 4096 1 1
.//tmp_files/4846.sh: line 3: 95661 Segmentation fault      speed3d_r2c fftw double 1024 1024 1024 -no-reorder -a2av -pencils -r2c_dir 1 -ingrid 32 16 8 -outgrid 4096 1 1
.//tmp_files/4846.sh: line 3: 95618 Segmentation fault      speed3d_r2c fftw double 1024 1024 1024 -no-reorder -a2av -pencils -r2c_dir 1 -ingrid 32 16 8 -outgrid 4096 1 1
.//tmp_files/4846.sh: line 3: 95616 Segmentation fault      speed3d_r2c fftw double 1024 1024 1024 -no-reorder -a2av -pencils -r2c_dir 1 -ingrid 32 16 8 -outgrid 4096 1 1
.//tmp_files/4846.sh: line 3: 95582 Segmentation fault      speed3d_r2c fftw double 1024 1024 1024 -no-reorder -a2av -pencils -r2c_dir 1 -ingrid 32 16 8 -outgrid 4096 1 1
.//tmp_files/4846.sh: line 3: 95650 Segmentation fault      speed3d_r2c fftw double 1024 1024 1024 -no-reorder -a2av -pencils -r2c_dir 1 -ingrid 32 16 8 -outgrid 4096 1 1
.//tmp_files/4846.sh: line 3: 92706 Segmentation fault      speed3d_r2c fftw double 1024 1024 1024 -no-reorder -a2av -pencils -r2c_dir 1 -ingrid 32 16 8 -outgrid 4096 1 1
.//tmp_files/4846.sh: line 3: 92703 Segmentation fault      speed3d_r2c fftw double 1024 1024 1024 -no-reorder -a2av -pencils -r2c_dir 1 -ingrid 32 16 8 -outgrid 4096 1 1
.//tmp_files/4846.sh: line 3: 92666 Segmentation fault      speed3d_r2c fftw double 1024 1024 1024 -no-reorder -a2av -pencils -r2c_dir 1 -ingrid 32 16 8 -outgrid 4096 1 1
.//tmp_files/4846.sh: line 3: 92707 Segmentation fault      speed3d_r2c fftw double 1024 1024 1024 -no-reorder -a2av -pencils -r2c_dir 1 -ingrid 32 16 8 -outgrid 4096 1 1
.//tmp_files/4846.sh: line 3: 92718 Segmentation fault      speed3d_r2c fftw double 1024 1024 1024 -no-reorder -a2av -pencils -r2c_dir 1 -ingrid 32 16 8 -outgrid 4096 1 1
.//tmp_files/4846.sh: line 3: 111447 Segmentation fault      speed3d_r2c fftw double 1024 1024 1024 -no-reorder -a2av -pencils -r2c_dir 1 -ingrid 32 16 8 -outgrid 4096 1 1
.//tmp_files/4846.sh: line 3: 110866 Segmentation fault      speed3d_r2c fftw double 1024 1024 1024 -no-reorder -a2av -pencils -r2c_dir 1 -ingrid 32 16 8 -outgrid 4096 1 1
1 1
1 1
.//tmp_files/4846.sh: line 3: 71699 Segmentation fault      speed3d_r2c fftw double 1024 1024 1024 -no-reorder -a2av -pencils -r2c_dir 1 -ingrid 32 16 8 -outgrid 4096 1 1
.//tmp_files/4846.sh: line 3: 71650 Segmentation fault      speed3d_r2c fftw double 1024 1024 1024 -no-reorder -a2av -pencils -r2c_dir 1 -ingrid 32 16 8 -outgrid 4096 1 1
.//tmp_files/4846.sh: line 3: 71702 Segmentation fault      speed3d_r2c fftw double 1024 1024 1024 -no-reorder -a2av -pencils -r2c_dir 1 -ingrid 32 16 8 -outgrid 4096 1 1
1 1
.//tmp_files/4846.sh: line 3: 64795 Segmentation fault      speed3d_r2c fftw double 1024 1024 1024 -no-reorder -a2av -pencils -r2c_dir 1 -ingrid 32 16 8 -outgrid 4096 1 1
.//tmp_files/4846.sh: line 3: 64796 Segmentation fault      speed3d_r2c fftw double 1024 1024 1024 -no-reorder -a2av -pencils -r2c_dir 1 -ingrid 32 16 8 -outgrid 4096 1 1
.//tmp_files/4846.sh: line 3: 64816 Segmentation fault      speed3d_r2c fftw double 1024 1024 1024 -no-reorder -a2av -pencils -r2c_dir 1 -ingrid 32 16 8 -outgrid 4096 1 1
.//tmp_files/4846.sh: line 3: 64818 Segmentation fault      speed3d_r2c fftw double 1024 1024 1024 -no-reorder -a2av -pencils -r2c_dir 1 -ingrid 32 16 8 -outgrid 4096 1 1
.//tmp_files/4846.sh: line 3: 64833 Segmentation fault      speed3d_r2c fftw double 1024 1024 1024 -no-reorder -a2av -pencils -r2c_dir 1 -ingrid 32 16 8 -outgrid 4096 1 1
.//tmp_files/4846.sh: line 3: 64798 Segmentation fault      speed3d_r2c fftw double 1024 1024 1024 -no-reorder -a2av -pencils -r2c_dir 1 -ingrid 32 16 8 -outgrid 4096 1 1
.//tmp_files/4846.sh: line 3: 64803 Segmentation fault      speed3d_r2c fftw double 1024 1024 1024 -no-reorder -a2av -pencils -r2c_dir 1 -ingrid 32 16 8 -outgrid 4096 1 1
.//tmp_files/4846.sh: line 3: 64834 Segmentation fault      speed3d_r2c fftw double 1024 1024 1024 -no-reorder -a2av -pencils -r2c_dir 1 -ingrid 32 16 8 -outgrid 4096 1 1
.//tmp_files/4846.sh: line 3: 64802 Segmentation fault      speed3d_r2c fftw double 1024 1024 1024 -no-reorder -a2av -pencils -r2c_dir 1 -ingrid 32 16 8 -outgrid 4096 1 1
.//tmp_files/4846.sh: line 3: 64819 Segmentation fault      speed3d_r2c fftw double 1024 1024 1024 -no-reorder -a2av -pencils -r2c_dir 1 -ingrid 32 16 8 -outgrid 4096 1 1
.//tmp_files/4846.sh: line 3: 64814 Segmentation fault      speed3d_r2c fftw double 1024 1024 1024 -no-reorder -a2av -pencils -r2c_dir 1 -ingrid 32 16 8 -outgrid 4096 1 1
.//tmp_files/4846.sh: line 3: 64790 Segmentation fault      speed3d_r2c fftw double 1024 1024 1024 -no-reorder -a2av -pencils -r2c_dir 1 -ingrid 32 16 8 -outgrid 41 1
.//tmp_files/4846.sh: line 3: 64783 Segmentation fault      speed3d_r2c fftw double 1024 1024 1024 -no-reorder -a2av -pencils -r2c_dir 1 -ingrid 32 16 8 -outgrid 4096 1 1
096 1 1
.//tmp_files/4846.sh: line 3: 64788 Segmentation fault      speed3d_r2c fftw double 1024 1024 1024 -no-reorder -a2av -pencils -r2c_dir 1 -ingrid 32 16 8 -outgrid 4096 1 1
.//tmp_files/4846.sh: line 3: 64820 Segmentation fault      speed3d_r2c fftw double 1024 1024 1024 -no-reorder -a2av -pencils -r2c_dir 1 -ingrid 32 16 8 -outgrid 4096 1 1
.//tmp_files/4846.sh: line 3: 64823 Segmentation fault      speed3d_r2c fftw double 1024 1024 1024 -no-reorder -a2av -pencils -r2c_dir 1 -ingrid 32 16 8 -outgrid 4096 1 1
.//tmp_files/4846.sh: line 3: 64817 Segmentation fault      speed3d_r2c fftw double 1024 1024 1024 -no-reorder -a2av -pencils -r2c_dir 1 -ingrid 32 16 8 -outgrid 4096 1 1
.//tmp_files/4846.sh: line 3: 64815 Segmentation fault      speed3d_r2c fftw double 1024 1024 1024 -no-reorder -a2av -pencils -r2c_dir 1 -ingrid 32 16 8 -outgrid 4096 1 1
.//tmp_files/4846.sh: line 3: 64828 Segmentation fault      speed3d_r2c fftw double 1024 1024 1024 -no-reorder -a2av -pencils -r2c_dir 1 -ingrid 32 16 8 -outgrid 4096 1 1
.//tmp_files/4846.sh: line 3: 64829 Segmentation fault      speed3d_r2c fftw double 1024 1024 1024 -no-reorder -a2av -pencils -r2c_dir 1 -ingrid 32 16 8 -outgrid 4096 1 1
.//tmp_files/4846.sh: line 3: 64822 Segmentation fault      speed3d_r2c fftw double 1024 1024 1024 -no-reorder -a2av -pencils -r2c_dir 1 -ingrid 32 16 8 -outgrid 4096 1 1
.//tmp_files/4846.sh: line 3: 64821 Segmentation fault      speed3d_r2c fftw double 1024 1024 1024 -no-reorder -a2av -pencils -r2c_dir 1 -ingrid 32 16 8 -outgrid 4096 1 1
.//tmp_files/4846.sh: line 3: 64827 Segmentation fault      speed3d_r2c fftw double 1024 1024 1024 -no-reorder -a2av -pencils -r2c_dir 1 -ingrid 32 16 8 -outgrid 4096 1 1
.//tmp_files/4846.sh: line 3: 64830 Segmentation fault      speed3d_r2c fftw double 1024 1024 1024 -no-reorder -a2av -pencils -r2c_dir 1 -ingrid 32 16 8 -outgrid 4096 1 1
.//tmp_files/4846.sh: line 3: 64824 Segmentation fault      speed3d_r2c fftw double 1024 1024 1024 -no-reorder -a2av -pencils -r2c_dir 1 -ingrid 32 16 8 -outgr.//tmp_files/4846.sh: line 3: 118935 Segmentation fault      speed3d_r2c fftw double 1024 1024 1024 -no-reorder -a2av -pencils -r2c_dir 1 -ingrid 32 16 8 -outgrid 4096 1 1
.//tmp_files/4846.sh: line 3: 118938 Segmentation fault      speed3d_r2c fftw double 1024 1024 1024 -no-reorder -a2av -pencils -r2c_dir 1 -ingrid 32 16 8 -outgrid 4096 1 1
utgrid 4096 1 1
id 4096 1 1
.//tmp_files/4846.sh: line 3: 64826 Segmentation fault      speed3d_r2c fftw double 1024 1024 1024 -no-reorder -a2av -pencils -r2c_dir 1 -ingrid 32 16 8 -outgrid 4096 1 1
Application 28418150 exit codes: 139
Application 28418150 exit signals: Killed
Application 28418150 resources: utime ~5483s, stime ~482s, Rss ~71268, inblocks ~256536, outblocks ~0
