“RANK= 1 LOCAL_RANK= 1 gpu= 2”
“RANK= 3 LOCAL_RANK= 3 gpu= 0”
“RANK= 2 LOCAL_RANK= 2 gpu= 1”
“RANK= 0 LOCAL_RANK= 0 gpu= 3”
“RANK= 9 LOCAL_RANK= 1 gpu= 2”
“RANK= 11 LOCAL_RANK= 3 gpu= 0”
“RANK= 10 LOCAL_RANK= 2 gpu= 1”
“RANK= 8 LOCAL_RANK= 0 gpu= 3”
+ '[' -z '' ']'
+ case "$-" in
Shell debugging temporarily silenced: export LMOD_SH_DBG_ON=1 for this output (/usr/share/lmod/lmod/init/bash)
+ __lmod_vx=x
+ '[' -n x ']'
+ set +x
+ '[' -z '' ']'
+ case "$-" in
+ __lmod_vx=x
+ '[' -n x ']'
+ set +x
Shell debugging temporarily silenced: export LMOD_SH_DBG_ON=1 for this output (/usr/share/lmod/lmod/init/bash)
+ '[' -z '' ']'
+ case "$-" in
+ __lmod_vx=x
Shell debugging restarted
+ unset __lmod_vx
Shell debugging temporarily silenced: export LMOD_SH_DBG_ON=1 for this output (/usr/share/lmod/lmod/init/bash)
+ '[' -n x ']'
+ set +x
Shell debugging temporarily silenced: export LMOD_SH_DBG_ON=1 for this output (/usr/share/lmod/lmod/init/bash)
+ '[' -z '' ']'
+ case "$-" in
+ __lmod_vx=x
+ '[' -n x ']'
+ set +x
Shell debugging restarted
+ unset __lmod_vx
+ speed3d_r2c cufft float 256 256 512 -no-reorder -a2a -r2c_dir 1 -ingrid 4 2 2 -outgrid 1 8 2 -n5
+ speed3d_r2c cufft float 256 256 512 -no-reorder -a2a -r2c_dir 1 -ingrid 4 2 2 -outgrid 1 8 2 -n5
Shell debugging restarted
+ unset __lmod_vx
+ speed3d_r2c cufft float 256 256 512 -no-reorder -a2a -r2c_dir 1 -ingrid 4 2 2 -outgrid 1 8 2 -n5
Shell debugging restarted
+ unset __lmod_vx
+ speed3d_r2c cufft float 256 256 512 -no-reorder -a2a -r2c_dir 1 -ingrid 4 2 2 -outgrid 1 8 2 -n5
+ '[' -z '' ']'
+ case "$-" in
+ __lmod_vx=x
Shell debugging temporarily silenced: export LMOD_SH_DBG_ON=1 for this output (/usr/share/lmod/lmod/init/bash)
+ '[' -n x ']'
+ set +x
Shell debugging restarted
+ unset __lmod_vx
Shell debugging temporarily silenced: export LMOD_SH_DBG_ON=1 for this output (/usr/share/lmod/lmod/init/bash)
+ '[' -z '' ']'
+ case "$-" in
+ __lmod_vx=x
+ '[' -n x ']'
+ set +x
+ '[' -z '' ']'
+ case "$-" in
+ __lmod_vx=x
+ speed3d_r2c cufft float 256 256 512 -no-reorder -a2a -r2c_dir 1 -ingrid 4 2 2 -outgrid 1 8 2 -n5
Shell debugging temporarily silenced: export LMOD_SH_DBG_ON=1 for this output (/usr/share/lmod/lmod/init/bash)
+ '[' -n x ']'
+ set +x
Shell debugging temporarily silenced: export LMOD_SH_DBG_ON=1 for this output (/usr/share/lmod/lmod/init/bash)
+ '[' -z '' ']'
+ case "$-" in
+ __lmod_vx=x
+ '[' -n x ']'
+ set +x
Shell debugging restarted
+ unset __lmod_vx
+ speed3d_r2c cufft float 256 256 512 -no-reorder -a2a -r2c_dir 1 -ingrid 4 2 2 -outgrid 1 8 2 -n5
Shell debugging restarted
+ unset __lmod_vx
+ speed3d_r2c cufft float 256 256 512 -no-reorder -a2a -r2c_dir 1 -ingrid 4 2 2 -outgrid 1 8 2 -n5
Shell debugging restarted
+ unset __lmod_vx
+ speed3d_r2c cufft float 256 256 512 -no-reorder -a2a -r2c_dir 1 -ingrid 4 2 2 -outgrid 1 8 2 -n5
“RANK= 4 LOCAL_RANK= 0 gpu= 3”
“RANK= 5 LOCAL_RANK= 1 gpu= 2”
“RANK= 7 LOCAL_RANK= 3 gpu= 0”
“RANK= 6 LOCAL_RANK= 2 gpu= 1”
“RANK= 15 LOCAL_RANK= 3 gpu= 0”
“RANK= 12 LOCAL_RANK= 0 gpu= 3”
“RANK= 13 LOCAL_RANK= 1 gpu= 2”
“RANK= 14 LOCAL_RANK= 2 gpu= 1”
+ '[' -z '' ']'
+ case "$-" in
+ __lmod_vx=x
Shell debugging temporarily silenced: export LMOD_SH_DBG_ON=1 for this output (/usr/share/lmod/lmod/init/bash)
+ '[' -n x ']'
+ set +x
Shell debugging temporarily silenced: export LMOD_SH_DBG_ON=1 for this output (/usr/share/lmod/lmod/init/bash)
+ '[' -z '' ']'
+ case "$-" in
+ __lmod_vx=x
+ '[' -n x ']'
+ set +x
+ '[' -z '' ']'
+ case "$-" in
+ __lmod_vx=x
+ '[' -n x ']'
+ set +x
Shell debugging temporarily silenced: export LMOD_SH_DBG_ON=1 for this output (/usr/share/lmod/lmod/init/bash)
+ '[' -z '' ']'
+ case "$-" in
+ __lmod_vx=x
+ '[' -n x ']'
+ set +x
Shell debugging restarted
+ unset __lmod_vx
Shell debugging temporarily silenced: export LMOD_SH_DBG_ON=1 for this output (/usr/share/lmod/lmod/init/bash)
Shell debugging restarted
+ unset __lmod_vx
Shell debugging restarted
+ unset __lmod_vx
+ speed3d_r2c cufft float 256 256 512 -no-reorder -a2a -r2c_dir 1 -ingrid 4 2 2 -outgrid 1 8 2 -n5
+ speed3d_r2c cufft float 256 256 512 -no-reorder -a2a -r2c_dir 1 -ingrid 4 2 2 -outgrid 1 8 2 -n5
Shell debugging restarted
+ unset __lmod_vx
+ speed3d_r2c cufft float 256 256 512 -no-reorder -a2a -r2c_dir 1 -ingrid 4 2 2 -outgrid 1 8 2 -n5
+ speed3d_r2c cufft float 256 256 512 -no-reorder -a2a -r2c_dir 1 -ingrid 4 2 2 -outgrid 1 8 2 -n5
+ '[' -z '' ']'
+ case "$-" in
+ __lmod_vx=x
Shell debugging temporarily silenced: export LMOD_SH_DBG_ON=1 for this output (/usr/share/lmod/lmod/init/bash)
+ '[' -n x ']'
+ set +x
Shell debugging restarted
+ unset __lmod_vx
+ '[' -z '' ']'
+ case "$-" in
+ __lmod_vx=x
+ '[' -n x ']'
+ set +x
Shell debugging temporarily silenced: export LMOD_SH_DBG_ON=1 for this output (/usr/share/lmod/lmod/init/bash)
+ '[' -z '' ']'
+ case "$-" in
+ __lmod_vx=x
+ '[' -n x ']'
+ set +x
+ '[' -z '' ']'
+ case "$-" in
+ __lmod_vx=x
+ '[' -n x ']'
+ set +x
Shell debugging temporarily silenced: export LMOD_SH_DBG_ON=1 for this output (/usr/share/lmod/lmod/init/bash)
Shell debugging temporarily silenced: export LMOD_SH_DBG_ON=1 for this output (/usr/share/lmod/lmod/init/bash)
Shell debugging restarted
+ unset __lmod_vx
Shell debugging restarted
+ unset __lmod_vx
+ speed3d_r2c cufft float 256 256 512 -no-reorder -a2a -r2c_dir 1 -ingrid 4 2 2 -outgrid 1 8 2 -n5
Shell debugging restarted
+ unset __lmod_vx
+ speed3d_r2c cufft float 256 256 512 -no-reorder -a2a -r2c_dir 1 -ingrid 4 2 2 -outgrid 1 8 2 -n5
+ speed3d_r2c cufft float 256 256 512 -no-reorder -a2a -r2c_dir 1 -ingrid 4 2 2 -outgrid 1 8 2 -n5
+ speed3d_r2c cufft float 256 256 512 -no-reorder -a2a -r2c_dir 1 -ingrid 4 2 2 -outgrid 1 8 2 -n5
MPICH ERROR [Rank 7] [job id 03be367c-a802-4b7a-85b8-245c5ad168c6] [Sun Nov 12 08:33:48 2023] [x3004c0s1b0n0] - Abort(405870991) (rank 7 in comm 0): Fatal error in PMPI_Alltoall: Other MPI error, error stack:
PMPI_Alltoall(433)...............: MPI_Alltoall(sbuf=0x14df62000000, scount=278528, dtype=0x4c000840, rbuf=0x14df64200000, rcount=278528, datatype=dtype=0x4c000840, comm=comm=0x84000007) failed
MPIR_CRAY_Alltoall_throttled(471): 
MPIR_Waitall(167)................: 
MPIR_Waitall_impl(51)............: 
MPID_Progress_wait(184)..........: 
MPIDI_Progress_test(80)..........: 
MPIDI_OFI_handle_cq_error(1059)..: OFI poll failed (ofi_events.c:1061:MPIDI_OFI_handle_cq_error:Input/output error - remote access error)

aborting job:
Fatal error in PMPI_Alltoall: Other MPI error, error stack:
PMPI_Alltoall(433)...............: MPI_Alltoall(sbuf=0x14df62000000, scount=278528, dtype=0x4c000840, rbuf=0x14df64200000, rcount=278528, datatype=dtype=0x4c000840, comm=comm=0x84000007) failed
MPIR_CRAY_Alltoall_throttled(471): 
MPIR_Waitall(167)................: 
MPIR_Waitall_impl(51)............: 
MPID_Progress_wait(184)..........: 
MPIDI_Progress_test(80)..........: 
MPIDI_OFI_handle_cq_error(1059)..: OFI poll failed (ofi_events.c:1061:MPIDI_OFI_handle_cq_error:Input/output error - remote access error)
MPICH ERROR [Rank 3] [job id 03be367c-a802-4b7a-85b8-245c5ad168c6] [Sun Nov 12 08:33:48 2023] [x3004c0s19b1n0] - Abort(942741903) (rank 3 in comm 0): Fatal error in PMPI_Alltoall: Other MPI error, error stack:
PMPI_Alltoall(433)...............: MPI_Alltoall(sbuf=0x14a0da000000, scount=278528, dtype=0x4c000840, rbuf=0x14a0dc200000, rcount=278528, datatype=dtype=0x4c000840, comm=comm=0x84000007) failed
MPIR_CRAY_Alltoall_throttled(471): 
MPIR_Waitall(167)................: 
MPIR_Waitall_impl(51)............: 
MPID_Progress_wait(184)..........: 
MPIDI_Progress_test(80)..........: 
MPIDI_OFI_handle_cq_error(1059)..: OFI poll failed (ofi_events.c:1061:MPIDI_OFI_handle_cq_error:Input/output error - remote access error)

aborting job:
Fatal error in PMPI_Alltoall: Other MPI error, error stack:
PMPI_Alltoall(433)...............: MPI_Alltoall(sbuf=0x14a0da000000, scount=278528, dtype=0x4c000840, rbuf=0x14a0dc200000, rcount=278528, datatype=dtype=0x4c000840, comm=comm=0x84000007) failed
MPIR_CRAY_Alltoall_throttled(471): 
MPIR_Waitall(167)................: 
MPIR_Waitall_impl(51)............: 
MPID_Progress_wait(184)..........: 
MPIDI_Progress_test(80)..........: 
MPIDI_OFI_handle_cq_error(1059)..: OFI poll failed (ofi_events.c:1061:MPIDI_OFI_handle_cq_error:Input/output error - remote access error)
MPICH ERROR [Rank 2] [job id 03be367c-a802-4b7a-85b8-245c5ad168c6] [Sun Nov 12 08:33:48 2023] [x3004c0s19b1n0] - Abort(405870991) (rank 2 in comm 0): Fatal error in PMPI_Alltoall: Other MPI error, error stack:
PMPI_Alltoall(433)...............: MPI_Alltoall(sbuf=0x150a62000000, scount=278528, dtype=0x4c000840, rbuf=0x150a64200000, rcount=278528, datatype=dtype=0x4c000840, comm=comm=0x84000007) failed
MPIR_CRAY_Alltoall_throttled(471): 
MPIR_Waitall(167)................: 
MPIR_Waitall_impl(51)............: 
MPID_Progress_wait(184)..........: 
MPIDI_Progress_test(80)..........: 
MPIDI_OFI_handle_cq_error(1059)..: OFI poll failed (ofi_events.c:1061:MPIDI_OFI_handle_cq_error:Input/output error - remote access error)

aborting job:
Fatal error in PMPI_Alltoall: Other MPI error, error stack:
PMPI_Alltoall(433)...............: MPI_Alltoall(sbuf=0x150a62000000, scount=278528, dtype=0x4c000840, rbuf=0x150a64200000, rcount=278528, datatype=dtype=0x4c000840, comm=comm=0x84000007) failed
MPIR_CRAY_Alltoall_throttled(471): 
MPIR_Waitall(167)................: 
MPIR_Waitall_impl(51)............: 
MPID_Progress_wait(184)..........: 
MPIDI_Progress_test(80)..........: 
MPIDI_OFI_handle_cq_error(1059)..: OFI poll failed (ofi_events.c:1061:MPIDI_OFI_handle_cq_error:Input/output error - remote access error)
MPICH ERROR [Rank 8] [job id 03be367c-a802-4b7a-85b8-245c5ad168c6] [Sun Nov 12 08:33:48 2023] [x3004c0s1b1n0] - Abort(204544399) (rank 8 in comm 0): Fatal error in PMPI_Alltoall: Other MPI error, error stack:
PMPI_Alltoall(433)...............: MPI_Alltoall(sbuf=0x147dba000000, scount=278528, dtype=0x4c000840, rbuf=0x147dbc200000, rcount=278528, datatype=dtype=0x4c000840, comm=comm=0xc4000001) failed
MPIR_CRAY_Alltoall_throttled(471): 
MPIR_Waitall(167)................: 
MPIR_Waitall_impl(51)............: 
MPID_Progress_wait(184)..........: 
MPIDI_Progress_test(80)..........: 
MPIDI_OFI_handle_cq_error(1059)..: OFI poll failed (ofi_events.c:1061:MPIDI_OFI_handle_cq_error:Input/output error - remote access error)

aborting job:
Fatal error in PMPI_Alltoall: Other MPI error, error stack:
PMPI_Alltoall(433)...............: MPI_Alltoall(sbuf=0x147dba000000, scount=278528, dtype=0x4c000840, rbuf=0x147dbc200000, rcount=278528, datatype=dtype=0x4c000840, comm=comm=0xc4000001) failed
MPIR_CRAY_Alltoall_throttled(471): 
MPIR_Waitall(167)................: 
MPIR_Waitall_impl(51)............: 
MPID_Progress_wait(184)..........: 
MPIDI_Progress_test(80)..........: 
MPIDI_OFI_handle_cq_error(1059)..: OFI poll failed (ofi_events.c:1061:MPIDI_OFI_handle_cq_error:Input/output error - remote access error)
MPICH ERROR [Rank 10] [job id 03be367c-a802-4b7a-85b8-245c5ad168c6] [Sun Nov 12 08:33:48 2023] [x3004c0s1b1n0] - Abort(137435535) (rank 10 in comm 0): Fatal error in PMPI_Alltoall: Other MPI error, error stack:
PMPI_Alltoall(433)...............: MPI_Alltoall(sbuf=0x147692000000, scount=278528, dtype=0x4c000840, rbuf=0x147694200000, rcount=278528, datatype=dtype=0x4c000840, comm=comm=0x84000007) failed
MPIR_CRAY_Alltoall_throttled(471): 
MPIR_Waitall(167)................: 
MPIR_Waitall_impl(51)............: 
MPID_Progress_wait(184)..........: 
MPIDI_Progress_test(80)..........: 
MPIDI_OFI_handle_cq_error(1059)..: OFI poll failed (ofi_events.c:1061:MPIDI_OFI_handle_cq_error:Input/output error - remote access error)

aborting job:
Fatal error in PMPI_Alltoall: Other MPI error, error stack:
PMPI_Alltoall(433)...............: MPI_Alltoall(sbuf=0x147692000000, scount=278528, dtype=0x4c000840, rbuf=0x147694200000, rcount=278528, datatype=dtype=0x4c000840, comm=comm=0x84000007) failed
MPIR_CRAY_Alltoall_throttled(471): 
MPIR_Waitall(167)................: 
MPIR_Waitall_impl(51)............: 
MPID_Progress_wait(184)..........: 
MPIDI_Progress_test(80)..........: 
MPIDI_OFI_handle_cq_error(1059)..: OFI poll failed (ofi_events.c:1061:MPIDI_OFI_handle_cq_error:Input/output error - remote access error)
MPICH ERROR [Rank 12] [job id 03be367c-a802-4b7a-85b8-245c5ad168c6] [Sun Nov 12 08:33:49 2023] [x3004c0s25b0n0] - Abort(607197583) (rank 12 in comm 0): Fatal error in PMPI_Alltoall: Other MPI error, error stack:
PMPI_Alltoall(433)...............: MPI_Alltoall(sbuf=0x1493e0000000, scount=278528, dtype=0x4c000840, rbuf=0x1493e2200000, rcount=278528, datatype=dtype=0x4c000840, comm=comm=0xc4000001) failed
MPIR_CRAY_Alltoall_throttled(471): 
MPIR_Waitall(167)................: 
MPIR_Waitall_impl(51)............: 
MPID_Progress_wait(184)..........: 
MPIDI_Progress_test(80)..........: 
MPIDI_OFI_handle_cq_error(1059)..: OFI poll failed (ofi_events.c:1061:MPIDI_OFI_handle_cq_error:Input/output error - remote access error)

aborting job:
Fatal error in PMPI_Alltoall: Other MPI error, error stack:
PMPI_Alltoall(433)...............: MPI_Alltoall(sbuf=0x1493e0000000, scount=278528, dtype=0x4c000840, rbuf=0x1493e2200000, rcount=278528, datatype=dtype=0x4c000840, comm=comm=0xc4000001) failed
MPIR_CRAY_Alltoall_throttled(471): 
MPIR_Waitall(167)................: 
MPIR_Waitall_impl(51)............: 
MPID_Progress_wait(184)..........: 
MPIDI_Progress_test(80)..........: 
MPIDI_OFI_handle_cq_error(1059)..: OFI poll failed (ofi_events.c:1061:MPIDI_OFI_handle_cq_error:Input/output error - remote access error)
MPICH ERROR [Rank 13] [job id 03be367c-a802-4b7a-85b8-245c5ad168c6] [Sun Nov 12 08:33:49 2023] [x3004c0s25b0n0] - Abort(3217807) (rank 13 in comm 0): Fatal error in PMPI_Alltoall: Other MPI error, error stack:
PMPI_Alltoall(433)...............: MPI_Alltoall(sbuf=0x145b7a000000, scount=278528, dtype=0x4c000840, rbuf=0x145b7c200000, rcount=278528, datatype=dtype=0x4c000840, comm=comm=0x84000007) failed
MPIR_CRAY_Alltoall_throttled(471): 
MPIR_Waitall(167)................: 
MPIR_Waitall_impl(51)............: 
MPID_Progress_wait(184)..........: 
MPIDI_Progress_test(80)..........: 
MPIDI_OFI_handle_cq_error(1059)..: OFI poll failed (ofi_events.c:1061:MPIDI_OFI_handle_cq_error:Input/output error - remote access error)

aborting job:
Fatal error in PMPI_Alltoall: Other MPI error, error stack:
PMPI_Alltoall(433)...............: MPI_Alltoall(sbuf=0x145b7a000000, scount=278528, dtype=0x4c000840, rbuf=0x145b7c200000, rcount=278528, datatype=dtype=0x4c000840, comm=comm=0x84000007) failed
MPIR_CRAY_Alltoall_throttled(471): 
MPIR_Waitall(167)................: 
MPIR_Waitall_impl(51)............: 
MPID_Progress_wait(184)..........: 
MPIDI_Progress_test(80)..........: 
MPIDI_OFI_handle_cq_error(1059)..: OFI poll failed (ofi_events.c:1061:MPIDI_OFI_handle_cq_error:Input/output error - remote access error)
MPICH ERROR [Rank 9] [job id 03be367c-a802-4b7a-85b8-245c5ad168c6] [Sun Nov 12 08:33:48 2023] [x3004c0s1b1n0] - Abort(3217807) (rank 9 in comm 0): Fatal error in PMPI_Alltoall: Other MPI error, error stack:
PMPI_Alltoall(433)...............: MPI_Alltoall(sbuf=0x146d50000000, scount=278528, dtype=0x4c000840, rbuf=0x146d52200000, rcount=278528, datatype=dtype=0x4c000840, comm=comm=0x84000007) failed
MPIR_CRAY_Alltoall_throttled(471): 
MPIR_Waitall(167)................: 
MPIR_Waitall_impl(51)............: 
MPID_Progress_wait(184)..........: 
MPIDI_Progress_test(80)..........: 
MPIDI_OFI_handle_cq_error(1059)..: OFI poll failed (ofi_events.c:1061:MPIDI_OFI_handle_cq_error:Input/output error - remote access error)

aborting job:
Fatal error in PMPI_Alltoall: Other MPI error, error stack:
PMPI_Alltoall(433)...............: MPI_Alltoall(sbuf=0x146d50000000, scount=278528, dtype=0x4c000840, rbuf=0x146d52200000, rcount=278528, datatype=dtype=0x4c000840, comm=comm=0x84000007) failed
MPIR_CRAY_Alltoall_throttled(471): 
MPIR_Waitall(167)................: 
MPIR_Waitall_impl(51)............: 
MPID_Progress_wait(184)..........: 
MPIDI_Progress_test(80)..........: 
MPIDI_OFI_handle_cq_error(1059)..: OFI poll failed (ofi_events.c:1061:MPIDI_OFI_handle_cq_error:Input/output error - remote access error)
MPICH ERROR [Rank 15] [job id 03be367c-a802-4b7a-85b8-245c5ad168c6] [Sun Nov 12 08:33:49 2023] [x3004c0s25b0n0] - Abort(808524175) (rank 15 in comm 0): Fatal error in PMPI_Alltoall: Other MPI error, error stack:
PMPI_Alltoall(433)...............: MPI_Alltoall(sbuf=0x152262000000, scount=278528, dtype=0x4c000840, rbuf=0x152264200000, rcount=278528, datatype=dtype=0x4c000840, comm=comm=0x84000007) failed
MPIR_CRAY_Alltoall_throttled(471): 
MPIR_Waitall(167)................: 
MPIR_Waitall_impl(51)............: 
MPID_Progress_wait(184)..........: 
MPIDI_Progress_test(80)..........: 
MPIDI_OFI_handle_cq_error(1059)..: OFI poll failed (ofi_events.c:1061:MPIDI_OFI_handle_cq_error:Input/output error - remote access error)

aborting job:
Fatal error in PMPI_Alltoall: Other MPI error, error stack:
PMPI_Alltoall(433)...............: MPI_Alltoall(sbuf=0x152262000000, scount=278528, dtype=0x4c000840, rbuf=0x152264200000, rcount=278528, datatype=dtype=0x4c000840, comm=comm=0x84000007) failed
MPIR_CRAY_Alltoall_throttled(471): 
MPIR_Waitall(167)................: 
MPIR_Waitall_impl(51)............: 
MPID_Progress_wait(184)..........: 
MPIDI_Progress_test(80)..........: 
MPIDI_OFI_handle_cq_error(1059)..: OFI poll failed (ofi_events.c:1061:MPIDI_OFI_handle_cq_error:Input/output error - remote access error)
MPICH ERROR [Rank 11] [job id 03be367c-a802-4b7a-85b8-245c5ad168c6] [Sun Nov 12 08:33:48 2023] [x3004c0s1b1n0] - Abort(808524175) (rank 11 in comm 0): Fatal error in PMPI_Alltoall: Other MPI error, error stack:
PMPI_Alltoall(433)...............: MPI_Alltoall(sbuf=0x14efb0000000, scount=278528, dtype=0x4c000840, rbuf=0x14efb2200000, rcount=278528, datatype=dtype=0x4c000840, comm=comm=0x84000007) failed
MPIR_CRAY_Alltoall_throttled(471): 
MPIR_Waitall(167)................: 
MPIR_Waitall_impl(51)............: 
MPID_Progress_wait(184)..........: 
MPIDI_Progress_test(80)..........: 
MPIDI_OFI_handle_cq_error(1059)..: OFI poll failed (ofi_events.c:1061:MPIDI_OFI_handle_cq_error:Input/output error - remote access error)

aborting job:
Fatal error in PMPI_Alltoall: Other MPI error, error stack:
PMPI_Alltoall(433)...............: MPI_Alltoall(sbuf=0x14efb0000000, scount=278528, dtype=0x4c000840, rbuf=0x14efb2200000, rcount=278528, datatype=dtype=0x4c000840, comm=comm=0x84000007) failed
MPIR_CRAY_Alltoall_throttled(471): 
MPIR_Waitall(167)................: 
MPIR_Waitall_impl(51)............: 
MPID_Progress_wait(184)..........: 
MPIDI_Progress_test(80)..........: 
MPIDI_OFI_handle_cq_error(1059)..: OFI poll failed (ofi_events.c:1061:MPIDI_OFI_handle_cq_error:Input/output error - remote access error)
MPICH ERROR [Rank 14] [job id 03be367c-a802-4b7a-85b8-245c5ad168c6] [Sun Nov 12 08:33:49 2023] [x3004c0s25b0n0] - Abort(3217807) (rank 14 in comm 0): Fatal error in PMPI_Alltoall: Other MPI error, error stack:
PMPI_Alltoall(433)...............: MPI_Alltoall(sbuf=0x151742000000, scount=278528, dtype=0x4c000840, rbuf=0x151744200000, rcount=278528, datatype=dtype=0x4c000840, comm=comm=0x84000007) failed
MPIR_CRAY_Alltoall_throttled(471): 
MPIR_Waitall(167)................: 
MPIR_Waitall_impl(51)............: 
MPID_Progress_wait(184)..........: 
MPIDI_Progress_test(80)..........: 
MPIDI_OFI_handle_cq_error(1059)..: OFI poll failed (ofi_events.c:1061:MPIDI_OFI_handle_cq_error:Input/output error - remote access error)

aborting job:
Fatal error in PMPI_Alltoall: Other MPI error, error stack:
PMPI_Alltoall(433)...............: MPI_Alltoall(sbuf=0x151742000000, scount=278528, dtype=0x4c000840, rbuf=0x151744200000, rcount=278528, datatype=dtype=0x4c000840, comm=comm=0x84000007) failed
MPIR_CRAY_Alltoall_throttled(471): 
MPIR_Waitall(167)................: 
MPIR_Waitall_impl(51)............: 
MPID_Progress_wait(184)..........: 
MPIDI_Progress_test(80)..........: 
MPIDI_OFI_handle_cq_error(1059)..: OFI poll failed (ofi_events.c:1061:MPIDI_OFI_handle_cq_error:Input/output error - remote access error)
MPICH ERROR [Rank 1] [job id 03be367c-a802-4b7a-85b8-245c5ad168c6] [Sun Nov 12 08:33:49 2023] [x3004c0s19b1n0] - Abort(808524175) (rank 1 in comm 0): Fatal error in PMPI_Alltoall: Other MPI error, error stack:
PMPI_Alltoall(433)...............: MPI_Alltoall(sbuf=0x151ba0000000, scount=278528, dtype=0x4c000840, rbuf=0x151ba2200000, rcount=278528, datatype=dtype=0x4c000840, comm=comm=0x84000007) failed
MPIR_CRAY_Alltoall_throttled(471): 
MPIR_Waitall(167)................: 
MPIR_Waitall_impl(51)............: 
MPID_Progress_wait(184)..........: 
MPIDI_Progress_test(80)..........: 
MPIDI_OFI_handle_cq_error(1059)..: OFI poll failed (ofi_events.c:1061:MPIDI_OFI_handle_cq_error:Input/output error - remote access error)

aborting job:
Fatal error in PMPI_Alltoall: Other MPI error, error stack:
PMPI_Alltoall(433)...............: MPI_Alltoall(sbuf=0x151ba0000000, scount=278528, dtype=0x4c000840, rbuf=0x151ba2200000, rcount=278528, datatype=dtype=0x4c000840, comm=comm=0x84000007) failed
MPIR_CRAY_Alltoall_throttled(471): 
MPIR_Waitall(167)................: 
MPIR_Waitall_impl(51)............: 
MPID_Progress_wait(184)..........: 
MPIDI_Progress_test(80)..........: 
MPIDI_OFI_handle_cq_error(1059)..: OFI poll failed (ofi_events.c:1061:MPIDI_OFI_handle_cq_error:Input/output error - remote access error)
x3004c0s1b0n0.hsn.cm.polaris.alcf.anl.gov: rank 7 exited with code 255
