“RANK= 12 LOCAL_RANK= 0 gpu= 3”
“RANK= 10 LOCAL_RANK= 2 gpu= 1”
“RANK= 15 LOCAL_RANK= 3 gpu= 0”
+ '[' -z '' ']'
+ case "$-" in
Shell debugging temporarily silenced: export LMOD_SH_DBG_ON=1 for this output (/usr/share/lmod/lmod/init/bash)
+ __lmod_vx=x
+ '[' -n x ']'
+ set +x
Shell debugging restarted
+ unset __lmod_vx
+ '[' -z '' ']'
+ case "$-" in
+ __lmod_vx=x
+ '[' -n x ']'
+ set +x
Shell debugging temporarily silenced: export LMOD_SH_DBG_ON=1 for this output (/usr/share/lmod/lmod/init/bash)
Shell debugging restarted
+ unset __lmod_vx
+ speed3d_r2c cufft float 1024 1024 1024 -reorder -a2a -p2p_pl -slabs -r2c_dir 2 -ingrid 4 4 1 -outgrid 4 4 1
+ speed3d_r2c cufft float 1024 1024 1024 -reorder -a2a -p2p_pl -slabs -r2c_dir 2 -ingrid 4 4 1 -outgrid 4 4 1
“RANK= 13 LOCAL_RANK= 1 gpu= 2”
+ '[' -z '' ']'
Shell debugging temporarily silenced: export LMOD_SH_DBG_ON=1 for this output (/usr/share/lmod/lmod/init/bash)
+ case "$-" in
+ __lmod_vx=x
+ '[' -n x ']'
+ set +x
Shell debugging restarted
+ unset __lmod_vx
+ speed3d_r2c cufft float 1024 1024 1024 -reorder -a2a -p2p_pl -slabs -r2c_dir 2 -ingrid 4 4 1 -outgrid 4 4 1
“RANK= 14 LOCAL_RANK= 2 gpu= 1”
+ '[' -z '' ']'
+ case "$-" in
+ __lmod_vx=x
Shell debugging temporarily silenced: export LMOD_SH_DBG_ON=1 for this output (/usr/share/lmod/lmod/init/bash)
+ '[' -n x ']'
+ set +x
Shell debugging restarted
“RANK= 9 LOCAL_RANK= 1 gpu= 2”
+ unset __lmod_vx
“RANK= 11 LOCAL_RANK= 3 gpu= 0”
+ speed3d_r2c cufft float 1024 1024 1024 -reorder -a2a -p2p_pl -slabs -r2c_dir 2 -ingrid 4 4 1 -outgrid 4 4 1
+ '[' -z '' ']'
+ case "$-" in
Shell debugging temporarily silenced: export LMOD_SH_DBG_ON=1 for this output (/usr/share/lmod/lmod/init/bash)
+ __lmod_vx=x
+ '[' -n x ']'
+ set +x
Shell debugging restarted
+ unset __lmod_vx
+ speed3d_r2c cufft float 1024 1024 1024 -reorder -a2a -p2p_pl -slabs -r2c_dir 2 -ingrid 4 4 1 -outgrid 4 4 1
+ '[' -z '' ']'
+ case "$-" in
+ __lmod_vx=x
+ '[' -n x ']'
+ set +x
Shell debugging temporarily silenced: export LMOD_SH_DBG_ON=1 for this output (/usr/share/lmod/lmod/init/bash)
Shell debugging restarted
+ unset __lmod_vx
+ speed3d_r2c cufft float 1024 1024 1024 -reorder -a2a -p2p_pl -slabs -r2c_dir 2 -ingrid 4 4 1 -outgrid 4 4 1
“RANK= 8 LOCAL_RANK= 0 gpu= 3”
+ '[' -z '' ']'
+ case "$-" in
+ __lmod_vx=x
+ '[' -n x ']'
+ set +x
Shell debugging temporarily silenced: export LMOD_SH_DBG_ON=1 for this output (/usr/share/lmod/lmod/init/bash)
Shell debugging restarted
+ unset __lmod_vx
+ speed3d_r2c cufft float 1024 1024 1024 -reorder -a2a -p2p_pl -slabs -r2c_dir 2 -ingrid 4 4 1 -outgrid 4 4 1
+ '[' -z '' ']'
+ case "$-" in
+ __lmod_vx=x
+ '[' -n x ']'
+ set +x
Shell debugging temporarily silenced: export LMOD_SH_DBG_ON=1 for this output (/usr/share/lmod/lmod/init/bash)
Shell debugging restarted
+ unset __lmod_vx
+ speed3d_r2c cufft float 1024 1024 1024 -reorder -a2a -p2p_pl -slabs -r2c_dir 2 -ingrid 4 4 1 -outgrid 4 4 1
“RANK= 5 LOCAL_RANK= 1 gpu= 2”
“RANK= 4 LOCAL_RANK= 0 gpu= 3”
“RANK= 6 LOCAL_RANK= 2 gpu= 1”
+ '[' -z '' ']'
+ case "$-" in
Shell debugging temporarily silenced: export LMOD_SH_DBG_ON=1 for this output (/usr/share/lmod/lmod/init/bash)
+ __lmod_vx=x
+ '[' -n x ']'
+ set +x
“RANK= 7 LOCAL_RANK= 3 gpu= 0”
Shell debugging restarted
+ unset __lmod_vx
+ speed3d_r2c cufft float 1024 1024 1024 -reorder -a2a -p2p_pl -slabs -r2c_dir 2 -ingrid 4 4 1 -outgrid 4 4 1
+ '[' -z '' ']'
+ case "$-" in
Shell debugging temporarily silenced: export LMOD_SH_DBG_ON=1 for this output (/usr/share/lmod/lmod/init/bash)
+ __lmod_vx=x
+ '[' -n x ']'
+ set +x
Shell debugging restarted
+ unset __lmod_vx
+ speed3d_r2c cufft float 1024 1024 1024 -reorder -a2a -p2p_pl -slabs -r2c_dir 2 -ingrid 4 4 1 -outgrid 4 4 1
+ '[' -z '' ']'
+ case "$-" in
Shell debugging temporarily silenced: export LMOD_SH_DBG_ON=1 for this output (/usr/share/lmod/lmod/init/bash)
+ __lmod_vx=x
+ '[' -n x ']'
+ set +x
+ '[' -z '' ']'
+ case "$-" in
+ __lmod_vx=x
+ '[' -n x ']'
+ set +x
Shell debugging temporarily silenced: export LMOD_SH_DBG_ON=1 for this output (/usr/share/lmod/lmod/init/bash)
Shell debugging restarted
+ unset __lmod_vx
+ speed3d_r2c cufft float 1024 1024 1024 -reorder -a2a -p2p_pl -slabs -r2c_dir 2 -ingrid 4 4 1 -outgrid 4 4 1
Shell debugging restarted
+ unset __lmod_vx
+ speed3d_r2c cufft float 1024 1024 1024 -reorder -a2a -p2p_pl -slabs -r2c_dir 2 -ingrid 4 4 1 -outgrid 4 4 1
“RANK= 3 LOCAL_RANK= 3 gpu= 0”
“RANK= 2 LOCAL_RANK= 2 gpu= 1”
+ '[' -z '' ']'
+ case "$-" in
Shell debugging temporarily silenced: export LMOD_SH_DBG_ON=1 for this output (/usr/share/lmod/lmod/init/bash)
+ __lmod_vx=x
+ '[' -n x ']'
+ set +x
Shell debugging restarted
+ unset __lmod_vx
+ '[' -z '' ']'
+ case "$-" in
+ __lmod_vx=x
Shell debugging temporarily silenced: export LMOD_SH_DBG_ON=1 for this output (/usr/share/lmod/lmod/init/bash)
+ '[' -n x ']'
+ set +x
+ speed3d_r2c cufft float 1024 1024 1024 -reorder -a2a -p2p_pl -slabs -r2c_dir 2 -ingrid 4 4 1 -outgrid 4 4 1
Shell debugging restarted
+ unset __lmod_vx
+ speed3d_r2c cufft float 1024 1024 1024 -reorder -a2a -p2p_pl -slabs -r2c_dir 2 -ingrid 4 4 1 -outgrid 4 4 1
“RANK= 0 LOCAL_RANK= 0 gpu= 3”
+ '[' -z '' ']'
+ case "$-" in
Shell debugging temporarily silenced: export LMOD_SH_DBG_ON=1 for this output (/usr/share/lmod/lmod/init/bash)
+ __lmod_vx=x
+ '[' -n x ']'
+ set +x
Shell debugging restarted
+ unset __lmod_vx
+ speed3d_r2c cufft float 1024 1024 1024 -reorder -a2a -p2p_pl -slabs -r2c_dir 2 -ingrid 4 4 1 -outgrid 4 4 1
“RANK= 1 LOCAL_RANK= 1 gpu= 2”
+ '[' -z '' ']'
+ case "$-" in
Shell debugging temporarily silenced: export LMOD_SH_DBG_ON=1 for this output (/usr/share/lmod/lmod/init/bash)
+ __lmod_vx=x
+ '[' -n x ']'
+ set +x
Shell debugging restarted
+ unset __lmod_vx
+ speed3d_r2c cufft float 1024 1024 1024 -reorder -a2a -p2p_pl -slabs -r2c_dir 2 -ingrid 4 4 1 -outgrid 4 4 1
terminate called after throwing an instance of 'std::runtime_error'
  what():  cudaMalloc() failed with message: out of memory
terminate called after throwing an instance of 'std::runtime_error'
  what():  cudaMalloc() failed with message: out of memory
terminate called after throwing an instance of 'std::runtime_error'
  what():  cudaMalloc() failed with message: out of memory
terminate called after throwing an instance of 'std::runtime_error'
  what():  cudaMalloc() failed with message: out of memory
terminate called after throwing an instance of 'std::runtime_error'
  what():  cudaMalloc() failed with message: out of memory
terminate called after throwing an instance of 'std::runtime_error'
  what():  cudaMalloc() failed with message: out of memory
terminate called after throwing an instance of 'std::runtime_error'
  what():  cudaMalloc() failed with message: out of memory
terminate called after throwing an instance of 'std::runtime_error'
  what():  cudaMalloc() failed with message: out of memory
terminate called after throwing an instance of 'std::runtime_error'
  what():  cudaMalloc() failed with message: out of memory
terminate called after throwing an instance of 'std::runtime_error'
  what():  cudaMalloc() failed with message: out of memory
terminate called after throwing an instance of 'std::runtime_error'
  what():  cudaMalloc() failed with message: out of memory
terminate called after throwing an instance of 'std::runtime_error'
  what():  cudaMalloc() failed with message: out of memory
terminate called after throwing an instance of 'std::runtime_error'
  what():  cudaMalloc() failed with message: out of memory
terminate called after throwing an instance of 'std::runtime_error'
  what():  cudaMalloc() failed with message: out of memory
terminate called after throwing an instance of 'std::runtime_error'
terminate called after throwing an instance of 'std::runtime_error'
  what():  cudaMalloc() failed with message: out of memory
  what():  cudaMalloc() failed with message: out of memory
/home/trandall/ytune_23/tlranda-ytopt-libensemble/ytopt-libe-heffte/polaris/combine/ensemble_PolarisTimeout_1024_318423cf/worker3//tmp_files/7990.sh: line 3: 38354 Aborted                 (core dumped) speed3d_r2c cufft float 1024 1024 1024 -reorder -a2a -p2p_pl -slabs -r2c_dir 2 -ingrid 4 4 1 -outgrid 4 4 1
x3104c0s13b1n0.hsn.cm.polaris.alcf.anl.gov: rank 3 exited with code 134
