time=2.2758 0/2 /pressio/roibin/background/pressio/zfp:metrics:copy_compressor_results <int32> = 1
/pressio/roibin/background/pressio/zfp:metrics:errors_fatal <int32> = 1
/pressio/roibin/background/pressio/zfp:pressio:abs <double> = <empty>
/pressio/roibin/background/pressio/zfp:pressio:lossless <int32> = <empty>
/pressio/roibin/background/pressio/zfp:pressio:metric <char*> = "noop"
/pressio/roibin/background/pressio/zfp:pressio:nthreads <uint32> = 0
/pressio/roibin/background/pressio/zfp:zfp:accuracy <double> = <empty>
/pressio/roibin/background/pressio/zfp:zfp:dims <uint32> = <empty>
/pressio/roibin/background/pressio/zfp:zfp:execution <int32> = 0
/pressio/roibin/background/pressio/zfp:zfp:execution_name <char*> = <empty>
/pressio/roibin/background/pressio/zfp:zfp:maxbits <uint32> = 16658
/pressio/roibin/background/pressio/zfp:zfp:maxprec <uint32> = 64
/pressio/roibin/background/pressio/zfp:zfp:metric <char*> = "noop"
/pressio/roibin/background/pressio/zfp:zfp:minbits <uint32> = 1
/pressio/roibin/background/pressio/zfp:zfp:minexp <int32> = 6
/pressio/roibin/background/pressio/zfp:zfp:mode <uint32> = <empty>
/pressio/roibin/background/pressio/zfp:zfp:omp_chunk_size <uint32> = 0
/pressio/roibin/background/pressio/zfp:zfp:omp_threads <uint32> = 0
/pressio/roibin/background/pressio/zfp:zfp:precision <uint32> = <empty>
/pressio/roibin/background/pressio/zfp:zfp:rate <double> = <empty>
/pressio/roibin/background/pressio/zfp:zfp:reversible <uint32> = <empty>
/pressio/roibin/background/pressio/zfp:zfp:type <uint32> = <empty>
/pressio/roibin/background/pressio/zfp:zfp:wra <int32> = <empty>
/pressio/roibin/background/pressio:metrics:copy_compressor_results <int32> = 1
/pressio/roibin/background/pressio:metrics:errors_fatal <int32> = 1
/pressio/roibin/background/pressio:pressio:abs <double> = 90
/pressio/roibin/background/pressio:pressio:bound_name <char*> = <empty>
/pressio/roibin/background/pressio:pressio:compressor <char*> = "zfp"
/pressio/roibin/background/pressio:pressio:metric <char*> = "noop"
/pressio/roibin/background/pressio:pressio:rel <double> = <empty>
/pressio/roibin/background/pressio:pressio:reset_mode <bool> = <empty>
/pressio/roibin/background:binning:compressor <char*> = "pressio"
/pressio/roibin/background:binning:metric <char*> = "noop"
/pressio/roibin/background:binning:nthreads <uint32> = 3
/pressio/roibin/background:binning:shape <data> = data{ type=double dims={3, } has_data=[2, 2, 1, ]}
/pressio/roibin/background:metrics:copy_compressor_results <int32> = 1
/pressio/roibin/background:metrics:errors_fatal <int32> = 1
/pressio/roibin/background:pressio:metric <char*> = "noop"
/pressio/roibin/background:pressio:nthreads <uint32> = 3
/pressio/roibin/roi:fpzip:has_header <int32> = 0
/pressio/roibin/roi:fpzip:metric <char*> = "noop"
/pressio/roibin/roi:fpzip:prec <int32> = 0
/pressio/roibin/roi:metrics:copy_compressor_results <int32> = 1
/pressio/roibin/roi:metrics:errors_fatal <int32> = 1
/pressio/roibin/roi:pressio:metric <char*> = "noop"
/pressio/roibin:metrics:copy_compressor_results <int32> = 1
/pressio/roibin:metrics:errors_fatal <int32> = 1
/pressio/roibin:pressio:metric <char*> = "noop"
/pressio/roibin:pressio:nthreads <uint32> = 3
/pressio/roibin:roibin:background <char*> = "binning"
/pressio/roibin:roibin:centers <data> = data{ type=uint64_t dims={} has_data=false}
/pressio/roibin:roibin:metric <char*> = "noop"
/pressio/roibin:roibin:nthreads <uint32> = 3
/pressio/roibin:roibin:roi <char*> = "fpzip"
/pressio/roibin:roibin:roi_size <data> = data{ type=double dims={3, } has_data=[8, 8, 0, ]}
/pressio/roibin:roibin:roi_strategy <char*> = "coordinates"
/pressio:metrics:copy_compressor_results <int32> = 1
/pressio:metrics:errors_fatal <int32> = 1
/pressio:pressio:bound_name <char*> = <empty>
/pressio:pressio:compressor <char*> = "roibin"
/pressio:pressio:metric <char*> = "noop"
/pressio:pressio:reset_mode <bool> = <empty>

time=2.27587 0/2 global data_dims{130, 1480, 1552}
time=2.27588 0/2 global peakx_dims{130, 2048}
time=2.27588 0/2 global peaky_dims{130, 2048}
time=2.27588 0/2 global npeaks{130}
time=2.27589 0/2 processing 0 2
time=9.28234 0/2 processing 2 4
time=15.1506 0/2 processing 4 6
time=22.3994 0/2 processing 6 8
time=27.438 0/2 processing 8 10
time=33.1987 0/2 processing 10 12
time=39.6945 0/2 processing 12 14
time=46.2467 0/2 processing 14 16
time=51.3803 0/2 processing 16 18
time=57.6107 0/2 processing 18 20
time=62.7077 0/2 processing 20 22
time=68.3706 0/2 processing 22 24
time=75.7503 0/2 processing 24 26
time=81.8121 0/2 processing 26 28
time=87.3878 0/2 processing 28 30
time=93.4668 0/2 processing 30 32
time=99.8826 0/2 processing 32 34
time=104.709 0/2 processing 34 36
time=110.279 0/2 processing 36 38
time=116.755 0/2 processing 38 40
time=122.823 0/2 processing 40 42
time=131.538 0/2 processing 42 44
time=138.394 0/2 processing 44 46
time=145.803 0/2 processing 46 48
time=152.265 0/2 processing 48 50
time=157.951 0/2 processing 50 52
time=163.88 0/2 processing 52 54
time=169.734 0/2 processing 54 56
time=179.69 0/2 processing 56 58
time=189.782 0/2 processing 58 60
time=198.787 0/2 processing 60 62
time=205.536 0/2 processing 62 64
time=213.45 0/2 processing 64 66
time=220.243 0/2 processing 66 68
time=226.587 0/2 processing 68 70
time=233.216 0/2 processing 70 72
time=240.992 0/2 processing 72 74
time=246.895 0/2 processing 74 76
time=255.127 0/2 processing 76 78
time=260.494 0/2 processing 78 80
time=266.3 0/2 processing 80 82
time=271.891 0/2 processing 82 84
time=277.608 0/2 processing 84 86
time=283.615 0/2 processing 86 88
time=289.314 0/2 processing 88 90
