time=0.87214 0/4 /pressio/roibin/background/pressio/zfp:metrics:copy_compressor_results <int32> = 1
/pressio/roibin/background/pressio/zfp:metrics:errors_fatal <int32> = 1
/pressio/roibin/background/pressio/zfp:pressio:abs <double> = <empty>
/pressio/roibin/background/pressio/zfp:pressio:lossless <int32> = <empty>
/pressio/roibin/background/pressio/zfp:pressio:metric <char*> = "noop"
/pressio/roibin/background/pressio/zfp:pressio:nthreads <uint32> = 0
/pressio/roibin/background/pressio/zfp:zfp:accuracy <double> = <empty>
/pressio/roibin/background/pressio/zfp:zfp:dims <uint32> = <empty>
/pressio/roibin/background/pressio/zfp:zfp:execution <int32> = 0
/pressio/roibin/background/pressio/zfp:zfp:execution_name <char*> = <empty>
/pressio/roibin/background/pressio/zfp:zfp:maxbits <uint32> = 16658
/pressio/roibin/background/pressio/zfp:zfp:maxprec <uint32> = 64
/pressio/roibin/background/pressio/zfp:zfp:metric <char*> = "noop"
/pressio/roibin/background/pressio/zfp:zfp:minbits <uint32> = 1
/pressio/roibin/background/pressio/zfp:zfp:minexp <int32> = -10
/pressio/roibin/background/pressio/zfp:zfp:mode <uint32> = <empty>
/pressio/roibin/background/pressio/zfp:zfp:omp_chunk_size <uint32> = 0
/pressio/roibin/background/pressio/zfp:zfp:omp_threads <uint32> = 0
/pressio/roibin/background/pressio/zfp:zfp:precision <uint32> = <empty>
/pressio/roibin/background/pressio/zfp:zfp:rate <double> = 30
/pressio/roibin/background/pressio/zfp:zfp:reversible <uint32> = <empty>
/pressio/roibin/background/pressio/zfp:zfp:type <uint32> = <empty>
/pressio/roibin/background/pressio/zfp:zfp:wra <int32> = <empty>
/pressio/roibin/background/pressio:metrics:copy_compressor_results <int32> = 1
/pressio/roibin/background/pressio:metrics:errors_fatal <int32> = 1
/pressio/roibin/background/pressio:pressio:abs <double> = <empty>
/pressio/roibin/background/pressio:pressio:bound_name <char*> = <empty>
/pressio/roibin/background/pressio:pressio:compressor <char*> = "zfp"
/pressio/roibin/background/pressio:pressio:metric <char*> = "noop"
/pressio/roibin/background/pressio:pressio:rel <double> = <empty>
/pressio/roibin/background/pressio:pressio:reset_mode <bool> = <empty>
/pressio/roibin/background:binning:compressor <char*> = "pressio"
/pressio/roibin/background:binning:metric <char*> = "noop"
/pressio/roibin/background:binning:nthreads <uint32> = 4
/pressio/roibin/background:binning:shape <data> = data{ type=double dims={3, } has_data=[2, 2, 1, ]}
/pressio/roibin/background:metrics:copy_compressor_results <int32> = 1
/pressio/roibin/background:metrics:errors_fatal <int32> = 1
/pressio/roibin/background:pressio:metric <char*> = "noop"
/pressio/roibin/background:pressio:nthreads <uint32> = 4
/pressio/roibin/roi:fpzip:has_header <int32> = 0
/pressio/roibin/roi:fpzip:metric <char*> = "noop"
/pressio/roibin/roi:fpzip:prec <int32> = 0
/pressio/roibin/roi:metrics:copy_compressor_results <int32> = 1
/pressio/roibin/roi:metrics:errors_fatal <int32> = 1
/pressio/roibin/roi:pressio:metric <char*> = "noop"
/pressio/roibin:metrics:copy_compressor_results <int32> = 1
/pressio/roibin:metrics:errors_fatal <int32> = 1
/pressio/roibin:pressio:metric <char*> = "noop"
/pressio/roibin:pressio:nthreads <uint32> = 4
/pressio/roibin:roibin:background <char*> = "binning"
/pressio/roibin:roibin:centers <data> = data{ type=uint64_t dims={} has_data=false}
/pressio/roibin:roibin:metric <char*> = "noop"
/pressio/roibin:roibin:nthreads <uint32> = 4
/pressio/roibin:roibin:roi <char*> = "fpzip"
/pressio/roibin:roibin:roi_size <data> = data{ type=double dims={3, } has_data=[8, 8, 0, ]}
/pressio/roibin:roibin:roi_strategy <char*> = "coordinates"
/pressio:metrics:copy_compressor_results <int32> = 1
/pressio:metrics:errors_fatal <int32> = 1
/pressio:pressio:bound_name <char*> = <empty>
/pressio:pressio:compressor <char*> = "roibin"
/pressio:pressio:metric <char*> = "noop"
/pressio:pressio:reset_mode <bool> = <empty>

time=0.872213 0/4 global data_dims{130, 1480, 1552}
time=0.872218 0/4 global peakx_dims{130, 2048}
time=0.872222 0/4 global peaky_dims{130, 2048}
time=0.872225 0/4 global npeaks{130}
time=0.872232 0/4 processing 0 4
time=1.60356 0/4 processing 4 8
time=2.14712 0/4 processing 8 12
time=3.8779 0/4 processing 12 16
time=5.14356 0/4 processing 16 20
time=7.39956 0/4 processing 20 24
time=9.96355 0/4 processing 24 28
time=12.0899 0/4 processing 28 32
time=14.0971 0/4 processing 32 36
time=16.2076 0/4 processing 36 40
time=18.9756 0/4 processing 40 44
time=21.5236 0/4 processing 44 48
time=22.838 0/4 processing 48 52
time=24.5116 0/4 processing 52 56
time=27.2356 0/4 processing 56 60
time=29.1323 0/4 processing 60 64
time=32.0716 0/4 processing 64 68
time=34.0196 0/4 processing 68 72
time=36.0836 0/4 processing 72 76
time=38.8714 0/4 processing 76 80
time=39.9087 0/4 processing 80 84
time=40.6276 0/4 processing 84 88
time=41.6959 0/4 processing 88 92
time=42.4219 0/4 processing 92 96
time=43.8636 0/4 processing 96 100
time=45.3642 0/4 processing 100 104
time=46.0863 0/4 processing 104 108
time=47.4627 0/4 processing 108 112
time=48.6859 0/4 processing 112 116
time=49.7316 0/4 processing 116 120
time=50.2752 0/4 processing 120 124
time=51.1156 0/4 processing 124 128
time=52.7716 0/4 processing 128 132
global_cr=4.13216
wallclock_ms=52779
compress_ms=1967
compress_bandwidth_GBps=0.616571
wallclock_bandwidth_GBps=0.0229787
