time=1.09327 0/2 /pressio/roibin/background/pressio/qoz:metrics:copy_compressor_results <int32> = 1
/pressio/roibin/background/pressio/qoz:metrics:errors_fatal <int32> = 1
/pressio/roibin/background/pressio/qoz:pressio:abs <double> = 90
/pressio/roibin/background/pressio/qoz:pressio:metric <char*> = "noop"
/pressio/roibin/background/pressio/qoz:pressio:rel <double> = <empty>
/pressio/roibin/background/pressio/qoz:qoz:abs_error_bound <double> = 90
/pressio/roibin/background/pressio/qoz:qoz:algorithm <uint8> = 1
/pressio/roibin/background/pressio/qoz:qoz:algorithm_str <char*> = <empty>
/pressio/roibin/background/pressio/qoz:qoz:encoder <uint8> = 1
/pressio/roibin/background/pressio/qoz:qoz:error_bound_mode <uint8> = 0
/pressio/roibin/background/pressio/qoz:qoz:error_bound_mode_str <char*> = <empty>
/pressio/roibin/background/pressio/qoz:qoz:interp_algo <uint8> = 1
/pressio/roibin/background/pressio/qoz:qoz:interp_block_size <int32> = 32
/pressio/roibin/background/pressio/qoz:qoz:interp_direction <uint8> = 0
/pressio/roibin/background/pressio/qoz:qoz:intrep_algo_str <char*> = <empty>
/pressio/roibin/background/pressio/qoz:qoz:l2_norm_error_bound <double> = 0
/pressio/roibin/background/pressio/qoz:qoz:lorenzo <bool> = true
/pressio/roibin/background/pressio/qoz:qoz:lorenzo2 <bool> = false
/pressio/roibin/background/pressio/qoz:qoz:lossless <uint8> = 1
/pressio/roibin/background/pressio/qoz:qoz:maxstep <uint64> = 8
/pressio/roibin/background/pressio/qoz:qoz:metric <char*> = "noop"
/pressio/roibin/background/pressio/qoz:qoz:openmp <bool> = false
/pressio/roibin/background/pressio/qoz:qoz:pred_dim <int32> = 0
/pressio/roibin/background/pressio/qoz:qoz:psnr_error_bound <double> = 0
/pressio/roibin/background/pressio/qoz:qoz:quant_bin_size <int32> = 65536
/pressio/roibin/background/pressio/qoz:qoz:regression <bool> = true
/pressio/roibin/background/pressio/qoz:qoz:regression2 <bool> = false
/pressio/roibin/background/pressio/qoz:qoz:rel_error_bound <double> = -1
/pressio/roibin/background/pressio/qoz:qoz:stride <int32> = 6
/pressio/roibin/background/pressio/qoz:qoz:test_lorenzo <int32> = 0
/pressio/roibin/background/pressio/qoz:qoz:turning_target <uint8> = 0
/pressio/roibin/background/pressio/qoz:qoz:turning_target_str <char*> = <empty>
/pressio/roibin/background/pressio/qoz:qoz:use_qoz <bool> = true
/pressio/roibin/background/pressio:metrics:copy_compressor_results <int32> = 1
/pressio/roibin/background/pressio:metrics:errors_fatal <int32> = 1
/pressio/roibin/background/pressio:pressio:abs <double> = 90
/pressio/roibin/background/pressio:pressio:bound_name <char*> = <empty>
/pressio/roibin/background/pressio:pressio:compressor <char*> = "qoz"
/pressio/roibin/background/pressio:pressio:metric <char*> = "noop"
/pressio/roibin/background/pressio:pressio:rel <double> = <empty>
/pressio/roibin/background/pressio:pressio:reset_mode <bool> = <empty>
/pressio/roibin/background:binning:compressor <char*> = "pressio"
/pressio/roibin/background:binning:metric <char*> = "noop"
/pressio/roibin/background:binning:nthreads <uint32> = 4
/pressio/roibin/background:binning:shape <data> = data{ type=double dims={3, } has_data=[2, 2, 1, ]}
/pressio/roibin/background:metrics:copy_compressor_results <int32> = 1
/pressio/roibin/background:metrics:errors_fatal <int32> = 1
/pressio/roibin/background:pressio:metric <char*> = "noop"
/pressio/roibin/background:pressio:nthreads <uint32> = 4
/pressio/roibin/roi:fpzip:has_header <int32> = 0
/pressio/roibin/roi:fpzip:metric <char*> = "noop"
/pressio/roibin/roi:fpzip:prec <int32> = 0
/pressio/roibin/roi:metrics:copy_compressor_results <int32> = 1
/pressio/roibin/roi:metrics:errors_fatal <int32> = 1
/pressio/roibin/roi:pressio:metric <char*> = "noop"
/pressio/roibin:metrics:copy_compressor_results <int32> = 1
/pressio/roibin:metrics:errors_fatal <int32> = 1
/pressio/roibin:pressio:metric <char*> = "noop"
/pressio/roibin:pressio:nthreads <uint32> = 2
/pressio/roibin:roibin:background <char*> = "binning"
/pressio/roibin:roibin:centers <data> = data{ type=uint64_t dims={} has_data=false}
/pressio/roibin:roibin:metric <char*> = "noop"
/pressio/roibin:roibin:nthreads <uint32> = 2
/pressio/roibin:roibin:roi <char*> = "fpzip"
/pressio/roibin:roibin:roi_size <data> = data{ type=double dims={3, } has_data=[8, 8, 0, ]}
/pressio/roibin:roibin:roi_strategy <char*> = "coordinates"
/pressio:metrics:copy_compressor_results <int32> = 1
/pressio:metrics:errors_fatal <int32> = 1
/pressio:pressio:bound_name <char*> = <empty>
/pressio:pressio:compressor <char*> = "roibin"
/pressio:pressio:metric <char*> = "noop"
/pressio:pressio:reset_mode <bool> = <empty>

time=1.09334 0/2 global data_dims{130, 1480, 1552}
time=1.09334 0/2 global peakx_dims{130, 2048}
time=1.09335 0/2 global peaky_dims{130, 2048}
time=1.09335 0/2 global npeaks{130}
time=1.09336 0/2 processing 0 2
time=3.52747 0/2 processing 2 4
time=7.35519 0/2 processing 4 6
time=9.71949 0/2 processing 6 8
time=12.0076 0/2 processing 8 10
time=15.9722 0/2 processing 10 12
time=18.0322 0/2 processing 12 14
time=20.484 0/2 processing 14 16
time=24.1678 0/2 processing 16 18
time=28.1277 0/2 processing 18 20
time=31.8108 0/2 processing 20 22
time=35.855 0/2 processing 22 24
time=40.5594 0/2 processing 24 26
time=44.3154 0/2 processing 26 28
time=48.0318 0/2 processing 28 30
time=51.8403 0/2 processing 30 32
time=56.1957 0/2 processing 32 34
time=59.9836 0/2 processing 34 36
time=63.4917 0/2 processing 36 38
time=67.6406 0/2 processing 38 40
time=71.0749 0/2 processing 40 42
time=75.1906 0/2 processing 42 44
time=80.2438 0/2 processing 44 46
time=84.9951 0/2 processing 46 48
time=90.012 0/2 processing 48 50
time=94.1279 0/2 processing 50 52
time=98.3159 0/2 processing 52 54
time=102.479 0/2 processing 54 56
time=106.644 0/2 processing 56 58
time=110.915 0/2 processing 58 60
time=115.332 0/2 processing 60 62
time=118.268 0/2 processing 62 64
time=122.327 0/2 processing 64 66
time=125.952 0/2 processing 66 68
time=130.308 0/2 processing 68 70
time=134.723 0/2 processing 70 72
time=139.235 0/2 processing 72 74
time=142.512 0/2 processing 74 76
time=146.291 0/2 processing 76 78
time=149.73 0/2 processing 78 80
time=154.679 0/2 processing 80 82
time=159.684 0/2 processing 82 84
time=164.401 0/2 processing 84 86
time=167.999 0/2 processing 86 88
time=171.923 0/2 processing 88 90
time=175.762 0/2 processing 90 92
time=179.421 0/2 processing 92 94
time=183.408 0/2 processing 94 96
time=187.677 0/2 processing 96 98
time=192.288 0/2 processing 98 100
time=196.079 0/2 processing 100 102
time=200.228 0/2 processing 102 104
time=203.924 0/2 processing 104 106
time=208.295 0/2 processing 106 108
time=212.795 0/2 processing 108 110
time=216.864 0/2 processing 110 112
time=219.648 0/2 processing 112 114
time=225.568 0/2 processing 114 116
time=229.704 0/2 processing 116 118
time=234.224 0/2 processing 118 120
time=238.632 0/2 processing 120 122
time=242.352 0/2 processing 122 124
time=246.619 0/2 processing 124 126
time=251 0/2 processing 126 128
time=255.287 0/2 processing 128 130
global_cr=46.8483
wallclock_ms=257805
compress_ms=26435
compress_bandwidth_GBps=0.0451832
wallclock_bandwidth_GBps=0.00463303
