“RANK= 24 LOCAL_RANK= 0 gpu= 3”
“RANK= 25 LOCAL_RANK= 1 gpu= 2”
“RANK= 88 LOCAL_RANK= 0 gpu= 3”
“RANK= 89 LOCAL_RANK= 1 gpu= 2”
“RANK= 90 LOCAL_RANK= 2 gpu= 1”
“RANK= 26 LOCAL_RANK= 2 gpu= 1”
“RANK= 27 LOCAL_RANK= 3 gpu= 0”
“RANK= 91 LOCAL_RANK= 3 gpu= 0”
“RANK= 244 LOCAL_RANK= 0 gpu= 3”
“RANK= 245 LOCAL_RANK= 1 gpu= 2”
“RANK= 232 LOCAL_RANK= 0 gpu= 3”
“RANK= 246 LOCAL_RANK= 2 gpu= 1”
“RANK= 247 LOCAL_RANK= 3 gpu= 0”
“RANK= 234 LOCAL_RANK= 2 gpu= 1”
“RANK= 233 LOCAL_RANK= 1 gpu= 2”
“RANK= 235 LOCAL_RANK= 3 gpu= 0”
“RANK= 69 LOCAL_RANK= 1 gpu= 2”
“RANK= 12 LOCAL_RANK= 0 gpu= 3”
“RANK= 13 LOCAL_RANK= 1 gpu= 2”
“RANK= 238 LOCAL_RANK= 2 gpu= 1”
“RANK= 68 LOCAL_RANK= 0 gpu= 3”
“RANK= 236 LOCAL_RANK= 0 gpu= 3”
“RANK= 14 LOCAL_RANK= 2 gpu= 1”
“RANK= 237 LOCAL_RANK= 1 gpu= 2”
“RANK= 15 LOCAL_RANK= 3 gpu= 0”
“RANK= 71 LOCAL_RANK= 3 gpu= 0”
“RANK= 70 LOCAL_RANK= 2 gpu= 1”
“RANK= 239 LOCAL_RANK= 3 gpu= 0”
“RANK= 52 LOCAL_RANK= 0 gpu= 3”
“RANK= 55 LOCAL_RANK= 3 gpu= 0”
“RANK= 53 LOCAL_RANK= 1 gpu= 2”
“RANK= 101 LOCAL_RANK= 1 gpu= 2”
“RANK= 102 LOCAL_RANK= 2 gpu= 1”
“RANK= 176 LOCAL_RANK= 0 gpu= 3”
+ '[' -z '' ']'
+ case "$-" in
+ '[' -z '' ']'
+ case "$-" in
Shell debugging temporarily silenced: export LMOD_SH_DBG_ON=1 for this output (/usr/share/lmod/lmod/init/bash)
“RANK= 36 LOCAL_RANK= 0 gpu= 3”
“RANK= 54 LOCAL_RANK= 2 gpu= 1”
Shell debugging temporarily silenced: export LMOD_SH_DBG_ON=1 for this output (/usr/share/lmod/lmod/init/bash)
+ __lmod_vx=x
+ '[' -n x ']'
+ set +x
+ '[' -z '' ']'
+ case "$-" in
+ __lmod_vx=x
“RANK= 39 LOCAL_RANK= 3 gpu= 0”
+ __lmod_vx=x
+ '[' -n x ']'
+ set +x
“RANK= 103 LOCAL_RANK= 3 gpu= 0”
“RANK= 121 LOCAL_RANK= 1 gpu= 2”
“RANK= 178 LOCAL_RANK= 2 gpu= 1”
Shell debugging restarted
+ unset __lmod_vx
Shell debugging temporarily silenced: export LMOD_SH_DBG_ON=1 for this output (/usr/share/lmod/lmod/init/bash)
“RANK= 37 LOCAL_RANK= 1 gpu= 2”
Shell debugging restarted
“RANK= 109 LOCAL_RANK= 1 gpu= 2”
“RANK= 122 LOCAL_RANK= 2 gpu= 1”
+ '[' -n x ']'
+ set +x
“RANK= 38 LOCAL_RANK= 2 gpu= 1”
+ unset __lmod_vx
“RANK= 100 LOCAL_RANK= 0 gpu= 3”
“RANK= 111 LOCAL_RANK= 3 gpu= 0”
“RANK= 120 LOCAL_RANK= 0 gpu= 3”
+ '[' -z '' ']'
+ case "$-" in
+ '[' -z '' ']'
+ case "$-" in
+ __lmod_vx=x
+ '[' -z '' ']'
+ case "$-" in
“RANK= 123 LOCAL_RANK= 3 gpu= 0”
“RANK= 168 LOCAL_RANK= 0 gpu= 3”
“RANK= 179 LOCAL_RANK= 3 gpu= 0”
Shell debugging temporarily silenced: export LMOD_SH_DBG_ON=1 for this output (/usr/share/lmod/lmod/init/bash)
+ speed3d_r2c cufft float-long 1400 1400 1400 -reorder -p2p_pl -slabs -r2c_dir 2 -ingrid 256 1 1 -outgrid 256 1 1 -no-gpu-aware -n5
Shell debugging restarted
+ unset __lmod_vx
+ __lmod_vx=x
+ '[' -n x ']'
+ set +x
“RANK= 108 LOCAL_RANK= 0 gpu= 3”
“RANK= 141 LOCAL_RANK= 1 gpu= 2”
“RANK= 171 LOCAL_RANK= 3 gpu= 0”
+ __lmod_vx=x
+ '[' -n x ']'
+ set +x
+ '[' -z '' ']'
+ case "$-" in
+ '[' -z '' ']'
Shell debugging temporarily silenced: export LMOD_SH_DBG_ON=1 for this output (/usr/share/lmod/lmod/init/bash)
Shell debugging temporarily silenced: export LMOD_SH_DBG_ON=1 for this output (/usr/share/lmod/lmod/init/bash)
“RANK= 110 LOCAL_RANK= 2 gpu= 1”
“RANK= 169 LOCAL_RANK= 1 gpu= 2”
“RANK= 177 LOCAL_RANK= 1 gpu= 2”
Shell debugging restarted
+ '[' -z '' ']'
Shell debugging temporarily silenced: export LMOD_SH_DBG_ON=1 for this output (/usr/share/lmod/lmod/init/bash)
+ '[' -n x ']'
+ set +x
“RANK= 56 LOCAL_RANK= 0 gpu= 3”
“RANK= 60 LOCAL_RANK= 0 gpu= 3”
+ '[' -z '' ']'
+ case "$-" in
+ __lmod_vx=x
“RANK= 135 LOCAL_RANK= 3 gpu= 0”
“RANK= 140 LOCAL_RANK= 0 gpu= 3”
+ unset __lmod_vx
+ '[' -z '' ']'
+ case "$-" in
+ __lmod_vx=x
Shell debugging temporarily silenced: export LMOD_SH_DBG_ON=1 for this output (/usr/share/lmod/lmod/init/bash)
+ case "$-" in
+ __lmod_vx=x
+ '[' -n x ']'
+ set +x
+ '[' -z '' ']'
+ case "$-" in
+ __lmod_vx=x
+ '[' -n x ']'
+ set +x
“RANK= 63 LOCAL_RANK= 3 gpu= 0”
“RANK= 64 LOCAL_RANK= 0 gpu= 3”
+ '[' -z '' ']'
+ case "$-" in
+ __lmod_vx=x
“RANK= 82 LOCAL_RANK= 2 gpu= 1”
Shell debugging temporarily silenced: export LMOD_SH_DBG_ON=1 for this output (/usr/share/lmod/lmod/init/bash)
“RANK= 142 LOCAL_RANK= 2 gpu= 1”
“RANK= 170 LOCAL_RANK= 2 gpu= 1”
+ '[' -z '' ']'
+ case "$-" in
Shell debugging temporarily silenced: export LMOD_SH_DBG_ON=1 for this output (/usr/share/lmod/lmod/init/bash)
+ __lmod_vx=x
+ '[' -n x ']'
+ set +x
Shell debugging restarted
Shell debugging temporarily silenced: export LMOD_SH_DBG_ON=1 for this output (/usr/share/lmod/lmod/init/bash)
“RANK= 61 LOCAL_RANK= 1 gpu= 2”
“RANK= 65 LOCAL_RANK= 1 gpu= 2”
Shell debugging temporarily silenced: export LMOD_SH_DBG_ON=1 for this output (/usr/share/lmod/lmod/init/bash)
+ '[' -n x ']'
+ set +x
“RANK= 143 LOCAL_RANK= 3 gpu= 0”
“RANK= 145 LOCAL_RANK= 1 gpu= 2”
Shell debugging temporarily silenced: export LMOD_SH_DBG_ON=1 for this output (/usr/share/lmod/lmod/init/bash)
+ '[' -n x ']'
+ set +x
Shell debugging temporarily silenced: export LMOD_SH_DBG_ON=1 for this output (/usr/share/lmod/lmod/init/bash)
+ unset __lmod_vx
+ '[' -z '' ']'
+ case "$-" in
+ __lmod_vx=x
+ '[' -z '' ']'
+ case "$-" in
+ __lmod_vx=x
“RANK= 62 LOCAL_RANK= 2 gpu= 1”
“RANK= 66 LOCAL_RANK= 2 gpu= 1”
+ '[' -n x ']'
+ set +x
“RANK= 74 LOCAL_RANK= 2 gpu= 1”
Shell debugging restarted
+ unset __lmod_vx
“RANK= 144 LOCAL_RANK= 0 gpu= 3”
“RANK= 174 LOCAL_RANK= 2 gpu= 1”
+ __lmod_vx=x
+ '[' -n x ']'
+ set +x
Shell debugging restarted
+ unset __lmod_vx
+ case "$-" in
+ __lmod_vx=x
+ '[' -n x ']'
+ set +x
+ '[' -z '' ']'
+ case "$-" in
Shell debugging restarted
+ unset __lmod_vx
Shell debugging temporarily silenced: export LMOD_SH_DBG_ON=1 for this output (/usr/share/lmod/lmod/init/bash)
“RANK= 59 LOCAL_RANK= 3 gpu= 0”
“RANK= 67 LOCAL_RANK= 3 gpu= 0”
+ '[' -z '' ']'
+ case "$-" in
+ __lmod_vx=x
+ '[' -n x ']'
+ set +x
“RANK= 80 LOCAL_RANK= 0 gpu= 3”
Shell debugging restarted
+ unset __lmod_vx
“RANK= 134 LOCAL_RANK= 2 gpu= 1”
“RANK= 146 LOCAL_RANK= 2 gpu= 1”
“RANK= 175 LOCAL_RANK= 3 gpu= 0”
+ '[' -z '' ']'
+ case "$-" in
“RANK= 215 LOCAL_RANK= 3 gpu= 0”
“RANK= 229 LOCAL_RANK= 1 gpu= 2”
Shell debugging temporarily silenced: export LMOD_SH_DBG_ON=1 for this output (/usr/share/lmod/lmod/init/bash)
+ '[' -z '' ']'
+ case "$-" in
+ '[' -z '' ']'
+ case "$-" in
+ __lmod_vx=x
+ '[' -z '' ']'
+ case "$-" in
+ __lmod_vx=x
Shell debugging temporarily silenced: export LMOD_SH_DBG_ON=1 for this output (/usr/share/lmod/lmod/init/bash)
+ '[' -n x ']'
+ set +x
“RANK= 58 LOCAL_RANK= 2 gpu= 1”
+ '[' -z '' ']'
+ case "$-" in
+ __lmod_vx=x
“RANK= 81 LOCAL_RANK= 1 gpu= 2”
Shell debugging temporarily silenced: export LMOD_SH_DBG_ON=1 for this output (/usr/share/lmod/lmod/init/bash)
+ '[' -z '' ']'
+ case "$-" in
+ __lmod_vx=x
“RANK= 107 LOCAL_RANK= 3 gpu= 0”
+ '[' -z '' ']'
+ case "$-" in
+ __lmod_vx=x
“RANK= 147 LOCAL_RANK= 3 gpu= 0”
“RANK= 159 LOCAL_RANK= 3 gpu= 0”
“RANK= 173 LOCAL_RANK= 1 gpu= 2”
Shell debugging temporarily silenced: export LMOD_SH_DBG_ON=1 for this output (/usr/share/lmod/lmod/init/bash)
“RANK= 192 LOCAL_RANK= 0 gpu= 3”
“RANK= 230 LOCAL_RANK= 2 gpu= 1”
+ '[' -z '' ']'
+ case "$-" in
+ __lmod_vx=x
+ '[' -n x ']'
+ set +x
Shell debugging temporarily silenced: export LMOD_SH_DBG_ON=1 for this output (/usr/share/lmod/lmod/init/bash)
+ '[' -n x ']'
+ set +x
Shell debugging temporarily silenced: export LMOD_SH_DBG_ON=1 for this output (/usr/share/lmod/lmod/init/bash)
+ '[' -n x ']'
+ set +x
+ '[' -z '' ']'
+ case "$-" in
+ __lmod_vx=x
Shell debugging restarted
+ unset __lmod_vx
“RANK= 57 LOCAL_RANK= 1 gpu= 2”
Shell debugging temporarily silenced: export LMOD_SH_DBG_ON=1 for this output (/usr/share/lmod/lmod/init/bash)
“RANK= 73 LOCAL_RANK= 1 gpu= 2”
“RANK= 83 LOCAL_RANK= 3 gpu= 0”
+ '[' -z '' ']'
+ case "$-" in
+ __lmod_vx=x
+ '[' -n x ']'
+ set +x
Shell debugging temporarily silenced: export LMOD_SH_DBG_ON=1 for this output (/usr/share/lmod/lmod/init/bash)
“RANK= 104 LOCAL_RANK= 0 gpu= 3”
Shell debugging temporarily silenced: export LMOD_SH_DBG_ON=1 for this output (/usr/share/lmod/lmod/init/bash)
“RANK= 132 LOCAL_RANK= 0 gpu= 3”
“RANK= 157 LOCAL_RANK= 1 gpu= 2”
“RANK= 172 LOCAL_RANK= 0 gpu= 3”
+ __lmod_vx=x
+ '[' -n x ']'
+ set +x
“RANK= 190 LOCAL_RANK= 2 gpu= 1”
“RANK= 195 LOCAL_RANK= 3 gpu= 0”
“RANK= 212 LOCAL_RANK= 0 gpu= 3”
“RANK= 219 LOCAL_RANK= 3 gpu= 0”
“RANK= 228 LOCAL_RANK= 0 gpu= 3”
Shell debugging restarted
+ __lmod_vx=x
+ '[' -n x ']'
+ set +x
“RANK= 241 LOCAL_RANK= 1 gpu= 2”
Shell debugging temporarily silenced: export LMOD_SH_DBG_ON=1 for this output (/usr/share/lmod/lmod/init/bash)
+ __lmod_vx=x
+ '[' -n x ']'
+ set +x
Shell debugging restarted
+ unset __lmod_vx
Shell debugging temporarily silenced: export LMOD_SH_DBG_ON=1 for this output (/usr/share/lmod/lmod/init/bash)
+ '[' -z '' ']'
+ case "$-" in
+ __lmod_vx=x
Shell debugging temporarily silenced: export LMOD_SH_DBG_ON=1 for this output (/usr/share/lmod/lmod/init/bash)
“RANK= 75 LOCAL_RANK= 3 gpu= 0”
+ speed3d_r2c cufft float-long 1400 1400 1400 -reorder -p2p_pl -slabs -r2c_dir 2 -ingrid 256 1 1 -outgrid 256 1 1 -no-gpu-aware -n5
+ '[' -n x ']'
+ set +x
“RANK= 105 LOCAL_RANK= 1 gpu= 2”
+ '[' -z '' ']'
+ case "$-" in
+ __lmod_vx=x
+ '[' -n x ']'
+ set +x
“RANK= 133 LOCAL_RANK= 1 gpu= 2”
“RANK= 158 LOCAL_RANK= 2 gpu= 1”
+ '[' -z '' ']'
+ case "$-" in
+ __lmod_vx=x
Shell debugging restarted
“RANK= 189 LOCAL_RANK= 1 gpu= 2”
“RANK= 194 LOCAL_RANK= 2 gpu= 1”
“RANK= 231 LOCAL_RANK= 3 gpu= 0”
+ unset __lmod_vx
Shell debugging temporarily silenced: export LMOD_SH_DBG_ON=1 for this output (/usr/share/lmod/lmod/init/bash)
“RANK= 243 LOCAL_RANK= 3 gpu= 0”
Shell debugging restarted
+ unset __lmod_vx
“RANK= 10 LOCAL_RANK= 2 gpu= 1”
Shell debugging temporarily silenced: export LMOD_SH_DBG_ON=1 for this output (/usr/share/lmod/lmod/init/bash)
Shell debugging restarted
+ unset __lmod_vx
+ '[' -n x ']'
+ set +x
Shell debugging temporarily silenced: export LMOD_SH_DBG_ON=1 for this output (/usr/share/lmod/lmod/init/bash)
+ '[' -z '' ']'
+ case "$-" in
+ '[' -n x ']'
+ set +x
“RANK= 72 LOCAL_RANK= 0 gpu= 3”
+ speed3d_r2c cufft float-long 1400 1400 1400 -reorder -p2p_pl -slabs -r2c_dir 2 -ingrid 256 1 1 -outgrid 256 1 1 -no-gpu-aware -n5
“RANK= 96 LOCAL_RANK= 0 gpu= 3”
Shell debugging restarted
+ unset __lmod_vx
“RANK= 106 LOCAL_RANK= 2 gpu= 1”
Shell debugging temporarily silenced: export LMOD_SH_DBG_ON=1 for this output (/usr/share/lmod/lmod/init/bash)
Shell debugging restarted
+ unset __lmod_vx
“RANK= 156 LOCAL_RANK= 0 gpu= 3”
Shell debugging temporarily silenced: export LMOD_SH_DBG_ON=1 for this output (/usr/share/lmod/lmod/init/bash)
+ unset __lmod_vx
“RANK= 193 LOCAL_RANK= 1 gpu= 2”
“RANK= 203 LOCAL_RANK= 3 gpu= 0”
“RANK= 213 LOCAL_RANK= 1 gpu= 2”
+ '[' -z '' ']'
+ case "$-" in
+ __lmod_vx=x
Shell debugging restarted
+ unset __lmod_vx
+ '[' -z '' ']'
+ case "$-" in
+ __lmod_vx=x
+ '[' -n x ']'
+ set +x
“RANK= 242 LOCAL_RANK= 2 gpu= 1”
Shell debugging restarted
+ unset __lmod_vx
+ '[' -n x ']'
+ set +x
+ speed3d_r2c cufft float-long 1400 1400 1400 -reorder -p2p_pl -slabs -r2c_dir 2 -ingrid 256 1 1 -outgrid 256 1 1 -no-gpu-aware -n5
+ '[' -z '' ']'
+ case "$-" in
+ __lmod_vx=x
+ '[' -n x ']'
+ set +x
Shell debugging temporarily silenced: export LMOD_SH_DBG_ON=1 for this output (/usr/share/lmod/lmod/init/bash)
+ '[' -z '' ']'
+ case "$-" in
+ __lmod_vx=x
Shell debugging restarted
+ unset __lmod_vx
Shell debugging restarted
+ unset __lmod_vx
“RANK= 93 LOCAL_RANK= 1 gpu= 2”
“RANK= 99 LOCAL_RANK= 3 gpu= 0”
+ '[' -z '' ']'
+ case "$-" in
+ __lmod_vx=x
+ '[' -n x ']'
+ set +x
+ '[' -n x ']'
+ set +x
+ '[' -z '' ']'
+ case "$-" in
“RANK= 128 LOCAL_RANK= 0 gpu= 3”
+ '[' -z '' ']'
+ case "$-" in
+ __lmod_vx=x
+ '[' -n x ']'
+ set +x
+ speed3d_r2c cufft float-long 1400 1400 1400 -reorder -p2p_pl -slabs -r2c_dir 2 -ingrid 256 1 1 -outgrid 256 1 1 -no-gpu-aware -n5
“RANK= 200 LOCAL_RANK= 0 gpu= 3”
“RANK= 214 LOCAL_RANK= 2 gpu= 1”
“RANK= 218 LOCAL_RANK= 2 gpu= 1”
Shell debugging temporarily silenced: export LMOD_SH_DBG_ON=1 for this output (/usr/share/lmod/lmod/init/bash)
+ speed3d_r2c cufft float-long 1400 1400 1400 -reorder -p2p_pl -slabs -r2c_dir 2 -ingrid 256 1 1 -outgrid 256 1 1 -no-gpu-aware -n5
Shell debugging restarted
“RANK= 240 LOCAL_RANK= 0 gpu= 3”
+ speed3d_r2c cufft float-long 1400 1400 1400 -reorder -p2p_pl -slabs -r2c_dir 2 -ingrid 256 1 1 -outgrid 256 1 1 -no-gpu-aware -n5
“RANK= 251 LOCAL_RANK= 3 gpu= 0”
“RANK= 7 LOCAL_RANK= 3 gpu= 0”
Shell debugging restarted
+ speed3d_r2c cufft float-long 1400 1400 1400 -reorder -p2p_pl -slabs -r2c_dir 2 -ingrid 256 1 1 -outgrid 256 1 1 -no-gpu-aware -n5
+ '[' -z '' ']'
+ case "$-" in
+ __lmod_vx=x
+ '[' -n x ']'
“RANK= 41 LOCAL_RANK= 1 gpu= 2”
Shell debugging restarted
+ unset __lmod_vx
+ '[' -z '' ']'
+ case "$-" in
+ __lmod_vx=x
+ __lmod_vx=x
+ '[' -n x ']'
+ set +x
Shell debugging temporarily silenced: export LMOD_SH_DBG_ON=1 for this output (/usr/share/lmod/lmod/init/bash)
Shell debugging restarted
+ unset __lmod_vx
+ '[' -z '' ']'
+ case "$-" in
+ __lmod_vx=x
+ speed3d_r2c cufft float-long 1400 1400 1400 -reorder -p2p_pl -slabs -r2c_dir 2 -ingrid 256 1 1 -outgrid 256 1 1 -no-gpu-aware -n5
“RANK= 98 LOCAL_RANK= 2 gpu= 1”
Shell debugging temporarily silenced: export LMOD_SH_DBG_ON=1 for this output (/usr/share/lmod/lmod/init/bash)
Shell debugging restarted
+ unset __lmod_vx
Shell debugging temporarily silenced: export LMOD_SH_DBG_ON=1 for this output (/usr/share/lmod/lmod/init/bash)
“RANK= 130 LOCAL_RANK= 2 gpu= 1”
Shell debugging temporarily silenced: export LMOD_SH_DBG_ON=1 for this output (/usr/share/lmod/lmod/init/bash)
“RANK= 164 LOCAL_RANK= 0 gpu= 3”
Shell debugging restarted
+ unset __lmod_vx
+ '[' -z '' ']'
+ case "$-" in
“RANK= 182 LOCAL_RANK= 2 gpu= 1”
“RANK= 188 LOCAL_RANK= 0 gpu= 3”
“RANK= 217 LOCAL_RANK= 1 gpu= 2”
+ '[' -n x ']'
+ set +x
Shell debugging restarted
+ unset __lmod_vx
+ '[' -z '' ']'
+ case "$-" in
+ __lmod_vx=x
+ unset __lmod_vx
+ speed3d_r2c cufft float-long 1400 1400 1400 -reorder -p2p_pl -slabs -r2c_dir 2 -ingrid 256 1 1 -outgrid 256 1 1 -no-gpu-aware -n5
“RANK= 252 LOCAL_RANK= 0 gpu= 3”
“RANK= 6 LOCAL_RANK= 2 gpu= 1”
+ unset __lmod_vx
+ speed3d_r2c cufft float-long 1400 1400 1400 -reorder -p2p_pl -slabs -r2c_dir 2 -ingrid 256 1 1 -outgrid 256 1 1 -no-gpu-aware -n5
+ '[' -n x ']'
+ set +x
“RANK= 40 LOCAL_RANK= 0 gpu= 3”
+ speed3d_r2c cufft float-long 1400 1400 1400 -reorder -p2p_pl -slabs -r2c_dir 2 -ingrid 256 1 1 -outgrid 256 1 1 -no-gpu-aware -n5
Shell debugging temporarily silenced: export LMOD_SH_DBG_ON=1 for this output (/usr/share/lmod/lmod/init/bash)
Shell debugging restarted
+ unset __lmod_vx
+ '[' -n x ']'
+ set +x
Shell debugging restarted
+ unset __lmod_vx
+ '[' -z '' ']'
+ case "$-" in
+ __lmod_vx=x
+ '[' -n x ']'
Shell debugging temporarily silenced: export LMOD_SH_DBG_ON=1 for this output (/usr/share/lmod/lmod/init/bash)
+ speed3d_r2c cufft float-long 1400 1400 1400 -reorder -p2p_pl -slabs -r2c_dir 2 -ingrid 256 1 1 -outgrid 256 1 1 -no-gpu-aware -n5
“RANK= 97 LOCAL_RANK= 1 gpu= 2”
+ speed3d_r2c cufft float-long 1400 1400 1400 -reorder -p2p_pl -slabs -r2c_dir 2 -ingrid 256 1 1 -outgrid 256 1 1 -no-gpu-aware -n5
+ '[' -z '' ']'
+ case "$-" in
+ __lmod_vx=x
“RANK= 115 LOCAL_RANK= 3 gpu= 0”
+ __lmod_vx=x
+ '[' -n x ']'
+ set +x
“RANK= 131 LOCAL_RANK= 3 gpu= 0”
+ '[' -z '' ']'
+ case "$-" in
+ __lmod_vx=x
+ '[' -n x ']'
+ set +x
+ '[' -z '' ']'
+ case "$-" in
+ __lmod_vx=x
+ '[' -z '' ']'
+ case "$-" in
+ __lmod_vx=x
Shell debugging temporarily silenced: export LMOD_SH_DBG_ON=1 for this output (/usr/share/lmod/lmod/init/bash)
“RANK= 191 LOCAL_RANK= 3 gpu= 0”
“RANK= 197 LOCAL_RANK= 1 gpu= 2”
“RANK= 201 LOCAL_RANK= 1 gpu= 2”
“RANK= 216 LOCAL_RANK= 0 gpu= 3”
“RANK= 220 LOCAL_RANK= 0 gpu= 3”
“RANK= 225 LOCAL_RANK= 1 gpu= 2”
+ speed3d_r2c cufft float-long 1400 1400 1400 -reorder -p2p_pl -slabs -r2c_dir 2 -ingrid 256 1 1 -outgrid 256 1 1 -no-gpu-aware -n5
Shell debugging temporarily silenced: export LMOD_SH_DBG_ON=1 for this output (/usr/share/lmod/lmod/init/bash)
Shell debugging restarted
+ unset __lmod_vx
Shell debugging restarted
+ unset __lmod_vx
“RANK= 253 LOCAL_RANK= 1 gpu= 2”
“RANK= 4 LOCAL_RANK= 0 gpu= 3”
“RANK= 8 LOCAL_RANK= 0 gpu= 3”
Shell debugging restarted
+ unset __lmod_vx
+ speed3d_r2c cufft float-long 1400 1400 1400 -reorder -p2p_pl -slabs -r2c_dir 2 -ingrid 256 1 1 -outgrid 256 1 1 -no-gpu-aware -n5
“RANK= 29 LOCAL_RANK= 1 gpu= 2”
Shell debugging restarted
+ unset __lmod_vx
+ '[' -z '' ']'
+ case "$-" in
+ __lmod_vx=x
+ '[' -n x ']'
+ set +x
+ '[' -z '' ']'
+ case "$-" in
+ __lmod_vx=x
Shell debugging restarted
+ unset __lmod_vx
+ '[' -z '' ']'
+ case "$-" in
Shell debugging temporarily silenced: export LMOD_SH_DBG_ON=1 for this output (/usr/share/lmod/lmod/init/bash)
+ '[' -n x ']'
+ set +x
+ '[' -z '' ']'
+ case "$-" in
+ __lmod_vx=x
+ '[' -n x ']'
+ set +x
+ '[' -z '' ']'
+ case "$-" in
Shell debugging temporarily silenced: export LMOD_SH_DBG_ON=1 for this output (/usr/share/lmod/lmod/init/bash)
“RANK= 113 LOCAL_RANK= 1 gpu= 2”
Shell debugging restarted
+ unset __lmod_vx
“RANK= 129 LOCAL_RANK= 1 gpu= 2”
Shell debugging temporarily silenced: export LMOD_SH_DBG_ON=1 for this output (/usr/share/lmod/lmod/init/bash)
“RANK= 138 LOCAL_RANK= 2 gpu= 1”
Shell debugging temporarily silenced: export LMOD_SH_DBG_ON=1 for this output (/usr/share/lmod/lmod/init/bash)
“RANK= 153 LOCAL_RANK= 1 gpu= 2”
Shell debugging temporarily silenced: export LMOD_SH_DBG_ON=1 for this output (/usr/share/lmod/lmod/init/bash)
Shell debugging temporarily silenced: export LMOD_SH_DBG_ON=1 for this output (/usr/share/lmod/lmod/init/bash)
+ __lmod_vx=x
+ '[' -n x ']'
+ set +x
“RANK= 199 LOCAL_RANK= 3 gpu= 0”
+ '[' -z '' ']'
+ case "$-" in
+ __lmod_vx=x
+ '[' -n x ']'
+ set +x
+ '[' -z '' ']'
+ speed3d_r2c cufft float-long 1400 1400 1400 -reorder -p2p_pl -slabs -r2c_dir 2 -ingrid 256 1 1 -outgrid 256 1 1 -no-gpu-aware -n5
“RANK= 255 LOCAL_RANK= 3 gpu= 0”
+ '[' -z '' ']'
+ case "$-" in
“RANK= 22 LOCAL_RANK= 2 gpu= 1”
“RANK= 31 LOCAL_RANK= 3 gpu= 0”
Shell debugging temporarily silenced: export LMOD_SH_DBG_ON=1 for this output (/usr/share/lmod/lmod/init/bash)
Shell debugging temporarily silenced: export LMOD_SH_DBG_ON=1 for this output (/usr/share/lmod/lmod/init/bash)
+ '[' -z '' ']'
+ case "$-" in
Shell debugging temporarily silenced: export LMOD_SH_DBG_ON=1 for this output (/usr/share/lmod/lmod/init/bash)
+ speed3d_r2c cufft float-long 1400 1400 1400 -reorder -p2p_pl -slabs -r2c_dir 2 -ingrid 256 1 1 -outgrid 256 1 1 -no-gpu-aware -n5
Shell debugging temporarily silenced: export LMOD_SH_DBG_ON=1 for this output (/usr/share/lmod/lmod/init/bash)
+ set +x
Shell debugging restarted
+ unset __lmod_vx
“RANK= 86 LOCAL_RANK= 2 gpu= 1”
+ '[' -z '' ']'
+ case "$-" in
+ __lmod_vx=x
Shell debugging temporarily silenced: export LMOD_SH_DBG_ON=1 for this output (/usr/share/lmod/lmod/init/bash)
Shell debugging temporarily silenced: export LMOD_SH_DBG_ON=1 for this output (/usr/share/lmod/lmod/init/bash)
+ '[' -n x ']'
+ set +x
“RANK= 112 LOCAL_RANK= 0 gpu= 3”
+ speed3d_r2c cufft float-long 1400 1400 1400 -reorder -p2p_pl -slabs -r2c_dir 2 -ingrid 256 1 1 -outgrid 256 1 1 -no-gpu-aware -n5
+ '[' -n x ']'
+ set +x
“RANK= 136 LOCAL_RANK= 0 gpu= 3”
+ '[' -z '' ']'
+ case "$-" in
+ __lmod_vx=x
+ '[' -n x ']'
+ set +x
+ '[' -z '' ']'
+ case "$-" in
+ __lmod_vx=x
+ '[' -n x ']'
+ set +x
“RANK= 165 LOCAL_RANK= 1 gpu= 2”
+ '[' -n x ']'
+ set +x
Shell debugging restarted
“RANK= 196 LOCAL_RANK= 0 gpu= 3”
“RANK= 206 LOCAL_RANK= 2 gpu= 1”
+ '[' -z '' ']'
+ case "$-" in
“RANK= 222 LOCAL_RANK= 2 gpu= 1”
Shell debugging temporarily silenced: export LMOD_SH_DBG_ON=1 for this output (/usr/share/lmod/lmod/init/bash)
+ speed3d_r2c cufft float-long 1400 1400 1400 -reorder -p2p_pl -slabs -r2c_dir 2 -ingrid 256 1 1 -outgrid 256 1 1 -no-gpu-aware -n5
+ case "$-" in
+ __lmod_vx=x
+ '[' -n x ']'
+ set +x
+ '[' -z '' ']'
+ case "$-" in
+ __lmod_vx=x
+ '[' -n x ']'
“RANK= 248 LOCAL_RANK= 0 gpu= 3”
“RANK= 254 LOCAL_RANK= 2 gpu= 1”
“RANK= 9 LOCAL_RANK= 1 gpu= 2”
Shell debugging temporarily silenced: export LMOD_SH_DBG_ON=1 for this output (/usr/share/lmod/lmod/init/bash)
“RANK= 20 LOCAL_RANK= 0 gpu= 3”
“RANK= 30 LOCAL_RANK= 2 gpu= 1”
+ set +x
“RANK= 42 LOCAL_RANK= 2 gpu= 1”
“RANK= 45 LOCAL_RANK= 1 gpu= 2”
+ '[' -n x ']'
+ set +x
Shell debugging temporarily silenced: export LMOD_SH_DBG_ON=1 for this output (/usr/share/lmod/lmod/init/bash)
+ '[' -n x ']'
+ set +x
+ '[' -z '' ']'
+ case "$-" in
+ __lmod_vx=x
+ __lmod_vx=x
+ '[' -n x ']'
+ set +x
Shell debugging restarted
+ unset __lmod_vx
+ speed3d_r2c cufft float-long 1400 1400 1400 -reorder -p2p_pl -slabs -r2c_dir 2 -ingrid 256 1 1 -outgrid 256 1 1 -no-gpu-aware -n5
“RANK= 92 LOCAL_RANK= 0 gpu= 3”
Shell debugging temporarily silenced: export LMOD_SH_DBG_ON=1 for this output (/usr/share/lmod/lmod/init/bash)
Shell debugging restarted
+ unset __lmod_vx
+ __lmod_vx=x
+ '[' -n x ']'
+ set +x
+ '[' -z '' ']'
+ case "$-" in
+ __lmod_vx=x
+ '[' -n x ']'
+ '[' -z '' ']'
+ case "$-" in
“RANK= 125 LOCAL_RANK= 1 gpu= 2”
Shell debugging restarted
+ unset __lmod_vx
“RANK= 137 LOCAL_RANK= 1 gpu= 2”
Shell debugging restarted
+ unset __lmod_vx
Shell debugging temporarily silenced: export LMOD_SH_DBG_ON=1 for this output (/usr/share/lmod/lmod/init/bash)
“RANK= 152 LOCAL_RANK= 0 gpu= 3”
Shell debugging restarted
+ unset __lmod_vx
“RANK= 166 LOCAL_RANK= 2 gpu= 1”
Shell debugging restarted
+ unset __lmod_vx
+ '[' -z '' ']'
+ case "$-" in
+ __lmod_vx=x
+ unset __lmod_vx
“RANK= 183 LOCAL_RANK= 3 gpu= 0”
+ '[' -z '' ']'
“RANK= 198 LOCAL_RANK= 2 gpu= 1”
“RANK= 202 LOCAL_RANK= 2 gpu= 1”
“RANK= 207 LOCAL_RANK= 3 gpu= 0”
“RANK= 208 LOCAL_RANK= 0 gpu= 3”
Shell debugging temporarily silenced: export LMOD_SH_DBG_ON=1 for this output (/usr/share/lmod/lmod/init/bash)
“RANK= 221 LOCAL_RANK= 1 gpu= 2”
“RANK= 224 LOCAL_RANK= 0 gpu= 3”
+ '[' -n x ']'
+ set +x
Shell debugging restarted
Shell debugging temporarily silenced: export LMOD_SH_DBG_ON=1 for this output (/usr/share/lmod/lmod/init/bash)
Shell debugging temporarily silenced: export LMOD_SH_DBG_ON=1 for this output (/usr/share/lmod/lmod/init/bash)
“RANK= 2 LOCAL_RANK= 2 gpu= 1”
“RANK= 5 LOCAL_RANK= 1 gpu= 2”
“RANK= 11 LOCAL_RANK= 3 gpu= 0”
+ __lmod_vx=x
+ '[' -n x ']'
+ set +x
“RANK= 18 LOCAL_RANK= 2 gpu= 1”
“RANK= 28 LOCAL_RANK= 0 gpu= 3”
Shell debugging temporarily silenced: export LMOD_SH_DBG_ON=1 for this output (/usr/share/lmod/lmod/init/bash)
“RANK= 43 LOCAL_RANK= 3 gpu= 0”
“RANK= 50 LOCAL_RANK= 2 gpu= 1”
Shell debugging restarted
+ unset __lmod_vx
+ __lmod_vx=x
+ '[' -n x ']'
+ set +x
Shell debugging restarted
+ unset __lmod_vx
Shell debugging temporarily silenced: export LMOD_SH_DBG_ON=1 for this output (/usr/share/lmod/lmod/init/bash)
Shell debugging restarted
+ '[' -z '' ']'
+ case "$-" in
+ __lmod_vx=x
+ '[' -n x ']'
+ '[' -z '' ']'
+ case "$-" in
+ __lmod_vx=x
“RANK= 95 LOCAL_RANK= 3 gpu= 0”
+ '[' -n x ']'
+ set +x
+ speed3d_r2c cufft float-long 1400 1400 1400 -reorder -p2p_pl -slabs -r2c_dir 2 -ingrid 256 1 1 -outgrid 256 1 1 -no-gpu-aware -n5
Shell debugging restarted
+ unset __lmod_vx
Shell debugging restarted
+ unset __lmod_vx
“RANK= 114 LOCAL_RANK= 2 gpu= 1”
Shell debugging temporarily silenced: export LMOD_SH_DBG_ON=1 for this output (/usr/share/lmod/lmod/init/bash)
“RANK= 127 LOCAL_RANK= 3 gpu= 0”
+ '[' -z '' ']'
+ case "$-" in
“RANK= 139 LOCAL_RANK= 3 gpu= 0”
Shell debugging restarted
+ unset __lmod_vx
+ '[' -n x ']'
+ set +x
+ '[' -z '' ']'
“RANK= 163 LOCAL_RANK= 3 gpu= 0”
“RANK= 167 LOCAL_RANK= 3 gpu= 0”
+ '[' -z '' ']'
+ case "$-" in
+ '[' -z '' ']'
+ case "$-" in
+ __lmod_vx=x
+ '[' -n x ']'
+ set +x
+ speed3d_r2c cufft float-long 1400 1400 1400 -reorder -p2p_pl -slabs -r2c_dir 2 -ingrid 256 1 1 -outgrid 256 1 1 -no-gpu-aware -n5
“RANK= 187 LOCAL_RANK= 3 gpu= 0”
+ '[' -z '' ']'
+ case "$-" in
+ __lmod_vx=x
Shell debugging temporarily silenced: export LMOD_SH_DBG_ON=1 for this output (/usr/share/lmod/lmod/init/bash)
“RANK= 205 LOCAL_RANK= 1 gpu= 2”
“RANK= 211 LOCAL_RANK= 3 gpu= 0”
+ __lmod_vx=x
+ '[' -n x ']'
+ set +x
+ '[' -z '' ']'
+ case "$-" in
“RANK= 223 LOCAL_RANK= 3 gpu= 0”
“RANK= 227 LOCAL_RANK= 3 gpu= 0”
Shell debugging restarted
+ unset __lmod_vx
+ unset __lmod_vx
Shell debugging restarted
+ set +x
“RANK= 250 LOCAL_RANK= 2 gpu= 1”
“RANK= 3 LOCAL_RANK= 3 gpu= 0”
Shell debugging restarted
“RANK= 21 LOCAL_RANK= 1 gpu= 2”
Shell debugging restarted
+ unset __lmod_vx
“RANK= 46 LOCAL_RANK= 2 gpu= 1”
“RANK= 51 LOCAL_RANK= 3 gpu= 0”
+ speed3d_r2c cufft float-long 1400 1400 1400 -reorder -p2p_pl -slabs -r2c_dir 2 -ingrid 256 1 1 -outgrid 256 1 1 -no-gpu-aware -n5
Shell debugging restarted
+ unset __lmod_vx
+ speed3d_r2c cufft float-long 1400 1400 1400 -reorder -p2p_pl -slabs -r2c_dir 2 -ingrid 256 1 1 -outgrid 256 1 1 -no-gpu-aware -n5
+ '[' -n x ']'
+ set +x
+ unset __lmod_vx
Shell debugging temporarily silenced: export LMOD_SH_DBG_ON=1 for this output (/usr/share/lmod/lmod/init/bash)
Shell debugging temporarily silenced: export LMOD_SH_DBG_ON=1 for this output (/usr/share/lmod/lmod/init/bash)
“RANK= 87 LOCAL_RANK= 3 gpu= 0”
“RANK= 94 LOCAL_RANK= 2 gpu= 1”
Shell debugging restarted
+ unset __lmod_vx
+ '[' -z '' ']'
+ case "$-" in
+ __lmod_vx=x
+ '[' -n x ']'
+ set +x
+ '[' -z '' ']'
+ case "$-" in
+ __lmod_vx=x
Shell debugging temporarily silenced: export LMOD_SH_DBG_ON=1 for this output (/usr/share/lmod/lmod/init/bash)
“RANK= 117 LOCAL_RANK= 1 gpu= 2”
+ __lmod_vx=x
+ '[' -n x ']'
+ set +x
“RANK= 124 LOCAL_RANK= 0 gpu= 3”
Shell debugging temporarily silenced: export LMOD_SH_DBG_ON=1 for this output (/usr/share/lmod/lmod/init/bash)
+ '[' -z '' ']'
+ case "$-" in
+ __lmod_vx=x
Shell debugging restarted
+ unset __lmod_vx
“RANK= 155 LOCAL_RANK= 3 gpu= 0”
Shell debugging temporarily silenced: export LMOD_SH_DBG_ON=1 for this output (/usr/share/lmod/lmod/init/bash)
“RANK= 161 LOCAL_RANK= 1 gpu= 2”
Shell debugging temporarily silenced: export LMOD_SH_DBG_ON=1 for this output (/usr/share/lmod/lmod/init/bash)
Shell debugging temporarily silenced: export LMOD_SH_DBG_ON=1 for this output (/usr/share/lmod/lmod/init/bash)
+ '[' -z '' ']'
+ case "$-" in
“RANK= 181 LOCAL_RANK= 1 gpu= 2”
“RANK= 186 LOCAL_RANK= 2 gpu= 1”
Shell debugging temporarily silenced: export LMOD_SH_DBG_ON=1 for this output (/usr/share/lmod/lmod/init/bash)
+ case "$-" in
+ __lmod_vx=x
+ '[' -n x ']'
+ set +x
“RANK= 204 LOCAL_RANK= 0 gpu= 3”
“RANK= 210 LOCAL_RANK= 2 gpu= 1”
+ '[' -z '' ']'
+ case "$-" in
+ __lmod_vx=x
+ '[' -n x ']'
+ set +x
Shell debugging temporarily silenced: export LMOD_SH_DBG_ON=1 for this output (/usr/share/lmod/lmod/init/bash)
“RANK= 226 LOCAL_RANK= 2 gpu= 1”
+ speed3d_r2c cufft float-long 1400 1400 1400 -reorder -p2p_pl -slabs -r2c_dir 2 -ingrid 256 1 1 -outgrid 256 1 1 -no-gpu-aware -n5
+ speed3d_r2c cufft float-long 1400 1400 1400 -reorder -p2p_pl -slabs -r2c_dir 2 -ingrid 256 1 1 -outgrid 256 1 1 -no-gpu-aware -n5
+ unset __lmod_vx
Shell debugging restarted
+ unset __lmod_vx
“RANK= 0 LOCAL_RANK= 0 gpu= 3”
+ '[' -z '' ']'
+ case "$-" in
+ __lmod_vx=x
+ '[' -n x ']'
+ '[' -z '' ']'
+ case "$-" in
+ __lmod_vx=x
+ '[' -n x ']'
+ unset __lmod_vx
“RANK= 16 LOCAL_RANK= 0 gpu= 3”
“RANK= 23 LOCAL_RANK= 3 gpu= 0”
“RANK= 34 LOCAL_RANK= 2 gpu= 1”
Shell debugging restarted
+ unset __lmod_vx
“RANK= 44 LOCAL_RANK= 0 gpu= 3”
“RANK= 48 LOCAL_RANK= 0 gpu= 3”
+ '[' -z '' ']'
+ case "$-" in
+ __lmod_vx=x
+ '[' -n x ']'
Shell debugging restarted
+ '[' -z '' ']'
+ case "$-" in
Shell debugging temporarily silenced: export LMOD_SH_DBG_ON=1 for this output (/usr/share/lmod/lmod/init/bash)
+ speed3d_r2c cufft float-long 1400 1400 1400 -reorder -p2p_pl -slabs -r2c_dir 2 -ingrid 256 1 1 -outgrid 256 1 1 -no-gpu-aware -n5
+ set +x
“RANK= 79 LOCAL_RANK= 3 gpu= 0”
+ '[' -n x ']'
+ set +x
+ '[' -z '' ']'
+ case "$-" in
Shell debugging temporarily silenced: export LMOD_SH_DBG_ON=1 for this output (/usr/share/lmod/lmod/init/bash)
Shell debugging temporarily silenced: export LMOD_SH_DBG_ON=1 for this output (/usr/share/lmod/lmod/init/bash)
+ set +x
+ '[' -z '' ']'
+ case "$-" in
+ __lmod_vx=x
+ '[' -n x ']'
+ set +x
Shell debugging temporarily silenced: export LMOD_SH_DBG_ON=1 for this output (/usr/share/lmod/lmod/init/bash)
+ '[' -z '' ']'
“RANK= 150 LOCAL_RANK= 2 gpu= 1”
“RANK= 154 LOCAL_RANK= 2 gpu= 1”
+ case "$-" in
+ __lmod_vx=x
+ '[' -n x ']'
+ set +x
“RANK= 162 LOCAL_RANK= 2 gpu= 1”
+ __lmod_vx=x
+ '[' -n x ']'
+ set +x
+ '[' -n x ']'
+ set +x
Shell debugging temporarily silenced: export LMOD_SH_DBG_ON=1 for this output (/usr/share/lmod/lmod/init/bash)
“RANK= 180 LOCAL_RANK= 0 gpu= 3”
+ '[' -n x ']'
+ set +x
Shell debugging restarted
+ '[' -z '' ']'
+ case "$-" in
+ __lmod_vx=x
+ '[' -z '' ']'
+ case "$-" in
+ __lmod_vx=x
+ '[' -n x ']'
“RANK= 209 LOCAL_RANK= 1 gpu= 2”
Shell debugging temporarily silenced: export LMOD_SH_DBG_ON=1 for this output (/usr/share/lmod/lmod/init/bash)
+ __lmod_vx=x
+ '[' -n x ']'
+ set +x
+ '[' -z '' ']'
+ case "$-" in
+ '[' -z '' ']'
+ case "$-" in
+ __lmod_vx=x
+ speed3d_r2c cufft float-long 1400 1400 1400 -reorder -p2p_pl -slabs -r2c_dir 2 -ingrid 256 1 1 -outgrid 256 1 1 -no-gpu-aware -n5
+ speed3d_r2c cufft float-long 1400 1400 1400 -reorder -p2p_pl -slabs -r2c_dir 2 -ingrid 256 1 1 -outgrid 256 1 1 -no-gpu-aware -n5
+ '[' -z '' ']'
+ case "$-" in
+ __lmod_vx=x
+ '[' -n x ']'
+ '[' -z '' ']'
+ case "$-" in
“RANK= 1 LOCAL_RANK= 1 gpu= 2”
Shell debugging temporarily silenced: export LMOD_SH_DBG_ON=1 for this output (/usr/share/lmod/lmod/init/bash)
Shell debugging temporarily silenced: export LMOD_SH_DBG_ON=1 for this output (/usr/share/lmod/lmod/init/bash)
+ speed3d_r2c cufft float-long 1400 1400 1400 -reorder -p2p_pl -slabs -r2c_dir 2 -ingrid 256 1 1 -outgrid 256 1 1 -no-gpu-aware -n5
“RANK= 19 LOCAL_RANK= 3 gpu= 0”
+ speed3d_r2c cufft float-long 1400 1400 1400 -reorder -p2p_pl -slabs -r2c_dir 2 -ingrid 256 1 1 -outgrid 256 1 1 -no-gpu-aware -n5
+ '[' -z '' ']'
+ case "$-" in
“RANK= 47 LOCAL_RANK= 3 gpu= 0”
Shell debugging temporarily silenced: export LMOD_SH_DBG_ON=1 for this output (/usr/share/lmod/lmod/init/bash)
+ unset __lmod_vx
Shell debugging temporarily silenced: export LMOD_SH_DBG_ON=1 for this output (/usr/share/lmod/lmod/init/bash)
+ '[' -z '' ']'
+ case "$-" in
+ __lmod_vx=x
+ '[' -n x ']'
+ set +x
+ speed3d_r2c cufft float-long 1400 1400 1400 -reorder -p2p_pl -slabs -r2c_dir 2 -ingrid 256 1 1 -outgrid 256 1 1 -no-gpu-aware -n5
Shell debugging restarted
+ unset __lmod_vx
“RANK= 78 LOCAL_RANK= 2 gpu= 1”
Shell debugging restarted
+ unset __lmod_vx
“RANK= 85 LOCAL_RANK= 1 gpu= 2”
Shell debugging temporarily silenced: export LMOD_SH_DBG_ON=1 for this output (/usr/share/lmod/lmod/init/bash)
Shell debugging restarted
+ unset __lmod_vx
+ '[' -n x ']'
+ set +x
Shell debugging restarted
+ unset __lmod_vx
+ '[' -z '' ']'
+ case "$-" in
+ __lmod_vx=x
“RANK= 116 LOCAL_RANK= 0 gpu= 3”
Shell debugging temporarily silenced: export LMOD_SH_DBG_ON=1 for this output (/usr/share/lmod/lmod/init/bash)
“RANK= 126 LOCAL_RANK= 2 gpu= 1”
+ '[' -z '' ']'
+ speed3d_r2c cufft float-long 1400 1400 1400 -reorder -p2p_pl -slabs -r2c_dir 2 -ingrid 256 1 1 -outgrid 256 1 1 -no-gpu-aware -n5
+ '[' -n x ']'
+ set +x
+ case "$-" in
+ __lmod_vx=x
+ '[' -n x ']'
+ set +x
“RANK= 149 LOCAL_RANK= 1 gpu= 2”
Shell debugging restarted
+ speed3d_r2c cufft float-long 1400 1400 1400 -reorder -p2p_pl -slabs -r2c_dir 2 -ingrid 256 1 1 -outgrid 256 1 1 -no-gpu-aware -n5
Shell debugging temporarily silenced: export LMOD_SH_DBG_ON=1 for this output (/usr/share/lmod/lmod/init/bash)
+ __lmod_vx=x
+ '[' -n x ']'
+ set +x
“RANK= 185 LOCAL_RANK= 1 gpu= 2”
Shell debugging restarted
+ unset __lmod_vx
+ unset __lmod_vx
+ '[' -z '' ']'
+ case "$-" in
+ '[' -z '' ']'
+ case "$-" in
+ __lmod_vx=x
+ '[' -n x ']'
+ set +x
Shell debugging temporarily silenced: export LMOD_SH_DBG_ON=1 for this output (/usr/share/lmod/lmod/init/bash)
Shell debugging restarted
+ unset __lmod_vx
Shell debugging restarted
+ unset __lmod_vx
+ '[' -z '' ']'
+ case "$-" in
+ __lmod_vx=x
Shell debugging temporarily silenced: export LMOD_SH_DBG_ON=1 for this output (/usr/share/lmod/lmod/init/bash)
Shell debugging temporarily silenced: export LMOD_SH_DBG_ON=1 for this output (/usr/share/lmod/lmod/init/bash)
+ speed3d_r2c cufft float-long 1400 1400 1400 -reorder -p2p_pl -slabs -r2c_dir 2 -ingrid 256 1 1 -outgrid 256 1 1 -no-gpu-aware -n5
Shell debugging temporarily silenced: export LMOD_SH_DBG_ON=1 for this output (/usr/share/lmod/lmod/init/bash)
Shell debugging temporarily silenced: export LMOD_SH_DBG_ON=1 for this output (/usr/share/lmod/lmod/init/bash)
+ '[' -z '' ']'
+ set +x
+ set +x
+ speed3d_r2c cufft float-long 1400 1400 1400 -reorder -p2p_pl -slabs -r2c_dir 2 -ingrid 256 1 1 -outgrid 256 1 1 -no-gpu-aware -n5
“RANK= 17 LOCAL_RANK= 1 gpu= 2”
+ '[' -z '' ']'
+ case "$-" in
+ '[' -z '' ']'
+ case "$-" in
“RANK= 35 LOCAL_RANK= 3 gpu= 0”
+ '[' -z '' ']'
+ case "$-" in
Shell debugging temporarily silenced: export LMOD_SH_DBG_ON=1 for this output (/usr/share/lmod/lmod/init/bash)
+ '[' -z '' ']'
+ case "$-" in
+ __lmod_vx=x
“RANK= 49 LOCAL_RANK= 1 gpu= 2”
+ set +x
+ speed3d_r2c cufft float-long 1400 1400 1400 -reorder -p2p_pl -slabs -r2c_dir 2 -ingrid 256 1 1 -outgrid 256 1 1 -no-gpu-aware -n5
+ __lmod_vx=x
+ '[' -n x ']'
+ set +x
Shell debugging restarted
+ unset __lmod_vx
+ speed3d_r2c cufft float-long 1400 1400 1400 -reorder -p2p_pl -slabs -r2c_dir 2 -ingrid 256 1 1 -outgrid 256 1 1 -no-gpu-aware -n5
+ speed3d_r2c cufft float-long 1400 1400 1400 -reorder -p2p_pl -slabs -r2c_dir 2 -ingrid 256 1 1 -outgrid 256 1 1 -no-gpu-aware -n5
“RANK= 76 LOCAL_RANK= 0 gpu= 3”
+ speed3d_r2c cufft float-long 1400 1400 1400 -reorder -p2p_pl -slabs -r2c_dir 2 -ingrid 256 1 1 -outgrid 256 1 1 -no-gpu-aware -n5
“RANK= 84 LOCAL_RANK= 0 gpu= 3”
+ __lmod_vx=x
+ '[' -n x ']'
+ set +x
+ speed3d_r2c cufft float-long 1400 1400 1400 -reorder -p2p_pl -slabs -r2c_dir 2 -ingrid 256 1 1 -outgrid 256 1 1 -no-gpu-aware -n5
Shell debugging restarted
+ unset __lmod_vx
+ speed3d_r2c cufft float-long 1400 1400 1400 -reorder -p2p_pl -slabs -r2c_dir 2 -ingrid 256 1 1 -outgrid 256 1 1 -no-gpu-aware -n5
Shell debugging temporarily silenced: export LMOD_SH_DBG_ON=1 for this output (/usr/share/lmod/lmod/init/bash)
“RANK= 118 LOCAL_RANK= 2 gpu= 1”
+ __lmod_vx=x
+ '[' -n x ']'
+ set +x
+ case "$-" in
+ __lmod_vx=x
+ '[' -n x ']'
+ set +x
Shell debugging restarted
+ '[' -z '' ']'
+ case "$-" in
+ __lmod_vx=x
+ '[' -n x ']'
Shell debugging restarted
+ unset __lmod_vx
Shell debugging temporarily silenced: export LMOD_SH_DBG_ON=1 for this output (/usr/share/lmod/lmod/init/bash)
“RANK= 151 LOCAL_RANK= 3 gpu= 0”
+ unset __lmod_vx
“RANK= 160 LOCAL_RANK= 0 gpu= 3”
+ '[' -z '' ']'
+ case "$-" in
Shell debugging restarted
+ unset __lmod_vx
Shell debugging restarted
+ unset __lmod_vx
Shell debugging restarted
+ '[' -z '' ']'
+ case "$-" in
+ __lmod_vx=x
“RANK= 184 LOCAL_RANK= 0 gpu= 3”
+ '[' -z '' ']'
+ case "$-" in
+ __lmod_vx=x
+ '[' -z '' ']'
Shell debugging temporarily silenced: export LMOD_SH_DBG_ON=1 for this output (/usr/share/lmod/lmod/init/bash)
Shell debugging temporarily silenced: export LMOD_SH_DBG_ON=1 for this output (/usr/share/lmod/lmod/init/bash)
+ set +x
Shell debugging restarted
+ unset __lmod_vx
+ '[' -z '' ']'
+ case "$-" in
+ __lmod_vx=x
Shell debugging temporarily silenced: export LMOD_SH_DBG_ON=1 for this output (/usr/share/lmod/lmod/init/bash)
+ __lmod_vx=x
+ '[' -n x ']'
+ set +x
+ '[' -n x ']'
+ set +x
+ speed3d_r2c cufft float-long 1400 1400 1400 -reorder -p2p_pl -slabs -r2c_dir 2 -ingrid 256 1 1 -outgrid 256 1 1 -no-gpu-aware -n5
+ set +x
+ __lmod_vx=x
+ '[' -n x ']'
+ set +x
+ '[' -z '' ']'
+ case "$-" in
+ __lmod_vx=x
Shell debugging temporarily silenced: export LMOD_SH_DBG_ON=1 for this output (/usr/share/lmod/lmod/init/bash)
Shell debugging restarted
+ unset __lmod_vx
Shell debugging restarted
+ unset __lmod_vx
+ speed3d_r2c cufft float-long 1400 1400 1400 -reorder -p2p_pl -slabs -r2c_dir 2 -ingrid 256 1 1 -outgrid 256 1 1 -no-gpu-aware -n5
Shell debugging temporarily silenced: export LMOD_SH_DBG_ON=1 for this output (/usr/share/lmod/lmod/init/bash)
Shell debugging temporarily silenced: export LMOD_SH_DBG_ON=1 for this output (/usr/share/lmod/lmod/init/bash)
“RANK= 33 LOCAL_RANK= 1 gpu= 2”
Shell debugging temporarily silenced: export LMOD_SH_DBG_ON=1 for this output (/usr/share/lmod/lmod/init/bash)
+ __lmod_vx=x
+ '[' -n x ']'
+ set +x
Shell debugging temporarily silenced: export LMOD_SH_DBG_ON=1 for this output (/usr/share/lmod/lmod/init/bash)
+ '[' -z '' ']'
+ case "$-" in
+ __lmod_vx=x
Shell debugging restarted
+ unset __lmod_vx
+ '[' -z '' ']'
+ case "$-" in
+ __lmod_vx=x
Shell debugging restarted
+ unset __lmod_vx
+ speed3d_r2c cufft float-long 1400 1400 1400 -reorder -p2p_pl -slabs -r2c_dir 2 -ingrid 256 1 1 -outgrid 256 1 1 -no-gpu-aware -n5
+ speed3d_r2c cufft float-long 1400 1400 1400 -reorder -p2p_pl -slabs -r2c_dir 2 -ingrid 256 1 1 -outgrid 256 1 1 -no-gpu-aware -n5
+ speed3d_r2c cufft float-long 1400 1400 1400 -reorder -p2p_pl -slabs -r2c_dir 2 -ingrid 256 1 1 -outgrid 256 1 1 -no-gpu-aware -n5
“RANK= 77 LOCAL_RANK= 1 gpu= 2”
+ '[' -z '' ']'
+ case "$-" in
+ __lmod_vx=x
+ '[' -z '' ']'
+ case "$-" in
+ __lmod_vx=x
+ '[' -z '' ']'
+ case "$-" in
Shell debugging restarted
+ unset __lmod_vx
Shell debugging restarted
+ '[' -z '' ']'
+ case "$-" in
+ speed3d_r2c cufft float-long 1400 1400 1400 -reorder -p2p_pl -slabs -r2c_dir 2 -ingrid 256 1 1 -outgrid 256 1 1 -no-gpu-aware -n5
+ '[' -n x ']'
+ set +x
“RANK= 119 LOCAL_RANK= 3 gpu= 0”
Shell debugging restarted
+ unset __lmod_vx
Shell debugging temporarily silenced: export LMOD_SH_DBG_ON=1 for this output (/usr/share/lmod/lmod/init/bash)
+ unset __lmod_vx
Shell debugging temporarily silenced: export LMOD_SH_DBG_ON=1 for this output (/usr/share/lmod/lmod/init/bash)
+ speed3d_r2c cufft float-long 1400 1400 1400 -reorder -p2p_pl -slabs -r2c_dir 2 -ingrid 256 1 1 -outgrid 256 1 1 -no-gpu-aware -n5
+ '[' -z '' ']'
+ case "$-" in
+ __lmod_vx=x
+ '[' -n x ']'
“RANK= 148 LOCAL_RANK= 0 gpu= 3”
+ speed3d_r2c cufft float-long 1400 1400 1400 -reorder -p2p_pl -slabs -r2c_dir 2 -ingrid 256 1 1 -outgrid 256 1 1 -no-gpu-aware -n5
Shell debugging temporarily silenced: export LMOD_SH_DBG_ON=1 for this output (/usr/share/lmod/lmod/init/bash)
+ speed3d_r2c cufft float-long 1400 1400 1400 -reorder -p2p_pl -slabs -r2c_dir 2 -ingrid 256 1 1 -outgrid 256 1 1 -no-gpu-aware -n5
Shell debugging restarted
+ unset __lmod_vx
+ unset __lmod_vx
Shell debugging temporarily silenced: export LMOD_SH_DBG_ON=1 for this output (/usr/share/lmod/lmod/init/bash)
Shell debugging temporarily silenced: export LMOD_SH_DBG_ON=1 for this output (/usr/share/lmod/lmod/init/bash)
+ case "$-" in
+ __lmod_vx=x
+ '[' -n x ']'
+ set +x
+ __lmod_vx=x
+ '[' -n x ']'
+ set +x
+ '[' -n x ']'
+ set +x
Shell debugging restarted
+ unset __lmod_vx
+ '[' -z '' ']'
+ case "$-" in
+ __lmod_vx=x
+ '[' -z '' ']'
+ case "$-" in
Shell debugging temporarily silenced: export LMOD_SH_DBG_ON=1 for this output (/usr/share/lmod/lmod/init/bash)
+ '[' -n x ']'
+ set +x
Shell debugging restarted
+ unset __lmod_vx
Shell debugging restarted
+ unset __lmod_vx
+ speed3d_r2c cufft float-long 1400 1400 1400 -reorder -p2p_pl -slabs -r2c_dir 2 -ingrid 256 1 1 -outgrid 256 1 1 -no-gpu-aware -n5
Shell debugging restarted
+ unset __lmod_vx
Shell debugging restarted
Shell debugging temporarily silenced: export LMOD_SH_DBG_ON=1 for this output (/usr/share/lmod/lmod/init/bash)
+ case "$-" in
+ __lmod_vx=x
+ '[' -n x ']'
+ set +x
+ speed3d_r2c cufft float-long 1400 1400 1400 -reorder -p2p_pl -slabs -r2c_dir 2 -ingrid 256 1 1 -outgrid 256 1 1 -no-gpu-aware -n5
+ '[' -z '' ']'
+ case "$-" in
+ __lmod_vx=x
+ speed3d_r2c cufft float-long 1400 1400 1400 -reorder -p2p_pl -slabs -r2c_dir 2 -ingrid 256 1 1 -outgrid 256 1 1 -no-gpu-aware -n5
+ __lmod_vx=x
+ '[' -n x ']'
+ set +x
+ __lmod_vx=x
+ '[' -n x ']'
+ set +x
“RANK= 32 LOCAL_RANK= 0 gpu= 3”
+ __lmod_vx=x
+ '[' -n x ']'
+ set +x
+ '[' -z '' ']'
+ case "$-" in
+ __lmod_vx=x
+ '[' -n x ']'
+ set +x
+ '[' -n x ']'
+ set +x
Shell debugging temporarily silenced: export LMOD_SH_DBG_ON=1 for this output (/usr/share/lmod/lmod/init/bash)
+ speed3d_r2c cufft float-long 1400 1400 1400 -reorder -p2p_pl -slabs -r2c_dir 2 -ingrid 256 1 1 -outgrid 256 1 1 -no-gpu-aware -n5
Shell debugging temporarily silenced: export LMOD_SH_DBG_ON=1 for this output (/usr/share/lmod/lmod/init/bash)
+ speed3d_r2c cufft float-long 1400 1400 1400 -reorder -p2p_pl -slabs -r2c_dir 2 -ingrid 256 1 1 -outgrid 256 1 1 -no-gpu-aware -n5
Shell debugging restarted
+ unset __lmod_vx
+ '[' -z '' ']'
+ case "$-" in
+ __lmod_vx=x
+ '[' -n x ']'
Shell debugging temporarily silenced: export LMOD_SH_DBG_ON=1 for this output (/usr/share/lmod/lmod/init/bash)
Shell debugging temporarily silenced: export LMOD_SH_DBG_ON=1 for this output (/usr/share/lmod/lmod/init/bash)
Shell debugging temporarily silenced: export LMOD_SH_DBG_ON=1 for this output (/usr/share/lmod/lmod/init/bash)
+ '[' -z '' ']'
+ case "$-" in
+ unset __lmod_vx
Shell debugging temporarily silenced: export LMOD_SH_DBG_ON=1 for this output (/usr/share/lmod/lmod/init/bash)
+ speed3d_r2c cufft float-long 1400 1400 1400 -reorder -p2p_pl -slabs -r2c_dir 2 -ingrid 256 1 1 -outgrid 256 1 1 -no-gpu-aware -n5
+ '[' -z '' ']'
+ case "$-" in
+ __lmod_vx=x
+ '[' -n x ']'
+ set +x
+ speed3d_r2c cufft float-long 1400 1400 1400 -reorder -p2p_pl -slabs -r2c_dir 2 -ingrid 256 1 1 -outgrid 256 1 1 -no-gpu-aware -n5
+ '[' -z '' ']'
+ case "$-" in
+ __lmod_vx=x
Shell debugging restarted
+ speed3d_r2c cufft float-long 1400 1400 1400 -reorder -p2p_pl -slabs -r2c_dir 2 -ingrid 256 1 1 -outgrid 256 1 1 -no-gpu-aware -n5
+ set +x
+ '[' -z '' ']'
+ case "$-" in
Shell debugging temporarily silenced: export LMOD_SH_DBG_ON=1 for this output (/usr/share/lmod/lmod/init/bash)
+ '[' -z '' ']'
+ case "$-" in
+ '[' -z '' ']'
+ case "$-" in
+ __lmod_vx=x
+ speed3d_r2c cufft float-long 1400 1400 1400 -reorder -p2p_pl -slabs -r2c_dir 2 -ingrid 256 1 1 -outgrid 256 1 1 -no-gpu-aware -n5
+ '[' -z '' ']'
+ case "$-" in
+ __lmod_vx=x
+ __lmod_vx=x
+ '[' -n x ']'
+ set +x
+ speed3d_r2c cufft float-long 1400 1400 1400 -reorder -p2p_pl -slabs -r2c_dir 2 -ingrid 256 1 1 -outgrid 256 1 1 -no-gpu-aware -n5
+ '[' -z '' ']'
+ case "$-" in
+ __lmod_vx=x
+ '[' -n x ']'
+ speed3d_r2c cufft float-long 1400 1400 1400 -reorder -p2p_pl -slabs -r2c_dir 2 -ingrid 256 1 1 -outgrid 256 1 1 -no-gpu-aware -n5
+ '[' -n x ']'
+ set +x
+ '[' -z '' ']'
+ case "$-" in
+ __lmod_vx=x
+ '[' -n x ']'
+ set +x
Shell debugging temporarily silenced: export LMOD_SH_DBG_ON=1 for this output (/usr/share/lmod/lmod/init/bash)
Shell debugging restarted
Shell debugging temporarily silenced: export LMOD_SH_DBG_ON=1 for this output (/usr/share/lmod/lmod/init/bash)
+ '[' -z '' ']'
+ case "$-" in
Shell debugging temporarily silenced: export LMOD_SH_DBG_ON=1 for this output (/usr/share/lmod/lmod/init/bash)
Shell debugging temporarily silenced: export LMOD_SH_DBG_ON=1 for this output (/usr/share/lmod/lmod/init/bash)
+ '[' -n x ']'
+ set +x
Shell debugging restarted
+ unset __lmod_vx
+ speed3d_r2c cufft float-long 1400 1400 1400 -reorder -p2p_pl -slabs -r2c_dir 2 -ingrid 256 1 1 -outgrid 256 1 1 -no-gpu-aware -n5
+ speed3d_r2c cufft float-long 1400 1400 1400 -reorder -p2p_pl -slabs -r2c_dir 2 -ingrid 256 1 1 -outgrid 256 1 1 -no-gpu-aware -n5
+ '[' -z '' ']'
+ case "$-" in
“RANK= 249 LOCAL_RANK= 1 gpu= 2”
+ '[' -n x ']'
+ set +x
Shell debugging restarted
+ '[' -z '' ']'
+ case "$-" in
Shell debugging temporarily silenced: export LMOD_SH_DBG_ON=1 for this output (/usr/share/lmod/lmod/init/bash)
+ '[' -z '' ']'
+ case "$-" in
+ __lmod_vx=x
Shell debugging restarted
Shell debugging restarted
+ '[' -z '' ']'
+ case "$-" in
+ __lmod_vx=x
Shell debugging restarted
Shell debugging temporarily silenced: export LMOD_SH_DBG_ON=1 for this output (/usr/share/lmod/lmod/init/bash)
Shell debugging restarted
+ unset __lmod_vx
+ '[' -n x ']'
+ set +x
+ speed3d_r2c cufft float-long 1400 1400 1400 -reorder -p2p_pl -slabs -r2c_dir 2 -ingrid 256 1 1 -outgrid 256 1 1 -no-gpu-aware -n5
+ '[' -n x ']'
+ set +x
+ '[' -z '' ']'
+ case "$-" in
+ __lmod_vx=x
+ '[' -n x ']'
+ set +x
+ speed3d_r2c cufft float-long 1400 1400 1400 -reorder -p2p_pl -slabs -r2c_dir 2 -ingrid 256 1 1 -outgrid 256 1 1 -no-gpu-aware -n5
Shell debugging temporarily silenced: export LMOD_SH_DBG_ON=1 for this output (/usr/share/lmod/lmod/init/bash)
+ '[' -n x ']'
+ set +x
+ '[' -n x ']'
+ set +x
+ __lmod_vx=x
+ '[' -n x ']'
+ set +x
Shell debugging temporarily silenced: export LMOD_SH_DBG_ON=1 for this output (/usr/share/lmod/lmod/init/bash)
+ speed3d_r2c cufft float-long 1400 1400 1400 -reorder -p2p_pl -slabs -r2c_dir 2 -ingrid 256 1 1 -outgrid 256 1 1 -no-gpu-aware -n5
+ __lmod_vx=x
+ '[' -n x ']'
+ set +x
+ '[' -z '' ']'
+ case "$-" in
Shell debugging restarted
+ unset __lmod_vx
+ '[' -z '' ']'
+ case "$-" in
+ __lmod_vx=x
Shell debugging restarted
+ unset __lmod_vx
Shell debugging temporarily silenced: export LMOD_SH_DBG_ON=1 for this output (/usr/share/lmod/lmod/init/bash)
+ unset __lmod_vx
+ '[' -z '' ']'
+ case "$-" in
Shell debugging restarted
+ unset __lmod_vx
Shell debugging temporarily silenced: export LMOD_SH_DBG_ON=1 for this output (/usr/share/lmod/lmod/init/bash)
+ set +x
Shell debugging temporarily silenced: export LMOD_SH_DBG_ON=1 for this output (/usr/share/lmod/lmod/init/bash)
Shell debugging temporarily silenced: export LMOD_SH_DBG_ON=1 for this output (/usr/share/lmod/lmod/init/bash)
+ '[' -z '' ']'
+ case "$-" in
+ __lmod_vx=x
Shell debugging temporarily silenced: export LMOD_SH_DBG_ON=1 for this output (/usr/share/lmod/lmod/init/bash)
Shell debugging restarted
+ '[' -z '' ']'
+ case "$-" in
Shell debugging temporarily silenced: export LMOD_SH_DBG_ON=1 for this output (/usr/share/lmod/lmod/init/bash)
+ '[' -z '' ']'
+ case "$-" in
Shell debugging restarted
+ unset __lmod_vx
+ '[' -z '' ']'
+ case "$-" in
+ __lmod_vx=x
Shell debugging temporarily silenced: export LMOD_SH_DBG_ON=1 for this output (/usr/share/lmod/lmod/init/bash)
Shell debugging restarted
+ unset __lmod_vx
Shell debugging restarted
+ unset __lmod_vx
Shell debugging temporarily silenced: export LMOD_SH_DBG_ON=1 for this output (/usr/share/lmod/lmod/init/bash)
+ '[' -n x ']'
+ set +x
+ __lmod_vx=x
+ '[' -n x ']'
+ set +x
Shell debugging restarted
+ unset __lmod_vx
+ '[' -z '' ']'
+ case "$-" in
+ '[' -z '' ']'
+ case "$-" in
+ __lmod_vx=x
+ '[' -z '' ']'
+ case "$-" in
Shell debugging temporarily silenced: export LMOD_SH_DBG_ON=1 for this output (/usr/share/lmod/lmod/init/bash)
+ unset __lmod_vx
Shell debugging restarted
+ unset __lmod_vx
+ unset __lmod_vx
Shell debugging temporarily silenced: export LMOD_SH_DBG_ON=1 for this output (/usr/share/lmod/lmod/init/bash)
+ '[' -n x ']'
+ set +x
Shell debugging temporarily silenced: export LMOD_SH_DBG_ON=1 for this output (/usr/share/lmod/lmod/init/bash)
+ unset __lmod_vx
+ unset __lmod_vx
Shell debugging temporarily silenced: export LMOD_SH_DBG_ON=1 for this output (/usr/share/lmod/lmod/init/bash)
+ unset __lmod_vx
Shell debugging restarted
+ unset __lmod_vx
+ '[' -z '' ']'
+ case "$-" in
Shell debugging restarted
+ unset __lmod_vx
Shell debugging restarted
Shell debugging temporarily silenced: export LMOD_SH_DBG_ON=1 for this output (/usr/share/lmod/lmod/init/bash)
+ '[' -z '' ']'
+ case "$-" in
+ __lmod_vx=x
+ set +x
+ '[' -z '' ']'
+ case "$-" in
+ __lmod_vx=x
Shell debugging restarted
+ unset __lmod_vx
Shell debugging restarted
+ unset __lmod_vx
Shell debugging restarted
+ __lmod_vx=x
+ '[' -n x ']'
+ set +x
Shell debugging restarted
+ unset __lmod_vx
+ __lmod_vx=x
+ '[' -n x ']'
+ set +x
Shell debugging temporarily silenced: export LMOD_SH_DBG_ON=1 for this output (/usr/share/lmod/lmod/init/bash)
Shell debugging temporarily silenced: export LMOD_SH_DBG_ON=1 for this output (/usr/share/lmod/lmod/init/bash)
+ speed3d_r2c cufft float-long 1400 1400 1400 -reorder -p2p_pl -slabs -r2c_dir 2 -ingrid 256 1 1 -outgrid 256 1 1 -no-gpu-aware -n5
+ '[' -n x ']'
+ set +x
+ '[' -z '' ']'
Shell debugging temporarily silenced: export LMOD_SH_DBG_ON=1 for this output (/usr/share/lmod/lmod/init/bash)
+ speed3d_r2c cufft float-long 1400 1400 1400 -reorder -p2p_pl -slabs -r2c_dir 2 -ingrid 256 1 1 -outgrid 256 1 1 -no-gpu-aware -n5
+ __lmod_vx=x
+ '[' -n x ']'
+ set +x
Shell debugging restarted
+ unset __lmod_vx
+ __lmod_vx=x
+ '[' -n x ']'
+ set +x
+ '[' -n x ']'
+ set +x
Shell debugging temporarily silenced: export LMOD_SH_DBG_ON=1 for this output (/usr/share/lmod/lmod/init/bash)
+ '[' -n x ']'
+ set +x
+ unset __lmod_vx
+ __lmod_vx=x
+ '[' -n x ']'
+ set +x
+ set +x
+ __lmod_vx=x
+ '[' -n x ']'
+ set +x
+ speed3d_r2c cufft float-long 1400 1400 1400 -reorder -p2p_pl -slabs -r2c_dir 2 -ingrid 256 1 1 -outgrid 256 1 1 -no-gpu-aware -n5
Shell debugging temporarily silenced: export LMOD_SH_DBG_ON=1 for this output (/usr/share/lmod/lmod/init/bash)
+ '[' -n x ']'
+ set +x
+ unset __lmod_vx
+ '[' -z '' ']'
+ case "$-" in
+ __lmod_vx=x
Shell debugging restarted
+ unset __lmod_vx
+ __lmod_vx=x
+ '[' -n x ']'
+ set +x
Shell debugging restarted
+ unset __lmod_vx
Shell debugging restarted
+ '[' -z '' ']'
+ case "$-" in
Shell debugging temporarily silenced: export LMOD_SH_DBG_ON=1 for this output (/usr/share/lmod/lmod/init/bash)
Shell debugging temporarily silenced: export LMOD_SH_DBG_ON=1 for this output (/usr/share/lmod/lmod/init/bash)
Shell debugging temporarily silenced: export LMOD_SH_DBG_ON=1 for this output (/usr/share/lmod/lmod/init/bash)
+ __lmod_vx=x
+ '[' -n x ']'
+ set +x
+ speed3d_r2c cufft float-long 1400 1400 1400 -reorder -p2p_pl -slabs -r2c_dir 2 -ingrid 256 1 1 -outgrid 256 1 1 -no-gpu-aware -n5
+ '[' -z '' ']'
+ case "$-" in
+ __lmod_vx=x
+ speed3d_r2c cufft float-long 1400 1400 1400 -reorder -p2p_pl -slabs -r2c_dir 2 -ingrid 256 1 1 -outgrid 256 1 1 -no-gpu-aware -n5
+ __lmod_vx=x
+ '[' -n x ']'
+ set +x
Shell debugging restarted
+ unset __lmod_vx
+ '[' -n x ']'
+ set +x
+ speed3d_r2c cufft float-long 1400 1400 1400 -reorder -p2p_pl -slabs -r2c_dir 2 -ingrid 256 1 1 -outgrid 256 1 1 -no-gpu-aware -n5
+ '[' -z '' ']'
+ case "$-" in
+ __lmod_vx=x
+ '[' -n x ']'
+ set +x
+ speed3d_r2c cufft float-long 1400 1400 1400 -reorder -p2p_pl -slabs -r2c_dir 2 -ingrid 256 1 1 -outgrid 256 1 1 -no-gpu-aware -n5
Shell debugging restarted
+ unset __lmod_vx
Shell debugging temporarily silenced: export LMOD_SH_DBG_ON=1 for this output (/usr/share/lmod/lmod/init/bash)
+ speed3d_r2c cufft float-long 1400 1400 1400 -reorder -p2p_pl -slabs -r2c_dir 2 -ingrid 256 1 1 -outgrid 256 1 1 -no-gpu-aware -n5
+ unset __lmod_vx
Shell debugging restarted
+ unset __lmod_vx
Shell debugging temporarily silenced: export LMOD_SH_DBG_ON=1 for this output (/usr/share/lmod/lmod/init/bash)
Shell debugging restarted
+ unset __lmod_vx
Shell debugging temporarily silenced: export LMOD_SH_DBG_ON=1 for this output (/usr/share/lmod/lmod/init/bash)
+ '[' -z '' ']'
+ case "$-" in
+ __lmod_vx=x
+ speed3d_r2c cufft float-long 1400 1400 1400 -reorder -p2p_pl -slabs -r2c_dir 2 -ingrid 256 1 1 -outgrid 256 1 1 -no-gpu-aware -n5
+ unset __lmod_vx
+ speed3d_r2c cufft float-long 1400 1400 1400 -reorder -p2p_pl -slabs -r2c_dir 2 -ingrid 256 1 1 -outgrid 256 1 1 -no-gpu-aware -n5
+ speed3d_r2c cufft float-long 1400 1400 1400 -reorder -p2p_pl -slabs -r2c_dir 2 -ingrid 256 1 1 -outgrid 256 1 1 -no-gpu-aware -n5
Shell debugging temporarily silenced: export LMOD_SH_DBG_ON=1 for this output (/usr/share/lmod/lmod/init/bash)
Shell debugging restarted
+ '[' -n x ']'
+ set +x
+ speed3d_r2c cufft float-long 1400 1400 1400 -reorder -p2p_pl -slabs -r2c_dir 2 -ingrid 256 1 1 -outgrid 256 1 1 -no-gpu-aware -n5
Shell debugging restarted
+ unset __lmod_vx
Shell debugging temporarily silenced: export LMOD_SH_DBG_ON=1 for this output (/usr/share/lmod/lmod/init/bash)
+ __lmod_vx=x
+ '[' -n x ']'
+ set +x
+ '[' -z '' ']'
+ case "$-" in
+ __lmod_vx=x
+ '[' -n x ']'
+ set +x
Shell debugging restarted
+ unset __lmod_vx
Shell debugging restarted
+ unset __lmod_vx
Shell debugging restarted
Shell debugging restarted
+ unset __lmod_vx
+ '[' -n x ']'
+ set +x
Shell debugging restarted
+ unset __lmod_vx
+ '[' -z '' ']'
+ case "$-" in
Shell debugging temporarily silenced: export LMOD_SH_DBG_ON=1 for this output (/usr/share/lmod/lmod/init/bash)
Shell debugging restarted
+ unset __lmod_vx
Shell debugging temporarily silenced: export LMOD_SH_DBG_ON=1 for this output (/usr/share/lmod/lmod/init/bash)
+ '[' -z '' ']'
+ case "$-" in
+ __lmod_vx=x
+ '[' -n x ']'
+ set +x
Shell debugging restarted
+ unset __lmod_vx
+ '[' -z '' ']'
+ case "$-" in
+ __lmod_vx=x
Shell debugging temporarily silenced: export LMOD_SH_DBG_ON=1 for this output (/usr/share/lmod/lmod/init/bash)
+ '[' -z '' ']'
+ case "$-" in
Shell debugging restarted
+ unset __lmod_vx
+ '[' -z '' ']'
+ case "$-" in
+ __lmod_vx=x
+ speed3d_r2c cufft float-long 1400 1400 1400 -reorder -p2p_pl -slabs -r2c_dir 2 -ingrid 256 1 1 -outgrid 256 1 1 -no-gpu-aware -n5
Shell debugging temporarily silenced: export LMOD_SH_DBG_ON=1 for this output (/usr/share/lmod/lmod/init/bash)
+ __lmod_vx=x
+ '[' -n x ']'
+ set +x
+ '[' -n x ']'
+ set +x
+ __lmod_vx=x
+ '[' -n x ']'
+ set +x
+ '[' -z '' ']'
+ case "$-" in
+ __lmod_vx=x
+ '[' -n x ']'
+ '[' -z '' ']'
+ case "$-" in
Shell debugging temporarily silenced: export LMOD_SH_DBG_ON=1 for this output (/usr/share/lmod/lmod/init/bash)
+ '[' -z '' ']'
+ case "$-" in
Shell debugging restarted
+ unset __lmod_vx
+ speed3d_r2c cufft float-long 1400 1400 1400 -reorder -p2p_pl -slabs -r2c_dir 2 -ingrid 256 1 1 -outgrid 256 1 1 -no-gpu-aware -n5
Shell debugging restarted
+ unset __lmod_vx
+ '[' -z '' ']'
+ case "$-" in
+ __lmod_vx=x
+ '[' -n x ']'
Shell debugging temporarily silenced: export LMOD_SH_DBG_ON=1 for this output (/usr/share/lmod/lmod/init/bash)
Shell debugging restarted
+ unset __lmod_vx
+ speed3d_r2c cufft float-long 1400 1400 1400 -reorder -p2p_pl -slabs -r2c_dir 2 -ingrid 256 1 1 -outgrid 256 1 1 -no-gpu-aware -n5
+ speed3d_r2c cufft float-long 1400 1400 1400 -reorder -p2p_pl -slabs -r2c_dir 2 -ingrid 256 1 1 -outgrid 256 1 1 -no-gpu-aware -n5
+ __lmod_vx=x
+ '[' -n x ']'
+ set +x
+ '[' -z '' ']'
+ case "$-" in
+ __lmod_vx=x
+ speed3d_r2c cufft float-long 1400 1400 1400 -reorder -p2p_pl -slabs -r2c_dir 2 -ingrid 256 1 1 -outgrid 256 1 1 -no-gpu-aware -n5
+ speed3d_r2c cufft float-long 1400 1400 1400 -reorder -p2p_pl -slabs -r2c_dir 2 -ingrid 256 1 1 -outgrid 256 1 1 -no-gpu-aware -n5
+ '[' -n x ']'
+ set +x
+ speed3d_r2c cufft float-long 1400 1400 1400 -reorder -p2p_pl -slabs -r2c_dir 2 -ingrid 256 1 1 -outgrid 256 1 1 -no-gpu-aware -n5
+ '[' -n x ']'
+ set +x
+ speed3d_r2c cufft float-long 1400 1400 1400 -reorder -p2p_pl -slabs -r2c_dir 2 -ingrid 256 1 1 -outgrid 256 1 1 -no-gpu-aware -n5
+ '[' -z '' ']'
+ case "$-" in
+ '[' -z '' ']'
+ case "$-" in
+ __lmod_vx=x
+ speed3d_r2c cufft float-long 1400 1400 1400 -reorder -p2p_pl -slabs -r2c_dir 2 -ingrid 256 1 1 -outgrid 256 1 1 -no-gpu-aware -n5
+ speed3d_r2c cufft float-long 1400 1400 1400 -reorder -p2p_pl -slabs -r2c_dir 2 -ingrid 256 1 1 -outgrid 256 1 1 -no-gpu-aware -n5
Shell debugging restarted
+ unset __lmod_vx
+ '[' -z '' ']'
+ case "$-" in
+ __lmod_vx=x
+ '[' -z '' ']'
+ case "$-" in
+ __lmod_vx=x
+ case "$-" in
+ __lmod_vx=x
+ '[' -n x ']'
+ set +x
+ '[' -z '' ']'
+ case "$-" in
+ __lmod_vx=x
Shell debugging temporarily silenced: export LMOD_SH_DBG_ON=1 for this output (/usr/share/lmod/lmod/init/bash)
+ speed3d_r2c cufft float-long 1400 1400 1400 -reorder -p2p_pl -slabs -r2c_dir 2 -ingrid 256 1 1 -outgrid 256 1 1 -no-gpu-aware -n5
+ speed3d_r2c cufft float-long 1400 1400 1400 -reorder -p2p_pl -slabs -r2c_dir 2 -ingrid 256 1 1 -outgrid 256 1 1 -no-gpu-aware -n5
+ unset __lmod_vx
+ '[' -z '' ']'
+ case "$-" in
+ __lmod_vx=x
+ '[' -n x ']'
+ set +x
Shell debugging restarted
+ unset __lmod_vx
+ '[' -z '' ']'
Shell debugging temporarily silenced: export LMOD_SH_DBG_ON=1 for this output (/usr/share/lmod/lmod/init/bash)
Shell debugging restarted
+ unset __lmod_vx
+ '[' -z '' ']'
+ case "$-" in
+ __lmod_vx=x
Shell debugging restarted
Shell debugging temporarily silenced: export LMOD_SH_DBG_ON=1 for this output (/usr/share/lmod/lmod/init/bash)
Shell debugging restarted
Shell debugging restarted
+ unset __lmod_vx
Shell debugging temporarily silenced: export LMOD_SH_DBG_ON=1 for this output (/usr/share/lmod/lmod/init/bash)
+ '[' -n x ']'
+ set +x
Shell debugging temporarily silenced: export LMOD_SH_DBG_ON=1 for this output (/usr/share/lmod/lmod/init/bash)
+ speed3d_r2c cufft float-long 1400 1400 1400 -reorder -p2p_pl -slabs -r2c_dir 2 -ingrid 256 1 1 -outgrid 256 1 1 -no-gpu-aware -n5
Shell debugging temporarily silenced: export LMOD_SH_DBG_ON=1 for this output (/usr/share/lmod/lmod/init/bash)
+ unset __lmod_vx
+ speed3d_r2c cufft float-long 1400 1400 1400 -reorder -p2p_pl -slabs -r2c_dir 2 -ingrid 256 1 1 -outgrid 256 1 1 -no-gpu-aware -n5
+ __lmod_vx=x
+ '[' -n x ']'
+ set +x
Shell debugging restarted
+ unset __lmod_vx
Shell debugging temporarily silenced: export LMOD_SH_DBG_ON=1 for this output (/usr/share/lmod/lmod/init/bash)
Shell debugging restarted
+ unset __lmod_vx
Shell debugging temporarily silenced: export LMOD_SH_DBG_ON=1 for this output (/usr/share/lmod/lmod/init/bash)
Shell debugging temporarily silenced: export LMOD_SH_DBG_ON=1 for this output (/usr/share/lmod/lmod/init/bash)
+ '[' -n x ']'
+ set +x
+ __lmod_vx=x
+ '[' -n x ']'
+ set +x
+ speed3d_r2c cufft float-long 1400 1400 1400 -reorder -p2p_pl -slabs -r2c_dir 2 -ingrid 256 1 1 -outgrid 256 1 1 -no-gpu-aware -n5
+ speed3d_r2c cufft float-long 1400 1400 1400 -reorder -p2p_pl -slabs -r2c_dir 2 -ingrid 256 1 1 -outgrid 256 1 1 -no-gpu-aware -n5
+ '[' -z '' ']'
+ case "$-" in
Shell debugging temporarily silenced: export LMOD_SH_DBG_ON=1 for this output (/usr/share/lmod/lmod/init/bash)
+ '[' -n x ']'
+ set +x
+ speed3d_r2c cufft float-long 1400 1400 1400 -reorder -p2p_pl -slabs -r2c_dir 2 -ingrid 256 1 1 -outgrid 256 1 1 -no-gpu-aware -n5
+ speed3d_r2c cufft float-long 1400 1400 1400 -reorder -p2p_pl -slabs -r2c_dir 2 -ingrid 256 1 1 -outgrid 256 1 1 -no-gpu-aware -n5
+ '[' -z '' ']'
+ case "$-" in
Shell debugging restarted
Shell debugging temporarily silenced: export LMOD_SH_DBG_ON=1 for this output (/usr/share/lmod/lmod/init/bash)
+ speed3d_r2c cufft float-long 1400 1400 1400 -reorder -p2p_pl -slabs -r2c_dir 2 -ingrid 256 1 1 -outgrid 256 1 1 -no-gpu-aware -n5
+ speed3d_r2c cufft float-long 1400 1400 1400 -reorder -p2p_pl -slabs -r2c_dir 2 -ingrid 256 1 1 -outgrid 256 1 1 -no-gpu-aware -n5
Shell debugging restarted
+ unset __lmod_vx
+ '[' -z '' ']'
+ case "$-" in
Shell debugging restarted
+ unset __lmod_vx
Shell debugging temporarily silenced: export LMOD_SH_DBG_ON=1 for this output (/usr/share/lmod/lmod/init/bash)
Shell debugging temporarily silenced: export LMOD_SH_DBG_ON=1 for this output (/usr/share/lmod/lmod/init/bash)
Shell debugging temporarily silenced: export LMOD_SH_DBG_ON=1 for this output (/usr/share/lmod/lmod/init/bash)
Shell debugging restarted
+ unset __lmod_vx
+ speed3d_r2c cufft float-long 1400 1400 1400 -reorder -p2p_pl -slabs -r2c_dir 2 -ingrid 256 1 1 -outgrid 256 1 1 -no-gpu-aware -n5
+ unset __lmod_vx
+ speed3d_r2c cufft float-long 1400 1400 1400 -reorder -p2p_pl -slabs -r2c_dir 2 -ingrid 256 1 1 -outgrid 256 1 1 -no-gpu-aware -n5
Shell debugging restarted
+ unset __lmod_vx
Shell debugging temporarily silenced: export LMOD_SH_DBG_ON=1 for this output (/usr/share/lmod/lmod/init/bash)
Shell debugging restarted
Shell debugging restarted
+ unset __lmod_vx
Shell debugging restarted
+ unset __lmod_vx
+ speed3d_r2c cufft float-long 1400 1400 1400 -reorder -p2p_pl -slabs -r2c_dir 2 -ingrid 256 1 1 -outgrid 256 1 1 -no-gpu-aware -n5
+ '[' -z '' ']'
+ case "$-" in
+ __lmod_vx=x
+ '[' -z '' ']'
+ case "$-" in
+ __lmod_vx=x
Shell debugging temporarily silenced: export LMOD_SH_DBG_ON=1 for this output (/usr/share/lmod/lmod/init/bash)
+ speed3d_r2c cufft float-long 1400 1400 1400 -reorder -p2p_pl -slabs -r2c_dir 2 -ingrid 256 1 1 -outgrid 256 1 1 -no-gpu-aware -n5
+ case "$-" in
+ __lmod_vx=x
+ '[' -n x ']'
+ set +x
+ __lmod_vx=x
+ '[' -n x ']'
+ set +x
+ speed3d_r2c cufft float-long 1400 1400 1400 -reorder -p2p_pl -slabs -r2c_dir 2 -ingrid 256 1 1 -outgrid 256 1 1 -no-gpu-aware -n5
+ speed3d_r2c cufft float-long 1400 1400 1400 -reorder -p2p_pl -slabs -r2c_dir 2 -ingrid 256 1 1 -outgrid 256 1 1 -no-gpu-aware -n5
+ unset __lmod_vx
+ '[' -n x ']'
+ set +x
+ unset __lmod_vx
+ '[' -z '' ']'
+ case "$-" in
+ __lmod_vx=x
+ '[' -n x ']'
+ set +x
Shell debugging restarted
+ unset __lmod_vx
+ __lmod_vx=x
+ '[' -n x ']'
+ set +x
+ speed3d_r2c cufft float-long 1400 1400 1400 -reorder -p2p_pl -slabs -r2c_dir 2 -ingrid 256 1 1 -outgrid 256 1 1 -no-gpu-aware -n5
+ '[' -n x ']'
+ set +x
+ '[' -z '' ']'
Shell debugging restarted
+ '[' -z '' ']'
+ case "$-" in
+ '[' -z '' ']'
+ case "$-" in
+ __lmod_vx=x
+ '[' -n x ']'
+ set +x
+ speed3d_r2c cufft float-long 1400 1400 1400 -reorder -p2p_pl -slabs -r2c_dir 2 -ingrid 256 1 1 -outgrid 256 1 1 -no-gpu-aware -n5
+ set +x
+ __lmod_vx=x
+ '[' -n x ']'
+ set +x
Shell debugging restarted
+ unset __lmod_vx
Shell debugging temporarily silenced: export LMOD_SH_DBG_ON=1 for this output (/usr/share/lmod/lmod/init/bash)
+ '[' -z '' ']'
+ case "$-" in
+ __lmod_vx=x
+ '[' -z '' ']'
+ case "$-" in
+ __lmod_vx=x
+ '[' -n x ']'
+ set +x
+ __lmod_vx=x
+ '[' -n x ']'
+ set +x
+ set +x
+ speed3d_r2c cufft float-long 1400 1400 1400 -reorder -p2p_pl -slabs -r2c_dir 2 -ingrid 256 1 1 -outgrid 256 1 1 -no-gpu-aware -n5
+ '[' -z '' ']'
+ case "$-" in
Shell debugging temporarily silenced: export LMOD_SH_DBG_ON=1 for this output (/usr/share/lmod/lmod/init/bash)
+ unset __lmod_vx
+ '[' -n x ']'
+ set +x
+ '[' -z '' ']'
+ case "$-" in
+ __lmod_vx=x
+ speed3d_r2c cufft float-long 1400 1400 1400 -reorder -p2p_pl -slabs -r2c_dir 2 -ingrid 256 1 1 -outgrid 256 1 1 -no-gpu-aware -n5
Shell debugging temporarily silenced: export LMOD_SH_DBG_ON=1 for this output (/usr/share/lmod/lmod/init/bash)
+ '[' -z '' ']'
+ case "$-" in
+ __lmod_vx=x
+ '[' -n x ']'
+ set +x
+ __lmod_vx=x
+ '[' -n x ']'
+ set +x
+ '[' -n x ']'
+ set +x
+ speed3d_r2c cufft float-long 1400 1400 1400 -reorder -p2p_pl -slabs -r2c_dir 2 -ingrid 256 1 1 -outgrid 256 1 1 -no-gpu-aware -n5
+ '[' -z '' ']'
+ case "$-" in
+ __lmod_vx=x
+ speed3d_r2c cufft float-long 1400 1400 1400 -reorder -p2p_pl -slabs -r2c_dir 2 -ingrid 256 1 1 -outgrid 256 1 1 -no-gpu-aware -n5
+ speed3d_r2c cufft float-long 1400 1400 1400 -reorder -p2p_pl -slabs -r2c_dir 2 -ingrid 256 1 1 -outgrid 256 1 1 -no-gpu-aware -n5
Shell debugging temporarily silenced: export LMOD_SH_DBG_ON=1 for this output (/usr/share/lmod/lmod/init/bash)
+ '[' -n x ']'
+ set +x
+ unset __lmod_vx
Shell debugging temporarily silenced: export LMOD_SH_DBG_ON=1 for this output (/usr/share/lmod/lmod/init/bash)
+ speed3d_r2c cufft float-long 1400 1400 1400 -reorder -p2p_pl -slabs -r2c_dir 2 -ingrid 256 1 1 -outgrid 256 1 1 -no-gpu-aware -n5
+ speed3d_r2c cufft float-long 1400 1400 1400 -reorder -p2p_pl -slabs -r2c_dir 2 -ingrid 256 1 1 -outgrid 256 1 1 -no-gpu-aware -n5
Shell debugging temporarily silenced: export LMOD_SH_DBG_ON=1 for this output (/usr/share/lmod/lmod/init/bash)
Shell debugging temporarily silenced: export LMOD_SH_DBG_ON=1 for this output (/usr/share/lmod/lmod/init/bash)
Shell debugging restarted
+ unset __lmod_vx
+ '[' -z '' ']'
+ case "$-" in
+ __lmod_vx=x
Shell debugging temporarily silenced: export LMOD_SH_DBG_ON=1 for this output (/usr/share/lmod/lmod/init/bash)
Shell debugging restarted
+ unset __lmod_vx
Shell debugging temporarily silenced: export LMOD_SH_DBG_ON=1 for this output (/usr/share/lmod/lmod/init/bash)
+ speed3d_r2c cufft float-long 1400 1400 1400 -reorder -p2p_pl -slabs -r2c_dir 2 -ingrid 256 1 1 -outgrid 256 1 1 -no-gpu-aware -n5
Shell debugging restarted
+ unset __lmod_vx
+ '[' -z '' ']'
+ case "$-" in
+ __lmod_vx=x
Shell debugging temporarily silenced: export LMOD_SH_DBG_ON=1 for this output (/usr/share/lmod/lmod/init/bash)
Shell debugging restarted
+ unset __lmod_vx
+ speed3d_r2c cufft float-long 1400 1400 1400 -reorder -p2p_pl -slabs -r2c_dir 2 -ingrid 256 1 1 -outgrid 256 1 1 -no-gpu-aware -n5
Shell debugging restarted
+ '[' -z '' ']'
+ case "$-" in
Shell debugging restarted
+ unset __lmod_vx
Shell debugging temporarily silenced: export LMOD_SH_DBG_ON=1 for this output (/usr/share/lmod/lmod/init/bash)
+ unset __lmod_vx
Shell debugging temporarily silenced: export LMOD_SH_DBG_ON=1 for this output (/usr/share/lmod/lmod/init/bash)
Shell debugging temporarily silenced: export LMOD_SH_DBG_ON=1 for this output (/usr/share/lmod/lmod/init/bash)
Shell debugging restarted
+ unset __lmod_vx
Shell debugging restarted
+ '[' -z '' ']'
+ case "$-" in
+ __lmod_vx=x
+ '[' -n x ']'
+ set +x
Shell debugging restarted
Shell debugging temporarily silenced: export LMOD_SH_DBG_ON=1 for this output (/usr/share/lmod/lmod/init/bash)
Shell debugging temporarily silenced: export LMOD_SH_DBG_ON=1 for this output (/usr/share/lmod/lmod/init/bash)
Shell debugging temporarily silenced: export LMOD_SH_DBG_ON=1 for this output (/usr/share/lmod/lmod/init/bash)
Shell debugging restarted
+ unset __lmod_vx
Shell debugging restarted
+ unset __lmod_vx
Shell debugging temporarily silenced: export LMOD_SH_DBG_ON=1 for this output (/usr/share/lmod/lmod/init/bash)
+ __lmod_vx=x
+ '[' -n x ']'
+ set +x
+ speed3d_r2c cufft float-long 1400 1400 1400 -reorder -p2p_pl -slabs -r2c_dir 2 -ingrid 256 1 1 -outgrid 256 1 1 -no-gpu-aware -n5
Shell debugging restarted
+ unset __lmod_vx
Shell debugging temporarily silenced: export LMOD_SH_DBG_ON=1 for this output (/usr/share/lmod/lmod/init/bash)
+ __lmod_vx=x
+ '[' -n x ']'
+ set +x
Shell debugging temporarily silenced: export LMOD_SH_DBG_ON=1 for this output (/usr/share/lmod/lmod/init/bash)
Shell debugging restarted
+ unset __lmod_vx
Shell debugging restarted
+ unset __lmod_vx
+ '[' -z '' ']'
+ case "$-" in
+ '[' -z '' ']'
+ case "$-" in
+ __lmod_vx=x
Shell debugging temporarily silenced: export LMOD_SH_DBG_ON=1 for this output (/usr/share/lmod/lmod/init/bash)
+ '[' -z '' ']'
+ case "$-" in
+ __lmod_vx=x
+ '[' -n x ']'
+ set +x
+ speed3d_r2c cufft float-long 1400 1400 1400 -reorder -p2p_pl -slabs -r2c_dir 2 -ingrid 256 1 1 -outgrid 256 1 1 -no-gpu-aware -n5
+ speed3d_r2c cufft float-long 1400 1400 1400 -reorder -p2p_pl -slabs -r2c_dir 2 -ingrid 256 1 1 -outgrid 256 1 1 -no-gpu-aware -n5
+ '[' -n x ']'
+ set +x
+ '[' -z '' ']'
+ case "$-" in
+ __lmod_vx=x
+ '[' -n x ']'
+ set +x
+ '[' -n x ']'
+ set +x
+ '[' -z '' ']'
+ case "$-" in
Shell debugging temporarily silenced: export LMOD_SH_DBG_ON=1 for this output (/usr/share/lmod/lmod/init/bash)
Shell debugging restarted
+ '[' -z '' ']'
+ case "$-" in
+ __lmod_vx=x
+ '[' -n x ']'
+ set +x
+ speed3d_r2c cufft float-long 1400 1400 1400 -reorder -p2p_pl -slabs -r2c_dir 2 -ingrid 256 1 1 -outgrid 256 1 1 -no-gpu-aware -n5
Shell debugging temporarily silenced: export LMOD_SH_DBG_ON=1 for this output (/usr/share/lmod/lmod/init/bash)
+ '[' -n x ']'
+ set +x
+ '[' -z '' ']'
+ case "$-" in
+ __lmod_vx=x
+ '[' -z '' ']'
+ case "$-" in
+ __lmod_vx=x
+ unset __lmod_vx
Shell debugging temporarily silenced: export LMOD_SH_DBG_ON=1 for this output (/usr/share/lmod/lmod/init/bash)
+ '[' -z '' ']'
+ case "$-" in
+ __lmod_vx=x
+ case "$-" in
+ __lmod_vx=x
+ '[' -n x ']'
+ set +x
+ speed3d_r2c cufft float-long 1400 1400 1400 -reorder -p2p_pl -slabs -r2c_dir 2 -ingrid 256 1 1 -outgrid 256 1 1 -no-gpu-aware -n5
+ __lmod_vx=x
+ '[' -n x ']'
+ set +x
+ '[' -z '' ']'
+ case "$-" in
+ __lmod_vx=x
+ '[' -n x ']'
+ set +x
Shell debugging restarted
+ unset __lmod_vx
+ unset __lmod_vx
+ speed3d_r2c cufft float-long 1400 1400 1400 -reorder -p2p_pl -slabs -r2c_dir 2 -ingrid 256 1 1 -outgrid 256 1 1 -no-gpu-aware -n5
Shell debugging temporarily silenced: export LMOD_SH_DBG_ON=1 for this output (/usr/share/lmod/lmod/init/bash)
+ unset __lmod_vx
+ '[' -n x ']'
+ set +x
Shell debugging restarted
+ unset __lmod_vx
+ '[' -z '' ']'
+ case "$-" in
+ __lmod_vx=x
+ speed3d_r2c cufft float-long 1400 1400 1400 -reorder -p2p_pl -slabs -r2c_dir 2 -ingrid 256 1 1 -outgrid 256 1 1 -no-gpu-aware -n5
+ speed3d_r2c cufft float-long 1400 1400 1400 -reorder -p2p_pl -slabs -r2c_dir 2 -ingrid 256 1 1 -outgrid 256 1 1 -no-gpu-aware -n5
+ __lmod_vx=x
+ '[' -n x ']'
+ set +x
Shell debugging restarted
+ unset __lmod_vx
+ '[' -z '' ']'
+ case "$-" in
+ __lmod_vx=x
+ speed3d_r2c cufft float-long 1400 1400 1400 -reorder -p2p_pl -slabs -r2c_dir 2 -ingrid 256 1 1 -outgrid 256 1 1 -no-gpu-aware -n5
+ '[' -n x ']'
+ set +x
Shell debugging restarted
+ unset __lmod_vx
+ '[' -n x ']'
+ set +x
+ speed3d_r2c cufft float-long 1400 1400 1400 -reorder -p2p_pl -slabs -r2c_dir 2 -ingrid 256 1 1 -outgrid 256 1 1 -no-gpu-aware -n5
+ speed3d_r2c cufft float-long 1400 1400 1400 -reorder -p2p_pl -slabs -r2c_dir 2 -ingrid 256 1 1 -outgrid 256 1 1 -no-gpu-aware -n5
+ __lmod_vx=x
+ '[' -n x ']'
+ set +x
Shell debugging temporarily silenced: export LMOD_SH_DBG_ON=1 for this output (/usr/share/lmod/lmod/init/bash)
+ '[' -n x ']'
+ set +x
Shell debugging temporarily silenced: export LMOD_SH_DBG_ON=1 for this output (/usr/share/lmod/lmod/init/bash)
+ '[' -z '' ']'
+ case "$-" in
+ __lmod_vx=x
Shell debugging restarted
+ unset __lmod_vx
Shell debugging temporarily silenced: export LMOD_SH_DBG_ON=1 for this output (/usr/share/lmod/lmod/init/bash)
+ speed3d_r2c cufft float-long 1400 1400 1400 -reorder -p2p_pl -slabs -r2c_dir 2 -ingrid 256 1 1 -outgrid 256 1 1 -no-gpu-aware -n5
Shell debugging temporarily silenced: export LMOD_SH_DBG_ON=1 for this output (/usr/share/lmod/lmod/init/bash)
Shell debugging restarted
+ unset __lmod_vx
+ speed3d_r2c cufft float-long 1400 1400 1400 -reorder -p2p_pl -slabs -r2c_dir 2 -ingrid 256 1 1 -outgrid 256 1 1 -no-gpu-aware -n5
Shell debugging temporarily silenced: export LMOD_SH_DBG_ON=1 for this output (/usr/share/lmod/lmod/init/bash)
+ '[' -n x ']'
+ set +x
+ unset __lmod_vx
Shell debugging temporarily silenced: export LMOD_SH_DBG_ON=1 for this output (/usr/share/lmod/lmod/init/bash)
Shell debugging restarted
+ unset __lmod_vx
+ '[' -z '' ']'
+ case "$-" in
+ __lmod_vx=x
+ '[' -n x ']'
+ set +x
Shell debugging restarted
+ unset __lmod_vx
Shell debugging temporarily silenced: export LMOD_SH_DBG_ON=1 for this output (/usr/share/lmod/lmod/init/bash)
+ speed3d_r2c cufft float-long 1400 1400 1400 -reorder -p2p_pl -slabs -r2c_dir 2 -ingrid 256 1 1 -outgrid 256 1 1 -no-gpu-aware -n5
+ speed3d_r2c cufft float-long 1400 1400 1400 -reorder -p2p_pl -slabs -r2c_dir 2 -ingrid 256 1 1 -outgrid 256 1 1 -no-gpu-aware -n5
+ __lmod_vx=x
+ '[' -n x ']'
+ set +x
Shell debugging temporarily silenced: export LMOD_SH_DBG_ON=1 for this output (/usr/share/lmod/lmod/init/bash)
Shell debugging restarted
+ '[' -z '' ']'
+ case "$-" in
+ __lmod_vx=x
Shell debugging restarted
+ unset __lmod_vx
Shell debugging restarted
+ unset __lmod_vx
+ speed3d_r2c cufft float-long 1400 1400 1400 -reorder -p2p_pl -slabs -r2c_dir 2 -ingrid 256 1 1 -outgrid 256 1 1 -no-gpu-aware -n5
+ '[' -z '' ']'
+ case "$-" in
+ __lmod_vx=x
+ '[' -z '' ']'
+ case "$-" in
+ __lmod_vx=x
+ speed3d_r2c cufft float-long 1400 1400 1400 -reorder -p2p_pl -slabs -r2c_dir 2 -ingrid 256 1 1 -outgrid 256 1 1 -no-gpu-aware -n5
Shell debugging restarted
+ unset __lmod_vx
+ speed3d_r2c cufft float-long 1400 1400 1400 -reorder -p2p_pl -slabs -r2c_dir 2 -ingrid 256 1 1 -outgrid 256 1 1 -no-gpu-aware -n5
Shell debugging temporarily silenced: export LMOD_SH_DBG_ON=1 for this output (/usr/share/lmod/lmod/init/bash)
+ '[' -z '' ']'
+ case "$-" in
+ '[' -z '' ']'
+ case "$-" in
+ __lmod_vx=x
Shell debugging restarted
+ speed3d_r2c cufft float-long 1400 1400 1400 -reorder -p2p_pl -slabs -r2c_dir 2 -ingrid 256 1 1 -outgrid 256 1 1 -no-gpu-aware -n5
Shell debugging temporarily silenced: export LMOD_SH_DBG_ON=1 for this output (/usr/share/lmod/lmod/init/bash)
+ '[' -z '' ']'
+ case "$-" in
+ __lmod_vx=x
Shell debugging restarted
+ unset __lmod_vx
+ speed3d_r2c cufft float-long 1400 1400 1400 -reorder -p2p_pl -slabs -r2c_dir 2 -ingrid 256 1 1 -outgrid 256 1 1 -no-gpu-aware -n5
Shell debugging restarted
+ unset __lmod_vx
+ '[' -z '' ']'
+ case "$-" in
+ __lmod_vx=x
Shell debugging temporarily silenced: export LMOD_SH_DBG_ON=1 for this output (/usr/share/lmod/lmod/init/bash)
+ '[' -n x ']'
+ set +x
Shell debugging restarted
+ unset __lmod_vx
+ '[' -n x ']'
+ set +x
Shell debugging restarted
+ unset __lmod_vx
+ speed3d_r2c cufft float-long 1400 1400 1400 -reorder -p2p_pl -slabs -r2c_dir 2 -ingrid 256 1 1 -outgrid 256 1 1 -no-gpu-aware -n5
+ '[' -z '' ']'
+ case "$-" in
+ __lmod_vx=x
+ '[' -n x ']'
+ set +x
Shell debugging restarted
+ unset __lmod_vx
+ '[' -n x ']'
+ set +x
+ speed3d_r2c cufft float-long 1400 1400 1400 -reorder -p2p_pl -slabs -r2c_dir 2 -ingrid 256 1 1 -outgrid 256 1 1 -no-gpu-aware -n5
Shell debugging restarted
+ unset __lmod_vx
+ __lmod_vx=x
+ '[' -n x ']'
+ set +x
Shell debugging restarted
+ unset __lmod_vx
+ speed3d_r2c cufft float-long 1400 1400 1400 -reorder -p2p_pl -slabs -r2c_dir 2 -ingrid 256 1 1 -outgrid 256 1 1 -no-gpu-aware -n5
+ '[' -n x ']'
+ set +x
+ speed3d_r2c cufft float-long 1400 1400 1400 -reorder -p2p_pl -slabs -r2c_dir 2 -ingrid 256 1 1 -outgrid 256 1 1 -no-gpu-aware -n5
Shell debugging temporarily silenced: export LMOD_SH_DBG_ON=1 for this output (/usr/share/lmod/lmod/init/bash)
Shell debugging restarted
+ unset __lmod_vx
+ speed3d_r2c cufft float-long 1400 1400 1400 -reorder -p2p_pl -slabs -r2c_dir 2 -ingrid 256 1 1 -outgrid 256 1 1 -no-gpu-aware -n5
+ '[' -n x ']'
+ set +x
Shell debugging temporarily silenced: export LMOD_SH_DBG_ON=1 for this output (/usr/share/lmod/lmod/init/bash)
+ speed3d_r2c cufft float-long 1400 1400 1400 -reorder -p2p_pl -slabs -r2c_dir 2 -ingrid 256 1 1 -outgrid 256 1 1 -no-gpu-aware -n5
Shell debugging restarted
+ unset __lmod_vx
+ '[' -n x ']'
+ set +x
+ unset __lmod_vx
Shell debugging temporarily silenced: export LMOD_SH_DBG_ON=1 for this output (/usr/share/lmod/lmod/init/bash)
+ speed3d_r2c cufft float-long 1400 1400 1400 -reorder -p2p_pl -slabs -r2c_dir 2 -ingrid 256 1 1 -outgrid 256 1 1 -no-gpu-aware -n5
Shell debugging restarted
+ unset __lmod_vx
+ speed3d_r2c cufft float-long 1400 1400 1400 -reorder -p2p_pl -slabs -r2c_dir 2 -ingrid 256 1 1 -outgrid 256 1 1 -no-gpu-aware -n5
Shell debugging temporarily silenced: export LMOD_SH_DBG_ON=1 for this output (/usr/share/lmod/lmod/init/bash)
Shell debugging restarted
+ unset __lmod_vx
+ '[' -z '' ']'
+ speed3d_r2c cufft float-long 1400 1400 1400 -reorder -p2p_pl -slabs -r2c_dir 2 -ingrid 256 1 1 -outgrid 256 1 1 -no-gpu-aware -n5
+ '[' -z '' ']'
+ case "$-" in
+ '[' -n x ']'
+ set +x
Shell debugging temporarily silenced: export LMOD_SH_DBG_ON=1 for this output (/usr/share/lmod/lmod/init/bash)
Shell debugging temporarily silenced: export LMOD_SH_DBG_ON=1 for this output (/usr/share/lmod/lmod/init/bash)
+ unset __lmod_vx
+ speed3d_r2c cufft float-long 1400 1400 1400 -reorder -p2p_pl -slabs -r2c_dir 2 -ingrid 256 1 1 -outgrid 256 1 1 -no-gpu-aware -n5
+ '[' -n x ']'
+ set +x
Shell debugging temporarily silenced: export LMOD_SH_DBG_ON=1 for this output (/usr/share/lmod/lmod/init/bash)
+ speed3d_r2c cufft float-long 1400 1400 1400 -reorder -p2p_pl -slabs -r2c_dir 2 -ingrid 256 1 1 -outgrid 256 1 1 -no-gpu-aware -n5
+ '[' -z '' ']'
+ case "$-" in
+ __lmod_vx=x
Shell debugging temporarily silenced: export LMOD_SH_DBG_ON=1 for this output (/usr/share/lmod/lmod/init/bash)
Shell debugging restarted
+ unset __lmod_vx
Shell debugging restarted
+ unset __lmod_vx
+ speed3d_r2c cufft float-long 1400 1400 1400 -reorder -p2p_pl -slabs -r2c_dir 2 -ingrid 256 1 1 -outgrid 256 1 1 -no-gpu-aware -n5
Shell debugging restarted
+ unset __lmod_vx
Shell debugging temporarily silenced: export LMOD_SH_DBG_ON=1 for this output (/usr/share/lmod/lmod/init/bash)
+ '[' -z '' ']'
+ case "$-" in
+ __lmod_vx=x
Shell debugging restarted
+ unset __lmod_vx
+ speed3d_r2c cufft float-long 1400 1400 1400 -reorder -p2p_pl -slabs -r2c_dir 2 -ingrid 256 1 1 -outgrid 256 1 1 -no-gpu-aware -n5
+ '[' -z '' ']'
+ case "$-" in
+ __lmod_vx=x
+ speed3d_r2c cufft float-long 1400 1400 1400 -reorder -p2p_pl -slabs -r2c_dir 2 -ingrid 256 1 1 -outgrid 256 1 1 -no-gpu-aware -n5
+ speed3d_r2c cufft float-long 1400 1400 1400 -reorder -p2p_pl -slabs -r2c_dir 2 -ingrid 256 1 1 -outgrid 256 1 1 -no-gpu-aware -n5
+ '[' -z '' ']'
+ case "$-" in
+ __lmod_vx=x
+ speed3d_r2c cufft float-long 1400 1400 1400 -reorder -p2p_pl -slabs -r2c_dir 2 -ingrid 256 1 1 -outgrid 256 1 1 -no-gpu-aware -n5
+ speed3d_r2c cufft float-long 1400 1400 1400 -reorder -p2p_pl -slabs -r2c_dir 2 -ingrid 256 1 1 -outgrid 256 1 1 -no-gpu-aware -n5
+ '[' -z '' ']'
+ case "$-" in
+ speed3d_r2c cufft float-long 1400 1400 1400 -reorder -p2p_pl -slabs -r2c_dir 2 -ingrid 256 1 1 -outgrid 256 1 1 -no-gpu-aware -n5
+ '[' -n x ']'
+ set +x
+ speed3d_r2c cufft float-long 1400 1400 1400 -reorder -p2p_pl -slabs -r2c_dir 2 -ingrid 256 1 1 -outgrid 256 1 1 -no-gpu-aware -n5
+ speed3d_r2c cufft float-long 1400 1400 1400 -reorder -p2p_pl -slabs -r2c_dir 2 -ingrid 256 1 1 -outgrid 256 1 1 -no-gpu-aware -n5
Shell debugging restarted
+ unset __lmod_vx
+ '[' -n x ']'
+ set +x
+ speed3d_r2c cufft float-long 1400 1400 1400 -reorder -p2p_pl -slabs -r2c_dir 2 -ingrid 256 1 1 -outgrid 256 1 1 -no-gpu-aware -n5
+ speed3d_r2c cufft float-long 1400 1400 1400 -reorder -p2p_pl -slabs -r2c_dir 2 -ingrid 256 1 1 -outgrid 256 1 1 -no-gpu-aware -n5
Shell debugging restarted
+ unset __lmod_vx
+ speed3d_r2c cufft float-long 1400 1400 1400 -reorder -p2p_pl -slabs -r2c_dir 2 -ingrid 256 1 1 -outgrid 256 1 1 -no-gpu-aware -n5
+ '[' -n x ']'
+ set +x
+ '[' -z '' ']'
+ case "$-" in
+ speed3d_r2c cufft float-long 1400 1400 1400 -reorder -p2p_pl -slabs -r2c_dir 2 -ingrid 256 1 1 -outgrid 256 1 1 -no-gpu-aware -n5
+ speed3d_r2c cufft float-long 1400 1400 1400 -reorder -p2p_pl -slabs -r2c_dir 2 -ingrid 256 1 1 -outgrid 256 1 1 -no-gpu-aware -n5
+ '[' -n x ']'
+ set +x
+ speed3d_r2c cufft float-long 1400 1400 1400 -reorder -p2p_pl -slabs -r2c_dir 2 -ingrid 256 1 1 -outgrid 256 1 1 -no-gpu-aware -n5
+ case "$-" in
+ __lmod_vx=x
+ '[' -n x ']'
+ set +x
+ '[' -z '' ']'
+ case "$-" in
+ __lmod_vx=x
Shell debugging temporarily silenced: export LMOD_SH_DBG_ON=1 for this output (/usr/share/lmod/lmod/init/bash)
Shell debugging restarted
+ unset __lmod_vx
+ __lmod_vx=x
+ '[' -n x ']'
+ set +x
+ '[' -n x ']'
+ set +x
+ speed3d_r2c cufft float-long 1400 1400 1400 -reorder -p2p_pl -slabs -r2c_dir 2 -ingrid 256 1 1 -outgrid 256 1 1 -no-gpu-aware -n5
+ '[' -z '' ']'
+ case "$-" in
Shell debugging restarted
+ unset __lmod_vx
+ '[' -n x ']'
+ set +x
Shell debugging temporarily silenced: export LMOD_SH_DBG_ON=1 for this output (/usr/share/lmod/lmod/init/bash)
+ '[' -n x ']'
+ set +x
Shell debugging restarted
+ unset __lmod_vx
+ speed3d_r2c cufft float-long 1400 1400 1400 -reorder -p2p_pl -slabs -r2c_dir 2 -ingrid 256 1 1 -outgrid 256 1 1 -no-gpu-aware -n5
+ speed3d_r2c cufft float-long 1400 1400 1400 -reorder -p2p_pl -slabs -r2c_dir 2 -ingrid 256 1 1 -outgrid 256 1 1 -no-gpu-aware -n5
+ '[' -n x ']'
+ set +x
Shell debugging temporarily silenced: export LMOD_SH_DBG_ON=1 for this output (/usr/share/lmod/lmod/init/bash)
+ speed3d_r2c cufft float-long 1400 1400 1400 -reorder -p2p_pl -slabs -r2c_dir 2 -ingrid 256 1 1 -outgrid 256 1 1 -no-gpu-aware -n5
Shell debugging temporarily silenced: export LMOD_SH_DBG_ON=1 for this output (/usr/share/lmod/lmod/init/bash)
+ speed3d_r2c cufft float-long 1400 1400 1400 -reorder -p2p_pl -slabs -r2c_dir 2 -ingrid 256 1 1 -outgrid 256 1 1 -no-gpu-aware -n5
+ '[' -z '' ']'
+ case "$-" in
+ __lmod_vx=x
Shell debugging temporarily silenced: export LMOD_SH_DBG_ON=1 for this output (/usr/share/lmod/lmod/init/bash)
+ '[' -z '' ']'
+ case "$-" in
+ __lmod_vx=x
Shell debugging temporarily silenced: export LMOD_SH_DBG_ON=1 for this output (/usr/share/lmod/lmod/init/bash)
+ speed3d_r2c cufft float-long 1400 1400 1400 -reorder -p2p_pl -slabs -r2c_dir 2 -ingrid 256 1 1 -outgrid 256 1 1 -no-gpu-aware -n5
Shell debugging restarted
+ unset __lmod_vx
+ '[' -z '' ']'
+ case "$-" in
+ __lmod_vx=x
+ speed3d_r2c cufft float-long 1400 1400 1400 -reorder -p2p_pl -slabs -r2c_dir 2 -ingrid 256 1 1 -outgrid 256 1 1 -no-gpu-aware -n5
+ speed3d_r2c cufft float-long 1400 1400 1400 -reorder -p2p_pl -slabs -r2c_dir 2 -ingrid 256 1 1 -outgrid 256 1 1 -no-gpu-aware -n5
+ '[' -z '' ']'
+ case "$-" in
+ __lmod_vx=x
+ '[' -z '' ']'
+ case "$-" in
+ __lmod_vx=x
+ '[' -z '' ']'
+ case "$-" in
+ __lmod_vx=x
+ speed3d_r2c cufft float-long 1400 1400 1400 -reorder -p2p_pl -slabs -r2c_dir 2 -ingrid 256 1 1 -outgrid 256 1 1 -no-gpu-aware -n5
+ speed3d_r2c cufft float-long 1400 1400 1400 -reorder -p2p_pl -slabs -r2c_dir 2 -ingrid 256 1 1 -outgrid 256 1 1 -no-gpu-aware -n5
Shell debugging restarted
+ unset __lmod_vx
Shell debugging temporarily silenced: export LMOD_SH_DBG_ON=1 for this output (/usr/share/lmod/lmod/init/bash)
+ speed3d_r2c cufft float-long 1400 1400 1400 -reorder -p2p_pl -slabs -r2c_dir 2 -ingrid 256 1 1 -outgrid 256 1 1 -no-gpu-aware -n5
+ speed3d_r2c cufft float-long 1400 1400 1400 -reorder -p2p_pl -slabs -r2c_dir 2 -ingrid 256 1 1 -outgrid 256 1 1 -no-gpu-aware -n5
Shell debugging restarted
+ unset __lmod_vx
Shell debugging temporarily silenced: export LMOD_SH_DBG_ON=1 for this output (/usr/share/lmod/lmod/init/bash)
Shell debugging temporarily silenced: export LMOD_SH_DBG_ON=1 for this output (/usr/share/lmod/lmod/init/bash)
Shell debugging temporarily silenced: export LMOD_SH_DBG_ON=1 for this output (/usr/share/lmod/lmod/init/bash)
+ __lmod_vx=x
+ '[' -n x ']'
+ set +x
Shell debugging restarted
+ unset __lmod_vx
Shell debugging restarted
Shell debugging restarted
+ unset __lmod_vx
+ '[' -z '' ']'
+ case "$-" in
+ __lmod_vx=x
Shell debugging temporarily silenced: export LMOD_SH_DBG_ON=1 for this output (/usr/share/lmod/lmod/init/bash)
+ speed3d_r2c cufft float-long 1400 1400 1400 -reorder -p2p_pl -slabs -r2c_dir 2 -ingrid 256 1 1 -outgrid 256 1 1 -no-gpu-aware -n5
Shell debugging restarted
+ '[' -n x ']'
+ set +x
Shell debugging restarted
+ unset __lmod_vx
+ speed3d_r2c cufft float-long 1400 1400 1400 -reorder -p2p_pl -slabs -r2c_dir 2 -ingrid 256 1 1 -outgrid 256 1 1 -no-gpu-aware -n5
+ '[' -z '' ']'
+ case "$-" in
+ __lmod_vx=x
Shell debugging restarted
+ unset __lmod_vx
+ '[' -n x ']'
+ set +x
+ '[' -z '' ']'
+ case "$-" in
+ __lmod_vx=x
+ '[' -n x ']'
+ set +x
+ '[' -n x ']'
+ set +x
Shell debugging temporarily silenced: export LMOD_SH_DBG_ON=1 for this output (/usr/share/lmod/lmod/init/bash)
+ '[' -n x ']'
+ set +x
Shell debugging temporarily silenced: export LMOD_SH_DBG_ON=1 for this output (/usr/share/lmod/lmod/init/bash)
+ __lmod_vx=x
+ '[' -n x ']'
+ set +x
+ speed3d_r2c cufft float-long 1400 1400 1400 -reorder -p2p_pl -slabs -r2c_dir 2 -ingrid 256 1 1 -outgrid 256 1 1 -no-gpu-aware -n5
Shell debugging temporarily silenced: export LMOD_SH_DBG_ON=1 for this output (/usr/share/lmod/lmod/init/bash)
+ speed3d_r2c cufft float-long 1400 1400 1400 -reorder -p2p_pl -slabs -r2c_dir 2 -ingrid 256 1 1 -outgrid 256 1 1 -no-gpu-aware -n5
+ speed3d_r2c cufft float-long 1400 1400 1400 -reorder -p2p_pl -slabs -r2c_dir 2 -ingrid 256 1 1 -outgrid 256 1 1 -no-gpu-aware -n5
Shell debugging temporarily silenced: export LMOD_SH_DBG_ON=1 for this output (/usr/share/lmod/lmod/init/bash)
Shell debugging temporarily silenced: export LMOD_SH_DBG_ON=1 for this output (/usr/share/lmod/lmod/init/bash)
Shell debugging temporarily silenced: export LMOD_SH_DBG_ON=1 for this output (/usr/share/lmod/lmod/init/bash)
+ '[' -z '' ']'
+ case "$-" in
+ __lmod_vx=x
+ speed3d_r2c cufft float-long 1400 1400 1400 -reorder -p2p_pl -slabs -r2c_dir 2 -ingrid 256 1 1 -outgrid 256 1 1 -no-gpu-aware -n5
+ __lmod_vx=x
+ '[' -n x ']'
+ set +x
Shell debugging restarted
+ unset __lmod_vx
+ speed3d_r2c cufft float-long 1400 1400 1400 -reorder -p2p_pl -slabs -r2c_dir 2 -ingrid 256 1 1 -outgrid 256 1 1 -no-gpu-aware -n5
+ '[' -n x ']'
+ set +x
Shell debugging restarted
+ '[' -n x ']'
+ set +x
Shell debugging restarted
+ unset __lmod_vx
+ speed3d_r2c cufft float-long 1400 1400 1400 -reorder -p2p_pl -slabs -r2c_dir 2 -ingrid 256 1 1 -outgrid 256 1 1 -no-gpu-aware -n5
+ unset __lmod_vx
+ speed3d_r2c cufft float-long 1400 1400 1400 -reorder -p2p_pl -slabs -r2c_dir 2 -ingrid 256 1 1 -outgrid 256 1 1 -no-gpu-aware -n5
Shell debugging temporarily silenced: export LMOD_SH_DBG_ON=1 for this output (/usr/share/lmod/lmod/init/bash)
+ __lmod_vx=x
+ '[' -n x ']'
+ set +x
+ speed3d_r2c cufft float-long 1400 1400 1400 -reorder -p2p_pl -slabs -r2c_dir 2 -ingrid 256 1 1 -outgrid 256 1 1 -no-gpu-aware -n5
+ unset __lmod_vx
Shell debugging restarted
+ unset __lmod_vx
+ speed3d_r2c cufft float-long 1400 1400 1400 -reorder -p2p_pl -slabs -r2c_dir 2 -ingrid 256 1 1 -outgrid 256 1 1 -no-gpu-aware -n5
+ '[' -z '' ']'
Shell debugging temporarily silenced: export LMOD_SH_DBG_ON=1 for this output (/usr/share/lmod/lmod/init/bash)
+ speed3d_r2c cufft float-long 1400 1400 1400 -reorder -p2p_pl -slabs -r2c_dir 2 -ingrid 256 1 1 -outgrid 256 1 1 -no-gpu-aware -n5
Shell debugging restarted
+ unset __lmod_vx
Shell debugging temporarily silenced: export LMOD_SH_DBG_ON=1 for this output (/usr/share/lmod/lmod/init/bash)
Shell debugging restarted
+ unset __lmod_vx
+ speed3d_r2c cufft float-long 1400 1400 1400 -reorder -p2p_pl -slabs -r2c_dir 2 -ingrid 256 1 1 -outgrid 256 1 1 -no-gpu-aware -n5
+ '[' -n x ']'
+ set +x
Shell debugging restarted
+ unset __lmod_vx
+ '[' -n x ']'
+ set +x
Shell debugging restarted
+ unset __lmod_vx
+ '[' -z '' ']'
+ case "$-" in
+ '[' -n x ']'
+ set +x
+ speed3d_r2c cufft float-long 1400 1400 1400 -reorder -p2p_pl -slabs -r2c_dir 2 -ingrid 256 1 1 -outgrid 256 1 1 -no-gpu-aware -n5
+ '[' -n x ']'
+ set +x
+ '[' -n x ']'
+ set +x
+ '[' -n x ']'
+ set +x
Shell debugging temporarily silenced: export LMOD_SH_DBG_ON=1 for this output (/usr/share/lmod/lmod/init/bash)
+ speed3d_r2c cufft float-long 1400 1400 1400 -reorder -p2p_pl -slabs -r2c_dir 2 -ingrid 256 1 1 -outgrid 256 1 1 -no-gpu-aware -n5
Shell debugging restarted
+ unset __lmod_vx
+ speed3d_r2c cufft float-long 1400 1400 1400 -reorder -p2p_pl -slabs -r2c_dir 2 -ingrid 256 1 1 -outgrid 256 1 1 -no-gpu-aware -n5
+ '[' -z '' ']'
+ case "$-" in
+ __lmod_vx=x
+ speed3d_r2c cufft float-long 1400 1400 1400 -reorder -p2p_pl -slabs -r2c_dir 2 -ingrid 256 1 1 -outgrid 256 1 1 -no-gpu-aware -n5
+ unset __lmod_vx
Shell debugging restarted
+ unset __lmod_vx
+ speed3d_r2c cufft float-long 1400 1400 1400 -reorder -p2p_pl -slabs -r2c_dir 2 -ingrid 256 1 1 -outgrid 256 1 1 -no-gpu-aware -n5
+ speed3d_r2c cufft float-long 1400 1400 1400 -reorder -p2p_pl -slabs -r2c_dir 2 -ingrid 256 1 1 -outgrid 256 1 1 -no-gpu-aware -n5
+ '[' -z '' ']'
+ case "$-" in
+ __lmod_vx=x
+ '[' -n x ']'
+ set +x
+ '[' -z '' ']'
+ case "$-" in
+ '[' -n x ']'
+ set +x
Shell debugging restarted
+ '[' -z '' ']'
+ case "$-" in
+ speed3d_r2c cufft float-long 1400 1400 1400 -reorder -p2p_pl -slabs -r2c_dir 2 -ingrid 256 1 1 -outgrid 256 1 1 -no-gpu-aware -n5
+ speed3d_r2c cufft float-long 1400 1400 1400 -reorder -p2p_pl -slabs -r2c_dir 2 -ingrid 256 1 1 -outgrid 256 1 1 -no-gpu-aware -n5
+ '[' -z '' ']'
+ case "$-" in
+ case "$-" in
+ __lmod_vx=x
+ '[' -n x ']'
+ set +x
+ '[' -n x ']'
+ set +x
+ speed3d_r2c cufft float-long 1400 1400 1400 -reorder -p2p_pl -slabs -r2c_dir 2 -ingrid 256 1 1 -outgrid 256 1 1 -no-gpu-aware -n5
+ speed3d_r2c cufft float-long 1400 1400 1400 -reorder -p2p_pl -slabs -r2c_dir 2 -ingrid 256 1 1 -outgrid 256 1 1 -no-gpu-aware -n5
Shell debugging restarted
Shell debugging restarted
+ unset __lmod_vx
Shell debugging restarted
+ unset __lmod_vx
Shell debugging restarted
+ unset __lmod_vx
Shell debugging restarted
+ speed3d_r2c cufft float-long 1400 1400 1400 -reorder -p2p_pl -slabs -r2c_dir 2 -ingrid 256 1 1 -outgrid 256 1 1 -no-gpu-aware -n5
Shell debugging temporarily silenced: export LMOD_SH_DBG_ON=1 for this output (/usr/share/lmod/lmod/init/bash)
+ speed3d_r2c cufft float-long 1400 1400 1400 -reorder -p2p_pl -slabs -r2c_dir 2 -ingrid 256 1 1 -outgrid 256 1 1 -no-gpu-aware -n5
+ speed3d_r2c cufft float-long 1400 1400 1400 -reorder -p2p_pl -slabs -r2c_dir 2 -ingrid 256 1 1 -outgrid 256 1 1 -no-gpu-aware -n5
Shell debugging restarted
+ unset __lmod_vx
Shell debugging restarted
+ unset __lmod_vx
Shell debugging restarted
+ unset __lmod_vx
+ '[' -n x ']'
+ set +x
+ speed3d_r2c cufft float-long 1400 1400 1400 -reorder -p2p_pl -slabs -r2c_dir 2 -ingrid 256 1 1 -outgrid 256 1 1 -no-gpu-aware -n5
+ speed3d_r2c cufft float-long 1400 1400 1400 -reorder -p2p_pl -slabs -r2c_dir 2 -ingrid 256 1 1 -outgrid 256 1 1 -no-gpu-aware -n5
Shell debugging temporarily silenced: export LMOD_SH_DBG_ON=1 for this output (/usr/share/lmod/lmod/init/bash)
Shell debugging restarted
+ unset __lmod_vx
+ speed3d_r2c cufft float-long 1400 1400 1400 -reorder -p2p_pl -slabs -r2c_dir 2 -ingrid 256 1 1 -outgrid 256 1 1 -no-gpu-aware -n5
+ speed3d_r2c cufft float-long 1400 1400 1400 -reorder -p2p_pl -slabs -r2c_dir 2 -ingrid 256 1 1 -outgrid 256 1 1 -no-gpu-aware -n5
+ speed3d_r2c cufft float-long 1400 1400 1400 -reorder -p2p_pl -slabs -r2c_dir 2 -ingrid 256 1 1 -outgrid 256 1 1 -no-gpu-aware -n5
+ speed3d_r2c cufft float-long 1400 1400 1400 -reorder -p2p_pl -slabs -r2c_dir 2 -ingrid 256 1 1 -outgrid 256 1 1 -no-gpu-aware -n5
+ __lmod_vx=x
+ '[' -n x ']'
+ set +x
Shell debugging restarted
+ unset __lmod_vx
+ unset __lmod_vx
Shell debugging temporarily silenced: export LMOD_SH_DBG_ON=1 for this output (/usr/share/lmod/lmod/init/bash)
+ '[' -z '' ']'
+ case "$-" in
+ speed3d_r2c cufft float-long 1400 1400 1400 -reorder -p2p_pl -slabs -r2c_dir 2 -ingrid 256 1 1 -outgrid 256 1 1 -no-gpu-aware -n5
Shell debugging temporarily silenced: export LMOD_SH_DBG_ON=1 for this output (/usr/share/lmod/lmod/init/bash)
Shell debugging temporarily silenced: export LMOD_SH_DBG_ON=1 for this output (/usr/share/lmod/lmod/init/bash)
Shell debugging restarted
+ unset __lmod_vx
+ speed3d_r2c cufft float-long 1400 1400 1400 -reorder -p2p_pl -slabs -r2c_dir 2 -ingrid 256 1 1 -outgrid 256 1 1 -no-gpu-aware -n5
+ '[' -z '' ']'
+ case "$-" in
+ __lmod_vx=x
+ unset __lmod_vx
+ speed3d_r2c cufft float-long 1400 1400 1400 -reorder -p2p_pl -slabs -r2c_dir 2 -ingrid 256 1 1 -outgrid 256 1 1 -no-gpu-aware -n5
+ speed3d_r2c cufft float-long 1400 1400 1400 -reorder -p2p_pl -slabs -r2c_dir 2 -ingrid 256 1 1 -outgrid 256 1 1 -no-gpu-aware -n5
+ speed3d_r2c cufft float-long 1400 1400 1400 -reorder -p2p_pl -slabs -r2c_dir 2 -ingrid 256 1 1 -outgrid 256 1 1 -no-gpu-aware -n5
+ unset __lmod_vx
+ speed3d_r2c cufft float-long 1400 1400 1400 -reorder -p2p_pl -slabs -r2c_dir 2 -ingrid 256 1 1 -outgrid 256 1 1 -no-gpu-aware -n5
+ __lmod_vx=x
+ '[' -n x ']'
+ set +x
Shell debugging restarted
+ unset __lmod_vx
+ speed3d_r2c cufft float-long 1400 1400 1400 -reorder -p2p_pl -slabs -r2c_dir 2 -ingrid 256 1 1 -outgrid 256 1 1 -no-gpu-aware -n5
+ speed3d_r2c cufft float-long 1400 1400 1400 -reorder -p2p_pl -slabs -r2c_dir 2 -ingrid 256 1 1 -outgrid 256 1 1 -no-gpu-aware -n5
+ speed3d_r2c cufft float-long 1400 1400 1400 -reorder -p2p_pl -slabs -r2c_dir 2 -ingrid 256 1 1 -outgrid 256 1 1 -no-gpu-aware -n5
Shell debugging restarted
+ unset __lmod_vx
+ speed3d_r2c cufft float-long 1400 1400 1400 -reorder -p2p_pl -slabs -r2c_dir 2 -ingrid 256 1 1 -outgrid 256 1 1 -no-gpu-aware -n5
+ '[' -n x ']'
+ set +x
+ speed3d_r2c cufft float-long 1400 1400 1400 -reorder -p2p_pl -slabs -r2c_dir 2 -ingrid 256 1 1 -outgrid 256 1 1 -no-gpu-aware -n5
+ '[' -z '' ']'
+ case "$-" in
+ __lmod_vx=x
+ '[' -z '' ']'
+ case "$-" in
+ __lmod_vx=x
Shell debugging temporarily silenced: export LMOD_SH_DBG_ON=1 for this output (/usr/share/lmod/lmod/init/bash)
Shell debugging temporarily silenced: export LMOD_SH_DBG_ON=1 for this output (/usr/share/lmod/lmod/init/bash)
+ speed3d_r2c cufft float-long 1400 1400 1400 -reorder -p2p_pl -slabs -r2c_dir 2 -ingrid 256 1 1 -outgrid 256 1 1 -no-gpu-aware -n5
+ speed3d_r2c cufft float-long 1400 1400 1400 -reorder -p2p_pl -slabs -r2c_dir 2 -ingrid 256 1 1 -outgrid 256 1 1 -no-gpu-aware -n5
+ __lmod_vx=x
+ '[' -n x ']'
+ set +x
+ __lmod_vx=x
+ '[' -n x ']'
+ set +x
+ '[' -z '' ']'
+ case "$-" in
+ __lmod_vx=x
+ '[' -n x ']'
+ set +x
Shell debugging restarted
+ speed3d_r2c cufft float-long 1400 1400 1400 -reorder -p2p_pl -slabs -r2c_dir 2 -ingrid 256 1 1 -outgrid 256 1 1 -no-gpu-aware -n5
+ '[' -z '' ']'
+ case "$-" in
+ __lmod_vx=x
Shell debugging temporarily silenced: export LMOD_SH_DBG_ON=1 for this output (/usr/share/lmod/lmod/init/bash)
+ speed3d_r2c cufft float-long 1400 1400 1400 -reorder -p2p_pl -slabs -r2c_dir 2 -ingrid 256 1 1 -outgrid 256 1 1 -no-gpu-aware -n5
+ '[' -z '' ']'
+ case "$-" in
+ __lmod_vx=x
+ speed3d_r2c cufft float-long 1400 1400 1400 -reorder -p2p_pl -slabs -r2c_dir 2 -ingrid 256 1 1 -outgrid 256 1 1 -no-gpu-aware -n5
+ speed3d_r2c cufft float-long 1400 1400 1400 -reorder -p2p_pl -slabs -r2c_dir 2 -ingrid 256 1 1 -outgrid 256 1 1 -no-gpu-aware -n5
Shell debugging restarted
Shell debugging restarted
+ speed3d_r2c cufft float-long 1400 1400 1400 -reorder -p2p_pl -slabs -r2c_dir 2 -ingrid 256 1 1 -outgrid 256 1 1 -no-gpu-aware -n5
Shell debugging restarted
+ unset __lmod_vx
+ speed3d_r2c cufft float-long 1400 1400 1400 -reorder -p2p_pl -slabs -r2c_dir 2 -ingrid 256 1 1 -outgrid 256 1 1 -no-gpu-aware -n5
+ speed3d_r2c cufft float-long 1400 1400 1400 -reorder -p2p_pl -slabs -r2c_dir 2 -ingrid 256 1 1 -outgrid 256 1 1 -no-gpu-aware -n5
Shell debugging restarted
+ unset __lmod_vx
+ speed3d_r2c cufft float-long 1400 1400 1400 -reorder -p2p_pl -slabs -r2c_dir 2 -ingrid 256 1 1 -outgrid 256 1 1 -no-gpu-aware -n5
Shell debugging temporarily silenced: export LMOD_SH_DBG_ON=1 for this output (/usr/share/lmod/lmod/init/bash)
Shell debugging temporarily silenced: export LMOD_SH_DBG_ON=1 for this output (/usr/share/lmod/lmod/init/bash)
Shell debugging restarted
Shell debugging restarted
+ '[' -z '' ']'
+ case "$-" in
+ __lmod_vx=x
Shell debugging restarted
Shell debugging temporarily silenced: export LMOD_SH_DBG_ON=1 for this output (/usr/share/lmod/lmod/init/bash)
Shell debugging temporarily silenced: export LMOD_SH_DBG_ON=1 for this output (/usr/share/lmod/lmod/init/bash)
Shell debugging restarted
+ unset __lmod_vx
+ unset __lmod_vx
Shell debugging temporarily silenced: export LMOD_SH_DBG_ON=1 for this output (/usr/share/lmod/lmod/init/bash)
+ '[' -n x ']'
+ set +x
+ speed3d_r2c cufft float-long 1400 1400 1400 -reorder -p2p_pl -slabs -r2c_dir 2 -ingrid 256 1 1 -outgrid 256 1 1 -no-gpu-aware -n5
Shell debugging temporarily silenced: export LMOD_SH_DBG_ON=1 for this output (/usr/share/lmod/lmod/init/bash)
+ speed3d_r2c cufft float-long 1400 1400 1400 -reorder -p2p_pl -slabs -r2c_dir 2 -ingrid 256 1 1 -outgrid 256 1 1 -no-gpu-aware -n5
+ '[' -z '' ']'
+ case "$-" in
+ __lmod_vx=x
+ unset __lmod_vx
+ unset __lmod_vx
+ '[' -z '' ']'
+ case "$-" in
+ __lmod_vx=x
+ speed3d_r2c cufft float-long 1400 1400 1400 -reorder -p2p_pl -slabs -r2c_dir 2 -ingrid 256 1 1 -outgrid 256 1 1 -no-gpu-aware -n5
+ speed3d_r2c cufft float-long 1400 1400 1400 -reorder -p2p_pl -slabs -r2c_dir 2 -ingrid 256 1 1 -outgrid 256 1 1 -no-gpu-aware -n5
+ speed3d_r2c cufft float-long 1400 1400 1400 -reorder -p2p_pl -slabs -r2c_dir 2 -ingrid 256 1 1 -outgrid 256 1 1 -no-gpu-aware -n5
+ '[' -n x ']'
+ set +x
+ '[' -n x ']'
+ set +x
+ unset __lmod_vx
+ unset __lmod_vx
Shell debugging temporarily silenced: export LMOD_SH_DBG_ON=1 for this output (/usr/share/lmod/lmod/init/bash)
+ unset __lmod_vx
Shell debugging restarted
+ __lmod_vx=x
+ '[' -n x ']'
+ set +x
+ speed3d_r2c cufft float-long 1400 1400 1400 -reorder -p2p_pl -slabs -r2c_dir 2 -ingrid 256 1 1 -outgrid 256 1 1 -no-gpu-aware -n5
+ speed3d_r2c cufft float-long 1400 1400 1400 -reorder -p2p_pl -slabs -r2c_dir 2 -ingrid 256 1 1 -outgrid 256 1 1 -no-gpu-aware -n5
+ '[' -n x ']'
+ set +x
Shell debugging restarted
+ unset __lmod_vx
+ '[' -n x ']'
+ set +x
+ speed3d_r2c cufft float-long 1400 1400 1400 -reorder -p2p_pl -slabs -r2c_dir 2 -ingrid 256 1 1 -outgrid 256 1 1 -no-gpu-aware -n5
Shell debugging temporarily silenced: export LMOD_SH_DBG_ON=1 for this output (/usr/share/lmod/lmod/init/bash)
+ speed3d_r2c cufft float-long 1400 1400 1400 -reorder -p2p_pl -slabs -r2c_dir 2 -ingrid 256 1 1 -outgrid 256 1 1 -no-gpu-aware -n5
+ speed3d_r2c cufft float-long 1400 1400 1400 -reorder -p2p_pl -slabs -r2c_dir 2 -ingrid 256 1 1 -outgrid 256 1 1 -no-gpu-aware -n5
Shell debugging temporarily silenced: export LMOD_SH_DBG_ON=1 for this output (/usr/share/lmod/lmod/init/bash)
+ speed3d_r2c cufft float-long 1400 1400 1400 -reorder -p2p_pl -slabs -r2c_dir 2 -ingrid 256 1 1 -outgrid 256 1 1 -no-gpu-aware -n5
Shell debugging restarted
+ unset __lmod_vx
Shell debugging restarted
+ unset __lmod_vx
+ speed3d_r2c cufft float-long 1400 1400 1400 -reorder -p2p_pl -slabs -r2c_dir 2 -ingrid 256 1 1 -outgrid 256 1 1 -no-gpu-aware -n5
+ speed3d_r2c cufft float-long 1400 1400 1400 -reorder -p2p_pl -slabs -r2c_dir 2 -ingrid 256 1 1 -outgrid 256 1 1 -no-gpu-aware -n5
+ '[' -n x ']'
+ set +x
+ speed3d_r2c cufft float-long 1400 1400 1400 -reorder -p2p_pl -slabs -r2c_dir 2 -ingrid 256 1 1 -outgrid 256 1 1 -no-gpu-aware -n5
+ unset __lmod_vx
+ speed3d_r2c cufft float-long 1400 1400 1400 -reorder -p2p_pl -slabs -r2c_dir 2 -ingrid 256 1 1 -outgrid 256 1 1 -no-gpu-aware -n5
+ speed3d_r2c cufft float-long 1400 1400 1400 -reorder -p2p_pl -slabs -r2c_dir 2 -ingrid 256 1 1 -outgrid 256 1 1 -no-gpu-aware -n5
Shell debugging restarted
+ unset __lmod_vx
+ speed3d_r2c cufft float-long 1400 1400 1400 -reorder -p2p_pl -slabs -r2c_dir 2 -ingrid 256 1 1 -outgrid 256 1 1 -no-gpu-aware -n5
Shell debugging restarted
+ unset __lmod_vx
+ '[' -n x ']'
+ set +x
+ speed3d_r2c cufft float-long 1400 1400 1400 -reorder -p2p_pl -slabs -r2c_dir 2 -ingrid 256 1 1 -outgrid 256 1 1 -no-gpu-aware -n5
+ '[' -n x ']'
+ set +x
+ speed3d_r2c cufft float-long 1400 1400 1400 -reorder -p2p_pl -slabs -r2c_dir 2 -ingrid 256 1 1 -outgrid 256 1 1 -no-gpu-aware -n5
+ speed3d_r2c cufft float-long 1400 1400 1400 -reorder -p2p_pl -slabs -r2c_dir 2 -ingrid 256 1 1 -outgrid 256 1 1 -no-gpu-aware -n5
Shell debugging restarted
+ unset __lmod_vx
+ speed3d_r2c cufft float-long 1400 1400 1400 -reorder -p2p_pl -slabs -r2c_dir 2 -ingrid 256 1 1 -outgrid 256 1 1 -no-gpu-aware -n5
Shell debugging restarted
+ speed3d_r2c cufft float-long 1400 1400 1400 -reorder -p2p_pl -slabs -r2c_dir 2 -ingrid 256 1 1 -outgrid 256 1 1 -no-gpu-aware -n5
+ speed3d_r2c cufft float-long 1400 1400 1400 -reorder -p2p_pl -slabs -r2c_dir 2 -ingrid 256 1 1 -outgrid 256 1 1 -no-gpu-aware -n5
+ speed3d_r2c cufft float-long 1400 1400 1400 -reorder -p2p_pl -slabs -r2c_dir 2 -ingrid 256 1 1 -outgrid 256 1 1 -no-gpu-aware -n5
Shell debugging restarted
+ unset __lmod_vx
Shell debugging restarted
+ unset __lmod_vx
+ speed3d_r2c cufft float-long 1400 1400 1400 -reorder -p2p_pl -slabs -r2c_dir 2 -ingrid 256 1 1 -outgrid 256 1 1 -no-gpu-aware -n5
+ unset __lmod_vx
+ speed3d_r2c cufft float-long 1400 1400 1400 -reorder -p2p_pl -slabs -r2c_dir 2 -ingrid 256 1 1 -outgrid 256 1 1 -no-gpu-aware -n5
+ speed3d_r2c cufft float-long 1400 1400 1400 -reorder -p2p_pl -slabs -r2c_dir 2 -ingrid 256 1 1 -outgrid 256 1 1 -no-gpu-aware -n5
+ speed3d_r2c cufft float-long 1400 1400 1400 -reorder -p2p_pl -slabs -r2c_dir 2 -ingrid 256 1 1 -outgrid 256 1 1 -no-gpu-aware -n5

----------------------------------------------------------------------------- 
heFFTe performance test
----------------------------------------------------------------------------- 
Backend:   cufft
Size:      1400x1400x1400
MPI ranks:  256
Grids: (256, 1, 1)  -  -  (1, 16, 16)  (256, 1, 1)  
Time per run: 0.094343 (s)
Performance:  4559.66 GFlops/s
Memory usage: 359MB/rank
Tolerance:    0.0005
Max error:    1.59424e-05

