“RANK= 5 LOCAL_RANK= 1 gpu= 2”
“RANK= 4 LOCAL_RANK= 0 gpu= 3”
“RANK= 6 LOCAL_RANK= 2 gpu= 1”
“RANK= 7 LOCAL_RANK= 3 gpu= 0”
+ '[' -z '' ']'
Shell debugging temporarily silenced: export LMOD_SH_DBG_ON=1 for this output (/usr/share/lmod/lmod/init/bash)
+ case "$-" in
+ __lmod_vx=x
+ '[' -n x ']'
+ set +x
Shell debugging restarted
+ unset __lmod_vx
+ speed3d_r2c cufft double 256 256 256 -reorder -a2av -p2p -pencils -r2c_dir 2 -outgrid 4 2 1
+ '[' -z '' ']'
+ case "$-" in
+ __lmod_vx=x
+ '[' -n x ']'
+ set +x
+ '[' -z '' ']'
+ case "$-" in
+ __lmod_vx=x
+ '[' -n x ']'
Shell debugging temporarily silenced: export LMOD_SH_DBG_ON=1 for this output (/usr/share/lmod/lmod/init/bash)
Shell debugging temporarily silenced: export LMOD_SH_DBG_ON=1 for this output (/usr/share/lmod/lmod/init/bash)
+ set +x
+ '[' -z '' ']'
+ case "$-" in
+ __lmod_vx=x
+ '[' -n x ']'
+ set +x
Shell debugging temporarily silenced: export LMOD_SH_DBG_ON=1 for this output (/usr/share/lmod/lmod/init/bash)
Shell debugging restarted
+ unset __lmod_vx
Shell debugging restarted
+ unset __lmod_vx
+ speed3d_r2c cufft double 256 256 256 -reorder -a2av -p2p -pencils -r2c_dir 2 -outgrid 4 2 1
+ speed3d_r2c cufft double 256 256 256 -reorder -a2av -p2p -pencils -r2c_dir 2 -outgrid 4 2 1
Shell debugging restarted
+ unset __lmod_vx
+ speed3d_r2c cufft double 256 256 256 -reorder -a2av -p2p -pencils -r2c_dir 2 -outgrid 4 2 1
“RANK= 0 LOCAL_RANK= 0 gpu= 3”
“RANK= 1 LOCAL_RANK= 1 gpu= 2”
“RANK= 2 LOCAL_RANK= 2 gpu= 1”
“RANK= 3 LOCAL_RANK= 3 gpu= 0”
+ '[' -z '' ']'
+ case "$-" in
+ __lmod_vx=x
+ '[' -z '' ']'
+ case "$-" in
+ __lmod_vx=x
+ '[' -n x ']'
Shell debugging temporarily silenced: export LMOD_SH_DBG_ON=1 for this output (/usr/share/lmod/lmod/init/bash)
+ '[' -n x ']'
+ set +x
Shell debugging temporarily silenced: export LMOD_SH_DBG_ON=1 for this output (/usr/share/lmod/lmod/init/bash)
+ set +x
Shell debugging temporarily silenced: export LMOD_SH_DBG_ON=1 for this output (/usr/share/lmod/lmod/init/bash)
+ '[' -z '' ']'
+ case "$-" in
+ __lmod_vx=x
+ '[' -n x ']'
+ set +x
Shell debugging restarted
+ unset __lmod_vx
Shell debugging restarted
+ unset __lmod_vx
Shell debugging temporarily silenced: export LMOD_SH_DBG_ON=1 for this output (/usr/share/lmod/lmod/init/bash)
+ '[' -z '' ']'
+ case "$-" in
+ __lmod_vx=x
+ '[' -n x ']'
+ set +x
Shell debugging restarted
+ unset __lmod_vx
+ speed3d_r2c cufft double 256 256 256 -reorder -a2av -p2p -pencils -r2c_dir 2 -outgrid 4 2 1
+ speed3d_r2c cufft double 256 256 256 -reorder -a2av -p2p -pencils -r2c_dir 2 -outgrid 4 2 1
Shell debugging restarted
+ unset __lmod_vx
+ speed3d_r2c cufft double 256 256 256 -reorder -a2av -p2p -pencils -r2c_dir 2 -outgrid 4 2 1
+ speed3d_r2c cufft double 256 256 256 -reorder -a2av -p2p -pencils -r2c_dir 2 -outgrid 4 2 1
MPICH ERROR [Rank 4] [job id 0a602860-e0f5-48ae-aa29-9c870cbb490d] [Sat Jul  1 22:40:53 2023] [x3010c0s37b1n0] - Abort(942266767) (rank 4 in comm 0): Fatal error in PMPI_Send: Other MPI error, error stack:
PMPI_Send(163).................: MPI_Send(buf=0x14c816000000, count=262144, dtype=0x4c001041, dest=5, tag=0, MPI_COMM_WORLD) failed
PMPI_Send(143).................: 
MPIR_Wait_impl(41).............: 
MPID_Progress_wait(184)........: 
MPIDI_Progress_test(80)........: 
MPIDI_OFI_handle_cq_error(1059): OFI poll failed (ofi_events.c:1061:MPIDI_OFI_handle_cq_error:Input/output error - remote access error)

aborting job:
Fatal error in PMPI_Send: Other MPI error, error stack:
PMPI_Send(163).................: MPI_Send(buf=0x14c816000000, count=262144, dtype=0x4c001041, dest=5, tag=0, MPI_COMM_WORLD) failed
PMPI_Send(143).................: 
MPIR_Wait_impl(41).............: 
MPID_Progress_wait(184)........: 
MPIDI_Progress_test(80)........: 
MPIDI_OFI_handle_cq_error(1059): OFI poll failed (ofi_events.c:1061:MPIDI_OFI_handle_cq_error:Input/output error - remote access error)
MPICH ERROR [Rank 6] [job id 0a602860-e0f5-48ae-aa29-9c870cbb490d] [Sat Jul  1 22:40:53 2023] [x3010c0s37b1n0] - Abort(136960399) (rank 6 in comm 0): Fatal error in PMPI_Send: Other MPI error, error stack:
PMPI_Send(163).................: MPI_Send(buf=0x147166000000, count=262144, dtype=0x4c001041, dest=7, tag=0, MPI_COMM_WORLD) failed
PMPI_Send(143).................: 
MPIR_Wait_impl(41).............: 
MPID_Progress_wait(184)........: 
MPIDI_Progress_test(80)........: 
MPIDI_OFI_handle_cq_error(1059): OFI poll failed (ofi_events.c:1061:MPIDI_OFI_handle_cq_error:Input/output error - remote access error)

aborting job:
Fatal error in PMPI_Send: Other MPI error, error stack:
PMPI_Send(163).................: MPI_Send(buf=0x147166000000, count=262144, dtype=0x4c001041, dest=7, tag=0, MPI_COMM_WORLD) failed
PMPI_Send(143).................: 
MPIR_Wait_impl(41).............: 
MPID_Progress_wait(184)........: 
MPIDI_Progress_test(80)........: 
MPIDI_OFI_handle_cq_error(1059): OFI poll failed (ofi_events.c:1061:MPIDI_OFI_handle_cq_error:Input/output error - remote access error)
x3010c0s37b1n0.hsn.cm.polaris.alcf.anl.gov: rank 4 exited with code 255
