tmp_files/42729c9d-eb8d-4054-b487-fcee845b6341.sh: line 3: 69701 Segmentation fault      speed3d_r2c fftw float 256 256 256 -p2p -slabs -r2c_dir 0 -outgrid 256 2 1 -n5
[NID 01211] 2023-08-05 21:31:49 Apid 28496089: initiated application termination
tmp_files/42729c9d-eb8d-4054-b487-fcee845b6341.sh: line 3: 69730 Segmentation fault      speed3d_r2c fftw float 256 256 256 -p2p -slabs -r2c_dir 0 -outgrid 256 2 1 -n5
tmp_files/42729c9d-eb8d-4054-b487-fcee845b6341.sh: line 3: 69767 Segmentation fault      speed3d_r2c fftw float 256 256 256 -p2p -slabs -r2c_dir 0 -outgrid 256 2 1 -n5
tmp_files/42729c9d-eb8d-4054-b487-fcee845b6341.sh: line 3: 69705 Segmentation fault      speed3d_r2c fftw float 256 256 256 -p2p -slabs -r2c_dir 0 -outgrid 256 2 1 -n5
tmp_files/42729c9d-eb8d-4054-b487-fcee845b6341.sh: line 3: 69776 Segmentation fault      speed3d_r2c fftw float 256 256 256 -p2p -slabs -r2c_dir 0 -outgrid 256 2 1 -n5
tmp_files/42729c9d-eb8d-4054-b487-fcee845b6341.sh: line 3: 69710 Segmentation fault      speed3d_r2c fftw float 256 256 256 -p2p -slabs -r2c_dir 0 -outgrid 256 2 1 -n5
tmp_files/42729c9d-eb8d-4054-b487-fcee845b6341.sh: line 3: 69731 Segmentation fault      speed3d_r2c fftw float 256 256 256 -p2p -slabs -r2c_dir 0 -outgrid 256 2 1 -n5
tmp_files/42729c9d-eb8d-4054-b487-fcee845b6341.sh: line 3: 69723 Segmentation fault      speed3d_r2c fftw float 256 256 256 -p2p -slabs -r2c_dir 0 -outgrid 256 2 1 -n5
tmp_files/42729c9d-eb8d-4054-b487-fcee845b6341.sh: line 3: 69768 Segmentation fault      speed3d_r2c fftw float 256 256 256 -p2p -slabs -r2c_dir 0 -outgrid 256 2 1 -n5
tmp_files/42729c9d-eb8d-4054-b487-fcee845b6341.sh: line 3: 69756 Segmentation fault      speed3d_r2c fftw float 256 256 256 -p2p -slabs -r2c_dir 0 -outgrid 256 2 1 -n5
tmp_files/42729c9d-eb8d-4054-b487-fcee845b6341.sh: line 3: 69741 Segmentation fault      speed3d_r2c fftw float 256 256 256 -p2p -slabs -r2c_dir 0 -outgrid 256 2 1 -n5
tmp_files/42729c9d-eb8d-4054-b487-fcee845b6341.sh: line 3: 69765 Segmentation fault      speed3d_r2c fftw float 256 256 256 -p2p -slabs -r2c_dir 0 -outgrid 256 2 1 -n5
tmp_files/42729c9d-eb8d-4054-b487-fcee845b6341.sh: line 3: 69726 Segmentation fault      speed3d_r2c fftw float 256 256 256 -p2p -slabs -r2c_dir 0 -outgrid 256 2 1 -n5
tmp_files/42729c9d-eb8d-4054-b487-fcee845b6341.sh: line 3: 69718 Segmentation fault      speed3d_r2c fftw float 256 256 256 -p2p -slabs -r2c_dir 0 -outgrid 256 2 1 -n5
tmp_files/42729c9d-eb8d-4054-b487-fcee845b6341.sh: line 3: 69717 Segmentation fault      speed3d_r2c fftw float 256 256 256 -p2p -slabs -r2c_dir 0 -outgrid 256 2 1 -n5
tmp_files/42729c9d-eb8d-4054-b487-fcee845b6341.sh: line 3: 69716 Segmentation fault      speed3d_r2c fftw float 256 256 256 -p2p -slabs -r2c_dir 0 -outgrid 256 2 1 -n5
tmp_files/42729c9d-eb8d-4054-b487-fcee845b6341.sh: line 3: 69722 Segmentation fault      speed3d_r2c fftw float 256 256 256 -p2p -slabs -r2c_dir 0 -outgrid 256 2 1 -n5
tmp_files/42729c9d-eb8d-4054-b487-fcee845b6341.sh: line 3: 69723 Segmentation fault      speed3d_r2c fftw float 256 256 256 -p2p -slabs -r2c_dir 0 -outgrid 256 2 1 -n5
tmp_files/42729c9d-eb8d-4054-b487-fcee845b6341.sh: line 3: 69725 Segmentation fault      speed3d_r2c fftw float 256 256 256 -p2p -slabs -r2c_dir 0 -outgrid 256 2 1 -n5
tmp_files/42729c9d-eb8d-4054-b487-fcee845b6341.sh: line 3: 69771 Segmentation fault      speed3d_r2c fftw float 256 256 256 -p2p -slabs -r2c_dir 0 -outgrid 256 2 1 -n5
tmp_files/42729c9d-eb8d-4054-b487-fcee845b6341.sh: line 3: 69760 Segmentation fault      speed3d_r2c fftw float 256 256 256 -p2p -slabs -r2c_dir 0 -outgrid 256 2 1 -n5
tmp_files/42729c9d-eb8d-4054-b487-fcee845b6341.sh: line 3: 69775 Segmentation fault      speed3d_r2c fftw float 256 256 256 -p2p -slabs -r2c_dir 0 -outgrid 256 2 1 -n5
tmp_files/42729c9d-eb8d-4054-b487-fcee845b6341.sh: line 3: 69774 Segmentation fault      speed3d_r2c fftw float 256 256 256 -p2p -slabs -r2c_dir 0 -outgrid 256 2 1 -n5
tmp_files/42729c9d-eb8d-4054-b487-fcee845b6341.sh: line 3: 69721 Segmentation fault      speed3d_r2c fftw float 256 256 256 -p2p -slabs -r2c_dir 0 -outgrid 256 2 1 -n5
tmp_files/42729c9d-eb8d-4054-b487-fcee845b6341.sh: line 3: 69697 Segmentation fault      speed3d_r2c fftw float 256 256 256 -p2p -slabs -r2c_dir 0 -outgrid 256 2 1 -n5
tmp_files/42729c9d-eb8d-4054-b487-fcee845b6341.sh: line 3: 69714 Segmentation fault      speed3d_r2c fftw float 256 256 256 -p2p -slabs -r2c_dir 0 -outgrid 256 2 1 -n5
tmp_files/42729c9d-eb8d-4054-b487-fcee845b6341.sh: line 3: 69764 Segmentation fault      speed3d_r2c fftw float 256 256 256 -p2p -slabs -r2c_dir 0 -outgrid 256 2 1 -n5
tmp_files/42729c9d-eb8d-4054-b487-fcee845b6341.sh: line 3: 69720 Segmentation fault      speed3d_r2c fftw float 256 256 256 -p2p -slabs -r2c_dir 0 -outgrid 256 2 1 -n5
tmp_files/42729c9d-eb8d-4054-b487-fcee845b6341.sh: line 3: 69716 Segmentation fault      speed3d_r2c fftw float 256 256 256 -p2p -slabs -r2c_dir 0 -outgrid 256 2 1 -n5
tmp_files/42729c9d-eb8d-4054-b487-fcee845b6341.sh: line 3: 69709 Segmentation fault      speed3d_r2c fftw float 256 256 256 -p2p -slabs -r2c_dir 0 -outgrid 256 2 1 -n5
tmp_files/42729c9d-eb8d-4054-b487-fcee845b6341.sh: line 3: 69713 Segmentation fault      speed3d_r2c fftw float 256 256 256 -p2p -slabs -r2c_dir 0 -outgrid 256 2 1 -n5
tmp_files/42729c9d-eb8d-4054-b487-fcee845b6341.sh: line 3: 69772 Segmentation fault      speed3d_r2c fftw float 256 256 256 -p2p -slabs -r2c_dir 0 -outgrid 256 2 1 -n5
tmp_files/42729c9d-eb8d-4054-b487-fcee845b6341.sh: line 3: 69708 Segmentation fault      speed3d_r2c fftw float 256 256 256 -p2p -slabs -r2c_dir 0 -outgrid 256 2 1 -n5
Application 28496089 exit codes: 139
Application 28496089 exit signals: Killed
Application 28496089 resources: utime ~15s, stime ~29s, Rss ~46524, inblocks ~44954, outblocks ~0
