2023-09-16 16:53:23|60707|INFO|ytopt:46] 

Loading ytopt
--------------
2023-09-16 16:53:23|60707|INFO|ytopt.search.hps.optimizer.optimizer:66] Using skopt.Optimizer with RF base_estimator
2023-09-16 16:54:37|60901|DEBUG|ytopt.search.hps.optimizer.optimizer:165] tell: {'c0': 'roibin_blosc.json', 'p0': 12, 'p1': 3, 'p2': 3, 'p3': 3} --> ('roibin_blosc.json', 12, 3, 3, 3): evaluated objective: -8.80931
2023-09-16 16:54:37|60901|DEBUG|ytopt.search.hps.optimizer.optimizer:124] _ask: ['roibin_blosc.json', 47, 3, 2, 4] lie: 0.0
2023-09-16 16:54:37|60901|DEBUG|ytopt.search.hps.optimizer.optimizer:165] tell: {'c0': 'roibin_blosc.json', 'p0': 13, 'p1': 4, 'p2': 1, 'p3': 3} --> ('roibin_blosc.json', 13, 4, 1, 3): evaluated objective: -10.6429
2023-09-16 16:54:38|60901|DEBUG|ytopt.search.hps.optimizer.optimizer:124] _ask: ['roibin_blosc.json', 58, 2, 3, 2] lie: 0.0
2023-09-16 16:54:39|60901|DEBUG|ytopt.search.hps.optimizer.optimizer:165] tell: {'c0': 'roibin_blosc.json', 'p0': 30, 'p1': 2, 'p2': 2, 'p3': 2} --> ('roibin_blosc.json', 30, 2, 2, 2): evaluated objective: -12.9236
2023-09-16 16:54:40|60901|DEBUG|ytopt.search.hps.optimizer.optimizer:124] _ask: ['roibin_blosc.json', 25, 1, 2, 3] lie: 0.0
2023-09-16 16:54:40|60901|DEBUG|ytopt.search.hps.optimizer.optimizer:165] tell: {'c0': 'roibin_blosc.json', 'p0': 40, 'p1': 1, 'p2': 2, 'p3': 4} --> ('roibin_blosc.json', 40, 1, 2, 4): evaluated objective: -12.9236
2023-09-16 16:54:41|60901|DEBUG|ytopt.search.hps.optimizer.optimizer:124] _ask: ['roibin_blosc.json', 32, 1, 2, 2] lie: 0.0
2023-09-16 16:55:45|60901|DEBUG|ytopt.search.hps.optimizer.optimizer:165] tell: {'c0': 'roibin_blosc.json', 'p0': 47, 'p1': 3, 'p2': 2, 'p3': 4} --> ('roibin_blosc.json', 47, 3, 2, 4): evaluated objective: -11.7019
2023-09-16 16:55:46|60901|DEBUG|ytopt.search.hps.optimizer.optimizer:124] _ask: ['roibin_blosc.json', 40, 3, 1, 4] lie: 0.0
2023-09-16 16:55:46|60901|DEBUG|ytopt.search.hps.optimizer.optimizer:165] tell: {'c0': 'roibin_blosc.json', 'p0': 58, 'p1': 2, 'p2': 3, 'p3': 2} --> ('roibin_blosc.json', 58, 2, 3, 2): evaluated objective: -10.595
2023-09-16 16:55:47|60901|DEBUG|ytopt.search.hps.optimizer.optimizer:124] _ask: ['roibin_blosc.json', 39, 2, 1, 4] lie: 0.0
2023-09-16 16:55:49|60901|DEBUG|ytopt.search.hps.optimizer.optimizer:165] tell: {'c0': 'roibin_blosc.json', 'p0': 32, 'p1': 1, 'p2': 2, 'p3': 2} --> ('roibin_blosc.json', 32, 1, 2, 2): evaluated objective: -12.1242
2023-09-16 16:55:50|60901|DEBUG|ytopt.search.hps.optimizer.optimizer:124] _ask: ['roibin_blosc.json', 55, 1, 3, 2] lie: 0.0
2023-09-16 16:55:54|60901|DEBUG|ytopt.search.hps.optimizer.optimizer:165] tell: {'c0': 'roibin_blosc.json', 'p0': 25, 'p1': 1, 'p2': 2, 'p3': 3} --> ('roibin_blosc.json', 25, 1, 2, 3): evaluated objective: -10.4075
2023-09-16 16:55:54|60901|DEBUG|ytopt.search.hps.optimizer.optimizer:124] _ask: ['roibin_blosc.json', 34, 1, 2, 1] lie: 0.0
2023-09-16 16:56:55|60901|DEBUG|ytopt.search.hps.optimizer.optimizer:165] tell: {'c0': 'roibin_blosc.json', 'p0': 40, 'p1': 3, 'p2': 1, 'p3': 4} --> ('roibin_blosc.json', 40, 3, 1, 4): evaluated objective: -12.3146
2023-09-16 16:56:56|60901|DEBUG|ytopt.search.hps.optimizer.optimizer:124] _ask: ['roibin_blosc.json', 42, 3, 2, 4] lie: 0.0
2023-09-16 16:56:59|60901|DEBUG|ytopt.search.hps.optimizer.optimizer:165] tell: {'c0': 'roibin_blosc.json', 'p0': 55, 'p1': 1, 'p2': 3, 'p3': 2} --> ('roibin_blosc.json', 55, 1, 3, 2): evaluated objective: -11.4179
2023-09-16 16:57:00|60901|DEBUG|ytopt.search.hps.optimizer.optimizer:124] _ask: ['roibin_blosc.json', 32, 1, 2, 1] lie: 0.0
2023-09-16 16:57:00|60901|DEBUG|ytopt.search.hps.optimizer.optimizer:165] tell: {'c0': 'roibin_blosc.json', 'p0': 39, 'p1': 2, 'p2': 1, 'p3': 4} --> ('roibin_blosc.json', 39, 2, 1, 4): evaluated objective: -13.3641
2023-09-16 16:57:01|60901|DEBUG|ytopt.search.hps.optimizer.optimizer:124] _ask: ['roibin_blosc.json', 40, 2, 1, 4] lie: 0.0
2023-09-16 16:57:01|60901|DEBUG|ytopt.search.hps.optimizer.optimizer:165] tell: {'c0': 'roibin_blosc.json', 'p0': 34, 'p1': 1, 'p2': 2, 'p3': 1} --> ('roibin_blosc.json', 34, 1, 2, 1): evaluated objective: -22.4008
2023-09-16 16:57:02|60901|DEBUG|ytopt.search.hps.optimizer.optimizer:124] _ask: ['roibin_blosc.json', 35, 1, 2, 1] lie: 0.0
2023-09-16 16:58:02|60901|DEBUG|ytopt.search.hps.optimizer.optimizer:165] tell: {'c0': 'roibin_blosc.json', 'p0': 42, 'p1': 3, 'p2': 2, 'p3': 4} --> ('roibin_blosc.json', 42, 3, 2, 4): evaluated objective: -10.9399
2023-09-16 16:58:03|60901|DEBUG|ytopt.search.hps.optimizer.optimizer:124] _ask: ['roibin_blosc.json', 34, 1, 4, 1] lie: 0.0
2023-09-16 16:58:10|60901|DEBUG|ytopt.search.hps.optimizer.optimizer:165] tell: {'c0': 'roibin_blosc.json', 'p0': 32, 'p1': 1, 'p2': 2, 'p3': 1} --> ('roibin_blosc.json', 32, 1, 2, 1): evaluated objective: -31.3612
2023-09-16 16:58:11|60901|DEBUG|ytopt.search.hps.optimizer.optimizer:124] _ask: ['roibin_blosc.json', 32, 1, 1, 1] lie: 0.0
2023-09-16 16:58:11|60901|DEBUG|ytopt.search.hps.optimizer.optimizer:165] tell: {'c0': 'roibin_blosc.json', 'p0': 40, 'p1': 2, 'p2': 1, 'p3': 4} --> ('roibin_blosc.json', 40, 2, 1, 4): evaluated objective: -12.6456
2023-09-16 16:58:11|60901|DEBUG|ytopt.search.hps.optimizer.optimizer:165] tell: {'c0': 'roibin_blosc.json', 'p0': 35, 'p1': 1, 'p2': 2, 'p3': 1} --> ('roibin_blosc.json', 35, 1, 2, 1): evaluated objective: -31.3612
2023-09-16 16:58:12|60901|DEBUG|ytopt.search.hps.optimizer.optimizer:124] _ask: ['roibin_blosc.json', 36, 1, 2, 1] lie: 0.0
2023-09-16 16:58:12|60901|DEBUG|ytopt.search.hps.optimizer.optimizer:124] _ask: ['roibin_blosc.json', 33, 1, 2, 1] lie: 0.0
2023-09-16 16:58:20|60901|DEBUG|ytopt.search.hps.optimizer.optimizer:165] tell: {'c0': 'roibin_blosc.json', 'p0': 34, 'p1': 1, 'p2': 4, 'p3': 1} --> ('roibin_blosc.json', 34, 1, 4, 1): evaluated objective: -26.7283
2023-09-16 16:58:21|60901|DEBUG|ytopt.search.hps.optimizer.optimizer:124] _ask: ['roibin_blosc.json', 35, 1, 3, 1] lie: 0.0
2023-09-16 16:59:18|60901|DEBUG|ytopt.search.hps.optimizer.optimizer:165] tell: {'c0': 'roibin_blosc.json', 'p0': 32, 'p1': 1, 'p2': 1, 'p3': 1} --> ('roibin_blosc.json', 32, 1, 1, 1): evaluated objective: -24.0009
2023-09-16 16:59:19|60901|DEBUG|ytopt.search.hps.optimizer.optimizer:124] _ask: ['roibin_blosc.json', 34, 1, 1, 1] lie: 0.0
2023-09-16 16:59:21|60901|DEBUG|ytopt.search.hps.optimizer.optimizer:165] tell: {'c0': 'roibin_blosc.json', 'p0': 33, 'p1': 1, 'p2': 2, 'p3': 1} --> ('roibin_blosc.json', 33, 1, 2, 1): evaluated objective: -29.7733
2023-09-16 16:59:22|60901|DEBUG|ytopt.search.hps.optimizer.optimizer:124] _ask: ['roibin_blosc.json', 33, 3, 2, 1] lie: 0.0
2023-09-16 16:59:22|60901|DEBUG|ytopt.search.hps.optimizer.optimizer:165] tell: {'c0': 'roibin_blosc.json', 'p0': 36, 'p1': 1, 'p2': 2, 'p3': 1} --> ('roibin_blosc.json', 36, 1, 2, 1): evaluated objective: -28.001
2023-09-16 16:59:23|60901|DEBUG|ytopt.search.hps.optimizer.optimizer:124] _ask: ['roibin_blosc.json', 21, 1, 2, 1] lie: 0.0
2023-09-16 16:59:27|60901|DEBUG|ytopt.search.hps.optimizer.optimizer:165] tell: {'c0': 'roibin_blosc.json', 'p0': 35, 'p1': 1, 'p2': 3, 'p3': 1} --> ('roibin_blosc.json', 35, 1, 3, 1): evaluated objective: -48.0018
2023-09-16 16:59:28|60901|DEBUG|ytopt.search.hps.optimizer.optimizer:124] _ask: ['roibin_blosc.json', 35, 1, 4, 1] lie: 0.0
2023-09-16 17:00:29|60901|DEBUG|ytopt.search.hps.optimizer.optimizer:165] tell: {'c0': 'roibin_blosc.json', 'p0': 34, 'p1': 1, 'p2': 1, 'p3': 1} --> ('roibin_blosc.json', 34, 1, 1, 1): evaluated objective: -22.6162
2023-09-16 17:00:30|60901|DEBUG|ytopt.search.hps.optimizer.optimizer:124] _ask: ['roibin_blosc.json', 37, 1, 3, 1] lie: 0.0
2023-09-16 17:00:31|60901|DEBUG|ytopt.search.hps.optimizer.optimizer:165] tell: {'c0': 'roibin_blosc.json', 'p0': 33, 'p1': 3, 'p2': 2, 'p3': 1} --> ('roibin_blosc.json', 33, 3, 2, 1): evaluated objective: -24.2483
2023-09-16 17:00:32|60901|DEBUG|ytopt.search.hps.optimizer.optimizer:124] _ask: ['roibin_blosc.json', 36, 3, 4, 1] lie: 0.0
2023-09-16 17:00:32|60901|DEBUG|ytopt.search.hps.optimizer.optimizer:165] tell: {'c0': 'roibin_blosc.json', 'p0': 21, 'p1': 1, 'p2': 2, 'p3': 1} --> ('roibin_blosc.json', 21, 1, 2, 1): evaluated objective: -25.8471
2023-09-16 17:00:33|60901|DEBUG|ytopt.search.hps.optimizer.optimizer:124] _ask: ['roibin_blosc.json', 35, 4, 3, 1] lie: 0.0
2023-09-16 17:00:36|60901|DEBUG|ytopt.search.hps.optimizer.optimizer:165] tell: {'c0': 'roibin_blosc.json', 'p0': 35, 'p1': 1, 'p2': 4, 'p3': 1} --> ('roibin_blosc.json', 35, 1, 4, 1): evaluated objective: -37.9369
2023-09-16 17:00:37|60901|DEBUG|ytopt.search.hps.optimizer.optimizer:124] _ask: ['roibin_blosc.json', 36, 1, 4, 1] lie: 0.0
2023-09-16 17:01:37|60901|DEBUG|ytopt.search.hps.optimizer.optimizer:165] tell: {'c0': 'roibin_blosc.json', 'p0': 37, 'p1': 1, 'p2': 3, 'p3': 1} --> ('roibin_blosc.json', 37, 1, 3, 1): evaluated objective: -34.5895
2023-09-16 17:01:38|60901|DEBUG|ytopt.search.hps.optimizer.optimizer:124] _ask: ['roibin_blosc.json', 36, 1, 3, 1] lie: 0.0
2023-09-16 17:01:41|60901|DEBUG|ytopt.search.hps.optimizer.optimizer:165] tell: {'c0': 'roibin_blosc.json', 'p0': 36, 'p1': 3, 'p2': 4, 'p3': 1} --> ('roibin_blosc.json', 36, 3, 4, 1): evaluated objective: -18.093
2023-09-16 17:01:42|60901|DEBUG|ytopt.search.hps.optimizer.optimizer:124] _ask: ['roibin_blosc.json', 35, 2, 3, 1] lie: 0.0
2023-09-16 17:01:42|60901|DEBUG|ytopt.search.hps.optimizer.optimizer:165] tell: {'c0': 'roibin_blosc.json', 'p0': 35, 'p1': 4, 'p2': 3, 'p3': 1} --> ('roibin_blosc.json', 35, 4, 3, 1): evaluated objective: -25.0222
2023-09-16 17:01:43|60901|DEBUG|ytopt.search.hps.optimizer.optimizer:124] _ask: ['roibin_blosc.json', 35, 1, 1, 1] lie: 0.0
2023-09-16 17:01:48|60901|DEBUG|ytopt.search.hps.optimizer.optimizer:165] tell: {'c0': 'roibin_blosc.json', 'p0': 36, 'p1': 1, 'p2': 4, 'p3': 1} --> ('roibin_blosc.json', 36, 1, 4, 1): evaluated objective: -46.1194
2023-09-16 17:01:49|60901|DEBUG|ytopt.search.hps.optimizer.optimizer:124] _ask: ['roibin_blosc.json', 58, 1, 4, 1] lie: 0.0
2023-09-16 17:02:45|60901|DEBUG|ytopt.search.hps.optimizer.optimizer:165] tell: {'c0': 'roibin_blosc.json', 'p0': 36, 'p1': 1, 'p2': 3, 'p3': 1} --> ('roibin_blosc.json', 36, 1, 3, 1): evaluated objective: -35.1058
2023-09-16 17:02:46|60901|DEBUG|ytopt.search.hps.optimizer.optimizer:124] _ask: ['roibin_blosc.json', 37, 1, 4, 1] lie: 0.0
2023-09-16 17:02:51|60901|DEBUG|ytopt.search.hps.optimizer.optimizer:165] tell: {'c0': 'roibin_blosc.json', 'p0': 35, 'p1': 2, 'p2': 3, 'p3': 1} --> ('roibin_blosc.json', 35, 2, 3, 1): evaluated objective: -19.1227
2023-09-16 17:02:52|60901|DEBUG|ytopt.search.hps.optimizer.optimizer:124] _ask: ['roibin_blosc.json', 38, 1, 3, 1] lie: 0.0
2023-09-16 17:02:52|60901|DEBUG|ytopt.search.hps.optimizer.optimizer:165] tell: {'c0': 'roibin_blosc.json', 'p0': 35, 'p1': 1, 'p2': 1, 'p3': 1} --> ('roibin_blosc.json', 35, 1, 1, 1): evaluated objective: -28.3384
2023-09-16 17:02:53|60901|DEBUG|ytopt.search.hps.optimizer.optimizer:124] _ask: ['roibin_blosc.json', 36, 2, 4, 1] lie: 0.0
2023-09-16 17:02:55|60901|DEBUG|ytopt.search.hps.optimizer.optimizer:165] tell: {'c0': 'roibin_blosc.json', 'p0': 58, 'p1': 1, 'p2': 4, 'p3': 1} --> ('roibin_blosc.json', 58, 1, 4, 1): evaluated objective: -32.2204
2023-09-16 17:02:56|60901|DEBUG|ytopt.search.hps.optimizer.optimizer:124] _ask: ['roibin_blosc.json', 38, 1, 4, 1] lie: 0.0
2023-09-16 17:03:52|60901|DEBUG|ytopt.search.hps.optimizer.optimizer:165] tell: {'c0': 'roibin_blosc.json', 'p0': 37, 'p1': 1, 'p2': 4, 'p3': 1} --> ('roibin_blosc.json', 37, 1, 4, 1): evaluated objective: -35.6377
2023-09-16 17:03:53|60901|DEBUG|ytopt.search.hps.optimizer.optimizer:124] _ask: ['roibin_blosc.json', 51, 1, 4, 1] lie: 0.0
2023-09-16 17:04:00|60901|DEBUG|ytopt.search.hps.optimizer.optimizer:165] tell: {'c0': 'roibin_blosc.json', 'p0': 38, 'p1': 1, 'p2': 3, 'p3': 1} --> ('roibin_blosc.json', 38, 1, 3, 1): evaluated objective: -44.379
2023-09-16 17:04:01|60901|DEBUG|ytopt.search.hps.optimizer.optimizer:124] _ask: ['roibin_blosc.json', 39, 1, 3, 1] lie: 0.0
2023-09-16 17:04:01|60901|DEBUG|ytopt.search.hps.optimizer.optimizer:165] tell: {'c0': 'roibin_blosc.json', 'p0': 36, 'p1': 2, 'p2': 4, 'p3': 1} --> ('roibin_blosc.json', 36, 2, 4, 1): evaluated objective: -16.4482
2023-09-16 17:04:02|60901|DEBUG|ytopt.search.hps.optimizer.optimizer:124] _ask: ['roibin_blosc.json', 38, 1, 2, 1] lie: 0.0
2023-09-16 17:04:03|60901|DEBUG|ytopt.search.hps.optimizer.optimizer:165] tell: {'c0': 'roibin_blosc.json', 'p0': 38, 'p1': 1, 'p2': 4, 'p3': 1} --> ('roibin_blosc.json', 38, 1, 4, 1): evaluated objective: -32.2204
2023-09-16 17:04:04|60901|DEBUG|ytopt.search.hps.optimizer.optimizer:124] _ask: ['roibin_blosc.json', 13, 1, 3, 1] lie: 0.0
2023-09-16 17:05:04|60901|DEBUG|ytopt.search.hps.optimizer.optimizer:165] tell: {'c0': 'roibin_blosc.json', 'p0': 51, 'p1': 1, 'p2': 4, 'p3': 1} --> ('roibin_blosc.json', 51, 1, 4, 1): evaluated objective: -33.128
2023-09-16 17:05:05|60901|DEBUG|ytopt.search.hps.optimizer.optimizer:124] _ask: ['roibin_blosc.json', 39, 1, 4, 1] lie: 0.0
2023-09-16 17:05:08|60901|DEBUG|ytopt.search.hps.optimizer.optimizer:165] tell: {'c0': 'roibin_blosc.json', 'p0': 39, 'p1': 1, 'p2': 3, 'p3': 1} --> ('roibin_blosc.json', 39, 1, 3, 1): evaluated objective: -34.0882
2023-09-16 17:05:09|60901|DEBUG|ytopt.search.hps.optimizer.optimizer:124] _ask: ['roibin_blosc.json', 41, 1, 3, 1] lie: 0.0
2023-09-16 17:05:11|60901|DEBUG|ytopt.search.hps.optimizer.optimizer:165] tell: {'c0': 'roibin_blosc.json', 'p0': 38, 'p1': 1, 'p2': 2, 'p3': 1} --> ('roibin_blosc.json', 38, 1, 2, 1): evaluated objective: -39.8659
2023-09-16 17:05:12|60901|DEBUG|ytopt.search.hps.optimizer.optimizer:124] _ask: ['roibin_blosc.json', 39, 1, 2, 1] lie: 0.0
2023-09-16 17:05:12|60901|DEBUG|ytopt.search.hps.optimizer.optimizer:165] tell: {'c0': 'roibin_blosc.json', 'p0': 13, 'p1': 1, 'p2': 3, 'p3': 1} --> ('roibin_blosc.json', 13, 1, 3, 1): evaluated objective: -36.7514
2023-09-16 17:05:13|60901|DEBUG|ytopt.search.hps.optimizer.optimizer:124] _ask: ['roibin_blosc.json', 38, 1, 1, 1] lie: 0.0
2023-09-16 17:06:23|60901|DEBUG|ytopt.search.hps.optimizer.optimizer:165] tell: {'c0': 'roibin_blosc.json', 'p0': 41, 'p1': 1, 'p2': 3, 'p3': 1} --> ('roibin_blosc.json', 41, 1, 3, 1): evaluated objective: -4.48872
2023-09-16 17:06:23|60901|DEBUG|ytopt.search.hps.optimizer.optimizer:165] tell: {'c0': 'roibin_blosc.json', 'p0': 39, 'p1': 1, 'p2': 2, 'p3': 1} --> ('roibin_blosc.json', 39, 1, 2, 1): evaluated objective: -21.9821
2023-09-16 17:06:24|60901|DEBUG|ytopt.search.hps.optimizer.optimizer:124] _ask: ['roibin_blosc.json', 34, 1, 3, 1] lie: 0.0
2023-09-16 17:06:25|60901|DEBUG|ytopt.search.hps.optimizer.optimizer:124] _ask: ['roibin_blosc.json', 37, 1, 1, 1] lie: 0.0
2023-09-16 17:06:25|60901|DEBUG|ytopt.search.hps.optimizer.optimizer:165] tell: {'c0': 'roibin_blosc.json', 'p0': 39, 'p1': 1, 'p2': 4, 'p3': 1} --> ('roibin_blosc.json', 39, 1, 4, 1): evaluated objective: -15.4743
2023-09-16 17:06:25|60901|DEBUG|ytopt.search.hps.optimizer.optimizer:165] tell: {'c0': 'roibin_blosc.json', 'p0': 38, 'p1': 1, 'p2': 1, 'p3': 1} --> ('roibin_blosc.json', 38, 1, 1, 1): evaluated objective: -34.0882
2023-09-16 17:06:26|60901|DEBUG|ytopt.search.hps.optimizer.optimizer:124] _ask: ['roibin_blosc.json', 37, 1, 2, 1] lie: 0.0
2023-09-16 17:06:26|60901|DEBUG|ytopt.search.hps.optimizer.optimizer:124] _ask: ['roibin_blosc.json', 40, 1, 3, 1] lie: 0.0
2023-09-16 17:07:34|60901|DEBUG|ytopt.search.hps.optimizer.optimizer:165] tell: {'c0': 'roibin_blosc.json', 'p0': 37, 'p1': 1, 'p2': 1, 'p3': 1} --> ('roibin_blosc.json', 37, 1, 1, 1): evaluated objective: -17.0441
2023-09-16 17:07:35|60901|DEBUG|ytopt.search.hps.optimizer.optimizer:124] _ask: ['roibin_blosc.json', 12, 1, 3, 1] lie: 0.0
2023-09-16 17:07:35|60901|DEBUG|ytopt.search.hps.optimizer.optimizer:165] tell: {'c0': 'roibin_blosc.json', 'p0': 34, 'p1': 1, 'p2': 3, 'p3': 1} --> ('roibin_blosc.json', 34, 1, 3, 1): evaluated objective: -34.5895
2023-09-16 17:07:35|60901|DEBUG|ytopt.search.hps.optimizer.optimizer:165] tell: {'c0': 'roibin_blosc.json', 'p0': 37, 'p1': 1, 'p2': 2, 'p3': 1} --> ('roibin_blosc.json', 37, 1, 2, 1): evaluated objective: -31.3612
2023-09-16 17:07:35|60901|DEBUG|ytopt.search.hps.optimizer.optimizer:165] tell: {'c0': 'roibin_blosc.json', 'p0': 40, 'p1': 1, 'p2': 3, 'p3': 1} --> ('roibin_blosc.json', 40, 1, 3, 1): evaluated objective: -36.186
2023-09-16 17:07:36|60901|DEBUG|ytopt.search.hps.optimizer.optimizer:124] _ask: ['roibin_blosc.json', 30, 1, 3, 1] lie: 0.0
2023-09-16 17:07:36|60901|DEBUG|ytopt.search.hps.optimizer.optimizer:124] _ask: ['roibin_blosc.json', 32, 1, 3, 1] lie: 0.0
2023-09-16 17:07:37|60901|DEBUG|ytopt.search.hps.optimizer.optimizer:124] _ask: ['roibin_blosc.json', 33, 1, 3, 1] lie: 0.0
2023-09-16 17:07:37|60901|DEBUG|ytopt.search.hps.optimizer.optimizer:165] tell: {'c0': 'roibin_blosc.json', 'p0': 12, 'p1': 1, 'p2': 3, 'p3': 1} --> ('roibin_blosc.json', 12, 1, 3, 1): evaluated objective: -84.0031
2023-09-16 17:07:38|60901|DEBUG|ytopt.search.hps.optimizer.optimizer:124] _ask: ['roibin_blosc.json', 9, 1, 3, 1] lie: 0.0
2023-09-16 17:08:45|60901|DEBUG|ytopt.search.hps.optimizer.optimizer:165] tell: {'c0': 'roibin_blosc.json', 'p0': 32, 'p1': 1, 'p2': 3, 'p3': 1} --> ('roibin_blosc.json', 32, 1, 3, 1): evaluated objective: -26.1343
2023-09-16 17:08:46|60901|DEBUG|ytopt.search.hps.optimizer.optimizer:124] _ask: ['roibin_blosc.json', 11, 1, 3, 1] lie: 0.0
2023-09-16 17:08:51|60901|DEBUG|ytopt.search.hps.optimizer.optimizer:165] tell: {'c0': 'roibin_blosc.json', 'p0': 33, 'p1': 1, 'p2': 3, 'p3': 1} --> ('roibin_blosc.json', 33, 1, 3, 1): evaluated objective: -26.1343
2023-09-16 17:08:52|60901|DEBUG|ytopt.search.hps.optimizer.optimizer:124] _ask: ['roibin_blosc.json', 10, 1, 3, 1] lie: 0.0
2023-09-16 17:08:56|60901|DEBUG|ytopt.search.hps.optimizer.optimizer:165] tell: {'c0': 'roibin_blosc.json', 'p0': 9, 'p1': 1, 'p2': 3, 'p3': 1} --> ('roibin_blosc.json', 9, 1, 3, 1): evaluated objective: -35.6377
2023-09-16 17:08:57|60901|DEBUG|ytopt.search.hps.optimizer.optimizer:124] _ask: ['roibin_blosc.json', 12, 1, 4, 1] lie: 0.0
2023-09-16 17:09:15|60901|DEBUG|ytopt.search.hps.optimizer.optimizer:165] tell: {'c0': 'roibin_blosc.json', 'p0': 10, 'p1': 1, 'p2': 3, 'p3': 1} --> ('roibin_blosc.json', 10, 1, 3, 1): evaluated objective: 2.143
2023-09-16 17:09:16|60901|DEBUG|ytopt.search.hps.optimizer.optimizer:124] _ask: ['roibin_blosc.json', 16, 1, 3, 1] lie: 2.143
2023-09-16 17:09:17|60901|DEBUG|ytopt.search.hps.optimizer.optimizer:165] tell: {'c0': 'roibin_blosc.json', 'p0': 30, 'p1': 1, 'p2': 3, 'p3': 1} --> ('roibin_blosc.json', 30, 1, 3, 1): evaluated objective: 2.255
2023-09-16 17:09:18|60901|DEBUG|ytopt.search.hps.optimizer.optimizer:124] _ask: ['roibin_blosc.json', 12, 1, 2, 1] lie: 2.255
2023-09-16 17:09:40|60901|DEBUG|ytopt.search.hps.optimizer.optimizer:165] tell: {'c0': 'roibin_blosc.json', 'p0': 12, 'p1': 1, 'p2': 4, 'p3': 1} --> ('roibin_blosc.json', 12, 1, 4, 1): evaluated objective: -36.186
2023-09-16 17:09:41|60901|DEBUG|ytopt.search.hps.optimizer.optimizer:124] _ask: ['roibin_blosc.json', 14, 1, 3, 1] lie: 2.255
2023-09-16 17:09:50|60901|DEBUG|ytopt.search.hps.optimizer.optimizer:165] tell: {'c0': 'roibin_blosc.json', 'p0': 11, 'p1': 1, 'p2': 3, 'p3': 1} --> ('roibin_blosc.json', 11, 1, 3, 1): evaluated objective: -32.6679
2023-09-16 17:09:51|60901|DEBUG|ytopt.search.hps.optimizer.optimizer:124] _ask: ['roibin_blosc.json', 12, 3, 3, 1] lie: 2.255
2023-09-16 17:10:20|60901|DEBUG|ytopt.search.hps.optimizer.optimizer:165] tell: {'c0': 'roibin_blosc.json', 'p0': 16, 'p1': 1, 'p2': 3, 'p3': 1} --> ('roibin_blosc.json', 16, 1, 3, 1): evaluated objective: -35.6377
2023-09-16 17:10:21|60901|DEBUG|ytopt.search.hps.optimizer.optimizer:124] _ask: ['roibin_blosc.json', 4, 1, 3, 1] lie: 2.255
2023-09-16 17:10:21|60901|DEBUG|ytopt.search.hps.optimizer.optimizer:165] tell: {'c0': 'roibin_blosc.json', 'p0': 12, 'p1': 1, 'p2': 2, 'p3': 1} --> ('roibin_blosc.json', 12, 1, 2, 1): evaluated objective: -26.1343
2023-09-16 17:10:22|60901|DEBUG|ytopt.search.hps.optimizer.optimizer:124] _ask: ['roibin_blosc.json', 12, 1, 1, 1] lie: 2.255
2023-09-16 17:10:41|60901|DEBUG|ytopt.search.hps.optimizer.optimizer:165] tell: {'c0': 'roibin_blosc.json', 'p0': 14, 'p1': 1, 'p2': 3, 'p3': 1} --> ('roibin_blosc.json', 14, 1, 3, 1): evaluated objective: -31.785
2023-09-16 17:10:42|60901|DEBUG|ytopt.search.hps.optimizer.optimizer:124] _ask: ['roibin_blosc.json', 11, 1, 4, 1] lie: 2.255
2023-09-16 17:10:53|60901|DEBUG|ytopt.search.hps.optimizer.optimizer:165] tell: {'c0': 'roibin_blosc.json', 'p0': 12, 'p1': 3, 'p2': 3, 'p3': 1} --> ('roibin_blosc.json', 12, 3, 3, 1): evaluated objective: -31.785
2023-09-16 17:10:54|60901|DEBUG|ytopt.search.hps.optimizer.optimizer:124] _ask: ['roibin_blosc.json', 12, 4, 3, 1] lie: 2.255
2023-09-16 17:11:24|60901|DEBUG|ytopt.search.hps.optimizer.optimizer:165] tell: {'c0': 'roibin_blosc.json', 'p0': 4, 'p1': 1, 'p2': 3, 'p3': 1} --> ('roibin_blosc.json', 4, 1, 3, 1): evaluated objective: -36.186
2023-09-16 17:11:25|60901|DEBUG|ytopt.search.hps.optimizer.optimizer:124] _ask: ['roibin_blosc.json', 13, 1, 4, 1] lie: 2.255
2023-09-16 17:11:26|60901|DEBUG|ytopt.search.hps.optimizer.optimizer:165] tell: {'c0': 'roibin_blosc.json', 'p0': 12, 'p1': 1, 'p2': 1, 'p3': 1} --> ('roibin_blosc.json', 12, 1, 1, 1): evaluated objective: -27.3498
2023-09-16 17:11:27|60901|DEBUG|ytopt.search.hps.optimizer.optimizer:124] _ask: ['roibin_blosc.json', 3, 1, 3, 1] lie: 2.255
2023-09-16 17:11:45|60901|DEBUG|ytopt.search.hps.optimizer.optimizer:165] tell: {'c0': 'roibin_blosc.json', 'p0': 11, 'p1': 1, 'p2': 4, 'p3': 1} --> ('roibin_blosc.json', 11, 1, 4, 1): evaluated objective: -31.785
2023-09-16 17:11:46|60901|DEBUG|ytopt.search.hps.optimizer.optimizer:124] _ask: ['roibin_blosc.json', 11, 1, 2, 1] lie: 2.255
2023-09-16 17:11:59|60901|DEBUG|ytopt.search.hps.optimizer.optimizer:165] tell: {'c0': 'roibin_blosc.json', 'p0': 12, 'p1': 4, 'p2': 3, 'p3': 1} --> ('roibin_blosc.json', 12, 4, 3, 1): evaluated objective: -24.5009
2023-09-16 17:12:00|60901|DEBUG|ytopt.search.hps.optimizer.optimizer:124] _ask: ['roibin_blosc.json', 12, 2, 3, 1] lie: 2.255
2023-09-16 17:12:31|60901|DEBUG|ytopt.search.hps.optimizer.optimizer:165] tell: {'c0': 'roibin_blosc.json', 'p0': 13, 'p1': 1, 'p2': 4, 'p3': 1} --> ('roibin_blosc.json', 13, 1, 4, 1): evaluated objective: -29.0381
2023-09-16 17:12:32|60901|DEBUG|ytopt.search.hps.optimizer.optimizer:124] _ask: ['roibin_blosc.json', 1, 1, 3, 1] lie: 2.255
2023-09-16 17:12:36|60901|DEBUG|ytopt.search.hps.optimizer.optimizer:165] tell: {'c0': 'roibin_blosc.json', 'p0': 3, 'p1': 1, 'p2': 3, 'p3': 1} --> ('roibin_blosc.json', 3, 1, 3, 1): evaluated objective: -26.1343
2023-09-16 17:12:37|60901|DEBUG|ytopt.search.hps.optimizer.optimizer:124] _ask: ['roibin_blosc.json', 8, 1, 3, 1] lie: 2.255
2023-09-16 17:12:54|60901|DEBUG|ytopt.search.hps.optimizer.optimizer:165] tell: {'c0': 'roibin_blosc.json', 'p0': 11, 'p1': 1, 'p2': 2, 'p3': 1} --> ('roibin_blosc.json', 11, 1, 2, 1): evaluated objective: -32.2204
2023-09-16 17:12:55|60901|DEBUG|ytopt.search.hps.optimizer.optimizer:124] _ask: ['roibin_blosc.json', 10, 1, 4, 1] lie: 2.255
2023-09-16 17:13:07|60901|DEBUG|ytopt.search.hps.optimizer.optimizer:165] tell: {'c0': 'roibin_blosc.json', 'p0': 12, 'p1': 2, 'p2': 3, 'p3': 1} --> ('roibin_blosc.json', 12, 2, 3, 1): evaluated objective: -16.4482
2023-09-16 17:13:08|60901|DEBUG|ytopt.search.hps.optimizer.optimizer:124] _ask: ['roibin_blosc.json', 11, 1, 1, 1] lie: 2.255
2023-09-16 17:13:37|60901|DEBUG|ytopt.search.hps.optimizer.optimizer:165] tell: {'c0': 'roibin_blosc.json', 'p0': 1, 'p1': 1, 'p2': 3, 'p3': 1} --> ('roibin_blosc.json', 1, 1, 3, 1): evaluated objective: -28.684
2023-09-16 17:13:38|60901|DEBUG|ytopt.search.hps.optimizer.optimizer:124] _ask: ['roibin_blosc.json', 15, 1, 3, 1] lie: 2.255
2023-09-16 17:13:42|60901|DEBUG|ytopt.search.hps.optimizer.optimizer:165] tell: {'c0': 'roibin_blosc.json', 'p0': 8, 'p1': 1, 'p2': 3, 'p3': 1} --> ('roibin_blosc.json', 8, 1, 3, 1): evaluated objective: -35.6377
2023-09-16 17:13:43|60901|DEBUG|ytopt.search.hps.optimizer.optimizer:124] _ask: ['roibin_blosc.json', 13, 1, 2, 1] lie: 2.255
2023-09-16 17:13:57|60901|DEBUG|ytopt.search.hps.optimizer.optimizer:165] tell: {'c0': 'roibin_blosc.json', 'p0': 10, 'p1': 1, 'p2': 4, 'p3': 1} --> ('roibin_blosc.json', 10, 1, 4, 1): evaluated objective: -31.3612
2023-09-16 17:13:58|60901|DEBUG|ytopt.search.hps.optimizer.optimizer:124] _ask: ['roibin_blosc.json', 14, 1, 4, 1] lie: 2.255
2023-09-16 17:14:11|60901|DEBUG|ytopt.search.hps.optimizer.optimizer:165] tell: {'c0': 'roibin_blosc.json', 'p0': 11, 'p1': 1, 'p2': 1, 'p3': 1} --> ('roibin_blosc.json', 11, 1, 1, 1): evaluated objective: -21.3826
2023-09-16 17:14:11|60901|DEBUG|ytopt.search.hps.optimizer.optimizer:124] _ask: ['roibin_blosc.json', 12, 4, 4, 1] lie: 2.255
2023-09-16 17:14:41|60901|DEBUG|ytopt.search.hps.optimizer.optimizer:165] tell: {'c0': 'roibin_blosc.json', 'p0': 15, 'p1': 1, 'p2': 3, 'p3': 1} --> ('roibin_blosc.json', 15, 1, 3, 1): evaluated objective: -34.0882
2023-09-16 17:14:42|60901|DEBUG|ytopt.search.hps.optimizer.optimizer:124] _ask: ['roibin_blosc.json', 17, 1, 3, 1] lie: 2.255
2023-09-16 17:14:48|60901|DEBUG|ytopt.search.hps.optimizer.optimizer:165] tell: {'c0': 'roibin_blosc.json', 'p0': 13, 'p1': 1, 'p2': 2, 'p3': 1} --> ('roibin_blosc.json', 13, 1, 2, 1): evaluated objective: -27.3498
2023-09-16 17:14:49|60901|DEBUG|ytopt.search.hps.optimizer.optimizer:124] _ask: ['roibin_blosc.json', 15, 1, 4, 1] lie: 2.255
2023-09-16 17:15:02|60901|DEBUG|ytopt.search.hps.optimizer.optimizer:165] tell: {'c0': 'roibin_blosc.json', 'p0': 14, 'p1': 1, 'p2': 4, 'p3': 1} --> ('roibin_blosc.json', 14, 1, 4, 1): evaluated objective: -31.785
2023-09-16 17:15:03|60901|DEBUG|ytopt.search.hps.optimizer.optimizer:124] _ask: ['roibin_blosc.json', 9, 1, 4, 1] lie: 2.255
2023-09-16 17:15:15|60901|DEBUG|ytopt.search.hps.optimizer.optimizer:165] tell: {'c0': 'roibin_blosc.json', 'p0': 12, 'p1': 4, 'p2': 4, 'p3': 1} --> ('roibin_blosc.json', 12, 4, 4, 1): evaluated objective: -19.7654
2023-09-16 17:15:16|60901|DEBUG|ytopt.search.hps.optimizer.optimizer:124] _ask: ['roibin_blosc.json', 7, 1, 3, 1] lie: 2.255
2023-09-16 17:15:45|60901|DEBUG|ytopt.search.hps.optimizer.optimizer:165] tell: {'c0': 'roibin_blosc.json', 'p0': 17, 'p1': 1, 'p2': 3, 'p3': 1} --> ('roibin_blosc.json', 17, 1, 3, 1): evaluated objective: -36.186
2023-09-16 17:15:46|60901|DEBUG|ytopt.search.hps.optimizer.optimizer:124] _ask: ['roibin_blosc.json', 18, 1, 3, 1] lie: 2.255
2023-09-16 17:15:53|60901|DEBUG|ytopt.search.hps.optimizer.optimizer:165] tell: {'c0': 'roibin_blosc.json', 'p0': 15, 'p1': 1, 'p2': 4, 'p3': 1} --> ('roibin_blosc.json', 15, 1, 4, 1): evaluated objective: -41.2647
2023-09-16 17:15:54|60901|DEBUG|ytopt.search.hps.optimizer.optimizer:124] _ask: ['roibin_blosc.json', 8, 1, 4, 1] lie: 2.255
2023-09-16 17:16:08|60901|DEBUG|ytopt.search.hps.optimizer.optimizer:165] tell: {'c0': 'roibin_blosc.json', 'p0': 9, 'p1': 1, 'p2': 4, 'p3': 1} --> ('roibin_blosc.json', 9, 1, 4, 1): evaluated objective: -30.5466
2023-09-16 17:16:09|60901|DEBUG|ytopt.search.hps.optimizer.optimizer:124] _ask: ['roibin_blosc.json', 9, 1, 2, 1] lie: 2.255
2023-09-16 17:16:18|60901|DEBUG|ytopt.search.hps.optimizer.optimizer:165] tell: {'c0': 'roibin_blosc.json', 'p0': 7, 'p1': 1, 'p2': 3, 'p3': 1} --> ('roibin_blosc.json', 7, 1, 3, 1): evaluated objective: -26.4279
2023-09-16 17:16:19|60901|DEBUG|ytopt.search.hps.optimizer.optimizer:124] _ask: ['roibin_blosc.json', 18, 1, 4, 1] lie: 2.255
2023-09-16 17:16:51|60901|DEBUG|ytopt.search.hps.optimizer.optimizer:165] tell: {'c0': 'roibin_blosc.json', 'p0': 18, 'p1': 1, 'p2': 3, 'p3': 1} --> ('roibin_blosc.json', 18, 1, 3, 1): evaluated objective: -34.0882
2023-09-16 17:16:52|60901|DEBUG|ytopt.search.hps.optimizer.optimizer:124] _ask: ['roibin_blosc.json', 19, 1, 3, 1] lie: 2.255
2023-09-16 17:16:58|60901|DEBUG|ytopt.search.hps.optimizer.optimizer:165] tell: {'c0': 'roibin_blosc.json', 'p0': 8, 'p1': 1, 'p2': 4, 'p3': 1} --> ('roibin_blosc.json', 8, 1, 4, 1): evaluated objective: -32.2204
2023-09-16 17:16:59|60901|DEBUG|ytopt.search.hps.optimizer.optimizer:124] _ask: ['roibin_blosc.json', 17, 1, 4, 1] lie: 2.255
2023-09-16 17:17:14|60901|DEBUG|ytopt.search.hps.optimizer.optimizer:165] tell: {'c0': 'roibin_blosc.json', 'p0': 9, 'p1': 1, 'p2': 2, 'p3': 1} --> ('roibin_blosc.json', 9, 1, 2, 1): evaluated objective: -27.6716
2023-09-16 17:17:15|60901|DEBUG|ytopt.search.hps.optimizer.optimizer:124] _ask: ['roibin_blosc.json', 12, 2, 4, 1] lie: 2.255
2023-09-16 17:17:22|60901|DEBUG|ytopt.search.hps.optimizer.optimizer:165] tell: {'c0': 'roibin_blosc.json', 'p0': 18, 'p1': 1, 'p2': 4, 'p3': 1} --> ('roibin_blosc.json', 18, 1, 4, 1): evaluated objective: -38.5588
2023-09-16 17:17:23|60901|DEBUG|ytopt.search.hps.optimizer.optimizer:124] _ask: ['roibin_blosc.json', 22, 1, 4, 1] lie: 2.255
2023-09-16 17:17:57|60901|DEBUG|ytopt.search.hps.optimizer.optimizer:165] tell: {'c0': 'roibin_blosc.json', 'p0': 19, 'p1': 1, 'p2': 3, 'p3': 1} --> ('roibin_blosc.json', 19, 1, 3, 1): evaluated objective: -35.6377
2023-09-16 17:17:58|60901|DEBUG|ytopt.search.hps.optimizer.optimizer:124] _ask: ['roibin_blosc.json', 19, 1, 4, 1] lie: 2.255
2023-09-16 17:18:03|60901|DEBUG|ytopt.search.hps.optimizer.optimizer:165] tell: {'c0': 'roibin_blosc.json', 'p0': 17, 'p1': 1, 'p2': 4, 'p3': 1} --> ('roibin_blosc.json', 17, 1, 4, 1): evaluated objective: -42.7652
2023-09-16 17:18:04|60901|DEBUG|ytopt.search.hps.optimizer.optimizer:124] _ask: ['roibin_blosc.json', 20, 1, 3, 1] lie: 2.255
2023-09-16 17:18:18|60901|DEBUG|ytopt.search.hps.optimizer.optimizer:165] tell: {'c0': 'roibin_blosc.json', 'p0': 12, 'p1': 2, 'p2': 4, 'p3': 1} --> ('roibin_blosc.json', 12, 2, 4, 1): evaluated objective: -18.5204
2023-09-16 17:18:19|60901|DEBUG|ytopt.search.hps.optimizer.optimizer:124] _ask: ['roibin_blosc.json', 19, 1, 2, 1] lie: 2.255
2023-09-16 17:18:27|60901|DEBUG|ytopt.search.hps.optimizer.optimizer:165] tell: {'c0': 'roibin_blosc.json', 'p0': 22, 'p1': 1, 'p2': 4, 'p3': 1} --> ('roibin_blosc.json', 22, 1, 4, 1): evaluated objective: -30.155
2023-09-16 17:18:28|60901|DEBUG|ytopt.search.hps.optimizer.optimizer:124] _ask: ['roibin_blosc.json', 13, 1, 1, 1] lie: 2.255
2023-09-16 17:19:01|60901|DEBUG|ytopt.search.hps.optimizer.optimizer:165] tell: {'c0': 'roibin_blosc.json', 'p0': 19, 'p1': 1, 'p2': 4, 'p3': 1} --> ('roibin_blosc.json', 19, 1, 4, 1): evaluated objective: -37.3347
2023-09-16 17:19:02|60901|DEBUG|ytopt.search.hps.optimizer.optimizer:124] _ask: ['roibin_blosc.json', 20, 1, 4, 1] lie: 2.255
2023-09-16 17:19:11|60901|DEBUG|ytopt.search.hps.optimizer.optimizer:165] tell: {'c0': 'roibin_blosc.json', 'p0': 20, 'p1': 1, 'p2': 3, 'p3': 1} --> ('roibin_blosc.json', 20, 1, 3, 1): evaluated objective: -31.785
2023-09-16 17:19:12|60901|DEBUG|ytopt.search.hps.optimizer.optimizer:124] _ask: ['roibin_blosc.json', 14, 1, 2, 1] lie: 2.255
2023-09-16 17:19:25|60901|DEBUG|ytopt.search.hps.optimizer.optimizer:165] tell: {'c0': 'roibin_blosc.json', 'p0': 19, 'p1': 1, 'p2': 2, 'p3': 1} --> ('roibin_blosc.json', 19, 1, 2, 1): evaluated objective: -23.288
2023-09-16 17:19:26|60901|DEBUG|ytopt.search.hps.optimizer.optimizer:124] _ask: ['roibin_blosc.json', 21, 1, 4, 1] lie: 2.255
2023-09-16 17:19:34|60901|DEBUG|ytopt.search.hps.optimizer.optimizer:165] tell: {'c0': 'roibin_blosc.json', 'p0': 13, 'p1': 1, 'p2': 1, 'p3': 1} --> ('roibin_blosc.json', 13, 1, 1, 1): evaluated objective: -24.7588
2023-09-16 17:19:35|60901|DEBUG|ytopt.search.hps.optimizer.optimizer:124] _ask: ['roibin_blosc.json', 22, 1, 3, 1] lie: 2.255
2023-09-16 17:20:11|60901|DEBUG|ytopt.search.hps.optimizer.optimizer:165] tell: {'c0': 'roibin_blosc.json', 'p0': 20, 'p1': 1, 'p2': 4, 'p3': 1} --> ('roibin_blosc.json', 20, 1, 4, 1): evaluated objective: -29.0381
2023-09-16 17:20:12|60901|DEBUG|ytopt.search.hps.optimizer.optimizer:124] _ask: ['roibin_blosc.json', 30, 1, 4, 1] lie: 2.255
2023-09-16 17:20:19|60901|DEBUG|ytopt.search.hps.optimizer.optimizer:165] tell: {'c0': 'roibin_blosc.json', 'p0': 14, 'p1': 1, 'p2': 2, 'p3': 1} --> ('roibin_blosc.json', 14, 1, 2, 1): evaluated objective: -32.2204
2023-09-16 17:20:20|60901|DEBUG|ytopt.search.hps.optimizer.optimizer:124] _ask: ['roibin_blosc.json', 40, 1, 4, 1] lie: 2.255
2023-09-16 17:20:30|60901|DEBUG|ytopt.search.hps.optimizer.optimizer:165] tell: {'c0': 'roibin_blosc.json', 'p0': 21, 'p1': 1, 'p2': 4, 'p3': 1} --> ('roibin_blosc.json', 21, 1, 4, 1): evaluated objective: -22.1895
2023-09-16 17:20:31|60901|DEBUG|ytopt.search.hps.optimizer.optimizer:124] _ask: ['roibin_blosc.json', 43, 1, 3, 1] lie: 2.255
2023-09-16 17:20:38|60901|DEBUG|ytopt.search.hps.optimizer.optimizer:165] tell: {'c0': 'roibin_blosc.json', 'p0': 22, 'p1': 1, 'p2': 3, 'p3': 1} --> ('roibin_blosc.json', 22, 1, 3, 1): evaluated objective: -41.2647
2023-09-16 17:20:39|60901|DEBUG|ytopt.search.hps.optimizer.optimizer:124] _ask: ['roibin_blosc.json', 26, 1, 3, 1] lie: 2.255
2023-09-16 17:21:16|60901|DEBUG|ytopt.search.hps.optimizer.optimizer:165] tell: {'c0': 'roibin_blosc.json', 'p0': 30, 'p1': 1, 'p2': 4, 'p3': 1} --> ('roibin_blosc.json', 30, 1, 4, 1): evaluated objective: -32.2204
2023-09-16 17:21:17|60901|DEBUG|ytopt.search.hps.optimizer.optimizer:124] _ask: ['roibin_blosc.json', 12, 1, 3, 2] lie: 2.255
2023-09-16 17:21:26|60901|DEBUG|ytopt.search.hps.optimizer.optimizer:165] tell: {'c0': 'roibin_blosc.json', 'p0': 40, 'p1': 1, 'p2': 4, 'p3': 1} --> ('roibin_blosc.json', 40, 1, 4, 1): evaluated objective: -30.155
2023-09-16 17:21:27|60901|DEBUG|ytopt.search.hps.optimizer.optimizer:124] _ask: ['roibin_blosc.json', 24, 1, 3, 1] lie: 2.255
2023-09-16 17:21:37|60901|DEBUG|ytopt.search.hps.optimizer.optimizer:165] tell: {'c0': 'roibin_blosc.json', 'p0': 43, 'p1': 1, 'p2': 3, 'p3': 1} --> ('roibin_blosc.json', 43, 1, 3, 1): evaluated objective: -33.6012
2023-09-16 17:21:38|60901|DEBUG|ytopt.search.hps.optimizer.optimizer:124] _ask: ['roibin_blosc.json', 23, 1, 3, 1] lie: 2.255
2023-09-16 17:21:43|60901|DEBUG|ytopt.search.hps.optimizer.optimizer:165] tell: {'c0': 'roibin_blosc.json', 'p0': 26, 'p1': 1, 'p2': 3, 'p3': 1} --> ('roibin_blosc.json', 26, 1, 3, 1): evaluated objective: -34.0882
2023-09-16 17:21:44|60901|DEBUG|ytopt.search.hps.optimizer.optimizer:124] _ask: ['roibin_blosc.json', 27, 1, 4, 1] lie: 2.255
2023-09-16 17:22:20|60901|DEBUG|ytopt.search.hps.optimizer.optimizer:165] tell: {'c0': 'roibin_blosc.json', 'p0': 12, 'p1': 1, 'p2': 3, 'p3': 2} --> ('roibin_blosc.json', 12, 1, 3, 2): evaluated objective: -11.7019
2023-09-16 17:22:21|60901|DEBUG|ytopt.search.hps.optimizer.optimizer:124] _ask: ['roibin_blosc.json', 23, 1, 4, 1] lie: 2.255
2023-09-16 17:22:32|60901|DEBUG|ytopt.search.hps.optimizer.optimizer:165] tell: {'c0': 'roibin_blosc.json', 'p0': 24, 'p1': 1, 'p2': 3, 'p3': 1} --> ('roibin_blosc.json', 24, 1, 3, 1): evaluated objective: -33.6012
2023-09-16 17:22:33|60901|DEBUG|ytopt.search.hps.optimizer.optimizer:124] _ask: ['roibin_blosc.json', 31, 1, 4, 1] lie: 2.255
2023-09-16 17:22:42|60901|DEBUG|ytopt.search.hps.optimizer.optimizer:165] tell: {'c0': 'roibin_blosc.json', 'p0': 23, 'p1': 1, 'p2': 3, 'p3': 1} --> ('roibin_blosc.json', 23, 1, 3, 1): evaluated objective: -32.2204
2023-09-16 17:22:43|60901|DEBUG|ytopt.search.hps.optimizer.optimizer:124] _ask: ['roibin_blosc.json', 25, 1, 3, 1] lie: 2.255
2023-09-16 17:22:47|60901|DEBUG|ytopt.search.hps.optimizer.optimizer:165] tell: {'c0': 'roibin_blosc.json', 'p0': 27, 'p1': 1, 'p2': 4, 'p3': 1} --> ('roibin_blosc.json', 27, 1, 4, 1): evaluated objective: -31.3612
2023-09-16 17:22:48|60901|DEBUG|ytopt.search.hps.optimizer.optimizer:124] _ask: ['roibin_blosc.json', 27, 1, 3, 1] lie: 2.255
2023-09-16 17:23:23|60901|DEBUG|ytopt.search.hps.optimizer.optimizer:165] tell: {'c0': 'roibin_blosc.json', 'p0': 23, 'p1': 1, 'p2': 4, 'p3': 1} --> ('roibin_blosc.json', 23, 1, 4, 1): evaluated objective: -36.186
2023-09-16 17:23:24|60901|DEBUG|ytopt.search.hps.optimizer.optimizer:124] _ask: ['roibin_blosc.json', 26, 1, 4, 1] lie: 2.255
2023-09-16 17:23:39|60901|DEBUG|ytopt.search.hps.optimizer.optimizer:165] tell: {'c0': 'roibin_blosc.json', 'p0': 31, 'p1': 1, 'p2': 4, 'p3': 1} --> ('roibin_blosc.json', 31, 1, 4, 1): evaluated objective: -32.2204
2023-09-16 17:23:40|60901|DEBUG|ytopt.search.hps.optimizer.optimizer:124] _ask: ['roibin_blosc.json', 25, 1, 4, 1] lie: 2.255
2023-09-16 17:23:48|60901|DEBUG|ytopt.search.hps.optimizer.optimizer:165] tell: {'c0': 'roibin_blosc.json', 'p0': 25, 'p1': 1, 'p2': 3, 'p3': 1} --> ('roibin_blosc.json', 25, 1, 3, 1): evaluated objective: -32.2204
2023-09-16 17:23:49|60901|DEBUG|ytopt.search.hps.optimizer.optimizer:124] _ask: ['roibin_blosc.json', 29, 1, 4, 1] lie: 2.255
2023-09-16 17:23:53|60901|DEBUG|ytopt.search.hps.optimizer.optimizer:165] tell: {'c0': 'roibin_blosc.json', 'p0': 27, 'p1': 1, 'p2': 3, 'p3': 1} --> ('roibin_blosc.json', 27, 1, 3, 1): evaluated objective: -31.3612
2023-09-16 17:23:54|60901|DEBUG|ytopt.search.hps.optimizer.optimizer:124] _ask: ['roibin_blosc.json', 28, 1, 3, 1] lie: 2.255
2023-09-16 17:24:29|60901|DEBUG|ytopt.search.hps.optimizer.optimizer:165] tell: {'c0': 'roibin_blosc.json', 'p0': 26, 'p1': 1, 'p2': 4, 'p3': 1} --> ('roibin_blosc.json', 26, 1, 4, 1): evaluated objective: -33.128
2023-09-16 17:24:30|60901|DEBUG|ytopt.search.hps.optimizer.optimizer:124] _ask: ['roibin_blosc.json', 25, 1, 2, 1] lie: 2.255
2023-09-16 17:24:49|60901|DEBUG|ytopt.search.hps.optimizer.optimizer:165] tell: {'c0': 'roibin_blosc.json', 'p0': 25, 'p1': 1, 'p2': 4, 'p3': 1} --> ('roibin_blosc.json', 25, 1, 4, 1): evaluated objective: -36.186
2023-09-16 17:24:50|60901|DEBUG|ytopt.search.hps.optimizer.optimizer:124] _ask: ['roibin_blosc.json', 28, 1, 4, 1] lie: 2.255
2023-09-16 17:24:59|60901|DEBUG|ytopt.search.hps.optimizer.optimizer:165] tell: {'c0': 'roibin_blosc.json', 'p0': 29, 'p1': 1, 'p2': 4, 'p3': 1} --> ('roibin_blosc.json', 29, 1, 4, 1): evaluated objective: -33.6012
2023-09-16 17:25:00|60901|DEBUG|ytopt.search.hps.optimizer.optimizer:124] _ask: ['roibin_blosc.json', 50, 1, 3, 1] lie: 2.255
2023-09-16 17:25:00|60901|DEBUG|ytopt.search.hps.optimizer.optimizer:165] tell: {'c0': 'roibin_blosc.json', 'p0': 28, 'p1': 1, 'p2': 3, 'p3': 1} --> ('roibin_blosc.json', 28, 1, 3, 1): evaluated objective: -32.6679
2023-09-16 17:25:01|60901|DEBUG|ytopt.search.hps.optimizer.optimizer:124] _ask: ['roibin_blosc.json', 29, 1, 3, 1] lie: 2.255
2023-09-16 17:25:54|60901|DEBUG|ytopt.search.hps.optimizer.optimizer:165] tell: {'c0': 'roibin_blosc.json', 'p0': 25, 'p1': 1, 'p2': 2, 'p3': 1} --> ('roibin_blosc.json', 25, 1, 2, 1): evaluated objective: -28.001
2023-09-16 17:25:55|60901|DEBUG|ytopt.search.hps.optimizer.optimizer:124] _ask: ['roibin_blosc.json', 45, 1, 3, 1] lie: 2.255
2023-09-16 17:26:01|60901|DEBUG|ytopt.search.hps.optimizer.optimizer:165] tell: {'c0': 'roibin_blosc.json', 'p0': 28, 'p1': 1, 'p2': 4, 'p3': 1} --> ('roibin_blosc.json', 28, 1, 4, 1): evaluated objective: -44.379
2023-09-16 17:26:02|60901|DEBUG|ytopt.search.hps.optimizer.optimizer:124] _ask: ['roibin_blosc.json', 31, 1, 3, 1] lie: 2.255
2023-09-16 17:26:09|60901|DEBUG|ytopt.search.hps.optimizer.optimizer:165] tell: {'c0': 'roibin_blosc.json', 'p0': 50, 'p1': 1, 'p2': 3, 'p3': 1} --> ('roibin_blosc.json', 50, 1, 3, 1): evaluated objective: -31.3612
2023-09-16 17:26:10|60901|DEBUG|ytopt.search.hps.optimizer.optimizer:124] _ask: ['roibin_blosc.json', 60, 1, 3, 1] lie: 2.255
2023-09-16 17:26:19|60901|DEBUG|ytopt.search.hps.optimizer.optimizer:165] tell: {'c0': 'roibin_blosc.json', 'p0': 29, 'p1': 1, 'p2': 3, 'p3': 1} --> ('roibin_blosc.json', 29, 1, 3, 1): evaluated objective: -32.2204
2023-09-16 17:26:20|60901|DEBUG|ytopt.search.hps.optimizer.optimizer:124] _ask: ['roibin_blosc.json', 32, 1, 4, 1] lie: 2.255
2023-09-16 17:27:00|60901|DEBUG|ytopt.search.hps.optimizer.optimizer:165] tell: {'c0': 'roibin_blosc.json', 'p0': 45, 'p1': 1, 'p2': 3, 'p3': 1} --> ('roibin_blosc.json', 45, 1, 3, 1): evaluated objective: -37.9369
2023-09-16 17:27:01|60901|DEBUG|ytopt.search.hps.optimizer.optimizer:124] _ask: ['roibin_blosc.json', 53, 1, 3, 1] lie: 2.255
2023-09-16 17:27:08|60901|DEBUG|ytopt.search.hps.optimizer.optimizer:165] tell: {'c0': 'roibin_blosc.json', 'p0': 31, 'p1': 1, 'p2': 3, 'p3': 1} --> ('roibin_blosc.json', 31, 1, 3, 1): evaluated objective: -41.2647
2023-09-16 17:27:09|60901|DEBUG|ytopt.search.hps.optimizer.optimizer:124] _ask: ['roibin_blosc.json', 47, 1, 3, 1] lie: 2.255
2023-09-16 17:27:19|60901|DEBUG|ytopt.search.hps.optimizer.optimizer:165] tell: {'c0': 'roibin_blosc.json', 'p0': 60, 'p1': 1, 'p2': 3, 'p3': 1} --> ('roibin_blosc.json', 60, 1, 3, 1): evaluated objective: -32.2204
2023-09-16 17:27:20|60901|DEBUG|ytopt.search.hps.optimizer.optimizer:124] _ask: ['roibin_blosc.json', 46, 1, 3, 1] lie: 2.255
2023-09-16 17:27:23|60901|DEBUG|ytopt.search.hps.optimizer.optimizer:165] tell: {'c0': 'roibin_blosc.json', 'p0': 32, 'p1': 1, 'p2': 4, 'p3': 1} --> ('roibin_blosc.json', 32, 1, 4, 1): evaluated objective: -33.128
2023-09-16 17:27:24|60901|DEBUG|ytopt.search.hps.optimizer.optimizer:124] _ask: ['roibin_blosc.json', 44, 1, 3, 1] lie: 2.255
2023-09-16 17:28:04|60901|DEBUG|ytopt.search.hps.optimizer.optimizer:165] tell: {'c0': 'roibin_blosc.json', 'p0': 53, 'p1': 1, 'p2': 3, 'p3': 1} --> ('roibin_blosc.json', 53, 1, 3, 1): evaluated objective: -34.5895
2023-09-16 17:28:05|60901|DEBUG|ytopt.search.hps.optimizer.optimizer:124] _ask: ['roibin_blosc.json', 49, 1, 3, 1] lie: 2.255
2023-09-16 17:28:15|60901|DEBUG|ytopt.search.hps.optimizer.optimizer:165] tell: {'c0': 'roibin_blosc.json', 'p0': 47, 'p1': 1, 'p2': 3, 'p3': 1} --> ('roibin_blosc.json', 47, 1, 3, 1): evaluated objective: -31.785
2023-09-16 17:28:16|60901|DEBUG|ytopt.search.hps.optimizer.optimizer:124] _ask: ['roibin_blosc.json', 50, 1, 4, 1] lie: 2.255
2023-09-16 17:28:26|60901|DEBUG|ytopt.search.hps.optimizer.optimizer:165] tell: {'c0': 'roibin_blosc.json', 'p0': 46, 'p1': 1, 'p2': 3, 'p3': 1} --> ('roibin_blosc.json', 46, 1, 3, 1): evaluated objective: -32.6679
2023-09-16 17:28:27|60901|DEBUG|ytopt.search.hps.optimizer.optimizer:124] _ask: ['roibin_blosc.json', 48, 1, 3, 1] lie: 2.255
2023-09-16 17:28:29|60901|DEBUG|ytopt.search.hps.optimizer.optimizer:165] tell: {'c0': 'roibin_blosc.json', 'p0': 44, 'p1': 1, 'p2': 3, 'p3': 1} --> ('roibin_blosc.json', 44, 1, 3, 1): evaluated objective: -30.155
2023-09-16 17:28:30|60901|DEBUG|ytopt.search.hps.optimizer.optimizer:124] _ask: ['roibin_blosc.json', 54, 1, 3, 1] lie: 2.255
2023-09-16 17:29:10|60901|DEBUG|ytopt.search.hps.optimizer.optimizer:165] tell: {'c0': 'roibin_blosc.json', 'p0': 49, 'p1': 1, 'p2': 3, 'p3': 1} --> ('roibin_blosc.json', 49, 1, 3, 1): evaluated objective: -35.1058
2023-09-16 17:29:11|60901|DEBUG|ytopt.search.hps.optimizer.optimizer:124] _ask: ['roibin_blosc.json', 51, 1, 3, 1] lie: 2.255
2023-09-16 17:29:20|60901|DEBUG|ytopt.search.hps.optimizer.optimizer:165] tell: {'c0': 'roibin_blosc.json', 'p0': 50, 'p1': 1, 'p2': 4, 'p3': 1} --> ('roibin_blosc.json', 50, 1, 4, 1): evaluated objective: -31.785
2023-09-16 17:29:21|60901|DEBUG|ytopt.search.hps.optimizer.optimizer:124] _ask: ['roibin_blosc.json', 52, 1, 3, 1] lie: 2.255
2023-09-16 17:29:33|60901|DEBUG|ytopt.search.hps.optimizer.optimizer:165] tell: {'c0': 'roibin_blosc.json', 'p0': 48, 'p1': 1, 'p2': 3, 'p3': 1} --> ('roibin_blosc.json', 48, 1, 3, 1): evaluated objective: -33.6012
2023-09-16 17:29:34|60901|DEBUG|ytopt.search.hps.optimizer.optimizer:124] _ask: ['roibin_blosc.json', 51, 1, 2, 1] lie: 2.255
2023-09-16 17:29:34|60901|DEBUG|ytopt.search.hps.optimizer.optimizer:165] tell: {'c0': 'roibin_blosc.json', 'p0': 54, 'p1': 1, 'p2': 3, 'p3': 1} --> ('roibin_blosc.json', 54, 1, 3, 1): evaluated objective: -30.5466
2023-09-16 17:29:35|60901|DEBUG|ytopt.search.hps.optimizer.optimizer:124] _ask: ['roibin_blosc.json', 53, 1, 4, 1] lie: 2.255
2023-09-16 17:30:15|60901|DEBUG|ytopt.search.hps.optimizer.optimizer:165] tell: {'c0': 'roibin_blosc.json', 'p0': 51, 'p1': 1, 'p2': 3, 'p3': 1} --> ('roibin_blosc.json', 51, 1, 3, 1): evaluated objective: -34.0882
2023-09-16 17:30:16|60901|DEBUG|ytopt.search.hps.optimizer.optimizer:124] _ask: ['roibin_blosc.json', 57, 1, 3, 1] lie: 2.255
2023-09-16 17:30:30|60901|DEBUG|ytopt.search.hps.optimizer.optimizer:165] tell: {'c0': 'roibin_blosc.json', 'p0': 52, 'p1': 1, 'p2': 3, 'p3': 1} --> ('roibin_blosc.json', 52, 1, 3, 1): evaluated objective: -33.6012
2023-09-16 17:30:31|60901|DEBUG|ytopt.search.hps.optimizer.optimizer:124] _ask: ['roibin_blosc.json', 55, 1, 3, 1] lie: 2.255
2023-09-16 17:30:40|60901|DEBUG|ytopt.search.hps.optimizer.optimizer:165] tell: {'c0': 'roibin_blosc.json', 'p0': 51, 'p1': 1, 'p2': 2, 'p3': 1} --> ('roibin_blosc.json', 51, 1, 2, 1): evaluated objective: -24.7588
2023-09-16 17:30:41|60901|DEBUG|ytopt.search.hps.optimizer.optimizer:124] _ask: ['roibin_blosc.json', 54, 1, 4, 1] lie: 2.255
2023-09-16 17:30:44|60901|DEBUG|ytopt.search.hps.optimizer.optimizer:165] tell: {'c0': 'roibin_blosc.json', 'p0': 53, 'p1': 1, 'p2': 4, 'p3': 1} --> ('roibin_blosc.json', 53, 1, 4, 1): evaluated objective: -27.0355
2023-09-16 17:30:45|60901|DEBUG|ytopt.search.hps.optimizer.optimizer:124] _ask: ['roibin_blosc.json', 42, 1, 3, 1] lie: 2.255
2023-09-16 17:31:37|60901|DEBUG|ytopt.search.hps.optimizer.optimizer:165] tell: {'c0': 'roibin_blosc.json', 'p0': 55, 'p1': 1, 'p2': 3, 'p3': 1} --> ('roibin_blosc.json', 55, 1, 3, 1): evaluated objective: -34.0882
2023-09-16 17:31:38|60901|DEBUG|ytopt.search.hps.optimizer.optimizer:124] _ask: ['roibin_blosc.json', 56, 1, 3, 1] lie: 2.255
2023-09-16 17:31:40|60901|DEBUG|ytopt.search.hps.optimizer.optimizer:165] tell: {'c0': 'roibin_blosc.json', 'p0': 57, 'p1': 1, 'p2': 3, 'p3': 1} --> ('roibin_blosc.json', 57, 1, 3, 1): evaluated objective: -35.1058
2023-09-16 17:31:41|60901|DEBUG|ytopt.search.hps.optimizer.optimizer:124] _ask: ['roibin_blosc.json', 59, 1, 3, 1] lie: 2.255
2023-09-16 17:31:47|60901|DEBUG|ytopt.search.hps.optimizer.optimizer:165] tell: {'c0': 'roibin_blosc.json', 'p0': 54, 'p1': 1, 'p2': 4, 'p3': 1} --> ('roibin_blosc.json', 54, 1, 4, 1): evaluated objective: -44.379
2023-09-16 17:31:48|60901|DEBUG|ytopt.search.hps.optimizer.optimizer:124] _ask: ['roibin_blosc.json', 56, 1, 4, 1] lie: 2.255
2023-09-16 17:31:51|60901|DEBUG|ytopt.search.hps.optimizer.optimizer:165] tell: {'c0': 'roibin_blosc.json', 'p0': 42, 'p1': 1, 'p2': 3, 'p3': 1} --> ('roibin_blosc.json', 42, 1, 3, 1): evaluated objective: -23.7585
2023-09-16 17:31:52|60901|DEBUG|ytopt.search.hps.optimizer.optimizer:124] _ask: ['roibin_blosc.json', 55, 1, 4, 1] lie: 2.255
2023-09-16 17:32:43|60901|DEBUG|ytopt.search.hps.optimizer.optimizer:165] tell: {'c0': 'roibin_blosc.json', 'p0': 56, 'p1': 1, 'p2': 3, 'p3': 1} --> ('roibin_blosc.json', 56, 1, 3, 1): evaluated objective: -35.6377
2023-09-16 17:32:44|60901|DEBUG|ytopt.search.hps.optimizer.optimizer:124] _ask: ['roibin_blosc.json', 58, 1, 3, 1] lie: 2.255
2023-09-16 17:32:48|60901|DEBUG|ytopt.search.hps.optimizer.optimizer:165] tell: {'c0': 'roibin_blosc.json', 'p0': 59, 'p1': 1, 'p2': 3, 'p3': 1} --> ('roibin_blosc.json', 59, 1, 3, 1): evaluated objective: -35.6377
2023-09-16 17:32:49|60901|DEBUG|ytopt.search.hps.optimizer.optimizer:124] _ask: ['roibin_blosc.json', 57, 1, 4, 1] lie: 2.255
2023-09-16 17:32:56|60901|DEBUG|ytopt.search.hps.optimizer.optimizer:165] tell: {'c0': 'roibin_blosc.json', 'p0': 56, 'p1': 1, 'p2': 4, 'p3': 1} --> ('roibin_blosc.json', 56, 1, 4, 1): evaluated objective: -38.5588
2023-09-16 17:32:57|60901|DEBUG|ytopt.search.hps.optimizer.optimizer:124] _ask: ['roibin_blosc.json', 60, 1, 4, 1] lie: 2.255
2023-09-16 17:32:57|60901|DEBUG|ytopt.search.hps.optimizer.optimizer:165] tell: {'c0': 'roibin_blosc.json', 'p0': 55, 'p1': 1, 'p2': 4, 'p3': 1} --> ('roibin_blosc.json', 55, 1, 4, 1): evaluated objective: -27.0355
2023-09-16 17:32:58|60901|DEBUG|ytopt.search.hps.optimizer.optimizer:124] _ask: ['roibin_blosc.json', 59, 1, 4, 1] lie: 2.255
2023-09-16 17:33:49|60901|DEBUG|ytopt.search.hps.optimizer.optimizer:165] tell: {'c0': 'roibin_blosc.json', 'p0': 58, 'p1': 1, 'p2': 3, 'p3': 1} --> ('roibin_blosc.json', 58, 1, 3, 1): evaluated objective: -32.2204
2023-09-16 17:33:50|60901|DEBUG|ytopt.search.hps.optimizer.optimizer:124] _ask: ['roibin_blosc.json', 60, 1, 2, 1] lie: 2.255
2023-09-16 17:33:58|60901|DEBUG|ytopt.search.hps.optimizer.optimizer:165] tell: {'c0': 'roibin_blosc.json', 'p0': 57, 'p1': 1, 'p2': 4, 'p3': 1} --> ('roibin_blosc.json', 57, 1, 4, 1): evaluated objective: -26.4279
2023-09-16 17:33:58|60901|DEBUG|ytopt.search.hps.optimizer.optimizer:124] _ask: ['roibin_blosc.json', 59, 1, 2, 1] lie: 2.255
2023-09-16 17:34:03|60901|DEBUG|ytopt.search.hps.optimizer.optimizer:165] tell: {'c0': 'roibin_blosc.json', 'p0': 60, 'p1': 1, 'p2': 4, 'p3': 1} --> ('roibin_blosc.json', 60, 1, 4, 1): evaluated objective: -35.1058
2023-09-16 17:34:04|60901|DEBUG|ytopt.search.hps.optimizer.optimizer:124] _ask: ['roibin_blosc.json', 55, 1, 2, 1] lie: 2.255
2023-09-16 17:34:06|60901|DEBUG|ytopt.search.hps.optimizer.optimizer:165] tell: {'c0': 'roibin_blosc.json', 'p0': 59, 'p1': 1, 'p2': 4, 'p3': 1} --> ('roibin_blosc.json', 59, 1, 4, 1): evaluated objective: -30.5466
2023-09-16 17:34:07|60901|DEBUG|ytopt.search.hps.optimizer.optimizer:124] _ask: ['roibin_blosc.json', 45, 1, 2, 1] lie: 2.255
2023-09-16 17:34:53|60901|DEBUG|ytopt.search.hps.optimizer.optimizer:165] tell: {'c0': 'roibin_blosc.json', 'p0': 60, 'p1': 1, 'p2': 2, 'p3': 1} --> ('roibin_blosc.json', 60, 1, 2, 1): evaluated objective: -28.684
2023-09-16 17:34:54|60901|DEBUG|ytopt.search.hps.optimizer.optimizer:124] _ask: ['roibin_blosc.json', 40, 1, 2, 1] lie: 2.255
2023-09-16 17:35:06|60901|DEBUG|ytopt.search.hps.optimizer.optimizer:165] tell: {'c0': 'roibin_blosc.json', 'p0': 59, 'p1': 1, 'p2': 2, 'p3': 1} --> ('roibin_blosc.json', 59, 1, 2, 1): evaluated objective: -32.2204
2023-09-16 17:35:07|60901|DEBUG|ytopt.search.hps.optimizer.optimizer:124] _ask: ['roibin_blosc.json', 16, 1, 4, 1] lie: 2.255
2023-09-16 17:35:10|60901|DEBUG|ytopt.search.hps.optimizer.optimizer:165] tell: {'c0': 'roibin_blosc.json', 'p0': 55, 'p1': 1, 'p2': 2, 'p3': 1} --> ('roibin_blosc.json', 55, 1, 2, 1): evaluated objective: -28.684
2023-09-16 17:35:11|60901|DEBUG|ytopt.search.hps.optimizer.optimizer:124] _ask: ['roibin_blosc.json', 56, 1, 2, 1] lie: 2.255
2023-09-16 17:35:13|60901|DEBUG|ytopt.search.hps.optimizer.optimizer:165] tell: {'c0': 'roibin_blosc.json', 'p0': 45, 'p1': 1, 'p2': 2, 'p3': 1} --> ('roibin_blosc.json', 45, 1, 2, 1): evaluated objective: -34.5895
2023-09-16 17:35:14|60901|DEBUG|ytopt.search.hps.optimizer.optimizer:124] _ask: ['roibin_blosc.json', 47, 1, 2, 1] lie: 2.255
2023-09-16 17:36:02|60901|DEBUG|ytopt.search.hps.optimizer.optimizer:165] tell: {'c0': 'roibin_blosc.json', 'p0': 40, 'p1': 1, 'p2': 2, 'p3': 1} --> ('roibin_blosc.json', 40, 1, 2, 1): evaluated objective: -33.128
2023-09-16 17:36:03|60901|DEBUG|ytopt.search.hps.optimizer.optimizer:124] _ask: ['roibin_blosc.json', 46, 1, 2, 1] lie: 2.255
2023-09-16 17:36:19|60901|DEBUG|ytopt.search.hps.optimizer.optimizer:165] tell: {'c0': 'roibin_blosc.json', 'p0': 16, 'p1': 1, 'p2': 4, 'p3': 1} --> ('roibin_blosc.json', 16, 1, 4, 1): evaluated objective: -32.2204
2023-09-16 17:36:20|60901|DEBUG|ytopt.search.hps.optimizer.optimizer:124] _ask: ['roibin_blosc.json', 44, 1, 2, 1] lie: 2.255
2023-09-16 17:36:21|60901|DEBUG|ytopt.search.hps.optimizer.optimizer:165] tell: {'c0': 'roibin_blosc.json', 'p0': 56, 'p1': 1, 'p2': 2, 'p3': 1} --> ('roibin_blosc.json', 56, 1, 2, 1): evaluated objective: -31.3612
2023-09-16 17:36:22|60901|DEBUG|ytopt.search.hps.optimizer.optimizer:124] _ask: ['roibin_blosc.json', 42, 1, 2, 1] lie: 2.255
2023-09-16 17:36:26|60901|DEBUG|ytopt.search.hps.optimizer.optimizer:165] tell: {'c0': 'roibin_blosc.json', 'p0': 47, 'p1': 1, 'p2': 2, 'p3': 1} --> ('roibin_blosc.json', 47, 1, 2, 1): evaluated objective: -39.2015
2023-09-16 17:36:26|60901|DEBUG|ytopt.search.hps.optimizer.optimizer:124] _ask: ['roibin_blosc.json', 48, 1, 2, 1] lie: 2.255
2023-09-16 17:36:32|60901|DEBUG|ytopt.search.hps.optimizer.optimizer:165] tell: {'c0': 'roibin_blosc.json', 'p0': 46, 'p1': 1, 'p2': 2, 'p3': 1} --> ('roibin_blosc.json', 46, 1, 2, 1): evaluated objective: 2.143
2023-09-16 17:36:32|60901|DEBUG|ytopt.search.hps.optimizer.optimizer:124] _ask: ['roibin_blosc.json', 47, 1, 1, 1] lie: 2.255
2023-09-16 17:37:28|60901|DEBUG|ytopt.search.hps.optimizer.optimizer:165] tell: {'c0': 'roibin_blosc.json', 'p0': 44, 'p1': 1, 'p2': 2, 'p3': 1} --> ('roibin_blosc.json', 44, 1, 2, 1): evaluated objective: -23.0597
2023-09-16 17:37:29|60901|DEBUG|ytopt.search.hps.optimizer.optimizer:124] _ask: ['roibin_blosc.json', 49, 1, 2, 1] lie: 2.255
2023-09-16 17:37:29|60901|DEBUG|ytopt.search.hps.optimizer.optimizer:165] tell: {'c0': 'roibin_blosc.json', 'p0': 42, 'p1': 1, 'p2': 2, 'p3': 1} --> ('roibin_blosc.json', 42, 1, 2, 1): evaluated objective: -32.6679
2023-09-16 17:37:30|60901|DEBUG|ytopt.search.hps.optimizer.optimizer:124] _ask: ['roibin_blosc.json', 52, 1, 2, 1] lie: 2.255
2023-09-16 17:37:33|60901|DEBUG|ytopt.search.hps.optimizer.optimizer:165] tell: {'c0': 'roibin_blosc.json', 'p0': 48, 'p1': 1, 'p2': 2, 'p3': 1} --> ('roibin_blosc.json', 48, 1, 2, 1): evaluated objective: -52.2686
2023-09-16 17:37:34|60901|DEBUG|ytopt.search.hps.optimizer.optimizer:124] _ask: ['roibin_blosc.json', 48, 1, 1, 1] lie: 2.255
2023-09-16 17:37:34|60901|DEBUG|ytopt.search.hps.optimizer.optimizer:165] tell: {'c0': 'roibin_blosc.json', 'p0': 47, 'p1': 1, 'p2': 1, 'p3': 1} --> ('roibin_blosc.json', 47, 1, 1, 1): evaluated objective: -31.3612
2023-09-16 17:37:35|60901|DEBUG|ytopt.search.hps.optimizer.optimizer:124] _ask: ['roibin_blosc.json', 46, 1, 1, 1] lie: 2.255
2023-09-16 17:38:37|60901|DEBUG|ytopt.search.hps.optimizer.optimizer:165] tell: {'c0': 'roibin_blosc.json', 'p0': 49, 'p1': 1, 'p2': 2, 'p3': 1} --> ('roibin_blosc.json', 49, 1, 2, 1): evaluated objective: -29.4011
2023-09-16 17:38:38|60901|DEBUG|ytopt.search.hps.optimizer.optimizer:124] _ask: ['roibin_blosc.json', 50, 1, 2, 1] lie: 2.255
2023-09-16 17:38:38|60901|DEBUG|ytopt.search.hps.optimizer.optimizer:165] tell: {'c0': 'roibin_blosc.json', 'p0': 52, 'p1': 1, 'p2': 2, 'p3': 1} --> ('roibin_blosc.json', 52, 1, 2, 1): evaluated objective: -33.6012
2023-09-16 17:38:39|60901|DEBUG|ytopt.search.hps.optimizer.optimizer:124] _ask: ['roibin_blosc.json', 49, 1, 1, 1] lie: 2.255
2023-09-16 17:38:43|60901|DEBUG|ytopt.search.hps.optimizer.optimizer:165] tell: {'c0': 'roibin_blosc.json', 'p0': 48, 'p1': 1, 'p2': 1, 'p3': 1} --> ('roibin_blosc.json', 48, 1, 1, 1): evaluated objective: -23.7585
2023-09-16 17:38:44|60901|DEBUG|ytopt.search.hps.optimizer.optimizer:124] _ask: ['roibin_blosc.json', 43, 1, 2, 1] lie: 2.255
2023-09-16 17:38:44|60901|DEBUG|ytopt.search.hps.optimizer.optimizer:165] tell: {'c0': 'roibin_blosc.json', 'p0': 46, 'p1': 1, 'p2': 1, 'p3': 1} --> ('roibin_blosc.json', 46, 1, 1, 1): evaluated objective: -30.9485
2023-09-16 17:38:45|60901|DEBUG|ytopt.search.hps.optimizer.optimizer:124] _ask: ['roibin_blosc.json', 45, 1, 1, 1] lie: 2.255
2023-09-16 17:39:45|60901|DEBUG|ytopt.search.hps.optimizer.optimizer:165] tell: {'c0': 'roibin_blosc.json', 'p0': 50, 'p1': 1, 'p2': 2, 'p3': 1} --> ('roibin_blosc.json', 50, 1, 2, 1): evaluated objective: -24.7588
2023-09-16 17:39:46|60901|DEBUG|ytopt.search.hps.optimizer.optimizer:124] _ask: ['roibin_blosc.json', 41, 1, 2, 1] lie: 2.255
2023-09-16 17:39:46|60901|DEBUG|ytopt.search.hps.optimizer.optimizer:165] tell: {'c0': 'roibin_blosc.json', 'p0': 49, 'p1': 1, 'p2': 1, 'p3': 1} --> ('roibin_blosc.json', 49, 1, 1, 1): evaluated objective: -25.5662
2023-09-16 17:39:47|60901|DEBUG|ytopt.search.hps.optimizer.optimizer:124] _ask: ['roibin_blosc.json', 47, 2, 2, 1] lie: 2.255
2023-09-16 17:39:52|60901|DEBUG|ytopt.search.hps.optimizer.optimizer:165] tell: {'c0': 'roibin_blosc.json', 'p0': 43, 'p1': 1, 'p2': 2, 'p3': 1} --> ('roibin_blosc.json', 43, 1, 2, 1): evaluated objective: -53.4565
2023-09-16 17:39:53|60901|DEBUG|ytopt.search.hps.optimizer.optimizer:124] _ask: ['roibin_blosc.json', 43, 1, 1, 1] lie: 2.255
2023-09-16 17:39:53|60901|DEBUG|ytopt.search.hps.optimizer.optimizer:165] tell: {'c0': 'roibin_blosc.json', 'p0': 45, 'p1': 1, 'p2': 1, 'p3': 1} --> ('roibin_blosc.json', 45, 1, 1, 1): evaluated objective: -39.8659
2023-09-16 17:39:54|60901|DEBUG|ytopt.search.hps.optimizer.optimizer:124] _ask: ['roibin_blosc.json', 44, 1, 1, 1] lie: 2.255
2023-09-16 17:40:53|60901|DEBUG|ytopt.search.hps.optimizer.optimizer:165] tell: {'c0': 'roibin_blosc.json', 'p0': 41, 'p1': 1, 'p2': 2, 'p3': 1} --> ('roibin_blosc.json', 41, 1, 2, 1): evaluated objective: -24.0009
2023-09-16 17:40:54|60901|DEBUG|ytopt.search.hps.optimizer.optimizer:124] _ask: ['roibin_blosc.json', 12, 1, 4, 4] lie: 2.255
2023-09-16 17:40:54|60901|DEBUG|ytopt.search.hps.optimizer.optimizer:165] tell: {'c0': 'roibin_blosc.json', 'p0': 47, 'p1': 2, 'p2': 2, 'p3': 1} --> ('roibin_blosc.json', 47, 2, 2, 1): evaluated objective: -32.2204
2023-09-16 17:40:55|60901|DEBUG|ytopt.search.hps.optimizer.optimizer:124] _ask: ['roibin_blosc.json', 43, 1, 4, 1] lie: 2.255
2023-09-16 17:41:01|60901|DEBUG|ytopt.search.hps.optimizer.optimizer:165] tell: {'c0': 'roibin_blosc.json', 'p0': 43, 'p1': 1, 'p2': 1, 'p3': 1} --> ('roibin_blosc.json', 43, 1, 1, 1): evaluated objective: -19.7654
2023-09-16 17:41:02|60901|DEBUG|ytopt.search.hps.optimizer.optimizer:124] _ask: ['roibin_blosc.json', 45, 1, 4, 1] lie: 2.255
2023-09-16 17:41:02|60901|DEBUG|ytopt.search.hps.optimizer.optimizer:165] tell: {'c0': 'roibin_blosc.json', 'p0': 44, 'p1': 1, 'p2': 1, 'p3': 1} --> ('roibin_blosc.json', 44, 1, 1, 1): evaluated objective: -21.9821
2023-09-16 17:41:03|60901|DEBUG|ytopt.search.hps.optimizer.optimizer:124] _ask: ['roibin_blosc.json', 47, 1, 4, 1] lie: 2.255
2023-09-16 17:42:00|60901|DEBUG|ytopt.search.hps.optimizer.optimizer:165] tell: {'c0': 'roibin_blosc.json', 'p0': 12, 'p1': 1, 'p2': 4, 'p3': 4} --> ('roibin_blosc.json', 12, 1, 4, 4): evaluated objective: -12.3146
2023-09-16 17:42:01|60901|DEBUG|ytopt.search.hps.optimizer.optimizer:124] _ask: ['roibin_blosc.json', 48, 1, 4, 1] lie: 2.255
2023-09-16 17:42:02|60901|DEBUG|ytopt.search.hps.optimizer.optimizer:165] tell: {'c0': 'roibin_blosc.json', 'p0': 43, 'p1': 1, 'p2': 4, 'p3': 1} --> ('roibin_blosc.json', 43, 1, 4, 1): evaluated objective: -35.1058
2023-09-16 17:42:03|60901|DEBUG|ytopt.search.hps.optimizer.optimizer:124] _ask: ['roibin_blosc.json', 49, 1, 4, 1] lie: 2.255
2023-09-16 17:42:10|60901|DEBUG|ytopt.search.hps.optimizer.optimizer:165] tell: {'c0': 'roibin_blosc.json', 'p0': 45, 'p1': 1, 'p2': 4, 'p3': 1} --> ('roibin_blosc.json', 45, 1, 4, 1): evaluated objective: -42.0016
2023-09-16 17:42:11|60901|DEBUG|ytopt.search.hps.optimizer.optimizer:124] _ask: ['roibin_blosc.json', 46, 1, 4, 1] lie: 2.255
2023-09-16 17:42:11|60901|DEBUG|ytopt.search.hps.optimizer.optimizer:165] tell: {'c0': 'roibin_blosc.json', 'p0': 47, 'p1': 1, 'p2': 4, 'p3': 1} --> ('roibin_blosc.json', 47, 1, 4, 1): evaluated objective: -34.5895
2023-09-16 17:42:12|60901|DEBUG|ytopt.search.hps.optimizer.optimizer:124] _ask: ['roibin_blosc.json', 44, 1, 4, 1] lie: 2.255
2023-09-16 17:43:09|60901|DEBUG|ytopt.search.hps.optimizer.optimizer:165] tell: {'c0': 'roibin_blosc.json', 'p0': 48, 'p1': 1, 'p2': 4, 'p3': 1} --> ('roibin_blosc.json', 48, 1, 4, 1): evaluated objective: -35.6377
2023-09-16 17:43:10|60901|DEBUG|ytopt.search.hps.optimizer.optimizer:124] _ask: ['roibin_blosc.json', 42, 1, 4, 1] lie: 2.255
2023-09-16 17:43:13|60901|DEBUG|ytopt.search.hps.optimizer.optimizer:165] tell: {'c0': 'roibin_blosc.json', 'p0': 49, 'p1': 1, 'p2': 4, 'p3': 1} --> ('roibin_blosc.json', 49, 1, 4, 1): evaluated objective: -35.6377
2023-09-16 17:43:14|60901|DEBUG|ytopt.search.hps.optimizer.optimizer:124] _ask: ['roibin_blosc.json', 47, 3, 2, 1] lie: 2.255
2023-09-16 17:43:35|60901|DEBUG|ytopt.search.hps.optimizer.optimizer:165] tell: {'c0': 'roibin_blosc.json', 'p0': 46, 'p1': 1, 'p2': 4, 'p3': 1} --> ('roibin_blosc.json', 46, 1, 4, 1): evaluated objective: -34.0882
2023-09-16 17:43:36|60901|DEBUG|ytopt.search.hps.optimizer.optimizer:124] _ask: ['roibin_blosc.json', 6, 1, 3, 1] lie: 2.255
2023-09-16 17:43:39|60901|DEBUG|ytopt.search.hps.optimizer.optimizer:165] tell: {'c0': 'roibin_blosc.json', 'p0': 44, 'p1': 1, 'p2': 4, 'p3': 1} --> ('roibin_blosc.json', 44, 1, 4, 1): evaluated objective: -34.5895
2023-09-16 17:43:40|60901|DEBUG|ytopt.search.hps.optimizer.optimizer:124] _ask: ['roibin_blosc.json', 5, 1, 3, 1] lie: 2.255
2023-09-16 17:44:13|60901|DEBUG|ytopt.search.hps.optimizer.optimizer:165] tell: {'c0': 'roibin_blosc.json', 'p0': 42, 'p1': 1, 'p2': 4, 'p3': 1} --> ('roibin_blosc.json', 42, 1, 4, 1): evaluated objective: -25.8471
2023-09-16 17:44:14|60901|DEBUG|ytopt.search.hps.optimizer.optimizer:124] _ask: ['roibin_blosc.json', 7, 1, 4, 1] lie: 2.255
2023-09-16 17:44:19|60901|DEBUG|ytopt.search.hps.optimizer.optimizer:165] tell: {'c0': 'roibin_blosc.json', 'p0': 47, 'p1': 3, 'p2': 2, 'p3': 1} --> ('roibin_blosc.json', 47, 3, 2, 1): evaluated objective: -20.4529
2023-09-16 17:44:20|60901|DEBUG|ytopt.search.hps.optimizer.optimizer:124] _ask: ['roibin_blosc.json', 4, 1, 4, 1] lie: 2.255
2023-09-16 17:44:39|60901|DEBUG|ytopt.search.hps.optimizer.optimizer:165] tell: {'c0': 'roibin_blosc.json', 'p0': 6, 'p1': 1, 'p2': 3, 'p3': 1} --> ('roibin_blosc.json', 6, 1, 3, 1): evaluated objective: -33.128
2023-09-16 17:44:40|60901|DEBUG|ytopt.search.hps.optimizer.optimizer:124] _ask: ['roibin_blosc.json', 2, 1, 3, 1] lie: 2.255
2023-09-16 17:44:44|60901|DEBUG|ytopt.search.hps.optimizer.optimizer:165] tell: {'c0': 'roibin_blosc.json', 'p0': 5, 'p1': 1, 'p2': 3, 'p3': 1} --> ('roibin_blosc.json', 5, 1, 3, 1): evaluated objective: -34.0882
2023-09-16 17:44:45|60901|DEBUG|ytopt.search.hps.optimizer.optimizer:124] _ask: ['roibin_blosc.json', 6, 1, 4, 1] lie: 2.255
2023-09-16 17:45:16|60901|DEBUG|ytopt.search.hps.optimizer.optimizer:165] tell: {'c0': 'roibin_blosc.json', 'p0': 7, 'p1': 1, 'p2': 4, 'p3': 1} --> ('roibin_blosc.json', 7, 1, 4, 1): evaluated objective: -35.6377
2023-09-16 17:45:17|60901|DEBUG|ytopt.search.hps.optimizer.optimizer:124] _ask: ['roibin_blosc.json', 5, 1, 4, 1] lie: 2.255
2023-09-16 17:45:22|60901|DEBUG|ytopt.search.hps.optimizer.optimizer:165] tell: {'c0': 'roibin_blosc.json', 'p0': 4, 'p1': 1, 'p2': 4, 'p3': 1} --> ('roibin_blosc.json', 4, 1, 4, 1): evaluated objective: -37.9369
2023-09-16 17:45:23|60901|DEBUG|ytopt.search.hps.optimizer.optimizer:124] _ask: ['roibin_blosc.json', 1, 1, 4, 1] lie: 2.255
2023-09-16 17:45:43|60901|DEBUG|ytopt.search.hps.optimizer.optimizer:165] tell: {'c0': 'roibin_blosc.json', 'p0': 2, 'p1': 1, 'p2': 3, 'p3': 1} --> ('roibin_blosc.json', 2, 1, 3, 1): evaluated objective: -33.6012
2023-09-16 17:45:44|60901|DEBUG|ytopt.search.hps.optimizer.optimizer:124] _ask: ['roibin_blosc.json', 3, 1, 4, 1] lie: 2.255
2023-09-16 17:45:49|60901|DEBUG|ytopt.search.hps.optimizer.optimizer:165] tell: {'c0': 'roibin_blosc.json', 'p0': 6, 'p1': 1, 'p2': 4, 'p3': 1} --> ('roibin_blosc.json', 6, 1, 4, 1): evaluated objective: -33.6012
2023-09-16 17:45:50|60901|DEBUG|ytopt.search.hps.optimizer.optimizer:124] _ask: ['roibin_blosc.json', 2, 1, 2, 1] lie: 2.255
2023-09-16 17:46:19|60901|DEBUG|ytopt.search.hps.optimizer.optimizer:165] tell: {'c0': 'roibin_blosc.json', 'p0': 5, 'p1': 1, 'p2': 4, 'p3': 1} --> ('roibin_blosc.json', 5, 1, 4, 1): evaluated objective: -35.6377
2023-09-16 17:46:20|60901|DEBUG|ytopt.search.hps.optimizer.optimizer:124] _ask: ['roibin_blosc.json', 2, 1, 4, 1] lie: 2.255
2023-09-16 17:46:26|60901|DEBUG|ytopt.search.hps.optimizer.optimizer:165] tell: {'c0': 'roibin_blosc.json', 'p0': 1, 'p1': 1, 'p2': 4, 'p3': 1} --> ('roibin_blosc.json', 1, 1, 4, 1): evaluated objective: -41.2647
2023-09-16 17:46:27|60901|DEBUG|ytopt.search.hps.optimizer.optimizer:124] _ask: ['roibin_blosc.json', 1, 1, 2, 1] lie: 2.255
2023-09-16 17:46:49|60901|DEBUG|ytopt.search.hps.optimizer.optimizer:165] tell: {'c0': 'roibin_blosc.json', 'p0': 3, 'p1': 1, 'p2': 4, 'p3': 1} --> ('roibin_blosc.json', 3, 1, 4, 1): evaluated objective: -34.0882
2023-09-16 17:46:50|60901|DEBUG|ytopt.search.hps.optimizer.optimizer:124] _ask: ['roibin_blosc.json', 3, 1, 2, 1] lie: 2.255
2023-09-16 17:46:50|60901|DEBUG|ytopt.search.hps.optimizer.optimizer:165] tell: {'c0': 'roibin_blosc.json', 'p0': 2, 'p1': 1, 'p2': 2, 'p3': 1} --> ('roibin_blosc.json', 2, 1, 2, 1): evaluated objective: -33.128
2023-09-16 17:46:51|60901|DEBUG|ytopt.search.hps.optimizer.optimizer:124] _ask: ['roibin_blosc.json', 4, 1, 2, 1] lie: 2.255
2023-09-16 17:47:27|60901|DEBUG|ytopt.search.hps.optimizer.optimizer:165] tell: {'c0': 'roibin_blosc.json', 'p0': 2, 'p1': 1, 'p2': 4, 'p3': 1} --> ('roibin_blosc.json', 2, 1, 4, 1): evaluated objective: -35.1058
2023-09-16 17:47:28|60901|DEBUG|ytopt.search.hps.optimizer.optimizer:124] _ask: ['roibin_blosc.json', 47, 4, 2, 1] lie: 2.255
2023-09-16 17:47:29|60901|DEBUG|ytopt.search.hps.optimizer.optimizer:165] tell: {'c0': 'roibin_blosc.json', 'p0': 1, 'p1': 1, 'p2': 2, 'p3': 1} --> ('roibin_blosc.json', 1, 1, 2, 1): evaluated objective: -25.2913
2023-09-16 17:47:30|60901|DEBUG|ytopt.search.hps.optimizer.optimizer:124] _ask: ['roibin_blosc.json', 48, 2, 2, 1] lie: 2.255
2023-09-16 17:47:55|60901|DEBUG|ytopt.search.hps.optimizer.optimizer:165] tell: {'c0': 'roibin_blosc.json', 'p0': 3, 'p1': 1, 'p2': 2, 'p3': 1} --> ('roibin_blosc.json', 3, 1, 2, 1): evaluated objective: -29.4011
2023-09-16 17:47:56|60901|DEBUG|ytopt.search.hps.optimizer.optimizer:124] _ask: ['roibin_blosc.json', 6, 1, 2, 1] lie: 2.255
2023-09-16 17:47:56|60901|DEBUG|ytopt.search.hps.optimizer.optimizer:165] tell: {'c0': 'roibin_blosc.json', 'p0': 4, 'p1': 1, 'p2': 2, 'p3': 1} --> ('roibin_blosc.json', 4, 1, 2, 1): evaluated objective: -27.3498
2023-09-16 17:47:57|60901|DEBUG|ytopt.search.hps.optimizer.optimizer:124] _ask: ['roibin_blosc.json', 7, 1, 2, 1] lie: 2.255
2023-09-16 17:48:28|60901|DEBUG|ytopt.search.hps.optimizer.optimizer:165] tell: {'c0': 'roibin_blosc.json', 'p0': 48, 'p1': 2, 'p2': 2, 'p3': 1} --> ('roibin_blosc.json', 48, 2, 2, 1): evaluated objective: -21.9821
2023-09-16 17:48:29|60901|DEBUG|ytopt.search.hps.optimizer.optimizer:124] _ask: ['roibin_blosc.json', 5, 1, 2, 1] lie: 2.255
2023-09-16 17:48:29|60901|DEBUG|ytopt.search.hps.optimizer.optimizer:165] tell: {'c0': 'roibin_blosc.json', 'p0': 47, 'p1': 4, 'p2': 2, 'p3': 1} --> ('roibin_blosc.json', 47, 4, 2, 1): evaluated objective: -22.1895
2023-09-16 17:48:30|60901|DEBUG|ytopt.search.hps.optimizer.optimizer:124] _ask: ['roibin_blosc.json', 2, 1, 1, 1] lie: 2.255
