“RANK= 50 LOCAL_RANK= 2 gpu= 1”
“RANK= 48 LOCAL_RANK= 0 gpu= 3”
“RANK= 49 LOCAL_RANK= 1 gpu= 2”
“RANK= 13 LOCAL_RANK= 1 gpu= 2”
“RANK= 51 LOCAL_RANK= 3 gpu= 0”
“RANK= 20 LOCAL_RANK= 0 gpu= 3”
“RANK= 12 LOCAL_RANK= 0 gpu= 3”
“RANK= 15 LOCAL_RANK= 3 gpu= 0”
“RANK= 14 LOCAL_RANK= 2 gpu= 1”
“RANK= 23 LOCAL_RANK= 3 gpu= 0”
“RANK= 60 LOCAL_RANK= 0 gpu= 3”
“RANK= 21 LOCAL_RANK= 1 gpu= 2”
“RANK= 22 LOCAL_RANK= 2 gpu= 1”
“RANK= 32 LOCAL_RANK= 0 gpu= 3”
“RANK= 33 LOCAL_RANK= 1 gpu= 2”
“RANK= 56 LOCAL_RANK= 0 gpu= 3”
+ '[' -z '' ']'
+ case "$-" in
“RANK= 61 LOCAL_RANK= 1 gpu= 2”
Shell debugging temporarily silenced: export LMOD_SH_DBG_ON=1 for this output (/usr/share/lmod/lmod/init/bash)
+ __lmod_vx=x
+ '[' -n x ']'
+ set +x
Shell debugging restarted
“RANK= 58 LOCAL_RANK= 2 gpu= 1”
“RANK= 62 LOCAL_RANK= 2 gpu= 1”
+ unset __lmod_vx
+ '[' -z '' ']'
+ case "$-" in
+ __lmod_vx=x
“RANK= 34 LOCAL_RANK= 2 gpu= 1”
+ '[' -z '' ']'
+ case "$-" in
“RANK= 57 LOCAL_RANK= 1 gpu= 2”
+ speed3d_r2c cufft double 128 128 128 -no-reorder -a2a -p2p_pl -pencils -r2c_dir 2 -ingrid 64 1 1 -outgrid 16 2 2
Shell debugging temporarily silenced: export LMOD_SH_DBG_ON=1 for this output (/usr/share/lmod/lmod/init/bash)
“RANK= 35 LOCAL_RANK= 3 gpu= 0”
Shell debugging temporarily silenced: export LMOD_SH_DBG_ON=1 for this output (/usr/share/lmod/lmod/init/bash)
“RANK= 59 LOCAL_RANK= 3 gpu= 0”
“RANK= 63 LOCAL_RANK= 3 gpu= 0”
+ '[' -z '' ']'
+ case "$-" in
+ __lmod_vx=x
+ '[' -n x ']'
+ set +x
+ __lmod_vx=x
+ '[' -n x ']'
+ set +x
Shell debugging temporarily silenced: export LMOD_SH_DBG_ON=1 for this output (/usr/share/lmod/lmod/init/bash)
Shell debugging restarted
+ unset __lmod_vx
+ '[' -z '' ']'
+ case "$-" in
+ '[' -z '' ']'
+ '[' -n x ']'
+ set +x
+ speed3d_r2c cufft double 128 128 128 -no-reorder -a2a -p2p_pl -pencils -r2c_dir 2 -ingrid 64 1 1 -outgrid 16 2 2
+ '[' -z '' ']'
+ case "$-" in
Shell debugging temporarily silenced: export LMOD_SH_DBG_ON=1 for this output (/usr/share/lmod/lmod/init/bash)
Shell debugging temporarily silenced: export LMOD_SH_DBG_ON=1 for this output (/usr/share/lmod/lmod/init/bash)
Shell debugging restarted
+ unset __lmod_vx
+ '[' -z '' ']'
Shell debugging temporarily silenced: export LMOD_SH_DBG_ON=1 for this output (/usr/share/lmod/lmod/init/bash)
+ __lmod_vx=x
+ '[' -n x ']'
+ set +x
+ case "$-" in
+ __lmod_vx=x
+ '[' -n x ']'
+ set +x
+ '[' -z '' ']'
+ case "$-" in
+ __lmod_vx=x
Shell debugging temporarily silenced: export LMOD_SH_DBG_ON=1 for this output (/usr/share/lmod/lmod/init/bash)
+ __lmod_vx=x
+ '[' -n x ']'
+ set +x
Shell debugging restarted
+ unset __lmod_vx
+ '[' -z '' ']'
+ case "$-" in
Shell debugging restarted
+ speed3d_r2c cufft double 128 128 128 -no-reorder -a2a -p2p_pl -pencils -r2c_dir 2 -ingrid 64 1 1 -outgrid 16 2 2
+ case "$-" in
+ __lmod_vx=x
+ '[' -n x ']'
+ set +x
+ '[' -z '' ']'
+ case "$-" in
Shell debugging temporarily silenced: export LMOD_SH_DBG_ON=1 for this output (/usr/share/lmod/lmod/init/bash)
Shell debugging temporarily silenced: export LMOD_SH_DBG_ON=1 for this output (/usr/share/lmod/lmod/init/bash)
+ unset __lmod_vx
Shell debugging temporarily silenced: export LMOD_SH_DBG_ON=1 for this output (/usr/share/lmod/lmod/init/bash)
Shell debugging restarted
Shell debugging temporarily silenced: export LMOD_SH_DBG_ON=1 for this output (/usr/share/lmod/lmod/init/bash)
+ '[' -z '' ']'
+ case "$-" in
+ __lmod_vx=x
+ '[' -n x ']'
+ set +x
+ __lmod_vx=x
+ '[' -n x ']'
+ set +x
+ speed3d_r2c cufft double 128 128 128 -no-reorder -a2a -p2p_pl -pencils -r2c_dir 2 -ingrid 64 1 1 -outgrid 16 2 2
+ '[' -n x ']'
+ set +x
+ unset __lmod_vx
+ __lmod_vx=x
+ '[' -n x ']'
+ set +x
Shell debugging temporarily silenced: export LMOD_SH_DBG_ON=1 for this output (/usr/share/lmod/lmod/init/bash)
+ '[' -z '' ']'
+ case "$-" in
+ __lmod_vx=x
+ '[' -n x ']'
+ set +x
+ '[' -z '' ']'
+ case "$-" in
Shell debugging temporarily silenced: export LMOD_SH_DBG_ON=1 for this output (/usr/share/lmod/lmod/init/bash)
+ speed3d_r2c cufft double 128 128 128 -no-reorder -a2a -p2p_pl -pencils -r2c_dir 2 -ingrid 64 1 1 -outgrid 16 2 2
Shell debugging restarted
+ unset __lmod_vx
+ '[' -z '' ']'
+ case "$-" in
+ __lmod_vx=x
+ '[' -n x ']'
+ set +x
Shell debugging temporarily silenced: export LMOD_SH_DBG_ON=1 for this output (/usr/share/lmod/lmod/init/bash)
Shell debugging temporarily silenced: export LMOD_SH_DBG_ON=1 for this output (/usr/share/lmod/lmod/init/bash)
+ '[' -z '' ']'
+ case "$-" in
+ __lmod_vx=x
+ '[' -n x ']'
+ set +x
“RANK= 16 LOCAL_RANK= 0 gpu= 3”
+ '[' -z '' ']'
+ case "$-" in
Shell debugging restarted
Shell debugging restarted
+ unset __lmod_vx
Shell debugging restarted
+ unset __lmod_vx
+ __lmod_vx=x
+ '[' -n x ']'
+ set +x
Shell debugging restarted
+ unset __lmod_vx
+ speed3d_r2c cufft double 128 128 128 -no-reorder -a2a -p2p_pl -pencils -r2c_dir 2 -ingrid 64 1 1 -outgrid 16 2 2
“RANK= 17 LOCAL_RANK= 1 gpu= 2”
+ __lmod_vx=x
+ '[' -n x ']'
+ set +x
+ unset __lmod_vx
“RANK= 40 LOCAL_RANK= 0 gpu= 3”
“RANK= 44 LOCAL_RANK= 0 gpu= 3”
Shell debugging restarted
+ unset __lmod_vx
Shell debugging restarted
+ unset __lmod_vx
Shell debugging restarted
+ unset __lmod_vx
“RANK= 5 LOCAL_RANK= 1 gpu= 2”
Shell debugging restarted
+ unset __lmod_vx
+ speed3d_r2c cufft double 128 128 128 -no-reorder -a2a -p2p_pl -pencils -r2c_dir 2 -ingrid 64 1 1 -outgrid 16 2 2
“RANK= 18 LOCAL_RANK= 2 gpu= 1”
Shell debugging temporarily silenced: export LMOD_SH_DBG_ON=1 for this output (/usr/share/lmod/lmod/init/bash)
+ '[' -z '' ']'
+ case "$-" in
“RANK= 36 LOCAL_RANK= 0 gpu= 3”
“RANK= 41 LOCAL_RANK= 1 gpu= 2”
“RANK= 45 LOCAL_RANK= 1 gpu= 2”
+ speed3d_r2c cufft double 128 128 128 -no-reorder -a2a -p2p_pl -pencils -r2c_dir 2 -ingrid 64 1 1 -outgrid 16 2 2
+ speed3d_r2c cufft double 128 128 128 -no-reorder -a2a -p2p_pl -pencils -r2c_dir 2 -ingrid 64 1 1 -outgrid 16 2 2
+ speed3d_r2c cufft double 128 128 128 -no-reorder -a2a -p2p_pl -pencils -r2c_dir 2 -ingrid 64 1 1 -outgrid 16 2 2
“RANK= 19 LOCAL_RANK= 3 gpu= 0”
+ '[' -z '' ']'
+ speed3d_r2c cufft double 128 128 128 -no-reorder -a2a -p2p_pl -pencils -r2c_dir 2 -ingrid 64 1 1 -outgrid 16 2 2
“RANK= 37 LOCAL_RANK= 1 gpu= 2”
“RANK= 42 LOCAL_RANK= 2 gpu= 1”
“RANK= 46 LOCAL_RANK= 2 gpu= 1”
+ speed3d_r2c cufft double 128 128 128 -no-reorder -a2a -p2p_pl -pencils -r2c_dir 2 -ingrid 64 1 1 -outgrid 16 2 2
+ speed3d_r2c cufft double 128 128 128 -no-reorder -a2a -p2p_pl -pencils -r2c_dir 2 -ingrid 64 1 1 -outgrid 16 2 2
+ '[' -z '' ']'
+ case "$-" in
+ '[' -z '' ']'
+ case "$-" in
Shell debugging temporarily silenced: export LMOD_SH_DBG_ON=1 for this output (/usr/share/lmod/lmod/init/bash)
+ __lmod_vx=x
+ '[' -n x ']'
+ set +x
“RANK= 38 LOCAL_RANK= 2 gpu= 1”
“RANK= 43 LOCAL_RANK= 3 gpu= 0”
“RANK= 47 LOCAL_RANK= 3 gpu= 0”
Shell debugging restarted
+ unset __lmod_vx
+ speed3d_r2c cufft double 128 128 128 -no-reorder -a2a -p2p_pl -pencils -r2c_dir 2 -ingrid 64 1 1 -outgrid 16 2 2
Shell debugging temporarily silenced: export LMOD_SH_DBG_ON=1 for this output (/usr/share/lmod/lmod/init/bash)
Shell debugging temporarily silenced: export LMOD_SH_DBG_ON=1 for this output (/usr/share/lmod/lmod/init/bash)
+ '[' -z '' ']'
Shell debugging temporarily silenced: export LMOD_SH_DBG_ON=1 for this output (/usr/share/lmod/lmod/init/bash)
+ case "$-" in
+ __lmod_vx=x
+ '[' -n x ']'
+ set +x
+ speed3d_r2c cufft double 128 128 128 -no-reorder -a2a -p2p_pl -pencils -r2c_dir 2 -ingrid 64 1 1 -outgrid 16 2 2
“RANK= 39 LOCAL_RANK= 3 gpu= 0”
+ '[' -z '' ']'
+ case "$-" in
+ '[' -z '' ']'
+ case "$-" in
+ speed3d_r2c cufft double 128 128 128 -no-reorder -a2a -p2p_pl -pencils -r2c_dir 2 -ingrid 64 1 1 -outgrid 16 2 2
+ '[' -z '' ']'
+ case "$-" in
+ __lmod_vx=x
+ '[' -n x ']'
+ set +x
+ __lmod_vx=x
+ '[' -n x ']'
+ set +x
Shell debugging temporarily silenced: export LMOD_SH_DBG_ON=1 for this output (/usr/share/lmod/lmod/init/bash)
+ __lmod_vx=x
+ '[' -n x ']'
+ set +x
Shell debugging restarted
+ unset __lmod_vx
+ speed3d_r2c cufft double 128 128 128 -no-reorder -a2a -p2p_pl -pencils -r2c_dir 2 -ingrid 64 1 1 -outgrid 16 2 2
Shell debugging temporarily silenced: export LMOD_SH_DBG_ON=1 for this output (/usr/share/lmod/lmod/init/bash)
+ '[' -z '' ']'
+ case "$-" in
Shell debugging temporarily silenced: export LMOD_SH_DBG_ON=1 for this output (/usr/share/lmod/lmod/init/bash)
Shell debugging temporarily silenced: export LMOD_SH_DBG_ON=1 for this output (/usr/share/lmod/lmod/init/bash)
“RANK= 54 LOCAL_RANK= 2 gpu= 1”
+ '[' -z '' ']'
+ case "$-" in
+ __lmod_vx=x
+ '[' -n x ']'
+ set +x
Shell debugging restarted
+ unset __lmod_vx
+ case "$-" in
+ __lmod_vx=x
+ '[' -n x ']'
+ set +x
+ '[' -z '' ']'
+ case "$-" in
Shell debugging restarted
Shell debugging restarted
Shell debugging temporarily silenced: export LMOD_SH_DBG_ON=1 for this output (/usr/share/lmod/lmod/init/bash)
+ __lmod_vx=x
+ '[' -n x ']'
+ set +x
+ __lmod_vx=x
+ '[' -n x ']'
+ set +x
“RANK= 52 LOCAL_RANK= 0 gpu= 3”
Shell debugging temporarily silenced: export LMOD_SH_DBG_ON=1 for this output (/usr/share/lmod/lmod/init/bash)
+ speed3d_r2c cufft double 128 128 128 -no-reorder -a2a -p2p_pl -pencils -r2c_dir 2 -ingrid 64 1 1 -outgrid 16 2 2
Shell debugging restarted
+ unset __lmod_vx
+ __lmod_vx=x
+ '[' -n x ']'
+ set +x
+ unset __lmod_vx
+ unset __lmod_vx
+ __lmod_vx=x
+ '[' -n x ']'
+ set +x
Shell debugging restarted
Shell debugging restarted
+ unset __lmod_vx
“RANK= 55 LOCAL_RANK= 3 gpu= 0”
Shell debugging restarted
+ unset __lmod_vx
+ '[' -z '' ']'
+ case "$-" in
+ __lmod_vx=x
+ '[' -n x ']'
+ set +x
+ speed3d_r2c cufft double 128 128 128 -no-reorder -a2a -p2p_pl -pencils -r2c_dir 2 -ingrid 64 1 1 -outgrid 16 2 2
Shell debugging temporarily silenced: export LMOD_SH_DBG_ON=1 for this output (/usr/share/lmod/lmod/init/bash)
+ speed3d_r2c cufft double 128 128 128 -no-reorder -a2a -p2p_pl -pencils -r2c_dir 2 -ingrid 64 1 1 -outgrid 16 2 2
+ speed3d_r2c cufft double 128 128 128 -no-reorder -a2a -p2p_pl -pencils -r2c_dir 2 -ingrid 64 1 1 -outgrid 16 2 2
+ '[' -z '' ']'
+ case "$-" in
+ __lmod_vx=x
+ '[' -n x ']'
+ unset __lmod_vx
+ '[' -z '' ']'
+ case "$-" in
+ __lmod_vx=x
+ '[' -n x ']'
“RANK= 53 LOCAL_RANK= 1 gpu= 2”
Shell debugging restarted
+ unset __lmod_vx
Shell debugging temporarily silenced: export LMOD_SH_DBG_ON=1 for this output (/usr/share/lmod/lmod/init/bash)
Shell debugging restarted
+ '[' -z '' ']'
+ case "$-" in
+ __lmod_vx=x
Shell debugging temporarily silenced: export LMOD_SH_DBG_ON=1 for this output (/usr/share/lmod/lmod/init/bash)
+ speed3d_r2c cufft double 128 128 128 -no-reorder -a2a -p2p_pl -pencils -r2c_dir 2 -ingrid 64 1 1 -outgrid 16 2 2
Shell debugging temporarily silenced: export LMOD_SH_DBG_ON=1 for this output (/usr/share/lmod/lmod/init/bash)
+ '[' -z '' ']'
+ case "$-" in
+ speed3d_r2c cufft double 128 128 128 -no-reorder -a2a -p2p_pl -pencils -r2c_dir 2 -ingrid 64 1 1 -outgrid 16 2 2
Shell debugging restarted
+ unset __lmod_vx
+ unset __lmod_vx
Shell debugging temporarily silenced: export LMOD_SH_DBG_ON=1 for this output (/usr/share/lmod/lmod/init/bash)
+ set +x
+ '[' -z '' ']'
+ case "$-" in
+ __lmod_vx=x
+ set +x
Shell debugging temporarily silenced: export LMOD_SH_DBG_ON=1 for this output (/usr/share/lmod/lmod/init/bash)
+ speed3d_r2c cufft double 128 128 128 -no-reorder -a2a -p2p_pl -pencils -r2c_dir 2 -ingrid 64 1 1 -outgrid 16 2 2
+ speed3d_r2c cufft double 128 128 128 -no-reorder -a2a -p2p_pl -pencils -r2c_dir 2 -ingrid 64 1 1 -outgrid 16 2 2
Shell debugging restarted
+ '[' -n x ']'
+ set +x
Shell debugging temporarily silenced: export LMOD_SH_DBG_ON=1 for this output (/usr/share/lmod/lmod/init/bash)
Shell debugging temporarily silenced: export LMOD_SH_DBG_ON=1 for this output (/usr/share/lmod/lmod/init/bash)
+ speed3d_r2c cufft double 128 128 128 -no-reorder -a2a -p2p_pl -pencils -r2c_dir 2 -ingrid 64 1 1 -outgrid 16 2 2
+ __lmod_vx=x
+ '[' -n x ']'
+ set +x
“RANK= 7 LOCAL_RANK= 3 gpu= 0”
+ unset __lmod_vx
Shell debugging restarted
+ '[' -z '' ']'
+ case "$-" in
+ __lmod_vx=x
+ '[' -n x ']'
+ set +x
+ '[' -n x ']'
+ set +x
Shell debugging restarted
+ unset __lmod_vx
+ '[' -z '' ']'
+ case "$-" in
+ __lmod_vx=x
“RANK= 6 LOCAL_RANK= 2 gpu= 1”
+ speed3d_r2c cufft double 128 128 128 -no-reorder -a2a -p2p_pl -pencils -r2c_dir 2 -ingrid 64 1 1 -outgrid 16 2 2
+ unset __lmod_vx
Shell debugging restarted
+ unset __lmod_vx
+ '[' -z '' ']'
+ case "$-" in
+ speed3d_r2c cufft double 128 128 128 -no-reorder -a2a -p2p_pl -pencils -r2c_dir 2 -ingrid 64 1 1 -outgrid 16 2 2
Shell debugging temporarily silenced: export LMOD_SH_DBG_ON=1 for this output (/usr/share/lmod/lmod/init/bash)
+ speed3d_r2c cufft double 128 128 128 -no-reorder -a2a -p2p_pl -pencils -r2c_dir 2 -ingrid 64 1 1 -outgrid 16 2 2
+ speed3d_r2c cufft double 128 128 128 -no-reorder -a2a -p2p_pl -pencils -r2c_dir 2 -ingrid 64 1 1 -outgrid 16 2 2
Shell debugging restarted
+ unset __lmod_vx
Shell debugging restarted
+ unset __lmod_vx
+ '[' -z '' ']'
+ case "$-" in
+ '[' -n x ']'
+ set +x
+ '[' -z '' ']'
Shell debugging restarted
+ unset __lmod_vx
Shell debugging temporarily silenced: export LMOD_SH_DBG_ON=1 for this output (/usr/share/lmod/lmod/init/bash)
Shell debugging temporarily silenced: export LMOD_SH_DBG_ON=1 for this output (/usr/share/lmod/lmod/init/bash)
+ '[' -z '' ']'
+ case "$-" in
+ __lmod_vx=x
+ '[' -n x ']'
+ set +x
Shell debugging temporarily silenced: export LMOD_SH_DBG_ON=1 for this output (/usr/share/lmod/lmod/init/bash)
+ speed3d_r2c cufft double 128 128 128 -no-reorder -a2a -p2p_pl -pencils -r2c_dir 2 -ingrid 64 1 1 -outgrid 16 2 2
+ __lmod_vx=x
+ '[' -n x ']'
+ set +x
+ __lmod_vx=x
+ '[' -n x ']'
+ set +x
Shell debugging temporarily silenced: export LMOD_SH_DBG_ON=1 for this output (/usr/share/lmod/lmod/init/bash)
+ '[' -z '' ']'
+ case "$-" in
+ case "$-" in
+ __lmod_vx=x
+ '[' -n x ']'
+ set +x
+ speed3d_r2c cufft double 128 128 128 -no-reorder -a2a -p2p_pl -pencils -r2c_dir 2 -ingrid 64 1 1 -outgrid 16 2 2
+ speed3d_r2c cufft double 128 128 128 -no-reorder -a2a -p2p_pl -pencils -r2c_dir 2 -ingrid 64 1 1 -outgrid 16 2 2
+ '[' -z '' ']'
+ case "$-" in
+ '[' -z '' ']'
+ case "$-" in
+ __lmod_vx=x
+ '[' -n x ']'
+ set +x
Shell debugging temporarily silenced: export LMOD_SH_DBG_ON=1 for this output (/usr/share/lmod/lmod/init/bash)
Shell debugging temporarily silenced: export LMOD_SH_DBG_ON=1 for this output (/usr/share/lmod/lmod/init/bash)
+ speed3d_r2c cufft double 128 128 128 -no-reorder -a2a -p2p_pl -pencils -r2c_dir 2 -ingrid 64 1 1 -outgrid 16 2 2
Shell debugging restarted
Shell debugging temporarily silenced: export LMOD_SH_DBG_ON=1 for this output (/usr/share/lmod/lmod/init/bash)
Shell debugging restarted
+ unset __lmod_vx
+ __lmod_vx=x
+ '[' -n x ']'
+ set +x
+ '[' -z '' ']'
+ case "$-" in
+ __lmod_vx=x
+ '[' -n x ']'
+ set +x
+ '[' -z '' ']'
+ case "$-" in
+ __lmod_vx=x
+ '[' -n x ']'
+ set +x
+ unset __lmod_vx
+ __lmod_vx=x
+ '[' -n x ']'
+ set +x
Shell debugging temporarily silenced: export LMOD_SH_DBG_ON=1 for this output (/usr/share/lmod/lmod/init/bash)
Shell debugging restarted
Shell debugging restarted
Shell debugging temporarily silenced: export LMOD_SH_DBG_ON=1 for this output (/usr/share/lmod/lmod/init/bash)
+ speed3d_r2c cufft double 128 128 128 -no-reorder -a2a -p2p_pl -pencils -r2c_dir 2 -ingrid 64 1 1 -outgrid 16 2 2
Shell debugging restarted
+ unset __lmod_vx
Shell debugging restarted
+ unset __lmod_vx
+ unset __lmod_vx
+ unset __lmod_vx
Shell debugging restarted
+ unset __lmod_vx
+ '[' -z '' ']'
+ case "$-" in
+ __lmod_vx=x
+ speed3d_r2c cufft double 128 128 128 -no-reorder -a2a -p2p_pl -pencils -r2c_dir 2 -ingrid 64 1 1 -outgrid 16 2 2
Shell debugging restarted
+ unset __lmod_vx
+ speed3d_r2c cufft double 128 128 128 -no-reorder -a2a -p2p_pl -pencils -r2c_dir 2 -ingrid 64 1 1 -outgrid 16 2 2
Shell debugging restarted
+ speed3d_r2c cufft double 128 128 128 -no-reorder -a2a -p2p_pl -pencils -r2c_dir 2 -ingrid 64 1 1 -outgrid 16 2 2
Shell debugging temporarily silenced: export LMOD_SH_DBG_ON=1 for this output (/usr/share/lmod/lmod/init/bash)
Shell debugging restarted
+ unset __lmod_vx
Shell debugging restarted
+ unset __lmod_vx
+ '[' -z '' ']'
+ case "$-" in
+ speed3d_r2c cufft double 128 128 128 -no-reorder -a2a -p2p_pl -pencils -r2c_dir 2 -ingrid 64 1 1 -outgrid 16 2 2
+ '[' -n x ']'
+ set +x
+ speed3d_r2c cufft double 128 128 128 -no-reorder -a2a -p2p_pl -pencils -r2c_dir 2 -ingrid 64 1 1 -outgrid 16 2 2
+ speed3d_r2c cufft double 128 128 128 -no-reorder -a2a -p2p_pl -pencils -r2c_dir 2 -ingrid 64 1 1 -outgrid 16 2 2
Shell debugging temporarily silenced: export LMOD_SH_DBG_ON=1 for this output (/usr/share/lmod/lmod/init/bash)
+ unset __lmod_vx
+ speed3d_r2c cufft double 128 128 128 -no-reorder -a2a -p2p_pl -pencils -r2c_dir 2 -ingrid 64 1 1 -outgrid 16 2 2
Shell debugging restarted
+ speed3d_r2c cufft double 128 128 128 -no-reorder -a2a -p2p_pl -pencils -r2c_dir 2 -ingrid 64 1 1 -outgrid 16 2 2
+ __lmod_vx=x
+ '[' -n x ']'
+ set +x
+ unset __lmod_vx
+ speed3d_r2c cufft double 128 128 128 -no-reorder -a2a -p2p_pl -pencils -r2c_dir 2 -ingrid 64 1 1 -outgrid 16 2 2
Shell debugging restarted
+ speed3d_r2c cufft double 128 128 128 -no-reorder -a2a -p2p_pl -pencils -r2c_dir 2 -ingrid 64 1 1 -outgrid 16 2 2
+ speed3d_r2c cufft double 128 128 128 -no-reorder -a2a -p2p_pl -pencils -r2c_dir 2 -ingrid 64 1 1 -outgrid 16 2 2
+ unset __lmod_vx
+ speed3d_r2c cufft double 128 128 128 -no-reorder -a2a -p2p_pl -pencils -r2c_dir 2 -ingrid 64 1 1 -outgrid 16 2 2
“RANK= 4 LOCAL_RANK= 0 gpu= 3”
+ '[' -z '' ']'
+ case "$-" in
Shell debugging temporarily silenced: export LMOD_SH_DBG_ON=1 for this output (/usr/share/lmod/lmod/init/bash)
+ __lmod_vx=x
+ '[' -n x ']'
+ set +x
Shell debugging restarted
+ unset __lmod_vx
+ speed3d_r2c cufft double 128 128 128 -no-reorder -a2a -p2p_pl -pencils -r2c_dir 2 -ingrid 64 1 1 -outgrid 16 2 2
“RANK= 24 LOCAL_RANK= 0 gpu= 3”
“RANK= 25 LOCAL_RANK= 1 gpu= 2”
“RANK= 26 LOCAL_RANK= 2 gpu= 1”
“RANK= 27 LOCAL_RANK= 3 gpu= 0”
+ '[' -z '' ']'
+ case "$-" in
+ __lmod_vx=x
Shell debugging temporarily silenced: export LMOD_SH_DBG_ON=1 for this output (/usr/share/lmod/lmod/init/bash)
+ '[' -n x ']'
+ set +x
+ '[' -z '' ']'
+ case "$-" in
+ __lmod_vx=x
Shell debugging temporarily silenced: export LMOD_SH_DBG_ON=1 for this output (/usr/share/lmod/lmod/init/bash)
+ '[' -n x ']'
+ set +x
+ '[' -z '' ']'
+ case "$-" in
+ __lmod_vx=x
+ '[' -n x ']'
+ set +x
Shell debugging temporarily silenced: export LMOD_SH_DBG_ON=1 for this output (/usr/share/lmod/lmod/init/bash)
Shell debugging restarted
+ unset __lmod_vx
Shell debugging temporarily silenced: export LMOD_SH_DBG_ON=1 for this output (/usr/share/lmod/lmod/init/bash)
+ '[' -z '' ']'
+ case "$-" in
+ __lmod_vx=x
+ '[' -n x ']'
+ set +x
Shell debugging restarted
Shell debugging restarted
+ unset __lmod_vx
Shell debugging restarted
+ unset __lmod_vx
+ unset __lmod_vx
+ speed3d_r2c cufft double 128 128 128 -no-reorder -a2a -p2p_pl -pencils -r2c_dir 2 -ingrid 64 1 1 -outgrid 16 2 2
+ speed3d_r2c cufft double 128 128 128 -no-reorder -a2a -p2p_pl -pencils -r2c_dir 2 -ingrid 64 1 1 -outgrid 16 2 2
+ speed3d_r2c cufft double 128 128 128 -no-reorder -a2a -p2p_pl -pencils -r2c_dir 2 -ingrid 64 1 1 -outgrid 16 2 2
+ speed3d_r2c cufft double 128 128 128 -no-reorder -a2a -p2p_pl -pencils -r2c_dir 2 -ingrid 64 1 1 -outgrid 16 2 2
“RANK= 3 LOCAL_RANK= 3 gpu= 0”
“RANK= 2 LOCAL_RANK= 2 gpu= 1”
“RANK= 1 LOCAL_RANK= 1 gpu= 2”
+ '[' -z '' ']'
+ case "$-" in
Shell debugging temporarily silenced: export LMOD_SH_DBG_ON=1 for this output (/usr/share/lmod/lmod/init/bash)
+ __lmod_vx=x
+ '[' -n x ']'
+ set +x
Shell debugging temporarily silenced: export LMOD_SH_DBG_ON=1 for this output (/usr/share/lmod/lmod/init/bash)
+ '[' -z '' ']'
+ case "$-" in
+ __lmod_vx=x
+ '[' -n x ']'
+ set +x
Shell debugging temporarily silenced: export LMOD_SH_DBG_ON=1 for this output (/usr/share/lmod/lmod/init/bash)
+ '[' -z '' ']'
+ case "$-" in
+ __lmod_vx=x
+ '[' -n x ']'
+ set +x
Shell debugging restarted
+ unset __lmod_vx
Shell debugging restarted
+ unset __lmod_vx
Shell debugging restarted
+ unset __lmod_vx
+ speed3d_r2c cufft double 128 128 128 -no-reorder -a2a -p2p_pl -pencils -r2c_dir 2 -ingrid 64 1 1 -outgrid 16 2 2
+ speed3d_r2c cufft double 128 128 128 -no-reorder -a2a -p2p_pl -pencils -r2c_dir 2 -ingrid 64 1 1 -outgrid 16 2 2
+ speed3d_r2c cufft double 128 128 128 -no-reorder -a2a -p2p_pl -pencils -r2c_dir 2 -ingrid 64 1 1 -outgrid 16 2 2
“RANK= 0 LOCAL_RANK= 0 gpu= 3”
+ '[' -z '' ']'
+ case "$-" in
+ __lmod_vx=x
Shell debugging temporarily silenced: export LMOD_SH_DBG_ON=1 for this output (/usr/share/lmod/lmod/init/bash)
+ '[' -n x ']'
+ set +x
Shell debugging restarted
+ unset __lmod_vx
+ speed3d_r2c cufft double 128 128 128 -no-reorder -a2a -p2p_pl -pencils -r2c_dir 2 -ingrid 64 1 1 -outgrid 16 2 2
“RANK= 28 LOCAL_RANK= 0 gpu= 3”
“RANK= 30 LOCAL_RANK= 2 gpu= 1”
“RANK= 29 LOCAL_RANK= 1 gpu= 2”
“RANK= 31 LOCAL_RANK= 3 gpu= 0”
+ '[' -z '' ']'
+ case "$-" in
Shell debugging temporarily silenced: export LMOD_SH_DBG_ON=1 for this output (/usr/share/lmod/lmod/init/bash)
+ __lmod_vx=x
+ '[' -n x ']'
+ set +x
“RANK= 9 LOCAL_RANK= 1 gpu= 2”
Shell debugging restarted
+ unset __lmod_vx
+ '[' -z '' ']'
+ case "$-" in
+ __lmod_vx=x
+ '[' -n x ']'
+ set +x
Shell debugging temporarily silenced: export LMOD_SH_DBG_ON=1 for this output (/usr/share/lmod/lmod/init/bash)
+ '[' -z '' ']'
+ case "$-" in
Shell debugging temporarily silenced: export LMOD_SH_DBG_ON=1 for this output (/usr/share/lmod/lmod/init/bash)
+ __lmod_vx=x
+ '[' -n x ']'
+ set +x
“RANK= 10 LOCAL_RANK= 2 gpu= 1”
Shell debugging restarted
+ unset __lmod_vx
“RANK= 11 LOCAL_RANK= 3 gpu= 0”
+ speed3d_r2c cufft double 128 128 128 -no-reorder -a2a -p2p_pl -pencils -r2c_dir 2 -ingrid 64 1 1 -outgrid 16 2 2
+ '[' -z '' ']'
+ case "$-" in
+ __lmod_vx=x
+ '[' -n x ']'
+ set +x
+ speed3d_r2c cufft double 128 128 128 -no-reorder -a2a -p2p_pl -pencils -r2c_dir 2 -ingrid 64 1 1 -outgrid 16 2 2
Shell debugging restarted
+ unset __lmod_vx
+ speed3d_r2c cufft double 128 128 128 -no-reorder -a2a -p2p_pl -pencils -r2c_dir 2 -ingrid 64 1 1 -outgrid 16 2 2
Shell debugging temporarily silenced: export LMOD_SH_DBG_ON=1 for this output (/usr/share/lmod/lmod/init/bash)
Shell debugging restarted
+ unset __lmod_vx
+ speed3d_r2c cufft double 128 128 128 -no-reorder -a2a -p2p_pl -pencils -r2c_dir 2 -ingrid 64 1 1 -outgrid 16 2 2
+ '[' -z '' ']'
+ case "$-" in
+ __lmod_vx=x
Shell debugging temporarily silenced: export LMOD_SH_DBG_ON=1 for this output (/usr/share/lmod/lmod/init/bash)
+ '[' -n x ']'
+ set +x
Shell debugging restarted
+ unset __lmod_vx
+ speed3d_r2c cufft double 128 128 128 -no-reorder -a2a -p2p_pl -pencils -r2c_dir 2 -ingrid 64 1 1 -outgrid 16 2 2
+ '[' -z '' ']'
Shell debugging temporarily silenced: export LMOD_SH_DBG_ON=1 for this output (/usr/share/lmod/lmod/init/bash)
+ case "$-" in
+ __lmod_vx=x
+ '[' -n x ']'
+ set +x
Shell debugging restarted
+ unset __lmod_vx
+ speed3d_r2c cufft double 128 128 128 -no-reorder -a2a -p2p_pl -pencils -r2c_dir 2 -ingrid 64 1 1 -outgrid 16 2 2
+ '[' -z '' ']'
+ case "$-" in
+ __lmod_vx=x
+ '[' -n x ']'
+ set +x
Shell debugging temporarily silenced: export LMOD_SH_DBG_ON=1 for this output (/usr/share/lmod/lmod/init/bash)
Shell debugging restarted
+ unset __lmod_vx
+ speed3d_r2c cufft double 128 128 128 -no-reorder -a2a -p2p_pl -pencils -r2c_dir 2 -ingrid 64 1 1 -outgrid 16 2 2
“RANK= 8 LOCAL_RANK= 0 gpu= 3”
+ '[' -z '' ']'
+ case "$-" in
+ __lmod_vx=x
Shell debugging temporarily silenced: export LMOD_SH_DBG_ON=1 for this output (/usr/share/lmod/lmod/init/bash)
+ '[' -n x ']'
+ set +x
Shell debugging restarted
+ unset __lmod_vx
+ speed3d_r2c cufft double 128 128 128 -no-reorder -a2a -p2p_pl -pencils -r2c_dir 2 -ingrid 64 1 1 -outgrid 16 2 2
MPICH ERROR [Rank 39] [job id 196c203c-67f2-47f7-af58-8f332267d3dc] [Thu Jun 29 02:51:02 2023] [x3111c0s25b1n0] - Abort(136458639) (rank 39 in comm 0): Fatal error in PMPI_Waitany: Other MPI error, error stack:
PMPI_Waitany(277)..............: MPI_Waitany(count=16, req_array=0x2756f90, index=0x7ffc08c2b48c, status=0x1) failed
PMPI_Waitany(245)..............: 
MPIR_Waitany_impl(97)..........: 
MPIDI_Progress_test(80)........: 
MPIDI_OFI_handle_cq_error(1059): OFI poll failed (ofi_events.c:1061:MPIDI_OFI_handle_cq_error:Input/output error - remote access error)

aborting job:
Fatal error in PMPI_Waitany: Other MPI error, error stack:
PMPI_Waitany(277)..............: MPI_Waitany(count=16, req_array=0x2756f90, index=0x7ffc08c2b48c, status=0x1) failed
PMPI_Waitany(245)..............: 
MPIR_Waitany_impl(97)..........: 
MPIDI_Progress_test(80)........: 
MPIDI_OFI_handle_cq_error(1059): OFI poll failed (ofi_events.c:1061:MPIDI_OFI_handle_cq_error:Input/output error - remote access error)
MPICH ERROR [Rank 52] [job id 196c203c-67f2-47f7-af58-8f332267d3dc] [Thu Jun 29 02:51:02 2023] [x3111c0s37b1n0] - Abort(270152079) (rank 52 in comm 0): Fatal error in PMPI_Waitany: Other MPI error, error stack:
PMPI_Waitany(277)..............: MPI_Waitany(count=15, req_array=0x12c8d40, index=0x7fff039a407c, status=0x1) failed
PMPI_Waitany(245)..............: 
MPIDI_Progress_test(80)........: 
MPIDI_OFI_handle_cq_error(1059): OFI poll failed (ofi_events.c:1061:MPIDI_OFI_handle_cq_error:Input/output error - remote access error)

aborting job:
Fatal error in PMPI_Waitany: Other MPI error, error stack:
PMPI_Waitany(277)..............: MPI_Waitany(count=15, req_array=0x12c8d40, index=0x7fff039a407c, status=0x1) failed
PMPI_Waitany(245)..............: 
MPIDI_Progress_test(80)........: 
MPIDI_OFI_handle_cq_error(1059): OFI poll failed (ofi_events.c:1061:MPIDI_OFI_handle_cq_error:Input/output error - remote access error)
MPICH ERROR [Rank 32] [job id 196c203c-67f2-47f7-af58-8f332267d3dc] [Thu Jun 29 02:51:02 2023] [x3111c0s25b0n0] - Abort(807022991) (rank 32 in comm 0): Fatal error in PMPI_Waitany: Other MPI error, error stack:
PMPI_Waitany(277)..............: MPI_Waitany(count=15, req_array=0x1e8afa0, index=0x7ffea021d6cc, status=0x1) failed
PMPI_Waitany(245)..............: 
MPIDI_Progress_test(80)........: 
MPIDI_OFI_handle_cq_error(1059): OFI poll failed (ofi_events.c:1061:MPIDI_OFI_handle_cq_error:Input/output error - remote access error)

aborting job:
Fatal error in PMPI_Waitany: Other MPI error, error stack:
PMPI_Waitany(277)..............: MPI_Waitany(count=15, req_array=0x1e8afa0, index=0x7ffea021d6cc, status=0x1) failed
PMPI_Waitany(245)..............: 
MPIDI_Progress_test(80)........: 
MPIDI_OFI_handle_cq_error(1059): OFI poll failed (ofi_events.c:1061:MPIDI_OFI_handle_cq_error:Input/output error - remote access error)
MPICH ERROR [Rank 59] [job id 196c203c-67f2-47f7-af58-8f332267d3dc] [Thu Jun 29 02:51:02 2023] [x3111c0s7b0n0] - Abort(874656143) (rank 59 in comm 0): Fatal error in PMPI_Waitany: Other MPI error, error stack:
PMPI_Waitany(277)..............: MPI_Waitany(count=16, req_array=0x1c24f90, index=0x7ffe070e76ec, status=0x1) failed
PMPI_Waitany(245)..............: 
MPIR_Waitany_impl(97)..........: 
MPIDI_Progress_test(80)........: 
MPIDI_OFI_handle_cq_error(1059): OFI poll failed (ofi_events.c:1061:MPIDI_OFI_handle_cq_error:Input/output error - remote access error)

aborting job:
Fatal error in PMPI_Waitany: Other MPI error, error stack:
PMPI_Waitany(277)..............: MPI_Waitany(count=16, req_array=0x1c24f90, index=0x7ffe070e76ec, status=0x1) failed
PMPI_Waitany(245)..............: 
MPIR_Waitany_impl(97)..........: 
MPIDI_Progress_test(80)........: 
MPIDI_OFI_handle_cq_error(1059): OFI poll failed (ofi_events.c:1061:MPIDI_OFI_handle_cq_error:Input/output error - remote access error)
MPICH ERROR [Rank 38] [job id 196c203c-67f2-47f7-af58-8f332267d3dc] [Thu Jun 29 02:51:02 2023] [x3111c0s25b1n0] - Abort(203567503) (rank 38 in comm 0): Fatal error in PMPI_Waitany: Other MPI error, error stack:
PMPI_Waitany(277)..............: MPI_Waitany(count=16, req_array=0x1864f90, index=0x7ffee404743c, status=0x1) failed
PMPI_Waitany(245)..............: 
MPIR_Waitany_impl(97)..........: 
MPIDI_Progress_test(80)........: 
MPIDI_OFI_handle_cq_error(1059): OFI poll failed (ofi_events.c:1061:MPIDI_OFI_handle_cq_error:Input/output error - remote access error)

aborting job:
Fatal error in PMPI_Waitany: Other MPI error, error stack:
PMPI_Waitany(277)..............: MPI_Waitany(count=16, req_array=0x1864f90, index=0x7ffee404743c, status=0x1) failed
PMPI_Waitany(245)..............: 
MPIR_Waitany_impl(97)..........: 
MPIDI_Progress_test(80)........: 
MPIDI_OFI_handle_cq_error(1059): OFI poll failed (ofi_events.c:1061:MPIDI_OFI_handle_cq_error:Input/output error - remote access error)
MPICH ERROR [Rank 37] [job id 196c203c-67f2-47f7-af58-8f332267d3dc] [Thu Jun 29 02:51:02 2023] [x3111c0s25b1n0] - Abort(136458639) (rank 37 in comm 0): Fatal error in PMPI_Waitany: Other MPI error, error stack:
PMPI_Waitany(277)..............: MPI_Waitany(count=16, req_array=0x23dff90, index=0x7fff9c0cd4fc, status=0x1) failed
PMPI_Waitany(245)..............: 
MPIR_Waitany_impl(97)..........: 
MPIDI_Progress_test(80)........: 
MPIDI_OFI_handle_cq_error(1059): OFI poll failed (ofi_events.c:1061:MPIDI_OFI_handle_cq_error:Input/output error - remote access error)

MPICH ERROR [Rank 51] [job id 196c203c-67f2-47f7-af58-8f332267d3dc] [Thu Jun 29 02:51:02 2023] [x3111c0s37b0n0] - Abort(404369807) (rank 51 in comm 0): Fatal error in PMPI_Waitany: Other MPI error, error stack:
PMPI_Waitany(277)..............: MPI_Waitany(count=16, req_array=0x2382f90, index=0x7ffcf7c9e5ac, status=0x1) failed
PMPI_Waitany(245)..............: 
MPIDI_Progress_test(80)........: 
MPIDI_OFI_handle_cq_error(1059): OFI poll failed (ofi_events.c:1061:MPIDI_OFI_handle_cq_error:Input/output error - remote access error)

aborting job:
Fatal error in PMPI_Waitany: Other MPI error, error stack:
PMPI_Waitany(277)..............: MPI_Waitany(count=16, req_array=0x2382f90, index=0x7ffcf7c9e5ac, status=0x1) failed
PMPI_Waitany(245)..............: 
MPIDI_Progress_test(80)........: 
MPIDI_OFI_handle_cq_error(1059): OFI poll failed (ofi_events.c:1061:MPIDI_OFI_handle_cq_error:Input/output error - remote access error)
aborting job:
Fatal error in PMPI_Waitany: Other MPI error, error stack:
PMPI_Waitany(277)..............: MPI_Waitany(count=16, req_array=0x23dff90, index=0x7fff9c0cd4fc, status=0x1) failed
PMPI_Waitany(245)..............: 
MPIR_Waitany_impl(97)..........: 
MPIDI_Progress_test(80)........: 
MPIDI_OFI_handle_cq_error(1059): OFI poll failed (ofi_events.c:1061:MPIDI_OFI_handle_cq_error:Input/output error - remote access error)
MPICH ERROR [Rank 48] [job id 196c203c-67f2-47f7-af58-8f332267d3dc] [Thu Jun 29 02:51:02 2023] [x3111c0s37b0n0] - Abort(2240911) (rank 48 in comm 0): Fatal error in PMPI_Waitany: Other MPI error, error stack:
PMPI_Waitany(277)..............: MPI_Waitany(count=16, req_array=0x1aa9fa0, index=0x7ffc62bb517c, status=0x1) failed
PMPI_Waitany(245)..............: 
MPIR_Waitany_impl(97)..........: 
MPIDI_Progress_test(80)........: 
MPIDI_OFI_handle_cq_error(1059): OFI poll failed (ofi_events.c:1061:MPIDI_OFI_handle_cq_error:Input/output error - remote access error)

aborting job:
Fatal error in PMPI_Waitany: Other MPI error, error stack:
PMPI_Waitany(277)..............: MPI_Waitany(count=16, req_array=0x1aa9fa0, index=0x7ffc62bb517c, status=0x1) failed
PMPI_Waitany(245)..............: 
MPIR_Waitany_impl(97)..........: 
MPIDI_Progress_test(80)........: 
MPIDI_OFI_handle_cq_error(1059): OFI poll failed (ofi_events.c:1061:MPIDI_OFI_handle_cq_error:Input/output error - remote access error)
MPICH ERROR [Rank 54] [job id 196c203c-67f2-47f7-af58-8f332267d3dc] [Thu Jun 29 02:51:02 2023] [x3111c0s37b1n0] - Abort(135934351) (rank 54 in comm 0): Fatal error in PMPI_Waitany: Other MPI error, error stack:
PMPI_Waitany(277)..............: MPI_Waitany(count=15, req_array=0xc3ef90, index=0x7fff653d691c, status=0x1) failed
PMPI_Waitany(245)..............: 
MPIDI_Progress_test(80)........: 
MPIDI_OFI_handle_cq_error(1059): OFI poll failed (ofi_events.c:1061:MPIDI_OFI_handle_cq_error:Input/output error - remote access error)

aborting job:
Fatal error in PMPI_Waitany: Other MPI error, error stack:
PMPI_Waitany(277)..............: MPI_Waitany(count=15, req_array=0xc3ef90, index=0x7fff653d691c, status=0x1) failed
PMPI_Waitany(245)..............: 
MPIDI_Progress_test(80)........: 
MPIDI_OFI_handle_cq_error(1059): OFI poll failed (ofi_events.c:1061:MPIDI_OFI_handle_cq_error:Input/output error - remote access error)
MPICH ERROR [Rank 36] [job id 196c203c-67f2-47f7-af58-8f332267d3dc] [Thu Jun 29 02:51:02 2023] [x3111c0s25b1n0] - Abort(673329551) (rank 36 in comm 0): Fatal error in PMPI_Waitany: Other MPI error, error stack:
PMPI_Waitany(277)..............: MPI_Waitany(count=16, req_array=0x1080f50, index=0x7ffd84a775ac, status=0x1) failed
PMPI_Waitany(245)..............: 
MPIR_Waitany_impl(97)..........: 
MPIDI_Progress_test(80)........: 
MPIDI_OFI_handle_cq_error(1059): OFI poll failed (ofi_events.c:1061:MPIDI_OFI_handle_cq_error:Input/output error - remote access error)

aborting job:
Fatal error in PMPI_Waitany: Other MPI error, error stack:
PMPI_Waitany(277)..............: MPI_Waitany(count=16, req_array=0x1080f50, index=0x7ffd84a775ac, status=0x1) failed
PMPI_Waitany(245)..............: 
MPIR_Waitany_impl(97)..........: 
MPIDI_Progress_test(80)........: 
MPIDI_OFI_handle_cq_error(1059): OFI poll failed (ofi_events.c:1061:MPIDI_OFI_handle_cq_error:Input/output error - remote access error)
MPICH ERROR [Rank 49] [job id 196c203c-67f2-47f7-af58-8f332267d3dc] [Thu Jun 29 02:51:02 2023] [x3111c0s37b0n0] - Abort(807022991) (rank 49 in comm 0): Fatal error in PMPI_Waitany: Other MPI error, error stack:
PMPI_Waitany(277)..............: MPI_Waitany(count=16, req_array=0x1cbcf90, index=0x7ffe04db776c, status=0x1) failed
PMPI_Waitany(245)..............: 
MPIDI_Progress_test(80)........: 
MPIDI_OFI_handle_cq_error(1059): OFI poll failed (ofi_events.c:1061:MPIDI_OFI_handle_cq_error:Input/output error - remote access error)

aborting job:
Fatal error in PMPI_Waitany: Other MPI error, error stack:
PMPI_Waitany(277)..............: MPI_Waitany(count=16, req_array=0x1cbcf90, index=0x7ffe04db776c, status=0x1) failed
PMPI_Waitany(245)..............: 
MPIDI_Progress_test(80)........: 
MPIDI_OFI_handle_cq_error(1059): OFI poll failed (ofi_events.c:1061:MPIDI_OFI_handle_cq_error:Input/output error - remote access error)
MPICH ERROR [Rank 35] [job id 196c203c-67f2-47f7-af58-8f332267d3dc] [Thu Jun 29 02:51:02 2023] [x3111c0s25b0n0] - Abort(740438415) (rank 35 in comm 0): Fatal error in PMPI_Waitany: Other MPI error, error stack:
PMPI_Waitany(277)..............: MPI_Waitany(count=15, req_array=0x14a5f90, index=0x7fff55e3bb5c, status=0x1) failed
PMPI_Waitany(245)..............: 
MPIR_Waitany_impl(97)..........: 
MPIDI_Progress_test(80)........: 
MPIDI_OFI_handle_cq_error(1059): OFI poll failed (ofi_events.c:1061:MPIDI_OFI_handle_cq_error:Input/output error - remote access error)

aborting job:
Fatal error in PMPI_Waitany: Other MPI error, error stack:
PMPI_Waitany(277)..............: MPI_Waitany(count=15, req_array=0x14a5f90, index=0x7fff55e3bb5c, status=0x1) failed
PMPI_Waitany(245)..............: 
MPIR_Waitany_impl(97)..........: 
MPIDI_Progress_test(80)........: 
MPIDI_OFI_handle_cq_error(1059): OFI poll failed (ofi_events.c:1061:MPIDI_OFI_handle_cq_error:Input/output error - remote access error)
MPICH ERROR [Rank 40] [job id 196c203c-67f2-47f7-af58-8f332267d3dc] [Thu Jun 29 02:51:02 2023] [x3111c0s31b0n0] - Abort(472002959) (rank 40 in comm 0): Fatal error in PMPI_Waitany: Other MPI error, error stack:
PMPI_Waitany(277)..............: MPI_Waitany(count=15, req_array=0xc98fa0, index=0x7ffd1afb45ec, status=0x1) failed
PMPI_Waitany(245)..............: 
MPIR_Waitany_impl(97)..........: 
MPIDI_Progress_test(80)........: 
MPIDI_OFI_handle_cq_error(1059): OFI poll failed (ofi_events.c:1061:MPIDI_OFI_handle_cq_error:Input/output error - remote access error)

aborting job:
Fatal error in PMPI_Waitany: Other MPI error, error stack:
PMPI_Waitany(277)..............: MPI_Waitany(count=15, req_array=0xc98fa0, index=0x7ffd1afb45ec, status=0x1) failed
PMPI_Waitany(245)..............: 
MPIR_Waitany_impl(97)..........: 
MPIDI_Progress_test(80)........: 
MPIDI_OFI_handle_cq_error(1059): OFI poll failed (ofi_events.c:1061:MPIDI_OFI_handle_cq_error:Input/output error - remote access error)
MPICH ERROR [Rank 33] [job id 196c203c-67f2-47f7-af58-8f332267d3dc] [Thu Jun 29 02:51:02 2023] [x3111c0s25b0n0] - Abort(605663119) (rank 33 in comm 0): Fatal error in PMPI_Isend: Other MPI error, error stack:
PMPI_Isend(161)................: MPI_Isend(buf=0x149c9360c000, count=1024, dtype=0x4c001041, dest=41, tag=0, MPI_COMM_WORLD, request=0x1b6360c) failed
MPID_Isend(578)................: 
MPIDI_Progress_test(80)........: 
MPIDI_OFI_handle_cq_error(1059): OFI poll failed (ofi_events.c:1061:MPIDI_OFI_handle_cq_error:Input/output error - remote access error)

aborting job:
Fatal error in PMPI_Isend: Other MPI error, error stack:
PMPI_Isend(161)................: MPI_Isend(buf=0x149c9360c000, count=1024, dtype=0x4c001041, dest=41, tag=0, MPI_COMM_WORLD, request=0x1b6360c) failed
MPID_Isend(578)................: 
MPIDI_Progress_test(80)........: 
MPIDI_OFI_handle_cq_error(1059): OFI poll failed (ofi_events.c:1061:MPIDI_OFI_handle_cq_error:Input/output error - remote access error)
MPICH ERROR [Rank 55] [job id 196c203c-67f2-47f7-af58-8f332267d3dc] [Thu Jun 29 02:51:02 2023] [x3111c0s37b1n0] - Abort(68792207) (rank 55 in comm 0): Fatal error in PMPI_Isend: Other MPI error, error stack:
PMPI_Isend(161)................: MPI_Isend(buf=0x153013610000, count=1024, dtype=0x4c001041, dest=36, tag=0, MPI_COMM_WORLD, request=0x1120610) failed
MPID_Isend(578)................: 
MPIDI_Progress_test(80)........: 
MPIDI_OFI_handle_cq_error(1059): OFI poll failed (ofi_events.c:1061:MPIDI_OFI_handle_cq_error:Input/output error - remote access error)

aborting job:
Fatal error in PMPI_Isend: Other MPI error, error stack:
PMPI_Isend(161)................: MPI_Isend(buf=0x153013610000, count=1024, dtype=0x4c001041, dest=36, tag=0, MPI_COMM_WORLD, request=0x1120610) failed
MPID_Isend(578)................: 
MPIDI_Progress_test(80)........: 
MPIDI_OFI_handle_cq_error(1059): OFI poll failed (ofi_events.c:1061:MPIDI_OFI_handle_cq_error:Input/output error - remote access error)
MPICH ERROR [Rank 62] [job id 196c203c-67f2-47f7-af58-8f332267d3dc] [Thu Jun 29 02:51:02 2023] [x3111c0s7b1n0] - Abort(135901071) (rank 62 in comm 0): Fatal error in PMPI_Isend: Other MPI error, error stack:
PMPI_Isend(161)................: MPI_Isend(buf=0x14ac03610000, count=1024, dtype=0x4c001041, dest=39, tag=0, MPI_COMM_WORLD, request=0x2010610) failed
MPID_Isend(578)................: 
MPIDI_Progress_test(80)........: 
MPIDI_OFI_handle_cq_error(1059): OFI poll failed (ofi_events.c:1061:MPIDI_OFI_handle_cq_error:Input/output error - remote access error)

aborting job:
Fatal error in PMPI_Isend: Other MPI error, error stack:
PMPI_Isend(161)................: MPI_Isend(buf=0x14ac03610000, count=1024, dtype=0x4c001041, dest=39, tag=0, MPI_COMM_WORLD, request=0x2010610) failed
MPID_Isend(578)................: 
MPIDI_Progress_test(80)........: 
MPIDI_OFI_handle_cq_error(1059): OFI poll failed (ofi_events.c:1061:MPIDI_OFI_handle_cq_error:Input/output error - remote access error)
MPICH ERROR [Rank 50] [job id 196c203c-67f2-47f7-af58-8f332267d3dc] [Thu Jun 29 02:51:02 2023] [x3111c0s37b0n0] - Abort(270676367) (rank 50 in comm 0): Fatal error in PMPI_Waitany: Other MPI error, error stack:
PMPI_Waitany(277)..............: MPI_Waitany(count=16, req_array=0x9f8f90, index=0x7ffde7d0dd1c, status=0x1) failed
PMPI_Waitany(245)..............: 
MPIR_Waitany_impl(97)..........: 
MPIDI_Progress_test(80)........: 
MPIDI_OFI_handle_cq_error(1059): OFI poll failed (ofi_events.c:1061:MPIDI_OFI_handle_cq_error:Input/output error - remote access error)

aborting job:
Fatal error in PMPI_Waitany: Other MPI error, error stack:
PMPI_Waitany(277)..............: MPI_Waitany(count=16, req_array=0x9f8f90, index=0x7ffde7d0dd1c, status=0x1) failed
PMPI_Waitany(245)..............: 
MPIR_Waitany_impl(97)..........: 
MPIDI_Progress_test(80)........: 
MPIDI_OFI_handle_cq_error(1059): OFI poll failed (ofi_events.c:1061:MPIDI_OFI_handle_cq_error:Input/output error - remote access error)
MPICH ERROR [Rank 46] [job id 196c203c-67f2-47f7-af58-8f332267d3dc] [Thu Jun 29 02:51:02 2023] [x3111c0s31b1n0] - Abort(874656143) (rank 46 in comm 0): Fatal error in PMPI_Waitany: Other MPI error, error stack:
PMPI_Waitany(277)..............: MPI_Waitany(count=16, req_array=0x2752f90, index=0x7ffdb2630ffc, status=0x1) failed
PMPI_Waitany(245)..............: 
MPIR_Waitany_impl(97)..........: 
MPIDI_Progress_test(80)........: 
MPIDI_OFI_handle_cq_error(1059): OFI poll failed (ofi_events.c:1061:MPIDI_OFI_handle_cq_error:Input/output error - remote access error)

aborting job:
Fatal error in PMPI_Waitany: Other MPI error, error stack:
PMPI_Waitany(277)..............: MPI_Waitany(count=16, req_array=0x2752f90, index=0x7ffdb2630ffc, status=0x1) failed
PMPI_Waitany(245)..............: 
MPIR_Waitany_impl(97)..........: 
MPIDI_Progress_test(80)........: 
MPIDI_OFI_handle_cq_error(1059): OFI poll failed (ofi_events.c:1061:MPIDI_OFI_handle_cq_error:Input/output error - remote access error)
MPICH ERROR [Rank 53] [job id 196c203c-67f2-47f7-af58-8f332267d3dc] [Thu Jun 29 02:51:02 2023] [x3111c0s37b1n0] - Abort(270118799) (rank 53 in comm 0): Fatal error in PMPI_Isend: Other MPI error, error stack:
PMPI_Isend(161)................: MPI_Isend(buf=0x152233604000, count=1024, dtype=0x4c001041, dest=55, tag=0, MPI_COMM_WORLD, request=0x1183604) failed
MPID_Isend(578)................: 
MPIDI_Progress_test(80)........: 
MPIDI_OFI_handle_cq_error(1059): OFI poll failed (ofi_events.c:1061:MPIDI_OFI_handle_cq_error:Input/output error - remote access error)

aborting job:
Fatal error in PMPI_Isend: Other MPI error, error stack:
PMPI_Isend(161)................: MPI_Isend(buf=0x152233604000, count=1024, dtype=0x4c001041, dest=55, tag=0, MPI_COMM_WORLD, request=0x1183604) failed
MPID_Isend(578)................: 
MPIDI_Progress_test(80)........: 
MPIDI_OFI_handle_cq_error(1059): OFI poll failed (ofi_events.c:1061:MPIDI_OFI_handle_cq_error:Input/output error - remote access error)
MPICH ERROR [Rank 47] [job id 196c203c-67f2-47f7-af58-8f332267d3dc] [Thu Jun 29 02:51:02 2023] [x3111c0s31b1n0] - Abort(136458639) (rank 47 in comm 0): Fatal error in PMPI_Waitany: Other MPI error, error stack:
PMPI_Waitany(277)..............: MPI_Waitany(count=16, req_array=0x1de8f90, index=0x7ffeacb7239c, status=0x1) failed
PMPI_Waitany(245)..............: 
MPIR_Waitany_impl(97)..........: 
MPIDI_Progress_test(80)........: 
MPIDI_OFI_handle_cq_error(1059): OFI poll failed (ofi_events.c:1061:MPIDI_OFI_handle_cq_error:Input/output error - remote access error)

aborting job:
Fatal error in PMPI_Waitany: Other MPI error, error stack:
PMPI_Waitany(277)..............: MPI_Waitany(count=16, req_array=0x1de8f90, index=0x7ffeacb7239c, status=0x1) failed
PMPI_Waitany(245)..............: 
MPIR_Waitany_impl(97)..........: 
MPIDI_Progress_test(80)........: 
MPIDI_OFI_handle_cq_error(1059): OFI poll failed (ofi_events.c:1061:MPIDI_OFI_handle_cq_error:Input/output error - remote access error)
MPICH ERROR [Rank 60] [job id 196c203c-67f2-47f7-af58-8f332267d3dc] [Thu Jun 29 02:51:02 2023] [x3111c0s7b1n0] - Abort(68792207) (rank 60 in comm 0): Fatal error in PMPI_Isend: Other MPI error, error stack:
PMPI_Isend(161)................: MPI_Isend(buf=0x14ae33608000, count=1024, dtype=0x4c001041, dest=63, tag=0, MPI_COMM_WORLD, request=0x19fdd08) failed
MPID_Isend(578)................: 
MPIDI_Progress_test(80)........: 
MPIDI_OFI_handle_cq_error(1059): OFI poll failed (ofi_events.c:1061:MPIDI_OFI_handle_cq_error:Input/output error - remote access error)

aborting job:
Fatal error in PMPI_Isend: Other MPI error, error stack:
PMPI_Isend(161)................: MPI_Isend(buf=0x14ae33608000, count=1024, dtype=0x4c001041, dest=63, tag=0, MPI_COMM_WORLD, request=0x19fdd08) failed
MPID_Isend(578)................: 
MPIDI_Progress_test(80)........: 
MPIDI_OFI_handle_cq_error(1059): OFI poll failed (ofi_events.c:1061:MPIDI_OFI_handle_cq_error:Input/output error - remote access error)
MPICH ERROR [Rank 44] [job id 196c203c-67f2-47f7-af58-8f332267d3dc] [Thu Jun 29 02:51:02 2023] [x3111c0s31b1n0] - Abort(673329551) (rank 44 in comm 0): Fatal error in PMPI_Waitany: Other MPI error, error stack:
PMPI_Waitany(277)..............: MPI_Waitany(count=16, req_array=0x9e0d30, index=0x7fffd725e70c, status=0x1) failed
PMPI_Waitany(245)..............: 
MPIR_Waitany_impl(97)..........: 
MPIDI_Progress_test(80)........: 
MPIDI_OFI_handle_cq_error(1059): OFI poll failed (ofi_events.c:1061:MPIDI_OFI_handle_cq_error:Input/output error - remote access error)

aborting job:
Fatal error in PMPI_Waitany: Other MPI error, error stack:
PMPI_Waitany(277)..............: MPI_Waitany(count=16, req_array=0x9e0d30, index=0x7fffd725e70c, status=0x1) failed
PMPI_Waitany(245)..............: 
MPIR_Waitany_impl(97)..........: 
MPIDI_Progress_test(80)........: 
MPIDI_OFI_handle_cq_error(1059): OFI poll failed (ofi_events.c:1061:MPIDI_OFI_handle_cq_error:Input/output error - remote access error)
MPICH ERROR [Rank 45] [job id 196c203c-67f2-47f7-af58-8f332267d3dc] [Thu Jun 29 02:51:02 2023] [x3111c0s31b1n0] - Abort(672805263) (rank 45 in comm 0): Fatal error in PMPI_Waitany: Other MPI error, error stack:
PMPI_Waitany(277)..............: MPI_Waitany(count=16, req_array=0x1f56f90, index=0x7fff478544bc, status=0x1) failed
PMPI_Waitany(245)..............: 
MPIDI_Progress_test(80)........: 
MPIDI_OFI_handle_cq_error(1059): OFI poll failed (ofi_events.c:1061:MPIDI_OFI_handle_cq_error:Input/output error - remote access error)

MPICH ERROR [Rank 58] [job id 196c203c-67f2-47f7-af58-8f332267d3dc] [Thu Jun 29 02:51:02 2023] [x3111c0s7b0n0] - Abort(941765007) (rank 58 in comm 0): Fatal error in PMPI_Waitany: Other MPI error, error stack:
PMPI_Waitany(277)..............: MPI_Waitany(count=16, req_array=0x86af90, index=0x7ffe8e404bcc, status=0x1) failed
PMPI_Waitany(245)..............: 
MPIR_Waitany_impl(97)..........: 
MPIDI_Progress_test(80)........: 
MPIDI_OFI_handle_cq_error(1059): OFI poll failed (ofi_events.c:1061:MPIDI_OFI_handle_cq_error:Input/output error - remote access error)

aborting job:
Fatal error in PMPI_Waitany: Other MPI error, error stack:
PMPI_Waitany(277)..............: MPI_Waitany(count=16, req_array=0x86af90, index=0x7ffe8e404bcc, status=0x1) failed
PMPI_Waitany(245)..............: 
MPIR_Waitany_impl(97)..........: 
MPIDI_Progress_test(80)........: 
MPIDI_OFI_handle_cq_error(1059): OFI poll failed (ofi_events.c:1061:MPIDI_OFI_handle_cq_error:Input/output error - remote access error)
aborting job:
Fatal error in PMPI_Waitany: Other MPI error, error stack:
PMPI_Waitany(277)..............: MPI_Waitany(count=16, req_array=0x1f56f90, index=0x7fff478544bc, status=0x1) failed
PMPI_Waitany(245)..............: 
MPIDI_Progress_test(80)........: 
MPIDI_OFI_handle_cq_error(1059): OFI poll failed (ofi_events.c:1061:MPIDI_OFI_handle_cq_error:Input/output error - remote access error)
MPICH ERROR [Rank 41] [job id 196c203c-67f2-47f7-af58-8f332267d3dc] [Thu Jun 29 02:51:02 2023] [x3111c0s31b0n0] - Abort(941207439) (rank 41 in comm 0): Fatal error in PMPI_Isend: Other MPI error, error stack:
PMPI_Isend(161)................: MPI_Isend(buf=0x146083610000, count=1024, dtype=0x4c001041, dest=50, tag=0, MPI_COMM_WORLD, request=0xfcc610) failed
MPID_Isend(578)................: 
MPIDI_Progress_test(80)........: 
MPIDI_OFI_handle_cq_error(1059): OFI poll failed (ofi_events.c:1061:MPIDI_OFI_handle_cq_error:Input/output error - remote access error)

aborting job:
Fatal error in PMPI_Isend: Other MPI error, error stack:
PMPI_Isend(161)................: MPI_Isend(buf=0x146083610000, count=1024, dtype=0x4c001041, dest=50, tag=0, MPI_COMM_WORLD, request=0xfcc610) failed
MPID_Isend(578)................: 
MPIDI_Progress_test(80)........: 
MPIDI_OFI_handle_cq_error(1059): OFI poll failed (ofi_events.c:1061:MPIDI_OFI_handle_cq_error:Input/output error - remote access error)
MPICH ERROR [Rank 57] [job id 196c203c-67f2-47f7-af58-8f332267d3dc] [Thu Jun 29 02:51:02 2023] [x3111c0s7b0n0] - Abort(404894095) (rank 57 in comm 0): Fatal error in PMPI_Waitany: Other MPI error, error stack:
PMPI_Waitany(277)..............: MPI_Waitany(count=16, req_array=0xfe4f90, index=0x7ffe5715916c, status=0x1) failed
PMPI_Waitany(245)..............: 
MPIR_Waitany_impl(97)..........: 
MPIDI_Progress_test(80)........: 
MPIDI_OFI_handle_cq_error(1059): OFI poll failed (ofi_events.c:1061:MPIDI_OFI_handle_cq_error:Input/output error - remote access error)

aborting job:
Fatal error in PMPI_Waitany: Other MPI error, error stack:
PMPI_Waitany(277)..............: MPI_Waitany(count=16, req_array=0xfe4f90, index=0x7ffe5715916c, status=0x1) failed
PMPI_Waitany(245)..............: 
MPIR_Waitany_impl(97)..........: 
MPIDI_Progress_test(80)........: 
MPIDI_OFI_handle_cq_error(1059): OFI poll failed (ofi_events.c:1061:MPIDI_OFI_handle_cq_error:Input/output error - remote access error)
MPICH ERROR [Rank 56] [job id 196c203c-67f2-47f7-af58-8f332267d3dc] [Thu Jun 29 02:51:02 2023] [x3111c0s7b0n0] - Abort(1008349583) (rank 56 in comm 0): Fatal error in PMPI_Waitany: Other MPI error, error stack:
PMPI_Waitany(277)..............: MPI_Waitany(count=16, req_array=0x861460, index=0x7ffc577b6ebc, status=0x1) failed
PMPI_Waitany(245)..............: 
MPIDI_Progress_test(80)........: 
MPIDI_OFI_handle_cq_error(1059): OFI poll failed (ofi_events.c:1061:MPIDI_OFI_handle_cq_error:Input/output error - remote access error)

aborting job:
Fatal error in PMPI_Waitany: Other MPI error, error stack:
PMPI_Waitany(277)..............: MPI_Waitany(count=16, req_array=0x861460, index=0x7ffc577b6ebc, status=0x1) failed
PMPI_Waitany(245)..............: 
MPIDI_Progress_test(80)........: 
MPIDI_OFI_handle_cq_error(1059): OFI poll failed (ofi_events.c:1061:MPIDI_OFI_handle_cq_error:Input/output error - remote access error)
MPICH ERROR [Rank 42] [job id 196c203c-67f2-47f7-af58-8f332267d3dc] [Thu Jun 29 02:51:02 2023] [x3111c0s31b0n0] - Abort(1683343) (rank 42 in comm 0): Fatal error in PMPI_Isend: Other MPI error, error stack:
PMPI_Isend(161)................: MPI_Isend(buf=0x14e3e3610000, count=1024, dtype=0x4c001041, dest=51, tag=0, MPI_COMM_WORLD, request=0xcfe610) failed
MPID_Isend(578)................: 
MPIDI_Progress_test(80)........: 
MPIDI_OFI_handle_cq_error(1059): OFI poll failed (ofi_events.c:1061:MPIDI_OFI_handle_cq_error:Input/output error - remote access error)

aborting job:
Fatal error in PMPI_Isend: Other MPI error, error stack:
PMPI_Isend(161)................: MPI_Isend(buf=0x14e3e3610000, count=1024, dtype=0x4c001041, dest=51, tag=0, MPI_COMM_WORLD, request=0xcfe610) failed
MPID_Isend(578)................: 
MPIDI_Progress_test(80)........: 
MPIDI_OFI_handle_cq_error(1059): OFI poll failed (ofi_events.c:1061:MPIDI_OFI_handle_cq_error:Input/output error - remote access error)
MPICH ERROR [Rank 43] [job id 196c203c-67f2-47f7-af58-8f332267d3dc] [Thu Jun 29 02:51:02 2023] [x3111c0s31b0n0] - Abort(941240719) (rank 43 in comm 0): Fatal error in PMPI_Waitany: Other MPI error, error stack:
PMPI_Waitany(277)..............: MPI_Waitany(count=15, req_array=0x2375f90, index=0x7fff16d363ac, status=0x1) failed
PMPI_Waitany(245)..............: 
MPIDI_Progress_test(80)........: 
MPIDI_OFI_handle_cq_error(1059): OFI poll failed (ofi_events.c:1061:MPIDI_OFI_handle_cq_error:Input/output error - remote access error)

aborting job:
Fatal error in PMPI_Waitany: Other MPI error, error stack:
PMPI_Waitany(277)..............: MPI_Waitany(count=15, req_array=0x2375f90, index=0x7fff16d363ac, status=0x1) failed
PMPI_Waitany(245)..............: 
MPIDI_Progress_test(80)........: 
MPIDI_OFI_handle_cq_error(1059): OFI poll failed (ofi_events.c:1061:MPIDI_OFI_handle_cq_error:Input/output error - remote access error)
MPICH ERROR [Rank 61] [job id 196c203c-67f2-47f7-af58-8f332267d3dc] [Thu Jun 29 02:51:02 2023] [x3111c0s7b1n0] - Abort(605696399) (rank 61 in comm 0): Fatal error in PMPI_Waitany: Other MPI error, error stack:
PMPI_Waitany(277)..............: MPI_Waitany(count=15, req_array=0xe3af90, index=0x7fff1d88acbc, status=0x1) failed
PMPI_Waitany(245)..............: 
MPIDI_Progress_test(80)........: 
MPIDI_OFI_handle_cq_error(1059): OFI poll failed (ofi_events.c:1061:MPIDI_OFI_handle_cq_error:Input/output error - remote access error)

aborting job:
Fatal error in PMPI_Waitany: Other MPI error, error stack:
PMPI_Waitany(277)..............: MPI_Waitany(count=15, req_array=0xe3af90, index=0x7fff1d88acbc, status=0x1) failed
PMPI_Waitany(245)..............: 
MPIDI_Progress_test(80)........: 
MPIDI_OFI_handle_cq_error(1059): OFI poll failed (ofi_events.c:1061:MPIDI_OFI_handle_cq_error:Input/output error - remote access error)
MPICH ERROR [Rank 63] [job id 196c203c-67f2-47f7-af58-8f332267d3dc] [Thu Jun 29 02:51:02 2023] [x3111c0s7b1n0] - Abort(605696399) (rank 63 in comm 0): Fatal error in PMPI_Waitany: Other MPI error, error stack:
PMPI_Waitany(277)..............: MPI_Waitany(count=15, req_array=0x1e04f90, index=0x7ffd175c2c7c, status=0x1) failed
PMPI_Waitany(245)..............: 
MPIDI_Progress_test(80)........: 
MPIDI_OFI_handle_cq_error(1059): OFI poll failed (ofi_events.c:1061:MPIDI_OFI_handle_cq_error:Input/output error - remote access error)

aborting job:
Fatal error in PMPI_Waitany: Other MPI error, error stack:
PMPI_Waitany(277)..............: MPI_Waitany(count=15, req_array=0x1e04f90, index=0x7ffd175c2c7c, status=0x1) failed
PMPI_Waitany(245)..............: 
MPIDI_Progress_test(80)........: 
MPIDI_OFI_handle_cq_error(1059): OFI poll failed (ofi_events.c:1061:MPIDI_OFI_handle_cq_error:Input/output error - remote access error)
MPICH ERROR [Rank 34] [job id 196c203c-67f2-47f7-af58-8f332267d3dc] [Thu Jun 29 02:51:02 2023] [x3111c0s25b0n0] - Abort(1716623) (rank 34 in comm 0): Fatal error in PMPI_Waitany: Other MPI error, error stack:
PMPI_Waitany(277)..............: MPI_Waitany(count=15, req_array=0x14c8f90, index=0x7ffc2f1972cc, status=0x1) failed
PMPI_Waitany(245)..............: 
MPIDI_Progress_test(80)........: 
MPIDI_OFI_handle_cq_error(1059): OFI poll failed (ofi_events.c:1061:MPIDI_OFI_handle_cq_error:Input/output error - remote access error)

aborting job:
Fatal error in PMPI_Waitany: Other MPI error, error stack:
PMPI_Waitany(277)..............: MPI_Waitany(count=15, req_array=0x14c8f90, index=0x7ffc2f1972cc, status=0x1) failed
PMPI_Waitany(245)..............: 
MPIDI_Progress_test(80)........: 
MPIDI_OFI_handle_cq_error(1059): OFI poll failed (ofi_events.c:1061:MPIDI_OFI_handle_cq_error:Input/output error - remote access error)
x3111c0s7b0n0.hsn.cm.polaris.alcf.anl.gov: rank 59 exited with code 255
MPICH ERROR [Rank 28] [job id 196c203c-67f2-47f7-af58-8f332267d3dc] [Thu Jun 29 02:51:02 2023] [x3111c0s1b1n0] - Abort(806989711) (rank 28 in comm 0): Fatal error in PMPI_Isend: Other MPI error, error stack:
PMPI_Isend(161)................: MPI_Isend(buf=0x15420360c000, count=1152, dtype=0x4c001041, dest=4, tag=0, MPI_COMM_WORLD, request=0x1c1850c) failed
MPID_Isend(578)................: 
MPIDI_Progress_test(80)........: 
MPIDI_OFI_handle_cq_error(1059): OFI poll failed (ofi_events.c:1061:MPIDI_OFI_handle_cq_error:Input/output error - remote access error)

aborting job:
Fatal error in PMPI_Isend: Other MPI error, error stack:
PMPI_Isend(161)................: MPI_Isend(buf=0x15420360c000, count=1152, dtype=0x4c001041, dest=4, tag=0, MPI_COMM_WORLD, request=0x1c1850c) failed
MPID_Isend(578)................: 
MPIDI_Progress_test(80)........: 
MPIDI_OFI_handle_cq_error(1059): OFI poll failed (ofi_events.c:1061:MPIDI_OFI_handle_cq_error:Input/output error - remote access error)
MPICH ERROR [Rank 29] [job id 196c203c-67f2-47f7-af58-8f332267d3dc] [Thu Jun 29 02:51:02 2023] [x3111c0s1b1n0] - Abort(672771983) (rank 29 in comm 0): Fatal error in PMPI_Isend: Other MPI error, error stack:
PMPI_Isend(161)................: MPI_Isend(buf=0x14f043604000, count=1024, dtype=0x4c001041, dest=31, tag=0, MPI_COMM_WORLD, request=0x12b2604) failed
MPID_Isend(578)................: 
MPIDI_Progress_test(80)........: 
MPIDI_OFI_handle_cq_error(1059): OFI poll failed (ofi_events.c:1061:MPIDI_OFI_handle_cq_error:Input/output error - remote access error)

aborting job:
Fatal error in PMPI_Isend: Other MPI error, error stack:
PMPI_Isend(161)................: MPI_Isend(buf=0x14f043604000, count=1024, dtype=0x4c001041, dest=31, tag=0, MPI_COMM_WORLD, request=0x12b2604) failed
MPID_Isend(578)................: 
MPIDI_Progress_test(80)........: 
MPIDI_OFI_handle_cq_error(1059): OFI poll failed (ofi_events.c:1061:MPIDI_OFI_handle_cq_error:Input/output error - remote access error)
MPICH ERROR [Rank 30] [job id 196c203c-67f2-47f7-af58-8f332267d3dc] [Thu Jun 29 02:51:02 2023] [x3111c0s1b1n0] - Abort(203009935) (rank 30 in comm 0): Fatal error in PMPI_Isend: Other MPI error, error stack:
PMPI_Isend(161)................: MPI_Isend(buf=0x152873600000, count=1024, dtype=0x4c001041, dest=31, tag=0, MPI_COMM_WORLD, request=0xf9a600) failed
MPID_Isend(578)................: 
MPIDI_Progress_test(80)........: 
MPIDI_OFI_handle_cq_error(1059): OFI poll failed (ofi_events.c:1061:MPIDI_OFI_handle_cq_error:Input/output error - remote access error)

aborting job:
Fatal error in PMPI_Isend: Other MPI error, error stack:
PMPI_Isend(161)................: MPI_Isend(buf=0x152873600000, count=1024, dtype=0x4c001041, dest=31, tag=0, MPI_COMM_WORLD, request=0xf9a600) failed
MPID_Isend(578)................: 
MPIDI_Progress_test(80)........: 
MPIDI_OFI_handle_cq_error(1059): OFI poll failed (ofi_events.c:1061:MPIDI_OFI_handle_cq_error:Input/output error - remote access error)
MPICH ERROR [Rank 31] [job id 196c203c-67f2-47f7-af58-8f332267d3dc] [Thu Jun 29 02:51:02 2023] [x3111c0s1b1n0] - Abort(1683343) (rank 31 in comm 0): Fatal error in PMPI_Isend: Other MPI error, error stack:
PMPI_Isend(161)................: MPI_Isend(buf=0x14a9b3600000, count=1152, dtype=0x4c001041, dest=4, tag=0, MPI_COMM_WORLD, request=0x24e6600) failed
MPID_Isend(578)................: 
MPIDI_Progress_test(80)........: 
MPIDI_OFI_handle_cq_error(1059): OFI poll failed (ofi_events.c:1061:MPIDI_OFI_handle_cq_error:Input/output error - remote access error)

aborting job:
Fatal error in PMPI_Isend: Other MPI error, error stack:
PMPI_Isend(161)................: MPI_Isend(buf=0x14a9b3600000, count=1152, dtype=0x4c001041, dest=4, tag=0, MPI_COMM_WORLD, request=0x24e6600) failed
MPID_Isend(578)................: 
MPIDI_Progress_test(80)........: 
MPIDI_OFI_handle_cq_error(1059): OFI poll failed (ofi_events.c:1061:MPIDI_OFI_handle_cq_error:Input/output error - remote access error)
MPICH ERROR [Rank 20] [job id 196c203c-67f2-47f7-af58-8f332267d3dc] [Thu Jun 29 02:51:02 2023] [x3111c0s19b1n0] - Abort(538587535) (rank 20 in comm 0): Fatal error in PMPI_Waitany: Other MPI error, error stack:
PMPI_Waitany(277)..............: MPI_Waitany(count=15, req_array=0x7aedf0, index=0x7ffe3b8e262c, status=0x1) failed
PMPI_Waitany(245)..............: 
MPIDI_Progress_test(80)........: 
MPIDI_OFI_handle_cq_error(1059): OFI poll failed (ofi_events.c:1061:MPIDI_OFI_handle_cq_error:Input/output error - remote access error)

aborting job:
Fatal error in PMPI_Waitany: Other MPI error, error stack:
PMPI_Waitany(277)..............: MPI_Waitany(count=15, req_array=0x7aedf0, index=0x7ffe3b8e262c, status=0x1) failed
PMPI_Waitany(245)..............: 
MPIDI_Progress_test(80)........: 
MPIDI_OFI_handle_cq_error(1059): OFI poll failed (ofi_events.c:1061:MPIDI_OFI_handle_cq_error:Input/output error - remote access error)
MPICH ERROR [Rank 21] [job id 196c203c-67f2-47f7-af58-8f332267d3dc] [Thu Jun 29 02:51:02 2023] [x3111c0s19b1n0] - Abort(337260943) (rank 21 in comm 0): Fatal error in PMPI_Waitany: Other MPI error, error stack:
PMPI_Waitany(277)..............: MPI_Waitany(count=15, req_array=0x9dbf90, index=0x7ffde4f68ccc, status=0x1) failed
PMPI_Waitany(245)..............: 
MPIDI_Progress_test(80)........: 
MPIDI_OFI_handle_cq_error(1059): OFI poll failed (ofi_events.c:1061:MPIDI_OFI_handle_cq_error:Input/output error - remote access error)

aborting job:
Fatal error in PMPI_Waitany: Other MPI error, error stack:
PMPI_Waitany(277)..............: MPI_Waitany(count=15, req_array=0x9dbf90, index=0x7ffde4f68ccc, status=0x1) failed
PMPI_Waitany(245)..............: 
MPIDI_Progress_test(80)........: 
MPIDI_OFI_handle_cq_error(1059): OFI poll failed (ofi_events.c:1061:MPIDI_OFI_handle_cq_error:Input/output error - remote access error)
MPICH ERROR [Rank 22] [job id 196c203c-67f2-47f7-af58-8f332267d3dc] [Thu Jun 29 02:51:02 2023] [x3111c0s19b1n0] - Abort(807022991) (rank 22 in comm 0): Fatal error in PMPI_Waitany: Other MPI error, error stack:
PMPI_Waitany(277)..............: MPI_Waitany(count=15, req_array=0x2545f90, index=0x7ffc43fddbcc, status=0x1) failed
PMPI_Waitany(245)..............: 
MPIDI_Progress_test(80)........: 
MPIDI_OFI_handle_cq_error(1059): OFI poll failed (ofi_events.c:1061:MPIDI_OFI_handle_cq_error:Input/output error - remote access error)

aborting job:
Fatal error in PMPI_Waitany: Other MPI error, error stack:
PMPI_Waitany(277)..............: MPI_Waitany(count=15, req_array=0x2545f90, index=0x7ffc43fddbcc, status=0x1) failed
PMPI_Waitany(245)..............: 
MPIDI_Progress_test(80)........: 
MPIDI_OFI_handle_cq_error(1059): OFI poll failed (ofi_events.c:1061:MPIDI_OFI_handle_cq_error:Input/output error - remote access error)
MPICH ERROR [Rank 23] [job id 196c203c-67f2-47f7-af58-8f332267d3dc] [Thu Jun 29 02:51:02 2023] [x3111c0s19b1n0] - Abort(203567503) (rank 23 in comm 0): Fatal error in PMPI_Waitany: Other MPI error, error stack:
PMPI_Waitany(277)..............: MPI_Waitany(count=15, req_array=0xc6cf90, index=0x7fff52f8a9cc, status=0x1) failed
PMPI_Waitany(245)..............: 
MPIR_Waitany_impl(97)..........: 
MPIDI_Progress_test(80)........: 
MPIDI_OFI_handle_cq_error(1059): OFI poll failed (ofi_events.c:1061:MPIDI_OFI_handle_cq_error:Input/output error - remote access error)

aborting job:
Fatal error in PMPI_Waitany: Other MPI error, error stack:
PMPI_Waitany(277)..............: MPI_Waitany(count=15, req_array=0xc6cf90, index=0x7fff52f8a9cc, status=0x1) failed
PMPI_Waitany(245)..............: 
MPIR_Waitany_impl(97)..........: 
MPIDI_Progress_test(80)........: 
MPIDI_OFI_handle_cq_error(1059): OFI poll failed (ofi_events.c:1061:MPIDI_OFI_handle_cq_error:Input/output error - remote access error)
MPICH ERROR [Rank 16] [job id 196c203c-67f2-47f7-af58-8f332267d3dc] [Thu Jun 29 02:51:02 2023] [x3111c0s19b0n0] - Abort(538587535) (rank 16 in comm 0): Fatal error in PMPI_Waitany: Other MPI error, error stack:
PMPI_Waitany(277)..............: MPI_Waitany(count=16, req_array=0x15c0d90, index=0x7ffe5c424d6c, status=0x1) failed
PMPI_Waitany(245)..............: 
MPIDI_Progress_test(80)........: 
MPIDI_OFI_handle_cq_error(1059): OFI poll failed (ofi_events.c:1061:MPIDI_OFI_handle_cq_error:Input/output error - remote access error)

aborting job:
Fatal error in PMPI_Waitany: Other MPI error, error stack:
PMPI_Waitany(277)..............: MPI_Waitany(count=16, req_array=0x15c0d90, index=0x7ffe5c424d6c, status=0x1) failed
PMPI_Waitany(245)..............: 
MPIDI_Progress_test(80)........: 
MPIDI_OFI_handle_cq_error(1059): OFI poll failed (ofi_events.c:1061:MPIDI_OFI_handle_cq_error:Input/output error - remote access error)
MPICH ERROR [Rank 17] [job id 196c203c-67f2-47f7-af58-8f332267d3dc] [Thu Jun 29 02:51:02 2023] [x3111c0s19b0n0] - Abort(203043215) (rank 17 in comm 0): Fatal error in PMPI_Waitany: Other MPI error, error stack:
PMPI_Waitany(277)..............: MPI_Waitany(count=16, req_array=0x131ef90, index=0x7ffc7370113c, status=0x1) failed
PMPI_Waitany(245)..............: 
MPIDI_Progress_test(80)........: 
MPIDI_OFI_handle_cq_error(1059): OFI poll failed (ofi_events.c:1061:MPIDI_OFI_handle_cq_error:Input/output error - remote access error)

aborting job:
Fatal error in PMPI_Waitany: Other MPI error, error stack:
PMPI_Waitany(277)..............: MPI_Waitany(count=16, req_array=0x131ef90, index=0x7ffc7370113c, status=0x1) failed
PMPI_Waitany(245)..............: 
MPIDI_Progress_test(80)........: 
MPIDI_OFI_handle_cq_error(1059): OFI poll failed (ofi_events.c:1061:MPIDI_OFI_handle_cq_error:Input/output error - remote access error)
MPICH ERROR [Rank 24] [job id 196c203c-67f2-47f7-af58-8f332267d3dc] [Thu Jun 29 02:51:02 2023] [x3111c0s1b0n0] - Abort(1716623) (rank 24 in comm 0): Fatal error in PMPI_Waitany: Other MPI error, error stack:
PMPI_Waitany(277)..............: MPI_Waitany(count=16, req_array=0x1ae2d20, index=0x7ffc6db726bc, status=0x1) failed
PMPI_Waitany(245)..............: 
MPIDI_Progress_test(80)........: 
MPIDI_OFI_handle_cq_error(1059): OFI poll failed (ofi_events.c:1061:MPIDI_OFI_handle_cq_error:Input/output error - remote access error)

aborting job:
Fatal error in PMPI_Waitany: Other MPI error, error stack:
PMPI_Waitany(277)..............: MPI_Waitany(count=16, req_array=0x1ae2d20, index=0x7ffc6db726bc, status=0x1) failed
PMPI_Waitany(245)..............: 
MPIDI_Progress_test(80)........: 
MPIDI_OFI_handle_cq_error(1059): OFI poll failed (ofi_events.c:1061:MPIDI_OFI_handle_cq_error:Input/output error - remote access error)
MPICH ERROR [Rank 27] [job id 196c203c-67f2-47f7-af58-8f332267d3dc] [Thu Jun 29 02:51:02 2023] [x3111c0s1b0n0] - Abort(807022991) (rank 27 in comm 0): Fatal error in PMPI_Waitany: Other MPI error, error stack:
PMPI_Waitany(277)..............: MPI_Waitany(count=16, req_array=0x1071f90, index=0x7ffca972c28c, status=0x1) failed
PMPI_Waitany(245)..............: 
MPIDI_Progress_test(80)........: 
MPIDI_OFI_handle_cq_error(1059): OFI poll failed (ofi_events.c:1061:MPIDI_OFI_handle_cq_error:Input/output error - remote access error)

aborting job:
Fatal error in PMPI_Waitany: Other MPI error, error stack:
PMPI_Waitany(277)..............: MPI_Waitany(count=16, req_array=0x1071f90, index=0x7ffca972c28c, status=0x1) failed
PMPI_Waitany(245)..............: 
MPIDI_Progress_test(80)........: 
MPIDI_OFI_handle_cq_error(1059): OFI poll failed (ofi_events.c:1061:MPIDI_OFI_handle_cq_error:Input/output error - remote access error)
MPICH ERROR [Rank 25] [job id 196c203c-67f2-47f7-af58-8f332267d3dc] [Thu Jun 29 02:51:02 2023] [x3111c0s1b0n0] - Abort(941240719) (rank 25 in comm 0): Fatal error in PMPI_Waitany: Other MPI error, error stack:
PMPI_Waitany(277)..............: MPI_Waitany(count=16, req_array=0x133af90, index=0x7ffe3bef971c, status=0x1) failed
PMPI_Waitany(245)..............: 
MPIDI_Progress_test(80)........: 
MPIDI_OFI_handle_cq_error(1059): OFI poll failed (ofi_events.c:1061:MPIDI_OFI_handle_cq_error:Input/output error - remote access error)

aborting job:
Fatal error in PMPI_Waitany: Other MPI error, error stack:
PMPI_Waitany(277)..............: MPI_Waitany(count=16, req_array=0x133af90, index=0x7ffe3bef971c, status=0x1) failed
PMPI_Waitany(245)..............: 
MPIDI_Progress_test(80)........: 
MPIDI_OFI_handle_cq_error(1059): OFI poll failed (ofi_events.c:1061:MPIDI_OFI_handle_cq_error:Input/output error - remote access error)
MPICH ERROR [Rank 26] [job id 196c203c-67f2-47f7-af58-8f332267d3dc] [Thu Jun 29 02:51:02 2023] [x3111c0s1b0n0] - Abort(874131855) (rank 26 in comm 0): Fatal error in PMPI_Waitany: Other MPI error, error stack:
PMPI_Waitany(277)..............: MPI_Waitany(count=16, req_array=0x1783f90, index=0x7ffe00f182dc, status=0x1) failed
PMPI_Waitany(245)..............: 
MPIDI_Progress_test(80)........: 
MPIDI_OFI_handle_cq_error(1059): OFI poll failed (ofi_events.c:1061:MPIDI_OFI_handle_cq_error:Input/output error - remote access error)

aborting job:
Fatal error in PMPI_Waitany: Other MPI error, error stack:
PMPI_Waitany(277)..............: MPI_Waitany(count=16, req_array=0x1783f90, index=0x7ffe00f182dc, status=0x1) failed
PMPI_Waitany(245)..............: 
MPIDI_Progress_test(80)........: 
MPIDI_OFI_handle_cq_error(1059): OFI poll failed (ofi_events.c:1061:MPIDI_OFI_handle_cq_error:Input/output error - remote access error)
MPICH ERROR [Rank 8] [job id 196c203c-67f2-47f7-af58-8f332267d3dc] [Thu Jun 29 02:51:02 2023] [x3111c0s13b0n0] - Abort(135934351) (rank 8 in comm 0): Fatal error in PMPI_Waitany: Other MPI error, error stack:
PMPI_Waitany(277)..............: MPI_Waitany(count=15, req_array=0x231adf0, index=0x7ffc108c96cc, status=0x1) failed
PMPI_Waitany(245)..............: 
MPIDI_Progress_test(80)........: 
MPIDI_OFI_handle_cq_error(1059): OFI poll failed (ofi_events.c:1061:MPIDI_OFI_handle_cq_error:Input/output error - remote access error)

aborting job:
Fatal error in PMPI_Waitany: Other MPI error, error stack:
PMPI_Waitany(277)..............: MPI_Waitany(count=15, req_array=0x231adf0, index=0x7ffc108c96cc, status=0x1) failed
PMPI_Waitany(245)..............: 
MPIDI_Progress_test(80)........: 
MPIDI_OFI_handle_cq_error(1059): OFI poll failed (ofi_events.c:1061:MPIDI_OFI_handle_cq_error:Input/output error - remote access error)
MPICH ERROR [Rank 18] [job id 196c203c-67f2-47f7-af58-8f332267d3dc] [Thu Jun 29 02:51:02 2023] [x3111c0s19b0n0] - Abort(941240719) (rank 18 in comm 0): Fatal error in PMPI_Waitany: Other MPI error, error stack:
PMPI_Waitany(277)..............: MPI_Waitany(count=16, req_array=0x1584f90, index=0x7fff39b279fc, status=0x1) failed
PMPI_Waitany(245)..............: 
MPIDI_Progress_test(80)........: 
MPIDI_OFI_handle_cq_error(1059): OFI poll failed (ofi_events.c:1061:MPIDI_OFI_handle_cq_error:Input/output error - remote access error)

aborting job:
Fatal error in PMPI_Waitany: Other MPI error, error stack:
PMPI_Waitany(277)..............: MPI_Waitany(count=16, req_array=0x1584f90, index=0x7fff39b279fc, status=0x1) failed
PMPI_Waitany(245)..............: 
MPIDI_Progress_test(80)........: 
MPIDI_OFI_handle_cq_error(1059): OFI poll failed (ofi_events.c:1061:MPIDI_OFI_handle_cq_error:Input/output error - remote access error)
MPICH ERROR [Rank 19] [job id 196c203c-67f2-47f7-af58-8f332267d3dc] [Thu Jun 29 02:51:02 2023] [x3111c0s19b0n0] - Abort(807022991) (rank 19 in comm 0): Fatal error in PMPI_Waitany: Other MPI error, error stack:
PMPI_Waitany(277)..............: MPI_Waitany(count=16, req_array=0x24f6f90, index=0x7ffe728ec66c, status=0x1) failed
PMPI_Waitany(245)..............: 
MPIDI_Progress_test(80)........: 
MPIDI_OFI_handle_cq_error(1059): OFI poll failed (ofi_events.c:1061:MPIDI_OFI_handle_cq_error:Input/output error - remote access error)

aborting job:
Fatal error in PMPI_Waitany: Other MPI error, error stack:
PMPI_Waitany(277)..............: MPI_Waitany(count=16, req_array=0x24f6f90, index=0x7ffe728ec66c, status=0x1) failed
PMPI_Waitany(245)..............: 
MPIDI_Progress_test(80)........: 
MPIDI_OFI_handle_cq_error(1059): OFI poll failed (ofi_events.c:1061:MPIDI_OFI_handle_cq_error:Input/output error - remote access error)
MPICH ERROR [Rank 12] [job id 196c203c-67f2-47f7-af58-8f332267d3dc] [Thu Jun 29 02:51:02 2023] [x3111c0s13b1n0] - Abort(1008349583) (rank 12 in comm 0): Fatal error in PMPI_Waitany: Other MPI error, error stack:
PMPI_Waitany(277)..............: MPI_Waitany(count=16, req_array=0x132dc60, index=0x7ffca602f6cc, status=0x1) failed
PMPI_Waitany(245)..............: 
MPIDI_Progress_test(80)........: 
MPIDI_OFI_handle_cq_error(1059): OFI poll failed (ofi_events.c:1061:MPIDI_OFI_handle_cq_error:Input/output error - remote invalid request error)

aborting job:
Fatal error in PMPI_Waitany: Other MPI error, error stack:
PMPI_Waitany(277)..............: MPI_Waitany(count=16, req_array=0x132dc60, index=0x7ffca602f6cc, status=0x1) failed
PMPI_Waitany(245)..............: 
MPIDI_Progress_test(80)........: 
MPIDI_OFI_handle_cq_error(1059): OFI poll failed (ofi_events.c:1061:MPIDI_OFI_handle_cq_error:Input/output error - remote invalid request error)
MPICH ERROR [Rank 15] [job id 196c203c-67f2-47f7-af58-8f332267d3dc] [Thu Jun 29 02:51:02 2023] [x3111c0s13b1n0] - Abort(471478671) (rank 15 in comm 0): Fatal error in PMPI_Waitany: Other MPI error, error stack:
PMPI_Waitany(277)..............: MPI_Waitany(count=16, req_array=0x84bf90, index=0x7ffca32a9aec, status=0x1) failed
PMPI_Waitany(245)..............: 
MPIDI_Progress_test(80)........: 
MPIDI_OFI_handle_cq_error(1059): OFI poll failed (ofi_events.c:1061:MPIDI_OFI_handle_cq_error:Input/output error - remote invalid request error)

aborting job:
Fatal error in PMPI_Waitany: Other MPI error, error stack:
PMPI_Waitany(277)..............: MPI_Waitany(count=16, req_array=0x84bf90, index=0x7ffca32a9aec, status=0x1) failed
PMPI_Waitany(245)..............: 
MPIDI_Progress_test(80)........: 
MPIDI_OFI_handle_cq_error(1059): OFI poll failed (ofi_events.c:1061:MPIDI_OFI_handle_cq_error:Input/output error - remote invalid request error)
MPICH ERROR [Rank 13] [job id 196c203c-67f2-47f7-af58-8f332267d3dc] [Thu Jun 29 02:51:02 2023] [x3111c0s13b1n0] - Abort(606220687) (rank 13 in comm 0): Fatal error in PMPI_Waitany: Other MPI error, error stack:
PMPI_Waitany(277)..............: MPI_Waitany(count=16, req_array=0x1173f90, index=0x7ffdca83989c, status=0x1) failed
PMPI_Waitany(245)..............: 
MPIR_Waitany_impl(97)..........: 
MPIDI_Progress_test(80)........: 
MPIDI_OFI_handle_cq_error(1059): OFI poll failed (ofi_events.c:1061:MPIDI_OFI_handle_cq_error:Input/output error - remote invalid request error)

aborting job:
Fatal error in PMPI_Waitany: Other MPI error, error stack:
PMPI_Waitany(277)..............: MPI_Waitany(count=16, req_array=0x1173f90, index=0x7ffdca83989c, status=0x1) failed
PMPI_Waitany(245)..............: 
MPIR_Waitany_impl(97)..........: 
MPIDI_Progress_test(80)........: 
MPIDI_OFI_handle_cq_error(1059): OFI poll failed (ofi_events.c:1061:MPIDI_OFI_handle_cq_error:Input/output error - remote invalid request error)
MPICH ERROR [Rank 14] [job id 196c203c-67f2-47f7-af58-8f332267d3dc] [Thu Jun 29 02:51:02 2023] [x3111c0s13b1n0] - Abort(941765007) (rank 14 in comm 0): Fatal error in PMPI_Waitany: Other MPI error, error stack:
PMPI_Waitany(277)..............: MPI_Waitany(count=16, req_array=0x1957f90, index=0x7ffec50f203c, status=0x1) failed
PMPI_Waitany(245)..............: 
MPIR_Waitany_impl(97)..........: 
MPIDI_Progress_test(80)........: 
MPIDI_OFI_handle_cq_error(1059): OFI poll failed (ofi_events.c:1061:MPIDI_OFI_handle_cq_error:Input/output error - remote invalid request error)

aborting job:
Fatal error in PMPI_Waitany: Other MPI error, error stack:
PMPI_Waitany(277)..............: MPI_Waitany(count=16, req_array=0x1957f90, index=0x7ffec50f203c, status=0x1) failed
PMPI_Waitany(245)..............: 
MPIR_Waitany_impl(97)..........: 
MPIDI_Progress_test(80)........: 
MPIDI_OFI_handle_cq_error(1059): OFI poll failed (ofi_events.c:1061:MPIDI_OFI_handle_cq_error:Input/output error - remote invalid request error)
MPICH ERROR [Rank 10] [job id 196c203c-67f2-47f7-af58-8f332267d3dc] [Thu Jun 29 02:51:03 2023] [x3111c0s13b0n0] - Abort(807022991) (rank 10 in comm 0): Fatal error in PMPI_Waitany: Other MPI error, error stack:
PMPI_Waitany(277)..............: MPI_Waitany(count=15, req_array=0x23b9f90, index=0x7ffcb0e37f3c, status=0x1) failed
PMPI_Waitany(245)..............: 
MPIDI_Progress_test(80)........: 
MPIDI_OFI_handle_cq_error(1059): OFI poll failed (ofi_events.c:1061:MPIDI_OFI_handle_cq_error:Input/output error - local protection error)

aborting job:
Fatal error in PMPI_Waitany: Other MPI error, error stack:
PMPI_Waitany(277)..............: MPI_Waitany(count=15, req_array=0x23b9f90, index=0x7ffcb0e37f3c, status=0x1) failed
PMPI_Waitany(245)..............: 
MPIDI_Progress_test(80)........: 
MPIDI_OFI_handle_cq_error(1059): OFI poll failed (ofi_events.c:1061:MPIDI_OFI_handle_cq_error:Input/output error - local protection error)
MPICH ERROR [Rank 11] [job id 196c203c-67f2-47f7-af58-8f332267d3dc] [Thu Jun 29 02:51:03 2023] [x3111c0s13b0n0] - Abort(874131855) (rank 11 in comm 0): Fatal error in PMPI_Waitany: Other MPI error, error stack:
PMPI_Waitany(277)..............: MPI_Waitany(count=15, req_array=0x261af90, index=0x7ffd1459850c, status=0x1) failed
PMPI_Waitany(245)..............: 
MPIDI_Progress_test(80)........: 
MPIDI_OFI_handle_cq_error(1059): OFI poll failed (ofi_events.c:1061:MPIDI_OFI_handle_cq_error:Input/output error - local protection error)

aborting job:
Fatal error in PMPI_Waitany: Other MPI error, error stack:
PMPI_Waitany(277)..............: MPI_Waitany(count=15, req_array=0x261af90, index=0x7ffd1459850c, status=0x1) failed
PMPI_Waitany(245)..............: 
MPIDI_Progress_test(80)........: 
MPIDI_OFI_handle_cq_error(1059): OFI poll failed (ofi_events.c:1061:MPIDI_OFI_handle_cq_error:Input/output error - local protection error)
MPICH ERROR [Rank 0] [job id 196c203c-67f2-47f7-af58-8f332267d3dc] [Thu Jun 29 02:51:03 2023] [x3110c0s7b0n0] - Abort(203009935) (rank 0 in comm 0): Fatal error in PMPI_Isend: Other MPI error, error stack:
PMPI_Isend(161)................: MPI_Isend(buf=0x14a8b3615800, count=1024, dtype=0x4c001041, dest=10, tag=0, MPI_COMM_WORLD, request=0x2800d04) failed
MPID_Isend(578)................: 
MPIDI_Progress_test(80)........: 
MPIDI_OFI_handle_cq_error(1059): OFI poll failed (ofi_events.c:1061:MPIDI_OFI_handle_cq_error:Input/output error - remote access error)

aborting job:
Fatal error in PMPI_Isend: Other MPI error, error stack:
PMPI_Isend(161)................: MPI_Isend(buf=0x14a8b3615800, count=1024, dtype=0x4c001041, dest=10, tag=0, MPI_COMM_WORLD, request=0x2800d04) failed
MPID_Isend(578)................: 
MPIDI_Progress_test(80)........: 
MPIDI_OFI_handle_cq_error(1059): OFI poll failed (ofi_events.c:1061:MPIDI_OFI_handle_cq_error:Input/output error - remote access error)
MPICH ERROR [Rank 1] [job id 196c203c-67f2-47f7-af58-8f332267d3dc] [Thu Jun 29 02:51:03 2023] [x3110c0s7b0n0] - Abort(68792207) (rank 1 in comm 0): Fatal error in PMPI_Isend: Other MPI error, error stack:
PMPI_Isend(161)................: MPI_Isend(buf=0x14a383615000, count=1024, dtype=0x4c001041, dest=11, tag=0, MPI_COMM_WORLD, request=0x234a714) failed
MPID_Isend(578)................: 
MPIDI_Progress_test(80)........: 
MPIDI_OFI_handle_cq_error(1059): OFI poll failed (ofi_events.c:1061:MPIDI_OFI_handle_cq_error:Input/output error - remote invalid request error)

aborting job:
Fatal error in PMPI_Isend: Other MPI error, error stack:
PMPI_Isend(161)................: MPI_Isend(buf=0x14a383615000, count=1024, dtype=0x4c001041, dest=11, tag=0, MPI_COMM_WORLD, request=0x234a714) failed
MPID_Isend(578)................: 
MPIDI_Progress_test(80)........: 
MPIDI_OFI_handle_cq_error(1059): OFI poll failed (ofi_events.c:1061:MPIDI_OFI_handle_cq_error:Input/output error - remote invalid request error)
MPICH ERROR [Rank 5] [job id 196c203c-67f2-47f7-af58-8f332267d3dc] [Thu Jun 29 02:51:03 2023] [x3110c0s7b1n0] - Abort(941240719) (rank 5 in comm 0): Fatal error in PMPI_Waitany: Other MPI error, error stack:
PMPI_Waitany(277)..............: MPI_Waitany(count=16, req_array=0xa56f90, index=0x7ffd9ee221fc, status=0x1) failed
PMPI_Waitany(245)..............: 
MPIDI_Progress_test(80)........: 
MPIDI_OFI_handle_cq_error(1059): OFI poll failed (ofi_events.c:1061:MPIDI_OFI_handle_cq_error:Input/output error - remote invalid request error)

aborting job:
Fatal error in PMPI_Waitany: Other MPI error, error stack:
PMPI_Waitany(277)..............: MPI_Waitany(count=16, req_array=0xa56f90, index=0x7ffd9ee221fc, status=0x1) failed
PMPI_Waitany(245)..............: 
MPIDI_Progress_test(80)........: 
MPIDI_OFI_handle_cq_error(1059): OFI poll failed (ofi_events.c:1061:MPIDI_OFI_handle_cq_error:Input/output error - remote invalid request error)
MPICH ERROR [Rank 3] [job id 196c203c-67f2-47f7-af58-8f332267d3dc] [Thu Jun 29 02:51:03 2023] [x3110c0s7b0n0] - Abort(1716623) (rank 3 in comm 0): Fatal error in PMPI_Waitany: Other MPI error, error stack:
PMPI_Waitany(277)..............: MPI_Waitany(count=15, req_array=0x2173fc0, index=0x7ffcaf155cbc, status=0x1) failed
PMPI_Waitany(245)..............: 
MPIDI_Progress_test(80)........: 
MPIDI_OFI_handle_cq_error(1059): OFI poll failed (ofi_events.c:1061:MPIDI_OFI_handle_cq_error:Input/output error - remote invalid request error)

aborting job:
Fatal error in PMPI_Waitany: Other MPI error, error stack:
PMPI_Waitany(277)..............: MPI_Waitany(count=15, req_array=0x2173fc0, index=0x7ffcaf155cbc, status=0x1) failed
PMPI_Waitany(245)..............: 
MPIDI_Progress_test(80)........: 
MPIDI_OFI_handle_cq_error(1059): OFI poll failed (ofi_events.c:1061:MPIDI_OFI_handle_cq_error:Input/output error - remote invalid request error)
MPICH ERROR [Rank 2] [job id 196c203c-67f2-47f7-af58-8f332267d3dc] [Thu Jun 29 02:51:03 2023] [x3110c0s7b0n0] - Abort(471478671) (rank 2 in comm 0): Fatal error in PMPI_Waitany: Other MPI error, error stack:
PMPI_Waitany(277)..............: MPI_Waitany(count=15, req_array=0xafbfc0, index=0x7ffd4430976c, status=0x1) failed
PMPI_Waitany(245)..............: 
MPIDI_Progress_test(80)........: 
MPIDI_OFI_handle_cq_error(1059): OFI poll failed (ofi_events.c:1061:MPIDI_OFI_handle_cq_error:Input/output error - remote invalid request error)

aborting job:
Fatal error in PMPI_Waitany: Other MPI error, error stack:
PMPI_Waitany(277)..............: MPI_Waitany(count=15, req_array=0xafbfc0, index=0x7ffd4430976c, status=0x1) failed
PMPI_Waitany(245)..............: 
MPIDI_Progress_test(80)........: 
MPIDI_OFI_handle_cq_error(1059): OFI poll failed (ofi_events.c:1061:MPIDI_OFI_handle_cq_error:Input/output error - remote invalid request error)
Signal forwarding failed: Application 196c203c-67f2-47f7-af58-8f332267d3dc not found
