time=1.06414 0/4 /pressio/roibin/background/pressio/noop:metrics:copy_compressor_results <int32> = 1
/pressio/roibin/background/pressio/noop:metrics:errors_fatal <int32> = 1
/pressio/roibin/background/pressio/noop:noop:metric <char*> = "noop"
/pressio/roibin/background/pressio/noop:pressio:metric <char*> = "noop"
/pressio/roibin/background/pressio:metrics:copy_compressor_results <int32> = 1
/pressio/roibin/background/pressio:metrics:errors_fatal <int32> = 1
/pressio/roibin/background/pressio:pressio:bound_name <char*> = <empty>
/pressio/roibin/background/pressio:pressio:compressor <char*> = "noop"
/pressio/roibin/background/pressio:pressio:metric <char*> = "noop"
/pressio/roibin/background/pressio:pressio:reset_mode <bool> = <empty>
/pressio/roibin/background:binning:compressor <char*> = "pressio"
/pressio/roibin/background:binning:metric <char*> = "noop"
/pressio/roibin/background:binning:nthreads <uint32> = 3
/pressio/roibin/background:binning:shape <data> = data{ type=double dims={3, } has_data=[2, 2, 1, ]}
/pressio/roibin/background:metrics:copy_compressor_results <int32> = 1
/pressio/roibin/background:metrics:errors_fatal <int32> = 1
/pressio/roibin/background:pressio:metric <char*> = "noop"
/pressio/roibin/background:pressio:nthreads <uint32> = 3
/pressio/roibin/roi:fpzip:has_header <int32> = 0
/pressio/roibin/roi:fpzip:metric <char*> = "noop"
/pressio/roibin/roi:fpzip:prec <int32> = 0
/pressio/roibin/roi:metrics:copy_compressor_results <int32> = 1
/pressio/roibin/roi:metrics:errors_fatal <int32> = 1
/pressio/roibin/roi:pressio:metric <char*> = "noop"
/pressio/roibin:metrics:copy_compressor_results <int32> = 1
/pressio/roibin:metrics:errors_fatal <int32> = 1
/pressio/roibin:pressio:metric <char*> = "noop"
/pressio/roibin:pressio:nthreads <uint32> = 2
/pressio/roibin:roibin:background <char*> = "binning"
/pressio/roibin:roibin:centers <data> = data{ type=uint64_t dims={} has_data=false}
/pressio/roibin:roibin:metric <char*> = "noop"
/pressio/roibin:roibin:nthreads <uint32> = 2
/pressio/roibin:roibin:roi <char*> = "fpzip"
/pressio/roibin:roibin:roi_size <data> = data{ type=double dims={3, } has_data=[8, 8, 0, ]}
/pressio/roibin:roibin:roi_strategy <char*> = "coordinates"
/pressio:metrics:copy_compressor_results <int32> = 1
/pressio:metrics:errors_fatal <int32> = 1
/pressio:pressio:bound_name <char*> = <empty>
/pressio:pressio:compressor <char*> = "roibin"
/pressio:pressio:metric <char*> = "noop"
/pressio:pressio:reset_mode <bool> = <empty>

time=1.06421 0/4 global data_dims{130, 1480, 1552}
time=1.06421 0/4 global peakx_dims{130, 2048}
time=1.06422 0/4 global peaky_dims{130, 2048}
time=1.06422 0/4 global npeaks{130}
time=1.06423 0/4 processing 0 4
time=2.81655 0/4 processing 4 8
time=5.59976 0/4 processing 8 12
time=7.89175 0/4 processing 12 16
time=9.98169 0/4 processing 16 20
time=11.8478 0/4 processing 20 24
time=14.7678 0/4 processing 24 28
time=17.4961 0/4 processing 28 32
time=20.0961 0/4 processing 32 36
time=21.6398 0/4 processing 36 40
time=23.2958 0/4 processing 40 44
time=25.4318 0/4 processing 44 48
time=27.1358 0/4 processing 48 52
time=29.4678 0/4 processing 52 56
time=32.3638 0/4 processing 56 60
time=33.534 0/4 processing 60 64
time=34.5801 0/4 processing 64 68
time=35.9598 0/4 processing 68 72
time=37.5838 0/4 processing 72 76
time=39.9802 0/4 processing 76 80
time=42.2958 0/4 processing 80 84
time=44.3733 0/4 processing 84 88
time=47.1082 0/4 processing 88 92
time=48.0537 0/4 processing 92 96
time=48.6839 0/4 processing 96 100
time=49.9798 0/4 processing 100 104
time=50.9918 0/4 processing 104 108
time=52.2616 0/4 processing 108 112
time=53.3857 0/4 processing 112 116
time=54.4417 0/4 processing 116 120
time=56.5458 0/4 processing 120 124
time=57.7234 0/4 processing 124 128
time=60.1838 0/4 processing 128 132
global_cr=3.88512
wallclock_ms=60445
compress_ms=1490
compress_bandwidth_GBps=0.813956
wallclock_bandwidth_GBps=0.0200644
