time=1.98003 0/4 /pressio/roibin/background/pressio/noop:metrics:copy_compressor_results <int32> = 1
/pressio/roibin/background/pressio/noop:metrics:errors_fatal <int32> = 1
/pressio/roibin/background/pressio/noop:noop:metric <char*> = "noop"
/pressio/roibin/background/pressio/noop:pressio:metric <char*> = "noop"
/pressio/roibin/background/pressio:metrics:copy_compressor_results <int32> = 1
/pressio/roibin/background/pressio:metrics:errors_fatal <int32> = 1
/pressio/roibin/background/pressio:pressio:bound_name <char*> = <empty>
/pressio/roibin/background/pressio:pressio:compressor <char*> = "noop"
/pressio/roibin/background/pressio:pressio:metric <char*> = "noop"
/pressio/roibin/background/pressio:pressio:reset_mode <bool> = <empty>
/pressio/roibin/background:binning:compressor <char*> = "pressio"
/pressio/roibin/background:binning:metric <char*> = "noop"
/pressio/roibin/background:binning:nthreads <uint32> = 3
/pressio/roibin/background:binning:shape <data> = data{ type=double dims={3, } has_data=[2, 2, 1, ]}
/pressio/roibin/background:metrics:copy_compressor_results <int32> = 1
/pressio/roibin/background:metrics:errors_fatal <int32> = 1
/pressio/roibin/background:pressio:metric <char*> = "noop"
/pressio/roibin/background:pressio:nthreads <uint32> = 3
/pressio/roibin/roi:fpzip:has_header <int32> = 0
/pressio/roibin/roi:fpzip:metric <char*> = "noop"
/pressio/roibin/roi:fpzip:prec <int32> = 0
/pressio/roibin/roi:metrics:copy_compressor_results <int32> = 1
/pressio/roibin/roi:metrics:errors_fatal <int32> = 1
/pressio/roibin/roi:pressio:metric <char*> = "noop"
/pressio/roibin:metrics:copy_compressor_results <int32> = 1
/pressio/roibin:metrics:errors_fatal <int32> = 1
/pressio/roibin:pressio:metric <char*> = "noop"
/pressio/roibin:pressio:nthreads <uint32> = 1
/pressio/roibin:roibin:background <char*> = "binning"
/pressio/roibin:roibin:centers <data> = data{ type=uint64_t dims={} has_data=false}
/pressio/roibin:roibin:metric <char*> = "noop"
/pressio/roibin:roibin:nthreads <uint32> = 1
/pressio/roibin:roibin:roi <char*> = "fpzip"
/pressio/roibin:roibin:roi_size <data> = data{ type=double dims={3, } has_data=[8, 8, 0, ]}
/pressio/roibin:roibin:roi_strategy <char*> = "coordinates"
/pressio:metrics:copy_compressor_results <int32> = 1
/pressio:metrics:errors_fatal <int32> = 1
/pressio:pressio:bound_name <char*> = <empty>
/pressio:pressio:compressor <char*> = "roibin"
/pressio:pressio:metric <char*> = "noop"
/pressio:pressio:reset_mode <bool> = <empty>

time=1.98009 0/4 global data_dims{130, 1480, 1552}
time=1.9801 0/4 global peakx_dims{130, 2048}
time=1.9801 0/4 global peaky_dims{130, 2048}
time=1.98011 0/4 global npeaks{130}
time=1.98011 0/4 processing 0 4
time=4.04362 0/4 processing 4 8
time=6.68904 0/4 processing 8 12
time=11.3116 0/4 processing 12 16
time=15.8743 0/4 processing 16 20
time=18.4636 0/4 processing 20 24
time=23.6676 0/4 processing 24 28
time=27.8116 0/4 processing 28 32
time=32.3876 0/4 processing 32 36
time=36.6841 0/4 processing 36 40
time=40.2156 0/4 processing 40 44
time=43.7356 0/4 processing 44 48
time=46.0916 0/4 processing 48 52
time=50.5262 0/4 processing 52 56
time=54.6116 0/4 processing 56 60
time=59.8054 0/4 processing 60 64
time=64.4556 0/4 processing 64 68
time=69.4396 0/4 processing 68 72
time=73.8436 0/4 processing 72 76
time=78.6956 0/4 processing 76 80
time=83.448 0/4 processing 80 84
time=87.8956 0/4 processing 84 88
time=92.9876 0/4 processing 88 92
time=97.1756 0/4 processing 92 96
time=99.7607 0/4 processing 96 100
time=102.848 0/4 processing 100 104
time=107.406 0/4 processing 104 108
time=111.824 0/4 processing 108 112
time=116.46 0/4 processing 112 116
time=121.596 0/4 processing 116 120
time=124.344 0/4 processing 120 124
time=129.319 0/4 processing 124 128
time=134.184 0/4 processing 128 132
global_cr=3.88512
wallclock_ms=135452
compress_ms=469
compress_bandwidth_GBps=2.58592
wallclock_bandwidth_GBps=0.00895369
