time=1.32433 0/4 /pressio/roibin/background/pressio/noop:metrics:copy_compressor_results <int32> = 1
/pressio/roibin/background/pressio/noop:metrics:errors_fatal <int32> = 1
/pressio/roibin/background/pressio/noop:noop:metric <char*> = "noop"
/pressio/roibin/background/pressio/noop:pressio:metric <char*> = "noop"
/pressio/roibin/background/pressio:metrics:copy_compressor_results <int32> = 1
/pressio/roibin/background/pressio:metrics:errors_fatal <int32> = 1
/pressio/roibin/background/pressio:pressio:bound_name <char*> = <empty>
/pressio/roibin/background/pressio:pressio:compressor <char*> = "noop"
/pressio/roibin/background/pressio:pressio:metric <char*> = "noop"
/pressio/roibin/background/pressio:pressio:reset_mode <bool> = <empty>
/pressio/roibin/background:binning:compressor <char*> = "pressio"
/pressio/roibin/background:binning:metric <char*> = "noop"
/pressio/roibin/background:binning:nthreads <uint32> = 2
/pressio/roibin/background:binning:shape <data> = data{ type=double dims={3, } has_data=[2, 2, 1, ]}
/pressio/roibin/background:metrics:copy_compressor_results <int32> = 1
/pressio/roibin/background:metrics:errors_fatal <int32> = 1
/pressio/roibin/background:pressio:metric <char*> = "noop"
/pressio/roibin/background:pressio:nthreads <uint32> = 2
/pressio/roibin/roi:fpzip:has_header <int32> = 0
/pressio/roibin/roi:fpzip:metric <char*> = "noop"
/pressio/roibin/roi:fpzip:prec <int32> = 0
/pressio/roibin/roi:metrics:copy_compressor_results <int32> = 1
/pressio/roibin/roi:metrics:errors_fatal <int32> = 1
/pressio/roibin/roi:pressio:metric <char*> = "noop"
/pressio/roibin:metrics:copy_compressor_results <int32> = 1
/pressio/roibin:metrics:errors_fatal <int32> = 1
/pressio/roibin:pressio:metric <char*> = "noop"
/pressio/roibin:pressio:nthreads <uint32> = 1
/pressio/roibin:roibin:background <char*> = "binning"
/pressio/roibin:roibin:centers <data> = data{ type=uint64_t dims={} has_data=false}
/pressio/roibin:roibin:metric <char*> = "noop"
/pressio/roibin:roibin:nthreads <uint32> = 1
/pressio/roibin:roibin:roi <char*> = "fpzip"
/pressio/roibin:roibin:roi_size <data> = data{ type=double dims={3, } has_data=[8, 8, 0, ]}
/pressio/roibin:roibin:roi_strategy <char*> = "coordinates"
/pressio:metrics:copy_compressor_results <int32> = 1
/pressio:metrics:errors_fatal <int32> = 1
/pressio:pressio:bound_name <char*> = <empty>
/pressio:pressio:compressor <char*> = "roibin"
/pressio:pressio:metric <char*> = "noop"
/pressio:pressio:reset_mode <bool> = <empty>

time=1.32439 0/4 global data_dims{130, 1480, 1552}
time=1.3244 0/4 global peakx_dims{130, 2048}
time=1.3244 0/4 global peaky_dims{130, 2048}
time=1.3244 0/4 global npeaks{130}
time=1.32441 0/4 processing 0 4
time=3.90762 0/4 processing 4 8
time=7.05826 0/4 processing 8 12
time=10.3996 0/4 processing 12 16
time=11.7236 0/4 processing 16 20
time=14.4991 0/4 processing 20 24
time=15.7916 0/4 processing 24 28
time=18.5916 0/4 processing 28 32
time=20.0756 0/4 processing 32 36
time=23.3116 0/4 processing 36 40
time=24.7542 0/4 processing 40 44
time=26.3156 0/4 processing 44 48
time=27.9447 0/4 processing 48 52
time=30.9156 0/4 processing 52 56
time=34.4214 0/4 processing 56 60
time=35.3396 0/4 processing 60 64
time=36.8583 0/4 processing 64 68
time=40.0796 0/4 processing 68 72
time=41.5396 0/4 processing 72 76
time=43.4916 0/4 processing 76 80
time=46.8356 0/4 processing 80 84
time=48.5516 0/4 processing 84 88
time=51.7276 0/4 processing 88 92
time=52.9877 0/4 processing 92 96
time=55.2222 0/4 processing 96 100
time=58.0196 0/4 processing 100 104
time=60.7676 0/4 processing 104 108
time=63.8757 0/4 processing 108 112
time=66.0782 0/4 processing 112 116
time=67.8436 0/4 processing 116 120
time=71.0276 0/4 processing 120 124
time=74.2419 0/4 processing 124 128
time=75.9102 0/4 processing 128 132
global_cr=3.88512
wallclock_ms=77103
compress_ms=368
compress_bandwidth_GBps=3.29564
wallclock_bandwidth_GBps=0.0157295
