time=1.71936 0/4 /pressio/roibin/background/pressio/noop:metrics:copy_compressor_results <int32> = 1
/pressio/roibin/background/pressio/noop:metrics:errors_fatal <int32> = 1
/pressio/roibin/background/pressio/noop:noop:metric <char*> = "noop"
/pressio/roibin/background/pressio/noop:pressio:metric <char*> = "noop"
/pressio/roibin/background/pressio:metrics:copy_compressor_results <int32> = 1
/pressio/roibin/background/pressio:metrics:errors_fatal <int32> = 1
/pressio/roibin/background/pressio:pressio:bound_name <char*> = <empty>
/pressio/roibin/background/pressio:pressio:compressor <char*> = "noop"
/pressio/roibin/background/pressio:pressio:metric <char*> = "noop"
/pressio/roibin/background/pressio:pressio:reset_mode <bool> = <empty>
/pressio/roibin/background:binning:compressor <char*> = "pressio"
/pressio/roibin/background:binning:metric <char*> = "noop"
/pressio/roibin/background:binning:nthreads <uint32> = 2
/pressio/roibin/background:binning:shape <data> = data{ type=double dims={3, } has_data=[2, 2, 1, ]}
/pressio/roibin/background:metrics:copy_compressor_results <int32> = 1
/pressio/roibin/background:metrics:errors_fatal <int32> = 1
/pressio/roibin/background:pressio:metric <char*> = "noop"
/pressio/roibin/background:pressio:nthreads <uint32> = 2
/pressio/roibin/roi:fpzip:has_header <int32> = 0
/pressio/roibin/roi:fpzip:metric <char*> = "noop"
/pressio/roibin/roi:fpzip:prec <int32> = 0
/pressio/roibin/roi:metrics:copy_compressor_results <int32> = 1
/pressio/roibin/roi:metrics:errors_fatal <int32> = 1
/pressio/roibin/roi:pressio:metric <char*> = "noop"
/pressio/roibin:metrics:copy_compressor_results <int32> = 1
/pressio/roibin:metrics:errors_fatal <int32> = 1
/pressio/roibin:pressio:metric <char*> = "noop"
/pressio/roibin:pressio:nthreads <uint32> = 2
/pressio/roibin:roibin:background <char*> = "binning"
/pressio/roibin:roibin:centers <data> = data{ type=uint64_t dims={} has_data=false}
/pressio/roibin:roibin:metric <char*> = "noop"
/pressio/roibin:roibin:nthreads <uint32> = 2
/pressio/roibin:roibin:roi <char*> = "fpzip"
/pressio/roibin:roibin:roi_size <data> = data{ type=double dims={3, } has_data=[8, 8, 0, ]}
/pressio/roibin:roibin:roi_strategy <char*> = "coordinates"
/pressio:metrics:copy_compressor_results <int32> = 1
/pressio:metrics:errors_fatal <int32> = 1
/pressio:pressio:bound_name <char*> = <empty>
/pressio:pressio:compressor <char*> = "roibin"
/pressio:pressio:metric <char*> = "noop"
/pressio:pressio:reset_mode <bool> = <empty>

time=1.71943 0/4 global data_dims{130, 1480, 1552}
time=1.71943 0/4 global peakx_dims{130, 2048}
time=1.71943 0/4 global peaky_dims{130, 2048}
time=1.71944 0/4 global npeaks{130}
time=1.71944 0/4 processing 0 4
time=6.76976 0/4 processing 4 8
time=11.467 0/4 processing 8 12
time=15.0644 0/4 processing 12 16
time=19.6166 0/4 processing 16 20
time=24.4404 0/4 processing 20 24
time=29.0926 0/4 processing 24 28
time=31.8542 0/4 processing 28 32
time=35.767 0/4 processing 32 36
time=40.3486 0/4 processing 36 40
time=42.9652 0/4 processing 40 44
time=47.207 0/4 processing 44 48
time=50.9452 0/4 processing 48 52
time=54.535 0/4 processing 52 56
time=58.7805 0/4 processing 56 60
time=61.6919 0/4 processing 60 64
time=65.9945 0/4 processing 64 68
time=69.4123 0/4 processing 68 72
time=71.6894 0/4 processing 72 76
time=76.3525 0/4 processing 76 80
time=78.6007 0/4 processing 80 84
time=81.1882 0/4 processing 84 88
time=84.3047 0/4 processing 88 92
time=86.4539 0/4 processing 92 96
time=89.743 0/4 processing 96 100
time=92.4816 0/4 processing 100 104
time=94.7713 0/4 processing 104 108
time=97.5416 0/4 processing 108 112
time=99.861 0/4 processing 112 116
time=102.533 0/4 processing 116 120
time=104.045 0/4 processing 120 124
time=106.865 0/4 processing 124 128
time=109.516 0/4 processing 128 132
global_cr=3.88512
wallclock_ms=109583
compress_ms=378
compress_bandwidth_GBps=3.20845
wallclock_bandwidth_GBps=0.0110674
