“RANK= 1 LOCAL_RANK= 1 gpu= 2”
“RANK= 0 LOCAL_RANK= 0 gpu= 3”
“RANK= 3 LOCAL_RANK= 3 gpu= 0”
“RANK= 2 LOCAL_RANK= 2 gpu= 1”
“RANK= 4 LOCAL_RANK= 0 gpu= 3”
“RANK= 5 LOCAL_RANK= 1 gpu= 2”
“RANK= 6 LOCAL_RANK= 2 gpu= 1”
“RANK= 7 LOCAL_RANK= 3 gpu= 0”
+ '[' -z '' ']'
+ case "$-" in
Shell debugging temporarily silenced: export LMOD_SH_DBG_ON=1 for this output (/usr/share/lmod/lmod/init/bash)
+ __lmod_vx=x
+ '[' -n x ']'
+ set +x
Shell debugging restarted
+ unset __lmod_vx
+ '[' -z '' ']'
+ case "$-" in
+ __lmod_vx=x
+ '[' -n x ']'
Shell debugging temporarily silenced: export LMOD_SH_DBG_ON=1 for this output (/usr/share/lmod/lmod/init/bash)
+ set +x
+ '[' -z '' ']'
+ case "$-" in
+ __lmod_vx=x
+ '[' -n x ']'
+ set +x
+ '[' -z '' ']'
+ case "$-" in
+ __lmod_vx=x
+ '[' -n x ']'
+ set +x
Shell debugging restarted
+ unset __lmod_vx
Shell debugging temporarily silenced: export LMOD_SH_DBG_ON=1 for this output (/usr/share/lmod/lmod/init/bash)
+ speed3d_r2c cufft double-long 1400 1400 1400 -reorder -a2a -p2p_pl -outgrid 8 1 1 -no-gpu-aware -n5
Shell debugging temporarily silenced: export LMOD_SH_DBG_ON=1 for this output (/usr/share/lmod/lmod/init/bash)
+ speed3d_r2c cufft double-long 1400 1400 1400 -reorder -a2a -p2p_pl -outgrid 8 1 1 -no-gpu-aware -n5
Shell debugging restarted
+ unset __lmod_vx
+ speed3d_r2c cufft double-long 1400 1400 1400 -reorder -a2a -p2p_pl -outgrid 8 1 1 -no-gpu-aware -n5
Shell debugging restarted
+ unset __lmod_vx
+ speed3d_r2c cufft double-long 1400 1400 1400 -reorder -a2a -p2p_pl -outgrid 8 1 1 -no-gpu-aware -n5
+ '[' -z '' ']'
+ case "$-" in
Shell debugging temporarily silenced: export LMOD_SH_DBG_ON=1 for this output (/usr/share/lmod/lmod/init/bash)
+ __lmod_vx=x
+ '[' -n x ']'
+ set +x
+ '[' -z '' ']'
+ case "$-" in
+ __lmod_vx=x
+ '[' -n x ']'
+ set +x
+ '[' -z '' ']'
+ case "$-" in
+ __lmod_vx=x
+ '[' -n x ']'
+ set +x
+ '[' -z '' ']'
+ case "$-" in
+ __lmod_vx=x
+ '[' -n x ']'
+ set +x
Shell debugging temporarily silenced: export LMOD_SH_DBG_ON=1 for this output (/usr/share/lmod/lmod/init/bash)
Shell debugging temporarily silenced: export LMOD_SH_DBG_ON=1 for this output (/usr/share/lmod/lmod/init/bash)
Shell debugging temporarily silenced: export LMOD_SH_DBG_ON=1 for this output (/usr/share/lmod/lmod/init/bash)
Shell debugging restarted
+ unset __lmod_vx
Shell debugging restarted
+ unset __lmod_vx
Shell debugging restarted
+ unset __lmod_vx
Shell debugging restarted
+ unset __lmod_vx
+ speed3d_r2c cufft double-long 1400 1400 1400 -reorder -a2a -p2p_pl -outgrid 8 1 1 -no-gpu-aware -n5
+ speed3d_r2c cufft double-long 1400 1400 1400 -reorder -a2a -p2p_pl -outgrid 8 1 1 -no-gpu-aware -n5
+ speed3d_r2c cufft double-long 1400 1400 1400 -reorder -a2a -p2p_pl -outgrid 8 1 1 -no-gpu-aware -n5
+ speed3d_r2c cufft double-long 1400 1400 1400 -reorder -a2a -p2p_pl -outgrid 8 1 1 -no-gpu-aware -n5
terminate called after throwing an instance of 'std::runtime_error'
  what():  plan_cufft_r2c::cufftMakePlanMany() (forward) failed with error code: 5
terminate called after throwing an instance of 'std::runtime_error'
  what():  plan_cufft_r2c::cufftMakePlanMany() (forward) failed with error code: 5
terminate called after throwing an instance of 'std::runtime_error'
  what():  plan_cufft_r2c::cufftMakePlanMany() (forward) failed with error code: 5
terminate called after throwing an instance of 'std::runtime_error'
  what():  plan_cufft_r2c::cufftMakePlanMany() (forward) failed with error code: 5
terminate called after throwing an instance of 'std::runtime_error'
  what():  plan_cufft_r2c::cufftMakePlanMany() (forward) failed with error code: 5
terminate called after throwing an instance of 'std::runtime_error'
  what():  plan_cufft_r2c::cufftMakePlanMany() (forward) failed with error code: 5
terminate called after throwing an instance of 'std::runtime_error'
  what():  plan_cufft_r2c::cufftMakePlanMany() (forward) failed with error code: 5
terminate called after throwing an instance of 'std::runtime_error'
  what():  plan_cufft_r2c::cufftMakePlanMany() (forward) failed with error code: 5
/home/trandall/ytune_23/tlranda-ytopt-libensemble/ytopt-libe-heffte/polaris/combine/ensemble__7762e34f/worker2//tmp_files/7418.sh: line 3: 32686 Aborted                 (core dumped) speed3d_r2c cufft double-long 1400 1400 1400 -reorder -a2a -p2p_pl -outgrid 8 1 1 -no-gpu-aware -n5
x3104c0s25b0n0.hsn.cm.polaris.alcf.anl.gov: rank 5 exited with code 134
