“RANK= 0 LOCAL_RANK= 0 gpu= 3”
“RANK= 1 LOCAL_RANK= 1 gpu= 2”
“RANK= 2 LOCAL_RANK= 2 gpu= 1”
“RANK= 3 LOCAL_RANK= 3 gpu= 0”
+ '[' -z '' ']'
+ case "$-" in
Shell debugging temporarily silenced: export LMOD_SH_DBG_ON=1 for this output (/usr/share/lmod/lmod/init/bash)
+ __lmod_vx=x
+ '[' -n x ']'
+ set +x
Shell debugging restarted
+ unset __lmod_vx
+ '[' -z '' ']'
+ case "$-" in
+ __lmod_vx=x
+ '[' -n x ']'
+ set +x
Shell debugging temporarily silenced: export LMOD_SH_DBG_ON=1 for this output (/usr/share/lmod/lmod/init/bash)
+ '[' -z '' ']'
+ case "$-" in
Shell debugging temporarily silenced: export LMOD_SH_DBG_ON=1 for this output (/usr/share/lmod/lmod/init/bash)
+ __lmod_vx=x
+ '[' -n x ']'
+ set +x
+ speed3d_r2c cufft float-long 1400 1400 1400 -no-reorder -p2p -r2c_dir 1 -ingrid 4 1 1 -no-gpu-aware -n5
Shell debugging temporarily silenced: export LMOD_SH_DBG_ON=1 for this output (/usr/share/lmod/lmod/init/bash)
+ '[' -z '' ']'
+ case "$-" in
+ __lmod_vx=x
+ '[' -n x ']'
+ set +x
Shell debugging restarted
+ unset __lmod_vx
+ speed3d_r2c cufft float-long 1400 1400 1400 -no-reorder -p2p -r2c_dir 1 -ingrid 4 1 1 -no-gpu-aware -n5
Shell debugging restarted
+ unset __lmod_vx
+ speed3d_r2c cufft float-long 1400 1400 1400 -no-reorder -p2p -r2c_dir 1 -ingrid 4 1 1 -no-gpu-aware -n5
Shell debugging restarted
+ unset __lmod_vx
+ speed3d_r2c cufft float-long 1400 1400 1400 -no-reorder -p2p -r2c_dir 1 -ingrid 4 1 1 -no-gpu-aware -n5

----------------------------------------------------------------------------- 
heFFTe performance test
----------------------------------------------------------------------------- 
Backend:   cufft
Size:      1400x1400x1400
MPI ranks:    4
Grids: (4, 1, 1)  -  -  (1, 2, 2)  -  
Time per run: 0.577621 (s)
Performance:  744.73 GFlops/s
Memory usage: 15727MB/rank
Tolerance:    0.0005
Max error:    1.38283e-05

