“RANK= 24 LOCAL_RANK= 0 gpu= 3”
“RANK= 25 LOCAL_RANK= 1 gpu= 2”
“RANK= 26 LOCAL_RANK= 2 gpu= 1”
“RANK= 27 LOCAL_RANK= 3 gpu= 0”
+ '[' -z '' ']'
+ case "$-" in
Shell debugging temporarily silenced: export LMOD_SH_DBG_ON=1 for this output (/usr/share/lmod/lmod/init/bash)
+ __lmod_vx=x
+ '[' -n x ']'
+ set +x
+ '[' -z '' ']'
+ case "$-" in
Shell debugging temporarily silenced: export LMOD_SH_DBG_ON=1 for this output (/usr/share/lmod/lmod/init/bash)
+ '[' -z '' ']'
+ case "$-" in
+ __lmod_vx=x
+ '[' -n x ']'
+ set +x
Shell debugging temporarily silenced: export LMOD_SH_DBG_ON=1 for this output (/usr/share/lmod/lmod/init/bash)
+ '[' -z '' ']'
+ case "$-" in
+ __lmod_vx=x
+ '[' -n x ']'
+ set +x
Shell debugging restarted
+ unset __lmod_vx
Shell debugging restarted
+ unset __lmod_vx
+ speed3d_r2c cufft double 512 512 512 -no-reorder -a2a -p2p_pl -pencils -r2c_dir 2 -outgrid 8 4 1
Shell debugging temporarily silenced: export LMOD_SH_DBG_ON=1 for this output (/usr/share/lmod/lmod/init/bash)
+ __lmod_vx=x
+ '[' -n x ']'
+ set +x
Shell debugging restarted
+ unset __lmod_vx
+ speed3d_r2c cufft double 512 512 512 -no-reorder -a2a -p2p_pl -pencils -r2c_dir 2 -outgrid 8 4 1
“RANK= 21 LOCAL_RANK= 1 gpu= 2”
Shell debugging restarted
+ unset __lmod_vx
+ speed3d_r2c cufft double 512 512 512 -no-reorder -a2a -p2p_pl -pencils -r2c_dir 2 -outgrid 8 4 1
“RANK= 20 LOCAL_RANK= 0 gpu= 3”
+ speed3d_r2c cufft double 512 512 512 -no-reorder -a2a -p2p_pl -pencils -r2c_dir 2 -outgrid 8 4 1
“RANK= 22 LOCAL_RANK= 2 gpu= 1”
“RANK= 23 LOCAL_RANK= 3 gpu= 0”
+ '[' -z '' ']'
Shell debugging temporarily silenced: export LMOD_SH_DBG_ON=1 for this output (/usr/share/lmod/lmod/init/bash)
+ '[' -z '' ']'
+ case "$-" in
+ __lmod_vx=x
+ '[' -n x ']'
+ set +x
+ '[' -z '' ']'
+ case "$-" in
+ __lmod_vx=x
+ '[' -n x ']'
+ set +x
Shell debugging temporarily silenced: export LMOD_SH_DBG_ON=1 for this output (/usr/share/lmod/lmod/init/bash)
+ case "$-" in
+ __lmod_vx=x
+ '[' -n x ']'
+ set +x
Shell debugging temporarily silenced: export LMOD_SH_DBG_ON=1 for this output (/usr/share/lmod/lmod/init/bash)
Shell debugging restarted
+ unset __lmod_vx
Shell debugging restarted
+ unset __lmod_vx
Shell debugging restarted
+ unset __lmod_vx
+ speed3d_r2c cufft double 512 512 512 -no-reorder -a2a -p2p_pl -pencils -r2c_dir 2 -outgrid 8 4 1
+ speed3d_r2c cufft double 512 512 512 -no-reorder -a2a -p2p_pl -pencils -r2c_dir 2 -outgrid 8 4 1
+ speed3d_r2c cufft double 512 512 512 -no-reorder -a2a -p2p_pl -pencils -r2c_dir 2 -outgrid 8 4 1
+ '[' -z '' ']'
+ case "$-" in
Shell debugging temporarily silenced: export LMOD_SH_DBG_ON=1 for this output (/usr/share/lmod/lmod/init/bash)
+ __lmod_vx=x
+ '[' -n x ']'
+ set +x
Shell debugging restarted
+ unset __lmod_vx
+ speed3d_r2c cufft double 512 512 512 -no-reorder -a2a -p2p_pl -pencils -r2c_dir 2 -outgrid 8 4 1
“RANK= 11 LOCAL_RANK= 3 gpu= 0”
“RANK= 9 LOCAL_RANK= 1 gpu= 2”
+ '[' -z '' ']'
+ case "$-" in
+ __lmod_vx=x
+ '[' -n x ']'
+ set +x
Shell debugging temporarily silenced: export LMOD_SH_DBG_ON=1 for this output (/usr/share/lmod/lmod/init/bash)
Shell debugging restarted
+ unset __lmod_vx
+ speed3d_r2c cufft double 512 512 512 -no-reorder -a2a -p2p_pl -pencils -r2c_dir 2 -outgrid 8 4 1
“RANK= 13 LOCAL_RANK= 1 gpu= 2”
+ '[' -z '' ']'
+ case "$-" in
+ __lmod_vx=x
Shell debugging temporarily silenced: export LMOD_SH_DBG_ON=1 for this output (/usr/share/lmod/lmod/init/bash)
+ '[' -n x ']'
+ set +x
Shell debugging restarted
+ unset __lmod_vx
+ speed3d_r2c cufft double 512 512 512 -no-reorder -a2a -p2p_pl -pencils -r2c_dir 2 -outgrid 8 4 1
+ '[' -z '' ']'
+ case "$-" in
Shell debugging temporarily silenced: export LMOD_SH_DBG_ON=1 for this output (/usr/share/lmod/lmod/init/bash)
+ __lmod_vx=x
+ '[' -n x ']'
+ set +x
“RANK= 8 LOCAL_RANK= 0 gpu= 3”
Shell debugging restarted
+ unset __lmod_vx
+ speed3d_r2c cufft double 512 512 512 -no-reorder -a2a -p2p_pl -pencils -r2c_dir 2 -outgrid 8 4 1
“RANK= 15 LOCAL_RANK= 3 gpu= 0”
“RANK= 14 LOCAL_RANK= 2 gpu= 1”
“RANK= 12 LOCAL_RANK= 0 gpu= 3”
+ '[' -z '' ']'
+ case "$-" in
Shell debugging temporarily silenced: export LMOD_SH_DBG_ON=1 for this output (/usr/share/lmod/lmod/init/bash)
+ __lmod_vx=x
+ '[' -n x ']'
+ set +x
Shell debugging restarted
+ unset __lmod_vx
+ speed3d_r2c cufft double 512 512 512 -no-reorder -a2a -p2p_pl -pencils -r2c_dir 2 -outgrid 8 4 1
+ '[' -z '' ']'
+ case "$-" in
+ __lmod_vx=x
+ '[' -n x ']'
+ set +x
Shell debugging temporarily silenced: export LMOD_SH_DBG_ON=1 for this output (/usr/share/lmod/lmod/init/bash)
Shell debugging restarted
+ '[' -z '' ']'
+ case "$-" in
+ __lmod_vx=x
+ '[' -n x ']'
+ set +x
+ unset __lmod_vx
+ speed3d_r2c cufft double 512 512 512 -no-reorder -a2a -p2p_pl -pencils -r2c_dir 2 -outgrid 8 4 1
Shell debugging temporarily silenced: export LMOD_SH_DBG_ON=1 for this output (/usr/share/lmod/lmod/init/bash)
Shell debugging restarted
+ unset __lmod_vx
+ speed3d_r2c cufft double 512 512 512 -no-reorder -a2a -p2p_pl -pencils -r2c_dir 2 -outgrid 8 4 1
+ '[' -z '' ']'
+ case "$-" in
+ __lmod_vx=x
+ '[' -n x ']'
+ set +x
Shell debugging temporarily silenced: export LMOD_SH_DBG_ON=1 for this output (/usr/share/lmod/lmod/init/bash)
Shell debugging restarted
+ unset __lmod_vx
+ speed3d_r2c cufft double 512 512 512 -no-reorder -a2a -p2p_pl -pencils -r2c_dir 2 -outgrid 8 4 1
“RANK= 10 LOCAL_RANK= 2 gpu= 1”
+ '[' -z '' ']'
+ case "$-" in
+ __lmod_vx=x
+ '[' -n x ']'
+ set +x
Shell debugging temporarily silenced: export LMOD_SH_DBG_ON=1 for this output (/usr/share/lmod/lmod/init/bash)
Shell debugging restarted
+ unset __lmod_vx
+ speed3d_r2c cufft double 512 512 512 -no-reorder -a2a -p2p_pl -pencils -r2c_dir 2 -outgrid 8 4 1
“RANK= 5 LOCAL_RANK= 1 gpu= 2”
+ '[' -z '' ']'
+ case "$-" in
Shell debugging temporarily silenced: export LMOD_SH_DBG_ON=1 for this output (/usr/share/lmod/lmod/init/bash)
“RANK= 28 LOCAL_RANK= 0 gpu= 3”
+ __lmod_vx=x
+ '[' -n x ']'
+ set +x
Shell debugging restarted
+ unset __lmod_vx
“RANK= 29 LOCAL_RANK= 1 gpu= 2”
“RANK= 31 LOCAL_RANK= 3 gpu= 0”
“RANK= 6 LOCAL_RANK= 2 gpu= 1”
“RANK= 7 LOCAL_RANK= 3 gpu= 0”
+ '[' -z '' ']'
+ case "$-" in
Shell debugging temporarily silenced: export LMOD_SH_DBG_ON=1 for this output (/usr/share/lmod/lmod/init/bash)
+ __lmod_vx=x
+ '[' -n x ']'
+ set +x
Shell debugging temporarily silenced: export LMOD_SH_DBG_ON=1 for this output (/usr/share/lmod/lmod/init/bash)
+ '[' -z '' ']'
+ case "$-" in
+ __lmod_vx=x
+ '[' -n x ']'
+ set +x
Shell debugging restarted
+ unset __lmod_vx
Shell debugging restarted
+ unset __lmod_vx
+ speed3d_r2c cufft double 512 512 512 -no-reorder -a2a -p2p_pl -pencils -r2c_dir 2 -outgrid 8 4 1
+ speed3d_r2c cufft double 512 512 512 -no-reorder -a2a -p2p_pl -pencils -r2c_dir 2 -outgrid 8 4 1
+ '[' -z '' ']'
+ case "$-" in
+ __lmod_vx=x
+ '[' -n x ']'
+ set +x
Shell debugging temporarily silenced: export LMOD_SH_DBG_ON=1 for this output (/usr/share/lmod/lmod/init/bash)
+ '[' -z '' ']'
+ case "$-" in
Shell debugging restarted
+ unset __lmod_vx
Shell debugging temporarily silenced: export LMOD_SH_DBG_ON=1 for this output (/usr/share/lmod/lmod/init/bash)
+ speed3d_r2c cufft double 512 512 512 -no-reorder -a2a -p2p_pl -pencils -r2c_dir 2 -outgrid 8 4 1
+ __lmod_vx=x
+ '[' -n x ']'
+ set +x
Shell debugging restarted
+ unset __lmod_vx
+ '[' -z '' ']'
+ case "$-" in
Shell debugging temporarily silenced: export LMOD_SH_DBG_ON=1 for this output (/usr/share/lmod/lmod/init/bash)
+ __lmod_vx=x
+ '[' -n x ']'
+ set +x
Shell debugging restarted
+ unset __lmod_vx
+ speed3d_r2c cufft double 512 512 512 -no-reorder -a2a -p2p_pl -pencils -r2c_dir 2 -outgrid 8 4 1
“RANK= 30 LOCAL_RANK= 2 gpu= 1”
+ speed3d_r2c cufft double 512 512 512 -no-reorder -a2a -p2p_pl -pencils -r2c_dir 2 -outgrid 8 4 1
+ speed3d_r2c cufft double 512 512 512 -no-reorder -a2a -p2p_pl -pencils -r2c_dir 2 -outgrid 8 4 1
“RANK= 4 LOCAL_RANK= 0 gpu= 3”
+ '[' -z '' ']'
+ case "$-" in
Shell debugging temporarily silenced: export LMOD_SH_DBG_ON=1 for this output (/usr/share/lmod/lmod/init/bash)
+ __lmod_vx=x
+ '[' -n x ']'
+ set +x
Shell debugging restarted
+ unset __lmod_vx
+ speed3d_r2c cufft double 512 512 512 -no-reorder -a2a -p2p_pl -pencils -r2c_dir 2 -outgrid 8 4 1
+ '[' -z '' ']'
+ case "$-" in
Shell debugging temporarily silenced: export LMOD_SH_DBG_ON=1 for this output (/usr/share/lmod/lmod/init/bash)
+ __lmod_vx=x
+ '[' -n x ']'
+ set +x
Shell debugging restarted
+ unset __lmod_vx
+ speed3d_r2c cufft double 512 512 512 -no-reorder -a2a -p2p_pl -pencils -r2c_dir 2 -outgrid 8 4 1
“RANK= 16 LOCAL_RANK= 0 gpu= 3”
“RANK= 17 LOCAL_RANK= 1 gpu= 2”
“RANK= 18 LOCAL_RANK= 2 gpu= 1”
“RANK= 19 LOCAL_RANK= 3 gpu= 0”
+ '[' -z '' ']'
+ case "$-" in
+ __lmod_vx=x
Shell debugging temporarily silenced: export LMOD_SH_DBG_ON=1 for this output (/usr/share/lmod/lmod/init/bash)
+ '[' -n x ']'
+ set +x
+ '[' -z '' ']'
+ case "$-" in
+ __lmod_vx=x
+ '[' -n x ']'
+ set +x
Shell debugging temporarily silenced: export LMOD_SH_DBG_ON=1 for this output (/usr/share/lmod/lmod/init/bash)
Shell debugging restarted
+ unset __lmod_vx
+ '[' -z '' ']'
+ case "$-" in
+ __lmod_vx=x
+ '[' -n x ']'
+ set +x
+ '[' -z '' ']'
+ case "$-" in
+ __lmod_vx=x
Shell debugging temporarily silenced: export LMOD_SH_DBG_ON=1 for this output (/usr/share/lmod/lmod/init/bash)
Shell debugging temporarily silenced: export LMOD_SH_DBG_ON=1 for this output (/usr/share/lmod/lmod/init/bash)
+ '[' -n x ']'
+ set +x
Shell debugging restarted
+ unset __lmod_vx
+ speed3d_r2c cufft double 512 512 512 -no-reorder -a2a -p2p_pl -pencils -r2c_dir 2 -outgrid 8 4 1
Shell debugging restarted
+ unset __lmod_vx
+ speed3d_r2c cufft double 512 512 512 -no-reorder -a2a -p2p_pl -pencils -r2c_dir 2 -outgrid 8 4 1
+ speed3d_r2c cufft double 512 512 512 -no-reorder -a2a -p2p_pl -pencils -r2c_dir 2 -outgrid 8 4 1
Shell debugging restarted
+ unset __lmod_vx
+ speed3d_r2c cufft double 512 512 512 -no-reorder -a2a -p2p_pl -pencils -r2c_dir 2 -outgrid 8 4 1
“RANK= 0 LOCAL_RANK= 0 gpu= 3”
“RANK= 1 LOCAL_RANK= 1 gpu= 2”
+ '[' -z '' ']'
+ case "$-" in
Shell debugging temporarily silenced: export LMOD_SH_DBG_ON=1 for this output (/usr/share/lmod/lmod/init/bash)
+ __lmod_vx=x
+ '[' -n x ']'
+ set +x
Shell debugging restarted
+ unset __lmod_vx
+ speed3d_r2c cufft double 512 512 512 -no-reorder -a2a -p2p_pl -pencils -r2c_dir 2 -outgrid 8 4 1
“RANK= 3 LOCAL_RANK= 3 gpu= 0”
“RANK= 2 LOCAL_RANK= 2 gpu= 1”
+ '[' -z '' ']'
+ case "$-" in
Shell debugging temporarily silenced: export LMOD_SH_DBG_ON=1 for this output (/usr/share/lmod/lmod/init/bash)
+ __lmod_vx=x
+ '[' -n x ']'
+ set +x
Shell debugging restarted
+ unset __lmod_vx
+ speed3d_r2c cufft double 512 512 512 -no-reorder -a2a -p2p_pl -pencils -r2c_dir 2 -outgrid 8 4 1
+ '[' -z '' ']'
+ case "$-" in
Shell debugging temporarily silenced: export LMOD_SH_DBG_ON=1 for this output (/usr/share/lmod/lmod/init/bash)
+ __lmod_vx=x
+ '[' -n x ']'
+ set +x
Shell debugging restarted
+ unset __lmod_vx
+ speed3d_r2c cufft double 512 512 512 -no-reorder -a2a -p2p_pl -pencils -r2c_dir 2 -outgrid 8 4 1
+ '[' -z '' ']'
+ case "$-" in
Shell debugging temporarily silenced: export LMOD_SH_DBG_ON=1 for this output (/usr/share/lmod/lmod/init/bash)
+ __lmod_vx=x
+ '[' -n x ']'
+ set +x
Shell debugging restarted
+ unset __lmod_vx
+ speed3d_r2c cufft double 512 512 512 -no-reorder -a2a -p2p_pl -pencils -r2c_dir 2 -outgrid 8 4 1
MPICH ERROR [Rank 26] [job id b4f89705-4bfc-4b2d-aa63-4b98cc1399e5] [Sun Jul  2 01:03:16 2023] [x3104c0s25b1n0] - Abort(270676367) (rank 26 in comm 0): Fatal error in PMPI_Waitany: Other MPI error, error stack:
PMPI_Waitany(277)..............: MPI_Waitany(count=7, req_array=0x162bfd0, index=0x7ffd1f08e0fc, status=0x1) failed
PMPI_Waitany(245)..............: 
MPIR_Waitany_impl(97)..........: 
MPIDI_Progress_test(80)........: 
MPIDI_OFI_handle_cq_error(1059): OFI poll failed (ofi_events.c:1061:MPIDI_OFI_handle_cq_error:Input/output error - remote access error)

aborting job:
Fatal error in PMPI_Waitany: Other MPI error, error stack:
PMPI_Waitany(277)..............: MPI_Waitany(count=7, req_array=0x162bfd0, index=0x7ffd1f08e0fc, status=0x1) failed
PMPI_Waitany(245)..............: 
MPIR_Waitany_impl(97)..........: 
MPIDI_Progress_test(80)........: 
MPIDI_OFI_handle_cq_error(1059): OFI poll failed (ofi_events.c:1061:MPIDI_OFI_handle_cq_error:Input/output error - remote access error)
MPICH ERROR [Rank 28] [job id b4f89705-4bfc-4b2d-aa63-4b98cc1399e5] [Sun Jul  2 01:03:16 2023] [x3104c0s31b0n0] - Abort(203567503) (rank 28 in comm 0): Fatal error in PMPI_Waitany: Other MPI error, error stack:
PMPI_Waitany(277)..............: MPI_Waitany(count=7, req_array=0x135adc0, index=0x7ffffaf1067c, status=0x1) failed
PMPI_Waitany(245)..............: 
MPIR_Waitany_impl(97)..........: 
MPIDI_Progress_test(80)........: 
MPIDI_OFI_handle_cq_error(1059): OFI poll failed (ofi_events.c:1061:MPIDI_OFI_handle_cq_error:Input/output error - remote access error)

aborting job:
Fatal error in PMPI_Waitany: Other MPI error, error stack:
PMPI_Waitany(277)..............: MPI_Waitany(count=7, req_array=0x135adc0, index=0x7ffffaf1067c, status=0x1) failed
PMPI_Waitany(245)..............: 
MPIR_Waitany_impl(97)..........: 
MPIDI_Progress_test(80)........: 
MPIDI_OFI_handle_cq_error(1059): OFI poll failed (ofi_events.c:1061:MPIDI_OFI_handle_cq_error:Input/output error - remote access error)
MPICH ERROR [Rank 29] [job id b4f89705-4bfc-4b2d-aa63-4b98cc1399e5] [Sun Jul  2 01:03:16 2023] [x3104c0s31b0n0] - Abort(1716623) (rank 29 in comm 0): Fatal error in PMPI_Waitany: Other MPI error, error stack:
PMPI_Waitany(277)..............: MPI_Waitany(count=7, req_array=0x135e5c0, index=0x7ffd2f1f30cc, status=0x1) failed
PMPI_Waitany(245)..............: 
MPIDI_Progress_test(80)........: 
MPIDI_OFI_handle_cq_error(1059): OFI poll failed (ofi_events.c:1061:MPIDI_OFI_handle_cq_error:Input/output error - remote access error)

aborting job:
Fatal error in PMPI_Waitany: Other MPI error, error stack:
PMPI_Waitany(277)..............: MPI_Waitany(count=7, req_array=0x135e5c0, index=0x7ffd2f1f30cc, status=0x1) failed
PMPI_Waitany(245)..............: 
MPIDI_Progress_test(80)........: 
MPIDI_OFI_handle_cq_error(1059): OFI poll failed (ofi_events.c:1061:MPIDI_OFI_handle_cq_error:Input/output error - remote access error)
MPICH ERROR [Rank 21] [job id b4f89705-4bfc-4b2d-aa63-4b98cc1399e5] [Sun Jul  2 01:03:16 2023] [x3104c0s25b0n0] - Abort(539111823) (rank 21 in comm 0): Fatal error in PMPI_Waitany: Other MPI error, error stack:
PMPI_Waitany(277)..............: MPI_Waitany(count=7, req_array=0x1ef0410, index=0x7ffd387b518c, status=0x1) failed
PMPI_Waitany(245)..............: 
MPIR_Waitany_impl(97)..........: 
MPIDI_Progress_test(80)........: 
MPIDI_OFI_handle_cq_error(1059): OFI poll failed (ofi_events.c:1061:MPIDI_OFI_handle_cq_error:Input/output error - local protection error)

aborting job:
Fatal error in PMPI_Waitany: Other MPI error, error stack:
PMPI_Waitany(277)..............: MPI_Waitany(count=7, req_array=0x1ef0410, index=0x7ffd387b518c, status=0x1) failed
PMPI_Waitany(245)..............: 
MPIR_Waitany_impl(97)..........: 
MPIDI_Progress_test(80)........: 
MPIDI_OFI_handle_cq_error(1059): OFI poll failed (ofi_events.c:1061:MPIDI_OFI_handle_cq_error:Input/output error - local protection error)
MPICH ERROR [Rank 20] [job id b4f89705-4bfc-4b2d-aa63-4b98cc1399e5] [Sun Jul  2 01:03:16 2023] [x3104c0s25b0n0] - Abort(1008349583) (rank 20 in comm 0): Fatal error in PMPI_Waitany: Other MPI error, error stack:
PMPI_Waitany(277)..............: MPI_Waitany(count=7, req_array=0x1b92ba0, index=0x7fff53c60aec, status=0x1) failed
PMPI_Waitany(245)..............: 
MPIDI_Progress_test(80)........: 
MPIDI_OFI_handle_cq_error(1059): OFI poll failed (ofi_events.c:1061:MPIDI_OFI_handle_cq_error:Input/output error - remote access error)

aborting job:
Fatal error in PMPI_Waitany: Other MPI error, error stack:
PMPI_Waitany(277)..............: MPI_Waitany(count=7, req_array=0x1b92ba0, index=0x7fff53c60aec, status=0x1) failed
PMPI_Waitany(245)..............: 
MPIDI_Progress_test(80)........: 
MPIDI_OFI_handle_cq_error(1059): OFI poll failed (ofi_events.c:1061:MPIDI_OFI_handle_cq_error:Input/output error - remote access error)
x3104c0s25b1n0.hsn.cm.polaris.alcf.anl.gov: rank 26 exited with code 255
MPICH ERROR [Rank 3] [job id b4f89705-4bfc-4b2d-aa63-4b98cc1399e5] [Sun Jul  2 01:03:16 2023] [x3104c0s13b1n0] - Abort(472493967) (rank 3 in comm 0): Fatal error in PMPI_Isend: Other MPI error, error stack:
PMPI_Isend(161)................: MPI_Isend(buf=0x14da83800000, count=270336, dtype=0x4c001041, dest=2, tag=0, MPI_COMM_WORLD, request=0x187a268) failed
MPID_Isend(578)................: 
MPIDI_Progress_test(80)........: 
MPIDI_OFI_handle_cq_error(1059): OFI poll failed (ofi_events.c:1061:MPIDI_OFI_handle_cq_error:Input/output error - remote access error)

aborting job:
Fatal error in PMPI_Isend: Other MPI error, error stack:
PMPI_Isend(161)................: MPI_Isend(buf=0x14da83800000, count=270336, dtype=0x4c001041, dest=2, tag=0, MPI_COMM_WORLD, request=0x187a268) failed
MPID_Isend(578)................: 
MPIDI_Progress_test(80)........: 
MPIDI_OFI_handle_cq_error(1059): OFI poll failed (ofi_events.c:1061:MPIDI_OFI_handle_cq_error:Input/output error - remote access error)
MPICH ERROR [Rank 12] [job id b4f89705-4bfc-4b2d-aa63-4b98cc1399e5] [Sun Jul  2 01:03:16 2023] [x3104c0s1b0n0] - Abort(404369807) (rank 12 in comm 0): Fatal error in PMPI_Waitany: Other MPI error, error stack:
PMPI_Waitany(277)..............: MPI_Waitany(count=7, req_array=0x1e43770, index=0x7ffd9fc7e08c, status=0x1) failed
PMPI_Waitany(245)..............: 
MPIDI_Progress_test(80)........: 
MPIDI_OFI_handle_cq_error(1059): OFI poll failed (ofi_events.c:1061:MPIDI_OFI_handle_cq_error:Input/output error - remote access error)

aborting job:
Fatal error in PMPI_Waitany: Other MPI error, error stack:
PMPI_Waitany(277)..............: MPI_Waitany(count=7, req_array=0x1e43770, index=0x7ffd9fc7e08c, status=0x1) failed
PMPI_Waitany(245)..............: 
MPIDI_Progress_test(80)........: 
MPIDI_OFI_handle_cq_error(1059): OFI poll failed (ofi_events.c:1061:MPIDI_OFI_handle_cq_error:Input/output error - remote access error)
MPICH ERROR [Rank 13] [job id b4f89705-4bfc-4b2d-aa63-4b98cc1399e5] [Sun Jul  2 01:03:16 2023] [x3104c0s1b0n0] - Abort(538587535) (rank 13 in comm 0): Fatal error in PMPI_Waitany: Other MPI error, error stack:
PMPI_Waitany(277)..............: MPI_Waitany(count=7, req_array=0x9d29b0, index=0x7fff84c7a88c, status=0x1) failed
PMPI_Waitany(245)..............: 
MPIDI_Progress_test(80)........: 
MPIDI_OFI_handle_cq_error(1059): OFI poll failed (ofi_events.c:1061:MPIDI_OFI_handle_cq_error:Input/output error - local protection error)

aborting job:
Fatal error in PMPI_Waitany: Other MPI error, error stack:
PMPI_Waitany(277)..............: MPI_Waitany(count=7, req_array=0x9d29b0, index=0x7fff84c7a88c, status=0x1) failed
PMPI_Waitany(245)..............: 
MPIDI_Progress_test(80)........: 
MPIDI_OFI_handle_cq_error(1059): OFI poll failed (ofi_events.c:1061:MPIDI_OFI_handle_cq_error:Input/output error - local protection error)
MPICH ERROR [Rank 24] [job id b4f89705-4bfc-4b2d-aa63-4b98cc1399e5] [Sun Jul  2 01:03:16 2023] [x3104c0s25b1n0] - Abort(538587535) (rank 24 in comm 0): Fatal error in PMPI_Waitany: Other MPI error, error stack:
PMPI_Waitany(277)..............: MPI_Waitany(count=7, req_array=0x25def20, index=0x7ffc4880116c, status=0x1) failed
PMPI_Waitany(245)..............: 
MPIDI_Progress_test(80)........: 
MPIDI_OFI_handle_cq_error(1059): OFI poll failed (ofi_events.c:1061:MPIDI_OFI_handle_cq_error:Input/output error - remote access error)

aborting job:
Fatal error in PMPI_Waitany: Other MPI error, error stack:
PMPI_Waitany(277)..............: MPI_Waitany(count=7, req_array=0x25def20, index=0x7ffc4880116c, status=0x1) failed
PMPI_Waitany(245)..............: 
MPIDI_Progress_test(80)........: 
MPIDI_OFI_handle_cq_error(1059): OFI poll failed (ofi_events.c:1061:MPIDI_OFI_handle_cq_error:Input/output error - remote access error)
(GTL DEBUG: 27) cuIpcOpenMemHandle: invalid resource handle, CUDA_ERROR_INVALID_HANDLE, line no 272
MPICH ERROR [Rank 27] [job id b4f89705-4bfc-4b2d-aa63-4b98cc1399e5] [Sun Jul  2 01:03:16 2023] [x3104c0s25b1n0] - Abort(70886914) (rank 27 in comm 0): Fatal error in PMPI_Irecv: Invalid count, error stack:
PMPI_Irecv(166)......................: MPI_Irecv(buf=0x14aa33820000, count=262144, dtype=0x4c001041, src=26, tag=0, MPI_COMM_WORLD, request=0x1c08fe8) failed
MPID_Irecv(497)......................: 
MPIDI_irecv_unsafe(160)..............: 
MPIDI_SHM_mpi_irecv(462).............: 
MPIDI_SHM_mpi_imrecv(514)............: 
MPIDI_SHM_mmods_try_matched_recv(167): 
MPIDI_CRAY_Common_lmt_handle_recv(44): 
MPIDI_CRAY_Common_lmt_import_mem(218): 
(unknown)(): Invalid count

aborting job:
Fatal error in PMPI_Irecv: Invalid count, error stack:
PMPI_Irecv(166)......................: MPI_Irecv(buf=0x14aa33820000, count=262144, dtype=0x4c001041, src=26, tag=0, MPI_COMM_WORLD, request=0x1c08fe8) failed
MPID_Irecv(497)......................: 
MPIDI_irecv_unsafe(160)..............: 
MPIDI_SHM_mpi_irecv(462).............: 
MPIDI_SHM_mpi_imrecv(514)............: 
MPIDI_SHM_mmods_try_matched_recv(167): 
MPIDI_CRAY_Common_lmt_handle_recv(44): 
MPIDI_CRAY_Common_lmt_import_mem(218): 
(unknown)(): Invalid count
MPICH ERROR [Rank 4] [job id b4f89705-4bfc-4b2d-aa63-4b98cc1399e5] [Sun Jul  2 01:03:16 2023] [x3104c0s19b0n0] - Abort(337227663) (rank 4 in comm 0): Fatal error in PMPI_Isend: Other MPI error, error stack:
PMPI_Isend(161)................: MPI_Isend(buf=0x152355400000, count=262144, dtype=0x4c001041, dest=28, tag=0, MPI_COMM_WORLD, request=0x1a50994) failed
MPID_Isend(578)................: 
MPIDI_Progress_test(80)........: 
MPIDI_OFI_handle_cq_error(1059): OFI poll failed (ofi_events.c:1061:MPIDI_OFI_handle_cq_error:Input/output error - remote access error)

aborting job:
Fatal error in PMPI_Isend: Other MPI error, error stack:
PMPI_Isend(161)................: MPI_Isend(buf=0x152355400000, count=262144, dtype=0x4c001041, dest=28, tag=0, MPI_COMM_WORLD, request=0x1a50994) failed
MPID_Isend(578)................: 
MPIDI_Progress_test(80)........: 
MPIDI_OFI_handle_cq_error(1059): OFI poll failed (ofi_events.c:1061:MPIDI_OFI_handle_cq_error:Input/output error - remote access error)
MPICH ERROR [Rank 5] [job id b4f89705-4bfc-4b2d-aa63-4b98cc1399e5] [Sun Jul  2 01:03:16 2023] [x3104c0s19b0n0] - Abort(739914127) (rank 5 in comm 0): Fatal error in PMPI_Waitany: Other MPI error, error stack:
PMPI_Waitany(277)..............: MPI_Waitany(count=7, req_array=0x8d2590, index=0x7ffc5803c80c, status=0x1) failed
PMPI_Waitany(245)..............: 
MPIDI_Progress_test(80)........: 
MPIDI_OFI_handle_cq_error(1059): OFI poll failed (ofi_events.c:1061:MPIDI_OFI_handle_cq_error:Input/output error - remote access error)

aborting job:
Fatal error in PMPI_Waitany: Other MPI error, error stack:
PMPI_Waitany(277)..............: MPI_Waitany(count=7, req_array=0x8d2590, index=0x7ffc5803c80c, status=0x1) failed
PMPI_Waitany(245)..............: 
MPIDI_Progress_test(80)........: 
MPIDI_OFI_handle_cq_error(1059): OFI poll failed (ofi_events.c:1061:MPIDI_OFI_handle_cq_error:Input/output error - remote access error)
MPICH ERROR [Rank 25] [job id b4f89705-4bfc-4b2d-aa63-4b98cc1399e5] [Sun Jul  2 01:03:16 2023] [x3104c0s25b1n0] - Abort(672805263) (rank 25 in comm 0): Fatal error in PMPI_Waitany: Other MPI error, error stack:
PMPI_Waitany(277)..............: MPI_Waitany(count=7, req_array=0xe4e5c0, index=0x7ffde72fa7cc, status=0x1) failed
PMPI_Waitany(245)..............: 
MPIDI_Progress_test(80)........: 
MPIDI_OFI_handle_cq_error(1059): OFI poll failed (ofi_events.c:1061:MPIDI_OFI_handle_cq_error:Input/output error - remote access error)

aborting job:
Fatal error in PMPI_Waitany: Other MPI error, error stack:
PMPI_Waitany(277)..............: MPI_Waitany(count=7, req_array=0xe4e5c0, index=0x7ffde72fa7cc, status=0x1) failed
PMPI_Waitany(245)..............: 
MPIDI_Progress_test(80)........: 
MPIDI_OFI_handle_cq_error(1059): OFI poll failed (ofi_events.c:1061:MPIDI_OFI_handle_cq_error:Input/output error - remote access error)
MPICH ERROR [Rank 17] [job id b4f89705-4bfc-4b2d-aa63-4b98cc1399e5] [Sun Jul  2 01:03:16 2023] [x3104c0s1b1n0] - Abort(203567503) (rank 17 in comm 0): Fatal error in PMPI_Waitany: Other MPI error, error stack:
PMPI_Waitany(277)..............: MPI_Waitany(count=7, req_array=0x9a83e0, index=0x7fff548e4ecc, status=0x1) failed
PMPI_Waitany(245)..............: 
MPIR_Waitany_impl(97)..........: 
MPIDI_Progress_test(80)........: 
MPIDI_OFI_handle_cq_error(1059): OFI poll failed (ofi_events.c:1061:MPIDI_OFI_handle_cq_error:Input/output error - remote access error)

aborting job:
Fatal error in PMPI_Waitany: Other MPI error, error stack:
PMPI_Waitany(277)..............: MPI_Waitany(count=7, req_array=0x9a83e0, index=0x7fff548e4ecc, status=0x1) failed
PMPI_Waitany(245)..............: 
MPIR_Waitany_impl(97)..........: 
MPIDI_Progress_test(80)........: 
MPIDI_OFI_handle_cq_error(1059): OFI poll failed (ofi_events.c:1061:MPIDI_OFI_handle_cq_error:Input/output error - remote access error)
MPICH ERROR [Rank 11] [job id b4f89705-4bfc-4b2d-aa63-4b98cc1399e5] [Sun Jul  2 01:03:16 2023] [x3104c0s19b1n0] - Abort(405385103) (rank 11 in comm 0): Fatal error in PMPI_Isend: Other MPI error, error stack:
PMPI_Isend(161)................: MPI_Isend(buf=0x14e383000000, count=270336, dtype=0x4c001041, dest=2, tag=0, MPI_COMM_WORLD, request=0x240f5d0) failed
MPID_Isend(578)................: 
MPIDI_Progress_test(80)........: 
MPIDI_OFI_handle_cq_error(1059): OFI poll failed (ofi_events.c:1061:MPIDI_OFI_handle_cq_error:Input/output error - remote access error)

aborting job:
Fatal error in PMPI_Isend: Other MPI error, error stack:
PMPI_Isend(161)................: MPI_Isend(buf=0x14e383000000, count=270336, dtype=0x4c001041, dest=2, tag=0, MPI_COMM_WORLD, request=0x240f5d0) failed
MPID_Isend(578)................: 
MPIDI_Progress_test(80)........: 
MPIDI_OFI_handle_cq_error(1059): OFI poll failed (ofi_events.c:1061:MPIDI_OFI_handle_cq_error:Input/output error - remote access error)
MPICH ERROR [Rank 9] [job id b4f89705-4bfc-4b2d-aa63-4b98cc1399e5] [Sun Jul  2 01:03:16 2023] [x3104c0s19b1n0] - Abort(1008316303) (rank 9 in comm 0): Fatal error in PMPI_Isend: Other MPI error, error stack:
PMPI_Isend(161)................: MPI_Isend(buf=0x1539e3420000, count=262144, dtype=0x4c001041, dest=1, tag=0, MPI_COMM_WORLD, request=0x1275db4) failed
MPID_Isend(578)................: 
MPIDI_Progress_test(80)........: 
MPIDI_OFI_handle_cq_error(1059): OFI poll failed (ofi_events.c:1061:MPIDI_OFI_handle_cq_error:Input/output error - local protection error)

aborting job:
Fatal error in PMPI_Isend: Other MPI error, error stack:
PMPI_Isend(161)................: MPI_Isend(buf=0x1539e3420000, count=262144, dtype=0x4c001041, dest=1, tag=0, MPI_COMM_WORLD, request=0x1275db4) failed
MPID_Isend(578)................: 
MPIDI_Progress_test(80)........: 
MPIDI_OFI_handle_cq_error(1059): OFI poll failed (ofi_events.c:1061:MPIDI_OFI_handle_cq_error:Input/output error - local protection error)
MPICH ERROR [Rank 16] [job id b4f89705-4bfc-4b2d-aa63-4b98cc1399e5] [Sun Jul  2 01:03:16 2023] [x3104c0s1b1n0] - Abort(135934351) (rank 16 in comm 0): Fatal error in PMPI_Waitany: Other MPI error, error stack:
PMPI_Waitany(277)..............: MPI_Waitany(count=7, req_array=0x1c289f0, index=0x7fffde5dbfdc, status=0x1) failed
PMPI_Waitany(245)..............: 
MPIDI_Progress_test(80)........: 
MPIDI_OFI_handle_cq_error(1059): OFI poll failed (ofi_events.c:1061:MPIDI_OFI_handle_cq_error:Input/output error - remote access error)

aborting job:
Fatal error in PMPI_Waitany: Other MPI error, error stack:
PMPI_Waitany(277)..............: MPI_Waitany(count=7, req_array=0x1c289f0, index=0x7fffde5dbfdc, status=0x1) failed
PMPI_Waitany(245)..............: 
MPIDI_Progress_test(80)........: 
MPIDI_OFI_handle_cq_error(1059): OFI poll failed (ofi_events.c:1061:MPIDI_OFI_handle_cq_error:Input/output error - remote access error)
MPICH ERROR [Rank 18] [job id b4f89705-4bfc-4b2d-aa63-4b98cc1399e5] [Sun Jul  2 01:03:16 2023] [x3104c0s1b1n0] - Abort(270152079) (rank 18 in comm 0): Fatal error in PMPI_Waitany: Other MPI error, error stack:
PMPI_Waitany(277)..............: MPI_Waitany(count=7, req_array=0x13bb7a0, index=0x7ffdc19b7fcc, status=0x1) failed
PMPI_Waitany(245)..............: 
MPIDI_Progress_test(80)........: 
MPIDI_OFI_handle_cq_error(1059): OFI poll failed (ofi_events.c:1061:MPIDI_OFI_handle_cq_error:Input/output error - remote access error)

aborting job:
Fatal error in PMPI_Waitany: Other MPI error, error stack:
PMPI_Waitany(277)..............: MPI_Waitany(count=7, req_array=0x13bb7a0, index=0x7ffdc19b7fcc, status=0x1) failed
PMPI_Waitany(245)..............: 
MPIDI_Progress_test(80)........: 
MPIDI_OFI_handle_cq_error(1059): OFI poll failed (ofi_events.c:1061:MPIDI_OFI_handle_cq_error:Input/output error - remote access error)
MPICH ERROR [Rank 30] [job id b4f89705-4bfc-4b2d-aa63-4b98cc1399e5] [Sun Jul  2 01:03:16 2023] [x3104c0s31b0n0] - Abort(203043215) (rank 30 in comm 0): Fatal error in PMPI_Waitany: Other MPI error, error stack:
PMPI_Waitany(277)..............: MPI_Waitany(count=7, req_array=0x16527a0, index=0x7ffceed5598c, status=0x1) failed
PMPI_Waitany(245)..............: 
MPIDI_Progress_test(80)........: 
MPIDI_OFI_handle_cq_error(1059): OFI poll failed (ofi_events.c:1061:MPIDI_OFI_handle_cq_error:Input/output error - remote access error)

aborting job:
Fatal error in PMPI_Waitany: Other MPI error, error stack:
PMPI_Waitany(277)..............: MPI_Waitany(count=7, req_array=0x16527a0, index=0x7ffceed5598c, status=0x1) failed
PMPI_Waitany(245)..............: 
MPIDI_Progress_test(80)........: 
MPIDI_OFI_handle_cq_error(1059): OFI poll failed (ofi_events.c:1061:MPIDI_OFI_handle_cq_error:Input/output error - remote access error)
MPICH ERROR [Rank 8] [job id b4f89705-4bfc-4b2d-aa63-4b98cc1399e5] [Sun Jul  2 01:03:16 2023] [x3104c0s19b1n0] - Abort(472002959) (rank 8 in comm 0): Fatal error in PMPI_Waitany: Other MPI error, error stack:
PMPI_Waitany(277)..............: MPI_Waitany(count=7, req_array=0x14f1f20, index=0x7ffc06e8804c, status=0x1) failed
PMPI_Waitany(245)..............: 
MPIR_Waitany_impl(97)..........: 
MPIDI_Progress_test(80)........: 
MPIDI_OFI_handle_cq_error(1059): OFI poll failed (ofi_events.c:1061:MPIDI_OFI_handle_cq_error:Input/output error - local protection error)

aborting job:
Fatal error in PMPI_Waitany: Other MPI error, error stack:
PMPI_Waitany(277)..............: MPI_Waitany(count=7, req_array=0x14f1f20, index=0x7ffc06e8804c, status=0x1) failed
PMPI_Waitany(245)..............: 
MPIR_Waitany_impl(97)..........: 
MPIDI_Progress_test(80)........: 
MPIDI_OFI_handle_cq_error(1059): OFI poll failed (ofi_events.c:1061:MPIDI_OFI_handle_cq_error:Input/output error - local protection error)
MPICH ERROR [Rank 1] [job id b4f89705-4bfc-4b2d-aa63-4b98cc1399e5] [Sun Jul  2 01:03:16 2023] [x3104c0s13b1n0] - Abort(672771983) (rank 1 in comm 0): Fatal error in PMPI_Isend: Other MPI error, error stack:
PMPI_Isend(161)................: MPI_Isend(buf=0x14ee20800000, count=262144, dtype=0x4c001041, dest=16, tag=0, MPI_COMM_WORLD, request=0x2211258) failed
MPID_Isend(578)................: 
MPIDI_Progress_test(80)........: 
MPIDI_OFI_handle_cq_error(1059): OFI poll failed (ofi_events.c:1061:MPIDI_OFI_handle_cq_error:Input/output error - remote access error)

aborting job:
Fatal error in PMPI_Isend: Other MPI error, error stack:
PMPI_Isend(161)................: MPI_Isend(buf=0x14ee20800000, count=262144, dtype=0x4c001041, dest=16, tag=0, MPI_COMM_WORLD, request=0x2211258) failed
MPID_Isend(578)................: 
MPIDI_Progress_test(80)........: 
MPIDI_OFI_handle_cq_error(1059): OFI poll failed (ofi_events.c:1061:MPIDI_OFI_handle_cq_error:Input/output error - remote access error)
MPICH ERROR [Rank 15] [job id b4f89705-4bfc-4b2d-aa63-4b98cc1399e5] [Sun Jul  2 01:03:16 2023] [x3104c0s1b0n0] - Abort(2240911) (rank 15 in comm 0): Fatal error in PMPI_Waitany: Other MPI error, error stack:
PMPI_Waitany(277)..............: MPI_Waitany(count=7, req_array=0x105d590, index=0x7ffe670e1f9c, status=0x1) failed
PMPI_Waitany(245)..............: 
MPIR_Waitany_impl(97)..........: 
MPIDI_Progress_test(80)........: 
MPIDI_OFI_handle_cq_error(1059): OFI poll failed (ofi_events.c:1061:MPIDI_OFI_handle_cq_error:Input/output error - remote access error)

aborting job:
Fatal error in PMPI_Waitany: Other MPI error, error stack:
PMPI_Waitany(277)..............: MPI_Waitany(count=7, req_array=0x105d590, index=0x7ffe670e1f9c, status=0x1) failed
PMPI_Waitany(245)..............: 
MPIR_Waitany_impl(97)..........: 
MPIDI_Progress_test(80)........: 
MPIDI_OFI_handle_cq_error(1059): OFI poll failed (ofi_events.c:1061:MPIDI_OFI_handle_cq_error:Input/output error - remote access error)
MPICH ERROR [Rank 22] [job id b4f89705-4bfc-4b2d-aa63-4b98cc1399e5] [Sun Jul  2 01:03:16 2023] [x3104c0s25b0n0] - Abort(874131855) (rank 22 in comm 0): Fatal error in PMPI_Waitany: Other MPI error, error stack:
PMPI_Waitany(277)..............: MPI_Waitany(count=7, req_array=0x1441590, index=0x7ffc5964810c, status=0x1) failed
PMPI_Waitany(245)..............: 
MPIDI_Progress_test(80)........: 
MPIDI_OFI_handle_cq_error(1059): OFI poll failed (ofi_events.c:1061:MPIDI_OFI_handle_cq_error:Input/output error - remote access error)

aborting job:
Fatal error in PMPI_Waitany: Other MPI error, error stack:
PMPI_Waitany(277)..............: MPI_Waitany(count=7, req_array=0x1441590, index=0x7ffc5964810c, status=0x1) failed
PMPI_Waitany(245)..............: 
MPIDI_Progress_test(80)........: 
MPIDI_OFI_handle_cq_error(1059): OFI poll failed (ofi_events.c:1061:MPIDI_OFI_handle_cq_error:Input/output error - remote access error)
MPICH ERROR [Rank 0] [job id b4f89705-4bfc-4b2d-aa63-4b98cc1399e5] [Sun Jul  2 01:03:16 2023] [x3104c0s13b1n0] - Abort(135901071) (rank 0 in comm 0): Fatal error in PMPI_Isend: Other MPI error, error stack:
PMPI_Isend(161)................: MPI_Isend(buf=0x14d250c00000, count=262144, dtype=0x4c001041, dest=16, tag=0, MPI_COMM_WORLD, request=0x1626a0c) failed
MPID_Isend(578)................: 
MPIDI_Progress_test(80)........: 
MPIDI_OFI_handle_cq_error(1059): OFI poll failed (ofi_events.c:1061:MPIDI_OFI_handle_cq_error:Input/output error - remote access error)

aborting job:
Fatal error in PMPI_Isend: Other MPI error, error stack:
PMPI_Isend(161)................: MPI_Isend(buf=0x14d250c00000, count=262144, dtype=0x4c001041, dest=16, tag=0, MPI_COMM_WORLD, request=0x1626a0c) failed
MPID_Isend(578)................: 
MPIDI_Progress_test(80)........: 
MPIDI_OFI_handle_cq_error(1059): OFI poll failed (ofi_events.c:1061:MPIDI_OFI_handle_cq_error:Input/output error - remote access error)
MPICH ERROR [Rank 23] [job id b4f89705-4bfc-4b2d-aa63-4b98cc1399e5] [Sun Jul  2 01:03:16 2023] [x3104c0s25b0n0] - Abort(605696399) (rank 23 in comm 0): Fatal error in PMPI_Waitany: Other MPI error, error stack:
PMPI_Waitany(277)..............: MPI_Waitany(count=7, req_array=0x162e410, index=0x7ffe104d3d0c, status=0x1) failed
PMPI_Waitany(245)..............: 
MPIDI_Progress_test(80)........: 
MPIDI_OFI_handle_cq_error(1059): OFI poll failed (ofi_events.c:1061:MPIDI_OFI_handle_cq_error:Input/output error - remote access error)

aborting job:
Fatal error in PMPI_Waitany: Other MPI error, error stack:
PMPI_Waitany(277)..............: MPI_Waitany(count=7, req_array=0x162e410, index=0x7ffe104d3d0c, status=0x1) failed
PMPI_Waitany(245)..............: 
MPIDI_Progress_test(80)........: 
MPIDI_OFI_handle_cq_error(1059): OFI poll failed (ofi_events.c:1061:MPIDI_OFI_handle_cq_error:Input/output error - remote access error)
(GTL DEBUG: 31) cuIpcOpenMemHandle: invalid resource handle, CUDA_ERROR_INVALID_HANDLE, line no 272
MPICH ERROR [Rank 31] [job id b4f89705-4bfc-4b2d-aa63-4b98cc1399e5] [Sun Jul  2 01:03:16 2023] [x3104c0s31b0n0] - Abort(137995778) (rank 31 in comm 0): Fatal error in PMPI_Irecv: Invalid count, error stack:
PMPI_Irecv(166)......................: MPI_Irecv(buf=0x145fb1820000, count=262144, dtype=0x4c001041, src=30, tag=0, MPI_COMM_WORLD, request=0x17c35d8) failed
MPID_Irecv(497)......................: 
MPIDI_irecv_unsafe(160)..............: 
MPIDI_SHM_mpi_irecv(462).............: 
MPIDI_SHM_mpi_imrecv(514)............: 
MPIDI_SHM_mmods_try_matched_recv(167): 
MPIDI_CRAY_Common_lmt_handle_recv(44): 
MPIDI_CRAY_Common_lmt_import_mem(218): 
(unknown)(): Invalid count

aborting job:
Fatal error in PMPI_Irecv: Invalid count, error stack:
PMPI_Irecv(166)......................: MPI_Irecv(buf=0x145fb1820000, count=262144, dtype=0x4c001041, src=30, tag=0, MPI_COMM_WORLD, request=0x17c35d8) failed
MPID_Irecv(497)......................: 
MPIDI_irecv_unsafe(160)..............: 
MPIDI_SHM_mpi_irecv(462).............: 
MPIDI_SHM_mpi_imrecv(514)............: 
MPIDI_SHM_mmods_try_matched_recv(167): 
MPIDI_CRAY_Common_lmt_handle_recv(44): 
MPIDI_CRAY_Common_lmt_import_mem(218): 
(unknown)(): Invalid count
