“RANK= 4 LOCAL_RANK= 0 gpu= 3”
“RANK= 5 LOCAL_RANK= 1 gpu= 2”
“RANK= 6 LOCAL_RANK= 2 gpu= 1”
“RANK= 7 LOCAL_RANK= 3 gpu= 0”
“RANK= 1 LOCAL_RANK= 1 gpu= 2”
“RANK= 3 LOCAL_RANK= 3 gpu= 0”
“RANK= 2 LOCAL_RANK= 2 gpu= 1”
“RANK= 0 LOCAL_RANK= 0 gpu= 3”
+ '[' -z '' ']'
+ case "$-" in
+ __lmod_vx=x
Shell debugging temporarily silenced: export LMOD_SH_DBG_ON=1 for this output (/usr/share/lmod/lmod/init/bash)
+ '[' -n x ']'
+ set +x
Shell debugging restarted
+ unset __lmod_vx
+ '[' -z '' ']'
+ case "$-" in
+ __lmod_vx=x
+ '[' -n x ']'
+ set +x
+ '[' -z '' ']'
+ case "$-" in
+ __lmod_vx=x
+ '[' -n x ']'
+ set +x
Shell debugging temporarily silenced: export LMOD_SH_DBG_ON=1 for this output (/usr/share/lmod/lmod/init/bash)
+ '[' -z '' ']'
+ case "$-" in
+ __lmod_vx=x
+ '[' -n x ']'
+ set +x
Shell debugging temporarily silenced: export LMOD_SH_DBG_ON=1 for this output (/usr/share/lmod/lmod/init/bash)
Shell debugging temporarily silenced: export LMOD_SH_DBG_ON=1 for this output (/usr/share/lmod/lmod/init/bash)
+ speed3d_r2c cufft float 256 256 256 -reorder -a2a -p2p_pl -r2c_dir 2 -ingrid 2 2 2 -outgrid 4 2 1 -n5
Shell debugging restarted
+ unset __lmod_vx
Shell debugging restarted
+ unset __lmod_vx
Shell debugging restarted
+ unset __lmod_vx
+ speed3d_r2c cufft float 256 256 256 -reorder -a2a -p2p_pl -r2c_dir 2 -ingrid 2 2 2 -outgrid 4 2 1 -n5
+ speed3d_r2c cufft float 256 256 256 -reorder -a2a -p2p_pl -r2c_dir 2 -ingrid 2 2 2 -outgrid 4 2 1 -n5
+ speed3d_r2c cufft float 256 256 256 -reorder -a2a -p2p_pl -r2c_dir 2 -ingrid 2 2 2 -outgrid 4 2 1 -n5
+ '[' -z '' ']'
+ case "$-" in
Shell debugging temporarily silenced: export LMOD_SH_DBG_ON=1 for this output (/usr/share/lmod/lmod/init/bash)
+ __lmod_vx=x
+ '[' -n x ']'
+ set +x
+ '[' -z '' ']'
+ case "$-" in
+ __lmod_vx=x
Shell debugging restarted
+ unset __lmod_vx
Shell debugging temporarily silenced: export LMOD_SH_DBG_ON=1 for this output (/usr/share/lmod/lmod/init/bash)
+ '[' -z '' ']'
+ case "$-" in
+ __lmod_vx=x
+ '[' -n x ']'
+ set +x
Shell debugging temporarily silenced: export LMOD_SH_DBG_ON=1 for this output (/usr/share/lmod/lmod/init/bash)
+ '[' -n x ']'
+ set +x
Shell debugging restarted
+ unset __lmod_vx
+ speed3d_r2c cufft float 256 256 256 -reorder -a2a -p2p_pl -r2c_dir 2 -ingrid 2 2 2 -outgrid 4 2 1 -n5
Shell debugging temporarily silenced: export LMOD_SH_DBG_ON=1 for this output (/usr/share/lmod/lmod/init/bash)
+ '[' -z '' ']'
+ case "$-" in
+ __lmod_vx=x
+ '[' -n x ']'
+ set +x
Shell debugging restarted
+ unset __lmod_vx
+ speed3d_r2c cufft float 256 256 256 -reorder -a2a -p2p_pl -r2c_dir 2 -ingrid 2 2 2 -outgrid 4 2 1 -n5
+ speed3d_r2c cufft float 256 256 256 -reorder -a2a -p2p_pl -r2c_dir 2 -ingrid 2 2 2 -outgrid 4 2 1 -n5
Shell debugging restarted
+ unset __lmod_vx
+ speed3d_r2c cufft float 256 256 256 -reorder -a2a -p2p_pl -r2c_dir 2 -ingrid 2 2 2 -outgrid 4 2 1 -n5
MPICH ERROR [Rank 4] [job id 97b32ec0-a4a5-4461-81d3-08d2436b5964] [Thu Aug  3 06:34:54 2023] [x3208c0s19b0n0] - Abort(739914127) (rank 4 in comm 0): Fatal error in PMPI_Waitany: Other MPI error, error stack:
PMPI_Waitany(277)..............: MPI_Waitany(count=3, req_array=0xa82c60, index=0x7ffffd14c104, status=0x1) failed
PMPI_Waitany(245)..............: 
MPIDI_Progress_test(80)........: 
MPIDI_OFI_handle_cq_error(1059): OFI poll failed (ofi_events.c:1061:MPIDI_OFI_handle_cq_error:Input/output error - local protection error)

aborting job:
Fatal error in PMPI_Waitany: Other MPI error, error stack:
PMPI_Waitany(277)..............: MPI_Waitany(count=3, req_array=0xa82c60, index=0x7ffffd14c104, status=0x1) failed
PMPI_Waitany(245)..............: 
MPIDI_Progress_test(80)........: 
MPIDI_OFI_handle_cq_error(1059): OFI poll failed (ofi_events.c:1061:MPIDI_OFI_handle_cq_error:Input/output error - local protection error)
MPICH ERROR [Rank 6] [job id 97b32ec0-a4a5-4461-81d3-08d2436b5964] [Thu Aug  3 06:34:54 2023] [x3208c0s19b0n0] - Abort(740438415) (rank 6 in comm 0): Fatal error in PMPI_Waitany: Other MPI error, error stack:
PMPI_Waitany(277)..............: MPI_Waitany(count=3, req_array=0x26c94d0, index=0x7fff4e9b2e04, status=0x1) failed
PMPI_Waitany(245)..............: 
MPIR_Waitany_impl(97)..........: 
MPIDI_Progress_test(80)........: 
MPIDI_OFI_handle_cq_error(1059): OFI poll failed (ofi_events.c:1061:MPIDI_OFI_handle_cq_error:Input/output error - remote access error)

aborting job:
Fatal error in PMPI_Waitany: Other MPI error, error stack:
PMPI_Waitany(277)..............: MPI_Waitany(count=3, req_array=0x26c94d0, index=0x7fff4e9b2e04, status=0x1) failed
PMPI_Waitany(245)..............: 
MPIR_Waitany_impl(97)..........: 
MPIDI_Progress_test(80)........: 
MPIDI_OFI_handle_cq_error(1059): OFI poll failed (ofi_events.c:1061:MPIDI_OFI_handle_cq_error:Input/output error - remote access error)
MPICH ERROR [Rank 5] [job id 97b32ec0-a4a5-4461-81d3-08d2436b5964] [Thu Aug  3 06:34:54 2023] [x3208c0s19b0n0] - Abort(337785231) (rank 5 in comm 0): Fatal error in PMPI_Waitany: Other MPI error, error stack:
PMPI_Waitany(277)..............: MPI_Waitany(count=3, req_array=0x1fac4d0, index=0x7ffc548cc914, status=0x1) failed
PMPI_Waitany(245)..............: 
MPIR_Waitany_impl(97)..........: 
MPIDI_Progress_test(80)........: 
MPIDI_OFI_handle_cq_error(1059): OFI poll failed (ofi_events.c:1061:MPIDI_OFI_handle_cq_error:Input/output error - local protection error)

aborting job:
Fatal error in PMPI_Waitany: Other MPI error, error stack:
PMPI_Waitany(277)..............: MPI_Waitany(count=3, req_array=0x1fac4d0, index=0x7ffc548cc914, status=0x1) failed
PMPI_Waitany(245)..............: 
MPIR_Waitany_impl(97)..........: 
MPIDI_Progress_test(80)........: 
MPIDI_OFI_handle_cq_error(1059): OFI poll failed (ofi_events.c:1061:MPIDI_OFI_handle_cq_error:Input/output error - local protection error)
MPICH ERROR [Rank 7] [job id 97b32ec0-a4a5-4461-81d3-08d2436b5964] [Thu Aug  3 06:34:54 2023] [x3208c0s19b0n0] - Abort(941240719) (rank 7 in comm 0): Fatal error in PMPI_Waitany: Other MPI error, error stack:
PMPI_Waitany(277)..............: MPI_Waitany(count=3, req_array=0x10464d0, index=0x7ffc6b334d44, status=0x1) failed
PMPI_Waitany(245)..............: 
MPIDI_Progress_test(80)........: 
MPIDI_OFI_handle_cq_error(1059): OFI poll failed (ofi_events.c:1061:MPIDI_OFI_handle_cq_error:Input/output error - local protection error)

aborting job:
Fatal error in PMPI_Waitany: Other MPI error, error stack:
PMPI_Waitany(277)..............: MPI_Waitany(count=3, req_array=0x10464d0, index=0x7ffc6b334d44, status=0x1) failed
PMPI_Waitany(245)..............: 
MPIDI_Progress_test(80)........: 
MPIDI_OFI_handle_cq_error(1059): OFI poll failed (ofi_events.c:1061:MPIDI_OFI_handle_cq_error:Input/output error - local protection error)
MPICH ERROR [Rank 0] [job id 97b32ec0-a4a5-4461-81d3-08d2436b5964] [Thu Aug  3 06:34:54 2023] [x3208c0s13b1n0] - Abort(538587535) (rank 0 in comm 0): Fatal error in PMPI_Waitany: Other MPI error, error stack:
PMPI_Waitany(277)..............: MPI_Waitany(count=3, req_array=0x14fdcd0, index=0x7ffd26b0daa4, status=0x1) failed
PMPI_Waitany(245)..............: 
MPIDI_Progress_test(80)........: 
MPIDI_OFI_handle_cq_error(1059): OFI poll failed (ofi_events.c:1061:MPIDI_OFI_handle_cq_error:Input/output error - remote access error)

aborting job:
Fatal error in PMPI_Waitany: Other MPI error, error stack:
PMPI_Waitany(277)..............: MPI_Waitany(count=3, req_array=0x14fdcd0, index=0x7ffd26b0daa4, status=0x1) failed
PMPI_Waitany(245)..............: 
MPIDI_Progress_test(80)........: 
MPIDI_OFI_handle_cq_error(1059): OFI poll failed (ofi_events.c:1061:MPIDI_OFI_handle_cq_error:Input/output error - remote access error)
x3208c0s13b1n0.hsn.cm.polaris.alcf.anl.gov: rank 0 exited with code 255
