time=0.147663 0/2 /pressio/roibin/background/pressio/qoz:metrics:copy_compressor_results <int32> = 1
/pressio/roibin/background/pressio/qoz:metrics:errors_fatal <int32> = 1
/pressio/roibin/background/pressio/qoz:pressio:abs <double> = 90
/pressio/roibin/background/pressio/qoz:pressio:metric <char*> = "noop"
/pressio/roibin/background/pressio/qoz:pressio:rel <double> = <empty>
/pressio/roibin/background/pressio/qoz:qoz:abs_error_bound <double> = 90
/pressio/roibin/background/pressio/qoz:qoz:algorithm <uint8> = 1
/pressio/roibin/background/pressio/qoz:qoz:algorithm_str <char*> = <empty>
/pressio/roibin/background/pressio/qoz:qoz:encoder <uint8> = 1
/pressio/roibin/background/pressio/qoz:qoz:error_bound_mode <uint8> = 0
/pressio/roibin/background/pressio/qoz:qoz:error_bound_mode_str <char*> = <empty>
/pressio/roibin/background/pressio/qoz:qoz:interp_algo <uint8> = 1
/pressio/roibin/background/pressio/qoz:qoz:interp_block_size <int32> = 32
/pressio/roibin/background/pressio/qoz:qoz:interp_direction <uint8> = 0
/pressio/roibin/background/pressio/qoz:qoz:intrep_algo_str <char*> = <empty>
/pressio/roibin/background/pressio/qoz:qoz:l2_norm_error_bound <double> = 0
/pressio/roibin/background/pressio/qoz:qoz:lorenzo <bool> = true
/pressio/roibin/background/pressio/qoz:qoz:lorenzo2 <bool> = false
/pressio/roibin/background/pressio/qoz:qoz:lossless <uint8> = 1
/pressio/roibin/background/pressio/qoz:qoz:maxstep <uint64> = 8
/pressio/roibin/background/pressio/qoz:qoz:metric <char*> = "noop"
/pressio/roibin/background/pressio/qoz:qoz:openmp <bool> = false
/pressio/roibin/background/pressio/qoz:qoz:pred_dim <int32> = 0
/pressio/roibin/background/pressio/qoz:qoz:psnr_error_bound <double> = 0
/pressio/roibin/background/pressio/qoz:qoz:quant_bin_size <int32> = 65536
/pressio/roibin/background/pressio/qoz:qoz:regression <bool> = true
/pressio/roibin/background/pressio/qoz:qoz:regression2 <bool> = false
/pressio/roibin/background/pressio/qoz:qoz:rel_error_bound <double> = -1
/pressio/roibin/background/pressio/qoz:qoz:stride <int32> = 6
/pressio/roibin/background/pressio/qoz:qoz:test_lorenzo <int32> = 0
/pressio/roibin/background/pressio/qoz:qoz:turning_target <uint8> = 0
/pressio/roibin/background/pressio/qoz:qoz:turning_target_str <char*> = <empty>
/pressio/roibin/background/pressio/qoz:qoz:use_qoz <bool> = true
/pressio/roibin/background/pressio:metrics:copy_compressor_results <int32> = 1
/pressio/roibin/background/pressio:metrics:errors_fatal <int32> = 1
/pressio/roibin/background/pressio:pressio:abs <double> = 90
/pressio/roibin/background/pressio:pressio:bound_name <char*> = <empty>
/pressio/roibin/background/pressio:pressio:compressor <char*> = "qoz"
/pressio/roibin/background/pressio:pressio:metric <char*> = "noop"
/pressio/roibin/background/pressio:pressio:rel <double> = <empty>
/pressio/roibin/background/pressio:pressio:reset_mode <bool> = <empty>
/pressio/roibin/background:binning:compressor <char*> = "pressio"
/pressio/roibin/background:binning:metric <char*> = "noop"
/pressio/roibin/background:binning:nthreads <uint32> = 4
/pressio/roibin/background:binning:shape <data> = data{ type=double dims={3, } has_data=[2, 2, 1, ]}
/pressio/roibin/background:metrics:copy_compressor_results <int32> = 1
/pressio/roibin/background:metrics:errors_fatal <int32> = 1
/pressio/roibin/background:pressio:metric <char*> = "noop"
/pressio/roibin/background:pressio:nthreads <uint32> = 4
/pressio/roibin/roi:fpzip:has_header <int32> = 0
/pressio/roibin/roi:fpzip:metric <char*> = "noop"
/pressio/roibin/roi:fpzip:prec <int32> = 0
/pressio/roibin/roi:metrics:copy_compressor_results <int32> = 1
/pressio/roibin/roi:metrics:errors_fatal <int32> = 1
/pressio/roibin/roi:pressio:metric <char*> = "noop"
/pressio/roibin:metrics:copy_compressor_results <int32> = 1
/pressio/roibin:metrics:errors_fatal <int32> = 1
/pressio/roibin:pressio:metric <char*> = "noop"
/pressio/roibin:pressio:nthreads <uint32> = 2
/pressio/roibin:roibin:background <char*> = "binning"
/pressio/roibin:roibin:centers <data> = data{ type=uint64_t dims={} has_data=false}
/pressio/roibin:roibin:metric <char*> = "noop"
/pressio/roibin:roibin:nthreads <uint32> = 2
/pressio/roibin:roibin:roi <char*> = "fpzip"
/pressio/roibin:roibin:roi_size <data> = data{ type=double dims={3, } has_data=[8, 8, 0, ]}
/pressio/roibin:roibin:roi_strategy <char*> = "coordinates"
/pressio:metrics:copy_compressor_results <int32> = 1
/pressio:metrics:errors_fatal <int32> = 1
/pressio:pressio:bound_name <char*> = <empty>
/pressio:pressio:compressor <char*> = "roibin"
/pressio:pressio:metric <char*> = "noop"
/pressio:pressio:reset_mode <bool> = <empty>

time=0.147736 0/2 global data_dims{130, 1480, 1552}
time=0.147741 0/2 global peakx_dims{130, 2048}
time=0.147743 0/2 global peaky_dims{130, 2048}
time=0.147746 0/2 global npeaks{130}
time=0.147751 0/2 processing 0 2
time=0.952079 0/2 processing 2 4
time=1.72568 0/2 processing 4 6
time=2.14142 0/2 processing 6 8
time=2.58604 0/2 processing 8 10
time=3.07388 0/2 processing 10 12
time=3.46987 0/2 processing 12 14
time=3.90236 0/2 processing 14 16
time=4.69954 0/2 processing 16 18
time=5.52178 0/2 processing 18 20
time=6.33756 0/2 processing 20 22
time=7.06642 0/2 processing 22 24
time=7.86119 0/2 processing 24 26
time=8.58561 0/2 processing 26 28
time=9.00264 0/2 processing 28 30
time=9.4465 0/2 processing 30 32
time=9.86617 0/2 processing 32 34
time=10.47 0/2 processing 34 36
time=10.9224 0/2 processing 36 38
time=11.3661 0/2 processing 38 40
time=12.1492 0/2 processing 40 42
time=12.5879 0/2 processing 42 44
time=13.3457 0/2 processing 44 46
time=13.8494 0/2 processing 46 48
time=14.3823 0/2 processing 48 50
time=14.9464 0/2 processing 50 52
time=15.5982 0/2 processing 52 54
time=16.0568 0/2 processing 54 56
time=16.4587 0/2 processing 56 58
time=16.9973 0/2 processing 58 60
time=17.3182 0/2 processing 60 62
time=17.7704 0/2 processing 62 64
time=18.1339 0/2 processing 64 66
time=19.0456 0/2 processing 66 68
time=19.6732 0/2 processing 68 70
time=20.0736 0/2 processing 70 72
time=20.4535 0/2 processing 72 74
time=21.2769 0/2 processing 74 76
time=21.7938 0/2 processing 76 78
time=22.2786 0/2 processing 78 80
time=22.726 0/2 processing 80 82
time=23.5256 0/2 processing 82 84
time=24.4109 0/2 processing 84 86
time=24.9663 0/2 processing 86 88
time=25.4658 0/2 processing 88 90
time=25.9569 0/2 processing 90 92
time=26.3424 0/2 processing 92 94
time=27.2107 0/2 processing 94 96
time=27.9984 0/2 processing 96 98
time=28.878 0/2 processing 98 100
time=29.5705 0/2 processing 100 102
time=30.011 0/2 processing 102 104
time=30.4498 0/2 processing 104 106
time=31.0606 0/2 processing 106 108
time=31.4648 0/2 processing 108 110
time=31.9055 0/2 processing 110 112
time=32.2577 0/2 processing 112 114
time=32.5179 0/2 processing 114 116
time=32.7781 0/2 processing 116 118
time=33.1299 0/2 processing 118 120
time=33.614 0/2 processing 120 122
time=33.9956 0/2 processing 122 124
time=34.63 0/2 processing 124 126
time=35.2299 0/2 processing 126 128
time=35.7261 0/2 processing 128 130
global_cr=46.8483
wallclock_ms=36050
compress_ms=6138
compress_bandwidth_GBps=0.194594
wallclock_bandwidth_GBps=0.0331323
