time=0.887763 0/2 /pressio/roibin/background/pressio/qoz:metrics:copy_compressor_results <int32> = 1
/pressio/roibin/background/pressio/qoz:metrics:errors_fatal <int32> = 1
/pressio/roibin/background/pressio/qoz:pressio:abs <double> = 90
/pressio/roibin/background/pressio/qoz:pressio:metric <char*> = "noop"
/pressio/roibin/background/pressio/qoz:pressio:rel <double> = <empty>
/pressio/roibin/background/pressio/qoz:qoz:abs_error_bound <double> = 90
/pressio/roibin/background/pressio/qoz:qoz:algorithm <uint8> = 1
/pressio/roibin/background/pressio/qoz:qoz:algorithm_str <char*> = <empty>
/pressio/roibin/background/pressio/qoz:qoz:encoder <uint8> = 1
/pressio/roibin/background/pressio/qoz:qoz:error_bound_mode <uint8> = 0
/pressio/roibin/background/pressio/qoz:qoz:error_bound_mode_str <char*> = <empty>
/pressio/roibin/background/pressio/qoz:qoz:interp_algo <uint8> = 1
/pressio/roibin/background/pressio/qoz:qoz:interp_block_size <int32> = 32
/pressio/roibin/background/pressio/qoz:qoz:interp_direction <uint8> = 0
/pressio/roibin/background/pressio/qoz:qoz:intrep_algo_str <char*> = <empty>
/pressio/roibin/background/pressio/qoz:qoz:l2_norm_error_bound <double> = 0
/pressio/roibin/background/pressio/qoz:qoz:lorenzo <bool> = true
/pressio/roibin/background/pressio/qoz:qoz:lorenzo2 <bool> = false
/pressio/roibin/background/pressio/qoz:qoz:lossless <uint8> = 1
/pressio/roibin/background/pressio/qoz:qoz:maxstep <uint64> = 8
/pressio/roibin/background/pressio/qoz:qoz:metric <char*> = "noop"
/pressio/roibin/background/pressio/qoz:qoz:openmp <bool> = false
/pressio/roibin/background/pressio/qoz:qoz:pred_dim <int32> = 0
/pressio/roibin/background/pressio/qoz:qoz:psnr_error_bound <double> = 0
/pressio/roibin/background/pressio/qoz:qoz:quant_bin_size <int32> = 65536
/pressio/roibin/background/pressio/qoz:qoz:regression <bool> = true
/pressio/roibin/background/pressio/qoz:qoz:regression2 <bool> = false
/pressio/roibin/background/pressio/qoz:qoz:rel_error_bound <double> = -1
/pressio/roibin/background/pressio/qoz:qoz:stride <int32> = 6
/pressio/roibin/background/pressio/qoz:qoz:test_lorenzo <int32> = 0
/pressio/roibin/background/pressio/qoz:qoz:turning_target <uint8> = 0
/pressio/roibin/background/pressio/qoz:qoz:turning_target_str <char*> = <empty>
/pressio/roibin/background/pressio/qoz:qoz:use_qoz <bool> = true
/pressio/roibin/background/pressio:metrics:copy_compressor_results <int32> = 1
/pressio/roibin/background/pressio:metrics:errors_fatal <int32> = 1
/pressio/roibin/background/pressio:pressio:abs <double> = 90
/pressio/roibin/background/pressio:pressio:bound_name <char*> = <empty>
/pressio/roibin/background/pressio:pressio:compressor <char*> = "qoz"
/pressio/roibin/background/pressio:pressio:metric <char*> = "noop"
/pressio/roibin/background/pressio:pressio:rel <double> = <empty>
/pressio/roibin/background/pressio:pressio:reset_mode <bool> = <empty>
/pressio/roibin/background:binning:compressor <char*> = "pressio"
/pressio/roibin/background:binning:metric <char*> = "noop"
/pressio/roibin/background:binning:nthreads <uint32> = 1
/pressio/roibin/background:binning:shape <data> = data{ type=double dims={3, } has_data=[2, 2, 1, ]}
/pressio/roibin/background:metrics:copy_compressor_results <int32> = 1
/pressio/roibin/background:metrics:errors_fatal <int32> = 1
/pressio/roibin/background:pressio:metric <char*> = "noop"
/pressio/roibin/background:pressio:nthreads <uint32> = 1
/pressio/roibin/roi:fpzip:has_header <int32> = 0
/pressio/roibin/roi:fpzip:metric <char*> = "noop"
/pressio/roibin/roi:fpzip:prec <int32> = 0
/pressio/roibin/roi:metrics:copy_compressor_results <int32> = 1
/pressio/roibin/roi:metrics:errors_fatal <int32> = 1
/pressio/roibin/roi:pressio:metric <char*> = "noop"
/pressio/roibin:metrics:copy_compressor_results <int32> = 1
/pressio/roibin:metrics:errors_fatal <int32> = 1
/pressio/roibin:pressio:metric <char*> = "noop"
/pressio/roibin:pressio:nthreads <uint32> = 2
/pressio/roibin:roibin:background <char*> = "binning"
/pressio/roibin:roibin:centers <data> = data{ type=uint64_t dims={} has_data=false}
/pressio/roibin:roibin:metric <char*> = "noop"
/pressio/roibin:roibin:nthreads <uint32> = 2
/pressio/roibin:roibin:roi <char*> = "fpzip"
/pressio/roibin:roibin:roi_size <data> = data{ type=double dims={3, } has_data=[8, 8, 0, ]}
/pressio/roibin:roibin:roi_strategy <char*> = "coordinates"
/pressio:metrics:copy_compressor_results <int32> = 1
/pressio:metrics:errors_fatal <int32> = 1
/pressio:pressio:bound_name <char*> = <empty>
/pressio:pressio:compressor <char*> = "roibin"
/pressio:pressio:metric <char*> = "noop"
/pressio:pressio:reset_mode <bool> = <empty>

time=0.887835 0/2 global data_dims{130, 1480, 1552}
time=0.887839 0/2 global peakx_dims{130, 2048}
time=0.887842 0/2 global peaky_dims{130, 2048}
time=0.887845 0/2 global npeaks{130}
time=0.88785 0/2 processing 0 2
time=3.52771 0/2 processing 2 4
time=5.945 0/2 processing 4 6
time=8.2744 0/2 processing 6 8
time=10.9358 0/2 processing 8 10
time=13.7088 0/2 processing 10 12
time=15.9596 0/2 processing 12 14
time=18.3199 0/2 processing 14 16
time=19.693 0/2 processing 16 18
time=21.3755 0/2 processing 18 20
time=24.3114 0/2 processing 20 22
time=26.8554 0/2 processing 22 24
time=29.8185 0/2 processing 24 26
time=32.7445 0/2 processing 26 28
time=35.2382 0/2 processing 28 30
time=37.1908 0/2 processing 30 32
time=39.9242 0/2 processing 32 34
time=42.6372 0/2 processing 34 36
time=45.0018 0/2 processing 36 38
time=47.3949 0/2 processing 38 40
time=50.5897 0/2 processing 40 42
time=52.8223 0/2 processing 42 44
time=55.4086 0/2 processing 44 46
time=57.6352 0/2 processing 46 48
time=60.0373 0/2 processing 48 50
time=62.7474 0/2 processing 50 52
time=65.1261 0/2 processing 52 54
time=67.414 0/2 processing 54 56
time=70.1805 0/2 processing 56 58
time=72.5426 0/2 processing 58 60
time=75.0223 0/2 processing 60 62
time=77.5699 0/2 processing 62 64
time=80.2215 0/2 processing 64 66
time=82.777 0/2 processing 66 68
time=85.4677 0/2 processing 68 70
time=88.4512 0/2 processing 70 72
time=91.0087 0/2 processing 72 74
time=92.9995 0/2 processing 74 76
time=95.94 0/2 processing 76 78
time=97.9905 0/2 processing 78 80
time=100.38 0/2 processing 80 82
time=103.075 0/2 processing 82 84
time=106.382 0/2 processing 84 86
time=108.845 0/2 processing 86 88
time=110.903 0/2 processing 88 90
time=113.313 0/2 processing 90 92
time=115.547 0/2 processing 92 94
time=117.941 0/2 processing 94 96
time=120.241 0/2 processing 96 98
time=122.705 0/2 processing 98 100
time=126.001 0/2 processing 100 102
time=128.536 0/2 processing 102 104
time=131.124 0/2 processing 104 106
time=133.707 0/2 processing 106 108
time=136.507 0/2 processing 108 110
time=138.901 0/2 processing 110 112
time=141.099 0/2 processing 112 114
time=143.628 0/2 processing 114 116
time=146.18 0/2 processing 116 118
time=149.104 0/2 processing 118 120
time=151.872 0/2 processing 120 122
time=153.973 0/2 processing 122 124
time=156.365 0/2 processing 124 126
time=159.436 0/2 processing 126 128
time=161.639 0/2 processing 128 130
global_cr=46.8483
wallclock_ms=163021
compress_ms=24423
compress_bandwidth_GBps=0.0489055
wallclock_bandwidth_GBps=0.00732678
