“RANK= 4 LOCAL_RANK= 0 gpu= 3”
“RANK= 5 LOCAL_RANK= 1 gpu= 2”
“RANK= 7 LOCAL_RANK= 3 gpu= 0”
“RANK= 6 LOCAL_RANK= 2 gpu= 1”
+ '[' -z '' ']'
+ case "$-" in
Shell debugging temporarily silenced: export LMOD_SH_DBG_ON=1 for this output (/usr/share/lmod/lmod/init/bash)
+ __lmod_vx=x
+ '[' -n x ']'
+ set +x
Shell debugging restarted
+ unset __lmod_vx
+ speed3d_r2c cufft double-long 1024 1024 1024 -a2a -p2p_pl -slabs -r2c_dir 0 -ingrid 4 2 1 -outgrid 8 1 1 -no-gpu-aware -n5
+ '[' -z '' ']'
+ case "$-" in
+ __lmod_vx=x
+ '[' -n x ']'
+ set +x
Shell debugging temporarily silenced: export LMOD_SH_DBG_ON=1 for this output (/usr/share/lmod/lmod/init/bash)
+ '[' -z '' ']'
+ case "$-" in
+ __lmod_vx=x
+ '[' -n x ']'
+ set +x
Shell debugging temporarily silenced: export LMOD_SH_DBG_ON=1 for this output (/usr/share/lmod/lmod/init/bash)
+ '[' -z '' ']'
+ case "$-" in
+ __lmod_vx=x
+ '[' -n x ']'
+ set +x
Shell debugging temporarily silenced: export LMOD_SH_DBG_ON=1 for this output (/usr/share/lmod/lmod/init/bash)
Shell debugging restarted
+ unset __lmod_vx
Shell debugging restarted
+ unset __lmod_vx
+ speed3d_r2c cufft double-long 1024 1024 1024 -a2a -p2p_pl -slabs -r2c_dir 0 -ingrid 4 2 1 -outgrid 8 1 1 -no-gpu-aware -n5
+ speed3d_r2c cufft double-long 1024 1024 1024 -a2a -p2p_pl -slabs -r2c_dir 0 -ingrid 4 2 1 -outgrid 8 1 1 -no-gpu-aware -n5
Shell debugging restarted
+ unset __lmod_vx
+ speed3d_r2c cufft double-long 1024 1024 1024 -a2a -p2p_pl -slabs -r2c_dir 0 -ingrid 4 2 1 -outgrid 8 1 1 -no-gpu-aware -n5
“RANK= 2 LOCAL_RANK= 2 gpu= 1”
“RANK= 0 LOCAL_RANK= 0 gpu= 3”
“RANK= 3 LOCAL_RANK= 3 gpu= 0”
“RANK= 1 LOCAL_RANK= 1 gpu= 2”
+ '[' -z '' ']'
+ case "$-" in
Shell debugging temporarily silenced: export LMOD_SH_DBG_ON=1 for this output (/usr/share/lmod/lmod/init/bash)
+ __lmod_vx=x
+ '[' -n x ']'
+ set +x
+ '[' -z '' ']'
+ case "$-" in
Shell debugging temporarily silenced: export LMOD_SH_DBG_ON=1 for this output (/usr/share/lmod/lmod/init/bash)
+ __lmod_vx=x
+ '[' -n x ']'
+ set +x
Shell debugging restarted
+ unset __lmod_vx
+ '[' -z '' ']'
+ case "$-" in
+ __lmod_vx=x
+ '[' -n x ']'
+ set +x
Shell debugging temporarily silenced: export LMOD_SH_DBG_ON=1 for this output (/usr/share/lmod/lmod/init/bash)
+ '[' -z '' ']'
+ case "$-" in
+ __lmod_vx=x
+ '[' -n x ']'
+ set +x
Shell debugging temporarily silenced: export LMOD_SH_DBG_ON=1 for this output (/usr/share/lmod/lmod/init/bash)
Shell debugging restarted
+ unset __lmod_vx
Shell debugging restarted
+ unset __lmod_vx
+ speed3d_r2c cufft double-long 1024 1024 1024 -a2a -p2p_pl -slabs -r2c_dir 0 -ingrid 4 2 1 -outgrid 8 1 1 -no-gpu-aware -n5
+ speed3d_r2c cufft double-long 1024 1024 1024 -a2a -p2p_pl -slabs -r2c_dir 0 -ingrid 4 2 1 -outgrid 8 1 1 -no-gpu-aware -n5
Shell debugging restarted
+ unset __lmod_vx
+ speed3d_r2c cufft double-long 1024 1024 1024 -a2a -p2p_pl -slabs -r2c_dir 0 -ingrid 4 2 1 -outgrid 8 1 1 -no-gpu-aware -n5
+ speed3d_r2c cufft double-long 1024 1024 1024 -a2a -p2p_pl -slabs -r2c_dir 0 -ingrid 4 2 1 -outgrid 8 1 1 -no-gpu-aware -n5

----------------------------------------------------------------------------- 
heFFTe performance test
----------------------------------------------------------------------------- 
Backend:   cufft
Size:      1024x1024x1024
MPI ranks:    8
Grids: (4, 2, 1)  (1, 2, 4)  (8, 1, 1)  -  -  
Time per run: 0.540542 (s)
Performance:  297.963 GFlops/s
Memory usage: 8224MB/rank
Tolerance:    1e-11
Max error:    6.34909e-15

